<?xml version="1.0" encoding="UTF-8"?>
<testsuite xmlns:xsi="http://www.w3.org/2001/XMLSchema-instance" xsi:noNamespaceSchemaLocation="https://maven.apache.org/surefire/maven-surefire-plugin/xsd/surefire-test-report-3.0.xsd" version="3.0" name="com.samourai.wallet.cahoots.Stonewallx2ServiceTest" time="5.699" tests="8" errors="0" skipped="0" failures="0">
  <properties>
    <property name="java.specification.version" value="20"/>
    <property name="sun.jnu.encoding" value="UTF-8"/>
    <property name="java.class.path" value="/Users/zacwatson/Work/Samourai/Wallet/ExtLibJ/target/test-classes:/Users/zacwatson/Work/Samourai/Wallet/ExtLibJ/target/classes:/Users/zacwatson/.m2/repository/org/apache/commons/commons-lang3/3.7/commons-lang3-3.7.jar:/Users/zacwatson/.m2/repository/commons-codec/commons-codec/1.10/commons-codec-1.10.jar:/Users/zacwatson/.m2/repository/org/json/json/20240205/json-20240205.jar:/Users/zacwatson/.m2/repository/io/samourai/code/whirlpool/bitcoinj/bitcoinj-core/007/bitcoinj-core-007.jar:/Users/zacwatson/.m2/repository/org/bouncycastle/bcprov-jdk18on/1.77/bcprov-jdk18on-1.77.jar:/Users/zacwatson/.m2/repository/com/google/protobuf/protobuf-java/3.11.4/protobuf-java-3.11.4.jar:/Users/zacwatson/.m2/repository/com/google/guava/guava/32.1.3-jre/guava-32.1.3-jre.jar:/Users/zacwatson/.m2/repository/com/google/guava/failureaccess/1.0.1/failureaccess-1.0.1.jar:/Users/zacwatson/.m2/repository/com/google/guava/listenablefuture/9999.0-empty-to-avoid-conflict-with-guava/listenablefuture-9999.0-empty-to-avoid-conflict-with-guava.jar:/Users/zacwatson/.m2/repository/com/google/code/findbugs/jsr305/3.0.2/jsr305-3.0.2.jar:/Users/zacwatson/.m2/repository/org/checkerframework/checker-qual/3.37.0/checker-qual-3.37.0.jar:/Users/zacwatson/.m2/repository/com/google/errorprone/error_prone_annotations/2.21.1/error_prone_annotations-2.21.1.jar:/Users/zacwatson/.m2/repository/com/google/j2objc/j2objc-annotations/2.8/j2objc-annotations-2.8.jar:/Users/zacwatson/.m2/repository/net/jcip/jcip-annotations/1.0/jcip-annotations-1.0.jar:/Users/zacwatson/.m2/repository/com/lambdaworks/scrypt/1.4.0/scrypt-1.4.0.jar:/Users/zacwatson/.m2/repository/org/slf4j/slf4j-api/1.7.32/slf4j-api-1.7.32.jar:/Users/zacwatson/.m2/repository/io/samourai/code/wallet/xmanager-protocol/1.0.11/xmanager-protocol-1.0.11.jar:/Users/zacwatson/.m2/repository/javax/validation/validation-api/2.0.1.Final/validation-api-2.0.1.Final.jar:/Users/zacwatson/.m2/repository/com/auth0/java-jwt/3.18.2/java-jwt-3.18.2.jar:/Users/zacwatson/.m2/repository/com/fasterxml/jackson/core/jackson-databind/2.13.0/jackson-databind-2.13.0.jar:/Users/zacwatson/.m2/repository/com/fasterxml/jackson/core/jackson-annotations/2.13.0/jackson-annotations-2.13.0.jar:/Users/zacwatson/.m2/repository/com/fasterxml/jackson/core/jackson-core/2.13.0/jackson-core-2.13.0.jar:/Users/zacwatson/.m2/repository/com/fasterxml/jackson/datatype/jackson-datatype-jsr310/2.13.0/jackson-datatype-jsr310-2.13.0.jar:/Users/zacwatson/.m2/repository/io/reactivex/rxjava2/rxjava/2.2.15/rxjava-2.2.15.jar:/Users/zacwatson/.m2/repository/org/reactivestreams/reactive-streams/1.0.3/reactive-streams-1.0.3.jar:/Users/zacwatson/.m2/repository/org/junit/jupiter/junit-jupiter/5.8.2/junit-jupiter-5.8.2.jar:/Users/zacwatson/.m2/repository/org/junit/jupiter/junit-jupiter-api/5.8.2/junit-jupiter-api-5.8.2.jar:/Users/zacwatson/.m2/repository/org/opentest4j/opentest4j/1.2.0/opentest4j-1.2.0.jar:/Users/zacwatson/.m2/repository/org/junit/platform/junit-platform-commons/1.8.2/junit-platform-commons-1.8.2.jar:/Users/zacwatson/.m2/repository/org/apiguardian/apiguardian-api/1.1.2/apiguardian-api-1.1.2.jar:/Users/zacwatson/.m2/repository/org/junit/jupiter/junit-jupiter-params/5.8.2/junit-jupiter-params-5.8.2.jar:/Users/zacwatson/.m2/repository/org/junit/jupiter/junit-jupiter-engine/5.8.2/junit-jupiter-engine-5.8.2.jar:/Users/zacwatson/.m2/repository/org/junit/platform/junit-platform-engine/1.8.2/junit-platform-engine-1.8.2.jar:/Users/zacwatson/.m2/repository/ch/qos/logback/logback-classic/1.2.13/logback-classic-1.2.13.jar:/Users/zacwatson/.m2/repository/ch/qos/logback/logback-core/1.2.13/logback-core-1.2.13.jar:/Users/zacwatson/.m2/repository/org/jetbrains/kotlin/kotlin-stdlib-jdk8/1.3.41/kotlin-stdlib-jdk8-1.3.41.jar:/Users/zacwatson/.m2/repository/org/jetbrains/kotlin/kotlin-stdlib/1.3.41/kotlin-stdlib-1.3.41.jar:/Users/zacwatson/.m2/repository/org/jetbrains/kotlin/kotlin-stdlib-common/1.3.41/kotlin-stdlib-common-1.3.41.jar:/Users/zacwatson/.m2/repository/org/jetbrains/annotations/13.0/annotations-13.0.jar:/Users/zacwatson/.m2/repository/org/jetbrains/kotlin/kotlin-stdlib-jdk7/1.3.41/kotlin-stdlib-jdk7-1.3.41.jar:/Users/zacwatson/.m2/repository/org/jetbrains/kotlin/kotlin-test/1.3.41/kotlin-test-1.3.41.jar:/Users/zacwatson/.m2/repository/org/jetbrains/kotlin/kotlin-test-common/1.3.41/kotlin-test-common-1.3.41.jar:/Users/zacwatson/.m2/repository/io/samourai/code/wallet/java-http-client/2.0.0/java-http-client-2.0.0.jar:/Users/zacwatson/.m2/repository/org/eclipse/jetty/jetty-client/9.4.54.v20240208/jetty-client-9.4.54.v20240208.jar:/Users/zacwatson/.m2/repository/org/eclipse/jetty/jetty-http/9.4.54.v20240208/jetty-http-9.4.54.v20240208.jar:/Users/zacwatson/.m2/repository/org/eclipse/jetty/jetty-util/9.4.54.v20240208/jetty-util-9.4.54.v20240208.jar:/Users/zacwatson/.m2/repository/org/eclipse/jetty/jetty-io/9.4.54.v20240208/jetty-io-9.4.54.v20240208.jar:"/>
    <property name="java.vm.vendor" value="Homebrew"/>
    <property name="sun.arch.data.model" value="64"/>
    <property name="java.vendor.url" value="https://github.com/Homebrew/homebrew-core/issues"/>
    <property name="user.timezone" value="America/Chicago"/>
    <property name="os.name" value="Mac OS X"/>
    <property name="java.vm.specification.version" value="20"/>
    <property name="sun.java.launcher" value="SUN_STANDARD"/>
    <property name="user.country" value="US"/>
    <property name="sun.boot.library.path" value="/usr/local/Cellar/openjdk/20.0.2/libexec/openjdk.jdk/Contents/Home/lib"/>
    <property name="sun.java.command" value="/Users/zacwatson/Work/Samourai/Wallet/ExtLibJ/target/surefire/surefirebooter-20240328120857862_3.jar /Users/zacwatson/Work/Samourai/Wallet/ExtLibJ/target/surefire 2024-03-28T12-08-57_476-jvmRun1 surefire-20240328120857862_1tmp surefire_0-20240328120857862_2tmp"/>
    <property name="http.nonProxyHosts" value="local|*.local|169.254/16|*.169.254/16"/>
    <property name="jdk.debug" value="release"/>
    <property name="surefire.test.class.path" value="/Users/zacwatson/Work/Samourai/Wallet/ExtLibJ/target/test-classes:/Users/zacwatson/Work/Samourai/Wallet/ExtLibJ/target/classes:/Users/zacwatson/.m2/repository/org/apache/commons/commons-lang3/3.7/commons-lang3-3.7.jar:/Users/zacwatson/.m2/repository/commons-codec/commons-codec/1.10/commons-codec-1.10.jar:/Users/zacwatson/.m2/repository/org/json/json/20240205/json-20240205.jar:/Users/zacwatson/.m2/repository/io/samourai/code/whirlpool/bitcoinj/bitcoinj-core/007/bitcoinj-core-007.jar:/Users/zacwatson/.m2/repository/org/bouncycastle/bcprov-jdk18on/1.77/bcprov-jdk18on-1.77.jar:/Users/zacwatson/.m2/repository/com/google/protobuf/protobuf-java/3.11.4/protobuf-java-3.11.4.jar:/Users/zacwatson/.m2/repository/com/google/guava/guava/32.1.3-jre/guava-32.1.3-jre.jar:/Users/zacwatson/.m2/repository/com/google/guava/failureaccess/1.0.1/failureaccess-1.0.1.jar:/Users/zacwatson/.m2/repository/com/google/guava/listenablefuture/9999.0-empty-to-avoid-conflict-with-guava/listenablefuture-9999.0-empty-to-avoid-conflict-with-guava.jar:/Users/zacwatson/.m2/repository/com/google/code/findbugs/jsr305/3.0.2/jsr305-3.0.2.jar:/Users/zacwatson/.m2/repository/org/checkerframework/checker-qual/3.37.0/checker-qual-3.37.0.jar:/Users/zacwatson/.m2/repository/com/google/errorprone/error_prone_annotations/2.21.1/error_prone_annotations-2.21.1.jar:/Users/zacwatson/.m2/repository/com/google/j2objc/j2objc-annotations/2.8/j2objc-annotations-2.8.jar:/Users/zacwatson/.m2/repository/net/jcip/jcip-annotations/1.0/jcip-annotations-1.0.jar:/Users/zacwatson/.m2/repository/com/lambdaworks/scrypt/1.4.0/scrypt-1.4.0.jar:/Users/zacwatson/.m2/repository/org/slf4j/slf4j-api/1.7.32/slf4j-api-1.7.32.jar:/Users/zacwatson/.m2/repository/io/samourai/code/wallet/xmanager-protocol/1.0.11/xmanager-protocol-1.0.11.jar:/Users/zacwatson/.m2/repository/javax/validation/validation-api/2.0.1.Final/validation-api-2.0.1.Final.jar:/Users/zacwatson/.m2/repository/com/auth0/java-jwt/3.18.2/java-jwt-3.18.2.jar:/Users/zacwatson/.m2/repository/com/fasterxml/jackson/core/jackson-databind/2.13.0/jackson-databind-2.13.0.jar:/Users/zacwatson/.m2/repository/com/fasterxml/jackson/core/jackson-annotations/2.13.0/jackson-annotations-2.13.0.jar:/Users/zacwatson/.m2/repository/com/fasterxml/jackson/core/jackson-core/2.13.0/jackson-core-2.13.0.jar:/Users/zacwatson/.m2/repository/com/fasterxml/jackson/datatype/jackson-datatype-jsr310/2.13.0/jackson-datatype-jsr310-2.13.0.jar:/Users/zacwatson/.m2/repository/io/reactivex/rxjava2/rxjava/2.2.15/rxjava-2.2.15.jar:/Users/zacwatson/.m2/repository/org/reactivestreams/reactive-streams/1.0.3/reactive-streams-1.0.3.jar:/Users/zacwatson/.m2/repository/org/junit/jupiter/junit-jupiter/5.8.2/junit-jupiter-5.8.2.jar:/Users/zacwatson/.m2/repository/org/junit/jupiter/junit-jupiter-api/5.8.2/junit-jupiter-api-5.8.2.jar:/Users/zacwatson/.m2/repository/org/opentest4j/opentest4j/1.2.0/opentest4j-1.2.0.jar:/Users/zacwatson/.m2/repository/org/junit/platform/junit-platform-commons/1.8.2/junit-platform-commons-1.8.2.jar:/Users/zacwatson/.m2/repository/org/apiguardian/apiguardian-api/1.1.2/apiguardian-api-1.1.2.jar:/Users/zacwatson/.m2/repository/org/junit/jupiter/junit-jupiter-params/5.8.2/junit-jupiter-params-5.8.2.jar:/Users/zacwatson/.m2/repository/org/junit/jupiter/junit-jupiter-engine/5.8.2/junit-jupiter-engine-5.8.2.jar:/Users/zacwatson/.m2/repository/org/junit/platform/junit-platform-engine/1.8.2/junit-platform-engine-1.8.2.jar:/Users/zacwatson/.m2/repository/ch/qos/logback/logback-classic/1.2.13/logback-classic-1.2.13.jar:/Users/zacwatson/.m2/repository/ch/qos/logback/logback-core/1.2.13/logback-core-1.2.13.jar:/Users/zacwatson/.m2/repository/org/jetbrains/kotlin/kotlin-stdlib-jdk8/1.3.41/kotlin-stdlib-jdk8-1.3.41.jar:/Users/zacwatson/.m2/repository/org/jetbrains/kotlin/kotlin-stdlib/1.3.41/kotlin-stdlib-1.3.41.jar:/Users/zacwatson/.m2/repository/org/jetbrains/kotlin/kotlin-stdlib-common/1.3.41/kotlin-stdlib-common-1.3.41.jar:/Users/zacwatson/.m2/repository/org/jetbrains/annotations/13.0/annotations-13.0.jar:/Users/zacwatson/.m2/repository/org/jetbrains/kotlin/kotlin-stdlib-jdk7/1.3.41/kotlin-stdlib-jdk7-1.3.41.jar:/Users/zacwatson/.m2/repository/org/jetbrains/kotlin/kotlin-test/1.3.41/kotlin-test-1.3.41.jar:/Users/zacwatson/.m2/repository/org/jetbrains/kotlin/kotlin-test-common/1.3.41/kotlin-test-common-1.3.41.jar:/Users/zacwatson/.m2/repository/io/samourai/code/wallet/java-http-client/2.0.0/java-http-client-2.0.0.jar:/Users/zacwatson/.m2/repository/org/eclipse/jetty/jetty-client/9.4.54.v20240208/jetty-client-9.4.54.v20240208.jar:/Users/zacwatson/.m2/repository/org/eclipse/jetty/jetty-http/9.4.54.v20240208/jetty-http-9.4.54.v20240208.jar:/Users/zacwatson/.m2/repository/org/eclipse/jetty/jetty-util/9.4.54.v20240208/jetty-util-9.4.54.v20240208.jar:/Users/zacwatson/.m2/repository/org/eclipse/jetty/jetty-io/9.4.54.v20240208/jetty-io-9.4.54.v20240208.jar:"/>
    <property name="sun.cpu.endian" value="little"/>
    <property name="user.home" value="/Users/zacwatson"/>
    <property name="user.language" value="en"/>
    <property name="java.specification.vendor" value="Oracle Corporation"/>
    <property name="java.version.date" value="2023-07-18"/>
    <property name="java.home" value="/usr/local/Cellar/openjdk/20.0.2/libexec/openjdk.jdk/Contents/Home"/>
    <property name="file.separator" value="/"/>
    <property name="basedir" value="/Users/zacwatson/Work/Samourai/Wallet/ExtLibJ"/>
    <property name="java.vm.compressedOopsMode" value="Zero based"/>
    <property name="line.separator" value="&#10;"/>
    <property name="java.vm.specification.vendor" value="Oracle Corporation"/>
    <property name="java.specification.name" value="Java Platform API Specification"/>
    <property name="apple.awt.application.name" value="ForkedBooter"/>
    <property name="surefire.real.class.path" value="/Users/zacwatson/Work/Samourai/Wallet/ExtLibJ/target/surefire/surefirebooter-20240328120857862_3.jar"/>
    <property name="sun.management.compiler" value="HotSpot 64-Bit Tiered Compilers"/>
    <property name="ftp.nonProxyHosts" value="local|*.local|169.254/16|*.169.254/16"/>
    <property name="java.runtime.version" value="20.0.2"/>
    <property name="user.name" value="zacwatson"/>
    <property name="stdout.encoding" value="UTF-8"/>
    <property name="path.separator" value=":"/>
    <property name="os.version" value="14.2.1"/>
    <property name="java.runtime.name" value="OpenJDK Runtime Environment"/>
    <property name="file.encoding" value="UTF-8"/>
    <property name="java.vm.name" value="OpenJDK 64-Bit Server VM"/>
    <property name="java.vendor.version" value="Homebrew"/>
    <property name="localRepository" value="/Users/zacwatson/.m2/repository"/>
    <property name="java.vendor.url.bug" value="https://github.com/Homebrew/homebrew-core/issues"/>
    <property name="jetty.git.hash" value="cef3fbd6d736a21e7d541a5db490381d95a2047d"/>
    <property name="java.io.tmpdir" value="/var/folders/hn/y1thvm4x5x964bvll4wj4_2m0000gn/T/"/>
    <property name="java.version" value="20.0.2"/>
    <property name="user.dir" value="/Users/zacwatson/Work/Samourai/Wallet/ExtLibJ"/>
    <property name="os.arch" value="x86_64"/>
    <property name="java.vm.specification.name" value="Java Virtual Machine Specification"/>
    <property name="native.encoding" value="UTF-8"/>
    <property name="java.library.path" value="/Users/zacwatson/Library/Java/Extensions:/Library/Java/Extensions:/Network/Library/Java/Extensions:/System/Library/Java/Extensions:/usr/lib/java:."/>
    <property name="java.vm.info" value="mixed mode, sharing"/>
    <property name="stderr.encoding" value="UTF-8"/>
    <property name="java.vendor" value="Homebrew"/>
    <property name="java.vm.version" value="20.0.2"/>
    <property name="sun.io.unicode.encoding" value="UnicodeBig"/>
    <property name="socksNonProxyHosts" value="local|*.local|169.254/16|*.169.254/16"/>
    <property name="java.class.version" value="64.0"/>
  </properties>
  <testcase name="STONEWALLx2_BIP84_POSTMIX" classname="com.samourai.wallet.cahoots.Stonewallx2ServiceTest" time="0.353">
    <system-out><![CDATA[12:09:57.079 [main] DEBUG com.samourai.http.client.JettyHttpClient - +httpClient: no proxy
12:09:57.243 [main] DEBUG com.samourai.wallet.bipWallet.WalletSupplierImpl - +BipWallet[DEPOSIT_BIP44]: BipWallet{id='DEPOSIT_BIP44', samouraiAccount=DEPOSIT, derivation=BipDerivation{purpose=44, accountIndex=0}, bipFormatDefault=LEGACY, bipFormats=[LEGACY], xPub='tpu...LwY', bipPub='tpu...LwY'}
12:09:57.243 [main] DEBUG com.samourai.wallet.bipWallet.WalletSupplierImpl - +BipWallet[DEPOSIT_BIP49]: BipWallet{id='DEPOSIT_BIP49', samouraiAccount=DEPOSIT, derivation=BipDerivation{purpose=49, accountIndex=0}, bipFormatDefault=SEGWIT_COMPAT, bipFormats=[SEGWIT_COMPAT], xPub='tpu...eV2', bipPub='upu...38D'}
12:09:57.243 [main] DEBUG com.samourai.wallet.bipWallet.WalletSupplierImpl - +BipWallet[DEPOSIT_BIP84]: BipWallet{id='DEPOSIT_BIP84', samouraiAccount=DEPOSIT, derivation=BipDerivation{purpose=84, accountIndex=0}, bipFormatDefault=SEGWIT_NATIVE, bipFormats=[SEGWIT_NATIVE], xPub='tpu...re9', bipPub='vpu...dCu'}
12:09:57.243 [main] DEBUG com.samourai.wallet.bipWallet.WalletSupplierImpl - +BipWallet[PREMIX_BIP84]: BipWallet{id='PREMIX_BIP84', samouraiAccount=PREMIX, derivation=BipDerivation{purpose=84, accountIndex=2147483645}, bipFormatDefault=SEGWIT_NATIVE, bipFormats=[SEGWIT_NATIVE], xPub='tpu...hvr', bipPub='vpu...4mL'}
12:09:57.243 [main] DEBUG com.samourai.wallet.bipWallet.WalletSupplierImpl - +BipWallet[POSTMIX_BIP84]: BipWallet{id='POSTMIX_BIP84', samouraiAccount=POSTMIX, derivation=BipDerivation{purpose=84, accountIndex=2147483646}, bipFormatDefault=SEGWIT_NATIVE, bipFormats=[SEGWIT_NATIVE, SEGWIT_COMPAT, LEGACY], xPub='tpu...sQD', bipPub='vpu...nrW'}
12:09:57.243 [main] DEBUG com.samourai.wallet.bipWallet.WalletSupplierImpl - +BipWallet[ASB_BIP84]: BipWallet{id='ASB_BIP84', samouraiAccount=SWAPS_ASB, derivation=BipDerivation{purpose=84, accountIndex=2147483641}, bipFormatDefault=SEGWIT_NATIVE, bipFormats=[SEGWIT_NATIVE], xPub='tpu...p4i', bipPub='vpu...sEH'}
12:09:57.243 [main] DEBUG com.samourai.wallet.bipWallet.WalletSupplierImpl - +BipWallet[SWAPS_DEPOSIT]: BipWallet{id='SWAPS_DEPOSIT', samouraiAccount=SWAPS_DEPOSIT, derivation=BipDerivation{purpose=84, accountIndex=2147483643}, bipFormatDefault=SEGWIT_NATIVE, bipFormats=[SEGWIT_NATIVE], xPub='tpu...3s7', bipPub='vpu...HpJ'}
12:09:57.243 [main] DEBUG com.samourai.wallet.bipWallet.WalletSupplierImpl - +BipWallet[SWAPS_REFUNDS]: BipWallet{id='SWAPS_REFUNDS', samouraiAccount=SWAPS_REFUNDS, derivation=BipDerivation{purpose=84, accountIndex=2147483642}, bipFormatDefault=SEGWIT_NATIVE, bipFormats=[SEGWIT_NATIVE], xPub='tpu...rMX', bipPub='vpu...Sr9'}
12:09:57.243 [main] DEBUG com.samourai.wallet.bipWallet.WalletSupplierImpl - +BipWallet[BADBANK_BIP84]: BipWallet{id='BADBANK_BIP84', samouraiAccount=BADBANK, derivation=BipDerivation{purpose=84, accountIndex=2147483644}, bipFormatDefault=SEGWIT_NATIVE, bipFormats=[SEGWIT_NATIVE], xPub='tpu...hmu', bipPub='vpu...tNY'}
12:09:57.243 [main] DEBUG com.samourai.wallet.bipWallet.WalletSupplierImpl - +BipWallet[RICOCHET_BIP84]: BipWallet{id='RICOCHET_BIP84', samouraiAccount=RICOCHET, derivation=BipDerivation{purpose=84, accountIndex=2147483647}, bipFormatDefault=SEGWIT_NATIVE, bipFormats=[SEGWIT_NATIVE], xPub='tpu...UMc', bipPub='vpu...knj'}
12:09:57.243 [main] DEBUG com.samourai.wallet.api.backend.BackendApi - urlBackend=https://api.samouraiwallet.com/test/v2, oAuth=no
12:09:57.243 [main] DEBUG com.samourai.wallet.util.LogbackUtils - Log level set to DEBUG for the logger 'com.samourai'
12:09:57.243 [main] DEBUG com.samourai.wallet.util.LogbackUtils - Log level set to DEBUG for the logger 'com.samourai.whirlpool.client'
12:09:57.243 [main] DEBUG com.samourai.wallet.util.LogbackUtils - Log level set to DEBUG for the logger 'com.samourai.whirlpool.client.mix.dialog'
12:09:57.243 [main] DEBUG com.samourai.wallet.util.LogbackUtils - Log level set to DEBUG for the logger 'com.samourai.stomp.client'
12:09:57.243 [main] DEBUG com.samourai.wallet.util.LogbackUtils - Log level set to DEBUG for the logger 'com.samourai.wallet.util.FeeUtil'
12:09:57.243 [main] DEBUG com.samourai.wallet.util.LogbackUtils - Log level set to DEBUG for the logger 'com.samourai.whirlpool.client.utils'
12:09:57.243 [main] DEBUG com.samourai.wallet.util.LogbackUtils - Log level set to DEBUG for the logger 'com.samourai.whirlpool.client.wallet'
12:09:57.243 [main] DEBUG com.samourai.wallet.util.LogbackUtils - Log level set to DEBUG for the logger 'com.samourai.wallet.cahoots'
12:09:57.243 [main] DEBUG com.samourai.wallet.util.LogbackUtils - Log level set to DEBUG for the logger 'com.samourai.wallet.cahoots.stowaway'
12:09:57.243 [main] DEBUG com.samourai.wallet.util.LogbackUtils - Log level set to DEBUG for the logger 'com.samourai.wallet.cahoots.stonewallx2'
12:09:57.243 [main] DEBUG com.samourai.wallet.util.LogbackUtils - Log level set to DEBUG for the logger 'com.samourai.wallet.sorobanClient'
12:09:57.243 [main] DEBUG com.samourai.wallet.util.LogbackUtils - Log level set to DEBUG for the logger 'com.samourai.soroban.client'
12:09:57.243 [main] DEBUG com.samourai.wallet.util.LogbackUtils - Log level set to DEBUG for the logger 'com.samourai.soroban.client.rpc'
12:09:57.243 [main] DEBUG com.samourai.wallet.util.LogbackUtils - Log level set to DEBUG for the logger 'com.samourai.soroban.client.dialog'
12:09:57.243 [main] DEBUG com.samourai.wallet.util.LogbackUtils - Log level set to DEBUG for the logger 'com.samourai.soroban.client.meeting'
12:09:57.243 [main] DEBUG com.samourai.wallet.util.LogbackUtils - Log level set to DEBUG for the logger 'com.samourai.whirlpool.client.wallet.orchestrator'
12:09:57.243 [main] DEBUG com.samourai.wallet.util.LogbackUtils - Log level set to ERROR for the logger 'org.bitcoinj'
12:09:57.243 [main] DEBUG com.samourai.wallet.util.LogbackUtils - Log level set to WARN for the logger 'org.bitcoin'
12:09:57.243 [main] DEBUG com.samourai.wallet.util.LogbackUtils - Log level set to INFO for the logger 'org.eclipse.jetty'
12:09:57.317 [main] DEBUG com.samourai.wallet.bipWallet.WalletSupplierImpl - +BipWallet[DEPOSIT_BIP44]: BipWallet{id='DEPOSIT_BIP44', samouraiAccount=DEPOSIT, derivation=BipDerivation{purpose=44, accountIndex=0}, bipFormatDefault=LEGACY, bipFormats=[LEGACY], xPub='tpu...LZp', bipPub='tpu...LZp'}
12:09:57.317 [main] DEBUG com.samourai.wallet.bipWallet.WalletSupplierImpl - +BipWallet[DEPOSIT_BIP49]: BipWallet{id='DEPOSIT_BIP49', samouraiAccount=DEPOSIT, derivation=BipDerivation{purpose=49, accountIndex=0}, bipFormatDefault=SEGWIT_COMPAT, bipFormats=[SEGWIT_COMPAT], xPub='tpu...2dH', bipPub='upu...bSs'}
12:09:57.317 [main] DEBUG com.samourai.wallet.bipWallet.WalletSupplierImpl - +BipWallet[DEPOSIT_BIP84]: BipWallet{id='DEPOSIT_BIP84', samouraiAccount=DEPOSIT, derivation=BipDerivation{purpose=84, accountIndex=0}, bipFormatDefault=SEGWIT_NATIVE, bipFormats=[SEGWIT_NATIVE], xPub='tpu...MfN', bipPub='vpu...sew'}
12:09:57.317 [main] DEBUG com.samourai.wallet.bipWallet.WalletSupplierImpl - +BipWallet[PREMIX_BIP84]: BipWallet{id='PREMIX_BIP84', samouraiAccount=PREMIX, derivation=BipDerivation{purpose=84, accountIndex=2147483645}, bipFormatDefault=SEGWIT_NATIVE, bipFormats=[SEGWIT_NATIVE], xPub='tpu...y1p', bipPub='vpu...D4a'}
12:09:57.317 [main] DEBUG com.samourai.wallet.bipWallet.WalletSupplierImpl - +BipWallet[POSTMIX_BIP84]: BipWallet{id='POSTMIX_BIP84', samouraiAccount=POSTMIX, derivation=BipDerivation{purpose=84, accountIndex=2147483646}, bipFormatDefault=SEGWIT_NATIVE, bipFormats=[SEGWIT_NATIVE, SEGWIT_COMPAT, LEGACY], xPub='tpu...NLN', bipPub='vpu...RKR'}
12:09:57.317 [main] DEBUG com.samourai.wallet.bipWallet.WalletSupplierImpl - +BipWallet[BADBANK_BIP84]: BipWallet{id='BADBANK_BIP84', samouraiAccount=BADBANK, derivation=BipDerivation{purpose=84, accountIndex=2147483644}, bipFormatDefault=SEGWIT_NATIVE, bipFormats=[SEGWIT_NATIVE], xPub='tpu...86t', bipPub='vpu...XXs'}
12:09:57.410 [main] DEBUG com.samourai.wallet.bipWallet.WalletSupplierImpl - +BipWallet[DEPOSIT_BIP44]: BipWallet{id='DEPOSIT_BIP44', samouraiAccount=DEPOSIT, derivation=BipDerivation{purpose=44, accountIndex=0}, bipFormatDefault=LEGACY, bipFormats=[LEGACY], xPub='tpu...XeJ', bipPub='tpu...XeJ'}
12:09:57.410 [main] DEBUG com.samourai.wallet.bipWallet.WalletSupplierImpl - +BipWallet[DEPOSIT_BIP49]: BipWallet{id='DEPOSIT_BIP49', samouraiAccount=DEPOSIT, derivation=BipDerivation{purpose=49, accountIndex=0}, bipFormatDefault=SEGWIT_COMPAT, bipFormats=[SEGWIT_COMPAT], xPub='tpu...TBn', bipPub='upu...QVy'}
12:09:57.410 [main] DEBUG com.samourai.wallet.bipWallet.WalletSupplierImpl - +BipWallet[DEPOSIT_BIP84]: BipWallet{id='DEPOSIT_BIP84', samouraiAccount=DEPOSIT, derivation=BipDerivation{purpose=84, accountIndex=0}, bipFormatDefault=SEGWIT_NATIVE, bipFormats=[SEGWIT_NATIVE], xPub='tpu...Nbr', bipPub='vpu...R4q'}
12:09:57.410 [main] DEBUG com.samourai.wallet.bipWallet.WalletSupplierImpl - +BipWallet[PREMIX_BIP84]: BipWallet{id='PREMIX_BIP84', samouraiAccount=PREMIX, derivation=BipDerivation{purpose=84, accountIndex=2147483645}, bipFormatDefault=SEGWIT_NATIVE, bipFormats=[SEGWIT_NATIVE], xPub='tpu...ZBX', bipPub='vpu...XxM'}
12:09:57.410 [main] DEBUG com.samourai.wallet.bipWallet.WalletSupplierImpl - +BipWallet[POSTMIX_BIP84]: BipWallet{id='POSTMIX_BIP84', samouraiAccount=POSTMIX, derivation=BipDerivation{purpose=84, accountIndex=2147483646}, bipFormatDefault=SEGWIT_NATIVE, bipFormats=[SEGWIT_NATIVE, SEGWIT_COMPAT, LEGACY], xPub='tpu...do5', bipPub='vpu...2eX'}
12:09:57.410 [main] DEBUG com.samourai.wallet.bipWallet.WalletSupplierImpl - +BipWallet[BADBANK_BIP84]: BipWallet{id='BADBANK_BIP84', samouraiAccount=BADBANK, derivation=BipDerivation{purpose=84, accountIndex=2147483644}, bipFormatDefault=SEGWIT_NATIVE, bipFormats=[SEGWIT_NATIVE], xPub='tpu...QxP', bipPub='vpu...M4F'}
12:09:57.438 [main] DEBUG com.samourai.http.client.JettyHttpClient - +httpClient: no proxy
12:09:57.587 [main] DEBUG com.samourai.wallet.bipWallet.WalletSupplierImpl - +BipWallet[DEPOSIT_BIP44]: BipWallet{id='DEPOSIT_BIP44', samouraiAccount=DEPOSIT, derivation=BipDerivation{purpose=44, accountIndex=0}, bipFormatDefault=LEGACY, bipFormats=[LEGACY], xPub='tpu...LwY', bipPub='tpu...LwY'}
12:09:57.587 [main] DEBUG com.samourai.wallet.bipWallet.WalletSupplierImpl - +BipWallet[DEPOSIT_BIP49]: BipWallet{id='DEPOSIT_BIP49', samouraiAccount=DEPOSIT, derivation=BipDerivation{purpose=49, accountIndex=0}, bipFormatDefault=SEGWIT_COMPAT, bipFormats=[SEGWIT_COMPAT], xPub='tpu...eV2', bipPub='upu...38D'}
12:09:57.587 [main] DEBUG com.samourai.wallet.bipWallet.WalletSupplierImpl - +BipWallet[DEPOSIT_BIP84]: BipWallet{id='DEPOSIT_BIP84', samouraiAccount=DEPOSIT, derivation=BipDerivation{purpose=84, accountIndex=0}, bipFormatDefault=SEGWIT_NATIVE, bipFormats=[SEGWIT_NATIVE], xPub='tpu...re9', bipPub='vpu...dCu'}
12:09:57.587 [main] DEBUG com.samourai.wallet.bipWallet.WalletSupplierImpl - +BipWallet[PREMIX_BIP84]: BipWallet{id='PREMIX_BIP84', samouraiAccount=PREMIX, derivation=BipDerivation{purpose=84, accountIndex=2147483645}, bipFormatDefault=SEGWIT_NATIVE, bipFormats=[SEGWIT_NATIVE], xPub='tpu...hvr', bipPub='vpu...4mL'}
12:09:57.587 [main] DEBUG com.samourai.wallet.bipWallet.WalletSupplierImpl - +BipWallet[POSTMIX_BIP84]: BipWallet{id='POSTMIX_BIP84', samouraiAccount=POSTMIX, derivation=BipDerivation{purpose=84, accountIndex=2147483646}, bipFormatDefault=SEGWIT_NATIVE, bipFormats=[SEGWIT_NATIVE, SEGWIT_COMPAT, LEGACY], xPub='tpu...sQD', bipPub='vpu...nrW'}
12:09:57.587 [main] DEBUG com.samourai.wallet.bipWallet.WalletSupplierImpl - +BipWallet[ASB_BIP84]: BipWallet{id='ASB_BIP84', samouraiAccount=SWAPS_ASB, derivation=BipDerivation{purpose=84, accountIndex=2147483641}, bipFormatDefault=SEGWIT_NATIVE, bipFormats=[SEGWIT_NATIVE], xPub='tpu...p4i', bipPub='vpu...sEH'}
12:09:57.587 [main] DEBUG com.samourai.wallet.bipWallet.WalletSupplierImpl - +BipWallet[SWAPS_DEPOSIT]: BipWallet{id='SWAPS_DEPOSIT', samouraiAccount=SWAPS_DEPOSIT, derivation=BipDerivation{purpose=84, accountIndex=2147483643}, bipFormatDefault=SEGWIT_NATIVE, bipFormats=[SEGWIT_NATIVE], xPub='tpu...3s7', bipPub='vpu...HpJ'}
12:09:57.587 [main] DEBUG com.samourai.wallet.bipWallet.WalletSupplierImpl - +BipWallet[SWAPS_REFUNDS]: BipWallet{id='SWAPS_REFUNDS', samouraiAccount=SWAPS_REFUNDS, derivation=BipDerivation{purpose=84, accountIndex=2147483642}, bipFormatDefault=SEGWIT_NATIVE, bipFormats=[SEGWIT_NATIVE], xPub='tpu...rMX', bipPub='vpu...Sr9'}
12:09:57.587 [main] DEBUG com.samourai.wallet.bipWallet.WalletSupplierImpl - +BipWallet[BADBANK_BIP84]: BipWallet{id='BADBANK_BIP84', samouraiAccount=BADBANK, derivation=BipDerivation{purpose=84, accountIndex=2147483644}, bipFormatDefault=SEGWIT_NATIVE, bipFormats=[SEGWIT_NATIVE], xPub='tpu...hmu', bipPub='vpu...tNY'}
12:09:57.587 [main] DEBUG com.samourai.wallet.bipWallet.WalletSupplierImpl - +BipWallet[RICOCHET_BIP84]: BipWallet{id='RICOCHET_BIP84', samouraiAccount=RICOCHET, derivation=BipDerivation{purpose=84, accountIndex=2147483647}, bipFormatDefault=SEGWIT_NATIVE, bipFormats=[SEGWIT_NATIVE], xPub='tpu...UMc', bipPub='vpu...knj'}
12:09:57.587 [main] DEBUG com.samourai.wallet.api.backend.BackendApi - urlBackend=https://api.samouraiwallet.com/test/v2, oAuth=no
12:09:57.588 [main] DEBUG com.samourai.wallet.util.LogbackUtils - Log level set to DEBUG for the logger 'com.samourai'
12:09:57.588 [main] DEBUG com.samourai.wallet.util.LogbackUtils - Log level set to DEBUG for the logger 'com.samourai.whirlpool.client'
12:09:57.588 [main] DEBUG com.samourai.wallet.util.LogbackUtils - Log level set to DEBUG for the logger 'com.samourai.whirlpool.client.mix.dialog'
12:09:57.588 [main] DEBUG com.samourai.wallet.util.LogbackUtils - Log level set to DEBUG for the logger 'com.samourai.stomp.client'
12:09:57.588 [main] DEBUG com.samourai.wallet.util.LogbackUtils - Log level set to DEBUG for the logger 'com.samourai.wallet.util.FeeUtil'
12:09:57.588 [main] DEBUG com.samourai.wallet.util.LogbackUtils - Log level set to DEBUG for the logger 'com.samourai.whirlpool.client.utils'
12:09:57.588 [main] DEBUG com.samourai.wallet.util.LogbackUtils - Log level set to DEBUG for the logger 'com.samourai.whirlpool.client.wallet'
12:09:57.588 [main] DEBUG com.samourai.wallet.util.LogbackUtils - Log level set to DEBUG for the logger 'com.samourai.wallet.cahoots'
12:09:57.588 [main] DEBUG com.samourai.wallet.util.LogbackUtils - Log level set to DEBUG for the logger 'com.samourai.wallet.cahoots.stowaway'
12:09:57.588 [main] DEBUG com.samourai.wallet.util.LogbackUtils - Log level set to DEBUG for the logger 'com.samourai.wallet.cahoots.stonewallx2'
12:09:57.588 [main] DEBUG com.samourai.wallet.util.LogbackUtils - Log level set to DEBUG for the logger 'com.samourai.wallet.sorobanClient'
12:09:57.588 [main] DEBUG com.samourai.wallet.util.LogbackUtils - Log level set to DEBUG for the logger 'com.samourai.soroban.client'
12:09:57.588 [main] DEBUG com.samourai.wallet.util.LogbackUtils - Log level set to DEBUG for the logger 'com.samourai.soroban.client.rpc'
12:09:57.588 [main] DEBUG com.samourai.wallet.util.LogbackUtils - Log level set to DEBUG for the logger 'com.samourai.soroban.client.dialog'
12:09:57.588 [main] DEBUG com.samourai.wallet.util.LogbackUtils - Log level set to DEBUG for the logger 'com.samourai.soroban.client.meeting'
12:09:57.588 [main] DEBUG com.samourai.wallet.util.LogbackUtils - Log level set to DEBUG for the logger 'com.samourai.whirlpool.client.wallet.orchestrator'
12:09:57.588 [main] DEBUG com.samourai.wallet.util.LogbackUtils - Log level set to ERROR for the logger 'org.bitcoinj'
12:09:57.588 [main] DEBUG com.samourai.wallet.util.LogbackUtils - Log level set to WARN for the logger 'org.bitcoin'
12:09:57.588 [main] DEBUG com.samourai.wallet.util.LogbackUtils - Log level set to INFO for the logger 'org.eclipse.jetty'
12:09:57.661 [main] DEBUG com.samourai.wallet.bipWallet.WalletSupplierImpl - +BipWallet[DEPOSIT_BIP44]: BipWallet{id='DEPOSIT_BIP44', samouraiAccount=DEPOSIT, derivation=BipDerivation{purpose=44, accountIndex=0}, bipFormatDefault=LEGACY, bipFormats=[LEGACY], xPub='tpu...LZp', bipPub='tpu...LZp'}
12:09:57.661 [main] DEBUG com.samourai.wallet.bipWallet.WalletSupplierImpl - +BipWallet[DEPOSIT_BIP49]: BipWallet{id='DEPOSIT_BIP49', samouraiAccount=DEPOSIT, derivation=BipDerivation{purpose=49, accountIndex=0}, bipFormatDefault=SEGWIT_COMPAT, bipFormats=[SEGWIT_COMPAT], xPub='tpu...2dH', bipPub='upu...bSs'}
12:09:57.661 [main] DEBUG com.samourai.wallet.bipWallet.WalletSupplierImpl - +BipWallet[DEPOSIT_BIP84]: BipWallet{id='DEPOSIT_BIP84', samouraiAccount=DEPOSIT, derivation=BipDerivation{purpose=84, accountIndex=0}, bipFormatDefault=SEGWIT_NATIVE, bipFormats=[SEGWIT_NATIVE], xPub='tpu...MfN', bipPub='vpu...sew'}
12:09:57.661 [main] DEBUG com.samourai.wallet.bipWallet.WalletSupplierImpl - +BipWallet[PREMIX_BIP84]: BipWallet{id='PREMIX_BIP84', samouraiAccount=PREMIX, derivation=BipDerivation{purpose=84, accountIndex=2147483645}, bipFormatDefault=SEGWIT_NATIVE, bipFormats=[SEGWIT_NATIVE], xPub='tpu...y1p', bipPub='vpu...D4a'}
12:09:57.661 [main] DEBUG com.samourai.wallet.bipWallet.WalletSupplierImpl - +BipWallet[POSTMIX_BIP84]: BipWallet{id='POSTMIX_BIP84', samouraiAccount=POSTMIX, derivation=BipDerivation{purpose=84, accountIndex=2147483646}, bipFormatDefault=SEGWIT_NATIVE, bipFormats=[SEGWIT_NATIVE, SEGWIT_COMPAT, LEGACY], xPub='tpu...NLN', bipPub='vpu...RKR'}
12:09:57.661 [main] DEBUG com.samourai.wallet.bipWallet.WalletSupplierImpl - +BipWallet[BADBANK_BIP84]: BipWallet{id='BADBANK_BIP84', samouraiAccount=BADBANK, derivation=BipDerivation{purpose=84, accountIndex=2147483644}, bipFormatDefault=SEGWIT_NATIVE, bipFormats=[SEGWIT_NATIVE], xPub='tpu...86t', bipPub='vpu...XXs'}
12:09:57.756 [main] DEBUG com.samourai.wallet.bipWallet.WalletSupplierImpl - +BipWallet[DEPOSIT_BIP44]: BipWallet{id='DEPOSIT_BIP44', samouraiAccount=DEPOSIT, derivation=BipDerivation{purpose=44, accountIndex=0}, bipFormatDefault=LEGACY, bipFormats=[LEGACY], xPub='tpu...XeJ', bipPub='tpu...XeJ'}
12:09:57.756 [main] DEBUG com.samourai.wallet.bipWallet.WalletSupplierImpl - +BipWallet[DEPOSIT_BIP49]: BipWallet{id='DEPOSIT_BIP49', samouraiAccount=DEPOSIT, derivation=BipDerivation{purpose=49, accountIndex=0}, bipFormatDefault=SEGWIT_COMPAT, bipFormats=[SEGWIT_COMPAT], xPub='tpu...TBn', bipPub='upu...QVy'}
12:09:57.756 [main] DEBUG com.samourai.wallet.bipWallet.WalletSupplierImpl - +BipWallet[DEPOSIT_BIP84]: BipWallet{id='DEPOSIT_BIP84', samouraiAccount=DEPOSIT, derivation=BipDerivation{purpose=84, accountIndex=0}, bipFormatDefault=SEGWIT_NATIVE, bipFormats=[SEGWIT_NATIVE], xPub='tpu...Nbr', bipPub='vpu...R4q'}
12:09:57.756 [main] DEBUG com.samourai.wallet.bipWallet.WalletSupplierImpl - +BipWallet[PREMIX_BIP84]: BipWallet{id='PREMIX_BIP84', samouraiAccount=PREMIX, derivation=BipDerivation{purpose=84, accountIndex=2147483645}, bipFormatDefault=SEGWIT_NATIVE, bipFormats=[SEGWIT_NATIVE], xPub='tpu...ZBX', bipPub='vpu...XxM'}
12:09:57.756 [main] DEBUG com.samourai.wallet.bipWallet.WalletSupplierImpl - +BipWallet[POSTMIX_BIP84]: BipWallet{id='POSTMIX_BIP84', samouraiAccount=POSTMIX, derivation=BipDerivation{purpose=84, accountIndex=2147483646}, bipFormatDefault=SEGWIT_NATIVE, bipFormats=[SEGWIT_NATIVE, SEGWIT_COMPAT, LEGACY], xPub='tpu...do5', bipPub='vpu...2eX'}
12:09:57.756 [main] DEBUG com.samourai.wallet.bipWallet.WalletSupplierImpl - +BipWallet[BADBANK_BIP84]: BipWallet{id='BADBANK_BIP84', samouraiAccount=BADBANK, derivation=BipDerivation{purpose=84, accountIndex=2147483644}, bipFormatDefault=SEGWIT_NATIVE, bipFormats=[SEGWIT_NATIVE], xPub='tpu...QxP', bipPub='vpu...M4F'}
12:09:57.782 [main] DEBUG com.samourai.wallet.cahoots.stonewallx2.Stonewallx2Service - # STONEWALLx2 INITIATOR => step=0
12:09:57.782 [main] DEBUG com.samourai.wallet.cahoots.AbstractCahootsTest - #0 SENDER => {"cahoots":{"psbt":"","destPaynym":"","cpty_account":0,"spend_amount":5000,"outpoints":[],"type":0,"params":"testnet","dest":"tb1q9m8cc0jkjlc9zwvea5a2365u6px3yu646vgez4","version":2,"fee_amount":0,"fingerprint":"eed8a1cd","step":0,"collabChange":"","id":"e4a9db432ab0fe7b90a971dbdb8030af44d73c2eef97bc4d98ab4f73dfc300c2","account":2147483646,"ts":1711645797}}
12:09:57.782 [main] DEBUG com.samourai.wallet.cahoots.stonewallx2.Stonewallx2Service - BIP FORMAT:: SEGWIT_NATIVE
12:09:57.782 [main] DEBUG com.samourai.wallet.cahoots.stonewallx2.Stonewallx2Service - +output (CounterParty Mix) = tb1q3a6ydd39ercnvhzz7hstz7en7x3ty7hyh39x6u
12:09:57.782 [main] DEBUG com.samourai.wallet.cahoots.AbstractCahoots2xService - ###### BEGIN doSTONEWALLx2_1 STONEWALLX2/COUNTERPARTY
12:09:57.782 [main] DEBUG com.samourai.wallet.cahoots.AbstractCahoots2xService -  * outpoints={}
12:09:57.782 [main] DEBUG com.samourai.wallet.cahoots.AbstractCahoots2xService -  * tx=null
12:09:57.782 [main] DEBUG com.samourai.wallet.cahoots.stonewallx2.Stonewallx2Service - BIP84 utxos:1
12:09:57.782 [main] DEBUG com.samourai.wallet.cahoots.stonewallx2.Stonewallx2Service - BIP84 selected utxo: CahootsUtxo{utxo=9407b31fd0159dc4dd3f5377e3b18e4b4aafef2977a52e76b95c3f899cbb05ad:1, value=10000, address=tb1qh287jqsh6mkpqmd8euumyfam00fkr78qhrdnde, path=null, xpub=tpubDCKFqGcLPzJFzmYqN8nNhHF9sn4Vp8fMTikUCh616sLwGgdeC1a5iF1Csg8ygwUP6hRT2W9h9M8zeHP1XHhgJ9ZSLgUAtL9BdcaRAkhhdo5}
12:09:57.782 [main] DEBUG com.samourai.wallet.cahoots.stonewallx2.Stonewallx2Service - 1 selected utxos, totalContributedAmount=10000, requiredAmount=5546
12:09:57.782 [main] DEBUG com.samourai.wallet.cahoots.stonewallx2.Stonewallx2Service - +output (CounterParty change) = tb1qdf8n6pna45g8046pffzzmhz42ncdmsk48wn7zx
12:09:57.782 [main] DEBUG com.samourai.wallet.cahoots.AbstractCahoots2xService - ###### END doSTONEWALLx2_1 STONEWALLX2/COUNTERPARTY
12:09:57.782 [main] DEBUG com.samourai.wallet.cahoots.AbstractCahoots2xService -  * outpoints={9407b31fd0159dc4dd3f5377e3b18e4b4aafef2977a52e76b95c3f899cbb05ad-1=10000}
12:09:57.783 [main] DEBUG com.samourai.wallet.cahoots.AbstractCahoots2xService -  * tx=  02e1d2f335b064ceff9612f9a6949118fdcfc42351b51317bd8884339187530d
  version 2
  time locked until block 1234
  opts into full replace-by-fee
     in    0.0001 BTC
          outpoint:9407b31fd0159dc4dd3f5377e3b18e4b4aafef2977a52e76b95c3f899cbb05ad:1
          sequence:fffffffd, opts into full RBF
     out  0[] PUSHDATA(20)[8f7446b625c8f1365c42f5e0b17b33f1a2b27ae4] 0.00005 BTC
     out  0[] PUSHDATA(20)[6a4f3d067dad1077d7414a442ddc5554f0ddc2d5] 0.00005 BTC
     fee  0.00 BTC/kB, 0.00 BTC for 113 bytes
     prps UNKNOWN

12:09:57.783 [main] DEBUG com.samourai.wallet.cahoots.stonewallx2.Stonewallx2Service - # STONEWALLx2 COUNTERPARTY => step=1
12:09:57.783 [main] DEBUG com.samourai.wallet.cahoots.AbstractCahootsTest - #1 COUNTERPARTY => {"cahoots":{"fingerprint_collab":"f0d70870","psbt":"abZy8000000rl[@:QFtb3<f.Zy1?VtMEQD>(TSk9wb(Ye3{+CD2=%I.2UWMr97uEf{fus=B79b@2v%x=WY(nH}6+g3ua1I:DL7DKvCbqZRk}v)+/JEw[vk:RfDi3<{IwBt*OB^Agv!gYndaweE%V<R77BjS6hQx%)[Ac}CEKCNQ}zxE]=yI@a+/K*000","destPaynym":"","cpty_account":2147483646,"spend_amount":5000,"outpoints":[{"value":10000,"outpoint":"9407b31fd0159dc4dd3f5377e3b18e4b4aafef2977a52e76b95c3f899cbb05ad-1"}],"type":0,"params":"testnet","dest":"tb1q9m8cc0jkjlc9zwvea5a2365u6px3yu646vgez4","version":2,"fee_amount":0,"fingerprint":"eed8a1cd","step":1,"collabChange":"tb1qdf8n6pna45g8046pffzzmhz42ncdmsk48wn7zx","id":"e4a9db432ab0fe7b90a971dbdb8030af44d73c2eef97bc4d98ab4f73dfc300c2","account":2147483646,"ts":1711645797}}
12:09:57.784 [main] DEBUG com.samourai.wallet.cahoots.stonewallx2.Stonewallx2Service - # STONEWALLx2 SENDER <= step=1
12:09:57.784 [main] DEBUG com.samourai.wallet.cahoots.AbstractCahoots2xService - ###### BEGIN doSTONEWALLx2_2 STONEWALLX2/SENDER
12:09:57.784 [main] DEBUG com.samourai.wallet.cahoots.AbstractCahoots2xService -  * outpoints={9407b31fd0159dc4dd3f5377e3b18e4b4aafef2977a52e76b95c3f899cbb05ad-1=10000}
12:09:57.784 [main] DEBUG com.samourai.wallet.cahoots.AbstractCahoots2xService -  * tx=  02e1d2f335b064ceff9612f9a6949118fdcfc42351b51317bd8884339187530d
  version 2
  time locked until block 1234
  opts into full replace-by-fee
     in   
          outpoint:9407b31fd0159dc4dd3f5377e3b18e4b4aafef2977a52e76b95c3f899cbb05ad:1
          sequence:fffffffd, opts into full RBF
     out  0[] PUSHDATA(20)[8f7446b625c8f1365c42f5e0b17b33f1a2b27ae4] 0.00005 BTC
     out  0[] PUSHDATA(20)[6a4f3d067dad1077d7414a442ddc5554f0ddc2d5] 0.00005 BTC
     prps UNKNOWN

12:09:57.784 [main] DEBUG com.samourai.wallet.cahoots.stonewallx2.Stonewallx2Service - step2 tx:0200000001ad05bb9c893f5cb9762ea57729efaf4a4b8eb1e377533fddc49d15d01fb307940100000000fdffffff0288130000000000001600148f7446b625c8f1365c42f5e0b17b33f1a2b27ae488130000000000001600146a4f3d067dad1077d7414a442ddc5554f0ddc2d5d2040000
12:09:57.784 [main] DEBUG com.samourai.wallet.cahoots.stonewallx2.Stonewallx2Service - step2 tx:  02e1d2f335b064ceff9612f9a6949118fdcfc42351b51317bd8884339187530d
  version 2
  time locked until block 1234
  opts into full replace-by-fee
     in   
          outpoint:9407b31fd0159dc4dd3f5377e3b18e4b4aafef2977a52e76b95c3f899cbb05ad:1
          sequence:fffffffd, opts into full RBF
     out  0[] PUSHDATA(20)[8f7446b625c8f1365c42f5e0b17b33f1a2b27ae4] 0.00005 BTC
     out  0[] PUSHDATA(20)[6a4f3d067dad1077d7414a442ddc5554f0ddc2d5] 0.00005 BTC
     prps UNKNOWN

12:09:57.784 [main] DEBUG com.samourai.wallet.cahoots.stonewallx2.Stonewallx2Service - BIP84 utxos:1
12:09:57.784 [main] DEBUG com.samourai.wallet.cahoots.stonewallx2.Stonewallx2Service - BIP84 selected utxo: CahootsUtxo{utxo=14cf9c6be92efcfe628aabd32b02c85e763615ddd430861bc18f6d366e4c4fd5:1, value=10000, address=tb1qkymumss6zj0rxy9l3v5vqxqwwffy8jjsyhrkrg, path=null, xpub=tpubDDLBK9gT5ipbV8vUZ5mv1ffgKEVrHfEjkp6o5aCK9TWorx2P466pJJMJRVdgmjC8pSgzFxGeVyG9ycivDEKeHbnkADkVFDnvsHnyufUfNLN}
12:09:57.784 [main] DEBUG com.samourai.wallet.cahoots.stonewallx2.Stonewallx2Service - fee:284
12:09:57.784 [main] DEBUG com.samourai.wallet.cahoots.stonewallx2.Stonewallx2Service - 1 selected utxos, totalContributedAmount=10000, requiredAmount=5830
12:09:57.784 [main] DEBUG com.samourai.wallet.cahoots.stonewallx2.Stonewallx2Service - fee pair:284
12:09:57.784 [main] DEBUG com.samourai.wallet.cahoots.stonewallx2.Stonewallx2Service - destination:tb1q9m8cc0jkjlc9zwvea5a2365u6px3yu646vgez4
12:09:57.784 [main] DEBUG com.samourai.wallet.cahoots.stonewallx2.Stonewallx2Service - output value post fee:4858
12:09:57.784 [main] DEBUG com.samourai.wallet.cahoots.stonewallx2.Stonewallx2Service - +output (Spender change) = tb1qeyh98ez2uhva8y4weuww02vqkpemq8xkrsr4mh
12:09:57.784 [main] DEBUG com.samourai.wallet.cahoots.AbstractCahoots2xService - ###### END doSTONEWALLx2_2 STONEWALLX2/SENDER
12:09:57.784 [main] DEBUG com.samourai.wallet.cahoots.AbstractCahoots2xService -  * outpoints={14cf9c6be92efcfe628aabd32b02c85e763615ddd430861bc18f6d366e4c4fd5-1=10000, 9407b31fd0159dc4dd3f5377e3b18e4b4aafef2977a52e76b95c3f899cbb05ad-1=10000}
12:09:57.784 [main] DEBUG com.samourai.wallet.cahoots.AbstractCahoots2xService -  * tx=  b8df5e48b8712e9e08121ad5b9db7747b1c7dd400bb141a02abe5ee43bad1f97
  version 2
  time locked until block 1234
  opts into full replace-by-fee
     in   
          outpoint:9407b31fd0159dc4dd3f5377e3b18e4b4aafef2977a52e76b95c3f899cbb05ad:1
          sequence:fffffffd, opts into full RBF
     in    0.0001 BTC
          outpoint:14cf9c6be92efcfe628aabd32b02c85e763615ddd430861bc18f6d366e4c4fd5:1
          sequence:fffffffd, opts into full RBF
     out  0[] PUSHDATA(20)[8f7446b625c8f1365c42f5e0b17b33f1a2b27ae4] 0.00005 BTC
     out  0[] PUSHDATA(20)[6a4f3d067dad1077d7414a442ddc5554f0ddc2d5] 0.00004858 BTC
     out  0[] PUSHDATA(20)[2ecf8c3e5697f0513999ed3aa8ea9cd04d127355] 0.00005 BTC
     out  0[] PUSHDATA(20)[c92e53e44ae5d9d392aecf1ce7a980b073b01cd6] 0.00004858 BTC
     prps UNKNOWN

12:09:57.784 [main] DEBUG com.samourai.wallet.cahoots.stonewallx2.Stonewallx2Service - # STONEWALLx2 SENDER => step=2
12:09:57.784 [main] DEBUG com.samourai.wallet.cahoots.AbstractCahootsTest - #2 SENDER => {"cahoots":{"fingerprint_collab":"f0d70870","psbt":"abZy8000000rl[#:=dPi2T.K1RWe5!:V>DYNsw}IZA>cTWT2:a/#N.v5tfKBD{(UX{Ep.i!W<ZeLJ>)$N>2@Z+/a1mw.#<rxW^mw+ITMz[&>^:%7W*:Vsg76tzS1<lRxS=O10f^E.9^HpA5Rp^m&i8Q87G?F$dD4ZL8qI=BO*qbDXq[Rx@PgAmabo7lZv@J+/{rBZ91eGl.8OXvh&fuzdR6}xjYF!Cu>FRUgZ+tkiW[n5NJ=jD&RK^N.V-?[7yLLT=#?jdp/)<ZBcY9jUDw7QhRZkT8[7Y*:s-.t%Sp","destPaynym":"","cpty_account":2147483646,"spend_amount":5000,"outpoints":[{"value":10000,"outpoint":"14cf9c6be92efcfe628aabd32b02c85e763615ddd430861bc18f6d366e4c4fd5-1"},{"value":10000,"outpoint":"9407b31fd0159dc4dd3f5377e3b18e4b4aafef2977a52e76b95c3f899cbb05ad-1"}],"type":0,"params":"testnet","dest":"tb1q9m8cc0jkjlc9zwvea5a2365u6px3yu646vgez4","version":2,"fee_amount":284,"fingerprint":"eed8a1cd","step":2,"collabChange":"tb1qdf8n6pna45g8046pffzzmhz42ncdmsk48wn7zx","id":"e4a9db432ab0fe7b90a971dbdb8030af44d73c2eef97bc4d98ab4f73dfc300c2","account":2147483646,"ts":1711645797}}
12:09:57.785 [main] DEBUG com.samourai.wallet.cahoots.stonewallx2.Stonewallx2Service - # STONEWALLx2 COUNTERPARTY <= step=2
12:09:57.785 [main] DEBUG com.samourai.wallet.cahoots.AbstractCahoots2xService - ###### BEGIN doStep3 STONEWALLX2/COUNTERPARTY
12:09:57.785 [main] DEBUG com.samourai.wallet.cahoots.AbstractCahoots2xService -  * outpoints={14cf9c6be92efcfe628aabd32b02c85e763615ddd430861bc18f6d366e4c4fd5-1=10000, 9407b31fd0159dc4dd3f5377e3b18e4b4aafef2977a52e76b95c3f899cbb05ad-1=10000}
12:09:57.785 [main] DEBUG com.samourai.wallet.cahoots.AbstractCahoots2xService -  * tx=  b8df5e48b8712e9e08121ad5b9db7747b1c7dd400bb141a02abe5ee43bad1f97
  version 2
  time locked until block 1234
  opts into full replace-by-fee
     in   
          outpoint:9407b31fd0159dc4dd3f5377e3b18e4b4aafef2977a52e76b95c3f899cbb05ad:1
          sequence:fffffffd, opts into full RBF
     in   
          outpoint:14cf9c6be92efcfe628aabd32b02c85e763615ddd430861bc18f6d366e4c4fd5:1
          sequence:fffffffd, opts into full RBF
     out  0[] PUSHDATA(20)[8f7446b625c8f1365c42f5e0b17b33f1a2b27ae4] 0.00005 BTC
     out  0[] PUSHDATA(20)[6a4f3d067dad1077d7414a442ddc5554f0ddc2d5] 0.00004858 BTC
     out  0[] PUSHDATA(20)[2ecf8c3e5697f0513999ed3aa8ea9cd04d127355] 0.00005 BTC
     out  0[] PUSHDATA(20)[c92e53e44ae5d9d392aecf1ce7a980b073b01cd6] 0.00004858 BTC
     prps UNKNOWN

12:09:57.785 [main] DEBUG com.samourai.wallet.cahoots.Cahoots2x - signTx:  2dd6bc01934c10b76d4656b76d7c882c4f1b2c6732fa53ec945ccbeeb468cf02
  version 2
  time locked until block 1234
  opts into full replace-by-fee
     in   
          outpoint:14cf9c6be92efcfe628aabd32b02c85e763615ddd430861bc18f6d366e4c4fd5:1
          sequence:fffffffd, opts into full RBF
     in   
          outpoint:9407b31fd0159dc4dd3f5377e3b18e4b4aafef2977a52e76b95c3f899cbb05ad:1
          sequence:fffffffd, opts into full RBF
     out  0[] PUSHDATA(20)[6a4f3d067dad1077d7414a442ddc5554f0ddc2d5] 0.00004858 BTC
     out  0[] PUSHDATA(20)[c92e53e44ae5d9d392aecf1ce7a980b073b01cd6] 0.00004858 BTC
     out  0[] PUSHDATA(20)[2ecf8c3e5697f0513999ed3aa8ea9cd04d127355] 0.00005 BTC
     out  0[] PUSHDATA(20)[8f7446b625c8f1365c42f5e0b17b33f1a2b27ae4] 0.00005 BTC
     prps UNKNOWN

12:09:57.785 [main] DEBUG com.samourai.wallet.cahoots.Cahoots2x - signTx outpoint:9407b31fd0159dc4dd3f5377e3b18e4b4aafef2977a52e76b95c3f899cbb05ad:1
12:09:57.785 [main] DEBUG com.samourai.wallet.cahoots.Cahoots2x - signTx bech32:tb1qyvqh86akdkhnh8fh7j0q7n8j78k0wruz5et8tj
12:09:57.785 [main] DEBUG com.samourai.wallet.cahoots.Cahoots2x - signTx value:10000
12:09:57.785 [main] DEBUG com.samourai.wallet.cahoots.AbstractCahootsService - [STONEWALLX2/COUNTERPARTY] computeSpendAmount: keyBag=[9407b31fd0159dc4dd3f5377e3b18e4b4aafef2977a52e76b95c3f899cbb05ad:1]
12:09:57.785 [main] DEBUG com.samourai.wallet.cahoots.AbstractCahootsService - [STONEWALLX2/COUNTERPARTY] computeSpendAmount: +input 10000 9407b31fd0159dc4dd3f5377e3b18e4b4aafef2977a52e76b95c3f899cbb05ad:1
12:09:57.786 [main] DEBUG com.samourai.wallet.cahoots.AbstractCahootsService - [STONEWALLX2/COUNTERPARTY] computeSpendAmount: -output 4858 tb1qdf8n6pna45g8046pffzzmhz42ncdmsk48wn7zx
12:09:57.786 [main] DEBUG com.samourai.wallet.cahoots.AbstractCahootsService - [STONEWALLX2/COUNTERPARTY] computeSpendAmount: -output 5000 tb1q3a6ydd39ercnvhzz7hstz7en7x3ty7hyh39x6u
12:09:57.786 [main] DEBUG com.samourai.wallet.cahoots.AbstractCahootsService - [STONEWALLX2/COUNTERPARTY] computeSpendAmount = 142
12:09:57.786 [main] DEBUG com.samourai.wallet.cahoots.stonewallx2.Stonewallx2Service - [STONEWALLX2/COUNTERPARTY] maxSpendAmount = 142: sharedMinerFee=142
12:09:57.786 [main] DEBUG com.samourai.wallet.cahoots.AbstractCahoots2xService - [STONEWALLX2/COUNTERPARTY] COUNTERPARTY verifiedSpendAmount=142, maxSpendAmount=142
12:09:57.786 [main] DEBUG com.samourai.wallet.cahoots.AbstractCahoots2xService - ###### END doStep3 STONEWALLX2/COUNTERPARTY
12:09:57.786 [main] DEBUG com.samourai.wallet.cahoots.AbstractCahoots2xService -  * outpoints={14cf9c6be92efcfe628aabd32b02c85e763615ddd430861bc18f6d366e4c4fd5-1=10000, 9407b31fd0159dc4dd3f5377e3b18e4b4aafef2977a52e76b95c3f899cbb05ad-1=10000}
12:09:57.786 [main] DEBUG com.samourai.wallet.cahoots.AbstractCahoots2xService -  * tx=  2dd6bc01934c10b76d4656b76d7c882c4f1b2c6732fa53ec945ccbeeb468cf02
  version 2
  time locked until block 1234
  opts into full replace-by-fee
     in   
          outpoint:14cf9c6be92efcfe628aabd32b02c85e763615ddd430861bc18f6d366e4c4fd5:1
          sequence:fffffffd, opts into full RBF
     in   
          outpoint:9407b31fd0159dc4dd3f5377e3b18e4b4aafef2977a52e76b95c3f899cbb05ad:1
          sequence:fffffffd, opts into full RBF
     out  0[] PUSHDATA(20)[6a4f3d067dad1077d7414a442ddc5554f0ddc2d5] 0.00004858 BTC
     out  0[] PUSHDATA(20)[c92e53e44ae5d9d392aecf1ce7a980b073b01cd6] 0.00004858 BTC
     out  0[] PUSHDATA(20)[2ecf8c3e5697f0513999ed3aa8ea9cd04d127355] 0.00005 BTC
     out  0[] PUSHDATA(20)[8f7446b625c8f1365c42f5e0b17b33f1a2b27ae4] 0.00005 BTC
     prps UNKNOWN

12:09:57.786 [main] DEBUG com.samourai.wallet.cahoots.stonewallx2.Stonewallx2Service - # STONEWALLx2 COUNTERPARTY => step=3
12:09:57.786 [main] DEBUG com.samourai.wallet.cahoots.AbstractCahootsTest - #3 COUNTERPARTY => {"cahoots":{"fingerprint_collab":"f0d70870","psbt":"abZy8000000rl[l*L)Ej2Y2nQQ-oVl@$pTd!-/nnKFi<fjj@GHy#^tN2RW<Ah]jz7YJ4C7jVqR[I=:x@e-0vwzU!kJq8I#P8Qj:A)&wDI[1t5ME}9*7l]FZ}h4CY7i=sN/?rzO]K^7-8{$e(uR#aS&Zz.6G.oS]!Kv/x4]}#/:bBgauvbxMx)^kRHfsmKPd?1ssH2pqL=@kxq}lS@?P)S{8kf<)s(S:FEWG$%]^x)&L[(4RlPVDq^W<CX0jHWP{:YXo#i(TQ&Jp+ajN{I/o2zDG13mlHkk3m>SfO]c9!%A!}/A<1o9jxP<]Q5]Fu@WYH@I#1NM$^38}(0amyR7?m0-P@x.KP5j-3!7<q!?b!FRS:j/W-sl/qaoA*1DiED*A7@c:-F331pHKEh-oDtD!&KXL=8buoN1[^-Hok^IK=CAKD-xF=4O110B#E:!O$r00","destPaynym":"","cpty_account":2147483646,"spend_amount":5000,"outpoints":[{"value":10000,"outpoint":"14cf9c6be92efcfe628aabd32b02c85e763615ddd430861bc18f6d366e4c4fd5-1"},{"value":10000,"outpoint":"9407b31fd0159dc4dd3f5377e3b18e4b4aafef2977a52e76b95c3f899cbb05ad-1"}],"type":0,"params":"testnet","dest":"tb1q9m8cc0jkjlc9zwvea5a2365u6px3yu646vgez4","version":2,"fee_amount":284,"fingerprint":"eed8a1cd","step":3,"collabChange":"tb1qdf8n6pna45g8046pffzzmhz42ncdmsk48wn7zx","id":"e4a9db432ab0fe7b90a971dbdb8030af44d73c2eef97bc4d98ab4f73dfc300c2","account":2147483646,"ts":1711645797}}
12:09:57.787 [main] DEBUG com.samourai.wallet.cahoots.stonewallx2.Stonewallx2Service - # STONEWALLx2 SENDER <= step=3
12:09:57.787 [main] DEBUG com.samourai.wallet.cahoots.AbstractCahoots2xService - ###### BEGIN doStep4 STONEWALLX2/SENDER
12:09:57.787 [main] DEBUG com.samourai.wallet.cahoots.AbstractCahoots2xService -  * outpoints={14cf9c6be92efcfe628aabd32b02c85e763615ddd430861bc18f6d366e4c4fd5-1=10000, 9407b31fd0159dc4dd3f5377e3b18e4b4aafef2977a52e76b95c3f899cbb05ad-1=10000}
12:09:57.787 [main] DEBUG com.samourai.wallet.cahoots.AbstractCahoots2xService -  * tx=  2dd6bc01934c10b76d4656b76d7c882c4f1b2c6732fa53ec945ccbeeb468cf02
  version 2
  time locked until block 1234
  opts into full replace-by-fee
     in   
          outpoint:14cf9c6be92efcfe628aabd32b02c85e763615ddd430861bc18f6d366e4c4fd5:1
          sequence:fffffffd, opts into full RBF
     in   
          outpoint:9407b31fd0159dc4dd3f5377e3b18e4b4aafef2977a52e76b95c3f899cbb05ad:1
          sequence:fffffffd, opts into full RBF
     out  0[] PUSHDATA(20)[6a4f3d067dad1077d7414a442ddc5554f0ddc2d5] 0.00004858 BTC
     out  0[] PUSHDATA(20)[c92e53e44ae5d9d392aecf1ce7a980b073b01cd6] 0.00004858 BTC
     out  0[] PUSHDATA(20)[2ecf8c3e5697f0513999ed3aa8ea9cd04d127355] 0.00005 BTC
     out  0[] PUSHDATA(20)[8f7446b625c8f1365c42f5e0b17b33f1a2b27ae4] 0.00005 BTC
     prps UNKNOWN

12:09:57.787 [main] DEBUG com.samourai.wallet.cahoots.Cahoots2x - signTx:  2dd6bc01934c10b76d4656b76d7c882c4f1b2c6732fa53ec945ccbeeb468cf02
  version 2
  time locked until block 1234
  opts into full replace-by-fee
     in   
          outpoint:14cf9c6be92efcfe628aabd32b02c85e763615ddd430861bc18f6d366e4c4fd5:1
          sequence:fffffffd, opts into full RBF
     in   
          outpoint:9407b31fd0159dc4dd3f5377e3b18e4b4aafef2977a52e76b95c3f899cbb05ad:1
          sequence:fffffffd, opts into full RBF
     out  0[] PUSHDATA(20)[6a4f3d067dad1077d7414a442ddc5554f0ddc2d5] 0.00004858 BTC
     out  0[] PUSHDATA(20)[c92e53e44ae5d9d392aecf1ce7a980b073b01cd6] 0.00004858 BTC
     out  0[] PUSHDATA(20)[2ecf8c3e5697f0513999ed3aa8ea9cd04d127355] 0.00005 BTC
     out  0[] PUSHDATA(20)[8f7446b625c8f1365c42f5e0b17b33f1a2b27ae4] 0.00005 BTC
     prps UNKNOWN

12:09:57.787 [main] DEBUG com.samourai.wallet.cahoots.Cahoots2x - signTx outpoint:14cf9c6be92efcfe628aabd32b02c85e763615ddd430861bc18f6d366e4c4fd5:1
12:09:57.787 [main] DEBUG com.samourai.wallet.cahoots.Cahoots2x - signTx bech32:tb1qyvqh86akdkhnh8fh7j0q7n8j78k0wruz5et8tj
12:09:57.787 [main] DEBUG com.samourai.wallet.cahoots.Cahoots2x - signTx value:10000
12:09:57.788 [main] DEBUG com.samourai.wallet.cahoots.AbstractCahootsService - [STONEWALLX2/SENDER] computeSpendAmount: keyBag=[14cf9c6be92efcfe628aabd32b02c85e763615ddd430861bc18f6d366e4c4fd5:1]
12:09:57.788 [main] DEBUG com.samourai.wallet.cahoots.AbstractCahootsService - [STONEWALLX2/SENDER] computeSpendAmount: +input 10000 14cf9c6be92efcfe628aabd32b02c85e763615ddd430861bc18f6d366e4c4fd5:1
12:09:57.788 [main] DEBUG com.samourai.wallet.cahoots.AbstractCahootsService - [STONEWALLX2/SENDER] computeSpendAmount: -output 4858 tb1qeyh98ez2uhva8y4weuww02vqkpemq8xkrsr4mh
12:09:57.788 [main] DEBUG com.samourai.wallet.cahoots.AbstractCahootsService - [STONEWALLX2/SENDER] computeSpendAmount = 5142
12:09:57.788 [main] DEBUG com.samourai.wallet.cahoots.stonewallx2.Stonewallx2Service - [STONEWALLX2/SENDER] maxSpendAmount = 5142: amount=5000 + sharedMinerFee=142
12:09:57.788 [main] DEBUG com.samourai.wallet.cahoots.AbstractCahoots2xService - [STONEWALLX2/SENDER] SENDER verifiedSpendAmount=5142, maxSpendAmount=5142
12:09:57.788 [main] DEBUG com.samourai.wallet.cahoots.AbstractCahootsService - checkFee: feeActual=284, feeExpected=284
12:09:57.788 [main] DEBUG com.samourai.wallet.cahoots.AbstractCahoots2xService - ###### END doStep4 STONEWALLX2/SENDER
12:09:57.788 [main] DEBUG com.samourai.wallet.cahoots.AbstractCahoots2xService -  * outpoints={14cf9c6be92efcfe628aabd32b02c85e763615ddd430861bc18f6d366e4c4fd5-1=10000, 9407b31fd0159dc4dd3f5377e3b18e4b4aafef2977a52e76b95c3f899cbb05ad-1=10000}
12:09:57.788 [main] DEBUG com.samourai.wallet.cahoots.AbstractCahoots2xService -  * tx=  2dd6bc01934c10b76d4656b76d7c882c4f1b2c6732fa53ec945ccbeeb468cf02
  version 2
  time locked until block 1234
  opts into full replace-by-fee
     in   
          outpoint:14cf9c6be92efcfe628aabd32b02c85e763615ddd430861bc18f6d366e4c4fd5:1
          sequence:fffffffd, opts into full RBF
     in   
          outpoint:9407b31fd0159dc4dd3f5377e3b18e4b4aafef2977a52e76b95c3f899cbb05ad:1
          sequence:fffffffd, opts into full RBF
     out  0[] PUSHDATA(20)[6a4f3d067dad1077d7414a442ddc5554f0ddc2d5] 0.00004858 BTC
     out  0[] PUSHDATA(20)[c92e53e44ae5d9d392aecf1ce7a980b073b01cd6] 0.00004858 BTC
     out  0[] PUSHDATA(20)[2ecf8c3e5697f0513999ed3aa8ea9cd04d127355] 0.00005 BTC
     out  0[] PUSHDATA(20)[8f7446b625c8f1365c42f5e0b17b33f1a2b27ae4] 0.00005 BTC
     prps UNKNOWN

12:09:57.788 [main] DEBUG com.samourai.wallet.cahoots.stonewallx2.Stonewallx2Service - # STONEWALLx2 SENDER => step=4
12:09:57.789 [main] DEBUG com.samourai.wallet.cahoots.AbstractCahootsTest - #4 SENDER => {"cahoots":{"fingerprint_collab":"f0d70870","psbt":"abZy8000000rof0s=KHS2!Q^i{hN)-@F}JDJg}-yE8Y6+y0&eX.nj*CwD&YNdRW=yZT7Gcgv?K1TJ&@DjJph}H05LP@sfxIAPvC3(3p^be:[4s]1>n*q$CdakY:N2]61o.mJH+?W<KTi[]OuEYe0gjLE(2N&3r%j9$QZ+[dj*}AOA#mwvPB/Q7Db61S7JVk#*#6y{ss%O{)2fXKAm2zT<N!rRk299(@ER0BKIu:P22:@^bY}*vUFnZw4t&6Sp090X2yc!T@+=Xql#zZb9<cpIv9U^q@3#PD]Nlauo>8O4#R-rSd3q?+gBWK*vejoX8=>S*%2GUR#V}Ne(CGf:@q*ZgWUf!u#?IV31T[*!#tXg0IVgQOj=#Ub[y7d}-we*{N[p(il7E*4m%#US^X=G:i/mUOrazHnEB-hF[$abx/7sJg3?9*LV0YWf{HhGCk%k/K+z:/x&2h+xhVpmsz?mHl^}}c-.i(VnVd4ddby3<RjpimRumAqvKlh&3FpzMESqnJxUVv&[:Op}<EFVS%E=F>u?.A+R:XG000","destPaynym":"","cpty_account":2147483646,"spend_amount":5000,"outpoints":[{"value":10000,"outpoint":"14cf9c6be92efcfe628aabd32b02c85e763615ddd430861bc18f6d366e4c4fd5-1"},{"value":10000,"outpoint":"9407b31fd0159dc4dd3f5377e3b18e4b4aafef2977a52e76b95c3f899cbb05ad-1"}],"type":0,"params":"testnet","dest":"tb1q9m8cc0jkjlc9zwvea5a2365u6px3yu646vgez4","version":2,"fee_amount":284,"fingerprint":"eed8a1cd","step":4,"collabChange":"tb1qdf8n6pna45g8046pffzzmhz42ncdmsk48wn7zx","id":"e4a9db432ab0fe7b90a971dbdb8030af44d73c2eef97bc4d98ab4f73dfc300c2","account":2147483646,"ts":1711645797}}
12:09:57.790 [main] DEBUG com.samourai.wallet.test.AbstractTest -   2dd6bc01934c10b76d4656b76d7c882c4f1b2c6732fa53ec945ccbeeb468cf02
  version 2
  time locked until block 1234
  opts into full replace-by-fee
     in   
          outpoint:14cf9c6be92efcfe628aabd32b02c85e763615ddd430861bc18f6d366e4c4fd5:1
          sequence:fffffffd, opts into full RBF
     in   
          outpoint:9407b31fd0159dc4dd3f5377e3b18e4b4aafef2977a52e76b95c3f899cbb05ad:1
          sequence:fffffffd, opts into full RBF
     out  0[] PUSHDATA(20)[6a4f3d067dad1077d7414a442ddc5554f0ddc2d5] 0.00004858 BTC
     out  0[] PUSHDATA(20)[c92e53e44ae5d9d392aecf1ce7a980b073b01cd6] 0.00004858 BTC
     out  0[] PUSHDATA(20)[2ecf8c3e5697f0513999ed3aa8ea9cd04d127355] 0.00005 BTC
     out  0[] PUSHDATA(20)[8f7446b625c8f1365c42f5e0b17b33f1a2b27ae4] 0.00005 BTC
     prps UNKNOWN

12:09:57.790 [main] DEBUG com.samourai.wallet.test.AbstractTest - outputsActuals: {tb1q3a6ydd39ercnvhzz7hstz7en7x3ty7hyh39x6u=5000, tb1q9m8cc0jkjlc9zwvea5a2365u6px3yu646vgez4=5000, tb1qdf8n6pna45g8046pffzzmhz42ncdmsk48wn7zx=4858, tb1qeyh98ez2uhva8y4weuww02vqkpemq8xkrsr4mh=4858}
]]></system-out>
  </testcase>
  <testcase name="STONEWALLx2_BIP44" classname="com.samourai.wallet.cahoots.Stonewallx2ServiceTest" time="0.354">
    <system-out><![CDATA[12:09:57.797 [main] DEBUG com.samourai.http.client.JettyHttpClient - +httpClient: no proxy
12:09:57.948 [main] DEBUG com.samourai.wallet.bipWallet.WalletSupplierImpl - +BipWallet[DEPOSIT_BIP44]: BipWallet{id='DEPOSIT_BIP44', samouraiAccount=DEPOSIT, derivation=BipDerivation{purpose=44, accountIndex=0}, bipFormatDefault=LEGACY, bipFormats=[LEGACY], xPub='tpu...LwY', bipPub='tpu...LwY'}
12:09:57.948 [main] DEBUG com.samourai.wallet.bipWallet.WalletSupplierImpl - +BipWallet[DEPOSIT_BIP49]: BipWallet{id='DEPOSIT_BIP49', samouraiAccount=DEPOSIT, derivation=BipDerivation{purpose=49, accountIndex=0}, bipFormatDefault=SEGWIT_COMPAT, bipFormats=[SEGWIT_COMPAT], xPub='tpu...eV2', bipPub='upu...38D'}
12:09:57.948 [main] DEBUG com.samourai.wallet.bipWallet.WalletSupplierImpl - +BipWallet[DEPOSIT_BIP84]: BipWallet{id='DEPOSIT_BIP84', samouraiAccount=DEPOSIT, derivation=BipDerivation{purpose=84, accountIndex=0}, bipFormatDefault=SEGWIT_NATIVE, bipFormats=[SEGWIT_NATIVE], xPub='tpu...re9', bipPub='vpu...dCu'}
12:09:57.948 [main] DEBUG com.samourai.wallet.bipWallet.WalletSupplierImpl - +BipWallet[PREMIX_BIP84]: BipWallet{id='PREMIX_BIP84', samouraiAccount=PREMIX, derivation=BipDerivation{purpose=84, accountIndex=2147483645}, bipFormatDefault=SEGWIT_NATIVE, bipFormats=[SEGWIT_NATIVE], xPub='tpu...hvr', bipPub='vpu...4mL'}
12:09:57.948 [main] DEBUG com.samourai.wallet.bipWallet.WalletSupplierImpl - +BipWallet[POSTMIX_BIP84]: BipWallet{id='POSTMIX_BIP84', samouraiAccount=POSTMIX, derivation=BipDerivation{purpose=84, accountIndex=2147483646}, bipFormatDefault=SEGWIT_NATIVE, bipFormats=[SEGWIT_NATIVE, SEGWIT_COMPAT, LEGACY], xPub='tpu...sQD', bipPub='vpu...nrW'}
12:09:57.948 [main] DEBUG com.samourai.wallet.bipWallet.WalletSupplierImpl - +BipWallet[ASB_BIP84]: BipWallet{id='ASB_BIP84', samouraiAccount=SWAPS_ASB, derivation=BipDerivation{purpose=84, accountIndex=2147483641}, bipFormatDefault=SEGWIT_NATIVE, bipFormats=[SEGWIT_NATIVE], xPub='tpu...p4i', bipPub='vpu...sEH'}
12:09:57.948 [main] DEBUG com.samourai.wallet.bipWallet.WalletSupplierImpl - +BipWallet[SWAPS_DEPOSIT]: BipWallet{id='SWAPS_DEPOSIT', samouraiAccount=SWAPS_DEPOSIT, derivation=BipDerivation{purpose=84, accountIndex=2147483643}, bipFormatDefault=SEGWIT_NATIVE, bipFormats=[SEGWIT_NATIVE], xPub='tpu...3s7', bipPub='vpu...HpJ'}
12:09:57.948 [main] DEBUG com.samourai.wallet.bipWallet.WalletSupplierImpl - +BipWallet[SWAPS_REFUNDS]: BipWallet{id='SWAPS_REFUNDS', samouraiAccount=SWAPS_REFUNDS, derivation=BipDerivation{purpose=84, accountIndex=2147483642}, bipFormatDefault=SEGWIT_NATIVE, bipFormats=[SEGWIT_NATIVE], xPub='tpu...rMX', bipPub='vpu...Sr9'}
12:09:57.948 [main] DEBUG com.samourai.wallet.bipWallet.WalletSupplierImpl - +BipWallet[BADBANK_BIP84]: BipWallet{id='BADBANK_BIP84', samouraiAccount=BADBANK, derivation=BipDerivation{purpose=84, accountIndex=2147483644}, bipFormatDefault=SEGWIT_NATIVE, bipFormats=[SEGWIT_NATIVE], xPub='tpu...hmu', bipPub='vpu...tNY'}
12:09:57.948 [main] DEBUG com.samourai.wallet.bipWallet.WalletSupplierImpl - +BipWallet[RICOCHET_BIP84]: BipWallet{id='RICOCHET_BIP84', samouraiAccount=RICOCHET, derivation=BipDerivation{purpose=84, accountIndex=2147483647}, bipFormatDefault=SEGWIT_NATIVE, bipFormats=[SEGWIT_NATIVE], xPub='tpu...UMc', bipPub='vpu...knj'}
12:09:57.948 [main] DEBUG com.samourai.wallet.api.backend.BackendApi - urlBackend=https://api.samouraiwallet.com/test/v2, oAuth=no
12:09:57.948 [main] DEBUG com.samourai.wallet.util.LogbackUtils - Log level set to DEBUG for the logger 'com.samourai'
12:09:57.948 [main] DEBUG com.samourai.wallet.util.LogbackUtils - Log level set to DEBUG for the logger 'com.samourai.whirlpool.client'
12:09:57.948 [main] DEBUG com.samourai.wallet.util.LogbackUtils - Log level set to DEBUG for the logger 'com.samourai.whirlpool.client.mix.dialog'
12:09:57.948 [main] DEBUG com.samourai.wallet.util.LogbackUtils - Log level set to DEBUG for the logger 'com.samourai.stomp.client'
12:09:57.948 [main] DEBUG com.samourai.wallet.util.LogbackUtils - Log level set to DEBUG for the logger 'com.samourai.wallet.util.FeeUtil'
12:09:57.948 [main] DEBUG com.samourai.wallet.util.LogbackUtils - Log level set to DEBUG for the logger 'com.samourai.whirlpool.client.utils'
12:09:57.948 [main] DEBUG com.samourai.wallet.util.LogbackUtils - Log level set to DEBUG for the logger 'com.samourai.whirlpool.client.wallet'
12:09:57.948 [main] DEBUG com.samourai.wallet.util.LogbackUtils - Log level set to DEBUG for the logger 'com.samourai.wallet.cahoots'
12:09:57.948 [main] DEBUG com.samourai.wallet.util.LogbackUtils - Log level set to DEBUG for the logger 'com.samourai.wallet.cahoots.stowaway'
12:09:57.948 [main] DEBUG com.samourai.wallet.util.LogbackUtils - Log level set to DEBUG for the logger 'com.samourai.wallet.cahoots.stonewallx2'
12:09:57.948 [main] DEBUG com.samourai.wallet.util.LogbackUtils - Log level set to DEBUG for the logger 'com.samourai.wallet.sorobanClient'
12:09:57.948 [main] DEBUG com.samourai.wallet.util.LogbackUtils - Log level set to DEBUG for the logger 'com.samourai.soroban.client'
12:09:57.948 [main] DEBUG com.samourai.wallet.util.LogbackUtils - Log level set to DEBUG for the logger 'com.samourai.soroban.client.rpc'
12:09:57.948 [main] DEBUG com.samourai.wallet.util.LogbackUtils - Log level set to DEBUG for the logger 'com.samourai.soroban.client.dialog'
12:09:57.948 [main] DEBUG com.samourai.wallet.util.LogbackUtils - Log level set to DEBUG for the logger 'com.samourai.soroban.client.meeting'
12:09:57.948 [main] DEBUG com.samourai.wallet.util.LogbackUtils - Log level set to DEBUG for the logger 'com.samourai.whirlpool.client.wallet.orchestrator'
12:09:57.948 [main] DEBUG com.samourai.wallet.util.LogbackUtils - Log level set to ERROR for the logger 'org.bitcoinj'
12:09:57.948 [main] DEBUG com.samourai.wallet.util.LogbackUtils - Log level set to WARN for the logger 'org.bitcoin'
12:09:57.948 [main] DEBUG com.samourai.wallet.util.LogbackUtils - Log level set to INFO for the logger 'org.eclipse.jetty'
12:09:58.021 [main] DEBUG com.samourai.wallet.bipWallet.WalletSupplierImpl - +BipWallet[DEPOSIT_BIP44]: BipWallet{id='DEPOSIT_BIP44', samouraiAccount=DEPOSIT, derivation=BipDerivation{purpose=44, accountIndex=0}, bipFormatDefault=LEGACY, bipFormats=[LEGACY], xPub='tpu...LZp', bipPub='tpu...LZp'}
12:09:58.021 [main] DEBUG com.samourai.wallet.bipWallet.WalletSupplierImpl - +BipWallet[DEPOSIT_BIP49]: BipWallet{id='DEPOSIT_BIP49', samouraiAccount=DEPOSIT, derivation=BipDerivation{purpose=49, accountIndex=0}, bipFormatDefault=SEGWIT_COMPAT, bipFormats=[SEGWIT_COMPAT], xPub='tpu...2dH', bipPub='upu...bSs'}
12:09:58.021 [main] DEBUG com.samourai.wallet.bipWallet.WalletSupplierImpl - +BipWallet[DEPOSIT_BIP84]: BipWallet{id='DEPOSIT_BIP84', samouraiAccount=DEPOSIT, derivation=BipDerivation{purpose=84, accountIndex=0}, bipFormatDefault=SEGWIT_NATIVE, bipFormats=[SEGWIT_NATIVE], xPub='tpu...MfN', bipPub='vpu...sew'}
12:09:58.021 [main] DEBUG com.samourai.wallet.bipWallet.WalletSupplierImpl - +BipWallet[PREMIX_BIP84]: BipWallet{id='PREMIX_BIP84', samouraiAccount=PREMIX, derivation=BipDerivation{purpose=84, accountIndex=2147483645}, bipFormatDefault=SEGWIT_NATIVE, bipFormats=[SEGWIT_NATIVE], xPub='tpu...y1p', bipPub='vpu...D4a'}
12:09:58.021 [main] DEBUG com.samourai.wallet.bipWallet.WalletSupplierImpl - +BipWallet[POSTMIX_BIP84]: BipWallet{id='POSTMIX_BIP84', samouraiAccount=POSTMIX, derivation=BipDerivation{purpose=84, accountIndex=2147483646}, bipFormatDefault=SEGWIT_NATIVE, bipFormats=[SEGWIT_NATIVE, SEGWIT_COMPAT, LEGACY], xPub='tpu...NLN', bipPub='vpu...RKR'}
12:09:58.021 [main] DEBUG com.samourai.wallet.bipWallet.WalletSupplierImpl - +BipWallet[BADBANK_BIP84]: BipWallet{id='BADBANK_BIP84', samouraiAccount=BADBANK, derivation=BipDerivation{purpose=84, accountIndex=2147483644}, bipFormatDefault=SEGWIT_NATIVE, bipFormats=[SEGWIT_NATIVE], xPub='tpu...86t', bipPub='vpu...XXs'}
12:09:58.117 [main] DEBUG com.samourai.wallet.bipWallet.WalletSupplierImpl - +BipWallet[DEPOSIT_BIP44]: BipWallet{id='DEPOSIT_BIP44', samouraiAccount=DEPOSIT, derivation=BipDerivation{purpose=44, accountIndex=0}, bipFormatDefault=LEGACY, bipFormats=[LEGACY], xPub='tpu...XeJ', bipPub='tpu...XeJ'}
12:09:58.117 [main] DEBUG com.samourai.wallet.bipWallet.WalletSupplierImpl - +BipWallet[DEPOSIT_BIP49]: BipWallet{id='DEPOSIT_BIP49', samouraiAccount=DEPOSIT, derivation=BipDerivation{purpose=49, accountIndex=0}, bipFormatDefault=SEGWIT_COMPAT, bipFormats=[SEGWIT_COMPAT], xPub='tpu...TBn', bipPub='upu...QVy'}
12:09:58.117 [main] DEBUG com.samourai.wallet.bipWallet.WalletSupplierImpl - +BipWallet[DEPOSIT_BIP84]: BipWallet{id='DEPOSIT_BIP84', samouraiAccount=DEPOSIT, derivation=BipDerivation{purpose=84, accountIndex=0}, bipFormatDefault=SEGWIT_NATIVE, bipFormats=[SEGWIT_NATIVE], xPub='tpu...Nbr', bipPub='vpu...R4q'}
12:09:58.117 [main] DEBUG com.samourai.wallet.bipWallet.WalletSupplierImpl - +BipWallet[PREMIX_BIP84]: BipWallet{id='PREMIX_BIP84', samouraiAccount=PREMIX, derivation=BipDerivation{purpose=84, accountIndex=2147483645}, bipFormatDefault=SEGWIT_NATIVE, bipFormats=[SEGWIT_NATIVE], xPub='tpu...ZBX', bipPub='vpu...XxM'}
12:09:58.117 [main] DEBUG com.samourai.wallet.bipWallet.WalletSupplierImpl - +BipWallet[POSTMIX_BIP84]: BipWallet{id='POSTMIX_BIP84', samouraiAccount=POSTMIX, derivation=BipDerivation{purpose=84, accountIndex=2147483646}, bipFormatDefault=SEGWIT_NATIVE, bipFormats=[SEGWIT_NATIVE, SEGWIT_COMPAT, LEGACY], xPub='tpu...do5', bipPub='vpu...2eX'}
12:09:58.117 [main] DEBUG com.samourai.wallet.bipWallet.WalletSupplierImpl - +BipWallet[BADBANK_BIP84]: BipWallet{id='BADBANK_BIP84', samouraiAccount=BADBANK, derivation=BipDerivation{purpose=84, accountIndex=2147483644}, bipFormatDefault=SEGWIT_NATIVE, bipFormats=[SEGWIT_NATIVE], xPub='tpu...QxP', bipPub='vpu...M4F'}
12:09:58.143 [main] DEBUG com.samourai.http.client.JettyHttpClient - +httpClient: no proxy
12:09:58.294 [main] DEBUG com.samourai.wallet.bipWallet.WalletSupplierImpl - +BipWallet[DEPOSIT_BIP44]: BipWallet{id='DEPOSIT_BIP44', samouraiAccount=DEPOSIT, derivation=BipDerivation{purpose=44, accountIndex=0}, bipFormatDefault=LEGACY, bipFormats=[LEGACY], xPub='tpu...LwY', bipPub='tpu...LwY'}
12:09:58.294 [main] DEBUG com.samourai.wallet.bipWallet.WalletSupplierImpl - +BipWallet[DEPOSIT_BIP49]: BipWallet{id='DEPOSIT_BIP49', samouraiAccount=DEPOSIT, derivation=BipDerivation{purpose=49, accountIndex=0}, bipFormatDefault=SEGWIT_COMPAT, bipFormats=[SEGWIT_COMPAT], xPub='tpu...eV2', bipPub='upu...38D'}
12:09:58.294 [main] DEBUG com.samourai.wallet.bipWallet.WalletSupplierImpl - +BipWallet[DEPOSIT_BIP84]: BipWallet{id='DEPOSIT_BIP84', samouraiAccount=DEPOSIT, derivation=BipDerivation{purpose=84, accountIndex=0}, bipFormatDefault=SEGWIT_NATIVE, bipFormats=[SEGWIT_NATIVE], xPub='tpu...re9', bipPub='vpu...dCu'}
12:09:58.294 [main] DEBUG com.samourai.wallet.bipWallet.WalletSupplierImpl - +BipWallet[PREMIX_BIP84]: BipWallet{id='PREMIX_BIP84', samouraiAccount=PREMIX, derivation=BipDerivation{purpose=84, accountIndex=2147483645}, bipFormatDefault=SEGWIT_NATIVE, bipFormats=[SEGWIT_NATIVE], xPub='tpu...hvr', bipPub='vpu...4mL'}
12:09:58.294 [main] DEBUG com.samourai.wallet.bipWallet.WalletSupplierImpl - +BipWallet[POSTMIX_BIP84]: BipWallet{id='POSTMIX_BIP84', samouraiAccount=POSTMIX, derivation=BipDerivation{purpose=84, accountIndex=2147483646}, bipFormatDefault=SEGWIT_NATIVE, bipFormats=[SEGWIT_NATIVE, SEGWIT_COMPAT, LEGACY], xPub='tpu...sQD', bipPub='vpu...nrW'}
12:09:58.294 [main] DEBUG com.samourai.wallet.bipWallet.WalletSupplierImpl - +BipWallet[ASB_BIP84]: BipWallet{id='ASB_BIP84', samouraiAccount=SWAPS_ASB, derivation=BipDerivation{purpose=84, accountIndex=2147483641}, bipFormatDefault=SEGWIT_NATIVE, bipFormats=[SEGWIT_NATIVE], xPub='tpu...p4i', bipPub='vpu...sEH'}
12:09:58.294 [main] DEBUG com.samourai.wallet.bipWallet.WalletSupplierImpl - +BipWallet[SWAPS_DEPOSIT]: BipWallet{id='SWAPS_DEPOSIT', samouraiAccount=SWAPS_DEPOSIT, derivation=BipDerivation{purpose=84, accountIndex=2147483643}, bipFormatDefault=SEGWIT_NATIVE, bipFormats=[SEGWIT_NATIVE], xPub='tpu...3s7', bipPub='vpu...HpJ'}
12:09:58.294 [main] DEBUG com.samourai.wallet.bipWallet.WalletSupplierImpl - +BipWallet[SWAPS_REFUNDS]: BipWallet{id='SWAPS_REFUNDS', samouraiAccount=SWAPS_REFUNDS, derivation=BipDerivation{purpose=84, accountIndex=2147483642}, bipFormatDefault=SEGWIT_NATIVE, bipFormats=[SEGWIT_NATIVE], xPub='tpu...rMX', bipPub='vpu...Sr9'}
12:09:58.294 [main] DEBUG com.samourai.wallet.bipWallet.WalletSupplierImpl - +BipWallet[BADBANK_BIP84]: BipWallet{id='BADBANK_BIP84', samouraiAccount=BADBANK, derivation=BipDerivation{purpose=84, accountIndex=2147483644}, bipFormatDefault=SEGWIT_NATIVE, bipFormats=[SEGWIT_NATIVE], xPub='tpu...hmu', bipPub='vpu...tNY'}
12:09:58.294 [main] DEBUG com.samourai.wallet.bipWallet.WalletSupplierImpl - +BipWallet[RICOCHET_BIP84]: BipWallet{id='RICOCHET_BIP84', samouraiAccount=RICOCHET, derivation=BipDerivation{purpose=84, accountIndex=2147483647}, bipFormatDefault=SEGWIT_NATIVE, bipFormats=[SEGWIT_NATIVE], xPub='tpu...UMc', bipPub='vpu...knj'}
12:09:58.294 [main] DEBUG com.samourai.wallet.api.backend.BackendApi - urlBackend=https://api.samouraiwallet.com/test/v2, oAuth=no
12:09:58.294 [main] DEBUG com.samourai.wallet.util.LogbackUtils - Log level set to DEBUG for the logger 'com.samourai'
12:09:58.294 [main] DEBUG com.samourai.wallet.util.LogbackUtils - Log level set to DEBUG for the logger 'com.samourai.whirlpool.client'
12:09:58.294 [main] DEBUG com.samourai.wallet.util.LogbackUtils - Log level set to DEBUG for the logger 'com.samourai.whirlpool.client.mix.dialog'
12:09:58.294 [main] DEBUG com.samourai.wallet.util.LogbackUtils - Log level set to DEBUG for the logger 'com.samourai.stomp.client'
12:09:58.294 [main] DEBUG com.samourai.wallet.util.LogbackUtils - Log level set to DEBUG for the logger 'com.samourai.wallet.util.FeeUtil'
12:09:58.294 [main] DEBUG com.samourai.wallet.util.LogbackUtils - Log level set to DEBUG for the logger 'com.samourai.whirlpool.client.utils'
12:09:58.294 [main] DEBUG com.samourai.wallet.util.LogbackUtils - Log level set to DEBUG for the logger 'com.samourai.whirlpool.client.wallet'
12:09:58.294 [main] DEBUG com.samourai.wallet.util.LogbackUtils - Log level set to DEBUG for the logger 'com.samourai.wallet.cahoots'
12:09:58.294 [main] DEBUG com.samourai.wallet.util.LogbackUtils - Log level set to DEBUG for the logger 'com.samourai.wallet.cahoots.stowaway'
12:09:58.294 [main] DEBUG com.samourai.wallet.util.LogbackUtils - Log level set to DEBUG for the logger 'com.samourai.wallet.cahoots.stonewallx2'
12:09:58.294 [main] DEBUG com.samourai.wallet.util.LogbackUtils - Log level set to DEBUG for the logger 'com.samourai.wallet.sorobanClient'
12:09:58.294 [main] DEBUG com.samourai.wallet.util.LogbackUtils - Log level set to DEBUG for the logger 'com.samourai.soroban.client'
12:09:58.294 [main] DEBUG com.samourai.wallet.util.LogbackUtils - Log level set to DEBUG for the logger 'com.samourai.soroban.client.rpc'
12:09:58.294 [main] DEBUG com.samourai.wallet.util.LogbackUtils - Log level set to DEBUG for the logger 'com.samourai.soroban.client.dialog'
12:09:58.294 [main] DEBUG com.samourai.wallet.util.LogbackUtils - Log level set to DEBUG for the logger 'com.samourai.soroban.client.meeting'
12:09:58.294 [main] DEBUG com.samourai.wallet.util.LogbackUtils - Log level set to DEBUG for the logger 'com.samourai.whirlpool.client.wallet.orchestrator'
12:09:58.294 [main] DEBUG com.samourai.wallet.util.LogbackUtils - Log level set to ERROR for the logger 'org.bitcoinj'
12:09:58.294 [main] DEBUG com.samourai.wallet.util.LogbackUtils - Log level set to WARN for the logger 'org.bitcoin'
12:09:58.294 [main] DEBUG com.samourai.wallet.util.LogbackUtils - Log level set to INFO for the logger 'org.eclipse.jetty'
12:09:58.367 [main] DEBUG com.samourai.wallet.bipWallet.WalletSupplierImpl - +BipWallet[DEPOSIT_BIP44]: BipWallet{id='DEPOSIT_BIP44', samouraiAccount=DEPOSIT, derivation=BipDerivation{purpose=44, accountIndex=0}, bipFormatDefault=LEGACY, bipFormats=[LEGACY], xPub='tpu...LZp', bipPub='tpu...LZp'}
12:09:58.367 [main] DEBUG com.samourai.wallet.bipWallet.WalletSupplierImpl - +BipWallet[DEPOSIT_BIP49]: BipWallet{id='DEPOSIT_BIP49', samouraiAccount=DEPOSIT, derivation=BipDerivation{purpose=49, accountIndex=0}, bipFormatDefault=SEGWIT_COMPAT, bipFormats=[SEGWIT_COMPAT], xPub='tpu...2dH', bipPub='upu...bSs'}
12:09:58.367 [main] DEBUG com.samourai.wallet.bipWallet.WalletSupplierImpl - +BipWallet[DEPOSIT_BIP84]: BipWallet{id='DEPOSIT_BIP84', samouraiAccount=DEPOSIT, derivation=BipDerivation{purpose=84, accountIndex=0}, bipFormatDefault=SEGWIT_NATIVE, bipFormats=[SEGWIT_NATIVE], xPub='tpu...MfN', bipPub='vpu...sew'}
12:09:58.367 [main] DEBUG com.samourai.wallet.bipWallet.WalletSupplierImpl - +BipWallet[PREMIX_BIP84]: BipWallet{id='PREMIX_BIP84', samouraiAccount=PREMIX, derivation=BipDerivation{purpose=84, accountIndex=2147483645}, bipFormatDefault=SEGWIT_NATIVE, bipFormats=[SEGWIT_NATIVE], xPub='tpu...y1p', bipPub='vpu...D4a'}
12:09:58.367 [main] DEBUG com.samourai.wallet.bipWallet.WalletSupplierImpl - +BipWallet[POSTMIX_BIP84]: BipWallet{id='POSTMIX_BIP84', samouraiAccount=POSTMIX, derivation=BipDerivation{purpose=84, accountIndex=2147483646}, bipFormatDefault=SEGWIT_NATIVE, bipFormats=[SEGWIT_NATIVE, SEGWIT_COMPAT, LEGACY], xPub='tpu...NLN', bipPub='vpu...RKR'}
12:09:58.367 [main] DEBUG com.samourai.wallet.bipWallet.WalletSupplierImpl - +BipWallet[BADBANK_BIP84]: BipWallet{id='BADBANK_BIP84', samouraiAccount=BADBANK, derivation=BipDerivation{purpose=84, accountIndex=2147483644}, bipFormatDefault=SEGWIT_NATIVE, bipFormats=[SEGWIT_NATIVE], xPub='tpu...86t', bipPub='vpu...XXs'}
12:09:58.463 [main] DEBUG com.samourai.wallet.bipWallet.WalletSupplierImpl - +BipWallet[DEPOSIT_BIP44]: BipWallet{id='DEPOSIT_BIP44', samouraiAccount=DEPOSIT, derivation=BipDerivation{purpose=44, accountIndex=0}, bipFormatDefault=LEGACY, bipFormats=[LEGACY], xPub='tpu...XeJ', bipPub='tpu...XeJ'}
12:09:58.463 [main] DEBUG com.samourai.wallet.bipWallet.WalletSupplierImpl - +BipWallet[DEPOSIT_BIP49]: BipWallet{id='DEPOSIT_BIP49', samouraiAccount=DEPOSIT, derivation=BipDerivation{purpose=49, accountIndex=0}, bipFormatDefault=SEGWIT_COMPAT, bipFormats=[SEGWIT_COMPAT], xPub='tpu...TBn', bipPub='upu...QVy'}
12:09:58.463 [main] DEBUG com.samourai.wallet.bipWallet.WalletSupplierImpl - +BipWallet[DEPOSIT_BIP84]: BipWallet{id='DEPOSIT_BIP84', samouraiAccount=DEPOSIT, derivation=BipDerivation{purpose=84, accountIndex=0}, bipFormatDefault=SEGWIT_NATIVE, bipFormats=[SEGWIT_NATIVE], xPub='tpu...Nbr', bipPub='vpu...R4q'}
12:09:58.463 [main] DEBUG com.samourai.wallet.bipWallet.WalletSupplierImpl - +BipWallet[PREMIX_BIP84]: BipWallet{id='PREMIX_BIP84', samouraiAccount=PREMIX, derivation=BipDerivation{purpose=84, accountIndex=2147483645}, bipFormatDefault=SEGWIT_NATIVE, bipFormats=[SEGWIT_NATIVE], xPub='tpu...ZBX', bipPub='vpu...XxM'}
12:09:58.463 [main] DEBUG com.samourai.wallet.bipWallet.WalletSupplierImpl - +BipWallet[POSTMIX_BIP84]: BipWallet{id='POSTMIX_BIP84', samouraiAccount=POSTMIX, derivation=BipDerivation{purpose=84, accountIndex=2147483646}, bipFormatDefault=SEGWIT_NATIVE, bipFormats=[SEGWIT_NATIVE, SEGWIT_COMPAT, LEGACY], xPub='tpu...do5', bipPub='vpu...2eX'}
12:09:58.463 [main] DEBUG com.samourai.wallet.bipWallet.WalletSupplierImpl - +BipWallet[BADBANK_BIP84]: BipWallet{id='BADBANK_BIP84', samouraiAccount=BADBANK, derivation=BipDerivation{purpose=84, accountIndex=2147483644}, bipFormatDefault=SEGWIT_NATIVE, bipFormats=[SEGWIT_NATIVE], xPub='tpu...QxP', bipPub='vpu...M4F'}
12:09:58.491 [main] DEBUG com.samourai.wallet.cahoots.stonewallx2.Stonewallx2Service - # STONEWALLx2 INITIATOR => step=0
12:09:58.491 [main] DEBUG com.samourai.wallet.cahoots.AbstractCahootsTest - #0 SENDER => {"cahoots":{"psbt":"","destPaynym":"","cpty_account":0,"spend_amount":5000,"outpoints":[],"type":0,"params":"testnet","dest":"muimRQFJKMJM1pTminJxiD5HrPgSu257tX","version":2,"fee_amount":0,"fingerprint":"eed8a1cd","step":0,"collabChange":"","id":"7e7e651dd3eb5abd5c0140184e2c384bd76527833136a104a3b19e9724ec5d5b","account":0,"ts":1711645798}}
12:09:58.491 [main] DEBUG com.samourai.wallet.cahoots.stonewallx2.Stonewallx2Service - BIP FORMAT:: LEGACY
12:09:58.491 [main] DEBUG com.samourai.wallet.cahoots.stonewallx2.Stonewallx2Service - +output (CounterParty Mix) = mpDZcNk5owZ2eXWzgWEnGTeYeE6SF6Sz9g
12:09:58.491 [main] DEBUG com.samourai.wallet.cahoots.AbstractCahoots2xService - ###### BEGIN doSTONEWALLx2_1 STONEWALLX2/COUNTERPARTY
12:09:58.491 [main] DEBUG com.samourai.wallet.cahoots.AbstractCahoots2xService -  * outpoints={}
12:09:58.491 [main] DEBUG com.samourai.wallet.cahoots.AbstractCahoots2xService -  * tx=null
12:09:58.491 [main] DEBUG com.samourai.wallet.cahoots.stonewallx2.Stonewallx2Service - BIP84 utxos:1
12:09:58.491 [main] DEBUG com.samourai.wallet.cahoots.stonewallx2.Stonewallx2Service - BIP84 selected utxo: CahootsUtxo{utxo=9407b31fd0159dc4dd3f5377e3b18e4b4aafef2977a52e76b95c3f899cbb05ad:1, value=10000, address=tb1qh287jqsh6mkpqmd8euumyfam00fkr78qhrdnde, path=null, xpub=tpubDCKFqGcC4KmHwUHG6orVRRUQZZZ3s9kQ64YUufULo9SY1E35aJwa2MH18AxuKddtJzfjMzCgKTEgBJx3WAGxYxVdMxeTYK5Xbtsv5P6fNbr}
12:09:58.491 [main] DEBUG com.samourai.wallet.cahoots.stonewallx2.Stonewallx2Service - 1 selected utxos, totalContributedAmount=10000, requiredAmount=5546
12:09:58.492 [main] DEBUG com.samourai.wallet.cahoots.stonewallx2.Stonewallx2Service - +output (CounterParty change) = tb1qv4ak4l0w76qflk4uulavu22kxtaajnltkzxyq5
12:09:58.492 [main] DEBUG com.samourai.wallet.cahoots.AbstractCahoots2xService - ###### END doSTONEWALLx2_1 STONEWALLX2/COUNTERPARTY
12:09:58.492 [main] DEBUG com.samourai.wallet.cahoots.AbstractCahoots2xService -  * outpoints={9407b31fd0159dc4dd3f5377e3b18e4b4aafef2977a52e76b95c3f899cbb05ad-1=10000}
12:09:58.492 [main] DEBUG com.samourai.wallet.cahoots.AbstractCahoots2xService -  * tx=  d86402999930481daf502acd023e8c33384736525392336bf573cd34fec9f3fb
  version 2
  time locked until block 1234
  opts into full replace-by-fee
     in    0.0001 BTC
          outpoint:9407b31fd0159dc4dd3f5377e3b18e4b4aafef2977a52e76b95c3f899cbb05ad:1
          sequence:fffffffd, opts into full RBF
     out  DUP HASH160 PUSHDATA(20)[5f6f1ffd91751f52b20e0c0dad81daa6211d6076] EQUALVERIFY CHECKSIG 0.00005 BTC
     out  0[] PUSHDATA(20)[657b6afdeef6809fdabce7face295632fbd94feb] 0.00005 BTC
     fee  0.00 BTC/kB, 0.00 BTC for 116 bytes
     prps UNKNOWN

12:09:58.492 [main] DEBUG com.samourai.wallet.cahoots.stonewallx2.Stonewallx2Service - # STONEWALLx2 COUNTERPARTY => step=1
12:09:58.492 [main] DEBUG com.samourai.wallet.cahoots.AbstractCahootsTest - #1 COUNTERPARTY => {"cahoots":{"fingerprint_collab":"f0d70870","psbt":"abZy8000000rlSO:QHS)2T(H[0je5iZ{@$Dvu#xXx?EV2ZO1WYP-u/Ac<-5DHo9F.=ilq2&D09=bRGHd*wr!=6>7(^>4CmV5tH4g(zKx(&eqb:uI5)c!K&>{GmMP7w0<TIR9!g/D8+bp:0(A8i!4P*pU?+Uf.-Byc8QK]k+fAtZ63P#XiigP@9F*IR3cR{000","destPaynym":"","cpty_account":0,"spend_amount":5000,"outpoints":[{"value":10000,"outpoint":"9407b31fd0159dc4dd3f5377e3b18e4b4aafef2977a52e76b95c3f899cbb05ad-1"}],"type":0,"params":"testnet","dest":"muimRQFJKMJM1pTminJxiD5HrPgSu257tX","version":2,"fee_amount":0,"fingerprint":"eed8a1cd","step":1,"collabChange":"tb1qv4ak4l0w76qflk4uulavu22kxtaajnltkzxyq5","id":"7e7e651dd3eb5abd5c0140184e2c384bd76527833136a104a3b19e9724ec5d5b","account":0,"ts":1711645798}}
12:09:58.493 [main] DEBUG com.samourai.wallet.cahoots.stonewallx2.Stonewallx2Service - # STONEWALLx2 SENDER <= step=1
12:09:58.493 [main] DEBUG com.samourai.wallet.cahoots.AbstractCahoots2xService - ###### BEGIN doSTONEWALLx2_2 STONEWALLX2/SENDER
12:09:58.493 [main] DEBUG com.samourai.wallet.cahoots.AbstractCahoots2xService -  * outpoints={9407b31fd0159dc4dd3f5377e3b18e4b4aafef2977a52e76b95c3f899cbb05ad-1=10000}
12:09:58.493 [main] DEBUG com.samourai.wallet.cahoots.AbstractCahoots2xService -  * tx=  d86402999930481daf502acd023e8c33384736525392336bf573cd34fec9f3fb
  version 2
  time locked until block 1234
  opts into full replace-by-fee
     in   
          outpoint:9407b31fd0159dc4dd3f5377e3b18e4b4aafef2977a52e76b95c3f899cbb05ad:1
          sequence:fffffffd, opts into full RBF
     out  DUP HASH160 PUSHDATA(20)[5f6f1ffd91751f52b20e0c0dad81daa6211d6076] EQUALVERIFY CHECKSIG 0.00005 BTC
     out  0[] PUSHDATA(20)[657b6afdeef6809fdabce7face295632fbd94feb] 0.00005 BTC
     prps UNKNOWN

12:09:58.493 [main] DEBUG com.samourai.wallet.cahoots.stonewallx2.Stonewallx2Service - step2 tx:0200000001ad05bb9c893f5cb9762ea57729efaf4a4b8eb1e377533fddc49d15d01fb307940100000000fdffffff0288130000000000001976a9145f6f1ffd91751f52b20e0c0dad81daa6211d607688ac8813000000000000160014657b6afdeef6809fdabce7face295632fbd94febd2040000
12:09:58.493 [main] DEBUG com.samourai.wallet.cahoots.stonewallx2.Stonewallx2Service - step2 tx:  d86402999930481daf502acd023e8c33384736525392336bf573cd34fec9f3fb
  version 2
  time locked until block 1234
  opts into full replace-by-fee
     in   
          outpoint:9407b31fd0159dc4dd3f5377e3b18e4b4aafef2977a52e76b95c3f899cbb05ad:1
          sequence:fffffffd, opts into full RBF
     out  DUP HASH160 PUSHDATA(20)[5f6f1ffd91751f52b20e0c0dad81daa6211d6076] EQUALVERIFY CHECKSIG 0.00005 BTC
     out  0[] PUSHDATA(20)[657b6afdeef6809fdabce7face295632fbd94feb] 0.00005 BTC
     prps UNKNOWN

12:09:58.493 [main] DEBUG com.samourai.wallet.cahoots.stonewallx2.Stonewallx2Service - BIP84 utxos:1
12:09:58.493 [main] DEBUG com.samourai.wallet.cahoots.stonewallx2.Stonewallx2Service - BIP84 selected utxo: CahootsUtxo{utxo=14cf9c6be92efcfe628aabd32b02c85e763615ddd430861bc18f6d366e4c4fd5:1, value=10000, address=tb1qkymumss6zj0rxy9l3v5vqxqwwffy8jjsyhrkrg, path=null, xpub=tpubDDLBK9gJk4HdPCDzF4Yhxx3u6q1QWo7iZAPVHfsFjLp9rUxXf79FPEK4cKMiV1jrJqrCCVJnciMh1kau2xZtjpZ5DoiaK3RbF6MffFWXMfN}
12:09:58.493 [main] DEBUG com.samourai.wallet.cahoots.stonewallx2.Stonewallx2Service - fee:284
12:09:58.493 [main] DEBUG com.samourai.wallet.cahoots.stonewallx2.Stonewallx2Service - 1 selected utxos, totalContributedAmount=10000, requiredAmount=5830
12:09:58.493 [main] DEBUG com.samourai.wallet.cahoots.stonewallx2.Stonewallx2Service - fee pair:284
12:09:58.493 [main] DEBUG com.samourai.wallet.cahoots.stonewallx2.Stonewallx2Service - destination:muimRQFJKMJM1pTminJxiD5HrPgSu257tX
12:09:58.493 [main] DEBUG com.samourai.wallet.cahoots.stonewallx2.Stonewallx2Service - output value post fee:4858
12:09:58.493 [main] DEBUG com.samourai.wallet.cahoots.stonewallx2.Stonewallx2Service - +output (Spender change) = tb1qfe8765vcdka0xgkjkdhxjzux8raq7qsyamffad
12:09:58.493 [main] DEBUG com.samourai.wallet.cahoots.AbstractCahoots2xService - ###### END doSTONEWALLx2_2 STONEWALLX2/SENDER
12:09:58.493 [main] DEBUG com.samourai.wallet.cahoots.AbstractCahoots2xService -  * outpoints={14cf9c6be92efcfe628aabd32b02c85e763615ddd430861bc18f6d366e4c4fd5-1=10000, 9407b31fd0159dc4dd3f5377e3b18e4b4aafef2977a52e76b95c3f899cbb05ad-1=10000}
12:09:58.493 [main] DEBUG com.samourai.wallet.cahoots.AbstractCahoots2xService -  * tx=  ed971ecf7a4a04ec49c08074e24aae9824f10d166bc910c7b7d4c7d4937f345b
  version 2
  time locked until block 1234
  opts into full replace-by-fee
     in   
          outpoint:9407b31fd0159dc4dd3f5377e3b18e4b4aafef2977a52e76b95c3f899cbb05ad:1
          sequence:fffffffd, opts into full RBF
     in    0.0001 BTC
          outpoint:14cf9c6be92efcfe628aabd32b02c85e763615ddd430861bc18f6d366e4c4fd5:1
          sequence:fffffffd, opts into full RBF
     out  DUP HASH160 PUSHDATA(20)[5f6f1ffd91751f52b20e0c0dad81daa6211d6076] EQUALVERIFY CHECKSIG 0.00005 BTC
     out  0[] PUSHDATA(20)[657b6afdeef6809fdabce7face295632fbd94feb] 0.00004858 BTC
     out  DUP HASH160 PUSHDATA(20)[9bcdad097fa4695a3bdab991e3212da04002ce40] EQUALVERIFY CHECKSIG 0.00005 BTC
     out  0[] PUSHDATA(20)[4e4fed51986dbaf322d2b36e690b8638fa0f0204] 0.00004858 BTC
     prps UNKNOWN

12:09:58.493 [main] DEBUG com.samourai.wallet.cahoots.stonewallx2.Stonewallx2Service - # STONEWALLx2 SENDER => step=2
12:09:58.493 [main] DEBUG com.samourai.wallet.cahoots.AbstractCahootsTest - #2 SENDER => {"cahoots":{"fingerprint_collab":"f0d70870","psbt":"abZy8000000rmh7:.-s?2Nado)<o49@6LD6[NTo8c2]-9Dk[[XByVg0PA++pP>I!DUJ@&8(bNE7=MO{uM5@Uxidc-wz*d3%y6eue9g8-PO9*eATe}J{OaUP7+XERs@R1)7(c])hy(VepW6JgSzzaBg@:D2v7A9hOu^rQ8u0zX79GPhfcbz&jm{>RcA(o<}C5L>m^HRbD5Z#{V*CrQYD][T@y$aMEf(swxpx3J]V!^OeW<6@MOx{c)8y83/KK[GiZ#2DeP1=3st4Yx1h6}1A.(75S0Sh<xo=@5zf9QnP0NpYC00","destPaynym":"","cpty_account":0,"spend_amount":5000,"outpoints":[{"value":10000,"outpoint":"14cf9c6be92efcfe628aabd32b02c85e763615ddd430861bc18f6d366e4c4fd5-1"},{"value":10000,"outpoint":"9407b31fd0159dc4dd3f5377e3b18e4b4aafef2977a52e76b95c3f899cbb05ad-1"}],"type":0,"params":"testnet","dest":"muimRQFJKMJM1pTminJxiD5HrPgSu257tX","version":2,"fee_amount":284,"fingerprint":"eed8a1cd","step":2,"collabChange":"tb1qv4ak4l0w76qflk4uulavu22kxtaajnltkzxyq5","id":"7e7e651dd3eb5abd5c0140184e2c384bd76527833136a104a3b19e9724ec5d5b","account":0,"ts":1711645798}}
12:09:58.494 [main] DEBUG com.samourai.wallet.cahoots.stonewallx2.Stonewallx2Service - # STONEWALLx2 COUNTERPARTY <= step=2
12:09:58.494 [main] DEBUG com.samourai.wallet.cahoots.AbstractCahoots2xService - ###### BEGIN doStep3 STONEWALLX2/COUNTERPARTY
12:09:58.494 [main] DEBUG com.samourai.wallet.cahoots.AbstractCahoots2xService -  * outpoints={14cf9c6be92efcfe628aabd32b02c85e763615ddd430861bc18f6d366e4c4fd5-1=10000, 9407b31fd0159dc4dd3f5377e3b18e4b4aafef2977a52e76b95c3f899cbb05ad-1=10000}
12:09:58.494 [main] DEBUG com.samourai.wallet.cahoots.AbstractCahoots2xService -  * tx=  ed971ecf7a4a04ec49c08074e24aae9824f10d166bc910c7b7d4c7d4937f345b
  version 2
  time locked until block 1234
  opts into full replace-by-fee
     in   
          outpoint:9407b31fd0159dc4dd3f5377e3b18e4b4aafef2977a52e76b95c3f899cbb05ad:1
          sequence:fffffffd, opts into full RBF
     in   
          outpoint:14cf9c6be92efcfe628aabd32b02c85e763615ddd430861bc18f6d366e4c4fd5:1
          sequence:fffffffd, opts into full RBF
     out  DUP HASH160 PUSHDATA(20)[5f6f1ffd91751f52b20e0c0dad81daa6211d6076] EQUALVERIFY CHECKSIG 0.00005 BTC
     out  0[] PUSHDATA(20)[657b6afdeef6809fdabce7face295632fbd94feb] 0.00004858 BTC
     out  DUP HASH160 PUSHDATA(20)[9bcdad097fa4695a3bdab991e3212da04002ce40] EQUALVERIFY CHECKSIG 0.00005 BTC
     out  0[] PUSHDATA(20)[4e4fed51986dbaf322d2b36e690b8638fa0f0204] 0.00004858 BTC
     prps UNKNOWN

12:09:58.494 [main] DEBUG com.samourai.wallet.cahoots.Cahoots2x - signTx:  142cceb968e279c8d2e9ddda31c61b7d30baac488d06aa1312275607b38cadac
  version 2
  time locked until block 1234
  opts into full replace-by-fee
     in   
          outpoint:14cf9c6be92efcfe628aabd32b02c85e763615ddd430861bc18f6d366e4c4fd5:1
          sequence:fffffffd, opts into full RBF
     in   
          outpoint:9407b31fd0159dc4dd3f5377e3b18e4b4aafef2977a52e76b95c3f899cbb05ad:1
          sequence:fffffffd, opts into full RBF
     out  0[] PUSHDATA(20)[4e4fed51986dbaf322d2b36e690b8638fa0f0204] 0.00004858 BTC
     out  0[] PUSHDATA(20)[657b6afdeef6809fdabce7face295632fbd94feb] 0.00004858 BTC
     out  DUP HASH160 PUSHDATA(20)[5f6f1ffd91751f52b20e0c0dad81daa6211d6076] EQUALVERIFY CHECKSIG 0.00005 BTC
     out  DUP HASH160 PUSHDATA(20)[9bcdad097fa4695a3bdab991e3212da04002ce40] EQUALVERIFY CHECKSIG 0.00005 BTC
     prps UNKNOWN

12:09:58.494 [main] DEBUG com.samourai.wallet.cahoots.Cahoots2x - signTx outpoint:9407b31fd0159dc4dd3f5377e3b18e4b4aafef2977a52e76b95c3f899cbb05ad:1
12:09:58.494 [main] DEBUG com.samourai.wallet.cahoots.Cahoots2x - signTx bech32:tb1qyvqh86akdkhnh8fh7j0q7n8j78k0wruz5et8tj
12:09:58.494 [main] DEBUG com.samourai.wallet.cahoots.Cahoots2x - signTx value:10000
12:09:58.494 [main] DEBUG com.samourai.wallet.cahoots.AbstractCahootsService - [STONEWALLX2/COUNTERPARTY] computeSpendAmount: keyBag=[9407b31fd0159dc4dd3f5377e3b18e4b4aafef2977a52e76b95c3f899cbb05ad:1]
12:09:58.494 [main] DEBUG com.samourai.wallet.cahoots.AbstractCahootsService - [STONEWALLX2/COUNTERPARTY] computeSpendAmount: +input 10000 9407b31fd0159dc4dd3f5377e3b18e4b4aafef2977a52e76b95c3f899cbb05ad:1
12:09:58.494 [main] DEBUG com.samourai.wallet.cahoots.AbstractCahootsService - [STONEWALLX2/COUNTERPARTY] computeSpendAmount: -output 4858 tb1qv4ak4l0w76qflk4uulavu22kxtaajnltkzxyq5
12:09:58.494 [main] DEBUG com.samourai.wallet.cahoots.AbstractCahootsService - [STONEWALLX2/COUNTERPARTY] computeSpendAmount: -output 5000 mpDZcNk5owZ2eXWzgWEnGTeYeE6SF6Sz9g
12:09:58.494 [main] DEBUG com.samourai.wallet.cahoots.AbstractCahootsService - [STONEWALLX2/COUNTERPARTY] computeSpendAmount = 142
12:09:58.494 [main] DEBUG com.samourai.wallet.cahoots.stonewallx2.Stonewallx2Service - [STONEWALLX2/COUNTERPARTY] maxSpendAmount = 142: sharedMinerFee=142
12:09:58.494 [main] DEBUG com.samourai.wallet.cahoots.AbstractCahoots2xService - [STONEWALLX2/COUNTERPARTY] COUNTERPARTY verifiedSpendAmount=142, maxSpendAmount=142
12:09:58.494 [main] DEBUG com.samourai.wallet.cahoots.AbstractCahoots2xService - ###### END doStep3 STONEWALLX2/COUNTERPARTY
12:09:58.494 [main] DEBUG com.samourai.wallet.cahoots.AbstractCahoots2xService -  * outpoints={14cf9c6be92efcfe628aabd32b02c85e763615ddd430861bc18f6d366e4c4fd5-1=10000, 9407b31fd0159dc4dd3f5377e3b18e4b4aafef2977a52e76b95c3f899cbb05ad-1=10000}
12:09:58.494 [main] DEBUG com.samourai.wallet.cahoots.AbstractCahoots2xService -  * tx=  142cceb968e279c8d2e9ddda31c61b7d30baac488d06aa1312275607b38cadac
  version 2
  time locked until block 1234
  opts into full replace-by-fee
     in   
          outpoint:14cf9c6be92efcfe628aabd32b02c85e763615ddd430861bc18f6d366e4c4fd5:1
          sequence:fffffffd, opts into full RBF
     in   
          outpoint:9407b31fd0159dc4dd3f5377e3b18e4b4aafef2977a52e76b95c3f899cbb05ad:1
          sequence:fffffffd, opts into full RBF
     out  0[] PUSHDATA(20)[4e4fed51986dbaf322d2b36e690b8638fa0f0204] 0.00004858 BTC
     out  0[] PUSHDATA(20)[657b6afdeef6809fdabce7face295632fbd94feb] 0.00004858 BTC
     out  DUP HASH160 PUSHDATA(20)[5f6f1ffd91751f52b20e0c0dad81daa6211d6076] EQUALVERIFY CHECKSIG 0.00005 BTC
     out  DUP HASH160 PUSHDATA(20)[9bcdad097fa4695a3bdab991e3212da04002ce40] EQUALVERIFY CHECKSIG 0.00005 BTC
     prps UNKNOWN

12:09:58.494 [main] DEBUG com.samourai.wallet.cahoots.stonewallx2.Stonewallx2Service - # STONEWALLx2 COUNTERPARTY => step=3
12:09:58.495 [main] DEBUG com.samourai.wallet.cahoots.AbstractCahootsTest - #3 COUNTERPARTY => {"cahoots":{"fingerprint_collab":"f0d70870","psbt":"abZy8000000rmh8IWrGu2T}/)<0P>ZqthfaZlRU7TQ(aojN).PU+L.>0%*Q1z*c/<Vf8-vE+Er1)MwC2Dz4+P<\/2fJYfIQ6b5X(7=.Cyf].eN=<nK}n}593LXWQhp:v!E*4LYi%Iq^y9O.g$R=y7YMZjc)Q<n[>45p(j#pT@?hX@jaAX=?$DwY#qE+a(6GPnCYhVUGJ7TZXm:!JFk{RY]H5-a%zvlZcSP=WkiWMa-6(K.5SNRw@rHGP-1!k$b7X/J6eYG6x#s@(sIQ}Ypd1wP-&[tzq@$HMB0o0Q8zU:jJjTjhwHT0dNLx<a-f%YGG!9YEgBz3AUkKU!WVLiGgoXXFy5(fkRPTxn=BFOtNcDgo[7KEvw]Bg?)Vkpw.K/bOTufExDn0)<#<Y=]OdN}n=Hks9MC}g1G@OHEj@-jdB/8[}XqnXUyS!q1}t*EknOj0r-lOvxGUi00","destPaynym":"","cpty_account":0,"spend_amount":5000,"outpoints":[{"value":10000,"outpoint":"14cf9c6be92efcfe628aabd32b02c85e763615ddd430861bc18f6d366e4c4fd5-1"},{"value":10000,"outpoint":"9407b31fd0159dc4dd3f5377e3b18e4b4aafef2977a52e76b95c3f899cbb05ad-1"}],"type":0,"params":"testnet","dest":"muimRQFJKMJM1pTminJxiD5HrPgSu257tX","version":2,"fee_amount":284,"fingerprint":"eed8a1cd","step":3,"collabChange":"tb1qv4ak4l0w76qflk4uulavu22kxtaajnltkzxyq5","id":"7e7e651dd3eb5abd5c0140184e2c384bd76527833136a104a3b19e9724ec5d5b","account":0,"ts":1711645798}}
12:09:58.495 [main] DEBUG com.samourai.wallet.cahoots.stonewallx2.Stonewallx2Service - # STONEWALLx2 SENDER <= step=3
12:09:58.495 [main] DEBUG com.samourai.wallet.cahoots.AbstractCahoots2xService - ###### BEGIN doStep4 STONEWALLX2/SENDER
12:09:58.495 [main] DEBUG com.samourai.wallet.cahoots.AbstractCahoots2xService -  * outpoints={14cf9c6be92efcfe628aabd32b02c85e763615ddd430861bc18f6d366e4c4fd5-1=10000, 9407b31fd0159dc4dd3f5377e3b18e4b4aafef2977a52e76b95c3f899cbb05ad-1=10000}
12:09:58.495 [main] DEBUG com.samourai.wallet.cahoots.AbstractCahoots2xService -  * tx=  142cceb968e279c8d2e9ddda31c61b7d30baac488d06aa1312275607b38cadac
  version 2
  time locked until block 1234
  opts into full replace-by-fee
     in   
          outpoint:14cf9c6be92efcfe628aabd32b02c85e763615ddd430861bc18f6d366e4c4fd5:1
          sequence:fffffffd, opts into full RBF
     in   
          outpoint:9407b31fd0159dc4dd3f5377e3b18e4b4aafef2977a52e76b95c3f899cbb05ad:1
          sequence:fffffffd, opts into full RBF
     out  0[] PUSHDATA(20)[4e4fed51986dbaf322d2b36e690b8638fa0f0204] 0.00004858 BTC
     out  0[] PUSHDATA(20)[657b6afdeef6809fdabce7face295632fbd94feb] 0.00004858 BTC
     out  DUP HASH160 PUSHDATA(20)[5f6f1ffd91751f52b20e0c0dad81daa6211d6076] EQUALVERIFY CHECKSIG 0.00005 BTC
     out  DUP HASH160 PUSHDATA(20)[9bcdad097fa4695a3bdab991e3212da04002ce40] EQUALVERIFY CHECKSIG 0.00005 BTC
     prps UNKNOWN

12:09:58.495 [main] DEBUG com.samourai.wallet.cahoots.Cahoots2x - signTx:  142cceb968e279c8d2e9ddda31c61b7d30baac488d06aa1312275607b38cadac
  version 2
  time locked until block 1234
  opts into full replace-by-fee
     in   
          outpoint:14cf9c6be92efcfe628aabd32b02c85e763615ddd430861bc18f6d366e4c4fd5:1
          sequence:fffffffd, opts into full RBF
     in   
          outpoint:9407b31fd0159dc4dd3f5377e3b18e4b4aafef2977a52e76b95c3f899cbb05ad:1
          sequence:fffffffd, opts into full RBF
     out  0[] PUSHDATA(20)[4e4fed51986dbaf322d2b36e690b8638fa0f0204] 0.00004858 BTC
     out  0[] PUSHDATA(20)[657b6afdeef6809fdabce7face295632fbd94feb] 0.00004858 BTC
     out  DUP HASH160 PUSHDATA(20)[5f6f1ffd91751f52b20e0c0dad81daa6211d6076] EQUALVERIFY CHECKSIG 0.00005 BTC
     out  DUP HASH160 PUSHDATA(20)[9bcdad097fa4695a3bdab991e3212da04002ce40] EQUALVERIFY CHECKSIG 0.00005 BTC
     prps UNKNOWN

12:09:58.495 [main] DEBUG com.samourai.wallet.cahoots.Cahoots2x - signTx outpoint:14cf9c6be92efcfe628aabd32b02c85e763615ddd430861bc18f6d366e4c4fd5:1
12:09:58.495 [main] DEBUG com.samourai.wallet.cahoots.Cahoots2x - signTx bech32:tb1qyvqh86akdkhnh8fh7j0q7n8j78k0wruz5et8tj
12:09:58.495 [main] DEBUG com.samourai.wallet.cahoots.Cahoots2x - signTx value:10000
12:09:58.495 [main] DEBUG com.samourai.wallet.cahoots.AbstractCahootsService - [STONEWALLX2/SENDER] computeSpendAmount: keyBag=[14cf9c6be92efcfe628aabd32b02c85e763615ddd430861bc18f6d366e4c4fd5:1]
12:09:58.495 [main] DEBUG com.samourai.wallet.cahoots.AbstractCahootsService - [STONEWALLX2/SENDER] computeSpendAmount: +input 10000 14cf9c6be92efcfe628aabd32b02c85e763615ddd430861bc18f6d366e4c4fd5:1
12:09:58.495 [main] DEBUG com.samourai.wallet.cahoots.AbstractCahootsService - [STONEWALLX2/SENDER] computeSpendAmount: -output 4858 tb1qfe8765vcdka0xgkjkdhxjzux8raq7qsyamffad
12:09:58.495 [main] DEBUG com.samourai.wallet.cahoots.AbstractCahootsService - [STONEWALLX2/SENDER] computeSpendAmount = 5142
12:09:58.495 [main] DEBUG com.samourai.wallet.cahoots.stonewallx2.Stonewallx2Service - [STONEWALLX2/SENDER] maxSpendAmount = 5142: amount=5000 + sharedMinerFee=142
12:09:58.495 [main] DEBUG com.samourai.wallet.cahoots.AbstractCahoots2xService - [STONEWALLX2/SENDER] SENDER verifiedSpendAmount=5142, maxSpendAmount=5142
12:09:58.496 [main] DEBUG com.samourai.wallet.cahoots.AbstractCahootsService - checkFee: feeActual=284, feeExpected=284
12:09:58.496 [main] DEBUG com.samourai.wallet.cahoots.AbstractCahoots2xService - ###### END doStep4 STONEWALLX2/SENDER
12:09:58.496 [main] DEBUG com.samourai.wallet.cahoots.AbstractCahoots2xService -  * outpoints={14cf9c6be92efcfe628aabd32b02c85e763615ddd430861bc18f6d366e4c4fd5-1=10000, 9407b31fd0159dc4dd3f5377e3b18e4b4aafef2977a52e76b95c3f899cbb05ad-1=10000}
12:09:58.496 [main] DEBUG com.samourai.wallet.cahoots.AbstractCahoots2xService -  * tx=  142cceb968e279c8d2e9ddda31c61b7d30baac488d06aa1312275607b38cadac
  version 2
  time locked until block 1234
  opts into full replace-by-fee
     in   
          outpoint:14cf9c6be92efcfe628aabd32b02c85e763615ddd430861bc18f6d366e4c4fd5:1
          sequence:fffffffd, opts into full RBF
     in   
          outpoint:9407b31fd0159dc4dd3f5377e3b18e4b4aafef2977a52e76b95c3f899cbb05ad:1
          sequence:fffffffd, opts into full RBF
     out  0[] PUSHDATA(20)[4e4fed51986dbaf322d2b36e690b8638fa0f0204] 0.00004858 BTC
     out  0[] PUSHDATA(20)[657b6afdeef6809fdabce7face295632fbd94feb] 0.00004858 BTC
     out  DUP HASH160 PUSHDATA(20)[5f6f1ffd91751f52b20e0c0dad81daa6211d6076] EQUALVERIFY CHECKSIG 0.00005 BTC
     out  DUP HASH160 PUSHDATA(20)[9bcdad097fa4695a3bdab991e3212da04002ce40] EQUALVERIFY CHECKSIG 0.00005 BTC
     prps UNKNOWN

12:09:58.496 [main] DEBUG com.samourai.wallet.cahoots.stonewallx2.Stonewallx2Service - # STONEWALLx2 SENDER => step=4
12:09:58.496 [main] DEBUG com.samourai.wallet.cahoots.AbstractCahootsTest - #4 SENDER => {"cahoots":{"fingerprint_collab":"f0d70870","psbt":"abZy8000000rof0/:O=U2Yf(4HBADp]J%}Lm5%4T=ef.82fDP09t)Bagm!HHM}Dg0.9ttQ2[Gn/QGR<.vQqh]t.NjFrqG(y:#UUzL=0RvW}>?!Gz:ZcS&t!%q6rAE/u.Jhh(d0sbKZGF&jLSk:4T^DS(I&W3ukM^}f%H*pVf0?kJol@BmTFW}QJ-QlSxputob)xClhyb@]HLBRn=He>MNPoD#fL2:WD.mMm)ZzI%3eMT0!@<mH9OG^f8@/2]T<:!wWrM3B7ps)#v6249#AS.fmDhopPl5)=$uarr9cFyLAu4I0UilRu8^vl7PEmo}DVXzQ=Lg8HM#!.HKF./)XU1xfNF]Oo9#kU/?d>MCy*KoS)&jufB.52]oMnif4By>cXN(q1RP=XGU.Yxld4^E3K]+e4?mE7!-!&ZAC4*OLp4ODbIt1*!<s)Sn2.*S}-]S(:U{i18!.6wzN#bq.2d?-khO1j!6tGDU}GA6PJ8it2/#e01W1[yh>Qm3*VVEXZvoK^@L42YATpE0Xpa[MfE/j%emBzQwKiXxtTD!F=+#M","destPaynym":"","cpty_account":0,"spend_amount":5000,"outpoints":[{"value":10000,"outpoint":"14cf9c6be92efcfe628aabd32b02c85e763615ddd430861bc18f6d366e4c4fd5-1"},{"value":10000,"outpoint":"9407b31fd0159dc4dd3f5377e3b18e4b4aafef2977a52e76b95c3f899cbb05ad-1"}],"type":0,"params":"testnet","dest":"muimRQFJKMJM1pTminJxiD5HrPgSu257tX","version":2,"fee_amount":284,"fingerprint":"eed8a1cd","step":4,"collabChange":"tb1qv4ak4l0w76qflk4uulavu22kxtaajnltkzxyq5","id":"7e7e651dd3eb5abd5c0140184e2c384bd76527833136a104a3b19e9724ec5d5b","account":0,"ts":1711645798}}
12:09:58.496 [main] DEBUG com.samourai.wallet.test.AbstractTest -   142cceb968e279c8d2e9ddda31c61b7d30baac488d06aa1312275607b38cadac
  version 2
  time locked until block 1234
  opts into full replace-by-fee
     in   
          outpoint:14cf9c6be92efcfe628aabd32b02c85e763615ddd430861bc18f6d366e4c4fd5:1
          sequence:fffffffd, opts into full RBF
     in   
          outpoint:9407b31fd0159dc4dd3f5377e3b18e4b4aafef2977a52e76b95c3f899cbb05ad:1
          sequence:fffffffd, opts into full RBF
     out  0[] PUSHDATA(20)[4e4fed51986dbaf322d2b36e690b8638fa0f0204] 0.00004858 BTC
     out  0[] PUSHDATA(20)[657b6afdeef6809fdabce7face295632fbd94feb] 0.00004858 BTC
     out  DUP HASH160 PUSHDATA(20)[5f6f1ffd91751f52b20e0c0dad81daa6211d6076] EQUALVERIFY CHECKSIG 0.00005 BTC
     out  DUP HASH160 PUSHDATA(20)[9bcdad097fa4695a3bdab991e3212da04002ce40] EQUALVERIFY CHECKSIG 0.00005 BTC
     prps UNKNOWN

12:09:58.496 [main] DEBUG com.samourai.wallet.test.AbstractTest - outputsActuals: {mpDZcNk5owZ2eXWzgWEnGTeYeE6SF6Sz9g=5000, muimRQFJKMJM1pTminJxiD5HrPgSu257tX=5000, tb1qfe8765vcdka0xgkjkdhxjzux8raq7qsyamffad=4858, tb1qv4ak4l0w76qflk4uulavu22kxtaajnltkzxyq5=4858}
]]></system-out>
  </testcase>
  <testcase name="STONEWALLx2_BIP49" classname="com.samourai.wallet.cahoots.Stonewallx2ServiceTest" time="0.362">
    <system-out><![CDATA[12:09:58.503 [main] DEBUG com.samourai.http.client.JettyHttpClient - +httpClient: no proxy
12:09:58.651 [main] DEBUG com.samourai.wallet.bipWallet.WalletSupplierImpl - +BipWallet[DEPOSIT_BIP44]: BipWallet{id='DEPOSIT_BIP44', samouraiAccount=DEPOSIT, derivation=BipDerivation{purpose=44, accountIndex=0}, bipFormatDefault=LEGACY, bipFormats=[LEGACY], xPub='tpu...LwY', bipPub='tpu...LwY'}
12:09:58.651 [main] DEBUG com.samourai.wallet.bipWallet.WalletSupplierImpl - +BipWallet[DEPOSIT_BIP49]: BipWallet{id='DEPOSIT_BIP49', samouraiAccount=DEPOSIT, derivation=BipDerivation{purpose=49, accountIndex=0}, bipFormatDefault=SEGWIT_COMPAT, bipFormats=[SEGWIT_COMPAT], xPub='tpu...eV2', bipPub='upu...38D'}
12:09:58.651 [main] DEBUG com.samourai.wallet.bipWallet.WalletSupplierImpl - +BipWallet[DEPOSIT_BIP84]: BipWallet{id='DEPOSIT_BIP84', samouraiAccount=DEPOSIT, derivation=BipDerivation{purpose=84, accountIndex=0}, bipFormatDefault=SEGWIT_NATIVE, bipFormats=[SEGWIT_NATIVE], xPub='tpu...re9', bipPub='vpu...dCu'}
12:09:58.651 [main] DEBUG com.samourai.wallet.bipWallet.WalletSupplierImpl - +BipWallet[PREMIX_BIP84]: BipWallet{id='PREMIX_BIP84', samouraiAccount=PREMIX, derivation=BipDerivation{purpose=84, accountIndex=2147483645}, bipFormatDefault=SEGWIT_NATIVE, bipFormats=[SEGWIT_NATIVE], xPub='tpu...hvr', bipPub='vpu...4mL'}
12:09:58.651 [main] DEBUG com.samourai.wallet.bipWallet.WalletSupplierImpl - +BipWallet[POSTMIX_BIP84]: BipWallet{id='POSTMIX_BIP84', samouraiAccount=POSTMIX, derivation=BipDerivation{purpose=84, accountIndex=2147483646}, bipFormatDefault=SEGWIT_NATIVE, bipFormats=[SEGWIT_NATIVE, SEGWIT_COMPAT, LEGACY], xPub='tpu...sQD', bipPub='vpu...nrW'}
12:09:58.651 [main] DEBUG com.samourai.wallet.bipWallet.WalletSupplierImpl - +BipWallet[ASB_BIP84]: BipWallet{id='ASB_BIP84', samouraiAccount=SWAPS_ASB, derivation=BipDerivation{purpose=84, accountIndex=2147483641}, bipFormatDefault=SEGWIT_NATIVE, bipFormats=[SEGWIT_NATIVE], xPub='tpu...p4i', bipPub='vpu...sEH'}
12:09:58.651 [main] DEBUG com.samourai.wallet.bipWallet.WalletSupplierImpl - +BipWallet[SWAPS_DEPOSIT]: BipWallet{id='SWAPS_DEPOSIT', samouraiAccount=SWAPS_DEPOSIT, derivation=BipDerivation{purpose=84, accountIndex=2147483643}, bipFormatDefault=SEGWIT_NATIVE, bipFormats=[SEGWIT_NATIVE], xPub='tpu...3s7', bipPub='vpu...HpJ'}
12:09:58.651 [main] DEBUG com.samourai.wallet.bipWallet.WalletSupplierImpl - +BipWallet[SWAPS_REFUNDS]: BipWallet{id='SWAPS_REFUNDS', samouraiAccount=SWAPS_REFUNDS, derivation=BipDerivation{purpose=84, accountIndex=2147483642}, bipFormatDefault=SEGWIT_NATIVE, bipFormats=[SEGWIT_NATIVE], xPub='tpu...rMX', bipPub='vpu...Sr9'}
12:09:58.651 [main] DEBUG com.samourai.wallet.bipWallet.WalletSupplierImpl - +BipWallet[BADBANK_BIP84]: BipWallet{id='BADBANK_BIP84', samouraiAccount=BADBANK, derivation=BipDerivation{purpose=84, accountIndex=2147483644}, bipFormatDefault=SEGWIT_NATIVE, bipFormats=[SEGWIT_NATIVE], xPub='tpu...hmu', bipPub='vpu...tNY'}
12:09:58.651 [main] DEBUG com.samourai.wallet.bipWallet.WalletSupplierImpl - +BipWallet[RICOCHET_BIP84]: BipWallet{id='RICOCHET_BIP84', samouraiAccount=RICOCHET, derivation=BipDerivation{purpose=84, accountIndex=2147483647}, bipFormatDefault=SEGWIT_NATIVE, bipFormats=[SEGWIT_NATIVE], xPub='tpu...UMc', bipPub='vpu...knj'}
12:09:58.651 [main] DEBUG com.samourai.wallet.api.backend.BackendApi - urlBackend=https://api.samouraiwallet.com/test/v2, oAuth=no
12:09:58.651 [main] DEBUG com.samourai.wallet.util.LogbackUtils - Log level set to DEBUG for the logger 'com.samourai'
12:09:58.651 [main] DEBUG com.samourai.wallet.util.LogbackUtils - Log level set to DEBUG for the logger 'com.samourai.whirlpool.client'
12:09:58.651 [main] DEBUG com.samourai.wallet.util.LogbackUtils - Log level set to DEBUG for the logger 'com.samourai.whirlpool.client.mix.dialog'
12:09:58.651 [main] DEBUG com.samourai.wallet.util.LogbackUtils - Log level set to DEBUG for the logger 'com.samourai.stomp.client'
12:09:58.651 [main] DEBUG com.samourai.wallet.util.LogbackUtils - Log level set to DEBUG for the logger 'com.samourai.wallet.util.FeeUtil'
12:09:58.651 [main] DEBUG com.samourai.wallet.util.LogbackUtils - Log level set to DEBUG for the logger 'com.samourai.whirlpool.client.utils'
12:09:58.651 [main] DEBUG com.samourai.wallet.util.LogbackUtils - Log level set to DEBUG for the logger 'com.samourai.whirlpool.client.wallet'
12:09:58.651 [main] DEBUG com.samourai.wallet.util.LogbackUtils - Log level set to DEBUG for the logger 'com.samourai.wallet.cahoots'
12:09:58.651 [main] DEBUG com.samourai.wallet.util.LogbackUtils - Log level set to DEBUG for the logger 'com.samourai.wallet.cahoots.stowaway'
12:09:58.651 [main] DEBUG com.samourai.wallet.util.LogbackUtils - Log level set to DEBUG for the logger 'com.samourai.wallet.cahoots.stonewallx2'
12:09:58.651 [main] DEBUG com.samourai.wallet.util.LogbackUtils - Log level set to DEBUG for the logger 'com.samourai.wallet.sorobanClient'
12:09:58.651 [main] DEBUG com.samourai.wallet.util.LogbackUtils - Log level set to DEBUG for the logger 'com.samourai.soroban.client'
12:09:58.651 [main] DEBUG com.samourai.wallet.util.LogbackUtils - Log level set to DEBUG for the logger 'com.samourai.soroban.client.rpc'
12:09:58.651 [main] DEBUG com.samourai.wallet.util.LogbackUtils - Log level set to DEBUG for the logger 'com.samourai.soroban.client.dialog'
12:09:58.651 [main] DEBUG com.samourai.wallet.util.LogbackUtils - Log level set to DEBUG for the logger 'com.samourai.soroban.client.meeting'
12:09:58.651 [main] DEBUG com.samourai.wallet.util.LogbackUtils - Log level set to DEBUG for the logger 'com.samourai.whirlpool.client.wallet.orchestrator'
12:09:58.651 [main] DEBUG com.samourai.wallet.util.LogbackUtils - Log level set to ERROR for the logger 'org.bitcoinj'
12:09:58.651 [main] DEBUG com.samourai.wallet.util.LogbackUtils - Log level set to WARN for the logger 'org.bitcoin'
12:09:58.651 [main] DEBUG com.samourai.wallet.util.LogbackUtils - Log level set to INFO for the logger 'org.eclipse.jetty'
12:09:58.724 [main] DEBUG com.samourai.wallet.bipWallet.WalletSupplierImpl - +BipWallet[DEPOSIT_BIP44]: BipWallet{id='DEPOSIT_BIP44', samouraiAccount=DEPOSIT, derivation=BipDerivation{purpose=44, accountIndex=0}, bipFormatDefault=LEGACY, bipFormats=[LEGACY], xPub='tpu...LZp', bipPub='tpu...LZp'}
12:09:58.724 [main] DEBUG com.samourai.wallet.bipWallet.WalletSupplierImpl - +BipWallet[DEPOSIT_BIP49]: BipWallet{id='DEPOSIT_BIP49', samouraiAccount=DEPOSIT, derivation=BipDerivation{purpose=49, accountIndex=0}, bipFormatDefault=SEGWIT_COMPAT, bipFormats=[SEGWIT_COMPAT], xPub='tpu...2dH', bipPub='upu...bSs'}
12:09:58.724 [main] DEBUG com.samourai.wallet.bipWallet.WalletSupplierImpl - +BipWallet[DEPOSIT_BIP84]: BipWallet{id='DEPOSIT_BIP84', samouraiAccount=DEPOSIT, derivation=BipDerivation{purpose=84, accountIndex=0}, bipFormatDefault=SEGWIT_NATIVE, bipFormats=[SEGWIT_NATIVE], xPub='tpu...MfN', bipPub='vpu...sew'}
12:09:58.724 [main] DEBUG com.samourai.wallet.bipWallet.WalletSupplierImpl - +BipWallet[PREMIX_BIP84]: BipWallet{id='PREMIX_BIP84', samouraiAccount=PREMIX, derivation=BipDerivation{purpose=84, accountIndex=2147483645}, bipFormatDefault=SEGWIT_NATIVE, bipFormats=[SEGWIT_NATIVE], xPub='tpu...y1p', bipPub='vpu...D4a'}
12:09:58.724 [main] DEBUG com.samourai.wallet.bipWallet.WalletSupplierImpl - +BipWallet[POSTMIX_BIP84]: BipWallet{id='POSTMIX_BIP84', samouraiAccount=POSTMIX, derivation=BipDerivation{purpose=84, accountIndex=2147483646}, bipFormatDefault=SEGWIT_NATIVE, bipFormats=[SEGWIT_NATIVE, SEGWIT_COMPAT, LEGACY], xPub='tpu...NLN', bipPub='vpu...RKR'}
12:09:58.724 [main] DEBUG com.samourai.wallet.bipWallet.WalletSupplierImpl - +BipWallet[BADBANK_BIP84]: BipWallet{id='BADBANK_BIP84', samouraiAccount=BADBANK, derivation=BipDerivation{purpose=84, accountIndex=2147483644}, bipFormatDefault=SEGWIT_NATIVE, bipFormats=[SEGWIT_NATIVE], xPub='tpu...86t', bipPub='vpu...XXs'}
12:09:58.819 [main] DEBUG com.samourai.wallet.bipWallet.WalletSupplierImpl - +BipWallet[DEPOSIT_BIP44]: BipWallet{id='DEPOSIT_BIP44', samouraiAccount=DEPOSIT, derivation=BipDerivation{purpose=44, accountIndex=0}, bipFormatDefault=LEGACY, bipFormats=[LEGACY], xPub='tpu...XeJ', bipPub='tpu...XeJ'}
12:09:58.819 [main] DEBUG com.samourai.wallet.bipWallet.WalletSupplierImpl - +BipWallet[DEPOSIT_BIP49]: BipWallet{id='DEPOSIT_BIP49', samouraiAccount=DEPOSIT, derivation=BipDerivation{purpose=49, accountIndex=0}, bipFormatDefault=SEGWIT_COMPAT, bipFormats=[SEGWIT_COMPAT], xPub='tpu...TBn', bipPub='upu...QVy'}
12:09:58.819 [main] DEBUG com.samourai.wallet.bipWallet.WalletSupplierImpl - +BipWallet[DEPOSIT_BIP84]: BipWallet{id='DEPOSIT_BIP84', samouraiAccount=DEPOSIT, derivation=BipDerivation{purpose=84, accountIndex=0}, bipFormatDefault=SEGWIT_NATIVE, bipFormats=[SEGWIT_NATIVE], xPub='tpu...Nbr', bipPub='vpu...R4q'}
12:09:58.819 [main] DEBUG com.samourai.wallet.bipWallet.WalletSupplierImpl - +BipWallet[PREMIX_BIP84]: BipWallet{id='PREMIX_BIP84', samouraiAccount=PREMIX, derivation=BipDerivation{purpose=84, accountIndex=2147483645}, bipFormatDefault=SEGWIT_NATIVE, bipFormats=[SEGWIT_NATIVE], xPub='tpu...ZBX', bipPub='vpu...XxM'}
12:09:58.819 [main] DEBUG com.samourai.wallet.bipWallet.WalletSupplierImpl - +BipWallet[POSTMIX_BIP84]: BipWallet{id='POSTMIX_BIP84', samouraiAccount=POSTMIX, derivation=BipDerivation{purpose=84, accountIndex=2147483646}, bipFormatDefault=SEGWIT_NATIVE, bipFormats=[SEGWIT_NATIVE, SEGWIT_COMPAT, LEGACY], xPub='tpu...do5', bipPub='vpu...2eX'}
12:09:58.819 [main] DEBUG com.samourai.wallet.bipWallet.WalletSupplierImpl - +BipWallet[BADBANK_BIP84]: BipWallet{id='BADBANK_BIP84', samouraiAccount=BADBANK, derivation=BipDerivation{purpose=84, accountIndex=2147483644}, bipFormatDefault=SEGWIT_NATIVE, bipFormats=[SEGWIT_NATIVE], xPub='tpu...QxP', bipPub='vpu...M4F'}
12:09:58.851 [main] DEBUG com.samourai.http.client.JettyHttpClient - +httpClient: no proxy
12:09:59.008 [main] DEBUG com.samourai.wallet.bipWallet.WalletSupplierImpl - +BipWallet[DEPOSIT_BIP44]: BipWallet{id='DEPOSIT_BIP44', samouraiAccount=DEPOSIT, derivation=BipDerivation{purpose=44, accountIndex=0}, bipFormatDefault=LEGACY, bipFormats=[LEGACY], xPub='tpu...LwY', bipPub='tpu...LwY'}
12:09:59.009 [main] DEBUG com.samourai.wallet.bipWallet.WalletSupplierImpl - +BipWallet[DEPOSIT_BIP49]: BipWallet{id='DEPOSIT_BIP49', samouraiAccount=DEPOSIT, derivation=BipDerivation{purpose=49, accountIndex=0}, bipFormatDefault=SEGWIT_COMPAT, bipFormats=[SEGWIT_COMPAT], xPub='tpu...eV2', bipPub='upu...38D'}
12:09:59.009 [main] DEBUG com.samourai.wallet.bipWallet.WalletSupplierImpl - +BipWallet[DEPOSIT_BIP84]: BipWallet{id='DEPOSIT_BIP84', samouraiAccount=DEPOSIT, derivation=BipDerivation{purpose=84, accountIndex=0}, bipFormatDefault=SEGWIT_NATIVE, bipFormats=[SEGWIT_NATIVE], xPub='tpu...re9', bipPub='vpu...dCu'}
12:09:59.009 [main] DEBUG com.samourai.wallet.bipWallet.WalletSupplierImpl - +BipWallet[PREMIX_BIP84]: BipWallet{id='PREMIX_BIP84', samouraiAccount=PREMIX, derivation=BipDerivation{purpose=84, accountIndex=2147483645}, bipFormatDefault=SEGWIT_NATIVE, bipFormats=[SEGWIT_NATIVE], xPub='tpu...hvr', bipPub='vpu...4mL'}
12:09:59.009 [main] DEBUG com.samourai.wallet.bipWallet.WalletSupplierImpl - +BipWallet[POSTMIX_BIP84]: BipWallet{id='POSTMIX_BIP84', samouraiAccount=POSTMIX, derivation=BipDerivation{purpose=84, accountIndex=2147483646}, bipFormatDefault=SEGWIT_NATIVE, bipFormats=[SEGWIT_NATIVE, SEGWIT_COMPAT, LEGACY], xPub='tpu...sQD', bipPub='vpu...nrW'}
12:09:59.009 [main] DEBUG com.samourai.wallet.bipWallet.WalletSupplierImpl - +BipWallet[ASB_BIP84]: BipWallet{id='ASB_BIP84', samouraiAccount=SWAPS_ASB, derivation=BipDerivation{purpose=84, accountIndex=2147483641}, bipFormatDefault=SEGWIT_NATIVE, bipFormats=[SEGWIT_NATIVE], xPub='tpu...p4i', bipPub='vpu...sEH'}
12:09:59.009 [main] DEBUG com.samourai.wallet.bipWallet.WalletSupplierImpl - +BipWallet[SWAPS_DEPOSIT]: BipWallet{id='SWAPS_DEPOSIT', samouraiAccount=SWAPS_DEPOSIT, derivation=BipDerivation{purpose=84, accountIndex=2147483643}, bipFormatDefault=SEGWIT_NATIVE, bipFormats=[SEGWIT_NATIVE], xPub='tpu...3s7', bipPub='vpu...HpJ'}
12:09:59.009 [main] DEBUG com.samourai.wallet.bipWallet.WalletSupplierImpl - +BipWallet[SWAPS_REFUNDS]: BipWallet{id='SWAPS_REFUNDS', samouraiAccount=SWAPS_REFUNDS, derivation=BipDerivation{purpose=84, accountIndex=2147483642}, bipFormatDefault=SEGWIT_NATIVE, bipFormats=[SEGWIT_NATIVE], xPub='tpu...rMX', bipPub='vpu...Sr9'}
12:09:59.009 [main] DEBUG com.samourai.wallet.bipWallet.WalletSupplierImpl - +BipWallet[BADBANK_BIP84]: BipWallet{id='BADBANK_BIP84', samouraiAccount=BADBANK, derivation=BipDerivation{purpose=84, accountIndex=2147483644}, bipFormatDefault=SEGWIT_NATIVE, bipFormats=[SEGWIT_NATIVE], xPub='tpu...hmu', bipPub='vpu...tNY'}
12:09:59.009 [main] DEBUG com.samourai.wallet.bipWallet.WalletSupplierImpl - +BipWallet[RICOCHET_BIP84]: BipWallet{id='RICOCHET_BIP84', samouraiAccount=RICOCHET, derivation=BipDerivation{purpose=84, accountIndex=2147483647}, bipFormatDefault=SEGWIT_NATIVE, bipFormats=[SEGWIT_NATIVE], xPub='tpu...UMc', bipPub='vpu...knj'}
12:09:59.009 [main] DEBUG com.samourai.wallet.api.backend.BackendApi - urlBackend=https://api.samouraiwallet.com/test/v2, oAuth=no
12:09:59.009 [main] DEBUG com.samourai.wallet.util.LogbackUtils - Log level set to DEBUG for the logger 'com.samourai'
12:09:59.009 [main] DEBUG com.samourai.wallet.util.LogbackUtils - Log level set to DEBUG for the logger 'com.samourai.whirlpool.client'
12:09:59.009 [main] DEBUG com.samourai.wallet.util.LogbackUtils - Log level set to DEBUG for the logger 'com.samourai.whirlpool.client.mix.dialog'
12:09:59.009 [main] DEBUG com.samourai.wallet.util.LogbackUtils - Log level set to DEBUG for the logger 'com.samourai.stomp.client'
12:09:59.009 [main] DEBUG com.samourai.wallet.util.LogbackUtils - Log level set to DEBUG for the logger 'com.samourai.wallet.util.FeeUtil'
12:09:59.009 [main] DEBUG com.samourai.wallet.util.LogbackUtils - Log level set to DEBUG for the logger 'com.samourai.whirlpool.client.utils'
12:09:59.009 [main] DEBUG com.samourai.wallet.util.LogbackUtils - Log level set to DEBUG for the logger 'com.samourai.whirlpool.client.wallet'
12:09:59.009 [main] DEBUG com.samourai.wallet.util.LogbackUtils - Log level set to DEBUG for the logger 'com.samourai.wallet.cahoots'
12:09:59.009 [main] DEBUG com.samourai.wallet.util.LogbackUtils - Log level set to DEBUG for the logger 'com.samourai.wallet.cahoots.stowaway'
12:09:59.009 [main] DEBUG com.samourai.wallet.util.LogbackUtils - Log level set to DEBUG for the logger 'com.samourai.wallet.cahoots.stonewallx2'
12:09:59.009 [main] DEBUG com.samourai.wallet.util.LogbackUtils - Log level set to DEBUG for the logger 'com.samourai.wallet.sorobanClient'
12:09:59.009 [main] DEBUG com.samourai.wallet.util.LogbackUtils - Log level set to DEBUG for the logger 'com.samourai.soroban.client'
12:09:59.009 [main] DEBUG com.samourai.wallet.util.LogbackUtils - Log level set to DEBUG for the logger 'com.samourai.soroban.client.rpc'
12:09:59.009 [main] DEBUG com.samourai.wallet.util.LogbackUtils - Log level set to DEBUG for the logger 'com.samourai.soroban.client.dialog'
12:09:59.009 [main] DEBUG com.samourai.wallet.util.LogbackUtils - Log level set to DEBUG for the logger 'com.samourai.soroban.client.meeting'
12:09:59.009 [main] DEBUG com.samourai.wallet.util.LogbackUtils - Log level set to DEBUG for the logger 'com.samourai.whirlpool.client.wallet.orchestrator'
12:09:59.009 [main] DEBUG com.samourai.wallet.util.LogbackUtils - Log level set to ERROR for the logger 'org.bitcoinj'
12:09:59.009 [main] DEBUG com.samourai.wallet.util.LogbackUtils - Log level set to WARN for the logger 'org.bitcoin'
12:09:59.009 [main] DEBUG com.samourai.wallet.util.LogbackUtils - Log level set to INFO for the logger 'org.eclipse.jetty'
12:09:59.080 [main] DEBUG com.samourai.wallet.bipWallet.WalletSupplierImpl - +BipWallet[DEPOSIT_BIP44]: BipWallet{id='DEPOSIT_BIP44', samouraiAccount=DEPOSIT, derivation=BipDerivation{purpose=44, accountIndex=0}, bipFormatDefault=LEGACY, bipFormats=[LEGACY], xPub='tpu...LZp', bipPub='tpu...LZp'}
12:09:59.080 [main] DEBUG com.samourai.wallet.bipWallet.WalletSupplierImpl - +BipWallet[DEPOSIT_BIP49]: BipWallet{id='DEPOSIT_BIP49', samouraiAccount=DEPOSIT, derivation=BipDerivation{purpose=49, accountIndex=0}, bipFormatDefault=SEGWIT_COMPAT, bipFormats=[SEGWIT_COMPAT], xPub='tpu...2dH', bipPub='upu...bSs'}
12:09:59.080 [main] DEBUG com.samourai.wallet.bipWallet.WalletSupplierImpl - +BipWallet[DEPOSIT_BIP84]: BipWallet{id='DEPOSIT_BIP84', samouraiAccount=DEPOSIT, derivation=BipDerivation{purpose=84, accountIndex=0}, bipFormatDefault=SEGWIT_NATIVE, bipFormats=[SEGWIT_NATIVE], xPub='tpu...MfN', bipPub='vpu...sew'}
12:09:59.080 [main] DEBUG com.samourai.wallet.bipWallet.WalletSupplierImpl - +BipWallet[PREMIX_BIP84]: BipWallet{id='PREMIX_BIP84', samouraiAccount=PREMIX, derivation=BipDerivation{purpose=84, accountIndex=2147483645}, bipFormatDefault=SEGWIT_NATIVE, bipFormats=[SEGWIT_NATIVE], xPub='tpu...y1p', bipPub='vpu...D4a'}
12:09:59.080 [main] DEBUG com.samourai.wallet.bipWallet.WalletSupplierImpl - +BipWallet[POSTMIX_BIP84]: BipWallet{id='POSTMIX_BIP84', samouraiAccount=POSTMIX, derivation=BipDerivation{purpose=84, accountIndex=2147483646}, bipFormatDefault=SEGWIT_NATIVE, bipFormats=[SEGWIT_NATIVE, SEGWIT_COMPAT, LEGACY], xPub='tpu...NLN', bipPub='vpu...RKR'}
12:09:59.080 [main] DEBUG com.samourai.wallet.bipWallet.WalletSupplierImpl - +BipWallet[BADBANK_BIP84]: BipWallet{id='BADBANK_BIP84', samouraiAccount=BADBANK, derivation=BipDerivation{purpose=84, accountIndex=2147483644}, bipFormatDefault=SEGWIT_NATIVE, bipFormats=[SEGWIT_NATIVE], xPub='tpu...86t', bipPub='vpu...XXs'}
12:09:59.179 [main] DEBUG com.samourai.wallet.bipWallet.WalletSupplierImpl - +BipWallet[DEPOSIT_BIP44]: BipWallet{id='DEPOSIT_BIP44', samouraiAccount=DEPOSIT, derivation=BipDerivation{purpose=44, accountIndex=0}, bipFormatDefault=LEGACY, bipFormats=[LEGACY], xPub='tpu...XeJ', bipPub='tpu...XeJ'}
12:09:59.179 [main] DEBUG com.samourai.wallet.bipWallet.WalletSupplierImpl - +BipWallet[DEPOSIT_BIP49]: BipWallet{id='DEPOSIT_BIP49', samouraiAccount=DEPOSIT, derivation=BipDerivation{purpose=49, accountIndex=0}, bipFormatDefault=SEGWIT_COMPAT, bipFormats=[SEGWIT_COMPAT], xPub='tpu...TBn', bipPub='upu...QVy'}
12:09:59.179 [main] DEBUG com.samourai.wallet.bipWallet.WalletSupplierImpl - +BipWallet[DEPOSIT_BIP84]: BipWallet{id='DEPOSIT_BIP84', samouraiAccount=DEPOSIT, derivation=BipDerivation{purpose=84, accountIndex=0}, bipFormatDefault=SEGWIT_NATIVE, bipFormats=[SEGWIT_NATIVE], xPub='tpu...Nbr', bipPub='vpu...R4q'}
12:09:59.179 [main] DEBUG com.samourai.wallet.bipWallet.WalletSupplierImpl - +BipWallet[PREMIX_BIP84]: BipWallet{id='PREMIX_BIP84', samouraiAccount=PREMIX, derivation=BipDerivation{purpose=84, accountIndex=2147483645}, bipFormatDefault=SEGWIT_NATIVE, bipFormats=[SEGWIT_NATIVE], xPub='tpu...ZBX', bipPub='vpu...XxM'}
12:09:59.179 [main] DEBUG com.samourai.wallet.bipWallet.WalletSupplierImpl - +BipWallet[POSTMIX_BIP84]: BipWallet{id='POSTMIX_BIP84', samouraiAccount=POSTMIX, derivation=BipDerivation{purpose=84, accountIndex=2147483646}, bipFormatDefault=SEGWIT_NATIVE, bipFormats=[SEGWIT_NATIVE, SEGWIT_COMPAT, LEGACY], xPub='tpu...do5', bipPub='vpu...2eX'}
12:09:59.179 [main] DEBUG com.samourai.wallet.bipWallet.WalletSupplierImpl - +BipWallet[BADBANK_BIP84]: BipWallet{id='BADBANK_BIP84', samouraiAccount=BADBANK, derivation=BipDerivation{purpose=84, accountIndex=2147483644}, bipFormatDefault=SEGWIT_NATIVE, bipFormats=[SEGWIT_NATIVE], xPub='tpu...QxP', bipPub='vpu...M4F'}
12:09:59.205 [main] DEBUG com.samourai.wallet.cahoots.stonewallx2.Stonewallx2Service - # STONEWALLx2 INITIATOR => step=0
12:09:59.205 [main] DEBUG com.samourai.wallet.cahoots.AbstractCahootsTest - #0 SENDER => {"cahoots":{"psbt":"","destPaynym":"","cpty_account":0,"spend_amount":5000,"outpoints":[],"type":0,"params":"testnet","dest":"2Mww8dCYPUpKHofjgcXcBCEGmniw9CoaiD2","version":2,"fee_amount":0,"fingerprint":"eed8a1cd","step":0,"collabChange":"","id":"67afb9ecb843fae050d3b179bf842c6b8bd9fd90e36269e45f68bf3ed2589cb1","account":0,"ts":1711645799}}
12:09:59.206 [main] DEBUG com.samourai.wallet.cahoots.stonewallx2.Stonewallx2Service - BIP FORMAT:: SEGWIT_COMPAT
12:09:59.206 [main] DEBUG com.samourai.wallet.cahoots.stonewallx2.Stonewallx2Service - +output (CounterParty Mix) = 2N7k2TJWsc1Nwn6WYBF5VmkWq5KTc8R4UtA
12:09:59.206 [main] DEBUG com.samourai.wallet.cahoots.AbstractCahoots2xService - ###### BEGIN doSTONEWALLx2_1 STONEWALLX2/COUNTERPARTY
12:09:59.206 [main] DEBUG com.samourai.wallet.cahoots.AbstractCahoots2xService -  * outpoints={}
12:09:59.206 [main] DEBUG com.samourai.wallet.cahoots.AbstractCahoots2xService -  * tx=null
12:09:59.206 [main] DEBUG com.samourai.wallet.cahoots.stonewallx2.Stonewallx2Service - BIP84 utxos:1
12:09:59.206 [main] DEBUG com.samourai.wallet.cahoots.stonewallx2.Stonewallx2Service - BIP84 selected utxo: CahootsUtxo{utxo=9407b31fd0159dc4dd3f5377e3b18e4b4aafef2977a52e76b95c3f899cbb05ad:1, value=10000, address=tb1qh287jqsh6mkpqmd8euumyfam00fkr78qhrdnde, path=null, xpub=tpubDCKFqGcC4KmHwUHG6orVRRUQZZZ3s9kQ64YUufULo9SY1E35aJwa2MH18AxuKddtJzfjMzCgKTEgBJx3WAGxYxVdMxeTYK5Xbtsv5P6fNbr}
12:09:59.206 [main] DEBUG com.samourai.wallet.cahoots.stonewallx2.Stonewallx2Service - 1 selected utxos, totalContributedAmount=10000, requiredAmount=5546
12:09:59.206 [main] DEBUG com.samourai.wallet.cahoots.stonewallx2.Stonewallx2Service - +output (CounterParty change) = tb1qv4ak4l0w76qflk4uulavu22kxtaajnltkzxyq5
12:09:59.206 [main] DEBUG com.samourai.wallet.cahoots.AbstractCahoots2xService - ###### END doSTONEWALLx2_1 STONEWALLX2/COUNTERPARTY
12:09:59.206 [main] DEBUG com.samourai.wallet.cahoots.AbstractCahoots2xService -  * outpoints={9407b31fd0159dc4dd3f5377e3b18e4b4aafef2977a52e76b95c3f899cbb05ad-1=10000}
12:09:59.206 [main] DEBUG com.samourai.wallet.cahoots.AbstractCahoots2xService -  * tx=  9393586afcc47f172c27a5f126d8cfba357dacf5125995c262cbf5c407777440
  version 2
  time locked until block 1234
  opts into full replace-by-fee
     in    0.0001 BTC
          outpoint:9407b31fd0159dc4dd3f5377e3b18e4b4aafef2977a52e76b95c3f899cbb05ad:1
          sequence:fffffffd, opts into full RBF
     out  HASH160 PUSHDATA(20)[9f0432151dfca9ed873a3dab5106f470181be85c] EQUAL 0.00005 BTC
     out  0[] PUSHDATA(20)[657b6afdeef6809fdabce7face295632fbd94feb] 0.00005 BTC
     fee  0.00 BTC/kB, 0.00 BTC for 114 bytes
     prps UNKNOWN

12:09:59.206 [main] DEBUG com.samourai.wallet.cahoots.stonewallx2.Stonewallx2Service - # STONEWALLx2 COUNTERPARTY => step=1
12:09:59.206 [main] DEBUG com.samourai.wallet.cahoots.AbstractCahootsTest - #1 COUNTERPARTY => {"cahoots":{"fingerprint_collab":"f0d70870","psbt":"abZy8000000rlSO:QHQ62T(H[so/9p2fo1ifAkI6ch3/oF:<[Et%FxmaB4oLxJnpFuCd7%xJ086w]/n{D<UUNLZf)Am58V#7k4r*@Vo?>1($WLkHqeZvNlwTVg?<7Yk.>7dz/jxk/T!{(?n@5{Vep6:)CGV4ZCG{J=0TD^8ilvaV[iS[]MJ&C+S4F0000","destPaynym":"","cpty_account":0,"spend_amount":5000,"outpoints":[{"value":10000,"outpoint":"9407b31fd0159dc4dd3f5377e3b18e4b4aafef2977a52e76b95c3f899cbb05ad-1"}],"type":0,"params":"testnet","dest":"2Mww8dCYPUpKHofjgcXcBCEGmniw9CoaiD2","version":2,"fee_amount":0,"fingerprint":"eed8a1cd","step":1,"collabChange":"tb1qv4ak4l0w76qflk4uulavu22kxtaajnltkzxyq5","id":"67afb9ecb843fae050d3b179bf842c6b8bd9fd90e36269e45f68bf3ed2589cb1","account":0,"ts":1711645799}}
12:09:59.207 [main] DEBUG com.samourai.wallet.cahoots.stonewallx2.Stonewallx2Service - # STONEWALLx2 SENDER <= step=1
12:09:59.207 [main] DEBUG com.samourai.wallet.cahoots.AbstractCahoots2xService - ###### BEGIN doSTONEWALLx2_2 STONEWALLX2/SENDER
12:09:59.207 [main] DEBUG com.samourai.wallet.cahoots.AbstractCahoots2xService -  * outpoints={9407b31fd0159dc4dd3f5377e3b18e4b4aafef2977a52e76b95c3f899cbb05ad-1=10000}
12:09:59.207 [main] DEBUG com.samourai.wallet.cahoots.AbstractCahoots2xService -  * tx=  9393586afcc47f172c27a5f126d8cfba357dacf5125995c262cbf5c407777440
  version 2
  time locked until block 1234
  opts into full replace-by-fee
     in   
          outpoint:9407b31fd0159dc4dd3f5377e3b18e4b4aafef2977a52e76b95c3f899cbb05ad:1
          sequence:fffffffd, opts into full RBF
     out  HASH160 PUSHDATA(20)[9f0432151dfca9ed873a3dab5106f470181be85c] EQUAL 0.00005 BTC
     out  0[] PUSHDATA(20)[657b6afdeef6809fdabce7face295632fbd94feb] 0.00005 BTC
     prps UNKNOWN

12:09:59.207 [main] DEBUG com.samourai.wallet.cahoots.stonewallx2.Stonewallx2Service - step2 tx:0200000001ad05bb9c893f5cb9762ea57729efaf4a4b8eb1e377533fddc49d15d01fb307940100000000fdffffff02881300000000000017a9149f0432151dfca9ed873a3dab5106f470181be85c878813000000000000160014657b6afdeef6809fdabce7face295632fbd94febd2040000
12:09:59.207 [main] DEBUG com.samourai.wallet.cahoots.stonewallx2.Stonewallx2Service - step2 tx:  9393586afcc47f172c27a5f126d8cfba357dacf5125995c262cbf5c407777440
  version 2
  time locked until block 1234
  opts into full replace-by-fee
     in   
          outpoint:9407b31fd0159dc4dd3f5377e3b18e4b4aafef2977a52e76b95c3f899cbb05ad:1
          sequence:fffffffd, opts into full RBF
     out  HASH160 PUSHDATA(20)[9f0432151dfca9ed873a3dab5106f470181be85c] EQUAL 0.00005 BTC
     out  0[] PUSHDATA(20)[657b6afdeef6809fdabce7face295632fbd94feb] 0.00005 BTC
     prps UNKNOWN

12:09:59.207 [main] DEBUG com.samourai.wallet.cahoots.stonewallx2.Stonewallx2Service - BIP84 utxos:1
12:09:59.207 [main] DEBUG com.samourai.wallet.cahoots.stonewallx2.Stonewallx2Service - BIP84 selected utxo: CahootsUtxo{utxo=14cf9c6be92efcfe628aabd32b02c85e763615ddd430861bc18f6d366e4c4fd5:1, value=10000, address=tb1qkymumss6zj0rxy9l3v5vqxqwwffy8jjsyhrkrg, path=null, xpub=tpubDDLBK9gJk4HdPCDzF4Yhxx3u6q1QWo7iZAPVHfsFjLp9rUxXf79FPEK4cKMiV1jrJqrCCVJnciMh1kau2xZtjpZ5DoiaK3RbF6MffFWXMfN}
12:09:59.208 [main] DEBUG com.samourai.wallet.cahoots.stonewallx2.Stonewallx2Service - fee:284
12:09:59.208 [main] DEBUG com.samourai.wallet.cahoots.stonewallx2.Stonewallx2Service - 1 selected utxos, totalContributedAmount=10000, requiredAmount=5830
12:09:59.208 [main] DEBUG com.samourai.wallet.cahoots.stonewallx2.Stonewallx2Service - fee pair:284
12:09:59.208 [main] DEBUG com.samourai.wallet.cahoots.stonewallx2.Stonewallx2Service - destination:2Mww8dCYPUpKHofjgcXcBCEGmniw9CoaiD2
12:09:59.208 [main] DEBUG com.samourai.wallet.cahoots.stonewallx2.Stonewallx2Service - output value post fee:4858
12:09:59.208 [main] DEBUG com.samourai.wallet.cahoots.stonewallx2.Stonewallx2Service - +output (Spender change) = tb1qfe8765vcdka0xgkjkdhxjzux8raq7qsyamffad
12:09:59.208 [main] DEBUG com.samourai.wallet.cahoots.AbstractCahoots2xService - ###### END doSTONEWALLx2_2 STONEWALLX2/SENDER
12:09:59.208 [main] DEBUG com.samourai.wallet.cahoots.AbstractCahoots2xService -  * outpoints={14cf9c6be92efcfe628aabd32b02c85e763615ddd430861bc18f6d366e4c4fd5-1=10000, 9407b31fd0159dc4dd3f5377e3b18e4b4aafef2977a52e76b95c3f899cbb05ad-1=10000}
12:09:59.208 [main] DEBUG com.samourai.wallet.cahoots.AbstractCahoots2xService -  * tx=  55d7e2a6cfedeacd14a1c62f1d4caea04c04398df508d2d344e6928e80c51cfc
  version 2
  time locked until block 1234
  opts into full replace-by-fee
     in   
          outpoint:9407b31fd0159dc4dd3f5377e3b18e4b4aafef2977a52e76b95c3f899cbb05ad:1
          sequence:fffffffd, opts into full RBF
     in    0.0001 BTC
          outpoint:14cf9c6be92efcfe628aabd32b02c85e763615ddd430861bc18f6d366e4c4fd5:1
          sequence:fffffffd, opts into full RBF
     out  HASH160 PUSHDATA(20)[9f0432151dfca9ed873a3dab5106f470181be85c] EQUAL 0.00005 BTC
     out  0[] PUSHDATA(20)[657b6afdeef6809fdabce7face295632fbd94feb] 0.00004858 BTC
     out  HASH160 PUSHDATA(20)[336caa13e08b96080a32b5d818d59b4ab3b36742] EQUAL 0.00005 BTC
     out  0[] PUSHDATA(20)[4e4fed51986dbaf322d2b36e690b8638fa0f0204] 0.00004858 BTC
     prps UNKNOWN

12:09:59.208 [main] DEBUG com.samourai.wallet.cahoots.stonewallx2.Stonewallx2Service - # STONEWALLx2 SENDER => step=2
12:09:59.209 [main] DEBUG com.samourai.wallet.cahoots.AbstractCahootsTest - #2 SENDER => {"cahoots":{"fingerprint_collab":"f0d70870","psbt":"abZy8000000rmh7:.-s?2T?Q2yNe}jF=4(O*Ycn}jsb00s8n8Xn*.f20g=yA5On>VITe99zIoJl9Y5YbtUcxp.Eo^*YXMU-[IGetGn1ZIEycWL(lv/XHGia6b9<-DofXD!]VRC2S]+<dRjCpR6z!PoI*)ZrXfF)AP>f[n+p}[>?Kum!-(T=]5oL>>9C+NTW[SVFCZQ-YTtEz0rVLS>DGS&nP/yi4!GE3ECxWVjNAbFpQ2q2aB>Umul}FfCtuy3r?drg49$l=7tQBii-aV%X-E5u)@yM>8HX?b<)x2r!0rr9","destPaynym":"","cpty_account":0,"spend_amount":5000,"outpoints":[{"value":10000,"outpoint":"14cf9c6be92efcfe628aabd32b02c85e763615ddd430861bc18f6d366e4c4fd5-1"},{"value":10000,"outpoint":"9407b31fd0159dc4dd3f5377e3b18e4b4aafef2977a52e76b95c3f899cbb05ad-1"}],"type":0,"params":"testnet","dest":"2Mww8dCYPUpKHofjgcXcBCEGmniw9CoaiD2","version":2,"fee_amount":284,"fingerprint":"eed8a1cd","step":2,"collabChange":"tb1qv4ak4l0w76qflk4uulavu22kxtaajnltkzxyq5","id":"67afb9ecb843fae050d3b179bf842c6b8bd9fd90e36269e45f68bf3ed2589cb1","account":0,"ts":1711645799}}
12:09:59.209 [main] DEBUG com.samourai.wallet.cahoots.stonewallx2.Stonewallx2Service - # STONEWALLx2 COUNTERPARTY <= step=2
12:09:59.209 [main] DEBUG com.samourai.wallet.cahoots.AbstractCahoots2xService - ###### BEGIN doStep3 STONEWALLX2/COUNTERPARTY
12:09:59.209 [main] DEBUG com.samourai.wallet.cahoots.AbstractCahoots2xService -  * outpoints={14cf9c6be92efcfe628aabd32b02c85e763615ddd430861bc18f6d366e4c4fd5-1=10000, 9407b31fd0159dc4dd3f5377e3b18e4b4aafef2977a52e76b95c3f899cbb05ad-1=10000}
12:09:59.209 [main] DEBUG com.samourai.wallet.cahoots.AbstractCahoots2xService -  * tx=  55d7e2a6cfedeacd14a1c62f1d4caea04c04398df508d2d344e6928e80c51cfc
  version 2
  time locked until block 1234
  opts into full replace-by-fee
     in   
          outpoint:9407b31fd0159dc4dd3f5377e3b18e4b4aafef2977a52e76b95c3f899cbb05ad:1
          sequence:fffffffd, opts into full RBF
     in   
          outpoint:14cf9c6be92efcfe628aabd32b02c85e763615ddd430861bc18f6d366e4c4fd5:1
          sequence:fffffffd, opts into full RBF
     out  HASH160 PUSHDATA(20)[9f0432151dfca9ed873a3dab5106f470181be85c] EQUAL 0.00005 BTC
     out  0[] PUSHDATA(20)[657b6afdeef6809fdabce7face295632fbd94feb] 0.00004858 BTC
     out  HASH160 PUSHDATA(20)[336caa13e08b96080a32b5d818d59b4ab3b36742] EQUAL 0.00005 BTC
     out  0[] PUSHDATA(20)[4e4fed51986dbaf322d2b36e690b8638fa0f0204] 0.00004858 BTC
     prps UNKNOWN

12:09:59.209 [main] DEBUG com.samourai.wallet.cahoots.Cahoots2x - signTx:  373310bcd31b36607e6c8c4d155e1c59696473ac59d88154e282b2b34c536698
  version 2
  time locked until block 1234
  opts into full replace-by-fee
     in   
          outpoint:14cf9c6be92efcfe628aabd32b02c85e763615ddd430861bc18f6d366e4c4fd5:1
          sequence:fffffffd, opts into full RBF
     in   
          outpoint:9407b31fd0159dc4dd3f5377e3b18e4b4aafef2977a52e76b95c3f899cbb05ad:1
          sequence:fffffffd, opts into full RBF
     out  0[] PUSHDATA(20)[4e4fed51986dbaf322d2b36e690b8638fa0f0204] 0.00004858 BTC
     out  0[] PUSHDATA(20)[657b6afdeef6809fdabce7face295632fbd94feb] 0.00004858 BTC
     out  HASH160 PUSHDATA(20)[336caa13e08b96080a32b5d818d59b4ab3b36742] EQUAL 0.00005 BTC
     out  HASH160 PUSHDATA(20)[9f0432151dfca9ed873a3dab5106f470181be85c] EQUAL 0.00005 BTC
     prps UNKNOWN

12:09:59.209 [main] DEBUG com.samourai.wallet.cahoots.Cahoots2x - signTx outpoint:9407b31fd0159dc4dd3f5377e3b18e4b4aafef2977a52e76b95c3f899cbb05ad:1
12:09:59.209 [main] DEBUG com.samourai.wallet.cahoots.Cahoots2x - signTx bech32:tb1qyvqh86akdkhnh8fh7j0q7n8j78k0wruz5et8tj
12:09:59.209 [main] DEBUG com.samourai.wallet.cahoots.Cahoots2x - signTx value:10000
12:09:59.210 [main] DEBUG com.samourai.wallet.cahoots.AbstractCahootsService - [STONEWALLX2/COUNTERPARTY] computeSpendAmount: keyBag=[9407b31fd0159dc4dd3f5377e3b18e4b4aafef2977a52e76b95c3f899cbb05ad:1]
12:09:59.210 [main] DEBUG com.samourai.wallet.cahoots.AbstractCahootsService - [STONEWALLX2/COUNTERPARTY] computeSpendAmount: +input 10000 9407b31fd0159dc4dd3f5377e3b18e4b4aafef2977a52e76b95c3f899cbb05ad:1
12:09:59.210 [main] DEBUG com.samourai.wallet.cahoots.AbstractCahootsService - [STONEWALLX2/COUNTERPARTY] computeSpendAmount: -output 4858 tb1qv4ak4l0w76qflk4uulavu22kxtaajnltkzxyq5
12:09:59.210 [main] DEBUG com.samourai.wallet.cahoots.AbstractCahootsService - [STONEWALLX2/COUNTERPARTY] computeSpendAmount: -output 5000 2N7k2TJWsc1Nwn6WYBF5VmkWq5KTc8R4UtA
12:09:59.210 [main] DEBUG com.samourai.wallet.cahoots.AbstractCahootsService - [STONEWALLX2/COUNTERPARTY] computeSpendAmount = 142
12:09:59.210 [main] DEBUG com.samourai.wallet.cahoots.stonewallx2.Stonewallx2Service - [STONEWALLX2/COUNTERPARTY] maxSpendAmount = 142: sharedMinerFee=142
12:09:59.210 [main] DEBUG com.samourai.wallet.cahoots.AbstractCahoots2xService - [STONEWALLX2/COUNTERPARTY] COUNTERPARTY verifiedSpendAmount=142, maxSpendAmount=142
12:09:59.210 [main] DEBUG com.samourai.wallet.cahoots.AbstractCahoots2xService - ###### END doStep3 STONEWALLX2/COUNTERPARTY
12:09:59.210 [main] DEBUG com.samourai.wallet.cahoots.AbstractCahoots2xService -  * outpoints={14cf9c6be92efcfe628aabd32b02c85e763615ddd430861bc18f6d366e4c4fd5-1=10000, 9407b31fd0159dc4dd3f5377e3b18e4b4aafef2977a52e76b95c3f899cbb05ad-1=10000}
12:09:59.210 [main] DEBUG com.samourai.wallet.cahoots.AbstractCahoots2xService -  * tx=  373310bcd31b36607e6c8c4d155e1c59696473ac59d88154e282b2b34c536698
  version 2
  time locked until block 1234
  opts into full replace-by-fee
     in   
          outpoint:14cf9c6be92efcfe628aabd32b02c85e763615ddd430861bc18f6d366e4c4fd5:1
          sequence:fffffffd, opts into full RBF
     in   
          outpoint:9407b31fd0159dc4dd3f5377e3b18e4b4aafef2977a52e76b95c3f899cbb05ad:1
          sequence:fffffffd, opts into full RBF
     out  0[] PUSHDATA(20)[4e4fed51986dbaf322d2b36e690b8638fa0f0204] 0.00004858 BTC
     out  0[] PUSHDATA(20)[657b6afdeef6809fdabce7face295632fbd94feb] 0.00004858 BTC
     out  HASH160 PUSHDATA(20)[336caa13e08b96080a32b5d818d59b4ab3b36742] EQUAL 0.00005 BTC
     out  HASH160 PUSHDATA(20)[9f0432151dfca9ed873a3dab5106f470181be85c] EQUAL 0.00005 BTC
     prps UNKNOWN

12:09:59.210 [main] DEBUG com.samourai.wallet.cahoots.stonewallx2.Stonewallx2Service - # STONEWALLx2 COUNTERPARTY => step=3
12:09:59.210 [main] DEBUG com.samourai.wallet.cahoots.AbstractCahootsTest - #3 COUNTERPARTY => {"cahoots":{"fingerprint_collab":"f0d70870","psbt":"abZy8000000rmh83Yln=2.Yzxd[kO{qsx0/{1%f{7g@n$18k}dZRjU&(b<zSZ)aSd3bgi3B.6MEVUFeQ-583NSLVM0{4g3.+hL@1RrJoP)va4hPNp<@yhi-G6R9@.BdS0KUtSAKM+jXnlEE{1}qf1KrzO0P72QvP]<nz0cH/7G:ggKZ^Lt8k?lX}(IhEF7!.#.ecsw+0F4Csd!r]IxhsNP^/luji}ba3h]3{I(<Bs:Vi101a2&(g.s1<]Sjy@hGjscfx:RzbUD+TFGcoLA4.N]eP[ld^Si=UlgV*x(!*D]uTA*BShcj9PTgsOEECRkjrZj.1]jszlN8KC]Ix#-Y$5=9nTh?a!S{K:I6um93I8G<)#OpK^.eHEA!(-OW3TBW]h4qDvFvNEjgt81HNE4AWr}Dh>)Tok]yJGU-}VUua@n9[Mzy/y]Q(yKpS:K:h^0rpnIhk*MR00","destPaynym":"","cpty_account":0,"spend_amount":5000,"outpoints":[{"value":10000,"outpoint":"14cf9c6be92efcfe628aabd32b02c85e763615ddd430861bc18f6d366e4c4fd5-1"},{"value":10000,"outpoint":"9407b31fd0159dc4dd3f5377e3b18e4b4aafef2977a52e76b95c3f899cbb05ad-1"}],"type":0,"params":"testnet","dest":"2Mww8dCYPUpKHofjgcXcBCEGmniw9CoaiD2","version":2,"fee_amount":284,"fingerprint":"eed8a1cd","step":3,"collabChange":"tb1qv4ak4l0w76qflk4uulavu22kxtaajnltkzxyq5","id":"67afb9ecb843fae050d3b179bf842c6b8bd9fd90e36269e45f68bf3ed2589cb1","account":0,"ts":1711645799}}
12:09:59.210 [main] DEBUG com.samourai.wallet.cahoots.stonewallx2.Stonewallx2Service - # STONEWALLx2 SENDER <= step=3
12:09:59.210 [main] DEBUG com.samourai.wallet.cahoots.AbstractCahoots2xService - ###### BEGIN doStep4 STONEWALLX2/SENDER
12:09:59.210 [main] DEBUG com.samourai.wallet.cahoots.AbstractCahoots2xService -  * outpoints={14cf9c6be92efcfe628aabd32b02c85e763615ddd430861bc18f6d366e4c4fd5-1=10000, 9407b31fd0159dc4dd3f5377e3b18e4b4aafef2977a52e76b95c3f899cbb05ad-1=10000}
12:09:59.210 [main] DEBUG com.samourai.wallet.cahoots.AbstractCahoots2xService -  * tx=  373310bcd31b36607e6c8c4d155e1c59696473ac59d88154e282b2b34c536698
  version 2
  time locked until block 1234
  opts into full replace-by-fee
     in   
          outpoint:14cf9c6be92efcfe628aabd32b02c85e763615ddd430861bc18f6d366e4c4fd5:1
          sequence:fffffffd, opts into full RBF
     in   
          outpoint:9407b31fd0159dc4dd3f5377e3b18e4b4aafef2977a52e76b95c3f899cbb05ad:1
          sequence:fffffffd, opts into full RBF
     out  0[] PUSHDATA(20)[4e4fed51986dbaf322d2b36e690b8638fa0f0204] 0.00004858 BTC
     out  0[] PUSHDATA(20)[657b6afdeef6809fdabce7face295632fbd94feb] 0.00004858 BTC
     out  HASH160 PUSHDATA(20)[336caa13e08b96080a32b5d818d59b4ab3b36742] EQUAL 0.00005 BTC
     out  HASH160 PUSHDATA(20)[9f0432151dfca9ed873a3dab5106f470181be85c] EQUAL 0.00005 BTC
     prps UNKNOWN

12:09:59.211 [main] DEBUG com.samourai.wallet.cahoots.Cahoots2x - signTx:  373310bcd31b36607e6c8c4d155e1c59696473ac59d88154e282b2b34c536698
  version 2
  time locked until block 1234
  opts into full replace-by-fee
     in   
          outpoint:14cf9c6be92efcfe628aabd32b02c85e763615ddd430861bc18f6d366e4c4fd5:1
          sequence:fffffffd, opts into full RBF
     in   
          outpoint:9407b31fd0159dc4dd3f5377e3b18e4b4aafef2977a52e76b95c3f899cbb05ad:1
          sequence:fffffffd, opts into full RBF
     out  0[] PUSHDATA(20)[4e4fed51986dbaf322d2b36e690b8638fa0f0204] 0.00004858 BTC
     out  0[] PUSHDATA(20)[657b6afdeef6809fdabce7face295632fbd94feb] 0.00004858 BTC
     out  HASH160 PUSHDATA(20)[336caa13e08b96080a32b5d818d59b4ab3b36742] EQUAL 0.00005 BTC
     out  HASH160 PUSHDATA(20)[9f0432151dfca9ed873a3dab5106f470181be85c] EQUAL 0.00005 BTC
     prps UNKNOWN

12:09:59.211 [main] DEBUG com.samourai.wallet.cahoots.Cahoots2x - signTx outpoint:14cf9c6be92efcfe628aabd32b02c85e763615ddd430861bc18f6d366e4c4fd5:1
12:09:59.211 [main] DEBUG com.samourai.wallet.cahoots.Cahoots2x - signTx bech32:tb1qyvqh86akdkhnh8fh7j0q7n8j78k0wruz5et8tj
12:09:59.211 [main] DEBUG com.samourai.wallet.cahoots.Cahoots2x - signTx value:10000
12:09:59.211 [main] DEBUG com.samourai.wallet.cahoots.AbstractCahootsService - [STONEWALLX2/SENDER] computeSpendAmount: keyBag=[14cf9c6be92efcfe628aabd32b02c85e763615ddd430861bc18f6d366e4c4fd5:1]
12:09:59.211 [main] DEBUG com.samourai.wallet.cahoots.AbstractCahootsService - [STONEWALLX2/SENDER] computeSpendAmount: +input 10000 14cf9c6be92efcfe628aabd32b02c85e763615ddd430861bc18f6d366e4c4fd5:1
12:09:59.211 [main] DEBUG com.samourai.wallet.cahoots.AbstractCahootsService - [STONEWALLX2/SENDER] computeSpendAmount: -output 4858 tb1qfe8765vcdka0xgkjkdhxjzux8raq7qsyamffad
12:09:59.211 [main] DEBUG com.samourai.wallet.cahoots.AbstractCahootsService - [STONEWALLX2/SENDER] computeSpendAmount = 5142
12:09:59.211 [main] DEBUG com.samourai.wallet.cahoots.stonewallx2.Stonewallx2Service - [STONEWALLX2/SENDER] maxSpendAmount = 5142: amount=5000 + sharedMinerFee=142
12:09:59.211 [main] DEBUG com.samourai.wallet.cahoots.AbstractCahoots2xService - [STONEWALLX2/SENDER] SENDER verifiedSpendAmount=5142, maxSpendAmount=5142
12:09:59.211 [main] DEBUG com.samourai.wallet.cahoots.AbstractCahootsService - checkFee: feeActual=284, feeExpected=284
12:09:59.211 [main] DEBUG com.samourai.wallet.cahoots.AbstractCahoots2xService - ###### END doStep4 STONEWALLX2/SENDER
12:09:59.211 [main] DEBUG com.samourai.wallet.cahoots.AbstractCahoots2xService -  * outpoints={14cf9c6be92efcfe628aabd32b02c85e763615ddd430861bc18f6d366e4c4fd5-1=10000, 9407b31fd0159dc4dd3f5377e3b18e4b4aafef2977a52e76b95c3f899cbb05ad-1=10000}
12:09:59.211 [main] DEBUG com.samourai.wallet.cahoots.AbstractCahoots2xService -  * tx=  373310bcd31b36607e6c8c4d155e1c59696473ac59d88154e282b2b34c536698
  version 2
  time locked until block 1234
  opts into full replace-by-fee
     in   
          outpoint:14cf9c6be92efcfe628aabd32b02c85e763615ddd430861bc18f6d366e4c4fd5:1
          sequence:fffffffd, opts into full RBF
     in   
          outpoint:9407b31fd0159dc4dd3f5377e3b18e4b4aafef2977a52e76b95c3f899cbb05ad:1
          sequence:fffffffd, opts into full RBF
     out  0[] PUSHDATA(20)[4e4fed51986dbaf322d2b36e690b8638fa0f0204] 0.00004858 BTC
     out  0[] PUSHDATA(20)[657b6afdeef6809fdabce7face295632fbd94feb] 0.00004858 BTC
     out  HASH160 PUSHDATA(20)[336caa13e08b96080a32b5d818d59b4ab3b36742] EQUAL 0.00005 BTC
     out  HASH160 PUSHDATA(20)[9f0432151dfca9ed873a3dab5106f470181be85c] EQUAL 0.00005 BTC
     prps UNKNOWN

12:09:59.211 [main] DEBUG com.samourai.wallet.cahoots.stonewallx2.Stonewallx2Service - # STONEWALLx2 SENDER => step=4
12:09:59.211 [main] DEBUG com.samourai.wallet.cahoots.AbstractCahootsTest - #4 SENDER => {"cahoots":{"fingerprint_collab":"f0d70870","psbt":"abZy8000000rof0tDO#32?]%{.ECOqve&>FRW(!fzVtOJNRiJT8^tQ1J}9P3Z/o)s5b-B<\/x7%so^jfu5yVr9Xc:)C+i-?Xp8lo4:EeSzX)r+w8#OT)TF#24qe*P*<$#?eTdkiJDB$RWGvq(^n+AY<!NNHG3uhd[@r(3K3h&6AlTos[zL11?zC?ut>Hr7^7kE}TN$aUH%cPaMdkxvov=ggEUxw<$[HFYd+niy/KP7S#Aayer5L9v%e)]lj[%l01{2FUEcD:y3(V(&qBNS+:3?2<EPRVPtwln<wV*x}Pibw.B/m&3OJ)U+]xoG+v&vY4cR(1EHkF&)&x<n>M2UAxY3O71UD3-y@=877J(Mw[sGrA!m-?nEGmQ!J}iR#x6PI?vD^!7v#?z$U6:YO>5JP>t&uvr8Tg1DJ.=bO0E*1y0&jSZ>9X&7+024ZP[fi[*D3O]T-e{?G=!@E#}KC7Vh2Ejh0k0a#s%l$8P8}w<5PAau&j<HAai#+K@NFesBaqR2%-a=c$mn?zH7![(VySEsYE@%i[{>NtQ00]&Yf[6i800","destPaynym":"","cpty_account":0,"spend_amount":5000,"outpoints":[{"value":10000,"outpoint":"14cf9c6be92efcfe628aabd32b02c85e763615ddd430861bc18f6d366e4c4fd5-1"},{"value":10000,"outpoint":"9407b31fd0159dc4dd3f5377e3b18e4b4aafef2977a52e76b95c3f899cbb05ad-1"}],"type":0,"params":"testnet","dest":"2Mww8dCYPUpKHofjgcXcBCEGmniw9CoaiD2","version":2,"fee_amount":284,"fingerprint":"eed8a1cd","step":4,"collabChange":"tb1qv4ak4l0w76qflk4uulavu22kxtaajnltkzxyq5","id":"67afb9ecb843fae050d3b179bf842c6b8bd9fd90e36269e45f68bf3ed2589cb1","account":0,"ts":1711645799}}
12:09:59.212 [main] DEBUG com.samourai.wallet.test.AbstractTest -   373310bcd31b36607e6c8c4d155e1c59696473ac59d88154e282b2b34c536698
  version 2
  time locked until block 1234
  opts into full replace-by-fee
     in   
          outpoint:14cf9c6be92efcfe628aabd32b02c85e763615ddd430861bc18f6d366e4c4fd5:1
          sequence:fffffffd, opts into full RBF
     in   
          outpoint:9407b31fd0159dc4dd3f5377e3b18e4b4aafef2977a52e76b95c3f899cbb05ad:1
          sequence:fffffffd, opts into full RBF
     out  0[] PUSHDATA(20)[4e4fed51986dbaf322d2b36e690b8638fa0f0204] 0.00004858 BTC
     out  0[] PUSHDATA(20)[657b6afdeef6809fdabce7face295632fbd94feb] 0.00004858 BTC
     out  HASH160 PUSHDATA(20)[336caa13e08b96080a32b5d818d59b4ab3b36742] EQUAL 0.00005 BTC
     out  HASH160 PUSHDATA(20)[9f0432151dfca9ed873a3dab5106f470181be85c] EQUAL 0.00005 BTC
     prps UNKNOWN

12:09:59.212 [main] DEBUG com.samourai.wallet.test.AbstractTest - outputsActuals: {2Mww8dCYPUpKHofjgcXcBCEGmniw9CoaiD2=5000, 2N7k2TJWsc1Nwn6WYBF5VmkWq5KTc8R4UtA=5000, tb1qfe8765vcdka0xgkjkdhxjzux8raq7qsyamffad=4858, tb1qv4ak4l0w76qflk4uulavu22kxtaajnltkzxyq5=4858}
]]></system-out>
  </testcase>
  <testcase name="STONEWALLx2_BIP84" classname="com.samourai.wallet.cahoots.Stonewallx2ServiceTest" time="0.354">
    <system-out><![CDATA[12:09:59.218 [main] DEBUG com.samourai.http.client.JettyHttpClient - +httpClient: no proxy
12:09:59.365 [main] DEBUG com.samourai.wallet.bipWallet.WalletSupplierImpl - +BipWallet[DEPOSIT_BIP44]: BipWallet{id='DEPOSIT_BIP44', samouraiAccount=DEPOSIT, derivation=BipDerivation{purpose=44, accountIndex=0}, bipFormatDefault=LEGACY, bipFormats=[LEGACY], xPub='tpu...LwY', bipPub='tpu...LwY'}
12:09:59.365 [main] DEBUG com.samourai.wallet.bipWallet.WalletSupplierImpl - +BipWallet[DEPOSIT_BIP49]: BipWallet{id='DEPOSIT_BIP49', samouraiAccount=DEPOSIT, derivation=BipDerivation{purpose=49, accountIndex=0}, bipFormatDefault=SEGWIT_COMPAT, bipFormats=[SEGWIT_COMPAT], xPub='tpu...eV2', bipPub='upu...38D'}
12:09:59.365 [main] DEBUG com.samourai.wallet.bipWallet.WalletSupplierImpl - +BipWallet[DEPOSIT_BIP84]: BipWallet{id='DEPOSIT_BIP84', samouraiAccount=DEPOSIT, derivation=BipDerivation{purpose=84, accountIndex=0}, bipFormatDefault=SEGWIT_NATIVE, bipFormats=[SEGWIT_NATIVE], xPub='tpu...re9', bipPub='vpu...dCu'}
12:09:59.365 [main] DEBUG com.samourai.wallet.bipWallet.WalletSupplierImpl - +BipWallet[PREMIX_BIP84]: BipWallet{id='PREMIX_BIP84', samouraiAccount=PREMIX, derivation=BipDerivation{purpose=84, accountIndex=2147483645}, bipFormatDefault=SEGWIT_NATIVE, bipFormats=[SEGWIT_NATIVE], xPub='tpu...hvr', bipPub='vpu...4mL'}
12:09:59.365 [main] DEBUG com.samourai.wallet.bipWallet.WalletSupplierImpl - +BipWallet[POSTMIX_BIP84]: BipWallet{id='POSTMIX_BIP84', samouraiAccount=POSTMIX, derivation=BipDerivation{purpose=84, accountIndex=2147483646}, bipFormatDefault=SEGWIT_NATIVE, bipFormats=[SEGWIT_NATIVE, SEGWIT_COMPAT, LEGACY], xPub='tpu...sQD', bipPub='vpu...nrW'}
12:09:59.365 [main] DEBUG com.samourai.wallet.bipWallet.WalletSupplierImpl - +BipWallet[ASB_BIP84]: BipWallet{id='ASB_BIP84', samouraiAccount=SWAPS_ASB, derivation=BipDerivation{purpose=84, accountIndex=2147483641}, bipFormatDefault=SEGWIT_NATIVE, bipFormats=[SEGWIT_NATIVE], xPub='tpu...p4i', bipPub='vpu...sEH'}
12:09:59.365 [main] DEBUG com.samourai.wallet.bipWallet.WalletSupplierImpl - +BipWallet[SWAPS_DEPOSIT]: BipWallet{id='SWAPS_DEPOSIT', samouraiAccount=SWAPS_DEPOSIT, derivation=BipDerivation{purpose=84, accountIndex=2147483643}, bipFormatDefault=SEGWIT_NATIVE, bipFormats=[SEGWIT_NATIVE], xPub='tpu...3s7', bipPub='vpu...HpJ'}
12:09:59.365 [main] DEBUG com.samourai.wallet.bipWallet.WalletSupplierImpl - +BipWallet[SWAPS_REFUNDS]: BipWallet{id='SWAPS_REFUNDS', samouraiAccount=SWAPS_REFUNDS, derivation=BipDerivation{purpose=84, accountIndex=2147483642}, bipFormatDefault=SEGWIT_NATIVE, bipFormats=[SEGWIT_NATIVE], xPub='tpu...rMX', bipPub='vpu...Sr9'}
12:09:59.365 [main] DEBUG com.samourai.wallet.bipWallet.WalletSupplierImpl - +BipWallet[BADBANK_BIP84]: BipWallet{id='BADBANK_BIP84', samouraiAccount=BADBANK, derivation=BipDerivation{purpose=84, accountIndex=2147483644}, bipFormatDefault=SEGWIT_NATIVE, bipFormats=[SEGWIT_NATIVE], xPub='tpu...hmu', bipPub='vpu...tNY'}
12:09:59.365 [main] DEBUG com.samourai.wallet.bipWallet.WalletSupplierImpl - +BipWallet[RICOCHET_BIP84]: BipWallet{id='RICOCHET_BIP84', samouraiAccount=RICOCHET, derivation=BipDerivation{purpose=84, accountIndex=2147483647}, bipFormatDefault=SEGWIT_NATIVE, bipFormats=[SEGWIT_NATIVE], xPub='tpu...UMc', bipPub='vpu...knj'}
12:09:59.365 [main] DEBUG com.samourai.wallet.api.backend.BackendApi - urlBackend=https://api.samouraiwallet.com/test/v2, oAuth=no
12:09:59.365 [main] DEBUG com.samourai.wallet.util.LogbackUtils - Log level set to DEBUG for the logger 'com.samourai'
12:09:59.365 [main] DEBUG com.samourai.wallet.util.LogbackUtils - Log level set to DEBUG for the logger 'com.samourai.whirlpool.client'
12:09:59.365 [main] DEBUG com.samourai.wallet.util.LogbackUtils - Log level set to DEBUG for the logger 'com.samourai.whirlpool.client.mix.dialog'
12:09:59.365 [main] DEBUG com.samourai.wallet.util.LogbackUtils - Log level set to DEBUG for the logger 'com.samourai.stomp.client'
12:09:59.365 [main] DEBUG com.samourai.wallet.util.LogbackUtils - Log level set to DEBUG for the logger 'com.samourai.wallet.util.FeeUtil'
12:09:59.365 [main] DEBUG com.samourai.wallet.util.LogbackUtils - Log level set to DEBUG for the logger 'com.samourai.whirlpool.client.utils'
12:09:59.365 [main] DEBUG com.samourai.wallet.util.LogbackUtils - Log level set to DEBUG for the logger 'com.samourai.whirlpool.client.wallet'
12:09:59.365 [main] DEBUG com.samourai.wallet.util.LogbackUtils - Log level set to DEBUG for the logger 'com.samourai.wallet.cahoots'
12:09:59.365 [main] DEBUG com.samourai.wallet.util.LogbackUtils - Log level set to DEBUG for the logger 'com.samourai.wallet.cahoots.stowaway'
12:09:59.365 [main] DEBUG com.samourai.wallet.util.LogbackUtils - Log level set to DEBUG for the logger 'com.samourai.wallet.cahoots.stonewallx2'
12:09:59.365 [main] DEBUG com.samourai.wallet.util.LogbackUtils - Log level set to DEBUG for the logger 'com.samourai.wallet.sorobanClient'
12:09:59.365 [main] DEBUG com.samourai.wallet.util.LogbackUtils - Log level set to DEBUG for the logger 'com.samourai.soroban.client'
12:09:59.365 [main] DEBUG com.samourai.wallet.util.LogbackUtils - Log level set to DEBUG for the logger 'com.samourai.soroban.client.rpc'
12:09:59.365 [main] DEBUG com.samourai.wallet.util.LogbackUtils - Log level set to DEBUG for the logger 'com.samourai.soroban.client.dialog'
12:09:59.365 [main] DEBUG com.samourai.wallet.util.LogbackUtils - Log level set to DEBUG for the logger 'com.samourai.soroban.client.meeting'
12:09:59.365 [main] DEBUG com.samourai.wallet.util.LogbackUtils - Log level set to DEBUG for the logger 'com.samourai.whirlpool.client.wallet.orchestrator'
12:09:59.365 [main] DEBUG com.samourai.wallet.util.LogbackUtils - Log level set to ERROR for the logger 'org.bitcoinj'
12:09:59.365 [main] DEBUG com.samourai.wallet.util.LogbackUtils - Log level set to WARN for the logger 'org.bitcoin'
12:09:59.365 [main] DEBUG com.samourai.wallet.util.LogbackUtils - Log level set to INFO for the logger 'org.eclipse.jetty'
12:09:59.437 [main] DEBUG com.samourai.wallet.bipWallet.WalletSupplierImpl - +BipWallet[DEPOSIT_BIP44]: BipWallet{id='DEPOSIT_BIP44', samouraiAccount=DEPOSIT, derivation=BipDerivation{purpose=44, accountIndex=0}, bipFormatDefault=LEGACY, bipFormats=[LEGACY], xPub='tpu...LZp', bipPub='tpu...LZp'}
12:09:59.437 [main] DEBUG com.samourai.wallet.bipWallet.WalletSupplierImpl - +BipWallet[DEPOSIT_BIP49]: BipWallet{id='DEPOSIT_BIP49', samouraiAccount=DEPOSIT, derivation=BipDerivation{purpose=49, accountIndex=0}, bipFormatDefault=SEGWIT_COMPAT, bipFormats=[SEGWIT_COMPAT], xPub='tpu...2dH', bipPub='upu...bSs'}
12:09:59.437 [main] DEBUG com.samourai.wallet.bipWallet.WalletSupplierImpl - +BipWallet[DEPOSIT_BIP84]: BipWallet{id='DEPOSIT_BIP84', samouraiAccount=DEPOSIT, derivation=BipDerivation{purpose=84, accountIndex=0}, bipFormatDefault=SEGWIT_NATIVE, bipFormats=[SEGWIT_NATIVE], xPub='tpu...MfN', bipPub='vpu...sew'}
12:09:59.437 [main] DEBUG com.samourai.wallet.bipWallet.WalletSupplierImpl - +BipWallet[PREMIX_BIP84]: BipWallet{id='PREMIX_BIP84', samouraiAccount=PREMIX, derivation=BipDerivation{purpose=84, accountIndex=2147483645}, bipFormatDefault=SEGWIT_NATIVE, bipFormats=[SEGWIT_NATIVE], xPub='tpu...y1p', bipPub='vpu...D4a'}
12:09:59.437 [main] DEBUG com.samourai.wallet.bipWallet.WalletSupplierImpl - +BipWallet[POSTMIX_BIP84]: BipWallet{id='POSTMIX_BIP84', samouraiAccount=POSTMIX, derivation=BipDerivation{purpose=84, accountIndex=2147483646}, bipFormatDefault=SEGWIT_NATIVE, bipFormats=[SEGWIT_NATIVE, SEGWIT_COMPAT, LEGACY], xPub='tpu...NLN', bipPub='vpu...RKR'}
12:09:59.437 [main] DEBUG com.samourai.wallet.bipWallet.WalletSupplierImpl - +BipWallet[BADBANK_BIP84]: BipWallet{id='BADBANK_BIP84', samouraiAccount=BADBANK, derivation=BipDerivation{purpose=84, accountIndex=2147483644}, bipFormatDefault=SEGWIT_NATIVE, bipFormats=[SEGWIT_NATIVE], xPub='tpu...86t', bipPub='vpu...XXs'}
12:09:59.534 [main] DEBUG com.samourai.wallet.bipWallet.WalletSupplierImpl - +BipWallet[DEPOSIT_BIP44]: BipWallet{id='DEPOSIT_BIP44', samouraiAccount=DEPOSIT, derivation=BipDerivation{purpose=44, accountIndex=0}, bipFormatDefault=LEGACY, bipFormats=[LEGACY], xPub='tpu...XeJ', bipPub='tpu...XeJ'}
12:09:59.534 [main] DEBUG com.samourai.wallet.bipWallet.WalletSupplierImpl - +BipWallet[DEPOSIT_BIP49]: BipWallet{id='DEPOSIT_BIP49', samouraiAccount=DEPOSIT, derivation=BipDerivation{purpose=49, accountIndex=0}, bipFormatDefault=SEGWIT_COMPAT, bipFormats=[SEGWIT_COMPAT], xPub='tpu...TBn', bipPub='upu...QVy'}
12:09:59.534 [main] DEBUG com.samourai.wallet.bipWallet.WalletSupplierImpl - +BipWallet[DEPOSIT_BIP84]: BipWallet{id='DEPOSIT_BIP84', samouraiAccount=DEPOSIT, derivation=BipDerivation{purpose=84, accountIndex=0}, bipFormatDefault=SEGWIT_NATIVE, bipFormats=[SEGWIT_NATIVE], xPub='tpu...Nbr', bipPub='vpu...R4q'}
12:09:59.534 [main] DEBUG com.samourai.wallet.bipWallet.WalletSupplierImpl - +BipWallet[PREMIX_BIP84]: BipWallet{id='PREMIX_BIP84', samouraiAccount=PREMIX, derivation=BipDerivation{purpose=84, accountIndex=2147483645}, bipFormatDefault=SEGWIT_NATIVE, bipFormats=[SEGWIT_NATIVE], xPub='tpu...ZBX', bipPub='vpu...XxM'}
12:09:59.534 [main] DEBUG com.samourai.wallet.bipWallet.WalletSupplierImpl - +BipWallet[POSTMIX_BIP84]: BipWallet{id='POSTMIX_BIP84', samouraiAccount=POSTMIX, derivation=BipDerivation{purpose=84, accountIndex=2147483646}, bipFormatDefault=SEGWIT_NATIVE, bipFormats=[SEGWIT_NATIVE, SEGWIT_COMPAT, LEGACY], xPub='tpu...do5', bipPub='vpu...2eX'}
12:09:59.534 [main] DEBUG com.samourai.wallet.bipWallet.WalletSupplierImpl - +BipWallet[BADBANK_BIP84]: BipWallet{id='BADBANK_BIP84', samouraiAccount=BADBANK, derivation=BipDerivation{purpose=84, accountIndex=2147483644}, bipFormatDefault=SEGWIT_NATIVE, bipFormats=[SEGWIT_NATIVE], xPub='tpu...QxP', bipPub='vpu...M4F'}
12:09:59.561 [main] DEBUG com.samourai.http.client.JettyHttpClient - +httpClient: no proxy
12:09:59.710 [main] DEBUG com.samourai.wallet.bipWallet.WalletSupplierImpl - +BipWallet[DEPOSIT_BIP44]: BipWallet{id='DEPOSIT_BIP44', samouraiAccount=DEPOSIT, derivation=BipDerivation{purpose=44, accountIndex=0}, bipFormatDefault=LEGACY, bipFormats=[LEGACY], xPub='tpu...LwY', bipPub='tpu...LwY'}
12:09:59.710 [main] DEBUG com.samourai.wallet.bipWallet.WalletSupplierImpl - +BipWallet[DEPOSIT_BIP49]: BipWallet{id='DEPOSIT_BIP49', samouraiAccount=DEPOSIT, derivation=BipDerivation{purpose=49, accountIndex=0}, bipFormatDefault=SEGWIT_COMPAT, bipFormats=[SEGWIT_COMPAT], xPub='tpu...eV2', bipPub='upu...38D'}
12:09:59.710 [main] DEBUG com.samourai.wallet.bipWallet.WalletSupplierImpl - +BipWallet[DEPOSIT_BIP84]: BipWallet{id='DEPOSIT_BIP84', samouraiAccount=DEPOSIT, derivation=BipDerivation{purpose=84, accountIndex=0}, bipFormatDefault=SEGWIT_NATIVE, bipFormats=[SEGWIT_NATIVE], xPub='tpu...re9', bipPub='vpu...dCu'}
12:09:59.710 [main] DEBUG com.samourai.wallet.bipWallet.WalletSupplierImpl - +BipWallet[PREMIX_BIP84]: BipWallet{id='PREMIX_BIP84', samouraiAccount=PREMIX, derivation=BipDerivation{purpose=84, accountIndex=2147483645}, bipFormatDefault=SEGWIT_NATIVE, bipFormats=[SEGWIT_NATIVE], xPub='tpu...hvr', bipPub='vpu...4mL'}
12:09:59.710 [main] DEBUG com.samourai.wallet.bipWallet.WalletSupplierImpl - +BipWallet[POSTMIX_BIP84]: BipWallet{id='POSTMIX_BIP84', samouraiAccount=POSTMIX, derivation=BipDerivation{purpose=84, accountIndex=2147483646}, bipFormatDefault=SEGWIT_NATIVE, bipFormats=[SEGWIT_NATIVE, SEGWIT_COMPAT, LEGACY], xPub='tpu...sQD', bipPub='vpu...nrW'}
12:09:59.710 [main] DEBUG com.samourai.wallet.bipWallet.WalletSupplierImpl - +BipWallet[ASB_BIP84]: BipWallet{id='ASB_BIP84', samouraiAccount=SWAPS_ASB, derivation=BipDerivation{purpose=84, accountIndex=2147483641}, bipFormatDefault=SEGWIT_NATIVE, bipFormats=[SEGWIT_NATIVE], xPub='tpu...p4i', bipPub='vpu...sEH'}
12:09:59.710 [main] DEBUG com.samourai.wallet.bipWallet.WalletSupplierImpl - +BipWallet[SWAPS_DEPOSIT]: BipWallet{id='SWAPS_DEPOSIT', samouraiAccount=SWAPS_DEPOSIT, derivation=BipDerivation{purpose=84, accountIndex=2147483643}, bipFormatDefault=SEGWIT_NATIVE, bipFormats=[SEGWIT_NATIVE], xPub='tpu...3s7', bipPub='vpu...HpJ'}
12:09:59.710 [main] DEBUG com.samourai.wallet.bipWallet.WalletSupplierImpl - +BipWallet[SWAPS_REFUNDS]: BipWallet{id='SWAPS_REFUNDS', samouraiAccount=SWAPS_REFUNDS, derivation=BipDerivation{purpose=84, accountIndex=2147483642}, bipFormatDefault=SEGWIT_NATIVE, bipFormats=[SEGWIT_NATIVE], xPub='tpu...rMX', bipPub='vpu...Sr9'}
12:09:59.710 [main] DEBUG com.samourai.wallet.bipWallet.WalletSupplierImpl - +BipWallet[BADBANK_BIP84]: BipWallet{id='BADBANK_BIP84', samouraiAccount=BADBANK, derivation=BipDerivation{purpose=84, accountIndex=2147483644}, bipFormatDefault=SEGWIT_NATIVE, bipFormats=[SEGWIT_NATIVE], xPub='tpu...hmu', bipPub='vpu...tNY'}
12:09:59.710 [main] DEBUG com.samourai.wallet.bipWallet.WalletSupplierImpl - +BipWallet[RICOCHET_BIP84]: BipWallet{id='RICOCHET_BIP84', samouraiAccount=RICOCHET, derivation=BipDerivation{purpose=84, accountIndex=2147483647}, bipFormatDefault=SEGWIT_NATIVE, bipFormats=[SEGWIT_NATIVE], xPub='tpu...UMc', bipPub='vpu...knj'}
12:09:59.710 [main] DEBUG com.samourai.wallet.api.backend.BackendApi - urlBackend=https://api.samouraiwallet.com/test/v2, oAuth=no
12:09:59.710 [main] DEBUG com.samourai.wallet.util.LogbackUtils - Log level set to DEBUG for the logger 'com.samourai'
12:09:59.710 [main] DEBUG com.samourai.wallet.util.LogbackUtils - Log level set to DEBUG for the logger 'com.samourai.whirlpool.client'
12:09:59.710 [main] DEBUG com.samourai.wallet.util.LogbackUtils - Log level set to DEBUG for the logger 'com.samourai.whirlpool.client.mix.dialog'
12:09:59.710 [main] DEBUG com.samourai.wallet.util.LogbackUtils - Log level set to DEBUG for the logger 'com.samourai.stomp.client'
12:09:59.710 [main] DEBUG com.samourai.wallet.util.LogbackUtils - Log level set to DEBUG for the logger 'com.samourai.wallet.util.FeeUtil'
12:09:59.710 [main] DEBUG com.samourai.wallet.util.LogbackUtils - Log level set to DEBUG for the logger 'com.samourai.whirlpool.client.utils'
12:09:59.710 [main] DEBUG com.samourai.wallet.util.LogbackUtils - Log level set to DEBUG for the logger 'com.samourai.whirlpool.client.wallet'
12:09:59.710 [main] DEBUG com.samourai.wallet.util.LogbackUtils - Log level set to DEBUG for the logger 'com.samourai.wallet.cahoots'
12:09:59.710 [main] DEBUG com.samourai.wallet.util.LogbackUtils - Log level set to DEBUG for the logger 'com.samourai.wallet.cahoots.stowaway'
12:09:59.710 [main] DEBUG com.samourai.wallet.util.LogbackUtils - Log level set to DEBUG for the logger 'com.samourai.wallet.cahoots.stonewallx2'
12:09:59.710 [main] DEBUG com.samourai.wallet.util.LogbackUtils - Log level set to DEBUG for the logger 'com.samourai.wallet.sorobanClient'
12:09:59.710 [main] DEBUG com.samourai.wallet.util.LogbackUtils - Log level set to DEBUG for the logger 'com.samourai.soroban.client'
12:09:59.710 [main] DEBUG com.samourai.wallet.util.LogbackUtils - Log level set to DEBUG for the logger 'com.samourai.soroban.client.rpc'
12:09:59.711 [main] DEBUG com.samourai.wallet.util.LogbackUtils - Log level set to DEBUG for the logger 'com.samourai.soroban.client.dialog'
12:09:59.711 [main] DEBUG com.samourai.wallet.util.LogbackUtils - Log level set to DEBUG for the logger 'com.samourai.soroban.client.meeting'
12:09:59.711 [main] DEBUG com.samourai.wallet.util.LogbackUtils - Log level set to DEBUG for the logger 'com.samourai.whirlpool.client.wallet.orchestrator'
12:09:59.711 [main] DEBUG com.samourai.wallet.util.LogbackUtils - Log level set to ERROR for the logger 'org.bitcoinj'
12:09:59.711 [main] DEBUG com.samourai.wallet.util.LogbackUtils - Log level set to WARN for the logger 'org.bitcoin'
12:09:59.711 [main] DEBUG com.samourai.wallet.util.LogbackUtils - Log level set to INFO for the logger 'org.eclipse.jetty'
12:09:59.785 [main] DEBUG com.samourai.wallet.bipWallet.WalletSupplierImpl - +BipWallet[DEPOSIT_BIP44]: BipWallet{id='DEPOSIT_BIP44', samouraiAccount=DEPOSIT, derivation=BipDerivation{purpose=44, accountIndex=0}, bipFormatDefault=LEGACY, bipFormats=[LEGACY], xPub='tpu...LZp', bipPub='tpu...LZp'}
12:09:59.785 [main] DEBUG com.samourai.wallet.bipWallet.WalletSupplierImpl - +BipWallet[DEPOSIT_BIP49]: BipWallet{id='DEPOSIT_BIP49', samouraiAccount=DEPOSIT, derivation=BipDerivation{purpose=49, accountIndex=0}, bipFormatDefault=SEGWIT_COMPAT, bipFormats=[SEGWIT_COMPAT], xPub='tpu...2dH', bipPub='upu...bSs'}
12:09:59.785 [main] DEBUG com.samourai.wallet.bipWallet.WalletSupplierImpl - +BipWallet[DEPOSIT_BIP84]: BipWallet{id='DEPOSIT_BIP84', samouraiAccount=DEPOSIT, derivation=BipDerivation{purpose=84, accountIndex=0}, bipFormatDefault=SEGWIT_NATIVE, bipFormats=[SEGWIT_NATIVE], xPub='tpu...MfN', bipPub='vpu...sew'}
12:09:59.785 [main] DEBUG com.samourai.wallet.bipWallet.WalletSupplierImpl - +BipWallet[PREMIX_BIP84]: BipWallet{id='PREMIX_BIP84', samouraiAccount=PREMIX, derivation=BipDerivation{purpose=84, accountIndex=2147483645}, bipFormatDefault=SEGWIT_NATIVE, bipFormats=[SEGWIT_NATIVE], xPub='tpu...y1p', bipPub='vpu...D4a'}
12:09:59.785 [main] DEBUG com.samourai.wallet.bipWallet.WalletSupplierImpl - +BipWallet[POSTMIX_BIP84]: BipWallet{id='POSTMIX_BIP84', samouraiAccount=POSTMIX, derivation=BipDerivation{purpose=84, accountIndex=2147483646}, bipFormatDefault=SEGWIT_NATIVE, bipFormats=[SEGWIT_NATIVE, SEGWIT_COMPAT, LEGACY], xPub='tpu...NLN', bipPub='vpu...RKR'}
12:09:59.785 [main] DEBUG com.samourai.wallet.bipWallet.WalletSupplierImpl - +BipWallet[BADBANK_BIP84]: BipWallet{id='BADBANK_BIP84', samouraiAccount=BADBANK, derivation=BipDerivation{purpose=84, accountIndex=2147483644}, bipFormatDefault=SEGWIT_NATIVE, bipFormats=[SEGWIT_NATIVE], xPub='tpu...86t', bipPub='vpu...XXs'}
12:09:59.879 [main] DEBUG com.samourai.wallet.bipWallet.WalletSupplierImpl - +BipWallet[DEPOSIT_BIP44]: BipWallet{id='DEPOSIT_BIP44', samouraiAccount=DEPOSIT, derivation=BipDerivation{purpose=44, accountIndex=0}, bipFormatDefault=LEGACY, bipFormats=[LEGACY], xPub='tpu...XeJ', bipPub='tpu...XeJ'}
12:09:59.880 [main] DEBUG com.samourai.wallet.bipWallet.WalletSupplierImpl - +BipWallet[DEPOSIT_BIP49]: BipWallet{id='DEPOSIT_BIP49', samouraiAccount=DEPOSIT, derivation=BipDerivation{purpose=49, accountIndex=0}, bipFormatDefault=SEGWIT_COMPAT, bipFormats=[SEGWIT_COMPAT], xPub='tpu...TBn', bipPub='upu...QVy'}
12:09:59.880 [main] DEBUG com.samourai.wallet.bipWallet.WalletSupplierImpl - +BipWallet[DEPOSIT_BIP84]: BipWallet{id='DEPOSIT_BIP84', samouraiAccount=DEPOSIT, derivation=BipDerivation{purpose=84, accountIndex=0}, bipFormatDefault=SEGWIT_NATIVE, bipFormats=[SEGWIT_NATIVE], xPub='tpu...Nbr', bipPub='vpu...R4q'}
12:09:59.880 [main] DEBUG com.samourai.wallet.bipWallet.WalletSupplierImpl - +BipWallet[PREMIX_BIP84]: BipWallet{id='PREMIX_BIP84', samouraiAccount=PREMIX, derivation=BipDerivation{purpose=84, accountIndex=2147483645}, bipFormatDefault=SEGWIT_NATIVE, bipFormats=[SEGWIT_NATIVE], xPub='tpu...ZBX', bipPub='vpu...XxM'}
12:09:59.880 [main] DEBUG com.samourai.wallet.bipWallet.WalletSupplierImpl - +BipWallet[POSTMIX_BIP84]: BipWallet{id='POSTMIX_BIP84', samouraiAccount=POSTMIX, derivation=BipDerivation{purpose=84, accountIndex=2147483646}, bipFormatDefault=SEGWIT_NATIVE, bipFormats=[SEGWIT_NATIVE, SEGWIT_COMPAT, LEGACY], xPub='tpu...do5', bipPub='vpu...2eX'}
12:09:59.880 [main] DEBUG com.samourai.wallet.bipWallet.WalletSupplierImpl - +BipWallet[BADBANK_BIP84]: BipWallet{id='BADBANK_BIP84', samouraiAccount=BADBANK, derivation=BipDerivation{purpose=84, accountIndex=2147483644}, bipFormatDefault=SEGWIT_NATIVE, bipFormats=[SEGWIT_NATIVE], xPub='tpu...QxP', bipPub='vpu...M4F'}
12:09:59.910 [main] DEBUG com.samourai.wallet.cahoots.stonewallx2.Stonewallx2Service - # STONEWALLx2 INITIATOR => step=0
12:09:59.910 [main] DEBUG com.samourai.wallet.cahoots.AbstractCahootsTest - #0 SENDER => {"cahoots":{"psbt":"","destPaynym":"","cpty_account":0,"spend_amount":5000,"outpoints":[],"type":0,"params":"testnet","dest":"tb1q9m8cc0jkjlc9zwvea5a2365u6px3yu646vgez4","version":2,"fee_amount":0,"fingerprint":"eed8a1cd","step":0,"collabChange":"","id":"91a71e93e5bf933fbaae226700b9fbb34795ec0c5e906d6c1f73f778706445d8","account":0,"ts":1711645799}}
12:09:59.910 [main] DEBUG com.samourai.wallet.cahoots.stonewallx2.Stonewallx2Service - BIP FORMAT:: SEGWIT_NATIVE
12:09:59.910 [main] DEBUG com.samourai.wallet.cahoots.stonewallx2.Stonewallx2Service - +output (CounterParty Mix) = tb1qv4ak4l0w76qflk4uulavu22kxtaajnltkzxyq5
12:09:59.910 [main] DEBUG com.samourai.wallet.cahoots.AbstractCahoots2xService - ###### BEGIN doSTONEWALLx2_1 STONEWALLX2/COUNTERPARTY
12:09:59.910 [main] DEBUG com.samourai.wallet.cahoots.AbstractCahoots2xService -  * outpoints={}
12:09:59.910 [main] DEBUG com.samourai.wallet.cahoots.AbstractCahoots2xService -  * tx=null
12:09:59.910 [main] DEBUG com.samourai.wallet.cahoots.stonewallx2.Stonewallx2Service - BIP84 utxos:1
12:09:59.910 [main] DEBUG com.samourai.wallet.cahoots.stonewallx2.Stonewallx2Service - BIP84 selected utxo: CahootsUtxo{utxo=9407b31fd0159dc4dd3f5377e3b18e4b4aafef2977a52e76b95c3f899cbb05ad:1, value=10000, address=tb1qh287jqsh6mkpqmd8euumyfam00fkr78qhrdnde, path=null, xpub=tpubDCKFqGcC4KmHwUHG6orVRRUQZZZ3s9kQ64YUufULo9SY1E35aJwa2MH18AxuKddtJzfjMzCgKTEgBJx3WAGxYxVdMxeTYK5Xbtsv5P6fNbr}
12:09:59.910 [main] DEBUG com.samourai.wallet.cahoots.stonewallx2.Stonewallx2Service - 1 selected utxos, totalContributedAmount=10000, requiredAmount=5546
12:09:59.910 [main] DEBUG com.samourai.wallet.cahoots.stonewallx2.Stonewallx2Service - +output (CounterParty change) = tb1qgzzjhah2q3pqfwpx5xpdrd649qmyl59a6m6cp4
12:09:59.910 [main] DEBUG com.samourai.wallet.cahoots.AbstractCahoots2xService - ###### END doSTONEWALLx2_1 STONEWALLX2/COUNTERPARTY
12:09:59.910 [main] DEBUG com.samourai.wallet.cahoots.AbstractCahoots2xService -  * outpoints={9407b31fd0159dc4dd3f5377e3b18e4b4aafef2977a52e76b95c3f899cbb05ad-1=10000}
12:09:59.910 [main] DEBUG com.samourai.wallet.cahoots.AbstractCahoots2xService -  * tx=  9a65305212d45d3497ba2eee2235114fe0d8ba67e866b37080cb23fde84252c3
  version 2
  time locked until block 1234
  opts into full replace-by-fee
     in    0.0001 BTC
          outpoint:9407b31fd0159dc4dd3f5377e3b18e4b4aafef2977a52e76b95c3f899cbb05ad:1
          sequence:fffffffd, opts into full RBF
     out  0[] PUSHDATA(20)[657b6afdeef6809fdabce7face295632fbd94feb] 0.00005 BTC
     out  0[] PUSHDATA(20)[40852bf6ea044204b826a182d1b75528364fd0bd] 0.00005 BTC
     fee  0.00 BTC/kB, 0.00 BTC for 113 bytes
     prps UNKNOWN

12:09:59.910 [main] DEBUG com.samourai.wallet.cahoots.stonewallx2.Stonewallx2Service - # STONEWALLx2 COUNTERPARTY => step=1
12:09:59.910 [main] DEBUG com.samourai.wallet.cahoots.AbstractCahootsTest - #1 COUNTERPARTY => {"cahoots":{"fingerprint_collab":"f0d70870","psbt":"abZy8000000rl[@+z![Q2M[2+pzji{KBEMcChD<vq<6{Ss:1:xA[HQ0A0g+e+M+hbDXbsqG=r:^jh(3sQ%$*HvrVqt)KMX-4y<yna+a?(*XRJdiMQW[*7MjlVFq3Oi$QdHCyn#(G=nAvHWrJetI{{W*9zE=jH-xA4(GVN^QwtRSp3NgY:}7ode9ok000","destPaynym":"","cpty_account":0,"spend_amount":5000,"outpoints":[{"value":10000,"outpoint":"9407b31fd0159dc4dd3f5377e3b18e4b4aafef2977a52e76b95c3f899cbb05ad-1"}],"type":0,"params":"testnet","dest":"tb1q9m8cc0jkjlc9zwvea5a2365u6px3yu646vgez4","version":2,"fee_amount":0,"fingerprint":"eed8a1cd","step":1,"collabChange":"tb1qgzzjhah2q3pqfwpx5xpdrd649qmyl59a6m6cp4","id":"91a71e93e5bf933fbaae226700b9fbb34795ec0c5e906d6c1f73f778706445d8","account":0,"ts":1711645799}}
12:09:59.911 [main] DEBUG com.samourai.wallet.cahoots.stonewallx2.Stonewallx2Service - # STONEWALLx2 SENDER <= step=1
12:09:59.911 [main] DEBUG com.samourai.wallet.cahoots.AbstractCahoots2xService - ###### BEGIN doSTONEWALLx2_2 STONEWALLX2/SENDER
12:09:59.911 [main] DEBUG com.samourai.wallet.cahoots.AbstractCahoots2xService -  * outpoints={9407b31fd0159dc4dd3f5377e3b18e4b4aafef2977a52e76b95c3f899cbb05ad-1=10000}
12:09:59.911 [main] DEBUG com.samourai.wallet.cahoots.AbstractCahoots2xService -  * tx=  9a65305212d45d3497ba2eee2235114fe0d8ba67e866b37080cb23fde84252c3
  version 2
  time locked until block 1234
  opts into full replace-by-fee
     in   
          outpoint:9407b31fd0159dc4dd3f5377e3b18e4b4aafef2977a52e76b95c3f899cbb05ad:1
          sequence:fffffffd, opts into full RBF
     out  0[] PUSHDATA(20)[657b6afdeef6809fdabce7face295632fbd94feb] 0.00005 BTC
     out  0[] PUSHDATA(20)[40852bf6ea044204b826a182d1b75528364fd0bd] 0.00005 BTC
     prps UNKNOWN

12:09:59.911 [main] DEBUG com.samourai.wallet.cahoots.stonewallx2.Stonewallx2Service - step2 tx:0200000001ad05bb9c893f5cb9762ea57729efaf4a4b8eb1e377533fddc49d15d01fb307940100000000fdffffff028813000000000000160014657b6afdeef6809fdabce7face295632fbd94feb881300000000000016001440852bf6ea044204b826a182d1b75528364fd0bdd2040000
12:09:59.911 [main] DEBUG com.samourai.wallet.cahoots.stonewallx2.Stonewallx2Service - step2 tx:  9a65305212d45d3497ba2eee2235114fe0d8ba67e866b37080cb23fde84252c3
  version 2
  time locked until block 1234
  opts into full replace-by-fee
     in   
          outpoint:9407b31fd0159dc4dd3f5377e3b18e4b4aafef2977a52e76b95c3f899cbb05ad:1
          sequence:fffffffd, opts into full RBF
     out  0[] PUSHDATA(20)[657b6afdeef6809fdabce7face295632fbd94feb] 0.00005 BTC
     out  0[] PUSHDATA(20)[40852bf6ea044204b826a182d1b75528364fd0bd] 0.00005 BTC
     prps UNKNOWN

12:09:59.911 [main] DEBUG com.samourai.wallet.cahoots.stonewallx2.Stonewallx2Service - BIP84 utxos:1
12:09:59.911 [main] DEBUG com.samourai.wallet.cahoots.stonewallx2.Stonewallx2Service - BIP84 selected utxo: CahootsUtxo{utxo=14cf9c6be92efcfe628aabd32b02c85e763615ddd430861bc18f6d366e4c4fd5:1, value=10000, address=tb1qkymumss6zj0rxy9l3v5vqxqwwffy8jjsyhrkrg, path=null, xpub=tpubDDLBK9gJk4HdPCDzF4Yhxx3u6q1QWo7iZAPVHfsFjLp9rUxXf79FPEK4cKMiV1jrJqrCCVJnciMh1kau2xZtjpZ5DoiaK3RbF6MffFWXMfN}
12:09:59.911 [main] DEBUG com.samourai.wallet.cahoots.stonewallx2.Stonewallx2Service - fee:284
12:09:59.911 [main] DEBUG com.samourai.wallet.cahoots.stonewallx2.Stonewallx2Service - 1 selected utxos, totalContributedAmount=10000, requiredAmount=5830
12:09:59.911 [main] DEBUG com.samourai.wallet.cahoots.stonewallx2.Stonewallx2Service - fee pair:284
12:09:59.911 [main] DEBUG com.samourai.wallet.cahoots.stonewallx2.Stonewallx2Service - destination:tb1q9m8cc0jkjlc9zwvea5a2365u6px3yu646vgez4
12:09:59.911 [main] DEBUG com.samourai.wallet.cahoots.stonewallx2.Stonewallx2Service - output value post fee:4858
12:09:59.911 [main] DEBUG com.samourai.wallet.cahoots.stonewallx2.Stonewallx2Service - +output (Spender change) = tb1qfe8765vcdka0xgkjkdhxjzux8raq7qsyamffad
12:09:59.911 [main] DEBUG com.samourai.wallet.cahoots.AbstractCahoots2xService - ###### END doSTONEWALLx2_2 STONEWALLX2/SENDER
12:09:59.911 [main] DEBUG com.samourai.wallet.cahoots.AbstractCahoots2xService -  * outpoints={14cf9c6be92efcfe628aabd32b02c85e763615ddd430861bc18f6d366e4c4fd5-1=10000, 9407b31fd0159dc4dd3f5377e3b18e4b4aafef2977a52e76b95c3f899cbb05ad-1=10000}
12:09:59.911 [main] DEBUG com.samourai.wallet.cahoots.AbstractCahoots2xService -  * tx=  8b5669de2673212982b8bb5692ab667dcff9e937bcad037fd1e285450ca179b8
  version 2
  time locked until block 1234
  opts into full replace-by-fee
     in   
          outpoint:9407b31fd0159dc4dd3f5377e3b18e4b4aafef2977a52e76b95c3f899cbb05ad:1
          sequence:fffffffd, opts into full RBF
     in    0.0001 BTC
          outpoint:14cf9c6be92efcfe628aabd32b02c85e763615ddd430861bc18f6d366e4c4fd5:1
          sequence:fffffffd, opts into full RBF
     out  0[] PUSHDATA(20)[657b6afdeef6809fdabce7face295632fbd94feb] 0.00005 BTC
     out  0[] PUSHDATA(20)[40852bf6ea044204b826a182d1b75528364fd0bd] 0.00004858 BTC
     out  0[] PUSHDATA(20)[2ecf8c3e5697f0513999ed3aa8ea9cd04d127355] 0.00005 BTC
     out  0[] PUSHDATA(20)[4e4fed51986dbaf322d2b36e690b8638fa0f0204] 0.00004858 BTC
     prps UNKNOWN

12:09:59.911 [main] DEBUG com.samourai.wallet.cahoots.stonewallx2.Stonewallx2Service - # STONEWALLx2 SENDER => step=2
12:09:59.911 [main] DEBUG com.samourai.wallet.cahoots.AbstractCahootsTest - #2 SENDER => {"cahoots":{"fingerprint_collab":"f0d70870","psbt":"abZy8000000rmgs:.-p*2UZ9qclcXw@$9#VD[qzeQ<yO}21BG&YkN=70Psd82c0HCk}xBY6EQ<dv(xWq+CSTENgKlf<(^]#xn:MSZX{vG?xfb]]3[]l{pYTNd)Xkv9Ju3ZEFD#ts!pHjDVpz8WyyO.A0gtG1IX{FKYwFtW}w.ZvMS[ozqJ8ucev!zO.uj3UBrohyJQnS5-cvljDs<jm9[IJ8(&}--<$A4mL[{E4N[sGn:hBU8[ly%ItO-FuAYUdU3FO>/Js@A0PhJ1p1Yg+)-gyR3R]zobeKuX00","destPaynym":"","cpty_account":0,"spend_amount":5000,"outpoints":[{"value":10000,"outpoint":"14cf9c6be92efcfe628aabd32b02c85e763615ddd430861bc18f6d366e4c4fd5-1"},{"value":10000,"outpoint":"9407b31fd0159dc4dd3f5377e3b18e4b4aafef2977a52e76b95c3f899cbb05ad-1"}],"type":0,"params":"testnet","dest":"tb1q9m8cc0jkjlc9zwvea5a2365u6px3yu646vgez4","version":2,"fee_amount":284,"fingerprint":"eed8a1cd","step":2,"collabChange":"tb1qgzzjhah2q3pqfwpx5xpdrd649qmyl59a6m6cp4","id":"91a71e93e5bf933fbaae226700b9fbb34795ec0c5e906d6c1f73f778706445d8","account":0,"ts":1711645799}}
12:09:59.912 [main] DEBUG com.samourai.wallet.cahoots.stonewallx2.Stonewallx2Service - # STONEWALLx2 COUNTERPARTY <= step=2
12:09:59.912 [main] DEBUG com.samourai.wallet.cahoots.AbstractCahoots2xService - ###### BEGIN doStep3 STONEWALLX2/COUNTERPARTY
12:09:59.912 [main] DEBUG com.samourai.wallet.cahoots.AbstractCahoots2xService -  * outpoints={14cf9c6be92efcfe628aabd32b02c85e763615ddd430861bc18f6d366e4c4fd5-1=10000, 9407b31fd0159dc4dd3f5377e3b18e4b4aafef2977a52e76b95c3f899cbb05ad-1=10000}
12:09:59.912 [main] DEBUG com.samourai.wallet.cahoots.AbstractCahoots2xService -  * tx=  8b5669de2673212982b8bb5692ab667dcff9e937bcad037fd1e285450ca179b8
  version 2
  time locked until block 1234
  opts into full replace-by-fee
     in   
          outpoint:9407b31fd0159dc4dd3f5377e3b18e4b4aafef2977a52e76b95c3f899cbb05ad:1
          sequence:fffffffd, opts into full RBF
     in   
          outpoint:14cf9c6be92efcfe628aabd32b02c85e763615ddd430861bc18f6d366e4c4fd5:1
          sequence:fffffffd, opts into full RBF
     out  0[] PUSHDATA(20)[657b6afdeef6809fdabce7face295632fbd94feb] 0.00005 BTC
     out  0[] PUSHDATA(20)[40852bf6ea044204b826a182d1b75528364fd0bd] 0.00004858 BTC
     out  0[] PUSHDATA(20)[2ecf8c3e5697f0513999ed3aa8ea9cd04d127355] 0.00005 BTC
     out  0[] PUSHDATA(20)[4e4fed51986dbaf322d2b36e690b8638fa0f0204] 0.00004858 BTC
     prps UNKNOWN

12:09:59.912 [main] DEBUG com.samourai.wallet.cahoots.Cahoots2x - signTx:  0910de5bf08354a2dcccc2509fedfa82ec97541568620768e8644d95fa81f293
  version 2
  time locked until block 1234
  opts into full replace-by-fee
     in   
          outpoint:14cf9c6be92efcfe628aabd32b02c85e763615ddd430861bc18f6d366e4c4fd5:1
          sequence:fffffffd, opts into full RBF
     in   
          outpoint:9407b31fd0159dc4dd3f5377e3b18e4b4aafef2977a52e76b95c3f899cbb05ad:1
          sequence:fffffffd, opts into full RBF
     out  0[] PUSHDATA(20)[40852bf6ea044204b826a182d1b75528364fd0bd] 0.00004858 BTC
     out  0[] PUSHDATA(20)[4e4fed51986dbaf322d2b36e690b8638fa0f0204] 0.00004858 BTC
     out  0[] PUSHDATA(20)[2ecf8c3e5697f0513999ed3aa8ea9cd04d127355] 0.00005 BTC
     out  0[] PUSHDATA(20)[657b6afdeef6809fdabce7face295632fbd94feb] 0.00005 BTC
     prps UNKNOWN

12:09:59.912 [main] DEBUG com.samourai.wallet.cahoots.Cahoots2x - signTx outpoint:9407b31fd0159dc4dd3f5377e3b18e4b4aafef2977a52e76b95c3f899cbb05ad:1
12:09:59.912 [main] DEBUG com.samourai.wallet.cahoots.Cahoots2x - signTx bech32:tb1qyvqh86akdkhnh8fh7j0q7n8j78k0wruz5et8tj
12:09:59.912 [main] DEBUG com.samourai.wallet.cahoots.Cahoots2x - signTx value:10000
12:09:59.912 [main] DEBUG com.samourai.wallet.cahoots.AbstractCahootsService - [STONEWALLX2/COUNTERPARTY] computeSpendAmount: keyBag=[9407b31fd0159dc4dd3f5377e3b18e4b4aafef2977a52e76b95c3f899cbb05ad:1]
12:09:59.912 [main] DEBUG com.samourai.wallet.cahoots.AbstractCahootsService - [STONEWALLX2/COUNTERPARTY] computeSpendAmount: +input 10000 9407b31fd0159dc4dd3f5377e3b18e4b4aafef2977a52e76b95c3f899cbb05ad:1
12:09:59.912 [main] DEBUG com.samourai.wallet.cahoots.AbstractCahootsService - [STONEWALLX2/COUNTERPARTY] computeSpendAmount: -output 4858 tb1qgzzjhah2q3pqfwpx5xpdrd649qmyl59a6m6cp4
12:09:59.913 [main] DEBUG com.samourai.wallet.cahoots.AbstractCahootsService - [STONEWALLX2/COUNTERPARTY] computeSpendAmount: -output 5000 tb1qv4ak4l0w76qflk4uulavu22kxtaajnltkzxyq5
12:09:59.913 [main] DEBUG com.samourai.wallet.cahoots.AbstractCahootsService - [STONEWALLX2/COUNTERPARTY] computeSpendAmount = 142
12:09:59.913 [main] DEBUG com.samourai.wallet.cahoots.stonewallx2.Stonewallx2Service - [STONEWALLX2/COUNTERPARTY] maxSpendAmount = 142: sharedMinerFee=142
12:09:59.913 [main] DEBUG com.samourai.wallet.cahoots.AbstractCahoots2xService - [STONEWALLX2/COUNTERPARTY] COUNTERPARTY verifiedSpendAmount=142, maxSpendAmount=142
12:09:59.913 [main] DEBUG com.samourai.wallet.cahoots.AbstractCahoots2xService - ###### END doStep3 STONEWALLX2/COUNTERPARTY
12:09:59.913 [main] DEBUG com.samourai.wallet.cahoots.AbstractCahoots2xService -  * outpoints={14cf9c6be92efcfe628aabd32b02c85e763615ddd430861bc18f6d366e4c4fd5-1=10000, 9407b31fd0159dc4dd3f5377e3b18e4b4aafef2977a52e76b95c3f899cbb05ad-1=10000}
12:09:59.913 [main] DEBUG com.samourai.wallet.cahoots.AbstractCahoots2xService -  * tx=  0910de5bf08354a2dcccc2509fedfa82ec97541568620768e8644d95fa81f293
  version 2
  time locked until block 1234
  opts into full replace-by-fee
     in   
          outpoint:14cf9c6be92efcfe628aabd32b02c85e763615ddd430861bc18f6d366e4c4fd5:1
          sequence:fffffffd, opts into full RBF
     in   
          outpoint:9407b31fd0159dc4dd3f5377e3b18e4b4aafef2977a52e76b95c3f899cbb05ad:1
          sequence:fffffffd, opts into full RBF
     out  0[] PUSHDATA(20)[40852bf6ea044204b826a182d1b75528364fd0bd] 0.00004858 BTC
     out  0[] PUSHDATA(20)[4e4fed51986dbaf322d2b36e690b8638fa0f0204] 0.00004858 BTC
     out  0[] PUSHDATA(20)[2ecf8c3e5697f0513999ed3aa8ea9cd04d127355] 0.00005 BTC
     out  0[] PUSHDATA(20)[657b6afdeef6809fdabce7face295632fbd94feb] 0.00005 BTC
     prps UNKNOWN

12:09:59.913 [main] DEBUG com.samourai.wallet.cahoots.stonewallx2.Stonewallx2Service - # STONEWALLx2 COUNTERPARTY => step=3
12:09:59.913 [main] DEBUG com.samourai.wallet.cahoots.AbstractCahootsTest - #3 COUNTERPARTY => {"cahoots":{"fingerprint_collab":"f0d70870","psbt":"abZy8000000rmh8tAg0L2T(dPYObx%.2xVO?05}Sv%QX8mGKTiXnU4f[^DH*dC0q!ZgkFnjP8MTWqsXWx?zibB+Gy!]Fn+RQdtWh(3p}GN/qd-@}ceDSREGgaH$S@8HpNGU%W}F)${2YW9EcxUmKBUw8B:5=lQm0uPFl:Ofd2bXB9/g6u[&lu}e!*SbSmi<p%%9<TFpEpJ=nJ:-k!L7^Y=E^Phc:1#VH*tcV+OF2/<i/RokPj0oslY&R2l4U1T!2qp@iuAFlDw2:[9Z]5w-??/$GQj!-(op5>kD$*v89SSd*p=]3n8Kz/[1S710@8rW2ZislaE%C^WF!hy{C=r><0YL!-BY/byfZxS)<57*p=!NBsOmtv!T$E+cLLmHkUChKiCwtX(wN*[3p{k[IQ#CsUJ[+4mIr]4-jjbo@JkOg=xPzH{L)mlo&$5WoCdsmF000","destPaynym":"","cpty_account":0,"spend_amount":5000,"outpoints":[{"value":10000,"outpoint":"14cf9c6be92efcfe628aabd32b02c85e763615ddd430861bc18f6d366e4c4fd5-1"},{"value":10000,"outpoint":"9407b31fd0159dc4dd3f5377e3b18e4b4aafef2977a52e76b95c3f899cbb05ad-1"}],"type":0,"params":"testnet","dest":"tb1q9m8cc0jkjlc9zwvea5a2365u6px3yu646vgez4","version":2,"fee_amount":284,"fingerprint":"eed8a1cd","step":3,"collabChange":"tb1qgzzjhah2q3pqfwpx5xpdrd649qmyl59a6m6cp4","id":"91a71e93e5bf933fbaae226700b9fbb34795ec0c5e906d6c1f73f778706445d8","account":0,"ts":1711645799}}
12:09:59.913 [main] DEBUG com.samourai.wallet.cahoots.stonewallx2.Stonewallx2Service - # STONEWALLx2 SENDER <= step=3
12:09:59.913 [main] DEBUG com.samourai.wallet.cahoots.AbstractCahoots2xService - ###### BEGIN doStep4 STONEWALLX2/SENDER
12:09:59.913 [main] DEBUG com.samourai.wallet.cahoots.AbstractCahoots2xService -  * outpoints={14cf9c6be92efcfe628aabd32b02c85e763615ddd430861bc18f6d366e4c4fd5-1=10000, 9407b31fd0159dc4dd3f5377e3b18e4b4aafef2977a52e76b95c3f899cbb05ad-1=10000}
12:09:59.913 [main] DEBUG com.samourai.wallet.cahoots.AbstractCahoots2xService -  * tx=  0910de5bf08354a2dcccc2509fedfa82ec97541568620768e8644d95fa81f293
  version 2
  time locked until block 1234
  opts into full replace-by-fee
     in   
          outpoint:14cf9c6be92efcfe628aabd32b02c85e763615ddd430861bc18f6d366e4c4fd5:1
          sequence:fffffffd, opts into full RBF
     in   
          outpoint:9407b31fd0159dc4dd3f5377e3b18e4b4aafef2977a52e76b95c3f899cbb05ad:1
          sequence:fffffffd, opts into full RBF
     out  0[] PUSHDATA(20)[40852bf6ea044204b826a182d1b75528364fd0bd] 0.00004858 BTC
     out  0[] PUSHDATA(20)[4e4fed51986dbaf322d2b36e690b8638fa0f0204] 0.00004858 BTC
     out  0[] PUSHDATA(20)[2ecf8c3e5697f0513999ed3aa8ea9cd04d127355] 0.00005 BTC
     out  0[] PUSHDATA(20)[657b6afdeef6809fdabce7face295632fbd94feb] 0.00005 BTC
     prps UNKNOWN

12:09:59.914 [main] DEBUG com.samourai.wallet.cahoots.Cahoots2x - signTx:  0910de5bf08354a2dcccc2509fedfa82ec97541568620768e8644d95fa81f293
  version 2
  time locked until block 1234
  opts into full replace-by-fee
     in   
          outpoint:14cf9c6be92efcfe628aabd32b02c85e763615ddd430861bc18f6d366e4c4fd5:1
          sequence:fffffffd, opts into full RBF
     in   
          outpoint:9407b31fd0159dc4dd3f5377e3b18e4b4aafef2977a52e76b95c3f899cbb05ad:1
          sequence:fffffffd, opts into full RBF
     out  0[] PUSHDATA(20)[40852bf6ea044204b826a182d1b75528364fd0bd] 0.00004858 BTC
     out  0[] PUSHDATA(20)[4e4fed51986dbaf322d2b36e690b8638fa0f0204] 0.00004858 BTC
     out  0[] PUSHDATA(20)[2ecf8c3e5697f0513999ed3aa8ea9cd04d127355] 0.00005 BTC
     out  0[] PUSHDATA(20)[657b6afdeef6809fdabce7face295632fbd94feb] 0.00005 BTC
     prps UNKNOWN

12:09:59.914 [main] DEBUG com.samourai.wallet.cahoots.Cahoots2x - signTx outpoint:14cf9c6be92efcfe628aabd32b02c85e763615ddd430861bc18f6d366e4c4fd5:1
12:09:59.914 [main] DEBUG com.samourai.wallet.cahoots.Cahoots2x - signTx bech32:tb1qyvqh86akdkhnh8fh7j0q7n8j78k0wruz5et8tj
12:09:59.914 [main] DEBUG com.samourai.wallet.cahoots.Cahoots2x - signTx value:10000
12:09:59.914 [main] DEBUG com.samourai.wallet.cahoots.AbstractCahootsService - [STONEWALLX2/SENDER] computeSpendAmount: keyBag=[14cf9c6be92efcfe628aabd32b02c85e763615ddd430861bc18f6d366e4c4fd5:1]
12:09:59.914 [main] DEBUG com.samourai.wallet.cahoots.AbstractCahootsService - [STONEWALLX2/SENDER] computeSpendAmount: +input 10000 14cf9c6be92efcfe628aabd32b02c85e763615ddd430861bc18f6d366e4c4fd5:1
12:09:59.914 [main] DEBUG com.samourai.wallet.cahoots.AbstractCahootsService - [STONEWALLX2/SENDER] computeSpendAmount: -output 4858 tb1qfe8765vcdka0xgkjkdhxjzux8raq7qsyamffad
12:09:59.914 [main] DEBUG com.samourai.wallet.cahoots.AbstractCahootsService - [STONEWALLX2/SENDER] computeSpendAmount = 5142
12:09:59.914 [main] DEBUG com.samourai.wallet.cahoots.stonewallx2.Stonewallx2Service - [STONEWALLX2/SENDER] maxSpendAmount = 5142: amount=5000 + sharedMinerFee=142
12:09:59.914 [main] DEBUG com.samourai.wallet.cahoots.AbstractCahoots2xService - [STONEWALLX2/SENDER] SENDER verifiedSpendAmount=5142, maxSpendAmount=5142
12:09:59.914 [main] DEBUG com.samourai.wallet.cahoots.AbstractCahootsService - checkFee: feeActual=284, feeExpected=284
12:09:59.914 [main] DEBUG com.samourai.wallet.cahoots.AbstractCahoots2xService - ###### END doStep4 STONEWALLX2/SENDER
12:09:59.914 [main] DEBUG com.samourai.wallet.cahoots.AbstractCahoots2xService -  * outpoints={14cf9c6be92efcfe628aabd32b02c85e763615ddd430861bc18f6d366e4c4fd5-1=10000, 9407b31fd0159dc4dd3f5377e3b18e4b4aafef2977a52e76b95c3f899cbb05ad-1=10000}
12:09:59.914 [main] DEBUG com.samourai.wallet.cahoots.AbstractCahoots2xService -  * tx=  0910de5bf08354a2dcccc2509fedfa82ec97541568620768e8644d95fa81f293
  version 2
  time locked until block 1234
  opts into full replace-by-fee
     in   
          outpoint:14cf9c6be92efcfe628aabd32b02c85e763615ddd430861bc18f6d366e4c4fd5:1
          sequence:fffffffd, opts into full RBF
     in   
          outpoint:9407b31fd0159dc4dd3f5377e3b18e4b4aafef2977a52e76b95c3f899cbb05ad:1
          sequence:fffffffd, opts into full RBF
     out  0[] PUSHDATA(20)[40852bf6ea044204b826a182d1b75528364fd0bd] 0.00004858 BTC
     out  0[] PUSHDATA(20)[4e4fed51986dbaf322d2b36e690b8638fa0f0204] 0.00004858 BTC
     out  0[] PUSHDATA(20)[2ecf8c3e5697f0513999ed3aa8ea9cd04d127355] 0.00005 BTC
     out  0[] PUSHDATA(20)[657b6afdeef6809fdabce7face295632fbd94feb] 0.00005 BTC
     prps UNKNOWN

12:09:59.914 [main] DEBUG com.samourai.wallet.cahoots.stonewallx2.Stonewallx2Service - # STONEWALLx2 SENDER => step=4
12:09:59.914 [main] DEBUG com.samourai.wallet.cahoots.AbstractCahootsTest - #4 SENDER => {"cahoots":{"fingerprint_collab":"f0d70870","psbt":"abZy8000000rof:tAfZU2T(eu*H-DNve&>9h>}^-gwM<8r:j}}sdOu^vwt56Fb&HO}Zh9CC3=Zz=ZJbz=o]/>3)!]Ly@-{u1!)MdYKrSWKgKe}?Y4!Q?(!){kuwLj)=!<nED!!Jl^D}AIii[jO.esIgeDBl?[6kmLhVf{9yh4wX9x2[*EzyHqJt)I2/ezC3+PDan0LY@oHmk]S-#t[^xuM&fI$YMWk&QK*ZfuVcheR-t$$pWk5Jkx1b=EkY].k%{:.B)i&@gaWDQnvSQv20j@9[&oUqYNw11@QBQosG/w4ZSxQ4wJhhSoiAyZ+91x(Hu4grLz+HcjL09&^sTVAVp)4Wt!Ed5RXoMuz3P*PsC5C!lie$U5M{L.wP!dhSOP%XD1Hz(m$w&q-mebM8czte$gc0m:7Od9Wf!.drrL1j<I>]zOwle9BU>)ya1i39-SJJXw*r4Jb:Cb$VPDK>xWL4v(aiHy@.LpU$Ay>w.?Tl3W3O-5wcXQw49j+vr:lof>@SH.oLEFifyxY#2n%kZgX:xcwC04M-Q/(^C$00","destPaynym":"","cpty_account":0,"spend_amount":5000,"outpoints":[{"value":10000,"outpoint":"14cf9c6be92efcfe628aabd32b02c85e763615ddd430861bc18f6d366e4c4fd5-1"},{"value":10000,"outpoint":"9407b31fd0159dc4dd3f5377e3b18e4b4aafef2977a52e76b95c3f899cbb05ad-1"}],"type":0,"params":"testnet","dest":"tb1q9m8cc0jkjlc9zwvea5a2365u6px3yu646vgez4","version":2,"fee_amount":284,"fingerprint":"eed8a1cd","step":4,"collabChange":"tb1qgzzjhah2q3pqfwpx5xpdrd649qmyl59a6m6cp4","id":"91a71e93e5bf933fbaae226700b9fbb34795ec0c5e906d6c1f73f778706445d8","account":0,"ts":1711645799}}
12:09:59.915 [main] DEBUG com.samourai.wallet.test.AbstractTest -   0910de5bf08354a2dcccc2509fedfa82ec97541568620768e8644d95fa81f293
  version 2
  time locked until block 1234
  opts into full replace-by-fee
     in   
          outpoint:14cf9c6be92efcfe628aabd32b02c85e763615ddd430861bc18f6d366e4c4fd5:1
          sequence:fffffffd, opts into full RBF
     in   
          outpoint:9407b31fd0159dc4dd3f5377e3b18e4b4aafef2977a52e76b95c3f899cbb05ad:1
          sequence:fffffffd, opts into full RBF
     out  0[] PUSHDATA(20)[40852bf6ea044204b826a182d1b75528364fd0bd] 0.00004858 BTC
     out  0[] PUSHDATA(20)[4e4fed51986dbaf322d2b36e690b8638fa0f0204] 0.00004858 BTC
     out  0[] PUSHDATA(20)[2ecf8c3e5697f0513999ed3aa8ea9cd04d127355] 0.00005 BTC
     out  0[] PUSHDATA(20)[657b6afdeef6809fdabce7face295632fbd94feb] 0.00005 BTC
     prps UNKNOWN

12:09:59.915 [main] DEBUG com.samourai.wallet.test.AbstractTest - outputsActuals: {tb1q9m8cc0jkjlc9zwvea5a2365u6px3yu646vgez4=5000, tb1qfe8765vcdka0xgkjkdhxjzux8raq7qsyamffad=4858, tb1qgzzjhah2q3pqfwpx5xpdrd649qmyl59a6m6cp4=4858, tb1qv4ak4l0w76qflk4uulavu22kxtaajnltkzxyq5=5000}
]]></system-out>
  </testcase>
  <testcase name="STONEWALLx2_P2TR" classname="com.samourai.wallet.cahoots.Stonewallx2ServiceTest" time="0.373">
    <system-out><![CDATA[12:09:59.921 [main] DEBUG com.samourai.http.client.JettyHttpClient - +httpClient: no proxy
12:10:00.070 [main] DEBUG com.samourai.wallet.bipWallet.WalletSupplierImpl - +BipWallet[DEPOSIT_BIP44]: BipWallet{id='DEPOSIT_BIP44', samouraiAccount=DEPOSIT, derivation=BipDerivation{purpose=44, accountIndex=0}, bipFormatDefault=LEGACY, bipFormats=[LEGACY], xPub='tpu...LwY', bipPub='tpu...LwY'}
12:10:00.070 [main] DEBUG com.samourai.wallet.bipWallet.WalletSupplierImpl - +BipWallet[DEPOSIT_BIP49]: BipWallet{id='DEPOSIT_BIP49', samouraiAccount=DEPOSIT, derivation=BipDerivation{purpose=49, accountIndex=0}, bipFormatDefault=SEGWIT_COMPAT, bipFormats=[SEGWIT_COMPAT], xPub='tpu...eV2', bipPub='upu...38D'}
12:10:00.070 [main] DEBUG com.samourai.wallet.bipWallet.WalletSupplierImpl - +BipWallet[DEPOSIT_BIP84]: BipWallet{id='DEPOSIT_BIP84', samouraiAccount=DEPOSIT, derivation=BipDerivation{purpose=84, accountIndex=0}, bipFormatDefault=SEGWIT_NATIVE, bipFormats=[SEGWIT_NATIVE], xPub='tpu...re9', bipPub='vpu...dCu'}
12:10:00.070 [main] DEBUG com.samourai.wallet.bipWallet.WalletSupplierImpl - +BipWallet[PREMIX_BIP84]: BipWallet{id='PREMIX_BIP84', samouraiAccount=PREMIX, derivation=BipDerivation{purpose=84, accountIndex=2147483645}, bipFormatDefault=SEGWIT_NATIVE, bipFormats=[SEGWIT_NATIVE], xPub='tpu...hvr', bipPub='vpu...4mL'}
12:10:00.070 [main] DEBUG com.samourai.wallet.bipWallet.WalletSupplierImpl - +BipWallet[POSTMIX_BIP84]: BipWallet{id='POSTMIX_BIP84', samouraiAccount=POSTMIX, derivation=BipDerivation{purpose=84, accountIndex=2147483646}, bipFormatDefault=SEGWIT_NATIVE, bipFormats=[SEGWIT_NATIVE, SEGWIT_COMPAT, LEGACY], xPub='tpu...sQD', bipPub='vpu...nrW'}
12:10:00.070 [main] DEBUG com.samourai.wallet.bipWallet.WalletSupplierImpl - +BipWallet[ASB_BIP84]: BipWallet{id='ASB_BIP84', samouraiAccount=SWAPS_ASB, derivation=BipDerivation{purpose=84, accountIndex=2147483641}, bipFormatDefault=SEGWIT_NATIVE, bipFormats=[SEGWIT_NATIVE], xPub='tpu...p4i', bipPub='vpu...sEH'}
12:10:00.070 [main] DEBUG com.samourai.wallet.bipWallet.WalletSupplierImpl - +BipWallet[SWAPS_DEPOSIT]: BipWallet{id='SWAPS_DEPOSIT', samouraiAccount=SWAPS_DEPOSIT, derivation=BipDerivation{purpose=84, accountIndex=2147483643}, bipFormatDefault=SEGWIT_NATIVE, bipFormats=[SEGWIT_NATIVE], xPub='tpu...3s7', bipPub='vpu...HpJ'}
12:10:00.070 [main] DEBUG com.samourai.wallet.bipWallet.WalletSupplierImpl - +BipWallet[SWAPS_REFUNDS]: BipWallet{id='SWAPS_REFUNDS', samouraiAccount=SWAPS_REFUNDS, derivation=BipDerivation{purpose=84, accountIndex=2147483642}, bipFormatDefault=SEGWIT_NATIVE, bipFormats=[SEGWIT_NATIVE], xPub='tpu...rMX', bipPub='vpu...Sr9'}
12:10:00.070 [main] DEBUG com.samourai.wallet.bipWallet.WalletSupplierImpl - +BipWallet[BADBANK_BIP84]: BipWallet{id='BADBANK_BIP84', samouraiAccount=BADBANK, derivation=BipDerivation{purpose=84, accountIndex=2147483644}, bipFormatDefault=SEGWIT_NATIVE, bipFormats=[SEGWIT_NATIVE], xPub='tpu...hmu', bipPub='vpu...tNY'}
12:10:00.070 [main] DEBUG com.samourai.wallet.bipWallet.WalletSupplierImpl - +BipWallet[RICOCHET_BIP84]: BipWallet{id='RICOCHET_BIP84', samouraiAccount=RICOCHET, derivation=BipDerivation{purpose=84, accountIndex=2147483647}, bipFormatDefault=SEGWIT_NATIVE, bipFormats=[SEGWIT_NATIVE], xPub='tpu...UMc', bipPub='vpu...knj'}
12:10:00.070 [main] DEBUG com.samourai.wallet.api.backend.BackendApi - urlBackend=https://api.samouraiwallet.com/test/v2, oAuth=no
12:10:00.070 [main] DEBUG com.samourai.wallet.util.LogbackUtils - Log level set to DEBUG for the logger 'com.samourai'
12:10:00.070 [main] DEBUG com.samourai.wallet.util.LogbackUtils - Log level set to DEBUG for the logger 'com.samourai.whirlpool.client'
12:10:00.070 [main] DEBUG com.samourai.wallet.util.LogbackUtils - Log level set to DEBUG for the logger 'com.samourai.whirlpool.client.mix.dialog'
12:10:00.070 [main] DEBUG com.samourai.wallet.util.LogbackUtils - Log level set to DEBUG for the logger 'com.samourai.stomp.client'
12:10:00.070 [main] DEBUG com.samourai.wallet.util.LogbackUtils - Log level set to DEBUG for the logger 'com.samourai.wallet.util.FeeUtil'
12:10:00.070 [main] DEBUG com.samourai.wallet.util.LogbackUtils - Log level set to DEBUG for the logger 'com.samourai.whirlpool.client.utils'
12:10:00.070 [main] DEBUG com.samourai.wallet.util.LogbackUtils - Log level set to DEBUG for the logger 'com.samourai.whirlpool.client.wallet'
12:10:00.071 [main] DEBUG com.samourai.wallet.util.LogbackUtils - Log level set to DEBUG for the logger 'com.samourai.wallet.cahoots'
12:10:00.071 [main] DEBUG com.samourai.wallet.util.LogbackUtils - Log level set to DEBUG for the logger 'com.samourai.wallet.cahoots.stowaway'
12:10:00.071 [main] DEBUG com.samourai.wallet.util.LogbackUtils - Log level set to DEBUG for the logger 'com.samourai.wallet.cahoots.stonewallx2'
12:10:00.071 [main] DEBUG com.samourai.wallet.util.LogbackUtils - Log level set to DEBUG for the logger 'com.samourai.wallet.sorobanClient'
12:10:00.071 [main] DEBUG com.samourai.wallet.util.LogbackUtils - Log level set to DEBUG for the logger 'com.samourai.soroban.client'
12:10:00.071 [main] DEBUG com.samourai.wallet.util.LogbackUtils - Log level set to DEBUG for the logger 'com.samourai.soroban.client.rpc'
12:10:00.071 [main] DEBUG com.samourai.wallet.util.LogbackUtils - Log level set to DEBUG for the logger 'com.samourai.soroban.client.dialog'
12:10:00.071 [main] DEBUG com.samourai.wallet.util.LogbackUtils - Log level set to DEBUG for the logger 'com.samourai.soroban.client.meeting'
12:10:00.071 [main] DEBUG com.samourai.wallet.util.LogbackUtils - Log level set to DEBUG for the logger 'com.samourai.whirlpool.client.wallet.orchestrator'
12:10:00.071 [main] DEBUG com.samourai.wallet.util.LogbackUtils - Log level set to ERROR for the logger 'org.bitcoinj'
12:10:00.071 [main] DEBUG com.samourai.wallet.util.LogbackUtils - Log level set to WARN for the logger 'org.bitcoin'
12:10:00.071 [main] DEBUG com.samourai.wallet.util.LogbackUtils - Log level set to INFO for the logger 'org.eclipse.jetty'
12:10:00.146 [main] DEBUG com.samourai.wallet.bipWallet.WalletSupplierImpl - +BipWallet[DEPOSIT_BIP44]: BipWallet{id='DEPOSIT_BIP44', samouraiAccount=DEPOSIT, derivation=BipDerivation{purpose=44, accountIndex=0}, bipFormatDefault=LEGACY, bipFormats=[LEGACY], xPub='tpu...LZp', bipPub='tpu...LZp'}
12:10:00.146 [main] DEBUG com.samourai.wallet.bipWallet.WalletSupplierImpl - +BipWallet[DEPOSIT_BIP49]: BipWallet{id='DEPOSIT_BIP49', samouraiAccount=DEPOSIT, derivation=BipDerivation{purpose=49, accountIndex=0}, bipFormatDefault=SEGWIT_COMPAT, bipFormats=[SEGWIT_COMPAT], xPub='tpu...2dH', bipPub='upu...bSs'}
12:10:00.146 [main] DEBUG com.samourai.wallet.bipWallet.WalletSupplierImpl - +BipWallet[DEPOSIT_BIP84]: BipWallet{id='DEPOSIT_BIP84', samouraiAccount=DEPOSIT, derivation=BipDerivation{purpose=84, accountIndex=0}, bipFormatDefault=SEGWIT_NATIVE, bipFormats=[SEGWIT_NATIVE], xPub='tpu...MfN', bipPub='vpu...sew'}
12:10:00.146 [main] DEBUG com.samourai.wallet.bipWallet.WalletSupplierImpl - +BipWallet[PREMIX_BIP84]: BipWallet{id='PREMIX_BIP84', samouraiAccount=PREMIX, derivation=BipDerivation{purpose=84, accountIndex=2147483645}, bipFormatDefault=SEGWIT_NATIVE, bipFormats=[SEGWIT_NATIVE], xPub='tpu...y1p', bipPub='vpu...D4a'}
12:10:00.146 [main] DEBUG com.samourai.wallet.bipWallet.WalletSupplierImpl - +BipWallet[POSTMIX_BIP84]: BipWallet{id='POSTMIX_BIP84', samouraiAccount=POSTMIX, derivation=BipDerivation{purpose=84, accountIndex=2147483646}, bipFormatDefault=SEGWIT_NATIVE, bipFormats=[SEGWIT_NATIVE, SEGWIT_COMPAT, LEGACY], xPub='tpu...NLN', bipPub='vpu...RKR'}
12:10:00.146 [main] DEBUG com.samourai.wallet.bipWallet.WalletSupplierImpl - +BipWallet[BADBANK_BIP84]: BipWallet{id='BADBANK_BIP84', samouraiAccount=BADBANK, derivation=BipDerivation{purpose=84, accountIndex=2147483644}, bipFormatDefault=SEGWIT_NATIVE, bipFormats=[SEGWIT_NATIVE], xPub='tpu...86t', bipPub='vpu...XXs'}
12:10:00.240 [main] DEBUG com.samourai.wallet.bipWallet.WalletSupplierImpl - +BipWallet[DEPOSIT_BIP44]: BipWallet{id='DEPOSIT_BIP44', samouraiAccount=DEPOSIT, derivation=BipDerivation{purpose=44, accountIndex=0}, bipFormatDefault=LEGACY, bipFormats=[LEGACY], xPub='tpu...XeJ', bipPub='tpu...XeJ'}
12:10:00.240 [main] DEBUG com.samourai.wallet.bipWallet.WalletSupplierImpl - +BipWallet[DEPOSIT_BIP49]: BipWallet{id='DEPOSIT_BIP49', samouraiAccount=DEPOSIT, derivation=BipDerivation{purpose=49, accountIndex=0}, bipFormatDefault=SEGWIT_COMPAT, bipFormats=[SEGWIT_COMPAT], xPub='tpu...TBn', bipPub='upu...QVy'}
12:10:00.240 [main] DEBUG com.samourai.wallet.bipWallet.WalletSupplierImpl - +BipWallet[DEPOSIT_BIP84]: BipWallet{id='DEPOSIT_BIP84', samouraiAccount=DEPOSIT, derivation=BipDerivation{purpose=84, accountIndex=0}, bipFormatDefault=SEGWIT_NATIVE, bipFormats=[SEGWIT_NATIVE], xPub='tpu...Nbr', bipPub='vpu...R4q'}
12:10:00.240 [main] DEBUG com.samourai.wallet.bipWallet.WalletSupplierImpl - +BipWallet[PREMIX_BIP84]: BipWallet{id='PREMIX_BIP84', samouraiAccount=PREMIX, derivation=BipDerivation{purpose=84, accountIndex=2147483645}, bipFormatDefault=SEGWIT_NATIVE, bipFormats=[SEGWIT_NATIVE], xPub='tpu...ZBX', bipPub='vpu...XxM'}
12:10:00.240 [main] DEBUG com.samourai.wallet.bipWallet.WalletSupplierImpl - +BipWallet[POSTMIX_BIP84]: BipWallet{id='POSTMIX_BIP84', samouraiAccount=POSTMIX, derivation=BipDerivation{purpose=84, accountIndex=2147483646}, bipFormatDefault=SEGWIT_NATIVE, bipFormats=[SEGWIT_NATIVE, SEGWIT_COMPAT, LEGACY], xPub='tpu...do5', bipPub='vpu...2eX'}
12:10:00.240 [main] DEBUG com.samourai.wallet.bipWallet.WalletSupplierImpl - +BipWallet[BADBANK_BIP84]: BipWallet{id='BADBANK_BIP84', samouraiAccount=BADBANK, derivation=BipDerivation{purpose=84, accountIndex=2147483644}, bipFormatDefault=SEGWIT_NATIVE, bipFormats=[SEGWIT_NATIVE], xPub='tpu...QxP', bipPub='vpu...M4F'}
12:10:00.267 [main] DEBUG com.samourai.http.client.JettyHttpClient - +httpClient: no proxy
12:10:00.424 [main] DEBUG com.samourai.wallet.bipWallet.WalletSupplierImpl - +BipWallet[DEPOSIT_BIP44]: BipWallet{id='DEPOSIT_BIP44', samouraiAccount=DEPOSIT, derivation=BipDerivation{purpose=44, accountIndex=0}, bipFormatDefault=LEGACY, bipFormats=[LEGACY], xPub='tpu...LwY', bipPub='tpu...LwY'}
12:10:00.424 [main] DEBUG com.samourai.wallet.bipWallet.WalletSupplierImpl - +BipWallet[DEPOSIT_BIP49]: BipWallet{id='DEPOSIT_BIP49', samouraiAccount=DEPOSIT, derivation=BipDerivation{purpose=49, accountIndex=0}, bipFormatDefault=SEGWIT_COMPAT, bipFormats=[SEGWIT_COMPAT], xPub='tpu...eV2', bipPub='upu...38D'}
12:10:00.424 [main] DEBUG com.samourai.wallet.bipWallet.WalletSupplierImpl - +BipWallet[DEPOSIT_BIP84]: BipWallet{id='DEPOSIT_BIP84', samouraiAccount=DEPOSIT, derivation=BipDerivation{purpose=84, accountIndex=0}, bipFormatDefault=SEGWIT_NATIVE, bipFormats=[SEGWIT_NATIVE], xPub='tpu...re9', bipPub='vpu...dCu'}
12:10:00.424 [main] DEBUG com.samourai.wallet.bipWallet.WalletSupplierImpl - +BipWallet[PREMIX_BIP84]: BipWallet{id='PREMIX_BIP84', samouraiAccount=PREMIX, derivation=BipDerivation{purpose=84, accountIndex=2147483645}, bipFormatDefault=SEGWIT_NATIVE, bipFormats=[SEGWIT_NATIVE], xPub='tpu...hvr', bipPub='vpu...4mL'}
12:10:00.424 [main] DEBUG com.samourai.wallet.bipWallet.WalletSupplierImpl - +BipWallet[POSTMIX_BIP84]: BipWallet{id='POSTMIX_BIP84', samouraiAccount=POSTMIX, derivation=BipDerivation{purpose=84, accountIndex=2147483646}, bipFormatDefault=SEGWIT_NATIVE, bipFormats=[SEGWIT_NATIVE, SEGWIT_COMPAT, LEGACY], xPub='tpu...sQD', bipPub='vpu...nrW'}
12:10:00.424 [main] DEBUG com.samourai.wallet.bipWallet.WalletSupplierImpl - +BipWallet[ASB_BIP84]: BipWallet{id='ASB_BIP84', samouraiAccount=SWAPS_ASB, derivation=BipDerivation{purpose=84, accountIndex=2147483641}, bipFormatDefault=SEGWIT_NATIVE, bipFormats=[SEGWIT_NATIVE], xPub='tpu...p4i', bipPub='vpu...sEH'}
12:10:00.424 [main] DEBUG com.samourai.wallet.bipWallet.WalletSupplierImpl - +BipWallet[SWAPS_DEPOSIT]: BipWallet{id='SWAPS_DEPOSIT', samouraiAccount=SWAPS_DEPOSIT, derivation=BipDerivation{purpose=84, accountIndex=2147483643}, bipFormatDefault=SEGWIT_NATIVE, bipFormats=[SEGWIT_NATIVE], xPub='tpu...3s7', bipPub='vpu...HpJ'}
12:10:00.424 [main] DEBUG com.samourai.wallet.bipWallet.WalletSupplierImpl - +BipWallet[SWAPS_REFUNDS]: BipWallet{id='SWAPS_REFUNDS', samouraiAccount=SWAPS_REFUNDS, derivation=BipDerivation{purpose=84, accountIndex=2147483642}, bipFormatDefault=SEGWIT_NATIVE, bipFormats=[SEGWIT_NATIVE], xPub='tpu...rMX', bipPub='vpu...Sr9'}
12:10:00.424 [main] DEBUG com.samourai.wallet.bipWallet.WalletSupplierImpl - +BipWallet[BADBANK_BIP84]: BipWallet{id='BADBANK_BIP84', samouraiAccount=BADBANK, derivation=BipDerivation{purpose=84, accountIndex=2147483644}, bipFormatDefault=SEGWIT_NATIVE, bipFormats=[SEGWIT_NATIVE], xPub='tpu...hmu', bipPub='vpu...tNY'}
12:10:00.424 [main] DEBUG com.samourai.wallet.bipWallet.WalletSupplierImpl - +BipWallet[RICOCHET_BIP84]: BipWallet{id='RICOCHET_BIP84', samouraiAccount=RICOCHET, derivation=BipDerivation{purpose=84, accountIndex=2147483647}, bipFormatDefault=SEGWIT_NATIVE, bipFormats=[SEGWIT_NATIVE], xPub='tpu...UMc', bipPub='vpu...knj'}
12:10:00.424 [main] DEBUG com.samourai.wallet.api.backend.BackendApi - urlBackend=https://api.samouraiwallet.com/test/v2, oAuth=no
12:10:00.424 [main] DEBUG com.samourai.wallet.util.LogbackUtils - Log level set to DEBUG for the logger 'com.samourai'
12:10:00.424 [main] DEBUG com.samourai.wallet.util.LogbackUtils - Log level set to DEBUG for the logger 'com.samourai.whirlpool.client'
12:10:00.424 [main] DEBUG com.samourai.wallet.util.LogbackUtils - Log level set to DEBUG for the logger 'com.samourai.whirlpool.client.mix.dialog'
12:10:00.424 [main] DEBUG com.samourai.wallet.util.LogbackUtils - Log level set to DEBUG for the logger 'com.samourai.stomp.client'
12:10:00.424 [main] DEBUG com.samourai.wallet.util.LogbackUtils - Log level set to DEBUG for the logger 'com.samourai.wallet.util.FeeUtil'
12:10:00.424 [main] DEBUG com.samourai.wallet.util.LogbackUtils - Log level set to DEBUG for the logger 'com.samourai.whirlpool.client.utils'
12:10:00.424 [main] DEBUG com.samourai.wallet.util.LogbackUtils - Log level set to DEBUG for the logger 'com.samourai.whirlpool.client.wallet'
12:10:00.424 [main] DEBUG com.samourai.wallet.util.LogbackUtils - Log level set to DEBUG for the logger 'com.samourai.wallet.cahoots'
12:10:00.424 [main] DEBUG com.samourai.wallet.util.LogbackUtils - Log level set to DEBUG for the logger 'com.samourai.wallet.cahoots.stowaway'
12:10:00.424 [main] DEBUG com.samourai.wallet.util.LogbackUtils - Log level set to DEBUG for the logger 'com.samourai.wallet.cahoots.stonewallx2'
12:10:00.424 [main] DEBUG com.samourai.wallet.util.LogbackUtils - Log level set to DEBUG for the logger 'com.samourai.wallet.sorobanClient'
12:10:00.424 [main] DEBUG com.samourai.wallet.util.LogbackUtils - Log level set to DEBUG for the logger 'com.samourai.soroban.client'
12:10:00.424 [main] DEBUG com.samourai.wallet.util.LogbackUtils - Log level set to DEBUG for the logger 'com.samourai.soroban.client.rpc'
12:10:00.424 [main] DEBUG com.samourai.wallet.util.LogbackUtils - Log level set to DEBUG for the logger 'com.samourai.soroban.client.dialog'
12:10:00.424 [main] DEBUG com.samourai.wallet.util.LogbackUtils - Log level set to DEBUG for the logger 'com.samourai.soroban.client.meeting'
12:10:00.424 [main] DEBUG com.samourai.wallet.util.LogbackUtils - Log level set to DEBUG for the logger 'com.samourai.whirlpool.client.wallet.orchestrator'
12:10:00.424 [main] DEBUG com.samourai.wallet.util.LogbackUtils - Log level set to ERROR for the logger 'org.bitcoinj'
12:10:00.424 [main] DEBUG com.samourai.wallet.util.LogbackUtils - Log level set to WARN for the logger 'org.bitcoin'
12:10:00.424 [main] DEBUG com.samourai.wallet.util.LogbackUtils - Log level set to INFO for the logger 'org.eclipse.jetty'
12:10:00.506 [main] DEBUG com.samourai.wallet.bipWallet.WalletSupplierImpl - +BipWallet[DEPOSIT_BIP44]: BipWallet{id='DEPOSIT_BIP44', samouraiAccount=DEPOSIT, derivation=BipDerivation{purpose=44, accountIndex=0}, bipFormatDefault=LEGACY, bipFormats=[LEGACY], xPub='tpu...LZp', bipPub='tpu...LZp'}
12:10:00.506 [main] DEBUG com.samourai.wallet.bipWallet.WalletSupplierImpl - +BipWallet[DEPOSIT_BIP49]: BipWallet{id='DEPOSIT_BIP49', samouraiAccount=DEPOSIT, derivation=BipDerivation{purpose=49, accountIndex=0}, bipFormatDefault=SEGWIT_COMPAT, bipFormats=[SEGWIT_COMPAT], xPub='tpu...2dH', bipPub='upu...bSs'}
12:10:00.506 [main] DEBUG com.samourai.wallet.bipWallet.WalletSupplierImpl - +BipWallet[DEPOSIT_BIP84]: BipWallet{id='DEPOSIT_BIP84', samouraiAccount=DEPOSIT, derivation=BipDerivation{purpose=84, accountIndex=0}, bipFormatDefault=SEGWIT_NATIVE, bipFormats=[SEGWIT_NATIVE], xPub='tpu...MfN', bipPub='vpu...sew'}
12:10:00.506 [main] DEBUG com.samourai.wallet.bipWallet.WalletSupplierImpl - +BipWallet[PREMIX_BIP84]: BipWallet{id='PREMIX_BIP84', samouraiAccount=PREMIX, derivation=BipDerivation{purpose=84, accountIndex=2147483645}, bipFormatDefault=SEGWIT_NATIVE, bipFormats=[SEGWIT_NATIVE], xPub='tpu...y1p', bipPub='vpu...D4a'}
12:10:00.506 [main] DEBUG com.samourai.wallet.bipWallet.WalletSupplierImpl - +BipWallet[POSTMIX_BIP84]: BipWallet{id='POSTMIX_BIP84', samouraiAccount=POSTMIX, derivation=BipDerivation{purpose=84, accountIndex=2147483646}, bipFormatDefault=SEGWIT_NATIVE, bipFormats=[SEGWIT_NATIVE, SEGWIT_COMPAT, LEGACY], xPub='tpu...NLN', bipPub='vpu...RKR'}
12:10:00.506 [main] DEBUG com.samourai.wallet.bipWallet.WalletSupplierImpl - +BipWallet[BADBANK_BIP84]: BipWallet{id='BADBANK_BIP84', samouraiAccount=BADBANK, derivation=BipDerivation{purpose=84, accountIndex=2147483644}, bipFormatDefault=SEGWIT_NATIVE, bipFormats=[SEGWIT_NATIVE], xPub='tpu...86t', bipPub='vpu...XXs'}
12:10:00.604 [main] DEBUG com.samourai.wallet.bipWallet.WalletSupplierImpl - +BipWallet[DEPOSIT_BIP44]: BipWallet{id='DEPOSIT_BIP44', samouraiAccount=DEPOSIT, derivation=BipDerivation{purpose=44, accountIndex=0}, bipFormatDefault=LEGACY, bipFormats=[LEGACY], xPub='tpu...XeJ', bipPub='tpu...XeJ'}
12:10:00.604 [main] DEBUG com.samourai.wallet.bipWallet.WalletSupplierImpl - +BipWallet[DEPOSIT_BIP49]: BipWallet{id='DEPOSIT_BIP49', samouraiAccount=DEPOSIT, derivation=BipDerivation{purpose=49, accountIndex=0}, bipFormatDefault=SEGWIT_COMPAT, bipFormats=[SEGWIT_COMPAT], xPub='tpu...TBn', bipPub='upu...QVy'}
12:10:00.604 [main] DEBUG com.samourai.wallet.bipWallet.WalletSupplierImpl - +BipWallet[DEPOSIT_BIP84]: BipWallet{id='DEPOSIT_BIP84', samouraiAccount=DEPOSIT, derivation=BipDerivation{purpose=84, accountIndex=0}, bipFormatDefault=SEGWIT_NATIVE, bipFormats=[SEGWIT_NATIVE], xPub='tpu...Nbr', bipPub='vpu...R4q'}
12:10:00.604 [main] DEBUG com.samourai.wallet.bipWallet.WalletSupplierImpl - +BipWallet[PREMIX_BIP84]: BipWallet{id='PREMIX_BIP84', samouraiAccount=PREMIX, derivation=BipDerivation{purpose=84, accountIndex=2147483645}, bipFormatDefault=SEGWIT_NATIVE, bipFormats=[SEGWIT_NATIVE], xPub='tpu...ZBX', bipPub='vpu...XxM'}
12:10:00.604 [main] DEBUG com.samourai.wallet.bipWallet.WalletSupplierImpl - +BipWallet[POSTMIX_BIP84]: BipWallet{id='POSTMIX_BIP84', samouraiAccount=POSTMIX, derivation=BipDerivation{purpose=84, accountIndex=2147483646}, bipFormatDefault=SEGWIT_NATIVE, bipFormats=[SEGWIT_NATIVE, SEGWIT_COMPAT, LEGACY], xPub='tpu...do5', bipPub='vpu...2eX'}
12:10:00.604 [main] DEBUG com.samourai.wallet.bipWallet.WalletSupplierImpl - +BipWallet[BADBANK_BIP84]: BipWallet{id='BADBANK_BIP84', samouraiAccount=BADBANK, derivation=BipDerivation{purpose=84, accountIndex=2147483644}, bipFormatDefault=SEGWIT_NATIVE, bipFormats=[SEGWIT_NATIVE], xPub='tpu...QxP', bipPub='vpu...M4F'}
12:10:00.633 [main] DEBUG com.samourai.wallet.cahoots.stonewallx2.Stonewallx2Service - # STONEWALLx2 INITIATOR => step=0
12:10:00.633 [main] DEBUG com.samourai.wallet.cahoots.AbstractCahootsTest - #0 SENDER => {"cahoots":{"psbt":"","destPaynym":"","cpty_account":0,"spend_amount":5000,"outpoints":[],"type":0,"params":"testnet","dest":"tb1pqqqqp399et2xygdj5xreqhjjvcmzhxw4aywxecjdzew6hylgvsesf3hn0c","version":2,"fee_amount":0,"fingerprint":"eed8a1cd","step":0,"collabChange":"","id":"74091848a2dfb6c648b30b9adc6069b0118e81892a4cfe865aca9dc71d9a79e0","account":0,"ts":1711645800}}
12:10:00.633 [main] DEBUG com.samourai.wallet.cahoots.stonewallx2.Stonewallx2Service - BIP FORMAT:: TAPROOT
12:10:00.633 [main] DEBUG com.samourai.wallet.cahoots.stonewallx2.Stonewallx2Service - +output (CounterParty Mix) = tb1qv4ak4l0w76qflk4uulavu22kxtaajnltkzxyq5
12:10:00.634 [main] DEBUG com.samourai.wallet.cahoots.AbstractCahoots2xService - ###### BEGIN doSTONEWALLx2_1 STONEWALLX2/COUNTERPARTY
12:10:00.634 [main] DEBUG com.samourai.wallet.cahoots.AbstractCahoots2xService -  * outpoints={}
12:10:00.634 [main] DEBUG com.samourai.wallet.cahoots.AbstractCahoots2xService -  * tx=null
12:10:00.634 [main] DEBUG com.samourai.wallet.cahoots.stonewallx2.Stonewallx2Service - BIP84 utxos:1
12:10:00.634 [main] DEBUG com.samourai.wallet.cahoots.stonewallx2.Stonewallx2Service - BIP84 selected utxo: CahootsUtxo{utxo=9407b31fd0159dc4dd3f5377e3b18e4b4aafef2977a52e76b95c3f899cbb05ad:1, value=10000, address=tb1qh287jqsh6mkpqmd8euumyfam00fkr78qhrdnde, path=null, xpub=tpubDCKFqGcC4KmHwUHG6orVRRUQZZZ3s9kQ64YUufULo9SY1E35aJwa2MH18AxuKddtJzfjMzCgKTEgBJx3WAGxYxVdMxeTYK5Xbtsv5P6fNbr}
12:10:00.634 [main] DEBUG com.samourai.wallet.cahoots.stonewallx2.Stonewallx2Service - 1 selected utxos, totalContributedAmount=10000, requiredAmount=5546
12:10:00.634 [main] DEBUG com.samourai.wallet.cahoots.stonewallx2.Stonewallx2Service - +output (CounterParty change) = tb1qgzzjhah2q3pqfwpx5xpdrd649qmyl59a6m6cp4
12:10:00.634 [main] DEBUG com.samourai.wallet.cahoots.AbstractCahoots2xService - ###### END doSTONEWALLx2_1 STONEWALLX2/COUNTERPARTY
12:10:00.634 [main] DEBUG com.samourai.wallet.cahoots.AbstractCahoots2xService -  * outpoints={9407b31fd0159dc4dd3f5377e3b18e4b4aafef2977a52e76b95c3f899cbb05ad-1=10000}
12:10:00.634 [main] DEBUG com.samourai.wallet.cahoots.AbstractCahoots2xService -  * tx=  9a65305212d45d3497ba2eee2235114fe0d8ba67e866b37080cb23fde84252c3
  version 2
  time locked until block 1234
  opts into full replace-by-fee
     in    0.0001 BTC
          outpoint:9407b31fd0159dc4dd3f5377e3b18e4b4aafef2977a52e76b95c3f899cbb05ad:1
          sequence:fffffffd, opts into full RBF
     out  0[] PUSHDATA(20)[657b6afdeef6809fdabce7face295632fbd94feb] 0.00005 BTC
     out  0[] PUSHDATA(20)[40852bf6ea044204b826a182d1b75528364fd0bd] 0.00005 BTC
     fee  0.00 BTC/kB, 0.00 BTC for 113 bytes
     prps UNKNOWN

12:10:00.634 [main] DEBUG com.samourai.wallet.cahoots.stonewallx2.Stonewallx2Service - # STONEWALLx2 COUNTERPARTY => step=1
12:10:00.634 [main] DEBUG com.samourai.wallet.cahoots.AbstractCahootsTest - #1 COUNTERPARTY => {"cahoots":{"fingerprint_collab":"f0d70870","psbt":"abZy8000000rl[@+z![Q2M[2+pzji{KBEMcChD<vq<6{Ss:1:xA[HQ0A0g+e+M+hbDXbsqG=r:^jh(3sQ%$*HvrVqt)KMX-4y<yna+a?(*XRJdiMQW[*7MjlVFq3Oi$QdHCyn#(G=nAvHWrJetI{{W*9zE=jH-xA4(GVN^QwtRSp3NgY:}7ode9ok000","destPaynym":"","cpty_account":0,"spend_amount":5000,"outpoints":[{"value":10000,"outpoint":"9407b31fd0159dc4dd3f5377e3b18e4b4aafef2977a52e76b95c3f899cbb05ad-1"}],"type":0,"params":"testnet","dest":"tb1pqqqqp399et2xygdj5xreqhjjvcmzhxw4aywxecjdzew6hylgvsesf3hn0c","version":2,"fee_amount":0,"fingerprint":"eed8a1cd","step":1,"collabChange":"tb1qgzzjhah2q3pqfwpx5xpdrd649qmyl59a6m6cp4","id":"74091848a2dfb6c648b30b9adc6069b0118e81892a4cfe865aca9dc71d9a79e0","account":0,"ts":1711645800}}
12:10:00.635 [main] DEBUG com.samourai.wallet.cahoots.stonewallx2.Stonewallx2Service - # STONEWALLx2 SENDER <= step=1
12:10:00.635 [main] DEBUG com.samourai.wallet.cahoots.AbstractCahoots2xService - ###### BEGIN doSTONEWALLx2_2 STONEWALLX2/SENDER
12:10:00.635 [main] DEBUG com.samourai.wallet.cahoots.AbstractCahoots2xService -  * outpoints={9407b31fd0159dc4dd3f5377e3b18e4b4aafef2977a52e76b95c3f899cbb05ad-1=10000}
12:10:00.635 [main] DEBUG com.samourai.wallet.cahoots.AbstractCahoots2xService -  * tx=  9a65305212d45d3497ba2eee2235114fe0d8ba67e866b37080cb23fde84252c3
  version 2
  time locked until block 1234
  opts into full replace-by-fee
     in   
          outpoint:9407b31fd0159dc4dd3f5377e3b18e4b4aafef2977a52e76b95c3f899cbb05ad:1
          sequence:fffffffd, opts into full RBF
     out  0[] PUSHDATA(20)[657b6afdeef6809fdabce7face295632fbd94feb] 0.00005 BTC
     out  0[] PUSHDATA(20)[40852bf6ea044204b826a182d1b75528364fd0bd] 0.00005 BTC
     prps UNKNOWN

12:10:00.635 [main] DEBUG com.samourai.wallet.cahoots.stonewallx2.Stonewallx2Service - step2 tx:0200000001ad05bb9c893f5cb9762ea57729efaf4a4b8eb1e377533fddc49d15d01fb307940100000000fdffffff028813000000000000160014657b6afdeef6809fdabce7face295632fbd94feb881300000000000016001440852bf6ea044204b826a182d1b75528364fd0bdd2040000
12:10:00.635 [main] DEBUG com.samourai.wallet.cahoots.stonewallx2.Stonewallx2Service - step2 tx:  9a65305212d45d3497ba2eee2235114fe0d8ba67e866b37080cb23fde84252c3
  version 2
  time locked until block 1234
  opts into full replace-by-fee
     in   
          outpoint:9407b31fd0159dc4dd3f5377e3b18e4b4aafef2977a52e76b95c3f899cbb05ad:1
          sequence:fffffffd, opts into full RBF
     out  0[] PUSHDATA(20)[657b6afdeef6809fdabce7face295632fbd94feb] 0.00005 BTC
     out  0[] PUSHDATA(20)[40852bf6ea044204b826a182d1b75528364fd0bd] 0.00005 BTC
     prps UNKNOWN

12:10:00.635 [main] DEBUG com.samourai.wallet.cahoots.stonewallx2.Stonewallx2Service - BIP84 utxos:1
12:10:00.635 [main] DEBUG com.samourai.wallet.cahoots.stonewallx2.Stonewallx2Service - BIP84 selected utxo: CahootsUtxo{utxo=14cf9c6be92efcfe628aabd32b02c85e763615ddd430861bc18f6d366e4c4fd5:1, value=10000, address=tb1qkymumss6zj0rxy9l3v5vqxqwwffy8jjsyhrkrg, path=null, xpub=tpubDDLBK9gJk4HdPCDzF4Yhxx3u6q1QWo7iZAPVHfsFjLp9rUxXf79FPEK4cKMiV1jrJqrCCVJnciMh1kau2xZtjpZ5DoiaK3RbF6MffFWXMfN}
12:10:00.635 [main] DEBUG com.samourai.wallet.cahoots.stonewallx2.Stonewallx2Service - fee:293
12:10:00.635 [main] DEBUG com.samourai.wallet.cahoots.stonewallx2.Stonewallx2Service - 1 selected utxos, totalContributedAmount=10000, requiredAmount=5839
12:10:00.635 [main] DEBUG com.samourai.wallet.cahoots.stonewallx2.Stonewallx2Service - fee pair:294
12:10:00.635 [main] DEBUG com.samourai.wallet.cahoots.stonewallx2.Stonewallx2Service - destination:tb1pqqqqp399et2xygdj5xreqhjjvcmzhxw4aywxecjdzew6hylgvsesf3hn0c
12:10:00.635 [main] DEBUG com.samourai.wallet.cahoots.stonewallx2.Stonewallx2Service - output value post fee:4853
12:10:00.635 [main] DEBUG com.samourai.wallet.cahoots.stonewallx2.Stonewallx2Service - +output (Spender change) = tb1qfe8765vcdka0xgkjkdhxjzux8raq7qsyamffad
12:10:00.635 [main] DEBUG com.samourai.wallet.cahoots.AbstractCahoots2xService - ###### END doSTONEWALLx2_2 STONEWALLX2/SENDER
12:10:00.635 [main] DEBUG com.samourai.wallet.cahoots.AbstractCahoots2xService -  * outpoints={14cf9c6be92efcfe628aabd32b02c85e763615ddd430861bc18f6d366e4c4fd5-1=10000, 9407b31fd0159dc4dd3f5377e3b18e4b4aafef2977a52e76b95c3f899cbb05ad-1=10000}
12:10:00.635 [main] DEBUG com.samourai.wallet.cahoots.AbstractCahoots2xService -  * tx=  70a1535392534966dc04757e37bc8690187229a4761970b345af04c73ce21589
  version 2
  time locked until block 1234
  opts into full replace-by-fee
     in   
          outpoint:9407b31fd0159dc4dd3f5377e3b18e4b4aafef2977a52e76b95c3f899cbb05ad:1
          sequence:fffffffd, opts into full RBF
     in    0.0001 BTC
          outpoint:14cf9c6be92efcfe628aabd32b02c85e763615ddd430861bc18f6d366e4c4fd5:1
          sequence:fffffffd, opts into full RBF
     out  0[] PUSHDATA(20)[657b6afdeef6809fdabce7face295632fbd94feb] 0.00005 BTC
     out  0[] PUSHDATA(20)[40852bf6ea044204b826a182d1b75528364fd0bd] 0.00004853 BTC
     out  1 PUSHDATA(32)[000000c4a5cad46221b2a187905e5266362b99d5e91c6ce24d165dab93e86433] 0.00005 BTC
     out  0[] PUSHDATA(20)[4e4fed51986dbaf322d2b36e690b8638fa0f0204] 0.00004853 BTC
     prps UNKNOWN

12:10:00.635 [main] DEBUG com.samourai.wallet.cahoots.stonewallx2.Stonewallx2Service - # STONEWALLx2 SENDER => step=2
12:10:00.636 [main] DEBUG com.samourai.wallet.cahoots.AbstractCahootsTest - #2 SENDER => {"cahoots":{"fingerprint_collab":"f0d70870","psbt":"abZy8000000rl[#*I[l02T.?QY?/g&^0(v8>yh6EstLs%9k)ACmN}R50y?Q$bGZj)ITe9VX8Fl0(nYM+XSP&OG#r74]laF$mS2{)H7<cy{TeZlrJAia8-zG?I=:<9e=y6k:8[D^q8J0i8TV)/NxPh37K]0VAyU:9lvf@OR.2q&!/ncX(^1g@l.RJb!GE2ZIUaU/Z)eUK5>02ZP>60PJDFjx/<(54%j{Aw9D@?5w@vmf^q$]W9vn3[Csw(l&i-!nJIWjuC??vW}8^4/?C$5]U3rq*dZ(QjUnhK1{wE+.=bYL-]ho$F*5RfN","destPaynym":"","cpty_account":0,"spend_amount":5000,"outpoints":[{"value":10000,"outpoint":"14cf9c6be92efcfe628aabd32b02c85e763615ddd430861bc18f6d366e4c4fd5-1"},{"value":10000,"outpoint":"9407b31fd0159dc4dd3f5377e3b18e4b4aafef2977a52e76b95c3f899cbb05ad-1"}],"type":0,"params":"testnet","dest":"tb1pqqqqp399et2xygdj5xreqhjjvcmzhxw4aywxecjdzew6hylgvsesf3hn0c","version":2,"fee_amount":294,"fingerprint":"eed8a1cd","step":2,"collabChange":"tb1qgzzjhah2q3pqfwpx5xpdrd649qmyl59a6m6cp4","id":"74091848a2dfb6c648b30b9adc6069b0118e81892a4cfe865aca9dc71d9a79e0","account":0,"ts":1711645800}}
12:10:00.637 [main] DEBUG com.samourai.wallet.cahoots.stonewallx2.Stonewallx2Service - # STONEWALLx2 COUNTERPARTY <= step=2
12:10:00.637 [main] DEBUG com.samourai.wallet.cahoots.AbstractCahoots2xService - ###### BEGIN doStep3 STONEWALLX2/COUNTERPARTY
12:10:00.637 [main] DEBUG com.samourai.wallet.cahoots.AbstractCahoots2xService -  * outpoints={14cf9c6be92efcfe628aabd32b02c85e763615ddd430861bc18f6d366e4c4fd5-1=10000, 9407b31fd0159dc4dd3f5377e3b18e4b4aafef2977a52e76b95c3f899cbb05ad-1=10000}
12:10:00.637 [main] DEBUG com.samourai.wallet.cahoots.AbstractCahoots2xService -  * tx=  70a1535392534966dc04757e37bc8690187229a4761970b345af04c73ce21589
  version 2
  time locked until block 1234
  opts into full replace-by-fee
     in   
          outpoint:9407b31fd0159dc4dd3f5377e3b18e4b4aafef2977a52e76b95c3f899cbb05ad:1
          sequence:fffffffd, opts into full RBF
     in   
          outpoint:14cf9c6be92efcfe628aabd32b02c85e763615ddd430861bc18f6d366e4c4fd5:1
          sequence:fffffffd, opts into full RBF
     out  0[] PUSHDATA(20)[657b6afdeef6809fdabce7face295632fbd94feb] 0.00005 BTC
     out  0[] PUSHDATA(20)[40852bf6ea044204b826a182d1b75528364fd0bd] 0.00004853 BTC
     out  1 PUSHDATA(32)[000000c4a5cad46221b2a187905e5266362b99d5e91c6ce24d165dab93e86433] 0.00005 BTC
     out  0[] PUSHDATA(20)[4e4fed51986dbaf322d2b36e690b8638fa0f0204] 0.00004853 BTC
     prps UNKNOWN

12:10:00.637 [main] DEBUG com.samourai.wallet.cahoots.Cahoots2x - signTx:  72dbbe4d806023322047fdb2aeed512366c79ccae1bd843bc8202d95edf52068
  version 2
  time locked until block 1234
  opts into full replace-by-fee
     in   
          outpoint:14cf9c6be92efcfe628aabd32b02c85e763615ddd430861bc18f6d366e4c4fd5:1
          sequence:fffffffd, opts into full RBF
     in   
          outpoint:9407b31fd0159dc4dd3f5377e3b18e4b4aafef2977a52e76b95c3f899cbb05ad:1
          sequence:fffffffd, opts into full RBF
     out  0[] PUSHDATA(20)[40852bf6ea044204b826a182d1b75528364fd0bd] 0.00004853 BTC
     out  0[] PUSHDATA(20)[4e4fed51986dbaf322d2b36e690b8638fa0f0204] 0.00004853 BTC
     out  0[] PUSHDATA(20)[657b6afdeef6809fdabce7face295632fbd94feb] 0.00005 BTC
     out  1 PUSHDATA(32)[000000c4a5cad46221b2a187905e5266362b99d5e91c6ce24d165dab93e86433] 0.00005 BTC
     prps UNKNOWN

12:10:00.637 [main] DEBUG com.samourai.wallet.cahoots.Cahoots2x - signTx outpoint:9407b31fd0159dc4dd3f5377e3b18e4b4aafef2977a52e76b95c3f899cbb05ad:1
12:10:00.637 [main] DEBUG com.samourai.wallet.cahoots.Cahoots2x - signTx bech32:tb1qyvqh86akdkhnh8fh7j0q7n8j78k0wruz5et8tj
12:10:00.637 [main] DEBUG com.samourai.wallet.cahoots.Cahoots2x - signTx value:10000
12:10:00.637 [main] DEBUG com.samourai.wallet.cahoots.AbstractCahootsService - [STONEWALLX2/COUNTERPARTY] computeSpendAmount: keyBag=[9407b31fd0159dc4dd3f5377e3b18e4b4aafef2977a52e76b95c3f899cbb05ad:1]
12:10:00.637 [main] DEBUG com.samourai.wallet.cahoots.AbstractCahootsService - [STONEWALLX2/COUNTERPARTY] computeSpendAmount: +input 10000 9407b31fd0159dc4dd3f5377e3b18e4b4aafef2977a52e76b95c3f899cbb05ad:1
12:10:00.637 [main] DEBUG com.samourai.wallet.cahoots.AbstractCahootsService - [STONEWALLX2/COUNTERPARTY] computeSpendAmount: -output 4853 tb1qgzzjhah2q3pqfwpx5xpdrd649qmyl59a6m6cp4
12:10:00.637 [main] DEBUG com.samourai.wallet.cahoots.AbstractCahootsService - [STONEWALLX2/COUNTERPARTY] computeSpendAmount: -output 5000 tb1qv4ak4l0w76qflk4uulavu22kxtaajnltkzxyq5
12:10:00.637 [main] DEBUG com.samourai.wallet.cahoots.AbstractCahootsService - [STONEWALLX2/COUNTERPARTY] computeSpendAmount = 147
12:10:00.637 [main] DEBUG com.samourai.wallet.cahoots.stonewallx2.Stonewallx2Service - [STONEWALLX2/COUNTERPARTY] maxSpendAmount = 147: sharedMinerFee=147
12:10:00.637 [main] DEBUG com.samourai.wallet.cahoots.AbstractCahoots2xService - [STONEWALLX2/COUNTERPARTY] COUNTERPARTY verifiedSpendAmount=147, maxSpendAmount=147
12:10:00.637 [main] DEBUG com.samourai.wallet.cahoots.AbstractCahoots2xService - ###### END doStep3 STONEWALLX2/COUNTERPARTY
12:10:00.637 [main] DEBUG com.samourai.wallet.cahoots.AbstractCahoots2xService -  * outpoints={14cf9c6be92efcfe628aabd32b02c85e763615ddd430861bc18f6d366e4c4fd5-1=10000, 9407b31fd0159dc4dd3f5377e3b18e4b4aafef2977a52e76b95c3f899cbb05ad-1=10000}
12:10:00.637 [main] DEBUG com.samourai.wallet.cahoots.AbstractCahoots2xService -  * tx=  72dbbe4d806023322047fdb2aeed512366c79ccae1bd843bc8202d95edf52068
  version 2
  time locked until block 1234
  opts into full replace-by-fee
     in   
          outpoint:14cf9c6be92efcfe628aabd32b02c85e763615ddd430861bc18f6d366e4c4fd5:1
          sequence:fffffffd, opts into full RBF
     in   
          outpoint:9407b31fd0159dc4dd3f5377e3b18e4b4aafef2977a52e76b95c3f899cbb05ad:1
          sequence:fffffffd, opts into full RBF
     out  0[] PUSHDATA(20)[40852bf6ea044204b826a182d1b75528364fd0bd] 0.00004853 BTC
     out  0[] PUSHDATA(20)[4e4fed51986dbaf322d2b36e690b8638fa0f0204] 0.00004853 BTC
     out  0[] PUSHDATA(20)[657b6afdeef6809fdabce7face295632fbd94feb] 0.00005 BTC
     out  1 PUSHDATA(32)[000000c4a5cad46221b2a187905e5266362b99d5e91c6ce24d165dab93e86433] 0.00005 BTC
     prps UNKNOWN

12:10:00.637 [main] DEBUG com.samourai.wallet.cahoots.stonewallx2.Stonewallx2Service - # STONEWALLx2 COUNTERPARTY => step=3
12:10:00.637 [main] DEBUG com.samourai.wallet.cahoots.AbstractCahootsTest - #3 COUNTERPARTY => {"cahoots":{"fingerprint_collab":"f0d70870","psbt":"abZy8000000rmh83YnHI2T(e.kxeX4B]L9F?.WZrE1VCvIn@lsj-G6q:p6ibL>6nfE+j0Xw-N12s(1vVD5XI[3yg1C{pAOO-Gr9rRSQ*=tL-Y0]5k5H!CMr{^a)aojO)G!qhp-g?v?aSC@@qb9a+.wc+=[]AfxhPkzQCS{[NWg*&!K&rM.MR5fUdfs(uc[jGrIRwd2Tw!7(=+IHIV.Hky!JT<b?+.ju9VUJf3JZQ)iot1<71ugs&m/jT82XF&}c}ssd6zLwjcpEnAM7.F9%]5DyBwvwhdDUCM9tCI$4)G&0&cJ23ItN5NVU3YOWOYI%Y4A!@kvatSa[Q2FqbutZCYry6ToM!xA^sVmx3Fsh:ifJEqEB1[D{!=qoFcYj92npE/r!X1h[bv>y!Afu^FuatYscHm4=.aR6-PdT.?k<waRBC.!zp4tQ>C8J/4Bq=T=sN7E)AMKsABBga0SSi","destPaynym":"","cpty_account":0,"spend_amount":5000,"outpoints":[{"value":10000,"outpoint":"14cf9c6be92efcfe628aabd32b02c85e763615ddd430861bc18f6d366e4c4fd5-1"},{"value":10000,"outpoint":"9407b31fd0159dc4dd3f5377e3b18e4b4aafef2977a52e76b95c3f899cbb05ad-1"}],"type":0,"params":"testnet","dest":"tb1pqqqqp399et2xygdj5xreqhjjvcmzhxw4aywxecjdzew6hylgvsesf3hn0c","version":2,"fee_amount":294,"fingerprint":"eed8a1cd","step":3,"collabChange":"tb1qgzzjhah2q3pqfwpx5xpdrd649qmyl59a6m6cp4","id":"74091848a2dfb6c648b30b9adc6069b0118e81892a4cfe865aca9dc71d9a79e0","account":0,"ts":1711645800}}
12:10:00.638 [main] DEBUG com.samourai.wallet.cahoots.stonewallx2.Stonewallx2Service - # STONEWALLx2 SENDER <= step=3
12:10:00.638 [main] DEBUG com.samourai.wallet.cahoots.AbstractCahoots2xService - ###### BEGIN doStep4 STONEWALLX2/SENDER
12:10:00.638 [main] DEBUG com.samourai.wallet.cahoots.AbstractCahoots2xService -  * outpoints={14cf9c6be92efcfe628aabd32b02c85e763615ddd430861bc18f6d366e4c4fd5-1=10000, 9407b31fd0159dc4dd3f5377e3b18e4b4aafef2977a52e76b95c3f899cbb05ad-1=10000}
12:10:00.638 [main] DEBUG com.samourai.wallet.cahoots.AbstractCahoots2xService -  * tx=  72dbbe4d806023322047fdb2aeed512366c79ccae1bd843bc8202d95edf52068
  version 2
  time locked until block 1234
  opts into full replace-by-fee
     in   
          outpoint:14cf9c6be92efcfe628aabd32b02c85e763615ddd430861bc18f6d366e4c4fd5:1
          sequence:fffffffd, opts into full RBF
     in   
          outpoint:9407b31fd0159dc4dd3f5377e3b18e4b4aafef2977a52e76b95c3f899cbb05ad:1
          sequence:fffffffd, opts into full RBF
     out  0[] PUSHDATA(20)[40852bf6ea044204b826a182d1b75528364fd0bd] 0.00004853 BTC
     out  0[] PUSHDATA(20)[4e4fed51986dbaf322d2b36e690b8638fa0f0204] 0.00004853 BTC
     out  0[] PUSHDATA(20)[657b6afdeef6809fdabce7face295632fbd94feb] 0.00005 BTC
     out  1 PUSHDATA(32)[000000c4a5cad46221b2a187905e5266362b99d5e91c6ce24d165dab93e86433] 0.00005 BTC
     prps UNKNOWN

12:10:00.638 [main] DEBUG com.samourai.wallet.cahoots.Cahoots2x - signTx:  72dbbe4d806023322047fdb2aeed512366c79ccae1bd843bc8202d95edf52068
  version 2
  time locked until block 1234
  opts into full replace-by-fee
     in   
          outpoint:14cf9c6be92efcfe628aabd32b02c85e763615ddd430861bc18f6d366e4c4fd5:1
          sequence:fffffffd, opts into full RBF
     in   
          outpoint:9407b31fd0159dc4dd3f5377e3b18e4b4aafef2977a52e76b95c3f899cbb05ad:1
          sequence:fffffffd, opts into full RBF
     out  0[] PUSHDATA(20)[40852bf6ea044204b826a182d1b75528364fd0bd] 0.00004853 BTC
     out  0[] PUSHDATA(20)[4e4fed51986dbaf322d2b36e690b8638fa0f0204] 0.00004853 BTC
     out  0[] PUSHDATA(20)[657b6afdeef6809fdabce7face295632fbd94feb] 0.00005 BTC
     out  1 PUSHDATA(32)[000000c4a5cad46221b2a187905e5266362b99d5e91c6ce24d165dab93e86433] 0.00005 BTC
     prps UNKNOWN

12:10:00.638 [main] DEBUG com.samourai.wallet.cahoots.Cahoots2x - signTx outpoint:14cf9c6be92efcfe628aabd32b02c85e763615ddd430861bc18f6d366e4c4fd5:1
12:10:00.638 [main] DEBUG com.samourai.wallet.cahoots.Cahoots2x - signTx bech32:tb1qyvqh86akdkhnh8fh7j0q7n8j78k0wruz5et8tj
12:10:00.638 [main] DEBUG com.samourai.wallet.cahoots.Cahoots2x - signTx value:10000
12:10:00.638 [main] DEBUG com.samourai.wallet.cahoots.AbstractCahootsService - [STONEWALLX2/SENDER] computeSpendAmount: keyBag=[14cf9c6be92efcfe628aabd32b02c85e763615ddd430861bc18f6d366e4c4fd5:1]
12:10:00.638 [main] DEBUG com.samourai.wallet.cahoots.AbstractCahootsService - [STONEWALLX2/SENDER] computeSpendAmount: +input 10000 14cf9c6be92efcfe628aabd32b02c85e763615ddd430861bc18f6d366e4c4fd5:1
12:10:00.638 [main] DEBUG com.samourai.wallet.cahoots.AbstractCahootsService - [STONEWALLX2/SENDER] computeSpendAmount: -output 4853 tb1qfe8765vcdka0xgkjkdhxjzux8raq7qsyamffad
12:10:00.638 [main] DEBUG com.samourai.wallet.cahoots.AbstractCahootsService - [STONEWALLX2/SENDER] computeSpendAmount = 5147
12:10:00.638 [main] DEBUG com.samourai.wallet.cahoots.stonewallx2.Stonewallx2Service - [STONEWALLX2/SENDER] maxSpendAmount = 5147: amount=5000 + sharedMinerFee=147
12:10:00.638 [main] DEBUG com.samourai.wallet.cahoots.AbstractCahoots2xService - [STONEWALLX2/SENDER] SENDER verifiedSpendAmount=5147, maxSpendAmount=5147
12:10:00.638 [main] DEBUG com.samourai.wallet.cahoots.AbstractCahootsService - checkFee: feeActual=294, feeExpected=294
12:10:00.638 [main] DEBUG com.samourai.wallet.cahoots.AbstractCahoots2xService - ###### END doStep4 STONEWALLX2/SENDER
12:10:00.638 [main] DEBUG com.samourai.wallet.cahoots.AbstractCahoots2xService -  * outpoints={14cf9c6be92efcfe628aabd32b02c85e763615ddd430861bc18f6d366e4c4fd5-1=10000, 9407b31fd0159dc4dd3f5377e3b18e4b4aafef2977a52e76b95c3f899cbb05ad-1=10000}
12:10:00.638 [main] DEBUG com.samourai.wallet.cahoots.AbstractCahoots2xService -  * tx=  72dbbe4d806023322047fdb2aeed512366c79ccae1bd843bc8202d95edf52068
  version 2
  time locked until block 1234
  opts into full replace-by-fee
     in   
          outpoint:14cf9c6be92efcfe628aabd32b02c85e763615ddd430861bc18f6d366e4c4fd5:1
          sequence:fffffffd, opts into full RBF
     in   
          outpoint:9407b31fd0159dc4dd3f5377e3b18e4b4aafef2977a52e76b95c3f899cbb05ad:1
          sequence:fffffffd, opts into full RBF
     out  0[] PUSHDATA(20)[40852bf6ea044204b826a182d1b75528364fd0bd] 0.00004853 BTC
     out  0[] PUSHDATA(20)[4e4fed51986dbaf322d2b36e690b8638fa0f0204] 0.00004853 BTC
     out  0[] PUSHDATA(20)[657b6afdeef6809fdabce7face295632fbd94feb] 0.00005 BTC
     out  1 PUSHDATA(32)[000000c4a5cad46221b2a187905e5266362b99d5e91c6ce24d165dab93e86433] 0.00005 BTC
     prps UNKNOWN

12:10:00.638 [main] DEBUG com.samourai.wallet.cahoots.stonewallx2.Stonewallx2Service - # STONEWALLx2 SENDER => step=4
12:10:00.639 [main] DEBUG com.samourai.wallet.cahoots.AbstractCahootsTest - #4 SENDER => {"cahoots":{"fingerprint_collab":"f0d70870","psbt":"abZy8000000rof0s=KHS2!Q!&TJ7tz{DH#?8at=Y}hq7ItKFv[N$s%jR5qk)q^5#!{{CoLoHzRLIJ(vEcRVicrun/F.U<(OVU(N)&pGd#C1Eg44T&rh/3%R5qnx.H=f$c{shtwEmEM8bPTr1[sc-lBSZ<^EeWrz9(vh858B05WkG4aPa#41R>(q]X1XatUssovK)fVMN!<343RI*I8rk@gY.O1sR[BspvvaD?-jnm6nvnhPT)HYL[IHqJtUHcG9pl)LZ@YVtpp3bsxIY$CHIoxcAXevZ[V#^%sktJ5T(iM?[E+PLz1TH=iDF[&@DZYVap!-4nQZK8WI%SWCFcVtf=p]Kf4z]6}rp!(DknXboM#tr:gW^c4R(s]TiJaP(gs/l}5prbPgHx]KnryE*9nAe-RB0+sPfQ7JCjDAt&($4Ji61pJAyii5pqQ/(.GP4K+}ZCDrLjp01jssJQcyQ{M:RnzqOuVKX.f4b>tR^LVa23Mk6Vu&{-OrQX[7*&p!GoE8emS4}yGKk5ZBt=lCtrVxt6e<)JlWszaBc>%iT<3QozH+0p05]Ii4/t00","destPaynym":"","cpty_account":0,"spend_amount":5000,"outpoints":[{"value":10000,"outpoint":"14cf9c6be92efcfe628aabd32b02c85e763615ddd430861bc18f6d366e4c4fd5-1"},{"value":10000,"outpoint":"9407b31fd0159dc4dd3f5377e3b18e4b4aafef2977a52e76b95c3f899cbb05ad-1"}],"type":0,"params":"testnet","dest":"tb1pqqqqp399et2xygdj5xreqhjjvcmzhxw4aywxecjdzew6hylgvsesf3hn0c","version":2,"fee_amount":294,"fingerprint":"eed8a1cd","step":4,"collabChange":"tb1qgzzjhah2q3pqfwpx5xpdrd649qmyl59a6m6cp4","id":"74091848a2dfb6c648b30b9adc6069b0118e81892a4cfe865aca9dc71d9a79e0","account":0,"ts":1711645800}}
12:10:00.639 [main] DEBUG com.samourai.wallet.test.AbstractTest -   72dbbe4d806023322047fdb2aeed512366c79ccae1bd843bc8202d95edf52068
  version 2
  time locked until block 1234
  opts into full replace-by-fee
     in   
          outpoint:14cf9c6be92efcfe628aabd32b02c85e763615ddd430861bc18f6d366e4c4fd5:1
          sequence:fffffffd, opts into full RBF
     in   
          outpoint:9407b31fd0159dc4dd3f5377e3b18e4b4aafef2977a52e76b95c3f899cbb05ad:1
          sequence:fffffffd, opts into full RBF
     out  0[] PUSHDATA(20)[40852bf6ea044204b826a182d1b75528364fd0bd] 0.00004853 BTC
     out  0[] PUSHDATA(20)[4e4fed51986dbaf322d2b36e690b8638fa0f0204] 0.00004853 BTC
     out  0[] PUSHDATA(20)[657b6afdeef6809fdabce7face295632fbd94feb] 0.00005 BTC
     out  1 PUSHDATA(32)[000000c4a5cad46221b2a187905e5266362b99d5e91c6ce24d165dab93e86433] 0.00005 BTC
     prps UNKNOWN

12:10:00.639 [main] DEBUG com.samourai.wallet.test.AbstractTest - outputsActuals: {tb1pqqqqp399et2xygdj5xreqhjjvcmzhxw4aywxecjdzew6hylgvsesf3hn0c=5000, tb1qfe8765vcdka0xgkjkdhxjzux8raq7qsyamffad=4853, tb1qgzzjhah2q3pqfwpx5xpdrd649qmyl59a6m6cp4=4853, tb1qv4ak4l0w76qflk4uulavu22kxtaajnltkzxyq5=5000}
]]></system-out>
  </testcase>
  <testcase name="STONEWALLx2_BIP44_POSTMIX" classname="com.samourai.wallet.cahoots.Stonewallx2ServiceTest" time="0.36">
    <system-out><![CDATA[12:10:00.649 [main] DEBUG com.samourai.http.client.JettyHttpClient - +httpClient: no proxy
12:10:00.800 [main] DEBUG com.samourai.wallet.bipWallet.WalletSupplierImpl - +BipWallet[DEPOSIT_BIP44]: BipWallet{id='DEPOSIT_BIP44', samouraiAccount=DEPOSIT, derivation=BipDerivation{purpose=44, accountIndex=0}, bipFormatDefault=LEGACY, bipFormats=[LEGACY], xPub='tpu...LwY', bipPub='tpu...LwY'}
12:10:00.800 [main] DEBUG com.samourai.wallet.bipWallet.WalletSupplierImpl - +BipWallet[DEPOSIT_BIP49]: BipWallet{id='DEPOSIT_BIP49', samouraiAccount=DEPOSIT, derivation=BipDerivation{purpose=49, accountIndex=0}, bipFormatDefault=SEGWIT_COMPAT, bipFormats=[SEGWIT_COMPAT], xPub='tpu...eV2', bipPub='upu...38D'}
12:10:00.800 [main] DEBUG com.samourai.wallet.bipWallet.WalletSupplierImpl - +BipWallet[DEPOSIT_BIP84]: BipWallet{id='DEPOSIT_BIP84', samouraiAccount=DEPOSIT, derivation=BipDerivation{purpose=84, accountIndex=0}, bipFormatDefault=SEGWIT_NATIVE, bipFormats=[SEGWIT_NATIVE], xPub='tpu...re9', bipPub='vpu...dCu'}
12:10:00.800 [main] DEBUG com.samourai.wallet.bipWallet.WalletSupplierImpl - +BipWallet[PREMIX_BIP84]: BipWallet{id='PREMIX_BIP84', samouraiAccount=PREMIX, derivation=BipDerivation{purpose=84, accountIndex=2147483645}, bipFormatDefault=SEGWIT_NATIVE, bipFormats=[SEGWIT_NATIVE], xPub='tpu...hvr', bipPub='vpu...4mL'}
12:10:00.800 [main] DEBUG com.samourai.wallet.bipWallet.WalletSupplierImpl - +BipWallet[POSTMIX_BIP84]: BipWallet{id='POSTMIX_BIP84', samouraiAccount=POSTMIX, derivation=BipDerivation{purpose=84, accountIndex=2147483646}, bipFormatDefault=SEGWIT_NATIVE, bipFormats=[SEGWIT_NATIVE, SEGWIT_COMPAT, LEGACY], xPub='tpu...sQD', bipPub='vpu...nrW'}
12:10:00.800 [main] DEBUG com.samourai.wallet.bipWallet.WalletSupplierImpl - +BipWallet[ASB_BIP84]: BipWallet{id='ASB_BIP84', samouraiAccount=SWAPS_ASB, derivation=BipDerivation{purpose=84, accountIndex=2147483641}, bipFormatDefault=SEGWIT_NATIVE, bipFormats=[SEGWIT_NATIVE], xPub='tpu...p4i', bipPub='vpu...sEH'}
12:10:00.800 [main] DEBUG com.samourai.wallet.bipWallet.WalletSupplierImpl - +BipWallet[SWAPS_DEPOSIT]: BipWallet{id='SWAPS_DEPOSIT', samouraiAccount=SWAPS_DEPOSIT, derivation=BipDerivation{purpose=84, accountIndex=2147483643}, bipFormatDefault=SEGWIT_NATIVE, bipFormats=[SEGWIT_NATIVE], xPub='tpu...3s7', bipPub='vpu...HpJ'}
12:10:00.800 [main] DEBUG com.samourai.wallet.bipWallet.WalletSupplierImpl - +BipWallet[SWAPS_REFUNDS]: BipWallet{id='SWAPS_REFUNDS', samouraiAccount=SWAPS_REFUNDS, derivation=BipDerivation{purpose=84, accountIndex=2147483642}, bipFormatDefault=SEGWIT_NATIVE, bipFormats=[SEGWIT_NATIVE], xPub='tpu...rMX', bipPub='vpu...Sr9'}
12:10:00.800 [main] DEBUG com.samourai.wallet.bipWallet.WalletSupplierImpl - +BipWallet[BADBANK_BIP84]: BipWallet{id='BADBANK_BIP84', samouraiAccount=BADBANK, derivation=BipDerivation{purpose=84, accountIndex=2147483644}, bipFormatDefault=SEGWIT_NATIVE, bipFormats=[SEGWIT_NATIVE], xPub='tpu...hmu', bipPub='vpu...tNY'}
12:10:00.800 [main] DEBUG com.samourai.wallet.bipWallet.WalletSupplierImpl - +BipWallet[RICOCHET_BIP84]: BipWallet{id='RICOCHET_BIP84', samouraiAccount=RICOCHET, derivation=BipDerivation{purpose=84, accountIndex=2147483647}, bipFormatDefault=SEGWIT_NATIVE, bipFormats=[SEGWIT_NATIVE], xPub='tpu...UMc', bipPub='vpu...knj'}
12:10:00.800 [main] DEBUG com.samourai.wallet.api.backend.BackendApi - urlBackend=https://api.samouraiwallet.com/test/v2, oAuth=no
12:10:00.800 [main] DEBUG com.samourai.wallet.util.LogbackUtils - Log level set to DEBUG for the logger 'com.samourai'
12:10:00.800 [main] DEBUG com.samourai.wallet.util.LogbackUtils - Log level set to DEBUG for the logger 'com.samourai.whirlpool.client'
12:10:00.800 [main] DEBUG com.samourai.wallet.util.LogbackUtils - Log level set to DEBUG for the logger 'com.samourai.whirlpool.client.mix.dialog'
12:10:00.800 [main] DEBUG com.samourai.wallet.util.LogbackUtils - Log level set to DEBUG for the logger 'com.samourai.stomp.client'
12:10:00.800 [main] DEBUG com.samourai.wallet.util.LogbackUtils - Log level set to DEBUG for the logger 'com.samourai.wallet.util.FeeUtil'
12:10:00.800 [main] DEBUG com.samourai.wallet.util.LogbackUtils - Log level set to DEBUG for the logger 'com.samourai.whirlpool.client.utils'
12:10:00.800 [main] DEBUG com.samourai.wallet.util.LogbackUtils - Log level set to DEBUG for the logger 'com.samourai.whirlpool.client.wallet'
12:10:00.800 [main] DEBUG com.samourai.wallet.util.LogbackUtils - Log level set to DEBUG for the logger 'com.samourai.wallet.cahoots'
12:10:00.800 [main] DEBUG com.samourai.wallet.util.LogbackUtils - Log level set to DEBUG for the logger 'com.samourai.wallet.cahoots.stowaway'
12:10:00.800 [main] DEBUG com.samourai.wallet.util.LogbackUtils - Log level set to DEBUG for the logger 'com.samourai.wallet.cahoots.stonewallx2'
12:10:00.800 [main] DEBUG com.samourai.wallet.util.LogbackUtils - Log level set to DEBUG for the logger 'com.samourai.wallet.sorobanClient'
12:10:00.800 [main] DEBUG com.samourai.wallet.util.LogbackUtils - Log level set to DEBUG for the logger 'com.samourai.soroban.client'
12:10:00.800 [main] DEBUG com.samourai.wallet.util.LogbackUtils - Log level set to DEBUG for the logger 'com.samourai.soroban.client.rpc'
12:10:00.800 [main] DEBUG com.samourai.wallet.util.LogbackUtils - Log level set to DEBUG for the logger 'com.samourai.soroban.client.dialog'
12:10:00.800 [main] DEBUG com.samourai.wallet.util.LogbackUtils - Log level set to DEBUG for the logger 'com.samourai.soroban.client.meeting'
12:10:00.800 [main] DEBUG com.samourai.wallet.util.LogbackUtils - Log level set to DEBUG for the logger 'com.samourai.whirlpool.client.wallet.orchestrator'
12:10:00.800 [main] DEBUG com.samourai.wallet.util.LogbackUtils - Log level set to ERROR for the logger 'org.bitcoinj'
12:10:00.800 [main] DEBUG com.samourai.wallet.util.LogbackUtils - Log level set to WARN for the logger 'org.bitcoin'
12:10:00.800 [main] DEBUG com.samourai.wallet.util.LogbackUtils - Log level set to INFO for the logger 'org.eclipse.jetty'
12:10:00.873 [main] DEBUG com.samourai.wallet.bipWallet.WalletSupplierImpl - +BipWallet[DEPOSIT_BIP44]: BipWallet{id='DEPOSIT_BIP44', samouraiAccount=DEPOSIT, derivation=BipDerivation{purpose=44, accountIndex=0}, bipFormatDefault=LEGACY, bipFormats=[LEGACY], xPub='tpu...LZp', bipPub='tpu...LZp'}
12:10:00.873 [main] DEBUG com.samourai.wallet.bipWallet.WalletSupplierImpl - +BipWallet[DEPOSIT_BIP49]: BipWallet{id='DEPOSIT_BIP49', samouraiAccount=DEPOSIT, derivation=BipDerivation{purpose=49, accountIndex=0}, bipFormatDefault=SEGWIT_COMPAT, bipFormats=[SEGWIT_COMPAT], xPub='tpu...2dH', bipPub='upu...bSs'}
12:10:00.873 [main] DEBUG com.samourai.wallet.bipWallet.WalletSupplierImpl - +BipWallet[DEPOSIT_BIP84]: BipWallet{id='DEPOSIT_BIP84', samouraiAccount=DEPOSIT, derivation=BipDerivation{purpose=84, accountIndex=0}, bipFormatDefault=SEGWIT_NATIVE, bipFormats=[SEGWIT_NATIVE], xPub='tpu...MfN', bipPub='vpu...sew'}
12:10:00.873 [main] DEBUG com.samourai.wallet.bipWallet.WalletSupplierImpl - +BipWallet[PREMIX_BIP84]: BipWallet{id='PREMIX_BIP84', samouraiAccount=PREMIX, derivation=BipDerivation{purpose=84, accountIndex=2147483645}, bipFormatDefault=SEGWIT_NATIVE, bipFormats=[SEGWIT_NATIVE], xPub='tpu...y1p', bipPub='vpu...D4a'}
12:10:00.873 [main] DEBUG com.samourai.wallet.bipWallet.WalletSupplierImpl - +BipWallet[POSTMIX_BIP84]: BipWallet{id='POSTMIX_BIP84', samouraiAccount=POSTMIX, derivation=BipDerivation{purpose=84, accountIndex=2147483646}, bipFormatDefault=SEGWIT_NATIVE, bipFormats=[SEGWIT_NATIVE, SEGWIT_COMPAT, LEGACY], xPub='tpu...NLN', bipPub='vpu...RKR'}
12:10:00.873 [main] DEBUG com.samourai.wallet.bipWallet.WalletSupplierImpl - +BipWallet[BADBANK_BIP84]: BipWallet{id='BADBANK_BIP84', samouraiAccount=BADBANK, derivation=BipDerivation{purpose=84, accountIndex=2147483644}, bipFormatDefault=SEGWIT_NATIVE, bipFormats=[SEGWIT_NATIVE], xPub='tpu...86t', bipPub='vpu...XXs'}
12:10:00.968 [main] DEBUG com.samourai.wallet.bipWallet.WalletSupplierImpl - +BipWallet[DEPOSIT_BIP44]: BipWallet{id='DEPOSIT_BIP44', samouraiAccount=DEPOSIT, derivation=BipDerivation{purpose=44, accountIndex=0}, bipFormatDefault=LEGACY, bipFormats=[LEGACY], xPub='tpu...XeJ', bipPub='tpu...XeJ'}
12:10:00.968 [main] DEBUG com.samourai.wallet.bipWallet.WalletSupplierImpl - +BipWallet[DEPOSIT_BIP49]: BipWallet{id='DEPOSIT_BIP49', samouraiAccount=DEPOSIT, derivation=BipDerivation{purpose=49, accountIndex=0}, bipFormatDefault=SEGWIT_COMPAT, bipFormats=[SEGWIT_COMPAT], xPub='tpu...TBn', bipPub='upu...QVy'}
12:10:00.968 [main] DEBUG com.samourai.wallet.bipWallet.WalletSupplierImpl - +BipWallet[DEPOSIT_BIP84]: BipWallet{id='DEPOSIT_BIP84', samouraiAccount=DEPOSIT, derivation=BipDerivation{purpose=84, accountIndex=0}, bipFormatDefault=SEGWIT_NATIVE, bipFormats=[SEGWIT_NATIVE], xPub='tpu...Nbr', bipPub='vpu...R4q'}
12:10:00.968 [main] DEBUG com.samourai.wallet.bipWallet.WalletSupplierImpl - +BipWallet[PREMIX_BIP84]: BipWallet{id='PREMIX_BIP84', samouraiAccount=PREMIX, derivation=BipDerivation{purpose=84, accountIndex=2147483645}, bipFormatDefault=SEGWIT_NATIVE, bipFormats=[SEGWIT_NATIVE], xPub='tpu...ZBX', bipPub='vpu...XxM'}
12:10:00.968 [main] DEBUG com.samourai.wallet.bipWallet.WalletSupplierImpl - +BipWallet[POSTMIX_BIP84]: BipWallet{id='POSTMIX_BIP84', samouraiAccount=POSTMIX, derivation=BipDerivation{purpose=84, accountIndex=2147483646}, bipFormatDefault=SEGWIT_NATIVE, bipFormats=[SEGWIT_NATIVE, SEGWIT_COMPAT, LEGACY], xPub='tpu...do5', bipPub='vpu...2eX'}
12:10:00.968 [main] DEBUG com.samourai.wallet.bipWallet.WalletSupplierImpl - +BipWallet[BADBANK_BIP84]: BipWallet{id='BADBANK_BIP84', samouraiAccount=BADBANK, derivation=BipDerivation{purpose=84, accountIndex=2147483644}, bipFormatDefault=SEGWIT_NATIVE, bipFormats=[SEGWIT_NATIVE], xPub='tpu...QxP', bipPub='vpu...M4F'}
12:10:00.996 [main] DEBUG com.samourai.http.client.JettyHttpClient - +httpClient: no proxy
12:10:01.148 [main] DEBUG com.samourai.wallet.bipWallet.WalletSupplierImpl - +BipWallet[DEPOSIT_BIP44]: BipWallet{id='DEPOSIT_BIP44', samouraiAccount=DEPOSIT, derivation=BipDerivation{purpose=44, accountIndex=0}, bipFormatDefault=LEGACY, bipFormats=[LEGACY], xPub='tpu...LwY', bipPub='tpu...LwY'}
12:10:01.148 [main] DEBUG com.samourai.wallet.bipWallet.WalletSupplierImpl - +BipWallet[DEPOSIT_BIP49]: BipWallet{id='DEPOSIT_BIP49', samouraiAccount=DEPOSIT, derivation=BipDerivation{purpose=49, accountIndex=0}, bipFormatDefault=SEGWIT_COMPAT, bipFormats=[SEGWIT_COMPAT], xPub='tpu...eV2', bipPub='upu...38D'}
12:10:01.148 [main] DEBUG com.samourai.wallet.bipWallet.WalletSupplierImpl - +BipWallet[DEPOSIT_BIP84]: BipWallet{id='DEPOSIT_BIP84', samouraiAccount=DEPOSIT, derivation=BipDerivation{purpose=84, accountIndex=0}, bipFormatDefault=SEGWIT_NATIVE, bipFormats=[SEGWIT_NATIVE], xPub='tpu...re9', bipPub='vpu...dCu'}
12:10:01.148 [main] DEBUG com.samourai.wallet.bipWallet.WalletSupplierImpl - +BipWallet[PREMIX_BIP84]: BipWallet{id='PREMIX_BIP84', samouraiAccount=PREMIX, derivation=BipDerivation{purpose=84, accountIndex=2147483645}, bipFormatDefault=SEGWIT_NATIVE, bipFormats=[SEGWIT_NATIVE], xPub='tpu...hvr', bipPub='vpu...4mL'}
12:10:01.148 [main] DEBUG com.samourai.wallet.bipWallet.WalletSupplierImpl - +BipWallet[POSTMIX_BIP84]: BipWallet{id='POSTMIX_BIP84', samouraiAccount=POSTMIX, derivation=BipDerivation{purpose=84, accountIndex=2147483646}, bipFormatDefault=SEGWIT_NATIVE, bipFormats=[SEGWIT_NATIVE, SEGWIT_COMPAT, LEGACY], xPub='tpu...sQD', bipPub='vpu...nrW'}
12:10:01.148 [main] DEBUG com.samourai.wallet.bipWallet.WalletSupplierImpl - +BipWallet[ASB_BIP84]: BipWallet{id='ASB_BIP84', samouraiAccount=SWAPS_ASB, derivation=BipDerivation{purpose=84, accountIndex=2147483641}, bipFormatDefault=SEGWIT_NATIVE, bipFormats=[SEGWIT_NATIVE], xPub='tpu...p4i', bipPub='vpu...sEH'}
12:10:01.148 [main] DEBUG com.samourai.wallet.bipWallet.WalletSupplierImpl - +BipWallet[SWAPS_DEPOSIT]: BipWallet{id='SWAPS_DEPOSIT', samouraiAccount=SWAPS_DEPOSIT, derivation=BipDerivation{purpose=84, accountIndex=2147483643}, bipFormatDefault=SEGWIT_NATIVE, bipFormats=[SEGWIT_NATIVE], xPub='tpu...3s7', bipPub='vpu...HpJ'}
12:10:01.148 [main] DEBUG com.samourai.wallet.bipWallet.WalletSupplierImpl - +BipWallet[SWAPS_REFUNDS]: BipWallet{id='SWAPS_REFUNDS', samouraiAccount=SWAPS_REFUNDS, derivation=BipDerivation{purpose=84, accountIndex=2147483642}, bipFormatDefault=SEGWIT_NATIVE, bipFormats=[SEGWIT_NATIVE], xPub='tpu...rMX', bipPub='vpu...Sr9'}
12:10:01.148 [main] DEBUG com.samourai.wallet.bipWallet.WalletSupplierImpl - +BipWallet[BADBANK_BIP84]: BipWallet{id='BADBANK_BIP84', samouraiAccount=BADBANK, derivation=BipDerivation{purpose=84, accountIndex=2147483644}, bipFormatDefault=SEGWIT_NATIVE, bipFormats=[SEGWIT_NATIVE], xPub='tpu...hmu', bipPub='vpu...tNY'}
12:10:01.148 [main] DEBUG com.samourai.wallet.bipWallet.WalletSupplierImpl - +BipWallet[RICOCHET_BIP84]: BipWallet{id='RICOCHET_BIP84', samouraiAccount=RICOCHET, derivation=BipDerivation{purpose=84, accountIndex=2147483647}, bipFormatDefault=SEGWIT_NATIVE, bipFormats=[SEGWIT_NATIVE], xPub='tpu...UMc', bipPub='vpu...knj'}
12:10:01.148 [main] DEBUG com.samourai.wallet.api.backend.BackendApi - urlBackend=https://api.samouraiwallet.com/test/v2, oAuth=no
12:10:01.148 [main] DEBUG com.samourai.wallet.util.LogbackUtils - Log level set to DEBUG for the logger 'com.samourai'
12:10:01.148 [main] DEBUG com.samourai.wallet.util.LogbackUtils - Log level set to DEBUG for the logger 'com.samourai.whirlpool.client'
12:10:01.148 [main] DEBUG com.samourai.wallet.util.LogbackUtils - Log level set to DEBUG for the logger 'com.samourai.whirlpool.client.mix.dialog'
12:10:01.148 [main] DEBUG com.samourai.wallet.util.LogbackUtils - Log level set to DEBUG for the logger 'com.samourai.stomp.client'
12:10:01.148 [main] DEBUG com.samourai.wallet.util.LogbackUtils - Log level set to DEBUG for the logger 'com.samourai.wallet.util.FeeUtil'
12:10:01.148 [main] DEBUG com.samourai.wallet.util.LogbackUtils - Log level set to DEBUG for the logger 'com.samourai.whirlpool.client.utils'
12:10:01.148 [main] DEBUG com.samourai.wallet.util.LogbackUtils - Log level set to DEBUG for the logger 'com.samourai.whirlpool.client.wallet'
12:10:01.148 [main] DEBUG com.samourai.wallet.util.LogbackUtils - Log level set to DEBUG for the logger 'com.samourai.wallet.cahoots'
12:10:01.148 [main] DEBUG com.samourai.wallet.util.LogbackUtils - Log level set to DEBUG for the logger 'com.samourai.wallet.cahoots.stowaway'
12:10:01.148 [main] DEBUG com.samourai.wallet.util.LogbackUtils - Log level set to DEBUG for the logger 'com.samourai.wallet.cahoots.stonewallx2'
12:10:01.148 [main] DEBUG com.samourai.wallet.util.LogbackUtils - Log level set to DEBUG for the logger 'com.samourai.wallet.sorobanClient'
12:10:01.148 [main] DEBUG com.samourai.wallet.util.LogbackUtils - Log level set to DEBUG for the logger 'com.samourai.soroban.client'
12:10:01.148 [main] DEBUG com.samourai.wallet.util.LogbackUtils - Log level set to DEBUG for the logger 'com.samourai.soroban.client.rpc'
12:10:01.148 [main] DEBUG com.samourai.wallet.util.LogbackUtils - Log level set to DEBUG for the logger 'com.samourai.soroban.client.dialog'
12:10:01.148 [main] DEBUG com.samourai.wallet.util.LogbackUtils - Log level set to DEBUG for the logger 'com.samourai.soroban.client.meeting'
12:10:01.148 [main] DEBUG com.samourai.wallet.util.LogbackUtils - Log level set to DEBUG for the logger 'com.samourai.whirlpool.client.wallet.orchestrator'
12:10:01.148 [main] DEBUG com.samourai.wallet.util.LogbackUtils - Log level set to ERROR for the logger 'org.bitcoinj'
12:10:01.148 [main] DEBUG com.samourai.wallet.util.LogbackUtils - Log level set to WARN for the logger 'org.bitcoin'
12:10:01.148 [main] DEBUG com.samourai.wallet.util.LogbackUtils - Log level set to INFO for the logger 'org.eclipse.jetty'
12:10:01.221 [main] DEBUG com.samourai.wallet.bipWallet.WalletSupplierImpl - +BipWallet[DEPOSIT_BIP44]: BipWallet{id='DEPOSIT_BIP44', samouraiAccount=DEPOSIT, derivation=BipDerivation{purpose=44, accountIndex=0}, bipFormatDefault=LEGACY, bipFormats=[LEGACY], xPub='tpu...LZp', bipPub='tpu...LZp'}
12:10:01.221 [main] DEBUG com.samourai.wallet.bipWallet.WalletSupplierImpl - +BipWallet[DEPOSIT_BIP49]: BipWallet{id='DEPOSIT_BIP49', samouraiAccount=DEPOSIT, derivation=BipDerivation{purpose=49, accountIndex=0}, bipFormatDefault=SEGWIT_COMPAT, bipFormats=[SEGWIT_COMPAT], xPub='tpu...2dH', bipPub='upu...bSs'}
12:10:01.221 [main] DEBUG com.samourai.wallet.bipWallet.WalletSupplierImpl - +BipWallet[DEPOSIT_BIP84]: BipWallet{id='DEPOSIT_BIP84', samouraiAccount=DEPOSIT, derivation=BipDerivation{purpose=84, accountIndex=0}, bipFormatDefault=SEGWIT_NATIVE, bipFormats=[SEGWIT_NATIVE], xPub='tpu...MfN', bipPub='vpu...sew'}
12:10:01.221 [main] DEBUG com.samourai.wallet.bipWallet.WalletSupplierImpl - +BipWallet[PREMIX_BIP84]: BipWallet{id='PREMIX_BIP84', samouraiAccount=PREMIX, derivation=BipDerivation{purpose=84, accountIndex=2147483645}, bipFormatDefault=SEGWIT_NATIVE, bipFormats=[SEGWIT_NATIVE], xPub='tpu...y1p', bipPub='vpu...D4a'}
12:10:01.221 [main] DEBUG com.samourai.wallet.bipWallet.WalletSupplierImpl - +BipWallet[POSTMIX_BIP84]: BipWallet{id='POSTMIX_BIP84', samouraiAccount=POSTMIX, derivation=BipDerivation{purpose=84, accountIndex=2147483646}, bipFormatDefault=SEGWIT_NATIVE, bipFormats=[SEGWIT_NATIVE, SEGWIT_COMPAT, LEGACY], xPub='tpu...NLN', bipPub='vpu...RKR'}
12:10:01.221 [main] DEBUG com.samourai.wallet.bipWallet.WalletSupplierImpl - +BipWallet[BADBANK_BIP84]: BipWallet{id='BADBANK_BIP84', samouraiAccount=BADBANK, derivation=BipDerivation{purpose=84, accountIndex=2147483644}, bipFormatDefault=SEGWIT_NATIVE, bipFormats=[SEGWIT_NATIVE], xPub='tpu...86t', bipPub='vpu...XXs'}
12:10:01.320 [main] DEBUG com.samourai.wallet.bipWallet.WalletSupplierImpl - +BipWallet[DEPOSIT_BIP44]: BipWallet{id='DEPOSIT_BIP44', samouraiAccount=DEPOSIT, derivation=BipDerivation{purpose=44, accountIndex=0}, bipFormatDefault=LEGACY, bipFormats=[LEGACY], xPub='tpu...XeJ', bipPub='tpu...XeJ'}
12:10:01.320 [main] DEBUG com.samourai.wallet.bipWallet.WalletSupplierImpl - +BipWallet[DEPOSIT_BIP49]: BipWallet{id='DEPOSIT_BIP49', samouraiAccount=DEPOSIT, derivation=BipDerivation{purpose=49, accountIndex=0}, bipFormatDefault=SEGWIT_COMPAT, bipFormats=[SEGWIT_COMPAT], xPub='tpu...TBn', bipPub='upu...QVy'}
12:10:01.320 [main] DEBUG com.samourai.wallet.bipWallet.WalletSupplierImpl - +BipWallet[DEPOSIT_BIP84]: BipWallet{id='DEPOSIT_BIP84', samouraiAccount=DEPOSIT, derivation=BipDerivation{purpose=84, accountIndex=0}, bipFormatDefault=SEGWIT_NATIVE, bipFormats=[SEGWIT_NATIVE], xPub='tpu...Nbr', bipPub='vpu...R4q'}
12:10:01.320 [main] DEBUG com.samourai.wallet.bipWallet.WalletSupplierImpl - +BipWallet[PREMIX_BIP84]: BipWallet{id='PREMIX_BIP84', samouraiAccount=PREMIX, derivation=BipDerivation{purpose=84, accountIndex=2147483645}, bipFormatDefault=SEGWIT_NATIVE, bipFormats=[SEGWIT_NATIVE], xPub='tpu...ZBX', bipPub='vpu...XxM'}
12:10:01.320 [main] DEBUG com.samourai.wallet.bipWallet.WalletSupplierImpl - +BipWallet[POSTMIX_BIP84]: BipWallet{id='POSTMIX_BIP84', samouraiAccount=POSTMIX, derivation=BipDerivation{purpose=84, accountIndex=2147483646}, bipFormatDefault=SEGWIT_NATIVE, bipFormats=[SEGWIT_NATIVE, SEGWIT_COMPAT, LEGACY], xPub='tpu...do5', bipPub='vpu...2eX'}
12:10:01.320 [main] DEBUG com.samourai.wallet.bipWallet.WalletSupplierImpl - +BipWallet[BADBANK_BIP84]: BipWallet{id='BADBANK_BIP84', samouraiAccount=BADBANK, derivation=BipDerivation{purpose=84, accountIndex=2147483644}, bipFormatDefault=SEGWIT_NATIVE, bipFormats=[SEGWIT_NATIVE], xPub='tpu...QxP', bipPub='vpu...M4F'}
12:10:01.347 [main] DEBUG com.samourai.wallet.cahoots.stonewallx2.Stonewallx2Service - # STONEWALLx2 INITIATOR => step=0
12:10:01.347 [main] DEBUG com.samourai.wallet.cahoots.AbstractCahootsTest - #0 SENDER => {"cahoots":{"psbt":"","destPaynym":"","cpty_account":0,"spend_amount":5000,"outpoints":[],"type":0,"params":"testnet","dest":"muimRQFJKMJM1pTminJxiD5HrPgSu257tX","version":2,"fee_amount":0,"fingerprint":"eed8a1cd","step":0,"collabChange":"","id":"8ede66db58eafee78d69c6a6d35ab0053be6ae11263a19ef9e312f549e1a9182","account":2147483646,"ts":1711645801}}
12:10:01.348 [main] DEBUG com.samourai.wallet.cahoots.stonewallx2.Stonewallx2Service - BIP FORMAT:: LEGACY
12:10:01.348 [main] DEBUG com.samourai.wallet.cahoots.stonewallx2.Stonewallx2Service - +output (CounterParty Mix) = mtbUDVtjHPB1a5kNZkDKixXr5j6MWVjpdi
12:10:01.348 [main] DEBUG com.samourai.wallet.cahoots.AbstractCahoots2xService - ###### BEGIN doSTONEWALLx2_1 STONEWALLX2/COUNTERPARTY
12:10:01.348 [main] DEBUG com.samourai.wallet.cahoots.AbstractCahoots2xService -  * outpoints={}
12:10:01.348 [main] DEBUG com.samourai.wallet.cahoots.AbstractCahoots2xService -  * tx=null
12:10:01.348 [main] DEBUG com.samourai.wallet.cahoots.stonewallx2.Stonewallx2Service - BIP84 utxos:1
12:10:01.348 [main] DEBUG com.samourai.wallet.cahoots.stonewallx2.Stonewallx2Service - BIP84 selected utxo: CahootsUtxo{utxo=9407b31fd0159dc4dd3f5377e3b18e4b4aafef2977a52e76b95c3f899cbb05ad:1, value=10000, address=tb1qh287jqsh6mkpqmd8euumyfam00fkr78qhrdnde, path=null, xpub=tpubDCKFqGcLPzJFzmYqN8nNhHF9sn4Vp8fMTikUCh616sLwGgdeC1a5iF1Csg8ygwUP6hRT2W9h9M8zeHP1XHhgJ9ZSLgUAtL9BdcaRAkhhdo5}
12:10:01.348 [main] DEBUG com.samourai.wallet.cahoots.stonewallx2.Stonewallx2Service - 1 selected utxos, totalContributedAmount=10000, requiredAmount=5546
12:10:01.348 [main] DEBUG com.samourai.wallet.cahoots.stonewallx2.Stonewallx2Service - +output (CounterParty change) = tb1qdf8n6pna45g8046pffzzmhz42ncdmsk48wn7zx
12:10:01.348 [main] DEBUG com.samourai.wallet.cahoots.AbstractCahoots2xService - ###### END doSTONEWALLx2_1 STONEWALLX2/COUNTERPARTY
12:10:01.348 [main] DEBUG com.samourai.wallet.cahoots.AbstractCahoots2xService -  * outpoints={9407b31fd0159dc4dd3f5377e3b18e4b4aafef2977a52e76b95c3f899cbb05ad-1=10000}
12:10:01.348 [main] DEBUG com.samourai.wallet.cahoots.AbstractCahoots2xService -  * tx=  acd1ab2a17bfc02c7064d80505a68dfd0b519df7b79ea810213cf94a519540de
  version 2
  time locked until block 1234
  opts into full replace-by-fee
     in    0.0001 BTC
          outpoint:9407b31fd0159dc4dd3f5377e3b18e4b4aafef2977a52e76b95c3f899cbb05ad:1
          sequence:fffffffd, opts into full RBF
     out  DUP HASH160 PUSHDATA(20)[8f7446b625c8f1365c42f5e0b17b33f1a2b27ae4] EQUALVERIFY CHECKSIG 0.00005 BTC
     out  0[] PUSHDATA(20)[6a4f3d067dad1077d7414a442ddc5554f0ddc2d5] 0.00005 BTC
     fee  0.00 BTC/kB, 0.00 BTC for 116 bytes
     prps UNKNOWN

12:10:01.348 [main] DEBUG com.samourai.wallet.cahoots.stonewallx2.Stonewallx2Service - # STONEWALLx2 COUNTERPARTY => step=1
12:10:01.349 [main] DEBUG com.samourai.wallet.cahoots.AbstractCahootsTest - #1 COUNTERPARTY => {"cahoots":{"fingerprint_collab":"f0d70870","psbt":"abZy8000000rlR<:QFtb3<f.Zl0nv>L4Bq[.AcvCFdaX[9$EI}i(GAuoYNs&7MGY.tZF8u*QRZM33hCQiVrNtc&6ZMSDM?idZ*L?rpU:7[1)81KJ+*skK=82v:616<pH7Ls+*&+*O5f7e9A0dKaPD5%2F7dmXEe5CTTu$MXj-%:uscExU3TPn^K[N0sTOI4F*5800","destPaynym":"","cpty_account":2147483646,"spend_amount":5000,"outpoints":[{"value":10000,"outpoint":"9407b31fd0159dc4dd3f5377e3b18e4b4aafef2977a52e76b95c3f899cbb05ad-1"}],"type":0,"params":"testnet","dest":"muimRQFJKMJM1pTminJxiD5HrPgSu257tX","version":2,"fee_amount":0,"fingerprint":"eed8a1cd","step":1,"collabChange":"tb1qdf8n6pna45g8046pffzzmhz42ncdmsk48wn7zx","id":"8ede66db58eafee78d69c6a6d35ab0053be6ae11263a19ef9e312f549e1a9182","account":2147483646,"ts":1711645801}}
12:10:01.350 [main] DEBUG com.samourai.wallet.cahoots.stonewallx2.Stonewallx2Service - # STONEWALLx2 SENDER <= step=1
12:10:01.350 [main] DEBUG com.samourai.wallet.cahoots.AbstractCahoots2xService - ###### BEGIN doSTONEWALLx2_2 STONEWALLX2/SENDER
12:10:01.350 [main] DEBUG com.samourai.wallet.cahoots.AbstractCahoots2xService -  * outpoints={9407b31fd0159dc4dd3f5377e3b18e4b4aafef2977a52e76b95c3f899cbb05ad-1=10000}
12:10:01.350 [main] DEBUG com.samourai.wallet.cahoots.AbstractCahoots2xService -  * tx=  acd1ab2a17bfc02c7064d80505a68dfd0b519df7b79ea810213cf94a519540de
  version 2
  time locked until block 1234
  opts into full replace-by-fee
     in   
          outpoint:9407b31fd0159dc4dd3f5377e3b18e4b4aafef2977a52e76b95c3f899cbb05ad:1
          sequence:fffffffd, opts into full RBF
     out  DUP HASH160 PUSHDATA(20)[8f7446b625c8f1365c42f5e0b17b33f1a2b27ae4] EQUALVERIFY CHECKSIG 0.00005 BTC
     out  0[] PUSHDATA(20)[6a4f3d067dad1077d7414a442ddc5554f0ddc2d5] 0.00005 BTC
     prps UNKNOWN

12:10:01.350 [main] DEBUG com.samourai.wallet.cahoots.stonewallx2.Stonewallx2Service - step2 tx:0200000001ad05bb9c893f5cb9762ea57729efaf4a4b8eb1e377533fddc49d15d01fb307940100000000fdffffff0288130000000000001976a9148f7446b625c8f1365c42f5e0b17b33f1a2b27ae488ac88130000000000001600146a4f3d067dad1077d7414a442ddc5554f0ddc2d5d2040000
12:10:01.350 [main] DEBUG com.samourai.wallet.cahoots.stonewallx2.Stonewallx2Service - step2 tx:  acd1ab2a17bfc02c7064d80505a68dfd0b519df7b79ea810213cf94a519540de
  version 2
  time locked until block 1234
  opts into full replace-by-fee
     in   
          outpoint:9407b31fd0159dc4dd3f5377e3b18e4b4aafef2977a52e76b95c3f899cbb05ad:1
          sequence:fffffffd, opts into full RBF
     out  DUP HASH160 PUSHDATA(20)[8f7446b625c8f1365c42f5e0b17b33f1a2b27ae4] EQUALVERIFY CHECKSIG 0.00005 BTC
     out  0[] PUSHDATA(20)[6a4f3d067dad1077d7414a442ddc5554f0ddc2d5] 0.00005 BTC
     prps UNKNOWN

12:10:01.350 [main] DEBUG com.samourai.wallet.cahoots.stonewallx2.Stonewallx2Service - BIP84 utxos:1
12:10:01.350 [main] DEBUG com.samourai.wallet.cahoots.stonewallx2.Stonewallx2Service - BIP84 selected utxo: CahootsUtxo{utxo=14cf9c6be92efcfe628aabd32b02c85e763615ddd430861bc18f6d366e4c4fd5:1, value=10000, address=tb1qkymumss6zj0rxy9l3v5vqxqwwffy8jjsyhrkrg, path=null, xpub=tpubDDLBK9gT5ipbV8vUZ5mv1ffgKEVrHfEjkp6o5aCK9TWorx2P466pJJMJRVdgmjC8pSgzFxGeVyG9ycivDEKeHbnkADkVFDnvsHnyufUfNLN}
12:10:01.350 [main] DEBUG com.samourai.wallet.cahoots.stonewallx2.Stonewallx2Service - fee:284
12:10:01.350 [main] DEBUG com.samourai.wallet.cahoots.stonewallx2.Stonewallx2Service - 1 selected utxos, totalContributedAmount=10000, requiredAmount=5830
12:10:01.350 [main] DEBUG com.samourai.wallet.cahoots.stonewallx2.Stonewallx2Service - fee pair:284
12:10:01.350 [main] DEBUG com.samourai.wallet.cahoots.stonewallx2.Stonewallx2Service - destination:muimRQFJKMJM1pTminJxiD5HrPgSu257tX
12:10:01.350 [main] DEBUG com.samourai.wallet.cahoots.stonewallx2.Stonewallx2Service - output value post fee:4858
12:10:01.351 [main] DEBUG com.samourai.wallet.cahoots.stonewallx2.Stonewallx2Service - +output (Spender change) = tb1qeyh98ez2uhva8y4weuww02vqkpemq8xkrsr4mh
12:10:01.351 [main] DEBUG com.samourai.wallet.cahoots.AbstractCahoots2xService - ###### END doSTONEWALLx2_2 STONEWALLX2/SENDER
12:10:01.351 [main] DEBUG com.samourai.wallet.cahoots.AbstractCahoots2xService -  * outpoints={14cf9c6be92efcfe628aabd32b02c85e763615ddd430861bc18f6d366e4c4fd5-1=10000, 9407b31fd0159dc4dd3f5377e3b18e4b4aafef2977a52e76b95c3f899cbb05ad-1=10000}
12:10:01.351 [main] DEBUG com.samourai.wallet.cahoots.AbstractCahoots2xService -  * tx=  5ebb7256f8348c46768843f75c691b28d411e9121679e2827943b3d852d41e8c
  version 2
  time locked until block 1234
  opts into full replace-by-fee
     in   
          outpoint:9407b31fd0159dc4dd3f5377e3b18e4b4aafef2977a52e76b95c3f899cbb05ad:1
          sequence:fffffffd, opts into full RBF
     in    0.0001 BTC
          outpoint:14cf9c6be92efcfe628aabd32b02c85e763615ddd430861bc18f6d366e4c4fd5:1
          sequence:fffffffd, opts into full RBF
     out  DUP HASH160 PUSHDATA(20)[8f7446b625c8f1365c42f5e0b17b33f1a2b27ae4] EQUALVERIFY CHECKSIG 0.00005 BTC
     out  0[] PUSHDATA(20)[6a4f3d067dad1077d7414a442ddc5554f0ddc2d5] 0.00004858 BTC
     out  DUP HASH160 PUSHDATA(20)[9bcdad097fa4695a3bdab991e3212da04002ce40] EQUALVERIFY CHECKSIG 0.00005 BTC
     out  0[] PUSHDATA(20)[c92e53e44ae5d9d392aecf1ce7a980b073b01cd6] 0.00004858 BTC
     prps UNKNOWN

12:10:01.351 [main] DEBUG com.samourai.wallet.cahoots.stonewallx2.Stonewallx2Service - # STONEWALLx2 SENDER => step=2
12:10:01.352 [main] DEBUG com.samourai.wallet.cahoots.AbstractCahootsTest - #2 SENDER => {"cahoots":{"fingerprint_collab":"f0d70870","psbt":"abZy8000000rmh7tw+-v2T=8tO3i>rU(u1aCLTaX*9o5eK1G9Ci2/A{0S}#].8EO/s@3=mUIGQBNPaG*/<4aFgLJ:m+dMLiQeq>GI[}+AE=1#gku.TW*os.LY[*/&P@1xw+$WvxaGBO9LsvSXx^ShyXqO9YF$dD4%a8?o2fH6+U}<:O7tnr!TQV4>Y%%Ce<t*2dCn6j@HRk73VFn<A/:d3kG0hPeTe=2@.23%]uKrE{q:QnRszh.$r(wj3KubX:-=?N+ph>?PC%(XWQD6:=)qQ944+e9}0P7nZKj/pwSMD8@=h^[B","destPaynym":"","cpty_account":2147483646,"spend_amount":5000,"outpoints":[{"value":10000,"outpoint":"14cf9c6be92efcfe628aabd32b02c85e763615ddd430861bc18f6d366e4c4fd5-1"},{"value":10000,"outpoint":"9407b31fd0159dc4dd3f5377e3b18e4b4aafef2977a52e76b95c3f899cbb05ad-1"}],"type":0,"params":"testnet","dest":"muimRQFJKMJM1pTminJxiD5HrPgSu257tX","version":2,"fee_amount":284,"fingerprint":"eed8a1cd","step":2,"collabChange":"tb1qdf8n6pna45g8046pffzzmhz42ncdmsk48wn7zx","id":"8ede66db58eafee78d69c6a6d35ab0053be6ae11263a19ef9e312f549e1a9182","account":2147483646,"ts":1711645801}}
12:10:01.352 [main] DEBUG com.samourai.wallet.cahoots.stonewallx2.Stonewallx2Service - # STONEWALLx2 COUNTERPARTY <= step=2
12:10:01.352 [main] DEBUG com.samourai.wallet.cahoots.AbstractCahoots2xService - ###### BEGIN doStep3 STONEWALLX2/COUNTERPARTY
12:10:01.352 [main] DEBUG com.samourai.wallet.cahoots.AbstractCahoots2xService -  * outpoints={14cf9c6be92efcfe628aabd32b02c85e763615ddd430861bc18f6d366e4c4fd5-1=10000, 9407b31fd0159dc4dd3f5377e3b18e4b4aafef2977a52e76b95c3f899cbb05ad-1=10000}
12:10:01.352 [main] DEBUG com.samourai.wallet.cahoots.AbstractCahoots2xService -  * tx=  5ebb7256f8348c46768843f75c691b28d411e9121679e2827943b3d852d41e8c
  version 2
  time locked until block 1234
  opts into full replace-by-fee
     in   
          outpoint:9407b31fd0159dc4dd3f5377e3b18e4b4aafef2977a52e76b95c3f899cbb05ad:1
          sequence:fffffffd, opts into full RBF
     in   
          outpoint:14cf9c6be92efcfe628aabd32b02c85e763615ddd430861bc18f6d366e4c4fd5:1
          sequence:fffffffd, opts into full RBF
     out  DUP HASH160 PUSHDATA(20)[8f7446b625c8f1365c42f5e0b17b33f1a2b27ae4] EQUALVERIFY CHECKSIG 0.00005 BTC
     out  0[] PUSHDATA(20)[6a4f3d067dad1077d7414a442ddc5554f0ddc2d5] 0.00004858 BTC
     out  DUP HASH160 PUSHDATA(20)[9bcdad097fa4695a3bdab991e3212da04002ce40] EQUALVERIFY CHECKSIG 0.00005 BTC
     out  0[] PUSHDATA(20)[c92e53e44ae5d9d392aecf1ce7a980b073b01cd6] 0.00004858 BTC
     prps UNKNOWN

12:10:01.353 [main] DEBUG com.samourai.wallet.cahoots.Cahoots2x - signTx:  def48514c5ece8798c57baf9affb592e161f5610edec9ac550f56ba1fb7b4672
  version 2
  time locked until block 1234
  opts into full replace-by-fee
     in   
          outpoint:14cf9c6be92efcfe628aabd32b02c85e763615ddd430861bc18f6d366e4c4fd5:1
          sequence:fffffffd, opts into full RBF
     in   
          outpoint:9407b31fd0159dc4dd3f5377e3b18e4b4aafef2977a52e76b95c3f899cbb05ad:1
          sequence:fffffffd, opts into full RBF
     out  0[] PUSHDATA(20)[6a4f3d067dad1077d7414a442ddc5554f0ddc2d5] 0.00004858 BTC
     out  0[] PUSHDATA(20)[c92e53e44ae5d9d392aecf1ce7a980b073b01cd6] 0.00004858 BTC
     out  DUP HASH160 PUSHDATA(20)[8f7446b625c8f1365c42f5e0b17b33f1a2b27ae4] EQUALVERIFY CHECKSIG 0.00005 BTC
     out  DUP HASH160 PUSHDATA(20)[9bcdad097fa4695a3bdab991e3212da04002ce40] EQUALVERIFY CHECKSIG 0.00005 BTC
     prps UNKNOWN

12:10:01.353 [main] DEBUG com.samourai.wallet.cahoots.Cahoots2x - signTx outpoint:9407b31fd0159dc4dd3f5377e3b18e4b4aafef2977a52e76b95c3f899cbb05ad:1
12:10:01.353 [main] DEBUG com.samourai.wallet.cahoots.Cahoots2x - signTx bech32:tb1qyvqh86akdkhnh8fh7j0q7n8j78k0wruz5et8tj
12:10:01.353 [main] DEBUG com.samourai.wallet.cahoots.Cahoots2x - signTx value:10000
12:10:01.353 [main] DEBUG com.samourai.wallet.cahoots.AbstractCahootsService - [STONEWALLX2/COUNTERPARTY] computeSpendAmount: keyBag=[9407b31fd0159dc4dd3f5377e3b18e4b4aafef2977a52e76b95c3f899cbb05ad:1]
12:10:01.353 [main] DEBUG com.samourai.wallet.cahoots.AbstractCahootsService - [STONEWALLX2/COUNTERPARTY] computeSpendAmount: +input 10000 9407b31fd0159dc4dd3f5377e3b18e4b4aafef2977a52e76b95c3f899cbb05ad:1
12:10:01.353 [main] DEBUG com.samourai.wallet.cahoots.AbstractCahootsService - [STONEWALLX2/COUNTERPARTY] computeSpendAmount: -output 4858 tb1qdf8n6pna45g8046pffzzmhz42ncdmsk48wn7zx
12:10:01.353 [main] DEBUG com.samourai.wallet.cahoots.AbstractCahootsService - [STONEWALLX2/COUNTERPARTY] computeSpendAmount: -output 5000 mtbUDVtjHPB1a5kNZkDKixXr5j6MWVjpdi
12:10:01.353 [main] DEBUG com.samourai.wallet.cahoots.AbstractCahootsService - [STONEWALLX2/COUNTERPARTY] computeSpendAmount = 142
12:10:01.353 [main] DEBUG com.samourai.wallet.cahoots.stonewallx2.Stonewallx2Service - [STONEWALLX2/COUNTERPARTY] maxSpendAmount = 142: sharedMinerFee=142
12:10:01.353 [main] DEBUG com.samourai.wallet.cahoots.AbstractCahoots2xService - [STONEWALLX2/COUNTERPARTY] COUNTERPARTY verifiedSpendAmount=142, maxSpendAmount=142
12:10:01.353 [main] DEBUG com.samourai.wallet.cahoots.AbstractCahoots2xService - ###### END doStep3 STONEWALLX2/COUNTERPARTY
12:10:01.353 [main] DEBUG com.samourai.wallet.cahoots.AbstractCahoots2xService -  * outpoints={14cf9c6be92efcfe628aabd32b02c85e763615ddd430861bc18f6d366e4c4fd5-1=10000, 9407b31fd0159dc4dd3f5377e3b18e4b4aafef2977a52e76b95c3f899cbb05ad-1=10000}
12:10:01.353 [main] DEBUG com.samourai.wallet.cahoots.AbstractCahoots2xService -  * tx=  def48514c5ece8798c57baf9affb592e161f5610edec9ac550f56ba1fb7b4672
  version 2
  time locked until block 1234
  opts into full replace-by-fee
     in   
          outpoint:14cf9c6be92efcfe628aabd32b02c85e763615ddd430861bc18f6d366e4c4fd5:1
          sequence:fffffffd, opts into full RBF
     in   
          outpoint:9407b31fd0159dc4dd3f5377e3b18e4b4aafef2977a52e76b95c3f899cbb05ad:1
          sequence:fffffffd, opts into full RBF
     out  0[] PUSHDATA(20)[6a4f3d067dad1077d7414a442ddc5554f0ddc2d5] 0.00004858 BTC
     out  0[] PUSHDATA(20)[c92e53e44ae5d9d392aecf1ce7a980b073b01cd6] 0.00004858 BTC
     out  DUP HASH160 PUSHDATA(20)[8f7446b625c8f1365c42f5e0b17b33f1a2b27ae4] EQUALVERIFY CHECKSIG 0.00005 BTC
     out  DUP HASH160 PUSHDATA(20)[9bcdad097fa4695a3bdab991e3212da04002ce40] EQUALVERIFY CHECKSIG 0.00005 BTC
     prps UNKNOWN

12:10:01.353 [main] DEBUG com.samourai.wallet.cahoots.stonewallx2.Stonewallx2Service - # STONEWALLx2 COUNTERPARTY => step=3
12:10:01.353 [main] DEBUG com.samourai.wallet.cahoots.AbstractCahootsTest - #3 COUNTERPARTY => {"cahoots":{"fingerprint_collab":"f0d70870","psbt":"abZy8000000rmgt2)}In2(x!Bix>F[@qNC}WV<W6G>k@Y^iGREdh{KF0HS36kF()yZj?tnaf1$8iW.9zg<p2+hi?kV5vi?RHt]&{E9TW-y7t:aZIn7zrY0wn(VBbBBw)Mgx6sexi5{xI]t<QYRN$G8r(psJf-Iw5[wLde]%.E0-#m7&PW}G}+?z?ykJv]:Tt5ps75/dTJ.!<[:cliz:9sU-O}QK)BUqSL(+e8MlA^cM./}5xq=h&9a^DHRD636!G}l1EI]UMY@G1>5C6v[{v08^#J=XSL[l=FP0m>VPi2ml+1K9vQHg&T)LSapEX]j-h!JlMZfiypXIElaU>1w}:Eab+2A/TP(4Zar^tH[%sc#!?J.V>A7c8J=V2ZaxmhxSlYDl!ApheR-%Y}w7$}7+I<BOif(SRJ{p70zY6:D)z@tj^Rldy(i6yMSH&JI1B#EGhY5eEX=-000","destPaynym":"","cpty_account":2147483646,"spend_amount":5000,"outpoints":[{"value":10000,"outpoint":"14cf9c6be92efcfe628aabd32b02c85e763615ddd430861bc18f6d366e4c4fd5-1"},{"value":10000,"outpoint":"9407b31fd0159dc4dd3f5377e3b18e4b4aafef2977a52e76b95c3f899cbb05ad-1"}],"type":0,"params":"testnet","dest":"muimRQFJKMJM1pTminJxiD5HrPgSu257tX","version":2,"fee_amount":284,"fingerprint":"eed8a1cd","step":3,"collabChange":"tb1qdf8n6pna45g8046pffzzmhz42ncdmsk48wn7zx","id":"8ede66db58eafee78d69c6a6d35ab0053be6ae11263a19ef9e312f549e1a9182","account":2147483646,"ts":1711645801}}
12:10:01.354 [main] DEBUG com.samourai.wallet.cahoots.stonewallx2.Stonewallx2Service - # STONEWALLx2 SENDER <= step=3
12:10:01.354 [main] DEBUG com.samourai.wallet.cahoots.AbstractCahoots2xService - ###### BEGIN doStep4 STONEWALLX2/SENDER
12:10:01.354 [main] DEBUG com.samourai.wallet.cahoots.AbstractCahoots2xService -  * outpoints={14cf9c6be92efcfe628aabd32b02c85e763615ddd430861bc18f6d366e4c4fd5-1=10000, 9407b31fd0159dc4dd3f5377e3b18e4b4aafef2977a52e76b95c3f899cbb05ad-1=10000}
12:10:01.354 [main] DEBUG com.samourai.wallet.cahoots.AbstractCahoots2xService -  * tx=  def48514c5ece8798c57baf9affb592e161f5610edec9ac550f56ba1fb7b4672
  version 2
  time locked until block 1234
  opts into full replace-by-fee
     in   
          outpoint:14cf9c6be92efcfe628aabd32b02c85e763615ddd430861bc18f6d366e4c4fd5:1
          sequence:fffffffd, opts into full RBF
     in   
          outpoint:9407b31fd0159dc4dd3f5377e3b18e4b4aafef2977a52e76b95c3f899cbb05ad:1
          sequence:fffffffd, opts into full RBF
     out  0[] PUSHDATA(20)[6a4f3d067dad1077d7414a442ddc5554f0ddc2d5] 0.00004858 BTC
     out  0[] PUSHDATA(20)[c92e53e44ae5d9d392aecf1ce7a980b073b01cd6] 0.00004858 BTC
     out  DUP HASH160 PUSHDATA(20)[8f7446b625c8f1365c42f5e0b17b33f1a2b27ae4] EQUALVERIFY CHECKSIG 0.00005 BTC
     out  DUP HASH160 PUSHDATA(20)[9bcdad097fa4695a3bdab991e3212da04002ce40] EQUALVERIFY CHECKSIG 0.00005 BTC
     prps UNKNOWN

12:10:01.354 [main] DEBUG com.samourai.wallet.cahoots.Cahoots2x - signTx:  def48514c5ece8798c57baf9affb592e161f5610edec9ac550f56ba1fb7b4672
  version 2
  time locked until block 1234
  opts into full replace-by-fee
     in   
          outpoint:14cf9c6be92efcfe628aabd32b02c85e763615ddd430861bc18f6d366e4c4fd5:1
          sequence:fffffffd, opts into full RBF
     in   
          outpoint:9407b31fd0159dc4dd3f5377e3b18e4b4aafef2977a52e76b95c3f899cbb05ad:1
          sequence:fffffffd, opts into full RBF
     out  0[] PUSHDATA(20)[6a4f3d067dad1077d7414a442ddc5554f0ddc2d5] 0.00004858 BTC
     out  0[] PUSHDATA(20)[c92e53e44ae5d9d392aecf1ce7a980b073b01cd6] 0.00004858 BTC
     out  DUP HASH160 PUSHDATA(20)[8f7446b625c8f1365c42f5e0b17b33f1a2b27ae4] EQUALVERIFY CHECKSIG 0.00005 BTC
     out  DUP HASH160 PUSHDATA(20)[9bcdad097fa4695a3bdab991e3212da04002ce40] EQUALVERIFY CHECKSIG 0.00005 BTC
     prps UNKNOWN

12:10:01.354 [main] DEBUG com.samourai.wallet.cahoots.Cahoots2x - signTx outpoint:14cf9c6be92efcfe628aabd32b02c85e763615ddd430861bc18f6d366e4c4fd5:1
12:10:01.354 [main] DEBUG com.samourai.wallet.cahoots.Cahoots2x - signTx bech32:tb1qyvqh86akdkhnh8fh7j0q7n8j78k0wruz5et8tj
12:10:01.354 [main] DEBUG com.samourai.wallet.cahoots.Cahoots2x - signTx value:10000
12:10:01.354 [main] DEBUG com.samourai.wallet.cahoots.AbstractCahootsService - [STONEWALLX2/SENDER] computeSpendAmount: keyBag=[14cf9c6be92efcfe628aabd32b02c85e763615ddd430861bc18f6d366e4c4fd5:1]
12:10:01.354 [main] DEBUG com.samourai.wallet.cahoots.AbstractCahootsService - [STONEWALLX2/SENDER] computeSpendAmount: +input 10000 14cf9c6be92efcfe628aabd32b02c85e763615ddd430861bc18f6d366e4c4fd5:1
12:10:01.354 [main] DEBUG com.samourai.wallet.cahoots.AbstractCahootsService - [STONEWALLX2/SENDER] computeSpendAmount: -output 4858 tb1qeyh98ez2uhva8y4weuww02vqkpemq8xkrsr4mh
12:10:01.354 [main] DEBUG com.samourai.wallet.cahoots.AbstractCahootsService - [STONEWALLX2/SENDER] computeSpendAmount = 5142
12:10:01.354 [main] DEBUG com.samourai.wallet.cahoots.stonewallx2.Stonewallx2Service - [STONEWALLX2/SENDER] maxSpendAmount = 5142: amount=5000 + sharedMinerFee=142
12:10:01.354 [main] DEBUG com.samourai.wallet.cahoots.AbstractCahoots2xService - [STONEWALLX2/SENDER] SENDER verifiedSpendAmount=5142, maxSpendAmount=5142
12:10:01.354 [main] DEBUG com.samourai.wallet.cahoots.AbstractCahootsService - checkFee: feeActual=284, feeExpected=284
12:10:01.354 [main] DEBUG com.samourai.wallet.cahoots.AbstractCahoots2xService - ###### END doStep4 STONEWALLX2/SENDER
12:10:01.354 [main] DEBUG com.samourai.wallet.cahoots.AbstractCahoots2xService -  * outpoints={14cf9c6be92efcfe628aabd32b02c85e763615ddd430861bc18f6d366e4c4fd5-1=10000, 9407b31fd0159dc4dd3f5377e3b18e4b4aafef2977a52e76b95c3f899cbb05ad-1=10000}
12:10:01.354 [main] DEBUG com.samourai.wallet.cahoots.AbstractCahoots2xService -  * tx=  def48514c5ece8798c57baf9affb592e161f5610edec9ac550f56ba1fb7b4672
  version 2
  time locked until block 1234
  opts into full replace-by-fee
     in   
          outpoint:14cf9c6be92efcfe628aabd32b02c85e763615ddd430861bc18f6d366e4c4fd5:1
          sequence:fffffffd, opts into full RBF
     in   
          outpoint:9407b31fd0159dc4dd3f5377e3b18e4b4aafef2977a52e76b95c3f899cbb05ad:1
          sequence:fffffffd, opts into full RBF
     out  0[] PUSHDATA(20)[6a4f3d067dad1077d7414a442ddc5554f0ddc2d5] 0.00004858 BTC
     out  0[] PUSHDATA(20)[c92e53e44ae5d9d392aecf1ce7a980b073b01cd6] 0.00004858 BTC
     out  DUP HASH160 PUSHDATA(20)[8f7446b625c8f1365c42f5e0b17b33f1a2b27ae4] EQUALVERIFY CHECKSIG 0.00005 BTC
     out  DUP HASH160 PUSHDATA(20)[9bcdad097fa4695a3bdab991e3212da04002ce40] EQUALVERIFY CHECKSIG 0.00005 BTC
     prps UNKNOWN

12:10:01.354 [main] DEBUG com.samourai.wallet.cahoots.stonewallx2.Stonewallx2Service - # STONEWALLx2 SENDER => step=4
12:10:01.355 [main] DEBUG com.samourai.wallet.cahoots.AbstractCahootsTest - #4 SENDER => {"cahoots":{"fingerprint_collab":"f0d70870","psbt":"abZy8000000rof0x]i@=2!=xQzAi:y@F@TYq+wGj%5xspF?I4tl9D%f3(<!%^7H3u/y)fuL*STez1s8IXLMmF{>/A58x.HP4%bOKn:H)sflmRKAduA/E3UT*)5N/YOBGN.OMkjM{(FAR:lxUE{Fa-p*Rj9v-07MNaoEK{kDE8/wE<TD*YC)]i?PUGxyMoALZd#0hMMug(3RchO5?8+!QuU{IN7^8l9bbdcRIXe@CcY]}8-bZl>U9whS>z{&C.d7JtlQR1j-)+jPyc9b9$wN9vDd0h{gf]BQ5Cy0%8^/.3p77(&MZOU[3BkCxI2R8@UOgOF1JaWwUV7b=yn@o0tf(21cJE}NPfj1Se[9l*(BbJ){=oISaI]ACX.Ikf)#C?fWYqq:K0Z0+W7<oMlgfgfM8S:#TYPiH<Lj!]hb)>Xe:+[HXxZWH}GanvDB^Wkr.7J1y8<Bd}A(:zi@U)}e=gaP[<=kZ@A#eTJ<}54{Z}Yb!B3]UEge8mv#NfUSNNmL>[omO?Q2O{Bl(&.6TM0EKL4OTA=q{=>+=kJd4Q3QhwQfn6Ac00","destPaynym":"","cpty_account":2147483646,"spend_amount":5000,"outpoints":[{"value":10000,"outpoint":"14cf9c6be92efcfe628aabd32b02c85e763615ddd430861bc18f6d366e4c4fd5-1"},{"value":10000,"outpoint":"9407b31fd0159dc4dd3f5377e3b18e4b4aafef2977a52e76b95c3f899cbb05ad-1"}],"type":0,"params":"testnet","dest":"muimRQFJKMJM1pTminJxiD5HrPgSu257tX","version":2,"fee_amount":284,"fingerprint":"eed8a1cd","step":4,"collabChange":"tb1qdf8n6pna45g8046pffzzmhz42ncdmsk48wn7zx","id":"8ede66db58eafee78d69c6a6d35ab0053be6ae11263a19ef9e312f549e1a9182","account":2147483646,"ts":1711645801}}
12:10:01.356 [main] DEBUG com.samourai.wallet.test.AbstractTest -   def48514c5ece8798c57baf9affb592e161f5610edec9ac550f56ba1fb7b4672
  version 2
  time locked until block 1234
  opts into full replace-by-fee
     in   
          outpoint:14cf9c6be92efcfe628aabd32b02c85e763615ddd430861bc18f6d366e4c4fd5:1
          sequence:fffffffd, opts into full RBF
     in   
          outpoint:9407b31fd0159dc4dd3f5377e3b18e4b4aafef2977a52e76b95c3f899cbb05ad:1
          sequence:fffffffd, opts into full RBF
     out  0[] PUSHDATA(20)[6a4f3d067dad1077d7414a442ddc5554f0ddc2d5] 0.00004858 BTC
     out  0[] PUSHDATA(20)[c92e53e44ae5d9d392aecf1ce7a980b073b01cd6] 0.00004858 BTC
     out  DUP HASH160 PUSHDATA(20)[8f7446b625c8f1365c42f5e0b17b33f1a2b27ae4] EQUALVERIFY CHECKSIG 0.00005 BTC
     out  DUP HASH160 PUSHDATA(20)[9bcdad097fa4695a3bdab991e3212da04002ce40] EQUALVERIFY CHECKSIG 0.00005 BTC
     prps UNKNOWN

12:10:01.356 [main] DEBUG com.samourai.wallet.test.AbstractTest - outputsActuals: {mtbUDVtjHPB1a5kNZkDKixXr5j6MWVjpdi=5000, muimRQFJKMJM1pTminJxiD5HrPgSu257tX=5000, tb1qdf8n6pna45g8046pffzzmhz42ncdmsk48wn7zx=4858, tb1qeyh98ez2uhva8y4weuww02vqkpemq8xkrsr4mh=4858}
]]></system-out>
  </testcase>
  <testcase name="STONEWALLx2_BIP84_paynym" classname="com.samourai.wallet.cahoots.Stonewallx2ServiceTest" time="0.365">
    <system-out><![CDATA[12:10:01.363 [main] DEBUG com.samourai.http.client.JettyHttpClient - +httpClient: no proxy
12:10:01.511 [main] DEBUG com.samourai.wallet.bipWallet.WalletSupplierImpl - +BipWallet[DEPOSIT_BIP44]: BipWallet{id='DEPOSIT_BIP44', samouraiAccount=DEPOSIT, derivation=BipDerivation{purpose=44, accountIndex=0}, bipFormatDefault=LEGACY, bipFormats=[LEGACY], xPub='tpu...LwY', bipPub='tpu...LwY'}
12:10:01.511 [main] DEBUG com.samourai.wallet.bipWallet.WalletSupplierImpl - +BipWallet[DEPOSIT_BIP49]: BipWallet{id='DEPOSIT_BIP49', samouraiAccount=DEPOSIT, derivation=BipDerivation{purpose=49, accountIndex=0}, bipFormatDefault=SEGWIT_COMPAT, bipFormats=[SEGWIT_COMPAT], xPub='tpu...eV2', bipPub='upu...38D'}
12:10:01.511 [main] DEBUG com.samourai.wallet.bipWallet.WalletSupplierImpl - +BipWallet[DEPOSIT_BIP84]: BipWallet{id='DEPOSIT_BIP84', samouraiAccount=DEPOSIT, derivation=BipDerivation{purpose=84, accountIndex=0}, bipFormatDefault=SEGWIT_NATIVE, bipFormats=[SEGWIT_NATIVE], xPub='tpu...re9', bipPub='vpu...dCu'}
12:10:01.511 [main] DEBUG com.samourai.wallet.bipWallet.WalletSupplierImpl - +BipWallet[PREMIX_BIP84]: BipWallet{id='PREMIX_BIP84', samouraiAccount=PREMIX, derivation=BipDerivation{purpose=84, accountIndex=2147483645}, bipFormatDefault=SEGWIT_NATIVE, bipFormats=[SEGWIT_NATIVE], xPub='tpu...hvr', bipPub='vpu...4mL'}
12:10:01.511 [main] DEBUG com.samourai.wallet.bipWallet.WalletSupplierImpl - +BipWallet[POSTMIX_BIP84]: BipWallet{id='POSTMIX_BIP84', samouraiAccount=POSTMIX, derivation=BipDerivation{purpose=84, accountIndex=2147483646}, bipFormatDefault=SEGWIT_NATIVE, bipFormats=[SEGWIT_NATIVE, SEGWIT_COMPAT, LEGACY], xPub='tpu...sQD', bipPub='vpu...nrW'}
12:10:01.511 [main] DEBUG com.samourai.wallet.bipWallet.WalletSupplierImpl - +BipWallet[ASB_BIP84]: BipWallet{id='ASB_BIP84', samouraiAccount=SWAPS_ASB, derivation=BipDerivation{purpose=84, accountIndex=2147483641}, bipFormatDefault=SEGWIT_NATIVE, bipFormats=[SEGWIT_NATIVE], xPub='tpu...p4i', bipPub='vpu...sEH'}
12:10:01.511 [main] DEBUG com.samourai.wallet.bipWallet.WalletSupplierImpl - +BipWallet[SWAPS_DEPOSIT]: BipWallet{id='SWAPS_DEPOSIT', samouraiAccount=SWAPS_DEPOSIT, derivation=BipDerivation{purpose=84, accountIndex=2147483643}, bipFormatDefault=SEGWIT_NATIVE, bipFormats=[SEGWIT_NATIVE], xPub='tpu...3s7', bipPub='vpu...HpJ'}
12:10:01.511 [main] DEBUG com.samourai.wallet.bipWallet.WalletSupplierImpl - +BipWallet[SWAPS_REFUNDS]: BipWallet{id='SWAPS_REFUNDS', samouraiAccount=SWAPS_REFUNDS, derivation=BipDerivation{purpose=84, accountIndex=2147483642}, bipFormatDefault=SEGWIT_NATIVE, bipFormats=[SEGWIT_NATIVE], xPub='tpu...rMX', bipPub='vpu...Sr9'}
12:10:01.511 [main] DEBUG com.samourai.wallet.bipWallet.WalletSupplierImpl - +BipWallet[BADBANK_BIP84]: BipWallet{id='BADBANK_BIP84', samouraiAccount=BADBANK, derivation=BipDerivation{purpose=84, accountIndex=2147483644}, bipFormatDefault=SEGWIT_NATIVE, bipFormats=[SEGWIT_NATIVE], xPub='tpu...hmu', bipPub='vpu...tNY'}
12:10:01.511 [main] DEBUG com.samourai.wallet.bipWallet.WalletSupplierImpl - +BipWallet[RICOCHET_BIP84]: BipWallet{id='RICOCHET_BIP84', samouraiAccount=RICOCHET, derivation=BipDerivation{purpose=84, accountIndex=2147483647}, bipFormatDefault=SEGWIT_NATIVE, bipFormats=[SEGWIT_NATIVE], xPub='tpu...UMc', bipPub='vpu...knj'}
12:10:01.511 [main] DEBUG com.samourai.wallet.api.backend.BackendApi - urlBackend=https://api.samouraiwallet.com/test/v2, oAuth=no
12:10:01.511 [main] DEBUG com.samourai.wallet.util.LogbackUtils - Log level set to DEBUG for the logger 'com.samourai'
12:10:01.511 [main] DEBUG com.samourai.wallet.util.LogbackUtils - Log level set to DEBUG for the logger 'com.samourai.whirlpool.client'
12:10:01.511 [main] DEBUG com.samourai.wallet.util.LogbackUtils - Log level set to DEBUG for the logger 'com.samourai.whirlpool.client.mix.dialog'
12:10:01.511 [main] DEBUG com.samourai.wallet.util.LogbackUtils - Log level set to DEBUG for the logger 'com.samourai.stomp.client'
12:10:01.511 [main] DEBUG com.samourai.wallet.util.LogbackUtils - Log level set to DEBUG for the logger 'com.samourai.wallet.util.FeeUtil'
12:10:01.511 [main] DEBUG com.samourai.wallet.util.LogbackUtils - Log level set to DEBUG for the logger 'com.samourai.whirlpool.client.utils'
12:10:01.511 [main] DEBUG com.samourai.wallet.util.LogbackUtils - Log level set to DEBUG for the logger 'com.samourai.whirlpool.client.wallet'
12:10:01.511 [main] DEBUG com.samourai.wallet.util.LogbackUtils - Log level set to DEBUG for the logger 'com.samourai.wallet.cahoots'
12:10:01.511 [main] DEBUG com.samourai.wallet.util.LogbackUtils - Log level set to DEBUG for the logger 'com.samourai.wallet.cahoots.stowaway'
12:10:01.511 [main] DEBUG com.samourai.wallet.util.LogbackUtils - Log level set to DEBUG for the logger 'com.samourai.wallet.cahoots.stonewallx2'
12:10:01.511 [main] DEBUG com.samourai.wallet.util.LogbackUtils - Log level set to DEBUG for the logger 'com.samourai.wallet.sorobanClient'
12:10:01.511 [main] DEBUG com.samourai.wallet.util.LogbackUtils - Log level set to DEBUG for the logger 'com.samourai.soroban.client'
12:10:01.511 [main] DEBUG com.samourai.wallet.util.LogbackUtils - Log level set to DEBUG for the logger 'com.samourai.soroban.client.rpc'
12:10:01.511 [main] DEBUG com.samourai.wallet.util.LogbackUtils - Log level set to DEBUG for the logger 'com.samourai.soroban.client.dialog'
12:10:01.511 [main] DEBUG com.samourai.wallet.util.LogbackUtils - Log level set to DEBUG for the logger 'com.samourai.soroban.client.meeting'
12:10:01.511 [main] DEBUG com.samourai.wallet.util.LogbackUtils - Log level set to DEBUG for the logger 'com.samourai.whirlpool.client.wallet.orchestrator'
12:10:01.511 [main] DEBUG com.samourai.wallet.util.LogbackUtils - Log level set to ERROR for the logger 'org.bitcoinj'
12:10:01.511 [main] DEBUG com.samourai.wallet.util.LogbackUtils - Log level set to WARN for the logger 'org.bitcoin'
12:10:01.511 [main] DEBUG com.samourai.wallet.util.LogbackUtils - Log level set to INFO for the logger 'org.eclipse.jetty'
12:10:01.587 [main] DEBUG com.samourai.wallet.bipWallet.WalletSupplierImpl - +BipWallet[DEPOSIT_BIP44]: BipWallet{id='DEPOSIT_BIP44', samouraiAccount=DEPOSIT, derivation=BipDerivation{purpose=44, accountIndex=0}, bipFormatDefault=LEGACY, bipFormats=[LEGACY], xPub='tpu...LZp', bipPub='tpu...LZp'}
12:10:01.587 [main] DEBUG com.samourai.wallet.bipWallet.WalletSupplierImpl - +BipWallet[DEPOSIT_BIP49]: BipWallet{id='DEPOSIT_BIP49', samouraiAccount=DEPOSIT, derivation=BipDerivation{purpose=49, accountIndex=0}, bipFormatDefault=SEGWIT_COMPAT, bipFormats=[SEGWIT_COMPAT], xPub='tpu...2dH', bipPub='upu...bSs'}
12:10:01.587 [main] DEBUG com.samourai.wallet.bipWallet.WalletSupplierImpl - +BipWallet[DEPOSIT_BIP84]: BipWallet{id='DEPOSIT_BIP84', samouraiAccount=DEPOSIT, derivation=BipDerivation{purpose=84, accountIndex=0}, bipFormatDefault=SEGWIT_NATIVE, bipFormats=[SEGWIT_NATIVE], xPub='tpu...MfN', bipPub='vpu...sew'}
12:10:01.587 [main] DEBUG com.samourai.wallet.bipWallet.WalletSupplierImpl - +BipWallet[PREMIX_BIP84]: BipWallet{id='PREMIX_BIP84', samouraiAccount=PREMIX, derivation=BipDerivation{purpose=84, accountIndex=2147483645}, bipFormatDefault=SEGWIT_NATIVE, bipFormats=[SEGWIT_NATIVE], xPub='tpu...y1p', bipPub='vpu...D4a'}
12:10:01.587 [main] DEBUG com.samourai.wallet.bipWallet.WalletSupplierImpl - +BipWallet[POSTMIX_BIP84]: BipWallet{id='POSTMIX_BIP84', samouraiAccount=POSTMIX, derivation=BipDerivation{purpose=84, accountIndex=2147483646}, bipFormatDefault=SEGWIT_NATIVE, bipFormats=[SEGWIT_NATIVE, SEGWIT_COMPAT, LEGACY], xPub='tpu...NLN', bipPub='vpu...RKR'}
12:10:01.587 [main] DEBUG com.samourai.wallet.bipWallet.WalletSupplierImpl - +BipWallet[BADBANK_BIP84]: BipWallet{id='BADBANK_BIP84', samouraiAccount=BADBANK, derivation=BipDerivation{purpose=84, accountIndex=2147483644}, bipFormatDefault=SEGWIT_NATIVE, bipFormats=[SEGWIT_NATIVE], xPub='tpu...86t', bipPub='vpu...XXs'}
12:10:01.681 [main] DEBUG com.samourai.wallet.bipWallet.WalletSupplierImpl - +BipWallet[DEPOSIT_BIP44]: BipWallet{id='DEPOSIT_BIP44', samouraiAccount=DEPOSIT, derivation=BipDerivation{purpose=44, accountIndex=0}, bipFormatDefault=LEGACY, bipFormats=[LEGACY], xPub='tpu...XeJ', bipPub='tpu...XeJ'}
12:10:01.681 [main] DEBUG com.samourai.wallet.bipWallet.WalletSupplierImpl - +BipWallet[DEPOSIT_BIP49]: BipWallet{id='DEPOSIT_BIP49', samouraiAccount=DEPOSIT, derivation=BipDerivation{purpose=49, accountIndex=0}, bipFormatDefault=SEGWIT_COMPAT, bipFormats=[SEGWIT_COMPAT], xPub='tpu...TBn', bipPub='upu...QVy'}
12:10:01.681 [main] DEBUG com.samourai.wallet.bipWallet.WalletSupplierImpl - +BipWallet[DEPOSIT_BIP84]: BipWallet{id='DEPOSIT_BIP84', samouraiAccount=DEPOSIT, derivation=BipDerivation{purpose=84, accountIndex=0}, bipFormatDefault=SEGWIT_NATIVE, bipFormats=[SEGWIT_NATIVE], xPub='tpu...Nbr', bipPub='vpu...R4q'}
12:10:01.681 [main] DEBUG com.samourai.wallet.bipWallet.WalletSupplierImpl - +BipWallet[PREMIX_BIP84]: BipWallet{id='PREMIX_BIP84', samouraiAccount=PREMIX, derivation=BipDerivation{purpose=84, accountIndex=2147483645}, bipFormatDefault=SEGWIT_NATIVE, bipFormats=[SEGWIT_NATIVE], xPub='tpu...ZBX', bipPub='vpu...XxM'}
12:10:01.681 [main] DEBUG com.samourai.wallet.bipWallet.WalletSupplierImpl - +BipWallet[POSTMIX_BIP84]: BipWallet{id='POSTMIX_BIP84', samouraiAccount=POSTMIX, derivation=BipDerivation{purpose=84, accountIndex=2147483646}, bipFormatDefault=SEGWIT_NATIVE, bipFormats=[SEGWIT_NATIVE, SEGWIT_COMPAT, LEGACY], xPub='tpu...do5', bipPub='vpu...2eX'}
12:10:01.681 [main] DEBUG com.samourai.wallet.bipWallet.WalletSupplierImpl - +BipWallet[BADBANK_BIP84]: BipWallet{id='BADBANK_BIP84', samouraiAccount=BADBANK, derivation=BipDerivation{purpose=84, accountIndex=2147483644}, bipFormatDefault=SEGWIT_NATIVE, bipFormats=[SEGWIT_NATIVE], xPub='tpu...QxP', bipPub='vpu...M4F'}
12:10:01.709 [main] DEBUG com.samourai.http.client.JettyHttpClient - +httpClient: no proxy
12:10:01.868 [main] DEBUG com.samourai.wallet.bipWallet.WalletSupplierImpl - +BipWallet[DEPOSIT_BIP44]: BipWallet{id='DEPOSIT_BIP44', samouraiAccount=DEPOSIT, derivation=BipDerivation{purpose=44, accountIndex=0}, bipFormatDefault=LEGACY, bipFormats=[LEGACY], xPub='tpu...LwY', bipPub='tpu...LwY'}
12:10:01.868 [main] DEBUG com.samourai.wallet.bipWallet.WalletSupplierImpl - +BipWallet[DEPOSIT_BIP49]: BipWallet{id='DEPOSIT_BIP49', samouraiAccount=DEPOSIT, derivation=BipDerivation{purpose=49, accountIndex=0}, bipFormatDefault=SEGWIT_COMPAT, bipFormats=[SEGWIT_COMPAT], xPub='tpu...eV2', bipPub='upu...38D'}
12:10:01.868 [main] DEBUG com.samourai.wallet.bipWallet.WalletSupplierImpl - +BipWallet[DEPOSIT_BIP84]: BipWallet{id='DEPOSIT_BIP84', samouraiAccount=DEPOSIT, derivation=BipDerivation{purpose=84, accountIndex=0}, bipFormatDefault=SEGWIT_NATIVE, bipFormats=[SEGWIT_NATIVE], xPub='tpu...re9', bipPub='vpu...dCu'}
12:10:01.868 [main] DEBUG com.samourai.wallet.bipWallet.WalletSupplierImpl - +BipWallet[PREMIX_BIP84]: BipWallet{id='PREMIX_BIP84', samouraiAccount=PREMIX, derivation=BipDerivation{purpose=84, accountIndex=2147483645}, bipFormatDefault=SEGWIT_NATIVE, bipFormats=[SEGWIT_NATIVE], xPub='tpu...hvr', bipPub='vpu...4mL'}
12:10:01.868 [main] DEBUG com.samourai.wallet.bipWallet.WalletSupplierImpl - +BipWallet[POSTMIX_BIP84]: BipWallet{id='POSTMIX_BIP84', samouraiAccount=POSTMIX, derivation=BipDerivation{purpose=84, accountIndex=2147483646}, bipFormatDefault=SEGWIT_NATIVE, bipFormats=[SEGWIT_NATIVE, SEGWIT_COMPAT, LEGACY], xPub='tpu...sQD', bipPub='vpu...nrW'}
12:10:01.868 [main] DEBUG com.samourai.wallet.bipWallet.WalletSupplierImpl - +BipWallet[ASB_BIP84]: BipWallet{id='ASB_BIP84', samouraiAccount=SWAPS_ASB, derivation=BipDerivation{purpose=84, accountIndex=2147483641}, bipFormatDefault=SEGWIT_NATIVE, bipFormats=[SEGWIT_NATIVE], xPub='tpu...p4i', bipPub='vpu...sEH'}
12:10:01.868 [main] DEBUG com.samourai.wallet.bipWallet.WalletSupplierImpl - +BipWallet[SWAPS_DEPOSIT]: BipWallet{id='SWAPS_DEPOSIT', samouraiAccount=SWAPS_DEPOSIT, derivation=BipDerivation{purpose=84, accountIndex=2147483643}, bipFormatDefault=SEGWIT_NATIVE, bipFormats=[SEGWIT_NATIVE], xPub='tpu...3s7', bipPub='vpu...HpJ'}
12:10:01.868 [main] DEBUG com.samourai.wallet.bipWallet.WalletSupplierImpl - +BipWallet[SWAPS_REFUNDS]: BipWallet{id='SWAPS_REFUNDS', samouraiAccount=SWAPS_REFUNDS, derivation=BipDerivation{purpose=84, accountIndex=2147483642}, bipFormatDefault=SEGWIT_NATIVE, bipFormats=[SEGWIT_NATIVE], xPub='tpu...rMX', bipPub='vpu...Sr9'}
12:10:01.868 [main] DEBUG com.samourai.wallet.bipWallet.WalletSupplierImpl - +BipWallet[BADBANK_BIP84]: BipWallet{id='BADBANK_BIP84', samouraiAccount=BADBANK, derivation=BipDerivation{purpose=84, accountIndex=2147483644}, bipFormatDefault=SEGWIT_NATIVE, bipFormats=[SEGWIT_NATIVE], xPub='tpu...hmu', bipPub='vpu...tNY'}
12:10:01.868 [main] DEBUG com.samourai.wallet.bipWallet.WalletSupplierImpl - +BipWallet[RICOCHET_BIP84]: BipWallet{id='RICOCHET_BIP84', samouraiAccount=RICOCHET, derivation=BipDerivation{purpose=84, accountIndex=2147483647}, bipFormatDefault=SEGWIT_NATIVE, bipFormats=[SEGWIT_NATIVE], xPub='tpu...UMc', bipPub='vpu...knj'}
12:10:01.868 [main] DEBUG com.samourai.wallet.api.backend.BackendApi - urlBackend=https://api.samouraiwallet.com/test/v2, oAuth=no
12:10:01.868 [main] DEBUG com.samourai.wallet.util.LogbackUtils - Log level set to DEBUG for the logger 'com.samourai'
12:10:01.868 [main] DEBUG com.samourai.wallet.util.LogbackUtils - Log level set to DEBUG for the logger 'com.samourai.whirlpool.client'
12:10:01.868 [main] DEBUG com.samourai.wallet.util.LogbackUtils - Log level set to DEBUG for the logger 'com.samourai.whirlpool.client.mix.dialog'
12:10:01.868 [main] DEBUG com.samourai.wallet.util.LogbackUtils - Log level set to DEBUG for the logger 'com.samourai.stomp.client'
12:10:01.868 [main] DEBUG com.samourai.wallet.util.LogbackUtils - Log level set to DEBUG for the logger 'com.samourai.wallet.util.FeeUtil'
12:10:01.868 [main] DEBUG com.samourai.wallet.util.LogbackUtils - Log level set to DEBUG for the logger 'com.samourai.whirlpool.client.utils'
12:10:01.868 [main] DEBUG com.samourai.wallet.util.LogbackUtils - Log level set to DEBUG for the logger 'com.samourai.whirlpool.client.wallet'
12:10:01.868 [main] DEBUG com.samourai.wallet.util.LogbackUtils - Log level set to DEBUG for the logger 'com.samourai.wallet.cahoots'
12:10:01.868 [main] DEBUG com.samourai.wallet.util.LogbackUtils - Log level set to DEBUG for the logger 'com.samourai.wallet.cahoots.stowaway'
12:10:01.868 [main] DEBUG com.samourai.wallet.util.LogbackUtils - Log level set to DEBUG for the logger 'com.samourai.wallet.cahoots.stonewallx2'
12:10:01.868 [main] DEBUG com.samourai.wallet.util.LogbackUtils - Log level set to DEBUG for the logger 'com.samourai.wallet.sorobanClient'
12:10:01.868 [main] DEBUG com.samourai.wallet.util.LogbackUtils - Log level set to DEBUG for the logger 'com.samourai.soroban.client'
12:10:01.868 [main] DEBUG com.samourai.wallet.util.LogbackUtils - Log level set to DEBUG for the logger 'com.samourai.soroban.client.rpc'
12:10:01.868 [main] DEBUG com.samourai.wallet.util.LogbackUtils - Log level set to DEBUG for the logger 'com.samourai.soroban.client.dialog'
12:10:01.868 [main] DEBUG com.samourai.wallet.util.LogbackUtils - Log level set to DEBUG for the logger 'com.samourai.soroban.client.meeting'
12:10:01.869 [main] DEBUG com.samourai.wallet.util.LogbackUtils - Log level set to DEBUG for the logger 'com.samourai.whirlpool.client.wallet.orchestrator'
12:10:01.869 [main] DEBUG com.samourai.wallet.util.LogbackUtils - Log level set to ERROR for the logger 'org.bitcoinj'
12:10:01.869 [main] DEBUG com.samourai.wallet.util.LogbackUtils - Log level set to WARN for the logger 'org.bitcoin'
12:10:01.869 [main] DEBUG com.samourai.wallet.util.LogbackUtils - Log level set to INFO for the logger 'org.eclipse.jetty'
12:10:01.942 [main] DEBUG com.samourai.wallet.bipWallet.WalletSupplierImpl - +BipWallet[DEPOSIT_BIP44]: BipWallet{id='DEPOSIT_BIP44', samouraiAccount=DEPOSIT, derivation=BipDerivation{purpose=44, accountIndex=0}, bipFormatDefault=LEGACY, bipFormats=[LEGACY], xPub='tpu...LZp', bipPub='tpu...LZp'}
12:10:01.942 [main] DEBUG com.samourai.wallet.bipWallet.WalletSupplierImpl - +BipWallet[DEPOSIT_BIP49]: BipWallet{id='DEPOSIT_BIP49', samouraiAccount=DEPOSIT, derivation=BipDerivation{purpose=49, accountIndex=0}, bipFormatDefault=SEGWIT_COMPAT, bipFormats=[SEGWIT_COMPAT], xPub='tpu...2dH', bipPub='upu...bSs'}
12:10:01.942 [main] DEBUG com.samourai.wallet.bipWallet.WalletSupplierImpl - +BipWallet[DEPOSIT_BIP84]: BipWallet{id='DEPOSIT_BIP84', samouraiAccount=DEPOSIT, derivation=BipDerivation{purpose=84, accountIndex=0}, bipFormatDefault=SEGWIT_NATIVE, bipFormats=[SEGWIT_NATIVE], xPub='tpu...MfN', bipPub='vpu...sew'}
12:10:01.942 [main] DEBUG com.samourai.wallet.bipWallet.WalletSupplierImpl - +BipWallet[PREMIX_BIP84]: BipWallet{id='PREMIX_BIP84', samouraiAccount=PREMIX, derivation=BipDerivation{purpose=84, accountIndex=2147483645}, bipFormatDefault=SEGWIT_NATIVE, bipFormats=[SEGWIT_NATIVE], xPub='tpu...y1p', bipPub='vpu...D4a'}
12:10:01.942 [main] DEBUG com.samourai.wallet.bipWallet.WalletSupplierImpl - +BipWallet[POSTMIX_BIP84]: BipWallet{id='POSTMIX_BIP84', samouraiAccount=POSTMIX, derivation=BipDerivation{purpose=84, accountIndex=2147483646}, bipFormatDefault=SEGWIT_NATIVE, bipFormats=[SEGWIT_NATIVE, SEGWIT_COMPAT, LEGACY], xPub='tpu...NLN', bipPub='vpu...RKR'}
12:10:01.942 [main] DEBUG com.samourai.wallet.bipWallet.WalletSupplierImpl - +BipWallet[BADBANK_BIP84]: BipWallet{id='BADBANK_BIP84', samouraiAccount=BADBANK, derivation=BipDerivation{purpose=84, accountIndex=2147483644}, bipFormatDefault=SEGWIT_NATIVE, bipFormats=[SEGWIT_NATIVE], xPub='tpu...86t', bipPub='vpu...XXs'}
12:10:02.036 [main] DEBUG com.samourai.wallet.bipWallet.WalletSupplierImpl - +BipWallet[DEPOSIT_BIP44]: BipWallet{id='DEPOSIT_BIP44', samouraiAccount=DEPOSIT, derivation=BipDerivation{purpose=44, accountIndex=0}, bipFormatDefault=LEGACY, bipFormats=[LEGACY], xPub='tpu...XeJ', bipPub='tpu...XeJ'}
12:10:02.036 [main] DEBUG com.samourai.wallet.bipWallet.WalletSupplierImpl - +BipWallet[DEPOSIT_BIP49]: BipWallet{id='DEPOSIT_BIP49', samouraiAccount=DEPOSIT, derivation=BipDerivation{purpose=49, accountIndex=0}, bipFormatDefault=SEGWIT_COMPAT, bipFormats=[SEGWIT_COMPAT], xPub='tpu...TBn', bipPub='upu...QVy'}
12:10:02.036 [main] DEBUG com.samourai.wallet.bipWallet.WalletSupplierImpl - +BipWallet[DEPOSIT_BIP84]: BipWallet{id='DEPOSIT_BIP84', samouraiAccount=DEPOSIT, derivation=BipDerivation{purpose=84, accountIndex=0}, bipFormatDefault=SEGWIT_NATIVE, bipFormats=[SEGWIT_NATIVE], xPub='tpu...Nbr', bipPub='vpu...R4q'}
12:10:02.036 [main] DEBUG com.samourai.wallet.bipWallet.WalletSupplierImpl - +BipWallet[PREMIX_BIP84]: BipWallet{id='PREMIX_BIP84', samouraiAccount=PREMIX, derivation=BipDerivation{purpose=84, accountIndex=2147483645}, bipFormatDefault=SEGWIT_NATIVE, bipFormats=[SEGWIT_NATIVE], xPub='tpu...ZBX', bipPub='vpu...XxM'}
12:10:02.036 [main] DEBUG com.samourai.wallet.bipWallet.WalletSupplierImpl - +BipWallet[POSTMIX_BIP84]: BipWallet{id='POSTMIX_BIP84', samouraiAccount=POSTMIX, derivation=BipDerivation{purpose=84, accountIndex=2147483646}, bipFormatDefault=SEGWIT_NATIVE, bipFormats=[SEGWIT_NATIVE, SEGWIT_COMPAT, LEGACY], xPub='tpu...do5', bipPub='vpu...2eX'}
12:10:02.036 [main] DEBUG com.samourai.wallet.bipWallet.WalletSupplierImpl - +BipWallet[BADBANK_BIP84]: BipWallet{id='BADBANK_BIP84', samouraiAccount=BADBANK, derivation=BipDerivation{purpose=84, accountIndex=2147483644}, bipFormatDefault=SEGWIT_NATIVE, bipFormats=[SEGWIT_NATIVE], xPub='tpu...QxP', bipPub='vpu...M4F'}
12:10:02.065 [main] DEBUG com.samourai.wallet.cahoots.stonewallx2.Stonewallx2Service - # STONEWALLx2 INITIATOR => step=0
12:10:02.065 [main] DEBUG com.samourai.wallet.cahoots.AbstractCahootsTest - #0 SENDER => {"cahoots":{"psbt":"","destPaynym":"TESTPAYNYM","cpty_account":0,"spend_amount":5000,"outpoints":[],"type":0,"params":"testnet","dest":"tb1q9m8cc0jkjlc9zwvea5a2365u6px3yu646vgez4","version":2,"fee_amount":0,"fingerprint":"eed8a1cd","step":0,"collabChange":"","id":"ca8b17457aa9adc5167bf948460aebd61fccbc2c0e7388ae1300edee92466595","account":0,"ts":1711645802}}
12:10:02.065 [main] DEBUG com.samourai.wallet.cahoots.stonewallx2.Stonewallx2Service - BIP FORMAT:: SEGWIT_NATIVE
12:10:02.065 [main] DEBUG com.samourai.wallet.cahoots.stonewallx2.Stonewallx2Service - +output (CounterParty Mix) = tb1qv4ak4l0w76qflk4uulavu22kxtaajnltkzxyq5
12:10:02.065 [main] DEBUG com.samourai.wallet.cahoots.AbstractCahoots2xService - ###### BEGIN doSTONEWALLx2_1 STONEWALLX2/COUNTERPARTY
12:10:02.065 [main] DEBUG com.samourai.wallet.cahoots.AbstractCahoots2xService -  * outpoints={}
12:10:02.065 [main] DEBUG com.samourai.wallet.cahoots.AbstractCahoots2xService -  * tx=null
12:10:02.065 [main] DEBUG com.samourai.wallet.cahoots.stonewallx2.Stonewallx2Service - BIP84 utxos:1
12:10:02.065 [main] DEBUG com.samourai.wallet.cahoots.stonewallx2.Stonewallx2Service - BIP84 selected utxo: CahootsUtxo{utxo=9407b31fd0159dc4dd3f5377e3b18e4b4aafef2977a52e76b95c3f899cbb05ad:1, value=10000, address=tb1qh287jqsh6mkpqmd8euumyfam00fkr78qhrdnde, path=null, xpub=tpubDCKFqGcC4KmHwUHG6orVRRUQZZZ3s9kQ64YUufULo9SY1E35aJwa2MH18AxuKddtJzfjMzCgKTEgBJx3WAGxYxVdMxeTYK5Xbtsv5P6fNbr}
12:10:02.065 [main] DEBUG com.samourai.wallet.cahoots.stonewallx2.Stonewallx2Service - 1 selected utxos, totalContributedAmount=10000, requiredAmount=5546
12:10:02.065 [main] DEBUG com.samourai.wallet.cahoots.stonewallx2.Stonewallx2Service - +output (CounterParty change) = tb1qgzzjhah2q3pqfwpx5xpdrd649qmyl59a6m6cp4
12:10:02.065 [main] DEBUG com.samourai.wallet.cahoots.AbstractCahoots2xService - ###### END doSTONEWALLx2_1 STONEWALLX2/COUNTERPARTY
12:10:02.065 [main] DEBUG com.samourai.wallet.cahoots.AbstractCahoots2xService -  * outpoints={9407b31fd0159dc4dd3f5377e3b18e4b4aafef2977a52e76b95c3f899cbb05ad-1=10000}
12:10:02.065 [main] DEBUG com.samourai.wallet.cahoots.AbstractCahoots2xService -  * tx=  9a65305212d45d3497ba2eee2235114fe0d8ba67e866b37080cb23fde84252c3
  version 2
  time locked until block 1234
  opts into full replace-by-fee
     in    0.0001 BTC
          outpoint:9407b31fd0159dc4dd3f5377e3b18e4b4aafef2977a52e76b95c3f899cbb05ad:1
          sequence:fffffffd, opts into full RBF
     out  0[] PUSHDATA(20)[657b6afdeef6809fdabce7face295632fbd94feb] 0.00005 BTC
     out  0[] PUSHDATA(20)[40852bf6ea044204b826a182d1b75528364fd0bd] 0.00005 BTC
     fee  0.00 BTC/kB, 0.00 BTC for 113 bytes
     prps UNKNOWN

12:10:02.065 [main] DEBUG com.samourai.wallet.cahoots.stonewallx2.Stonewallx2Service - # STONEWALLx2 COUNTERPARTY => step=1
12:10:02.066 [main] DEBUG com.samourai.wallet.cahoots.AbstractCahootsTest - #1 COUNTERPARTY => {"cahoots":{"fingerprint_collab":"f0d70870","psbt":"abZy8000000rl[@+z![Q2M[2+pzji{KBEMcChD<vq<6{Ss:1:xA[HQ0A0g+e+M+hbDXbsqG=r:^jh(3sQ%$*HvrVqt)KMX-4y<yna+a?(*XRJdiMQW[*7MjlVFq3Oi$QdHCyn#(G=nAvHWrJetI{{W*9zE=jH-xA4(GVN^QwtRSp3NgY:}7ode9ok000","destPaynym":"TESTPAYNYM","cpty_account":0,"spend_amount":5000,"outpoints":[{"value":10000,"outpoint":"9407b31fd0159dc4dd3f5377e3b18e4b4aafef2977a52e76b95c3f899cbb05ad-1"}],"type":0,"params":"testnet","dest":"tb1q9m8cc0jkjlc9zwvea5a2365u6px3yu646vgez4","version":2,"fee_amount":0,"fingerprint":"eed8a1cd","step":1,"collabChange":"tb1qgzzjhah2q3pqfwpx5xpdrd649qmyl59a6m6cp4","id":"ca8b17457aa9adc5167bf948460aebd61fccbc2c0e7388ae1300edee92466595","account":0,"ts":1711645802}}
12:10:02.066 [main] DEBUG com.samourai.wallet.cahoots.stonewallx2.Stonewallx2Service - # STONEWALLx2 SENDER <= step=1
12:10:02.066 [main] DEBUG com.samourai.wallet.cahoots.AbstractCahoots2xService - ###### BEGIN doSTONEWALLx2_2 STONEWALLX2/SENDER
12:10:02.066 [main] DEBUG com.samourai.wallet.cahoots.AbstractCahoots2xService -  * outpoints={9407b31fd0159dc4dd3f5377e3b18e4b4aafef2977a52e76b95c3f899cbb05ad-1=10000}
12:10:02.066 [main] DEBUG com.samourai.wallet.cahoots.AbstractCahoots2xService -  * tx=  9a65305212d45d3497ba2eee2235114fe0d8ba67e866b37080cb23fde84252c3
  version 2
  time locked until block 1234
  opts into full replace-by-fee
     in   
          outpoint:9407b31fd0159dc4dd3f5377e3b18e4b4aafef2977a52e76b95c3f899cbb05ad:1
          sequence:fffffffd, opts into full RBF
     out  0[] PUSHDATA(20)[657b6afdeef6809fdabce7face295632fbd94feb] 0.00005 BTC
     out  0[] PUSHDATA(20)[40852bf6ea044204b826a182d1b75528364fd0bd] 0.00005 BTC
     prps UNKNOWN

12:10:02.066 [main] DEBUG com.samourai.wallet.cahoots.stonewallx2.Stonewallx2Service - step2 tx:0200000001ad05bb9c893f5cb9762ea57729efaf4a4b8eb1e377533fddc49d15d01fb307940100000000fdffffff028813000000000000160014657b6afdeef6809fdabce7face295632fbd94feb881300000000000016001440852bf6ea044204b826a182d1b75528364fd0bdd2040000
12:10:02.066 [main] DEBUG com.samourai.wallet.cahoots.stonewallx2.Stonewallx2Service - step2 tx:  9a65305212d45d3497ba2eee2235114fe0d8ba67e866b37080cb23fde84252c3
  version 2
  time locked until block 1234
  opts into full replace-by-fee
     in   
          outpoint:9407b31fd0159dc4dd3f5377e3b18e4b4aafef2977a52e76b95c3f899cbb05ad:1
          sequence:fffffffd, opts into full RBF
     out  0[] PUSHDATA(20)[657b6afdeef6809fdabce7face295632fbd94feb] 0.00005 BTC
     out  0[] PUSHDATA(20)[40852bf6ea044204b826a182d1b75528364fd0bd] 0.00005 BTC
     prps UNKNOWN

12:10:02.066 [main] DEBUG com.samourai.wallet.cahoots.stonewallx2.Stonewallx2Service - BIP84 utxos:1
12:10:02.066 [main] DEBUG com.samourai.wallet.cahoots.stonewallx2.Stonewallx2Service - BIP84 selected utxo: CahootsUtxo{utxo=14cf9c6be92efcfe628aabd32b02c85e763615ddd430861bc18f6d366e4c4fd5:1, value=10000, address=tb1qkymumss6zj0rxy9l3v5vqxqwwffy8jjsyhrkrg, path=null, xpub=tpubDDLBK9gJk4HdPCDzF4Yhxx3u6q1QWo7iZAPVHfsFjLp9rUxXf79FPEK4cKMiV1jrJqrCCVJnciMh1kau2xZtjpZ5DoiaK3RbF6MffFWXMfN}
12:10:02.066 [main] DEBUG com.samourai.wallet.cahoots.stonewallx2.Stonewallx2Service - fee:284
12:10:02.066 [main] DEBUG com.samourai.wallet.cahoots.stonewallx2.Stonewallx2Service - 1 selected utxos, totalContributedAmount=10000, requiredAmount=5830
12:10:02.066 [main] DEBUG com.samourai.wallet.cahoots.stonewallx2.Stonewallx2Service - fee pair:284
12:10:02.066 [main] DEBUG com.samourai.wallet.cahoots.stonewallx2.Stonewallx2Service - destination:tb1q9m8cc0jkjlc9zwvea5a2365u6px3yu646vgez4
12:10:02.066 [main] DEBUG com.samourai.wallet.cahoots.stonewallx2.Stonewallx2Service - output value post fee:4858
12:10:02.066 [main] DEBUG com.samourai.wallet.cahoots.stonewallx2.Stonewallx2Service - +output (Spender change) = tb1qfe8765vcdka0xgkjkdhxjzux8raq7qsyamffad
12:10:02.066 [main] DEBUG com.samourai.wallet.cahoots.AbstractCahoots2xService - ###### END doSTONEWALLx2_2 STONEWALLX2/SENDER
12:10:02.066 [main] DEBUG com.samourai.wallet.cahoots.AbstractCahoots2xService -  * outpoints={14cf9c6be92efcfe628aabd32b02c85e763615ddd430861bc18f6d366e4c4fd5-1=10000, 9407b31fd0159dc4dd3f5377e3b18e4b4aafef2977a52e76b95c3f899cbb05ad-1=10000}
12:10:02.066 [main] DEBUG com.samourai.wallet.cahoots.AbstractCahoots2xService -  * tx=  8b5669de2673212982b8bb5692ab667dcff9e937bcad037fd1e285450ca179b8
  version 2
  time locked until block 1234
  opts into full replace-by-fee
     in   
          outpoint:9407b31fd0159dc4dd3f5377e3b18e4b4aafef2977a52e76b95c3f899cbb05ad:1
          sequence:fffffffd, opts into full RBF
     in    0.0001 BTC
          outpoint:14cf9c6be92efcfe628aabd32b02c85e763615ddd430861bc18f6d366e4c4fd5:1
          sequence:fffffffd, opts into full RBF
     out  0[] PUSHDATA(20)[657b6afdeef6809fdabce7face295632fbd94feb] 0.00005 BTC
     out  0[] PUSHDATA(20)[40852bf6ea044204b826a182d1b75528364fd0bd] 0.00004858 BTC
     out  0[] PUSHDATA(20)[2ecf8c3e5697f0513999ed3aa8ea9cd04d127355] 0.00005 BTC
     out  0[] PUSHDATA(20)[4e4fed51986dbaf322d2b36e690b8638fa0f0204] 0.00004858 BTC
     prps UNKNOWN

12:10:02.066 [main] DEBUG com.samourai.wallet.cahoots.stonewallx2.Stonewallx2Service - # STONEWALLx2 SENDER => step=2
12:10:02.067 [main] DEBUG com.samourai.wallet.cahoots.AbstractCahootsTest - #2 SENDER => {"cahoots":{"fingerprint_collab":"f0d70870","psbt":"abZy8000000rmgs:.-p*2UZ9qclcXw@$9#VD[qzeQ<yO}21BG&YkN=70Psd82c0HCk}xBY6EQ<dv(xWq+CSTENgKlf<(^]#xn:MSZX{vG?xfb]]3[]l{pYTNd)Xkv9Ju3ZEFD#ts!pHjDVpz8WyyO.A0gtG1IX{FKYwFtW}w.ZvMS[ozqJ8ucev!zO.uj3UBrohyJQnS5-cvljDs<jm9[IJ8(&}--<$A4mL[{E4N[sGn:hBU8[ly%ItO-FuAYUdU3FO>/Js@A0PhJ1p1Yg+)-gyR3R]zobeKuX00","destPaynym":"TESTPAYNYM","cpty_account":0,"spend_amount":5000,"outpoints":[{"value":10000,"outpoint":"14cf9c6be92efcfe628aabd32b02c85e763615ddd430861bc18f6d366e4c4fd5-1"},{"value":10000,"outpoint":"9407b31fd0159dc4dd3f5377e3b18e4b4aafef2977a52e76b95c3f899cbb05ad-1"}],"type":0,"params":"testnet","dest":"tb1q9m8cc0jkjlc9zwvea5a2365u6px3yu646vgez4","version":2,"fee_amount":284,"fingerprint":"eed8a1cd","step":2,"collabChange":"tb1qgzzjhah2q3pqfwpx5xpdrd649qmyl59a6m6cp4","id":"ca8b17457aa9adc5167bf948460aebd61fccbc2c0e7388ae1300edee92466595","account":0,"ts":1711645802}}
12:10:02.068 [main] DEBUG com.samourai.wallet.cahoots.stonewallx2.Stonewallx2Service - # STONEWALLx2 COUNTERPARTY <= step=2
12:10:02.068 [main] DEBUG com.samourai.wallet.cahoots.AbstractCahoots2xService - ###### BEGIN doStep3 STONEWALLX2/COUNTERPARTY
12:10:02.068 [main] DEBUG com.samourai.wallet.cahoots.AbstractCahoots2xService -  * outpoints={14cf9c6be92efcfe628aabd32b02c85e763615ddd430861bc18f6d366e4c4fd5-1=10000, 9407b31fd0159dc4dd3f5377e3b18e4b4aafef2977a52e76b95c3f899cbb05ad-1=10000}
12:10:02.068 [main] DEBUG com.samourai.wallet.cahoots.AbstractCahoots2xService -  * tx=  8b5669de2673212982b8bb5692ab667dcff9e937bcad037fd1e285450ca179b8
  version 2
  time locked until block 1234
  opts into full replace-by-fee
     in   
          outpoint:9407b31fd0159dc4dd3f5377e3b18e4b4aafef2977a52e76b95c3f899cbb05ad:1
          sequence:fffffffd, opts into full RBF
     in   
          outpoint:14cf9c6be92efcfe628aabd32b02c85e763615ddd430861bc18f6d366e4c4fd5:1
          sequence:fffffffd, opts into full RBF
     out  0[] PUSHDATA(20)[657b6afdeef6809fdabce7face295632fbd94feb] 0.00005 BTC
     out  0[] PUSHDATA(20)[40852bf6ea044204b826a182d1b75528364fd0bd] 0.00004858 BTC
     out  0[] PUSHDATA(20)[2ecf8c3e5697f0513999ed3aa8ea9cd04d127355] 0.00005 BTC
     out  0[] PUSHDATA(20)[4e4fed51986dbaf322d2b36e690b8638fa0f0204] 0.00004858 BTC
     prps UNKNOWN

12:10:02.068 [main] DEBUG com.samourai.wallet.cahoots.Cahoots2x - signTx:  0910de5bf08354a2dcccc2509fedfa82ec97541568620768e8644d95fa81f293
  version 2
  time locked until block 1234
  opts into full replace-by-fee
     in   
          outpoint:14cf9c6be92efcfe628aabd32b02c85e763615ddd430861bc18f6d366e4c4fd5:1
          sequence:fffffffd, opts into full RBF
     in   
          outpoint:9407b31fd0159dc4dd3f5377e3b18e4b4aafef2977a52e76b95c3f899cbb05ad:1
          sequence:fffffffd, opts into full RBF
     out  0[] PUSHDATA(20)[40852bf6ea044204b826a182d1b75528364fd0bd] 0.00004858 BTC
     out  0[] PUSHDATA(20)[4e4fed51986dbaf322d2b36e690b8638fa0f0204] 0.00004858 BTC
     out  0[] PUSHDATA(20)[2ecf8c3e5697f0513999ed3aa8ea9cd04d127355] 0.00005 BTC
     out  0[] PUSHDATA(20)[657b6afdeef6809fdabce7face295632fbd94feb] 0.00005 BTC
     prps UNKNOWN

12:10:02.068 [main] DEBUG com.samourai.wallet.cahoots.Cahoots2x - signTx outpoint:9407b31fd0159dc4dd3f5377e3b18e4b4aafef2977a52e76b95c3f899cbb05ad:1
12:10:02.068 [main] DEBUG com.samourai.wallet.cahoots.Cahoots2x - signTx bech32:tb1qyvqh86akdkhnh8fh7j0q7n8j78k0wruz5et8tj
12:10:02.068 [main] DEBUG com.samourai.wallet.cahoots.Cahoots2x - signTx value:10000
12:10:02.069 [main] DEBUG com.samourai.wallet.cahoots.AbstractCahootsService - [STONEWALLX2/COUNTERPARTY] computeSpendAmount: keyBag=[9407b31fd0159dc4dd3f5377e3b18e4b4aafef2977a52e76b95c3f899cbb05ad:1]
12:10:02.069 [main] DEBUG com.samourai.wallet.cahoots.AbstractCahootsService - [STONEWALLX2/COUNTERPARTY] computeSpendAmount: +input 10000 9407b31fd0159dc4dd3f5377e3b18e4b4aafef2977a52e76b95c3f899cbb05ad:1
12:10:02.069 [main] DEBUG com.samourai.wallet.cahoots.AbstractCahootsService - [STONEWALLX2/COUNTERPARTY] computeSpendAmount: -output 4858 tb1qgzzjhah2q3pqfwpx5xpdrd649qmyl59a6m6cp4
12:10:02.069 [main] DEBUG com.samourai.wallet.cahoots.AbstractCahootsService - [STONEWALLX2/COUNTERPARTY] computeSpendAmount: -output 5000 tb1qv4ak4l0w76qflk4uulavu22kxtaajnltkzxyq5
12:10:02.069 [main] DEBUG com.samourai.wallet.cahoots.AbstractCahootsService - [STONEWALLX2/COUNTERPARTY] computeSpendAmount = 142
12:10:02.069 [main] DEBUG com.samourai.wallet.cahoots.stonewallx2.Stonewallx2Service - [STONEWALLX2/COUNTERPARTY] maxSpendAmount = 142: sharedMinerFee=142
12:10:02.069 [main] DEBUG com.samourai.wallet.cahoots.AbstractCahoots2xService - [STONEWALLX2/COUNTERPARTY] COUNTERPARTY verifiedSpendAmount=142, maxSpendAmount=142
12:10:02.069 [main] DEBUG com.samourai.wallet.cahoots.AbstractCahoots2xService - ###### END doStep3 STONEWALLX2/COUNTERPARTY
12:10:02.069 [main] DEBUG com.samourai.wallet.cahoots.AbstractCahoots2xService -  * outpoints={14cf9c6be92efcfe628aabd32b02c85e763615ddd430861bc18f6d366e4c4fd5-1=10000, 9407b31fd0159dc4dd3f5377e3b18e4b4aafef2977a52e76b95c3f899cbb05ad-1=10000}
12:10:02.069 [main] DEBUG com.samourai.wallet.cahoots.AbstractCahoots2xService -  * tx=  0910de5bf08354a2dcccc2509fedfa82ec97541568620768e8644d95fa81f293
  version 2
  time locked until block 1234
  opts into full replace-by-fee
     in   
          outpoint:14cf9c6be92efcfe628aabd32b02c85e763615ddd430861bc18f6d366e4c4fd5:1
          sequence:fffffffd, opts into full RBF
     in   
          outpoint:9407b31fd0159dc4dd3f5377e3b18e4b4aafef2977a52e76b95c3f899cbb05ad:1
          sequence:fffffffd, opts into full RBF
     out  0[] PUSHDATA(20)[40852bf6ea044204b826a182d1b75528364fd0bd] 0.00004858 BTC
     out  0[] PUSHDATA(20)[4e4fed51986dbaf322d2b36e690b8638fa0f0204] 0.00004858 BTC
     out  0[] PUSHDATA(20)[2ecf8c3e5697f0513999ed3aa8ea9cd04d127355] 0.00005 BTC
     out  0[] PUSHDATA(20)[657b6afdeef6809fdabce7face295632fbd94feb] 0.00005 BTC
     prps UNKNOWN

12:10:02.069 [main] DEBUG com.samourai.wallet.cahoots.stonewallx2.Stonewallx2Service - # STONEWALLx2 COUNTERPARTY => step=3
12:10:02.070 [main] DEBUG com.samourai.wallet.cahoots.AbstractCahootsTest - #3 COUNTERPARTY => {"cahoots":{"fingerprint_collab":"f0d70870","psbt":"abZy8000000rmh8tAg0L2T(dPYObx%.2xVO?05}Sv%QX8mGKTiXnU4f[^DH*dC0q!ZgkFnjP8MTWqsXWx?zibB+Gy!]Fn+RQdtWh(3p}GN/qd-@}ceDSREGgaH$S@8HpNGU%W}F)${2YW9EcxUmKBUw8B:5=lQm0uPFl:Ofd2bXB9/g6u[&lu}e!*SbSmi<p%%9<TFpEpJ=nJ:-k!L7^Y=E^Phc:1#VH*tcV+OF2/<i/RokPj0oslY&R2l4U1T!2qp@iuAFlDw2:[9Z]5w-??/$GQj!-(op5>kD$*v89SSd*p=]3n8Kz/[1S710@8rW2ZislaE%C^WF!hy{C=r><0YL!-BY/byfZxS)<57*p=!NBsOmtv!T$E+cLLmHkUChKiCwtX(wN*[3p{k[IQ#CsUJ[+4mIr]4-jjbo@JkOg=xPzH{L)mlo&$5WoCdsmF000","destPaynym":"TESTPAYNYM","cpty_account":0,"spend_amount":5000,"outpoints":[{"value":10000,"outpoint":"14cf9c6be92efcfe628aabd32b02c85e763615ddd430861bc18f6d366e4c4fd5-1"},{"value":10000,"outpoint":"9407b31fd0159dc4dd3f5377e3b18e4b4aafef2977a52e76b95c3f899cbb05ad-1"}],"type":0,"params":"testnet","dest":"tb1q9m8cc0jkjlc9zwvea5a2365u6px3yu646vgez4","version":2,"fee_amount":284,"fingerprint":"eed8a1cd","step":3,"collabChange":"tb1qgzzjhah2q3pqfwpx5xpdrd649qmyl59a6m6cp4","id":"ca8b17457aa9adc5167bf948460aebd61fccbc2c0e7388ae1300edee92466595","account":0,"ts":1711645802}}
12:10:02.071 [main] DEBUG com.samourai.wallet.cahoots.stonewallx2.Stonewallx2Service - # STONEWALLx2 SENDER <= step=3
12:10:02.071 [main] DEBUG com.samourai.wallet.cahoots.AbstractCahoots2xService - ###### BEGIN doStep4 STONEWALLX2/SENDER
12:10:02.071 [main] DEBUG com.samourai.wallet.cahoots.AbstractCahoots2xService -  * outpoints={14cf9c6be92efcfe628aabd32b02c85e763615ddd430861bc18f6d366e4c4fd5-1=10000, 9407b31fd0159dc4dd3f5377e3b18e4b4aafef2977a52e76b95c3f899cbb05ad-1=10000}
12:10:02.071 [main] DEBUG com.samourai.wallet.cahoots.AbstractCahoots2xService -  * tx=  0910de5bf08354a2dcccc2509fedfa82ec97541568620768e8644d95fa81f293
  version 2
  time locked until block 1234
  opts into full replace-by-fee
     in   
          outpoint:14cf9c6be92efcfe628aabd32b02c85e763615ddd430861bc18f6d366e4c4fd5:1
          sequence:fffffffd, opts into full RBF
     in   
          outpoint:9407b31fd0159dc4dd3f5377e3b18e4b4aafef2977a52e76b95c3f899cbb05ad:1
          sequence:fffffffd, opts into full RBF
     out  0[] PUSHDATA(20)[40852bf6ea044204b826a182d1b75528364fd0bd] 0.00004858 BTC
     out  0[] PUSHDATA(20)[4e4fed51986dbaf322d2b36e690b8638fa0f0204] 0.00004858 BTC
     out  0[] PUSHDATA(20)[2ecf8c3e5697f0513999ed3aa8ea9cd04d127355] 0.00005 BTC
     out  0[] PUSHDATA(20)[657b6afdeef6809fdabce7face295632fbd94feb] 0.00005 BTC
     prps UNKNOWN

12:10:02.071 [main] DEBUG com.samourai.wallet.cahoots.Cahoots2x - signTx:  0910de5bf08354a2dcccc2509fedfa82ec97541568620768e8644d95fa81f293
  version 2
  time locked until block 1234
  opts into full replace-by-fee
     in   
          outpoint:14cf9c6be92efcfe628aabd32b02c85e763615ddd430861bc18f6d366e4c4fd5:1
          sequence:fffffffd, opts into full RBF
     in   
          outpoint:9407b31fd0159dc4dd3f5377e3b18e4b4aafef2977a52e76b95c3f899cbb05ad:1
          sequence:fffffffd, opts into full RBF
     out  0[] PUSHDATA(20)[40852bf6ea044204b826a182d1b75528364fd0bd] 0.00004858 BTC
     out  0[] PUSHDATA(20)[4e4fed51986dbaf322d2b36e690b8638fa0f0204] 0.00004858 BTC
     out  0[] PUSHDATA(20)[2ecf8c3e5697f0513999ed3aa8ea9cd04d127355] 0.00005 BTC
     out  0[] PUSHDATA(20)[657b6afdeef6809fdabce7face295632fbd94feb] 0.00005 BTC
     prps UNKNOWN

12:10:02.071 [main] DEBUG com.samourai.wallet.cahoots.Cahoots2x - signTx outpoint:14cf9c6be92efcfe628aabd32b02c85e763615ddd430861bc18f6d366e4c4fd5:1
12:10:02.071 [main] DEBUG com.samourai.wallet.cahoots.Cahoots2x - signTx bech32:tb1qyvqh86akdkhnh8fh7j0q7n8j78k0wruz5et8tj
12:10:02.071 [main] DEBUG com.samourai.wallet.cahoots.Cahoots2x - signTx value:10000
12:10:02.071 [main] DEBUG com.samourai.wallet.cahoots.AbstractCahootsService - [STONEWALLX2/SENDER] computeSpendAmount: keyBag=[14cf9c6be92efcfe628aabd32b02c85e763615ddd430861bc18f6d366e4c4fd5:1]
12:10:02.071 [main] DEBUG com.samourai.wallet.cahoots.AbstractCahootsService - [STONEWALLX2/SENDER] computeSpendAmount: +input 10000 14cf9c6be92efcfe628aabd32b02c85e763615ddd430861bc18f6d366e4c4fd5:1
12:10:02.071 [main] DEBUG com.samourai.wallet.cahoots.AbstractCahootsService - [STONEWALLX2/SENDER] computeSpendAmount: -output 4858 tb1qfe8765vcdka0xgkjkdhxjzux8raq7qsyamffad
12:10:02.071 [main] DEBUG com.samourai.wallet.cahoots.AbstractCahootsService - [STONEWALLX2/SENDER] computeSpendAmount = 5142
12:10:02.071 [main] DEBUG com.samourai.wallet.cahoots.stonewallx2.Stonewallx2Service - [STONEWALLX2/SENDER] maxSpendAmount = 5142: amount=5000 + sharedMinerFee=142
12:10:02.071 [main] DEBUG com.samourai.wallet.cahoots.AbstractCahoots2xService - [STONEWALLX2/SENDER] SENDER verifiedSpendAmount=5142, maxSpendAmount=5142
12:10:02.071 [main] DEBUG com.samourai.wallet.cahoots.AbstractCahootsService - checkFee: feeActual=284, feeExpected=284
12:10:02.071 [main] DEBUG com.samourai.wallet.cahoots.AbstractCahoots2xService - ###### END doStep4 STONEWALLX2/SENDER
12:10:02.071 [main] DEBUG com.samourai.wallet.cahoots.AbstractCahoots2xService -  * outpoints={14cf9c6be92efcfe628aabd32b02c85e763615ddd430861bc18f6d366e4c4fd5-1=10000, 9407b31fd0159dc4dd3f5377e3b18e4b4aafef2977a52e76b95c3f899cbb05ad-1=10000}
12:10:02.071 [main] DEBUG com.samourai.wallet.cahoots.AbstractCahoots2xService -  * tx=  0910de5bf08354a2dcccc2509fedfa82ec97541568620768e8644d95fa81f293
  version 2
  time locked until block 1234
  opts into full replace-by-fee
     in   
          outpoint:14cf9c6be92efcfe628aabd32b02c85e763615ddd430861bc18f6d366e4c4fd5:1
          sequence:fffffffd, opts into full RBF
     in   
          outpoint:9407b31fd0159dc4dd3f5377e3b18e4b4aafef2977a52e76b95c3f899cbb05ad:1
          sequence:fffffffd, opts into full RBF
     out  0[] PUSHDATA(20)[40852bf6ea044204b826a182d1b75528364fd0bd] 0.00004858 BTC
     out  0[] PUSHDATA(20)[4e4fed51986dbaf322d2b36e690b8638fa0f0204] 0.00004858 BTC
     out  0[] PUSHDATA(20)[2ecf8c3e5697f0513999ed3aa8ea9cd04d127355] 0.00005 BTC
     out  0[] PUSHDATA(20)[657b6afdeef6809fdabce7face295632fbd94feb] 0.00005 BTC
     prps UNKNOWN

12:10:02.071 [main] DEBUG com.samourai.wallet.cahoots.stonewallx2.Stonewallx2Service - # STONEWALLx2 SENDER => step=4
12:10:02.072 [main] DEBUG com.samourai.wallet.cahoots.AbstractCahootsTest - #4 SENDER => {"cahoots":{"fingerprint_collab":"f0d70870","psbt":"abZy8000000rof:tAfZU2T(eu*H-DNve&>9h>}^-gwM<8r:j}}sdOu^vwt56Fb&HO}Zh9CC3=Zz=ZJbz=o]/>3)!]Ly@-{u1!)MdYKrSWKgKe}?Y4!Q?(!){kuwLj)=!<nED!!Jl^D}AIii[jO.esIgeDBl?[6kmLhVf{9yh4wX9x2[*EzyHqJt)I2/ezC3+PDan0LY@oHmk]S-#t[^xuM&fI$YMWk&QK*ZfuVcheR-t$$pWk5Jkx1b=EkY].k%{:.B)i&@gaWDQnvSQv20j@9[&oUqYNw11@QBQosG/w4ZSxQ4wJhhSoiAyZ+91x(Hu4grLz+HcjL09&^sTVAVp)4Wt!Ed5RXoMuz3P*PsC5C!lie$U5M{L.wP!dhSOP%XD1Hz(m$w&q-mebM8czte$gc0m:7Od9Wf!.drrL1j<I>]zOwle9BU>)ya1i39-SJJXw*r4Jb:Cb$VPDK>xWL4v(aiHy@.LpU$Ay>w.?Tl3W3O-5wcXQw49j+vr:lof>@SH.oLEFifyxY#2n%kZgX:xcwC04M-Q/(^C$00","destPaynym":"TESTPAYNYM","cpty_account":0,"spend_amount":5000,"outpoints":[{"value":10000,"outpoint":"14cf9c6be92efcfe628aabd32b02c85e763615ddd430861bc18f6d366e4c4fd5-1"},{"value":10000,"outpoint":"9407b31fd0159dc4dd3f5377e3b18e4b4aafef2977a52e76b95c3f899cbb05ad-1"}],"type":0,"params":"testnet","dest":"tb1q9m8cc0jkjlc9zwvea5a2365u6px3yu646vgez4","version":2,"fee_amount":284,"fingerprint":"eed8a1cd","step":4,"collabChange":"tb1qgzzjhah2q3pqfwpx5xpdrd649qmyl59a6m6cp4","id":"ca8b17457aa9adc5167bf948460aebd61fccbc2c0e7388ae1300edee92466595","account":0,"ts":1711645802}}
12:10:02.073 [main] DEBUG com.samourai.wallet.test.AbstractTest -   0910de5bf08354a2dcccc2509fedfa82ec97541568620768e8644d95fa81f293
  version 2
  time locked until block 1234
  opts into full replace-by-fee
     in   
          outpoint:14cf9c6be92efcfe628aabd32b02c85e763615ddd430861bc18f6d366e4c4fd5:1
          sequence:fffffffd, opts into full RBF
     in   
          outpoint:9407b31fd0159dc4dd3f5377e3b18e4b4aafef2977a52e76b95c3f899cbb05ad:1
          sequence:fffffffd, opts into full RBF
     out  0[] PUSHDATA(20)[40852bf6ea044204b826a182d1b75528364fd0bd] 0.00004858 BTC
     out  0[] PUSHDATA(20)[4e4fed51986dbaf322d2b36e690b8638fa0f0204] 0.00004858 BTC
     out  0[] PUSHDATA(20)[2ecf8c3e5697f0513999ed3aa8ea9cd04d127355] 0.00005 BTC
     out  0[] PUSHDATA(20)[657b6afdeef6809fdabce7face295632fbd94feb] 0.00005 BTC
     prps UNKNOWN

12:10:02.073 [main] DEBUG com.samourai.wallet.test.AbstractTest - outputsActuals: {tb1q9m8cc0jkjlc9zwvea5a2365u6px3yu646vgez4=5000, tb1qfe8765vcdka0xgkjkdhxjzux8raq7qsyamffad=4858, tb1qgzzjhah2q3pqfwpx5xpdrd649qmyl59a6m6cp4=4858, tb1qv4ak4l0w76qflk4uulavu22kxtaajnltkzxyq5=5000}
]]></system-out>
  </testcase>
  <testcase name="invalidStonewallExcetion" classname="com.samourai.wallet.cahoots.Stonewallx2ServiceTest" time="0.343">
    <system-out><![CDATA[12:10:02.082 [main] DEBUG com.samourai.http.client.JettyHttpClient - +httpClient: no proxy
12:10:02.229 [main] DEBUG com.samourai.wallet.bipWallet.WalletSupplierImpl - +BipWallet[DEPOSIT_BIP44]: BipWallet{id='DEPOSIT_BIP44', samouraiAccount=DEPOSIT, derivation=BipDerivation{purpose=44, accountIndex=0}, bipFormatDefault=LEGACY, bipFormats=[LEGACY], xPub='tpu...LwY', bipPub='tpu...LwY'}
12:10:02.229 [main] DEBUG com.samourai.wallet.bipWallet.WalletSupplierImpl - +BipWallet[DEPOSIT_BIP49]: BipWallet{id='DEPOSIT_BIP49', samouraiAccount=DEPOSIT, derivation=BipDerivation{purpose=49, accountIndex=0}, bipFormatDefault=SEGWIT_COMPAT, bipFormats=[SEGWIT_COMPAT], xPub='tpu...eV2', bipPub='upu...38D'}
12:10:02.229 [main] DEBUG com.samourai.wallet.bipWallet.WalletSupplierImpl - +BipWallet[DEPOSIT_BIP84]: BipWallet{id='DEPOSIT_BIP84', samouraiAccount=DEPOSIT, derivation=BipDerivation{purpose=84, accountIndex=0}, bipFormatDefault=SEGWIT_NATIVE, bipFormats=[SEGWIT_NATIVE], xPub='tpu...re9', bipPub='vpu...dCu'}
12:10:02.229 [main] DEBUG com.samourai.wallet.bipWallet.WalletSupplierImpl - +BipWallet[PREMIX_BIP84]: BipWallet{id='PREMIX_BIP84', samouraiAccount=PREMIX, derivation=BipDerivation{purpose=84, accountIndex=2147483645}, bipFormatDefault=SEGWIT_NATIVE, bipFormats=[SEGWIT_NATIVE], xPub='tpu...hvr', bipPub='vpu...4mL'}
12:10:02.229 [main] DEBUG com.samourai.wallet.bipWallet.WalletSupplierImpl - +BipWallet[POSTMIX_BIP84]: BipWallet{id='POSTMIX_BIP84', samouraiAccount=POSTMIX, derivation=BipDerivation{purpose=84, accountIndex=2147483646}, bipFormatDefault=SEGWIT_NATIVE, bipFormats=[SEGWIT_NATIVE, SEGWIT_COMPAT, LEGACY], xPub='tpu...sQD', bipPub='vpu...nrW'}
12:10:02.229 [main] DEBUG com.samourai.wallet.bipWallet.WalletSupplierImpl - +BipWallet[ASB_BIP84]: BipWallet{id='ASB_BIP84', samouraiAccount=SWAPS_ASB, derivation=BipDerivation{purpose=84, accountIndex=2147483641}, bipFormatDefault=SEGWIT_NATIVE, bipFormats=[SEGWIT_NATIVE], xPub='tpu...p4i', bipPub='vpu...sEH'}
12:10:02.229 [main] DEBUG com.samourai.wallet.bipWallet.WalletSupplierImpl - +BipWallet[SWAPS_DEPOSIT]: BipWallet{id='SWAPS_DEPOSIT', samouraiAccount=SWAPS_DEPOSIT, derivation=BipDerivation{purpose=84, accountIndex=2147483643}, bipFormatDefault=SEGWIT_NATIVE, bipFormats=[SEGWIT_NATIVE], xPub='tpu...3s7', bipPub='vpu...HpJ'}
12:10:02.229 [main] DEBUG com.samourai.wallet.bipWallet.WalletSupplierImpl - +BipWallet[SWAPS_REFUNDS]: BipWallet{id='SWAPS_REFUNDS', samouraiAccount=SWAPS_REFUNDS, derivation=BipDerivation{purpose=84, accountIndex=2147483642}, bipFormatDefault=SEGWIT_NATIVE, bipFormats=[SEGWIT_NATIVE], xPub='tpu...rMX', bipPub='vpu...Sr9'}
12:10:02.229 [main] DEBUG com.samourai.wallet.bipWallet.WalletSupplierImpl - +BipWallet[BADBANK_BIP84]: BipWallet{id='BADBANK_BIP84', samouraiAccount=BADBANK, derivation=BipDerivation{purpose=84, accountIndex=2147483644}, bipFormatDefault=SEGWIT_NATIVE, bipFormats=[SEGWIT_NATIVE], xPub='tpu...hmu', bipPub='vpu...tNY'}
12:10:02.229 [main] DEBUG com.samourai.wallet.bipWallet.WalletSupplierImpl - +BipWallet[RICOCHET_BIP84]: BipWallet{id='RICOCHET_BIP84', samouraiAccount=RICOCHET, derivation=BipDerivation{purpose=84, accountIndex=2147483647}, bipFormatDefault=SEGWIT_NATIVE, bipFormats=[SEGWIT_NATIVE], xPub='tpu...UMc', bipPub='vpu...knj'}
12:10:02.229 [main] DEBUG com.samourai.wallet.api.backend.BackendApi - urlBackend=https://api.samouraiwallet.com/test/v2, oAuth=no
12:10:02.229 [main] DEBUG com.samourai.wallet.util.LogbackUtils - Log level set to DEBUG for the logger 'com.samourai'
12:10:02.229 [main] DEBUG com.samourai.wallet.util.LogbackUtils - Log level set to DEBUG for the logger 'com.samourai.whirlpool.client'
12:10:02.229 [main] DEBUG com.samourai.wallet.util.LogbackUtils - Log level set to DEBUG for the logger 'com.samourai.whirlpool.client.mix.dialog'
12:10:02.229 [main] DEBUG com.samourai.wallet.util.LogbackUtils - Log level set to DEBUG for the logger 'com.samourai.stomp.client'
12:10:02.229 [main] DEBUG com.samourai.wallet.util.LogbackUtils - Log level set to DEBUG for the logger 'com.samourai.wallet.util.FeeUtil'
12:10:02.229 [main] DEBUG com.samourai.wallet.util.LogbackUtils - Log level set to DEBUG for the logger 'com.samourai.whirlpool.client.utils'
12:10:02.229 [main] DEBUG com.samourai.wallet.util.LogbackUtils - Log level set to DEBUG for the logger 'com.samourai.whirlpool.client.wallet'
12:10:02.229 [main] DEBUG com.samourai.wallet.util.LogbackUtils - Log level set to DEBUG for the logger 'com.samourai.wallet.cahoots'
12:10:02.229 [main] DEBUG com.samourai.wallet.util.LogbackUtils - Log level set to DEBUG for the logger 'com.samourai.wallet.cahoots.stowaway'
12:10:02.229 [main] DEBUG com.samourai.wallet.util.LogbackUtils - Log level set to DEBUG for the logger 'com.samourai.wallet.cahoots.stonewallx2'
12:10:02.229 [main] DEBUG com.samourai.wallet.util.LogbackUtils - Log level set to DEBUG for the logger 'com.samourai.wallet.sorobanClient'
12:10:02.229 [main] DEBUG com.samourai.wallet.util.LogbackUtils - Log level set to DEBUG for the logger 'com.samourai.soroban.client'
12:10:02.229 [main] DEBUG com.samourai.wallet.util.LogbackUtils - Log level set to DEBUG for the logger 'com.samourai.soroban.client.rpc'
12:10:02.229 [main] DEBUG com.samourai.wallet.util.LogbackUtils - Log level set to DEBUG for the logger 'com.samourai.soroban.client.dialog'
12:10:02.229 [main] DEBUG com.samourai.wallet.util.LogbackUtils - Log level set to DEBUG for the logger 'com.samourai.soroban.client.meeting'
12:10:02.229 [main] DEBUG com.samourai.wallet.util.LogbackUtils - Log level set to DEBUG for the logger 'com.samourai.whirlpool.client.wallet.orchestrator'
12:10:02.229 [main] DEBUG com.samourai.wallet.util.LogbackUtils - Log level set to ERROR for the logger 'org.bitcoinj'
12:10:02.229 [main] DEBUG com.samourai.wallet.util.LogbackUtils - Log level set to WARN for the logger 'org.bitcoin'
12:10:02.229 [main] DEBUG com.samourai.wallet.util.LogbackUtils - Log level set to INFO for the logger 'org.eclipse.jetty'
12:10:02.302 [main] DEBUG com.samourai.wallet.bipWallet.WalletSupplierImpl - +BipWallet[DEPOSIT_BIP44]: BipWallet{id='DEPOSIT_BIP44', samouraiAccount=DEPOSIT, derivation=BipDerivation{purpose=44, accountIndex=0}, bipFormatDefault=LEGACY, bipFormats=[LEGACY], xPub='tpu...LZp', bipPub='tpu...LZp'}
12:10:02.302 [main] DEBUG com.samourai.wallet.bipWallet.WalletSupplierImpl - +BipWallet[DEPOSIT_BIP49]: BipWallet{id='DEPOSIT_BIP49', samouraiAccount=DEPOSIT, derivation=BipDerivation{purpose=49, accountIndex=0}, bipFormatDefault=SEGWIT_COMPAT, bipFormats=[SEGWIT_COMPAT], xPub='tpu...2dH', bipPub='upu...bSs'}
12:10:02.302 [main] DEBUG com.samourai.wallet.bipWallet.WalletSupplierImpl - +BipWallet[DEPOSIT_BIP84]: BipWallet{id='DEPOSIT_BIP84', samouraiAccount=DEPOSIT, derivation=BipDerivation{purpose=84, accountIndex=0}, bipFormatDefault=SEGWIT_NATIVE, bipFormats=[SEGWIT_NATIVE], xPub='tpu...MfN', bipPub='vpu...sew'}
12:10:02.302 [main] DEBUG com.samourai.wallet.bipWallet.WalletSupplierImpl - +BipWallet[PREMIX_BIP84]: BipWallet{id='PREMIX_BIP84', samouraiAccount=PREMIX, derivation=BipDerivation{purpose=84, accountIndex=2147483645}, bipFormatDefault=SEGWIT_NATIVE, bipFormats=[SEGWIT_NATIVE], xPub='tpu...y1p', bipPub='vpu...D4a'}
12:10:02.303 [main] DEBUG com.samourai.wallet.bipWallet.WalletSupplierImpl - +BipWallet[POSTMIX_BIP84]: BipWallet{id='POSTMIX_BIP84', samouraiAccount=POSTMIX, derivation=BipDerivation{purpose=84, accountIndex=2147483646}, bipFormatDefault=SEGWIT_NATIVE, bipFormats=[SEGWIT_NATIVE, SEGWIT_COMPAT, LEGACY], xPub='tpu...NLN', bipPub='vpu...RKR'}
12:10:02.303 [main] DEBUG com.samourai.wallet.bipWallet.WalletSupplierImpl - +BipWallet[BADBANK_BIP84]: BipWallet{id='BADBANK_BIP84', samouraiAccount=BADBANK, derivation=BipDerivation{purpose=84, accountIndex=2147483644}, bipFormatDefault=SEGWIT_NATIVE, bipFormats=[SEGWIT_NATIVE], xPub='tpu...86t', bipPub='vpu...XXs'}
12:10:02.399 [main] DEBUG com.samourai.wallet.bipWallet.WalletSupplierImpl - +BipWallet[DEPOSIT_BIP44]: BipWallet{id='DEPOSIT_BIP44', samouraiAccount=DEPOSIT, derivation=BipDerivation{purpose=44, accountIndex=0}, bipFormatDefault=LEGACY, bipFormats=[LEGACY], xPub='tpu...XeJ', bipPub='tpu...XeJ'}
12:10:02.399 [main] DEBUG com.samourai.wallet.bipWallet.WalletSupplierImpl - +BipWallet[DEPOSIT_BIP49]: BipWallet{id='DEPOSIT_BIP49', samouraiAccount=DEPOSIT, derivation=BipDerivation{purpose=49, accountIndex=0}, bipFormatDefault=SEGWIT_COMPAT, bipFormats=[SEGWIT_COMPAT], xPub='tpu...TBn', bipPub='upu...QVy'}
12:10:02.399 [main] DEBUG com.samourai.wallet.bipWallet.WalletSupplierImpl - +BipWallet[DEPOSIT_BIP84]: BipWallet{id='DEPOSIT_BIP84', samouraiAccount=DEPOSIT, derivation=BipDerivation{purpose=84, accountIndex=0}, bipFormatDefault=SEGWIT_NATIVE, bipFormats=[SEGWIT_NATIVE], xPub='tpu...Nbr', bipPub='vpu...R4q'}
12:10:02.399 [main] DEBUG com.samourai.wallet.bipWallet.WalletSupplierImpl - +BipWallet[PREMIX_BIP84]: BipWallet{id='PREMIX_BIP84', samouraiAccount=PREMIX, derivation=BipDerivation{purpose=84, accountIndex=2147483645}, bipFormatDefault=SEGWIT_NATIVE, bipFormats=[SEGWIT_NATIVE], xPub='tpu...ZBX', bipPub='vpu...XxM'}
12:10:02.399 [main] DEBUG com.samourai.wallet.bipWallet.WalletSupplierImpl - +BipWallet[POSTMIX_BIP84]: BipWallet{id='POSTMIX_BIP84', samouraiAccount=POSTMIX, derivation=BipDerivation{purpose=84, accountIndex=2147483646}, bipFormatDefault=SEGWIT_NATIVE, bipFormats=[SEGWIT_NATIVE, SEGWIT_COMPAT, LEGACY], xPub='tpu...do5', bipPub='vpu...2eX'}
12:10:02.399 [main] DEBUG com.samourai.wallet.bipWallet.WalletSupplierImpl - +BipWallet[BADBANK_BIP84]: BipWallet{id='BADBANK_BIP84', samouraiAccount=BADBANK, derivation=BipDerivation{purpose=84, accountIndex=2147483644}, bipFormatDefault=SEGWIT_NATIVE, bipFormats=[SEGWIT_NATIVE], xPub='tpu...QxP', bipPub='vpu...M4F'}
12:10:02.426 [main] DEBUG com.samourai.http.client.JettyHttpClient - +httpClient: no proxy
12:10:02.573 [main] DEBUG com.samourai.wallet.bipWallet.WalletSupplierImpl - +BipWallet[DEPOSIT_BIP44]: BipWallet{id='DEPOSIT_BIP44', samouraiAccount=DEPOSIT, derivation=BipDerivation{purpose=44, accountIndex=0}, bipFormatDefault=LEGACY, bipFormats=[LEGACY], xPub='tpu...LwY', bipPub='tpu...LwY'}
12:10:02.573 [main] DEBUG com.samourai.wallet.bipWallet.WalletSupplierImpl - +BipWallet[DEPOSIT_BIP49]: BipWallet{id='DEPOSIT_BIP49', samouraiAccount=DEPOSIT, derivation=BipDerivation{purpose=49, accountIndex=0}, bipFormatDefault=SEGWIT_COMPAT, bipFormats=[SEGWIT_COMPAT], xPub='tpu...eV2', bipPub='upu...38D'}
12:10:02.573 [main] DEBUG com.samourai.wallet.bipWallet.WalletSupplierImpl - +BipWallet[DEPOSIT_BIP84]: BipWallet{id='DEPOSIT_BIP84', samouraiAccount=DEPOSIT, derivation=BipDerivation{purpose=84, accountIndex=0}, bipFormatDefault=SEGWIT_NATIVE, bipFormats=[SEGWIT_NATIVE], xPub='tpu...re9', bipPub='vpu...dCu'}
12:10:02.573 [main] DEBUG com.samourai.wallet.bipWallet.WalletSupplierImpl - +BipWallet[PREMIX_BIP84]: BipWallet{id='PREMIX_BIP84', samouraiAccount=PREMIX, derivation=BipDerivation{purpose=84, accountIndex=2147483645}, bipFormatDefault=SEGWIT_NATIVE, bipFormats=[SEGWIT_NATIVE], xPub='tpu...hvr', bipPub='vpu...4mL'}
12:10:02.573 [main] DEBUG com.samourai.wallet.bipWallet.WalletSupplierImpl - +BipWallet[POSTMIX_BIP84]: BipWallet{id='POSTMIX_BIP84', samouraiAccount=POSTMIX, derivation=BipDerivation{purpose=84, accountIndex=2147483646}, bipFormatDefault=SEGWIT_NATIVE, bipFormats=[SEGWIT_NATIVE, SEGWIT_COMPAT, LEGACY], xPub='tpu...sQD', bipPub='vpu...nrW'}
12:10:02.573 [main] DEBUG com.samourai.wallet.bipWallet.WalletSupplierImpl - +BipWallet[ASB_BIP84]: BipWallet{id='ASB_BIP84', samouraiAccount=SWAPS_ASB, derivation=BipDerivation{purpose=84, accountIndex=2147483641}, bipFormatDefault=SEGWIT_NATIVE, bipFormats=[SEGWIT_NATIVE], xPub='tpu...p4i', bipPub='vpu...sEH'}
12:10:02.573 [main] DEBUG com.samourai.wallet.bipWallet.WalletSupplierImpl - +BipWallet[SWAPS_DEPOSIT]: BipWallet{id='SWAPS_DEPOSIT', samouraiAccount=SWAPS_DEPOSIT, derivation=BipDerivation{purpose=84, accountIndex=2147483643}, bipFormatDefault=SEGWIT_NATIVE, bipFormats=[SEGWIT_NATIVE], xPub='tpu...3s7', bipPub='vpu...HpJ'}
12:10:02.573 [main] DEBUG com.samourai.wallet.bipWallet.WalletSupplierImpl - +BipWallet[SWAPS_REFUNDS]: BipWallet{id='SWAPS_REFUNDS', samouraiAccount=SWAPS_REFUNDS, derivation=BipDerivation{purpose=84, accountIndex=2147483642}, bipFormatDefault=SEGWIT_NATIVE, bipFormats=[SEGWIT_NATIVE], xPub='tpu...rMX', bipPub='vpu...Sr9'}
12:10:02.573 [main] DEBUG com.samourai.wallet.bipWallet.WalletSupplierImpl - +BipWallet[BADBANK_BIP84]: BipWallet{id='BADBANK_BIP84', samouraiAccount=BADBANK, derivation=BipDerivation{purpose=84, accountIndex=2147483644}, bipFormatDefault=SEGWIT_NATIVE, bipFormats=[SEGWIT_NATIVE], xPub='tpu...hmu', bipPub='vpu...tNY'}
12:10:02.573 [main] DEBUG com.samourai.wallet.bipWallet.WalletSupplierImpl - +BipWallet[RICOCHET_BIP84]: BipWallet{id='RICOCHET_BIP84', samouraiAccount=RICOCHET, derivation=BipDerivation{purpose=84, accountIndex=2147483647}, bipFormatDefault=SEGWIT_NATIVE, bipFormats=[SEGWIT_NATIVE], xPub='tpu...UMc', bipPub='vpu...knj'}
12:10:02.573 [main] DEBUG com.samourai.wallet.api.backend.BackendApi - urlBackend=https://api.samouraiwallet.com/test/v2, oAuth=no
12:10:02.573 [main] DEBUG com.samourai.wallet.util.LogbackUtils - Log level set to DEBUG for the logger 'com.samourai'
12:10:02.573 [main] DEBUG com.samourai.wallet.util.LogbackUtils - Log level set to DEBUG for the logger 'com.samourai.whirlpool.client'
12:10:02.573 [main] DEBUG com.samourai.wallet.util.LogbackUtils - Log level set to DEBUG for the logger 'com.samourai.whirlpool.client.mix.dialog'
12:10:02.573 [main] DEBUG com.samourai.wallet.util.LogbackUtils - Log level set to DEBUG for the logger 'com.samourai.stomp.client'
12:10:02.573 [main] DEBUG com.samourai.wallet.util.LogbackUtils - Log level set to DEBUG for the logger 'com.samourai.wallet.util.FeeUtil'
12:10:02.573 [main] DEBUG com.samourai.wallet.util.LogbackUtils - Log level set to DEBUG for the logger 'com.samourai.whirlpool.client.utils'
12:10:02.573 [main] DEBUG com.samourai.wallet.util.LogbackUtils - Log level set to DEBUG for the logger 'com.samourai.whirlpool.client.wallet'
12:10:02.573 [main] DEBUG com.samourai.wallet.util.LogbackUtils - Log level set to DEBUG for the logger 'com.samourai.wallet.cahoots'
12:10:02.573 [main] DEBUG com.samourai.wallet.util.LogbackUtils - Log level set to DEBUG for the logger 'com.samourai.wallet.cahoots.stowaway'
12:10:02.573 [main] DEBUG com.samourai.wallet.util.LogbackUtils - Log level set to DEBUG for the logger 'com.samourai.wallet.cahoots.stonewallx2'
12:10:02.573 [main] DEBUG com.samourai.wallet.util.LogbackUtils - Log level set to DEBUG for the logger 'com.samourai.wallet.sorobanClient'
12:10:02.573 [main] DEBUG com.samourai.wallet.util.LogbackUtils - Log level set to DEBUG for the logger 'com.samourai.soroban.client'
12:10:02.573 [main] DEBUG com.samourai.wallet.util.LogbackUtils - Log level set to DEBUG for the logger 'com.samourai.soroban.client.rpc'
12:10:02.573 [main] DEBUG com.samourai.wallet.util.LogbackUtils - Log level set to DEBUG for the logger 'com.samourai.soroban.client.dialog'
12:10:02.573 [main] DEBUG com.samourai.wallet.util.LogbackUtils - Log level set to DEBUG for the logger 'com.samourai.soroban.client.meeting'
12:10:02.573 [main] DEBUG com.samourai.wallet.util.LogbackUtils - Log level set to DEBUG for the logger 'com.samourai.whirlpool.client.wallet.orchestrator'
12:10:02.573 [main] DEBUG com.samourai.wallet.util.LogbackUtils - Log level set to ERROR for the logger 'org.bitcoinj'
12:10:02.574 [main] DEBUG com.samourai.wallet.util.LogbackUtils - Log level set to WARN for the logger 'org.bitcoin'
12:10:02.574 [main] DEBUG com.samourai.wallet.util.LogbackUtils - Log level set to INFO for the logger 'org.eclipse.jetty'
12:10:02.647 [main] DEBUG com.samourai.wallet.bipWallet.WalletSupplierImpl - +BipWallet[DEPOSIT_BIP44]: BipWallet{id='DEPOSIT_BIP44', samouraiAccount=DEPOSIT, derivation=BipDerivation{purpose=44, accountIndex=0}, bipFormatDefault=LEGACY, bipFormats=[LEGACY], xPub='tpu...LZp', bipPub='tpu...LZp'}
12:10:02.647 [main] DEBUG com.samourai.wallet.bipWallet.WalletSupplierImpl - +BipWallet[DEPOSIT_BIP49]: BipWallet{id='DEPOSIT_BIP49', samouraiAccount=DEPOSIT, derivation=BipDerivation{purpose=49, accountIndex=0}, bipFormatDefault=SEGWIT_COMPAT, bipFormats=[SEGWIT_COMPAT], xPub='tpu...2dH', bipPub='upu...bSs'}
12:10:02.647 [main] DEBUG com.samourai.wallet.bipWallet.WalletSupplierImpl - +BipWallet[DEPOSIT_BIP84]: BipWallet{id='DEPOSIT_BIP84', samouraiAccount=DEPOSIT, derivation=BipDerivation{purpose=84, accountIndex=0}, bipFormatDefault=SEGWIT_NATIVE, bipFormats=[SEGWIT_NATIVE], xPub='tpu...MfN', bipPub='vpu...sew'}
12:10:02.647 [main] DEBUG com.samourai.wallet.bipWallet.WalletSupplierImpl - +BipWallet[PREMIX_BIP84]: BipWallet{id='PREMIX_BIP84', samouraiAccount=PREMIX, derivation=BipDerivation{purpose=84, accountIndex=2147483645}, bipFormatDefault=SEGWIT_NATIVE, bipFormats=[SEGWIT_NATIVE], xPub='tpu...y1p', bipPub='vpu...D4a'}
12:10:02.647 [main] DEBUG com.samourai.wallet.bipWallet.WalletSupplierImpl - +BipWallet[POSTMIX_BIP84]: BipWallet{id='POSTMIX_BIP84', samouraiAccount=POSTMIX, derivation=BipDerivation{purpose=84, accountIndex=2147483646}, bipFormatDefault=SEGWIT_NATIVE, bipFormats=[SEGWIT_NATIVE, SEGWIT_COMPAT, LEGACY], xPub='tpu...NLN', bipPub='vpu...RKR'}
12:10:02.647 [main] DEBUG com.samourai.wallet.bipWallet.WalletSupplierImpl - +BipWallet[BADBANK_BIP84]: BipWallet{id='BADBANK_BIP84', samouraiAccount=BADBANK, derivation=BipDerivation{purpose=84, accountIndex=2147483644}, bipFormatDefault=SEGWIT_NATIVE, bipFormats=[SEGWIT_NATIVE], xPub='tpu...86t', bipPub='vpu...XXs'}
12:10:02.741 [main] DEBUG com.samourai.wallet.bipWallet.WalletSupplierImpl - +BipWallet[DEPOSIT_BIP44]: BipWallet{id='DEPOSIT_BIP44', samouraiAccount=DEPOSIT, derivation=BipDerivation{purpose=44, accountIndex=0}, bipFormatDefault=LEGACY, bipFormats=[LEGACY], xPub='tpu...XeJ', bipPub='tpu...XeJ'}
12:10:02.742 [main] DEBUG com.samourai.wallet.bipWallet.WalletSupplierImpl - +BipWallet[DEPOSIT_BIP49]: BipWallet{id='DEPOSIT_BIP49', samouraiAccount=DEPOSIT, derivation=BipDerivation{purpose=49, accountIndex=0}, bipFormatDefault=SEGWIT_COMPAT, bipFormats=[SEGWIT_COMPAT], xPub='tpu...TBn', bipPub='upu...QVy'}
12:10:02.742 [main] DEBUG com.samourai.wallet.bipWallet.WalletSupplierImpl - +BipWallet[DEPOSIT_BIP84]: BipWallet{id='DEPOSIT_BIP84', samouraiAccount=DEPOSIT, derivation=BipDerivation{purpose=84, accountIndex=0}, bipFormatDefault=SEGWIT_NATIVE, bipFormats=[SEGWIT_NATIVE], xPub='tpu...Nbr', bipPub='vpu...R4q'}
12:10:02.742 [main] DEBUG com.samourai.wallet.bipWallet.WalletSupplierImpl - +BipWallet[PREMIX_BIP84]: BipWallet{id='PREMIX_BIP84', samouraiAccount=PREMIX, derivation=BipDerivation{purpose=84, accountIndex=2147483645}, bipFormatDefault=SEGWIT_NATIVE, bipFormats=[SEGWIT_NATIVE], xPub='tpu...ZBX', bipPub='vpu...XxM'}
12:10:02.742 [main] DEBUG com.samourai.wallet.bipWallet.WalletSupplierImpl - +BipWallet[POSTMIX_BIP84]: BipWallet{id='POSTMIX_BIP84', samouraiAccount=POSTMIX, derivation=BipDerivation{purpose=84, accountIndex=2147483646}, bipFormatDefault=SEGWIT_NATIVE, bipFormats=[SEGWIT_NATIVE, SEGWIT_COMPAT, LEGACY], xPub='tpu...do5', bipPub='vpu...2eX'}
12:10:02.742 [main] DEBUG com.samourai.wallet.bipWallet.WalletSupplierImpl - +BipWallet[BADBANK_BIP84]: BipWallet{id='BADBANK_BIP84', samouraiAccount=BADBANK, derivation=BipDerivation{purpose=84, accountIndex=2147483644}, bipFormatDefault=SEGWIT_NATIVE, bipFormats=[SEGWIT_NATIVE], xPub='tpu...QxP', bipPub='vpu...M4F'}
]]></system-out>
  </testcase>
</testsuite>