<?xml version="1.0" encoding="UTF-8"?>
<testsuite xmlns:xsi="http://www.w3.org/2001/XMLSchema-instance" xsi:noNamespaceSchemaLocation="https://maven.apache.org/surefire/maven-surefire-plugin/xsd/surefire-test-report-3.0.xsd" version="3.0" name="com.samourai.wallet.client.BipWalletTest" time="1.59" tests="5" errors="0" skipped="0" failures="0">
  <properties>
    <property name="java.specification.version" value="20"/>
    <property name="sun.jnu.encoding" value="UTF-8"/>
    <property name="java.class.path" value="/Users/zacwatson/Work/Samourai/Wallet/ExtLibJ/target/test-classes:/Users/zacwatson/Work/Samourai/Wallet/ExtLibJ/target/classes:/Users/zacwatson/.m2/repository/org/apache/commons/commons-lang3/3.7/commons-lang3-3.7.jar:/Users/zacwatson/.m2/repository/commons-codec/commons-codec/1.10/commons-codec-1.10.jar:/Users/zacwatson/.m2/repository/org/json/json/20240205/json-20240205.jar:/Users/zacwatson/.m2/repository/io/samourai/code/whirlpool/bitcoinj/bitcoinj-core/007/bitcoinj-core-007.jar:/Users/zacwatson/.m2/repository/org/bouncycastle/bcprov-jdk18on/1.77/bcprov-jdk18on-1.77.jar:/Users/zacwatson/.m2/repository/com/google/protobuf/protobuf-java/3.11.4/protobuf-java-3.11.4.jar:/Users/zacwatson/.m2/repository/com/google/guava/guava/32.1.3-jre/guava-32.1.3-jre.jar:/Users/zacwatson/.m2/repository/com/google/guava/failureaccess/1.0.1/failureaccess-1.0.1.jar:/Users/zacwatson/.m2/repository/com/google/guava/listenablefuture/9999.0-empty-to-avoid-conflict-with-guava/listenablefuture-9999.0-empty-to-avoid-conflict-with-guava.jar:/Users/zacwatson/.m2/repository/com/google/code/findbugs/jsr305/3.0.2/jsr305-3.0.2.jar:/Users/zacwatson/.m2/repository/org/checkerframework/checker-qual/3.37.0/checker-qual-3.37.0.jar:/Users/zacwatson/.m2/repository/com/google/errorprone/error_prone_annotations/2.21.1/error_prone_annotations-2.21.1.jar:/Users/zacwatson/.m2/repository/com/google/j2objc/j2objc-annotations/2.8/j2objc-annotations-2.8.jar:/Users/zacwatson/.m2/repository/net/jcip/jcip-annotations/1.0/jcip-annotations-1.0.jar:/Users/zacwatson/.m2/repository/com/lambdaworks/scrypt/1.4.0/scrypt-1.4.0.jar:/Users/zacwatson/.m2/repository/org/slf4j/slf4j-api/1.7.32/slf4j-api-1.7.32.jar:/Users/zacwatson/.m2/repository/io/samourai/code/wallet/xmanager-protocol/1.0.11/xmanager-protocol-1.0.11.jar:/Users/zacwatson/.m2/repository/javax/validation/validation-api/2.0.1.Final/validation-api-2.0.1.Final.jar:/Users/zacwatson/.m2/repository/com/auth0/java-jwt/3.18.2/java-jwt-3.18.2.jar:/Users/zacwatson/.m2/repository/com/fasterxml/jackson/core/jackson-databind/2.13.0/jackson-databind-2.13.0.jar:/Users/zacwatson/.m2/repository/com/fasterxml/jackson/core/jackson-annotations/2.13.0/jackson-annotations-2.13.0.jar:/Users/zacwatson/.m2/repository/com/fasterxml/jackson/core/jackson-core/2.13.0/jackson-core-2.13.0.jar:/Users/zacwatson/.m2/repository/com/fasterxml/jackson/datatype/jackson-datatype-jsr310/2.13.0/jackson-datatype-jsr310-2.13.0.jar:/Users/zacwatson/.m2/repository/io/reactivex/rxjava2/rxjava/2.2.15/rxjava-2.2.15.jar:/Users/zacwatson/.m2/repository/org/reactivestreams/reactive-streams/1.0.3/reactive-streams-1.0.3.jar:/Users/zacwatson/.m2/repository/org/junit/jupiter/junit-jupiter/5.8.2/junit-jupiter-5.8.2.jar:/Users/zacwatson/.m2/repository/org/junit/jupiter/junit-jupiter-api/5.8.2/junit-jupiter-api-5.8.2.jar:/Users/zacwatson/.m2/repository/org/opentest4j/opentest4j/1.2.0/opentest4j-1.2.0.jar:/Users/zacwatson/.m2/repository/org/junit/platform/junit-platform-commons/1.8.2/junit-platform-commons-1.8.2.jar:/Users/zacwatson/.m2/repository/org/apiguardian/apiguardian-api/1.1.2/apiguardian-api-1.1.2.jar:/Users/zacwatson/.m2/repository/org/junit/jupiter/junit-jupiter-params/5.8.2/junit-jupiter-params-5.8.2.jar:/Users/zacwatson/.m2/repository/org/junit/jupiter/junit-jupiter-engine/5.8.2/junit-jupiter-engine-5.8.2.jar:/Users/zacwatson/.m2/repository/org/junit/platform/junit-platform-engine/1.8.2/junit-platform-engine-1.8.2.jar:/Users/zacwatson/.m2/repository/ch/qos/logback/logback-classic/1.2.13/logback-classic-1.2.13.jar:/Users/zacwatson/.m2/repository/ch/qos/logback/logback-core/1.2.13/logback-core-1.2.13.jar:/Users/zacwatson/.m2/repository/org/jetbrains/kotlin/kotlin-stdlib-jdk8/1.3.41/kotlin-stdlib-jdk8-1.3.41.jar:/Users/zacwatson/.m2/repository/org/jetbrains/kotlin/kotlin-stdlib/1.3.41/kotlin-stdlib-1.3.41.jar:/Users/zacwatson/.m2/repository/org/jetbrains/kotlin/kotlin-stdlib-common/1.3.41/kotlin-stdlib-common-1.3.41.jar:/Users/zacwatson/.m2/repository/org/jetbrains/annotations/13.0/annotations-13.0.jar:/Users/zacwatson/.m2/repository/org/jetbrains/kotlin/kotlin-stdlib-jdk7/1.3.41/kotlin-stdlib-jdk7-1.3.41.jar:/Users/zacwatson/.m2/repository/org/jetbrains/kotlin/kotlin-test/1.3.41/kotlin-test-1.3.41.jar:/Users/zacwatson/.m2/repository/org/jetbrains/kotlin/kotlin-test-common/1.3.41/kotlin-test-common-1.3.41.jar:/Users/zacwatson/.m2/repository/io/samourai/code/wallet/java-http-client/2.0.0/java-http-client-2.0.0.jar:/Users/zacwatson/.m2/repository/org/eclipse/jetty/jetty-client/9.4.54.v20240208/jetty-client-9.4.54.v20240208.jar:/Users/zacwatson/.m2/repository/org/eclipse/jetty/jetty-http/9.4.54.v20240208/jetty-http-9.4.54.v20240208.jar:/Users/zacwatson/.m2/repository/org/eclipse/jetty/jetty-util/9.4.54.v20240208/jetty-util-9.4.54.v20240208.jar:/Users/zacwatson/.m2/repository/org/eclipse/jetty/jetty-io/9.4.54.v20240208/jetty-io-9.4.54.v20240208.jar:"/>
    <property name="java.vm.vendor" value="Homebrew"/>
    <property name="sun.arch.data.model" value="64"/>
    <property name="java.vendor.url" value="https://github.com/Homebrew/homebrew-core/issues"/>
    <property name="user.timezone" value="America/Chicago"/>
    <property name="os.name" value="Mac OS X"/>
    <property name="java.vm.specification.version" value="20"/>
    <property name="sun.java.launcher" value="SUN_STANDARD"/>
    <property name="user.country" value="US"/>
    <property name="sun.boot.library.path" value="/usr/local/Cellar/openjdk/20.0.2/libexec/openjdk.jdk/Contents/Home/lib"/>
    <property name="sun.java.command" value="/Users/zacwatson/Work/Samourai/Wallet/ExtLibJ/target/surefire/surefirebooter-20240328120857862_3.jar /Users/zacwatson/Work/Samourai/Wallet/ExtLibJ/target/surefire 2024-03-28T12-08-57_476-jvmRun1 surefire-20240328120857862_1tmp surefire_0-20240328120857862_2tmp"/>
    <property name="http.nonProxyHosts" value="local|*.local|169.254/16|*.169.254/16"/>
    <property name="jdk.debug" value="release"/>
    <property name="surefire.test.class.path" value="/Users/zacwatson/Work/Samourai/Wallet/ExtLibJ/target/test-classes:/Users/zacwatson/Work/Samourai/Wallet/ExtLibJ/target/classes:/Users/zacwatson/.m2/repository/org/apache/commons/commons-lang3/3.7/commons-lang3-3.7.jar:/Users/zacwatson/.m2/repository/commons-codec/commons-codec/1.10/commons-codec-1.10.jar:/Users/zacwatson/.m2/repository/org/json/json/20240205/json-20240205.jar:/Users/zacwatson/.m2/repository/io/samourai/code/whirlpool/bitcoinj/bitcoinj-core/007/bitcoinj-core-007.jar:/Users/zacwatson/.m2/repository/org/bouncycastle/bcprov-jdk18on/1.77/bcprov-jdk18on-1.77.jar:/Users/zacwatson/.m2/repository/com/google/protobuf/protobuf-java/3.11.4/protobuf-java-3.11.4.jar:/Users/zacwatson/.m2/repository/com/google/guava/guava/32.1.3-jre/guava-32.1.3-jre.jar:/Users/zacwatson/.m2/repository/com/google/guava/failureaccess/1.0.1/failureaccess-1.0.1.jar:/Users/zacwatson/.m2/repository/com/google/guava/listenablefuture/9999.0-empty-to-avoid-conflict-with-guava/listenablefuture-9999.0-empty-to-avoid-conflict-with-guava.jar:/Users/zacwatson/.m2/repository/com/google/code/findbugs/jsr305/3.0.2/jsr305-3.0.2.jar:/Users/zacwatson/.m2/repository/org/checkerframework/checker-qual/3.37.0/checker-qual-3.37.0.jar:/Users/zacwatson/.m2/repository/com/google/errorprone/error_prone_annotations/2.21.1/error_prone_annotations-2.21.1.jar:/Users/zacwatson/.m2/repository/com/google/j2objc/j2objc-annotations/2.8/j2objc-annotations-2.8.jar:/Users/zacwatson/.m2/repository/net/jcip/jcip-annotations/1.0/jcip-annotations-1.0.jar:/Users/zacwatson/.m2/repository/com/lambdaworks/scrypt/1.4.0/scrypt-1.4.0.jar:/Users/zacwatson/.m2/repository/org/slf4j/slf4j-api/1.7.32/slf4j-api-1.7.32.jar:/Users/zacwatson/.m2/repository/io/samourai/code/wallet/xmanager-protocol/1.0.11/xmanager-protocol-1.0.11.jar:/Users/zacwatson/.m2/repository/javax/validation/validation-api/2.0.1.Final/validation-api-2.0.1.Final.jar:/Users/zacwatson/.m2/repository/com/auth0/java-jwt/3.18.2/java-jwt-3.18.2.jar:/Users/zacwatson/.m2/repository/com/fasterxml/jackson/core/jackson-databind/2.13.0/jackson-databind-2.13.0.jar:/Users/zacwatson/.m2/repository/com/fasterxml/jackson/core/jackson-annotations/2.13.0/jackson-annotations-2.13.0.jar:/Users/zacwatson/.m2/repository/com/fasterxml/jackson/core/jackson-core/2.13.0/jackson-core-2.13.0.jar:/Users/zacwatson/.m2/repository/com/fasterxml/jackson/datatype/jackson-datatype-jsr310/2.13.0/jackson-datatype-jsr310-2.13.0.jar:/Users/zacwatson/.m2/repository/io/reactivex/rxjava2/rxjava/2.2.15/rxjava-2.2.15.jar:/Users/zacwatson/.m2/repository/org/reactivestreams/reactive-streams/1.0.3/reactive-streams-1.0.3.jar:/Users/zacwatson/.m2/repository/org/junit/jupiter/junit-jupiter/5.8.2/junit-jupiter-5.8.2.jar:/Users/zacwatson/.m2/repository/org/junit/jupiter/junit-jupiter-api/5.8.2/junit-jupiter-api-5.8.2.jar:/Users/zacwatson/.m2/repository/org/opentest4j/opentest4j/1.2.0/opentest4j-1.2.0.jar:/Users/zacwatson/.m2/repository/org/junit/platform/junit-platform-commons/1.8.2/junit-platform-commons-1.8.2.jar:/Users/zacwatson/.m2/repository/org/apiguardian/apiguardian-api/1.1.2/apiguardian-api-1.1.2.jar:/Users/zacwatson/.m2/repository/org/junit/jupiter/junit-jupiter-params/5.8.2/junit-jupiter-params-5.8.2.jar:/Users/zacwatson/.m2/repository/org/junit/jupiter/junit-jupiter-engine/5.8.2/junit-jupiter-engine-5.8.2.jar:/Users/zacwatson/.m2/repository/org/junit/platform/junit-platform-engine/1.8.2/junit-platform-engine-1.8.2.jar:/Users/zacwatson/.m2/repository/ch/qos/logback/logback-classic/1.2.13/logback-classic-1.2.13.jar:/Users/zacwatson/.m2/repository/ch/qos/logback/logback-core/1.2.13/logback-core-1.2.13.jar:/Users/zacwatson/.m2/repository/org/jetbrains/kotlin/kotlin-stdlib-jdk8/1.3.41/kotlin-stdlib-jdk8-1.3.41.jar:/Users/zacwatson/.m2/repository/org/jetbrains/kotlin/kotlin-stdlib/1.3.41/kotlin-stdlib-1.3.41.jar:/Users/zacwatson/.m2/repository/org/jetbrains/kotlin/kotlin-stdlib-common/1.3.41/kotlin-stdlib-common-1.3.41.jar:/Users/zacwatson/.m2/repository/org/jetbrains/annotations/13.0/annotations-13.0.jar:/Users/zacwatson/.m2/repository/org/jetbrains/kotlin/kotlin-stdlib-jdk7/1.3.41/kotlin-stdlib-jdk7-1.3.41.jar:/Users/zacwatson/.m2/repository/org/jetbrains/kotlin/kotlin-test/1.3.41/kotlin-test-1.3.41.jar:/Users/zacwatson/.m2/repository/org/jetbrains/kotlin/kotlin-test-common/1.3.41/kotlin-test-common-1.3.41.jar:/Users/zacwatson/.m2/repository/io/samourai/code/wallet/java-http-client/2.0.0/java-http-client-2.0.0.jar:/Users/zacwatson/.m2/repository/org/eclipse/jetty/jetty-client/9.4.54.v20240208/jetty-client-9.4.54.v20240208.jar:/Users/zacwatson/.m2/repository/org/eclipse/jetty/jetty-http/9.4.54.v20240208/jetty-http-9.4.54.v20240208.jar:/Users/zacwatson/.m2/repository/org/eclipse/jetty/jetty-util/9.4.54.v20240208/jetty-util-9.4.54.v20240208.jar:/Users/zacwatson/.m2/repository/org/eclipse/jetty/jetty-io/9.4.54.v20240208/jetty-io-9.4.54.v20240208.jar:"/>
    <property name="sun.cpu.endian" value="little"/>
    <property name="user.home" value="/Users/zacwatson"/>
    <property name="user.language" value="en"/>
    <property name="java.specification.vendor" value="Oracle Corporation"/>
    <property name="java.version.date" value="2023-07-18"/>
    <property name="java.home" value="/usr/local/Cellar/openjdk/20.0.2/libexec/openjdk.jdk/Contents/Home"/>
    <property name="file.separator" value="/"/>
    <property name="basedir" value="/Users/zacwatson/Work/Samourai/Wallet/ExtLibJ"/>
    <property name="java.vm.compressedOopsMode" value="Zero based"/>
    <property name="line.separator" value="&#10;"/>
    <property name="java.vm.specification.vendor" value="Oracle Corporation"/>
    <property name="java.specification.name" value="Java Platform API Specification"/>
    <property name="apple.awt.application.name" value="ForkedBooter"/>
    <property name="surefire.real.class.path" value="/Users/zacwatson/Work/Samourai/Wallet/ExtLibJ/target/surefire/surefirebooter-20240328120857862_3.jar"/>
    <property name="sun.management.compiler" value="HotSpot 64-Bit Tiered Compilers"/>
    <property name="ftp.nonProxyHosts" value="local|*.local|169.254/16|*.169.254/16"/>
    <property name="java.runtime.version" value="20.0.2"/>
    <property name="user.name" value="zacwatson"/>
    <property name="stdout.encoding" value="UTF-8"/>
    <property name="path.separator" value=":"/>
    <property name="os.version" value="14.2.1"/>
    <property name="java.runtime.name" value="OpenJDK Runtime Environment"/>
    <property name="file.encoding" value="UTF-8"/>
    <property name="java.vm.name" value="OpenJDK 64-Bit Server VM"/>
    <property name="java.vendor.version" value="Homebrew"/>
    <property name="localRepository" value="/Users/zacwatson/.m2/repository"/>
    <property name="java.vendor.url.bug" value="https://github.com/Homebrew/homebrew-core/issues"/>
    <property name="jetty.git.hash" value="cef3fbd6d736a21e7d541a5db490381d95a2047d"/>
    <property name="java.io.tmpdir" value="/var/folders/hn/y1thvm4x5x964bvll4wj4_2m0000gn/T/"/>
    <property name="java.version" value="20.0.2"/>
    <property name="user.dir" value="/Users/zacwatson/Work/Samourai/Wallet/ExtLibJ"/>
    <property name="os.arch" value="x86_64"/>
    <property name="java.vm.specification.name" value="Java Virtual Machine Specification"/>
    <property name="native.encoding" value="UTF-8"/>
    <property name="java.library.path" value="/Users/zacwatson/Library/Java/Extensions:/Library/Java/Extensions:/Network/Library/Java/Extensions:/System/Library/Java/Extensions:/usr/lib/java:."/>
    <property name="java.vm.info" value="mixed mode, sharing"/>
    <property name="stderr.encoding" value="UTF-8"/>
    <property name="java.vendor" value="Homebrew"/>
    <property name="java.vm.version" value="20.0.2"/>
    <property name="sun.io.unicode.encoding" value="UnicodeBig"/>
    <property name="socksNonProxyHosts" value="local|*.local|169.254/16|*.169.254/16"/>
    <property name="java.class.version" value="64.0"/>
  </properties>
  <testcase name="getNextAddress" classname="com.samourai.wallet.client.BipWalletTest" time="0.159">
    <system-out><![CDATA[12:10:47.258 [main] DEBUG com.samourai.http.client.JettyHttpClient - +httpClient: no proxy
12:10:47.413 [main] DEBUG com.samourai.wallet.bipWallet.WalletSupplierImpl - +BipWallet[DEPOSIT_BIP44]: BipWallet{id='DEPOSIT_BIP44', samouraiAccount=DEPOSIT, derivation=BipDerivation{purpose=44, accountIndex=0}, bipFormatDefault=LEGACY, bipFormats=[LEGACY], xPub='tpu...LwY', bipPub='tpu...LwY'}
12:10:47.413 [main] DEBUG com.samourai.wallet.bipWallet.WalletSupplierImpl - +BipWallet[DEPOSIT_BIP49]: BipWallet{id='DEPOSIT_BIP49', samouraiAccount=DEPOSIT, derivation=BipDerivation{purpose=49, accountIndex=0}, bipFormatDefault=SEGWIT_COMPAT, bipFormats=[SEGWIT_COMPAT], xPub='tpu...eV2', bipPub='upu...38D'}
12:10:47.413 [main] DEBUG com.samourai.wallet.bipWallet.WalletSupplierImpl - +BipWallet[DEPOSIT_BIP84]: BipWallet{id='DEPOSIT_BIP84', samouraiAccount=DEPOSIT, derivation=BipDerivation{purpose=84, accountIndex=0}, bipFormatDefault=SEGWIT_NATIVE, bipFormats=[SEGWIT_NATIVE], xPub='tpu...re9', bipPub='vpu...dCu'}
12:10:47.413 [main] DEBUG com.samourai.wallet.bipWallet.WalletSupplierImpl - +BipWallet[PREMIX_BIP84]: BipWallet{id='PREMIX_BIP84', samouraiAccount=PREMIX, derivation=BipDerivation{purpose=84, accountIndex=2147483645}, bipFormatDefault=SEGWIT_NATIVE, bipFormats=[SEGWIT_NATIVE], xPub='tpu...hvr', bipPub='vpu...4mL'}
12:10:47.413 [main] DEBUG com.samourai.wallet.bipWallet.WalletSupplierImpl - +BipWallet[POSTMIX_BIP84]: BipWallet{id='POSTMIX_BIP84', samouraiAccount=POSTMIX, derivation=BipDerivation{purpose=84, accountIndex=2147483646}, bipFormatDefault=SEGWIT_NATIVE, bipFormats=[SEGWIT_NATIVE, SEGWIT_COMPAT, LEGACY], xPub='tpu...sQD', bipPub='vpu...nrW'}
12:10:47.413 [main] DEBUG com.samourai.wallet.bipWallet.WalletSupplierImpl - +BipWallet[ASB_BIP84]: BipWallet{id='ASB_BIP84', samouraiAccount=SWAPS_ASB, derivation=BipDerivation{purpose=84, accountIndex=2147483641}, bipFormatDefault=SEGWIT_NATIVE, bipFormats=[SEGWIT_NATIVE], xPub='tpu...p4i', bipPub='vpu...sEH'}
12:10:47.413 [main] DEBUG com.samourai.wallet.bipWallet.WalletSupplierImpl - +BipWallet[SWAPS_DEPOSIT]: BipWallet{id='SWAPS_DEPOSIT', samouraiAccount=SWAPS_DEPOSIT, derivation=BipDerivation{purpose=84, accountIndex=2147483643}, bipFormatDefault=SEGWIT_NATIVE, bipFormats=[SEGWIT_NATIVE], xPub='tpu...3s7', bipPub='vpu...HpJ'}
12:10:47.413 [main] DEBUG com.samourai.wallet.bipWallet.WalletSupplierImpl - +BipWallet[SWAPS_REFUNDS]: BipWallet{id='SWAPS_REFUNDS', samouraiAccount=SWAPS_REFUNDS, derivation=BipDerivation{purpose=84, accountIndex=2147483642}, bipFormatDefault=SEGWIT_NATIVE, bipFormats=[SEGWIT_NATIVE], xPub='tpu...rMX', bipPub='vpu...Sr9'}
12:10:47.413 [main] DEBUG com.samourai.wallet.bipWallet.WalletSupplierImpl - +BipWallet[BADBANK_BIP84]: BipWallet{id='BADBANK_BIP84', samouraiAccount=BADBANK, derivation=BipDerivation{purpose=84, accountIndex=2147483644}, bipFormatDefault=SEGWIT_NATIVE, bipFormats=[SEGWIT_NATIVE], xPub='tpu...hmu', bipPub='vpu...tNY'}
12:10:47.413 [main] DEBUG com.samourai.wallet.bipWallet.WalletSupplierImpl - +BipWallet[RICOCHET_BIP84]: BipWallet{id='RICOCHET_BIP84', samouraiAccount=RICOCHET, derivation=BipDerivation{purpose=84, accountIndex=2147483647}, bipFormatDefault=SEGWIT_NATIVE, bipFormats=[SEGWIT_NATIVE], xPub='tpu...UMc', bipPub='vpu...knj'}
12:10:47.413 [main] DEBUG com.samourai.wallet.api.backend.BackendApi - urlBackend=https://api.samouraiwallet.com/test/v2, oAuth=no
12:10:47.413 [main] DEBUG com.samourai.wallet.util.LogbackUtils - Log level set to DEBUG for the logger 'com.samourai'
12:10:47.413 [main] DEBUG com.samourai.wallet.util.LogbackUtils - Log level set to DEBUG for the logger 'com.samourai.whirlpool.client'
12:10:47.413 [main] DEBUG com.samourai.wallet.util.LogbackUtils - Log level set to DEBUG for the logger 'com.samourai.whirlpool.client.mix.dialog'
12:10:47.413 [main] DEBUG com.samourai.wallet.util.LogbackUtils - Log level set to DEBUG for the logger 'com.samourai.stomp.client'
12:10:47.413 [main] DEBUG com.samourai.wallet.util.LogbackUtils - Log level set to DEBUG for the logger 'com.samourai.wallet.util.FeeUtil'
12:10:47.413 [main] DEBUG com.samourai.wallet.util.LogbackUtils - Log level set to DEBUG for the logger 'com.samourai.whirlpool.client.utils'
12:10:47.413 [main] DEBUG com.samourai.wallet.util.LogbackUtils - Log level set to DEBUG for the logger 'com.samourai.whirlpool.client.wallet'
12:10:47.413 [main] DEBUG com.samourai.wallet.util.LogbackUtils - Log level set to DEBUG for the logger 'com.samourai.wallet.cahoots'
12:10:47.413 [main] DEBUG com.samourai.wallet.util.LogbackUtils - Log level set to DEBUG for the logger 'com.samourai.wallet.cahoots.stowaway'
12:10:47.413 [main] DEBUG com.samourai.wallet.util.LogbackUtils - Log level set to DEBUG for the logger 'com.samourai.wallet.cahoots.stonewallx2'
12:10:47.413 [main] DEBUG com.samourai.wallet.util.LogbackUtils - Log level set to DEBUG for the logger 'com.samourai.wallet.sorobanClient'
12:10:47.413 [main] DEBUG com.samourai.wallet.util.LogbackUtils - Log level set to DEBUG for the logger 'com.samourai.soroban.client'
12:10:47.413 [main] DEBUG com.samourai.wallet.util.LogbackUtils - Log level set to DEBUG for the logger 'com.samourai.soroban.client.rpc'
12:10:47.413 [main] DEBUG com.samourai.wallet.util.LogbackUtils - Log level set to DEBUG for the logger 'com.samourai.soroban.client.dialog'
12:10:47.413 [main] DEBUG com.samourai.wallet.util.LogbackUtils - Log level set to DEBUG for the logger 'com.samourai.soroban.client.meeting'
12:10:47.413 [main] DEBUG com.samourai.wallet.util.LogbackUtils - Log level set to DEBUG for the logger 'com.samourai.whirlpool.client.wallet.orchestrator'
12:10:47.413 [main] DEBUG com.samourai.wallet.util.LogbackUtils - Log level set to ERROR for the logger 'org.bitcoinj'
12:10:47.413 [main] DEBUG com.samourai.wallet.util.LogbackUtils - Log level set to WARN for the logger 'org.bitcoin'
12:10:47.413 [main] DEBUG com.samourai.wallet.util.LogbackUtils - Log level set to INFO for the logger 'org.eclipse.jetty'
12:10:47.414 [main] DEBUG com.samourai.http.client.JettyHttpClient - +httpClient: no proxy
12:10:47.568 [main] DEBUG com.samourai.wallet.bipWallet.WalletSupplierImpl - +BipWallet[DEPOSIT_BIP44]: BipWallet{id='DEPOSIT_BIP44', samouraiAccount=DEPOSIT, derivation=BipDerivation{purpose=44, accountIndex=0}, bipFormatDefault=LEGACY, bipFormats=[LEGACY], xPub='tpu...LwY', bipPub='tpu...LwY'}
12:10:47.568 [main] DEBUG com.samourai.wallet.bipWallet.WalletSupplierImpl - +BipWallet[DEPOSIT_BIP49]: BipWallet{id='DEPOSIT_BIP49', samouraiAccount=DEPOSIT, derivation=BipDerivation{purpose=49, accountIndex=0}, bipFormatDefault=SEGWIT_COMPAT, bipFormats=[SEGWIT_COMPAT], xPub='tpu...eV2', bipPub='upu...38D'}
12:10:47.568 [main] DEBUG com.samourai.wallet.bipWallet.WalletSupplierImpl - +BipWallet[DEPOSIT_BIP84]: BipWallet{id='DEPOSIT_BIP84', samouraiAccount=DEPOSIT, derivation=BipDerivation{purpose=84, accountIndex=0}, bipFormatDefault=SEGWIT_NATIVE, bipFormats=[SEGWIT_NATIVE], xPub='tpu...re9', bipPub='vpu...dCu'}
12:10:47.568 [main] DEBUG com.samourai.wallet.bipWallet.WalletSupplierImpl - +BipWallet[PREMIX_BIP84]: BipWallet{id='PREMIX_BIP84', samouraiAccount=PREMIX, derivation=BipDerivation{purpose=84, accountIndex=2147483645}, bipFormatDefault=SEGWIT_NATIVE, bipFormats=[SEGWIT_NATIVE], xPub='tpu...hvr', bipPub='vpu...4mL'}
12:10:47.569 [main] DEBUG com.samourai.wallet.bipWallet.WalletSupplierImpl - +BipWallet[POSTMIX_BIP84]: BipWallet{id='POSTMIX_BIP84', samouraiAccount=POSTMIX, derivation=BipDerivation{purpose=84, accountIndex=2147483646}, bipFormatDefault=SEGWIT_NATIVE, bipFormats=[SEGWIT_NATIVE, SEGWIT_COMPAT, LEGACY], xPub='tpu...sQD', bipPub='vpu...nrW'}
12:10:47.569 [main] DEBUG com.samourai.wallet.bipWallet.WalletSupplierImpl - +BipWallet[ASB_BIP84]: BipWallet{id='ASB_BIP84', samouraiAccount=SWAPS_ASB, derivation=BipDerivation{purpose=84, accountIndex=2147483641}, bipFormatDefault=SEGWIT_NATIVE, bipFormats=[SEGWIT_NATIVE], xPub='tpu...p4i', bipPub='vpu...sEH'}
12:10:47.569 [main] DEBUG com.samourai.wallet.bipWallet.WalletSupplierImpl - +BipWallet[SWAPS_DEPOSIT]: BipWallet{id='SWAPS_DEPOSIT', samouraiAccount=SWAPS_DEPOSIT, derivation=BipDerivation{purpose=84, accountIndex=2147483643}, bipFormatDefault=SEGWIT_NATIVE, bipFormats=[SEGWIT_NATIVE], xPub='tpu...3s7', bipPub='vpu...HpJ'}
12:10:47.569 [main] DEBUG com.samourai.wallet.bipWallet.WalletSupplierImpl - +BipWallet[SWAPS_REFUNDS]: BipWallet{id='SWAPS_REFUNDS', samouraiAccount=SWAPS_REFUNDS, derivation=BipDerivation{purpose=84, accountIndex=2147483642}, bipFormatDefault=SEGWIT_NATIVE, bipFormats=[SEGWIT_NATIVE], xPub='tpu...rMX', bipPub='vpu...Sr9'}
12:10:47.569 [main] DEBUG com.samourai.wallet.bipWallet.WalletSupplierImpl - +BipWallet[BADBANK_BIP84]: BipWallet{id='BADBANK_BIP84', samouraiAccount=BADBANK, derivation=BipDerivation{purpose=84, accountIndex=2147483644}, bipFormatDefault=SEGWIT_NATIVE, bipFormats=[SEGWIT_NATIVE], xPub='tpu...hmu', bipPub='vpu...tNY'}
12:10:47.569 [main] DEBUG com.samourai.wallet.bipWallet.WalletSupplierImpl - +BipWallet[RICOCHET_BIP84]: BipWallet{id='RICOCHET_BIP84', samouraiAccount=RICOCHET, derivation=BipDerivation{purpose=84, accountIndex=2147483647}, bipFormatDefault=SEGWIT_NATIVE, bipFormats=[SEGWIT_NATIVE], xPub='tpu...UMc', bipPub='vpu...knj'}
12:10:47.569 [main] DEBUG com.samourai.wallet.api.backend.BackendApi - urlBackend=https://api.samouraiwallet.com/test/v2, oAuth=no
12:10:47.569 [main] DEBUG com.samourai.wallet.util.LogbackUtils - Log level set to DEBUG for the logger 'com.samourai'
12:10:47.569 [main] DEBUG com.samourai.wallet.util.LogbackUtils - Log level set to DEBUG for the logger 'com.samourai.whirlpool.client'
12:10:47.569 [main] DEBUG com.samourai.wallet.util.LogbackUtils - Log level set to DEBUG for the logger 'com.samourai.whirlpool.client.mix.dialog'
12:10:47.569 [main] DEBUG com.samourai.wallet.util.LogbackUtils - Log level set to DEBUG for the logger 'com.samourai.stomp.client'
12:10:47.569 [main] DEBUG com.samourai.wallet.util.LogbackUtils - Log level set to DEBUG for the logger 'com.samourai.wallet.util.FeeUtil'
12:10:47.569 [main] DEBUG com.samourai.wallet.util.LogbackUtils - Log level set to DEBUG for the logger 'com.samourai.whirlpool.client.utils'
12:10:47.569 [main] DEBUG com.samourai.wallet.util.LogbackUtils - Log level set to DEBUG for the logger 'com.samourai.whirlpool.client.wallet'
12:10:47.569 [main] DEBUG com.samourai.wallet.util.LogbackUtils - Log level set to DEBUG for the logger 'com.samourai.wallet.cahoots'
12:10:47.569 [main] DEBUG com.samourai.wallet.util.LogbackUtils - Log level set to DEBUG for the logger 'com.samourai.wallet.cahoots.stowaway'
12:10:47.569 [main] DEBUG com.samourai.wallet.util.LogbackUtils - Log level set to DEBUG for the logger 'com.samourai.wallet.cahoots.stonewallx2'
12:10:47.569 [main] DEBUG com.samourai.wallet.util.LogbackUtils - Log level set to DEBUG for the logger 'com.samourai.wallet.sorobanClient'
12:10:47.569 [main] DEBUG com.samourai.wallet.util.LogbackUtils - Log level set to DEBUG for the logger 'com.samourai.soroban.client'
12:10:47.569 [main] DEBUG com.samourai.wallet.util.LogbackUtils - Log level set to DEBUG for the logger 'com.samourai.soroban.client.rpc'
12:10:47.569 [main] DEBUG com.samourai.wallet.util.LogbackUtils - Log level set to DEBUG for the logger 'com.samourai.soroban.client.dialog'
12:10:47.569 [main] DEBUG com.samourai.wallet.util.LogbackUtils - Log level set to DEBUG for the logger 'com.samourai.soroban.client.meeting'
12:10:47.569 [main] DEBUG com.samourai.wallet.util.LogbackUtils - Log level set to DEBUG for the logger 'com.samourai.whirlpool.client.wallet.orchestrator'
12:10:47.569 [main] DEBUG com.samourai.wallet.util.LogbackUtils - Log level set to ERROR for the logger 'org.bitcoinj'
12:10:47.569 [main] DEBUG com.samourai.wallet.util.LogbackUtils - Log level set to WARN for the logger 'org.bitcoin'
12:10:47.569 [main] DEBUG com.samourai.wallet.util.LogbackUtils - Log level set to INFO for the logger 'org.eclipse.jetty'
]]></system-out>
  </testcase>
  <testcase name="derivationGetPath" classname="com.samourai.wallet.client.BipWalletTest" time="0.156">
    <system-out><![CDATA[12:10:47.579 [main] DEBUG com.samourai.http.client.JettyHttpClient - +httpClient: no proxy
12:10:47.740 [main] DEBUG com.samourai.wallet.bipWallet.WalletSupplierImpl - +BipWallet[DEPOSIT_BIP44]: BipWallet{id='DEPOSIT_BIP44', samouraiAccount=DEPOSIT, derivation=BipDerivation{purpose=44, accountIndex=0}, bipFormatDefault=LEGACY, bipFormats=[LEGACY], xPub='tpu...LwY', bipPub='tpu...LwY'}
12:10:47.740 [main] DEBUG com.samourai.wallet.bipWallet.WalletSupplierImpl - +BipWallet[DEPOSIT_BIP49]: BipWallet{id='DEPOSIT_BIP49', samouraiAccount=DEPOSIT, derivation=BipDerivation{purpose=49, accountIndex=0}, bipFormatDefault=SEGWIT_COMPAT, bipFormats=[SEGWIT_COMPAT], xPub='tpu...eV2', bipPub='upu...38D'}
12:10:47.740 [main] DEBUG com.samourai.wallet.bipWallet.WalletSupplierImpl - +BipWallet[DEPOSIT_BIP84]: BipWallet{id='DEPOSIT_BIP84', samouraiAccount=DEPOSIT, derivation=BipDerivation{purpose=84, accountIndex=0}, bipFormatDefault=SEGWIT_NATIVE, bipFormats=[SEGWIT_NATIVE], xPub='tpu...re9', bipPub='vpu...dCu'}
12:10:47.740 [main] DEBUG com.samourai.wallet.bipWallet.WalletSupplierImpl - +BipWallet[PREMIX_BIP84]: BipWallet{id='PREMIX_BIP84', samouraiAccount=PREMIX, derivation=BipDerivation{purpose=84, accountIndex=2147483645}, bipFormatDefault=SEGWIT_NATIVE, bipFormats=[SEGWIT_NATIVE], xPub='tpu...hvr', bipPub='vpu...4mL'}
12:10:47.740 [main] DEBUG com.samourai.wallet.bipWallet.WalletSupplierImpl - +BipWallet[POSTMIX_BIP84]: BipWallet{id='POSTMIX_BIP84', samouraiAccount=POSTMIX, derivation=BipDerivation{purpose=84, accountIndex=2147483646}, bipFormatDefault=SEGWIT_NATIVE, bipFormats=[SEGWIT_NATIVE, SEGWIT_COMPAT, LEGACY], xPub='tpu...sQD', bipPub='vpu...nrW'}
12:10:47.740 [main] DEBUG com.samourai.wallet.bipWallet.WalletSupplierImpl - +BipWallet[ASB_BIP84]: BipWallet{id='ASB_BIP84', samouraiAccount=SWAPS_ASB, derivation=BipDerivation{purpose=84, accountIndex=2147483641}, bipFormatDefault=SEGWIT_NATIVE, bipFormats=[SEGWIT_NATIVE], xPub='tpu...p4i', bipPub='vpu...sEH'}
12:10:47.740 [main] DEBUG com.samourai.wallet.bipWallet.WalletSupplierImpl - +BipWallet[SWAPS_DEPOSIT]: BipWallet{id='SWAPS_DEPOSIT', samouraiAccount=SWAPS_DEPOSIT, derivation=BipDerivation{purpose=84, accountIndex=2147483643}, bipFormatDefault=SEGWIT_NATIVE, bipFormats=[SEGWIT_NATIVE], xPub='tpu...3s7', bipPub='vpu...HpJ'}
12:10:47.740 [main] DEBUG com.samourai.wallet.bipWallet.WalletSupplierImpl - +BipWallet[SWAPS_REFUNDS]: BipWallet{id='SWAPS_REFUNDS', samouraiAccount=SWAPS_REFUNDS, derivation=BipDerivation{purpose=84, accountIndex=2147483642}, bipFormatDefault=SEGWIT_NATIVE, bipFormats=[SEGWIT_NATIVE], xPub='tpu...rMX', bipPub='vpu...Sr9'}
12:10:47.740 [main] DEBUG com.samourai.wallet.bipWallet.WalletSupplierImpl - +BipWallet[BADBANK_BIP84]: BipWallet{id='BADBANK_BIP84', samouraiAccount=BADBANK, derivation=BipDerivation{purpose=84, accountIndex=2147483644}, bipFormatDefault=SEGWIT_NATIVE, bipFormats=[SEGWIT_NATIVE], xPub='tpu...hmu', bipPub='vpu...tNY'}
12:10:47.740 [main] DEBUG com.samourai.wallet.bipWallet.WalletSupplierImpl - +BipWallet[RICOCHET_BIP84]: BipWallet{id='RICOCHET_BIP84', samouraiAccount=RICOCHET, derivation=BipDerivation{purpose=84, accountIndex=2147483647}, bipFormatDefault=SEGWIT_NATIVE, bipFormats=[SEGWIT_NATIVE], xPub='tpu...UMc', bipPub='vpu...knj'}
12:10:47.740 [main] DEBUG com.samourai.wallet.api.backend.BackendApi - urlBackend=https://api.samouraiwallet.com/test/v2, oAuth=no
12:10:47.740 [main] DEBUG com.samourai.wallet.util.LogbackUtils - Log level set to DEBUG for the logger 'com.samourai'
12:10:47.741 [main] DEBUG com.samourai.wallet.util.LogbackUtils - Log level set to DEBUG for the logger 'com.samourai.whirlpool.client'
12:10:47.741 [main] DEBUG com.samourai.wallet.util.LogbackUtils - Log level set to DEBUG for the logger 'com.samourai.whirlpool.client.mix.dialog'
12:10:47.741 [main] DEBUG com.samourai.wallet.util.LogbackUtils - Log level set to DEBUG for the logger 'com.samourai.stomp.client'
12:10:47.741 [main] DEBUG com.samourai.wallet.util.LogbackUtils - Log level set to DEBUG for the logger 'com.samourai.wallet.util.FeeUtil'
12:10:47.741 [main] DEBUG com.samourai.wallet.util.LogbackUtils - Log level set to DEBUG for the logger 'com.samourai.whirlpool.client.utils'
12:10:47.741 [main] DEBUG com.samourai.wallet.util.LogbackUtils - Log level set to DEBUG for the logger 'com.samourai.whirlpool.client.wallet'
12:10:47.741 [main] DEBUG com.samourai.wallet.util.LogbackUtils - Log level set to DEBUG for the logger 'com.samourai.wallet.cahoots'
12:10:47.741 [main] DEBUG com.samourai.wallet.util.LogbackUtils - Log level set to DEBUG for the logger 'com.samourai.wallet.cahoots.stowaway'
12:10:47.741 [main] DEBUG com.samourai.wallet.util.LogbackUtils - Log level set to DEBUG for the logger 'com.samourai.wallet.cahoots.stonewallx2'
12:10:47.741 [main] DEBUG com.samourai.wallet.util.LogbackUtils - Log level set to DEBUG for the logger 'com.samourai.wallet.sorobanClient'
12:10:47.741 [main] DEBUG com.samourai.wallet.util.LogbackUtils - Log level set to DEBUG for the logger 'com.samourai.soroban.client'
12:10:47.741 [main] DEBUG com.samourai.wallet.util.LogbackUtils - Log level set to DEBUG for the logger 'com.samourai.soroban.client.rpc'
12:10:47.741 [main] DEBUG com.samourai.wallet.util.LogbackUtils - Log level set to DEBUG for the logger 'com.samourai.soroban.client.dialog'
12:10:47.741 [main] DEBUG com.samourai.wallet.util.LogbackUtils - Log level set to DEBUG for the logger 'com.samourai.soroban.client.meeting'
12:10:47.741 [main] DEBUG com.samourai.wallet.util.LogbackUtils - Log level set to DEBUG for the logger 'com.samourai.whirlpool.client.wallet.orchestrator'
12:10:47.741 [main] DEBUG com.samourai.wallet.util.LogbackUtils - Log level set to ERROR for the logger 'org.bitcoinj'
12:10:47.741 [main] DEBUG com.samourai.wallet.util.LogbackUtils - Log level set to WARN for the logger 'org.bitcoin'
12:10:47.741 [main] DEBUG com.samourai.wallet.util.LogbackUtils - Log level set to INFO for the logger 'org.eclipse.jetty'
12:10:47.742 [main] DEBUG com.samourai.http.client.JettyHttpClient - +httpClient: no proxy
12:10:47.897 [main] DEBUG com.samourai.wallet.bipWallet.WalletSupplierImpl - +BipWallet[DEPOSIT_BIP44]: BipWallet{id='DEPOSIT_BIP44', samouraiAccount=DEPOSIT, derivation=BipDerivation{purpose=44, accountIndex=0}, bipFormatDefault=LEGACY, bipFormats=[LEGACY], xPub='tpu...LwY', bipPub='tpu...LwY'}
12:10:47.897 [main] DEBUG com.samourai.wallet.bipWallet.WalletSupplierImpl - +BipWallet[DEPOSIT_BIP49]: BipWallet{id='DEPOSIT_BIP49', samouraiAccount=DEPOSIT, derivation=BipDerivation{purpose=49, accountIndex=0}, bipFormatDefault=SEGWIT_COMPAT, bipFormats=[SEGWIT_COMPAT], xPub='tpu...eV2', bipPub='upu...38D'}
12:10:47.897 [main] DEBUG com.samourai.wallet.bipWallet.WalletSupplierImpl - +BipWallet[DEPOSIT_BIP84]: BipWallet{id='DEPOSIT_BIP84', samouraiAccount=DEPOSIT, derivation=BipDerivation{purpose=84, accountIndex=0}, bipFormatDefault=SEGWIT_NATIVE, bipFormats=[SEGWIT_NATIVE], xPub='tpu...re9', bipPub='vpu...dCu'}
12:10:47.897 [main] DEBUG com.samourai.wallet.bipWallet.WalletSupplierImpl - +BipWallet[PREMIX_BIP84]: BipWallet{id='PREMIX_BIP84', samouraiAccount=PREMIX, derivation=BipDerivation{purpose=84, accountIndex=2147483645}, bipFormatDefault=SEGWIT_NATIVE, bipFormats=[SEGWIT_NATIVE], xPub='tpu...hvr', bipPub='vpu...4mL'}
12:10:47.897 [main] DEBUG com.samourai.wallet.bipWallet.WalletSupplierImpl - +BipWallet[POSTMIX_BIP84]: BipWallet{id='POSTMIX_BIP84', samouraiAccount=POSTMIX, derivation=BipDerivation{purpose=84, accountIndex=2147483646}, bipFormatDefault=SEGWIT_NATIVE, bipFormats=[SEGWIT_NATIVE, SEGWIT_COMPAT, LEGACY], xPub='tpu...sQD', bipPub='vpu...nrW'}
12:10:47.897 [main] DEBUG com.samourai.wallet.bipWallet.WalletSupplierImpl - +BipWallet[ASB_BIP84]: BipWallet{id='ASB_BIP84', samouraiAccount=SWAPS_ASB, derivation=BipDerivation{purpose=84, accountIndex=2147483641}, bipFormatDefault=SEGWIT_NATIVE, bipFormats=[SEGWIT_NATIVE], xPub='tpu...p4i', bipPub='vpu...sEH'}
12:10:47.897 [main] DEBUG com.samourai.wallet.bipWallet.WalletSupplierImpl - +BipWallet[SWAPS_DEPOSIT]: BipWallet{id='SWAPS_DEPOSIT', samouraiAccount=SWAPS_DEPOSIT, derivation=BipDerivation{purpose=84, accountIndex=2147483643}, bipFormatDefault=SEGWIT_NATIVE, bipFormats=[SEGWIT_NATIVE], xPub='tpu...3s7', bipPub='vpu...HpJ'}
12:10:47.897 [main] DEBUG com.samourai.wallet.bipWallet.WalletSupplierImpl - +BipWallet[SWAPS_REFUNDS]: BipWallet{id='SWAPS_REFUNDS', samouraiAccount=SWAPS_REFUNDS, derivation=BipDerivation{purpose=84, accountIndex=2147483642}, bipFormatDefault=SEGWIT_NATIVE, bipFormats=[SEGWIT_NATIVE], xPub='tpu...rMX', bipPub='vpu...Sr9'}
12:10:47.897 [main] DEBUG com.samourai.wallet.bipWallet.WalletSupplierImpl - +BipWallet[BADBANK_BIP84]: BipWallet{id='BADBANK_BIP84', samouraiAccount=BADBANK, derivation=BipDerivation{purpose=84, accountIndex=2147483644}, bipFormatDefault=SEGWIT_NATIVE, bipFormats=[SEGWIT_NATIVE], xPub='tpu...hmu', bipPub='vpu...tNY'}
12:10:47.897 [main] DEBUG com.samourai.wallet.bipWallet.WalletSupplierImpl - +BipWallet[RICOCHET_BIP84]: BipWallet{id='RICOCHET_BIP84', samouraiAccount=RICOCHET, derivation=BipDerivation{purpose=84, accountIndex=2147483647}, bipFormatDefault=SEGWIT_NATIVE, bipFormats=[SEGWIT_NATIVE], xPub='tpu...UMc', bipPub='vpu...knj'}
12:10:47.897 [main] DEBUG com.samourai.wallet.api.backend.BackendApi - urlBackend=https://api.samouraiwallet.com/test/v2, oAuth=no
12:10:47.897 [main] DEBUG com.samourai.wallet.util.LogbackUtils - Log level set to DEBUG for the logger 'com.samourai'
12:10:47.897 [main] DEBUG com.samourai.wallet.util.LogbackUtils - Log level set to DEBUG for the logger 'com.samourai.whirlpool.client'
12:10:47.897 [main] DEBUG com.samourai.wallet.util.LogbackUtils - Log level set to DEBUG for the logger 'com.samourai.whirlpool.client.mix.dialog'
12:10:47.897 [main] DEBUG com.samourai.wallet.util.LogbackUtils - Log level set to DEBUG for the logger 'com.samourai.stomp.client'
12:10:47.897 [main] DEBUG com.samourai.wallet.util.LogbackUtils - Log level set to DEBUG for the logger 'com.samourai.wallet.util.FeeUtil'
12:10:47.897 [main] DEBUG com.samourai.wallet.util.LogbackUtils - Log level set to DEBUG for the logger 'com.samourai.whirlpool.client.utils'
12:10:47.897 [main] DEBUG com.samourai.wallet.util.LogbackUtils - Log level set to DEBUG for the logger 'com.samourai.whirlpool.client.wallet'
12:10:47.897 [main] DEBUG com.samourai.wallet.util.LogbackUtils - Log level set to DEBUG for the logger 'com.samourai.wallet.cahoots'
12:10:47.897 [main] DEBUG com.samourai.wallet.util.LogbackUtils - Log level set to DEBUG for the logger 'com.samourai.wallet.cahoots.stowaway'
12:10:47.897 [main] DEBUG com.samourai.wallet.util.LogbackUtils - Log level set to DEBUG for the logger 'com.samourai.wallet.cahoots.stonewallx2'
12:10:47.897 [main] DEBUG com.samourai.wallet.util.LogbackUtils - Log level set to DEBUG for the logger 'com.samourai.wallet.sorobanClient'
12:10:47.897 [main] DEBUG com.samourai.wallet.util.LogbackUtils - Log level set to DEBUG for the logger 'com.samourai.soroban.client'
12:10:47.897 [main] DEBUG com.samourai.wallet.util.LogbackUtils - Log level set to DEBUG for the logger 'com.samourai.soroban.client.rpc'
12:10:47.897 [main] DEBUG com.samourai.wallet.util.LogbackUtils - Log level set to DEBUG for the logger 'com.samourai.soroban.client.dialog'
12:10:47.897 [main] DEBUG com.samourai.wallet.util.LogbackUtils - Log level set to DEBUG for the logger 'com.samourai.soroban.client.meeting'
12:10:47.897 [main] DEBUG com.samourai.wallet.util.LogbackUtils - Log level set to DEBUG for the logger 'com.samourai.whirlpool.client.wallet.orchestrator'
12:10:47.897 [main] DEBUG com.samourai.wallet.util.LogbackUtils - Log level set to ERROR for the logger 'org.bitcoinj'
12:10:47.897 [main] DEBUG com.samourai.wallet.util.LogbackUtils - Log level set to WARN for the logger 'org.bitcoin'
12:10:47.897 [main] DEBUG com.samourai.wallet.util.LogbackUtils - Log level set to INFO for the logger 'org.eclipse.jetty'
]]></system-out>
  </testcase>
  <testcase name="getXPub" classname="com.samourai.wallet.client.BipWalletTest" time="0.15">
    <system-out><![CDATA[12:10:47.904 [main] DEBUG com.samourai.http.client.JettyHttpClient - +httpClient: no proxy
12:10:48.062 [main] DEBUG com.samourai.wallet.bipWallet.WalletSupplierImpl - +BipWallet[DEPOSIT_BIP44]: BipWallet{id='DEPOSIT_BIP44', samouraiAccount=DEPOSIT, derivation=BipDerivation{purpose=44, accountIndex=0}, bipFormatDefault=LEGACY, bipFormats=[LEGACY], xPub='tpu...LwY', bipPub='tpu...LwY'}
12:10:48.062 [main] DEBUG com.samourai.wallet.bipWallet.WalletSupplierImpl - +BipWallet[DEPOSIT_BIP49]: BipWallet{id='DEPOSIT_BIP49', samouraiAccount=DEPOSIT, derivation=BipDerivation{purpose=49, accountIndex=0}, bipFormatDefault=SEGWIT_COMPAT, bipFormats=[SEGWIT_COMPAT], xPub='tpu...eV2', bipPub='upu...38D'}
12:10:48.062 [main] DEBUG com.samourai.wallet.bipWallet.WalletSupplierImpl - +BipWallet[DEPOSIT_BIP84]: BipWallet{id='DEPOSIT_BIP84', samouraiAccount=DEPOSIT, derivation=BipDerivation{purpose=84, accountIndex=0}, bipFormatDefault=SEGWIT_NATIVE, bipFormats=[SEGWIT_NATIVE], xPub='tpu...re9', bipPub='vpu...dCu'}
12:10:48.062 [main] DEBUG com.samourai.wallet.bipWallet.WalletSupplierImpl - +BipWallet[PREMIX_BIP84]: BipWallet{id='PREMIX_BIP84', samouraiAccount=PREMIX, derivation=BipDerivation{purpose=84, accountIndex=2147483645}, bipFormatDefault=SEGWIT_NATIVE, bipFormats=[SEGWIT_NATIVE], xPub='tpu...hvr', bipPub='vpu...4mL'}
12:10:48.062 [main] DEBUG com.samourai.wallet.bipWallet.WalletSupplierImpl - +BipWallet[POSTMIX_BIP84]: BipWallet{id='POSTMIX_BIP84', samouraiAccount=POSTMIX, derivation=BipDerivation{purpose=84, accountIndex=2147483646}, bipFormatDefault=SEGWIT_NATIVE, bipFormats=[SEGWIT_NATIVE, SEGWIT_COMPAT, LEGACY], xPub='tpu...sQD', bipPub='vpu...nrW'}
12:10:48.062 [main] DEBUG com.samourai.wallet.bipWallet.WalletSupplierImpl - +BipWallet[ASB_BIP84]: BipWallet{id='ASB_BIP84', samouraiAccount=SWAPS_ASB, derivation=BipDerivation{purpose=84, accountIndex=2147483641}, bipFormatDefault=SEGWIT_NATIVE, bipFormats=[SEGWIT_NATIVE], xPub='tpu...p4i', bipPub='vpu...sEH'}
12:10:48.062 [main] DEBUG com.samourai.wallet.bipWallet.WalletSupplierImpl - +BipWallet[SWAPS_DEPOSIT]: BipWallet{id='SWAPS_DEPOSIT', samouraiAccount=SWAPS_DEPOSIT, derivation=BipDerivation{purpose=84, accountIndex=2147483643}, bipFormatDefault=SEGWIT_NATIVE, bipFormats=[SEGWIT_NATIVE], xPub='tpu...3s7', bipPub='vpu...HpJ'}
12:10:48.062 [main] DEBUG com.samourai.wallet.bipWallet.WalletSupplierImpl - +BipWallet[SWAPS_REFUNDS]: BipWallet{id='SWAPS_REFUNDS', samouraiAccount=SWAPS_REFUNDS, derivation=BipDerivation{purpose=84, accountIndex=2147483642}, bipFormatDefault=SEGWIT_NATIVE, bipFormats=[SEGWIT_NATIVE], xPub='tpu...rMX', bipPub='vpu...Sr9'}
12:10:48.062 [main] DEBUG com.samourai.wallet.bipWallet.WalletSupplierImpl - +BipWallet[BADBANK_BIP84]: BipWallet{id='BADBANK_BIP84', samouraiAccount=BADBANK, derivation=BipDerivation{purpose=84, accountIndex=2147483644}, bipFormatDefault=SEGWIT_NATIVE, bipFormats=[SEGWIT_NATIVE], xPub='tpu...hmu', bipPub='vpu...tNY'}
12:10:48.062 [main] DEBUG com.samourai.wallet.bipWallet.WalletSupplierImpl - +BipWallet[RICOCHET_BIP84]: BipWallet{id='RICOCHET_BIP84', samouraiAccount=RICOCHET, derivation=BipDerivation{purpose=84, accountIndex=2147483647}, bipFormatDefault=SEGWIT_NATIVE, bipFormats=[SEGWIT_NATIVE], xPub='tpu...UMc', bipPub='vpu...knj'}
12:10:48.062 [main] DEBUG com.samourai.wallet.api.backend.BackendApi - urlBackend=https://api.samouraiwallet.com/test/v2, oAuth=no
12:10:48.062 [main] DEBUG com.samourai.wallet.util.LogbackUtils - Log level set to DEBUG for the logger 'com.samourai'
12:10:48.062 [main] DEBUG com.samourai.wallet.util.LogbackUtils - Log level set to DEBUG for the logger 'com.samourai.whirlpool.client'
12:10:48.062 [main] DEBUG com.samourai.wallet.util.LogbackUtils - Log level set to DEBUG for the logger 'com.samourai.whirlpool.client.mix.dialog'
12:10:48.062 [main] DEBUG com.samourai.wallet.util.LogbackUtils - Log level set to DEBUG for the logger 'com.samourai.stomp.client'
12:10:48.062 [main] DEBUG com.samourai.wallet.util.LogbackUtils - Log level set to DEBUG for the logger 'com.samourai.wallet.util.FeeUtil'
12:10:48.062 [main] DEBUG com.samourai.wallet.util.LogbackUtils - Log level set to DEBUG for the logger 'com.samourai.whirlpool.client.utils'
12:10:48.062 [main] DEBUG com.samourai.wallet.util.LogbackUtils - Log level set to DEBUG for the logger 'com.samourai.whirlpool.client.wallet'
12:10:48.062 [main] DEBUG com.samourai.wallet.util.LogbackUtils - Log level set to DEBUG for the logger 'com.samourai.wallet.cahoots'
12:10:48.062 [main] DEBUG com.samourai.wallet.util.LogbackUtils - Log level set to DEBUG for the logger 'com.samourai.wallet.cahoots.stowaway'
12:10:48.062 [main] DEBUG com.samourai.wallet.util.LogbackUtils - Log level set to DEBUG for the logger 'com.samourai.wallet.cahoots.stonewallx2'
12:10:48.062 [main] DEBUG com.samourai.wallet.util.LogbackUtils - Log level set to DEBUG for the logger 'com.samourai.wallet.sorobanClient'
12:10:48.062 [main] DEBUG com.samourai.wallet.util.LogbackUtils - Log level set to DEBUG for the logger 'com.samourai.soroban.client'
12:10:48.062 [main] DEBUG com.samourai.wallet.util.LogbackUtils - Log level set to DEBUG for the logger 'com.samourai.soroban.client.rpc'
12:10:48.062 [main] DEBUG com.samourai.wallet.util.LogbackUtils - Log level set to DEBUG for the logger 'com.samourai.soroban.client.dialog'
12:10:48.062 [main] DEBUG com.samourai.wallet.util.LogbackUtils - Log level set to DEBUG for the logger 'com.samourai.soroban.client.meeting'
12:10:48.062 [main] DEBUG com.samourai.wallet.util.LogbackUtils - Log level set to DEBUG for the logger 'com.samourai.whirlpool.client.wallet.orchestrator'
12:10:48.062 [main] DEBUG com.samourai.wallet.util.LogbackUtils - Log level set to ERROR for the logger 'org.bitcoinj'
12:10:48.062 [main] DEBUG com.samourai.wallet.util.LogbackUtils - Log level set to WARN for the logger 'org.bitcoin'
12:10:48.062 [main] DEBUG com.samourai.wallet.util.LogbackUtils - Log level set to INFO for the logger 'org.eclipse.jetty'
12:10:48.063 [main] DEBUG com.samourai.http.client.JettyHttpClient - +httpClient: no proxy
12:10:48.212 [main] DEBUG com.samourai.wallet.bipWallet.WalletSupplierImpl - +BipWallet[DEPOSIT_BIP44]: BipWallet{id='DEPOSIT_BIP44', samouraiAccount=DEPOSIT, derivation=BipDerivation{purpose=44, accountIndex=0}, bipFormatDefault=LEGACY, bipFormats=[LEGACY], xPub='tpu...LwY', bipPub='tpu...LwY'}
12:10:48.212 [main] DEBUG com.samourai.wallet.bipWallet.WalletSupplierImpl - +BipWallet[DEPOSIT_BIP49]: BipWallet{id='DEPOSIT_BIP49', samouraiAccount=DEPOSIT, derivation=BipDerivation{purpose=49, accountIndex=0}, bipFormatDefault=SEGWIT_COMPAT, bipFormats=[SEGWIT_COMPAT], xPub='tpu...eV2', bipPub='upu...38D'}
12:10:48.212 [main] DEBUG com.samourai.wallet.bipWallet.WalletSupplierImpl - +BipWallet[DEPOSIT_BIP84]: BipWallet{id='DEPOSIT_BIP84', samouraiAccount=DEPOSIT, derivation=BipDerivation{purpose=84, accountIndex=0}, bipFormatDefault=SEGWIT_NATIVE, bipFormats=[SEGWIT_NATIVE], xPub='tpu...re9', bipPub='vpu...dCu'}
12:10:48.212 [main] DEBUG com.samourai.wallet.bipWallet.WalletSupplierImpl - +BipWallet[PREMIX_BIP84]: BipWallet{id='PREMIX_BIP84', samouraiAccount=PREMIX, derivation=BipDerivation{purpose=84, accountIndex=2147483645}, bipFormatDefault=SEGWIT_NATIVE, bipFormats=[SEGWIT_NATIVE], xPub='tpu...hvr', bipPub='vpu...4mL'}
12:10:48.212 [main] DEBUG com.samourai.wallet.bipWallet.WalletSupplierImpl - +BipWallet[POSTMIX_BIP84]: BipWallet{id='POSTMIX_BIP84', samouraiAccount=POSTMIX, derivation=BipDerivation{purpose=84, accountIndex=2147483646}, bipFormatDefault=SEGWIT_NATIVE, bipFormats=[SEGWIT_NATIVE, SEGWIT_COMPAT, LEGACY], xPub='tpu...sQD', bipPub='vpu...nrW'}
12:10:48.212 [main] DEBUG com.samourai.wallet.bipWallet.WalletSupplierImpl - +BipWallet[ASB_BIP84]: BipWallet{id='ASB_BIP84', samouraiAccount=SWAPS_ASB, derivation=BipDerivation{purpose=84, accountIndex=2147483641}, bipFormatDefault=SEGWIT_NATIVE, bipFormats=[SEGWIT_NATIVE], xPub='tpu...p4i', bipPub='vpu...sEH'}
12:10:48.212 [main] DEBUG com.samourai.wallet.bipWallet.WalletSupplierImpl - +BipWallet[SWAPS_DEPOSIT]: BipWallet{id='SWAPS_DEPOSIT', samouraiAccount=SWAPS_DEPOSIT, derivation=BipDerivation{purpose=84, accountIndex=2147483643}, bipFormatDefault=SEGWIT_NATIVE, bipFormats=[SEGWIT_NATIVE], xPub='tpu...3s7', bipPub='vpu...HpJ'}
12:10:48.212 [main] DEBUG com.samourai.wallet.bipWallet.WalletSupplierImpl - +BipWallet[SWAPS_REFUNDS]: BipWallet{id='SWAPS_REFUNDS', samouraiAccount=SWAPS_REFUNDS, derivation=BipDerivation{purpose=84, accountIndex=2147483642}, bipFormatDefault=SEGWIT_NATIVE, bipFormats=[SEGWIT_NATIVE], xPub='tpu...rMX', bipPub='vpu...Sr9'}
12:10:48.212 [main] DEBUG com.samourai.wallet.bipWallet.WalletSupplierImpl - +BipWallet[BADBANK_BIP84]: BipWallet{id='BADBANK_BIP84', samouraiAccount=BADBANK, derivation=BipDerivation{purpose=84, accountIndex=2147483644}, bipFormatDefault=SEGWIT_NATIVE, bipFormats=[SEGWIT_NATIVE], xPub='tpu...hmu', bipPub='vpu...tNY'}
12:10:48.212 [main] DEBUG com.samourai.wallet.bipWallet.WalletSupplierImpl - +BipWallet[RICOCHET_BIP84]: BipWallet{id='RICOCHET_BIP84', samouraiAccount=RICOCHET, derivation=BipDerivation{purpose=84, accountIndex=2147483647}, bipFormatDefault=SEGWIT_NATIVE, bipFormats=[SEGWIT_NATIVE], xPub='tpu...UMc', bipPub='vpu...knj'}
12:10:48.212 [main] DEBUG com.samourai.wallet.api.backend.BackendApi - urlBackend=https://api.samouraiwallet.com/test/v2, oAuth=no
12:10:48.212 [main] DEBUG com.samourai.wallet.util.LogbackUtils - Log level set to DEBUG for the logger 'com.samourai'
12:10:48.212 [main] DEBUG com.samourai.wallet.util.LogbackUtils - Log level set to DEBUG for the logger 'com.samourai.whirlpool.client'
12:10:48.212 [main] DEBUG com.samourai.wallet.util.LogbackUtils - Log level set to DEBUG for the logger 'com.samourai.whirlpool.client.mix.dialog'
12:10:48.212 [main] DEBUG com.samourai.wallet.util.LogbackUtils - Log level set to DEBUG for the logger 'com.samourai.stomp.client'
12:10:48.212 [main] DEBUG com.samourai.wallet.util.LogbackUtils - Log level set to DEBUG for the logger 'com.samourai.wallet.util.FeeUtil'
12:10:48.212 [main] DEBUG com.samourai.wallet.util.LogbackUtils - Log level set to DEBUG for the logger 'com.samourai.whirlpool.client.utils'
12:10:48.212 [main] DEBUG com.samourai.wallet.util.LogbackUtils - Log level set to DEBUG for the logger 'com.samourai.whirlpool.client.wallet'
12:10:48.212 [main] DEBUG com.samourai.wallet.util.LogbackUtils - Log level set to DEBUG for the logger 'com.samourai.wallet.cahoots'
12:10:48.212 [main] DEBUG com.samourai.wallet.util.LogbackUtils - Log level set to DEBUG for the logger 'com.samourai.wallet.cahoots.stowaway'
12:10:48.212 [main] DEBUG com.samourai.wallet.util.LogbackUtils - Log level set to DEBUG for the logger 'com.samourai.wallet.cahoots.stonewallx2'
12:10:48.212 [main] DEBUG com.samourai.wallet.util.LogbackUtils - Log level set to DEBUG for the logger 'com.samourai.wallet.sorobanClient'
12:10:48.212 [main] DEBUG com.samourai.wallet.util.LogbackUtils - Log level set to DEBUG for the logger 'com.samourai.soroban.client'
12:10:48.212 [main] DEBUG com.samourai.wallet.util.LogbackUtils - Log level set to DEBUG for the logger 'com.samourai.soroban.client.rpc'
12:10:48.212 [main] DEBUG com.samourai.wallet.util.LogbackUtils - Log level set to DEBUG for the logger 'com.samourai.soroban.client.dialog'
12:10:48.212 [main] DEBUG com.samourai.wallet.util.LogbackUtils - Log level set to DEBUG for the logger 'com.samourai.soroban.client.meeting'
12:10:48.212 [main] DEBUG com.samourai.wallet.util.LogbackUtils - Log level set to DEBUG for the logger 'com.samourai.whirlpool.client.wallet.orchestrator'
12:10:48.212 [main] DEBUG com.samourai.wallet.util.LogbackUtils - Log level set to ERROR for the logger 'org.bitcoinj'
12:10:48.212 [main] DEBUG com.samourai.wallet.util.LogbackUtils - Log level set to WARN for the logger 'org.bitcoin'
12:10:48.212 [main] DEBUG com.samourai.wallet.util.LogbackUtils - Log level set to INFO for the logger 'org.eclipse.jetty'
]]></system-out>
  </testcase>
  <testcase name="getBipPub" classname="com.samourai.wallet.client.BipWalletTest" time="0.152">
    <system-out><![CDATA[12:10:48.219 [main] DEBUG com.samourai.http.client.JettyHttpClient - +httpClient: no proxy
12:10:48.368 [main] DEBUG com.samourai.wallet.bipWallet.WalletSupplierImpl - +BipWallet[DEPOSIT_BIP44]: BipWallet{id='DEPOSIT_BIP44', samouraiAccount=DEPOSIT, derivation=BipDerivation{purpose=44, accountIndex=0}, bipFormatDefault=LEGACY, bipFormats=[LEGACY], xPub='tpu...LwY', bipPub='tpu...LwY'}
12:10:48.368 [main] DEBUG com.samourai.wallet.bipWallet.WalletSupplierImpl - +BipWallet[DEPOSIT_BIP49]: BipWallet{id='DEPOSIT_BIP49', samouraiAccount=DEPOSIT, derivation=BipDerivation{purpose=49, accountIndex=0}, bipFormatDefault=SEGWIT_COMPAT, bipFormats=[SEGWIT_COMPAT], xPub='tpu...eV2', bipPub='upu...38D'}
12:10:48.368 [main] DEBUG com.samourai.wallet.bipWallet.WalletSupplierImpl - +BipWallet[DEPOSIT_BIP84]: BipWallet{id='DEPOSIT_BIP84', samouraiAccount=DEPOSIT, derivation=BipDerivation{purpose=84, accountIndex=0}, bipFormatDefault=SEGWIT_NATIVE, bipFormats=[SEGWIT_NATIVE], xPub='tpu...re9', bipPub='vpu...dCu'}
12:10:48.368 [main] DEBUG com.samourai.wallet.bipWallet.WalletSupplierImpl - +BipWallet[PREMIX_BIP84]: BipWallet{id='PREMIX_BIP84', samouraiAccount=PREMIX, derivation=BipDerivation{purpose=84, accountIndex=2147483645}, bipFormatDefault=SEGWIT_NATIVE, bipFormats=[SEGWIT_NATIVE], xPub='tpu...hvr', bipPub='vpu...4mL'}
12:10:48.368 [main] DEBUG com.samourai.wallet.bipWallet.WalletSupplierImpl - +BipWallet[POSTMIX_BIP84]: BipWallet{id='POSTMIX_BIP84', samouraiAccount=POSTMIX, derivation=BipDerivation{purpose=84, accountIndex=2147483646}, bipFormatDefault=SEGWIT_NATIVE, bipFormats=[SEGWIT_NATIVE, SEGWIT_COMPAT, LEGACY], xPub='tpu...sQD', bipPub='vpu...nrW'}
12:10:48.368 [main] DEBUG com.samourai.wallet.bipWallet.WalletSupplierImpl - +BipWallet[ASB_BIP84]: BipWallet{id='ASB_BIP84', samouraiAccount=SWAPS_ASB, derivation=BipDerivation{purpose=84, accountIndex=2147483641}, bipFormatDefault=SEGWIT_NATIVE, bipFormats=[SEGWIT_NATIVE], xPub='tpu...p4i', bipPub='vpu...sEH'}
12:10:48.368 [main] DEBUG com.samourai.wallet.bipWallet.WalletSupplierImpl - +BipWallet[SWAPS_DEPOSIT]: BipWallet{id='SWAPS_DEPOSIT', samouraiAccount=SWAPS_DEPOSIT, derivation=BipDerivation{purpose=84, accountIndex=2147483643}, bipFormatDefault=SEGWIT_NATIVE, bipFormats=[SEGWIT_NATIVE], xPub='tpu...3s7', bipPub='vpu...HpJ'}
12:10:48.368 [main] DEBUG com.samourai.wallet.bipWallet.WalletSupplierImpl - +BipWallet[SWAPS_REFUNDS]: BipWallet{id='SWAPS_REFUNDS', samouraiAccount=SWAPS_REFUNDS, derivation=BipDerivation{purpose=84, accountIndex=2147483642}, bipFormatDefault=SEGWIT_NATIVE, bipFormats=[SEGWIT_NATIVE], xPub='tpu...rMX', bipPub='vpu...Sr9'}
12:10:48.368 [main] DEBUG com.samourai.wallet.bipWallet.WalletSupplierImpl - +BipWallet[BADBANK_BIP84]: BipWallet{id='BADBANK_BIP84', samouraiAccount=BADBANK, derivation=BipDerivation{purpose=84, accountIndex=2147483644}, bipFormatDefault=SEGWIT_NATIVE, bipFormats=[SEGWIT_NATIVE], xPub='tpu...hmu', bipPub='vpu...tNY'}
12:10:48.368 [main] DEBUG com.samourai.wallet.bipWallet.WalletSupplierImpl - +BipWallet[RICOCHET_BIP84]: BipWallet{id='RICOCHET_BIP84', samouraiAccount=RICOCHET, derivation=BipDerivation{purpose=84, accountIndex=2147483647}, bipFormatDefault=SEGWIT_NATIVE, bipFormats=[SEGWIT_NATIVE], xPub='tpu...UMc', bipPub='vpu...knj'}
12:10:48.369 [main] DEBUG com.samourai.wallet.api.backend.BackendApi - urlBackend=https://api.samouraiwallet.com/test/v2, oAuth=no
12:10:48.369 [main] DEBUG com.samourai.wallet.util.LogbackUtils - Log level set to DEBUG for the logger 'com.samourai'
12:10:48.369 [main] DEBUG com.samourai.wallet.util.LogbackUtils - Log level set to DEBUG for the logger 'com.samourai.whirlpool.client'
12:10:48.369 [main] DEBUG com.samourai.wallet.util.LogbackUtils - Log level set to DEBUG for the logger 'com.samourai.whirlpool.client.mix.dialog'
12:10:48.369 [main] DEBUG com.samourai.wallet.util.LogbackUtils - Log level set to DEBUG for the logger 'com.samourai.stomp.client'
12:10:48.369 [main] DEBUG com.samourai.wallet.util.LogbackUtils - Log level set to DEBUG for the logger 'com.samourai.wallet.util.FeeUtil'
12:10:48.369 [main] DEBUG com.samourai.wallet.util.LogbackUtils - Log level set to DEBUG for the logger 'com.samourai.whirlpool.client.utils'
12:10:48.369 [main] DEBUG com.samourai.wallet.util.LogbackUtils - Log level set to DEBUG for the logger 'com.samourai.whirlpool.client.wallet'
12:10:48.369 [main] DEBUG com.samourai.wallet.util.LogbackUtils - Log level set to DEBUG for the logger 'com.samourai.wallet.cahoots'
12:10:48.369 [main] DEBUG com.samourai.wallet.util.LogbackUtils - Log level set to DEBUG for the logger 'com.samourai.wallet.cahoots.stowaway'
12:10:48.369 [main] DEBUG com.samourai.wallet.util.LogbackUtils - Log level set to DEBUG for the logger 'com.samourai.wallet.cahoots.stonewallx2'
12:10:48.369 [main] DEBUG com.samourai.wallet.util.LogbackUtils - Log level set to DEBUG for the logger 'com.samourai.wallet.sorobanClient'
12:10:48.369 [main] DEBUG com.samourai.wallet.util.LogbackUtils - Log level set to DEBUG for the logger 'com.samourai.soroban.client'
12:10:48.369 [main] DEBUG com.samourai.wallet.util.LogbackUtils - Log level set to DEBUG for the logger 'com.samourai.soroban.client.rpc'
12:10:48.369 [main] DEBUG com.samourai.wallet.util.LogbackUtils - Log level set to DEBUG for the logger 'com.samourai.soroban.client.dialog'
12:10:48.369 [main] DEBUG com.samourai.wallet.util.LogbackUtils - Log level set to DEBUG for the logger 'com.samourai.soroban.client.meeting'
12:10:48.369 [main] DEBUG com.samourai.wallet.util.LogbackUtils - Log level set to DEBUG for the logger 'com.samourai.whirlpool.client.wallet.orchestrator'
12:10:48.369 [main] DEBUG com.samourai.wallet.util.LogbackUtils - Log level set to ERROR for the logger 'org.bitcoinj'
12:10:48.369 [main] DEBUG com.samourai.wallet.util.LogbackUtils - Log level set to WARN for the logger 'org.bitcoin'
12:10:48.369 [main] DEBUG com.samourai.wallet.util.LogbackUtils - Log level set to INFO for the logger 'org.eclipse.jetty'
12:10:48.369 [main] DEBUG com.samourai.http.client.JettyHttpClient - +httpClient: no proxy
12:10:48.521 [main] DEBUG com.samourai.wallet.bipWallet.WalletSupplierImpl - +BipWallet[DEPOSIT_BIP44]: BipWallet{id='DEPOSIT_BIP44', samouraiAccount=DEPOSIT, derivation=BipDerivation{purpose=44, accountIndex=0}, bipFormatDefault=LEGACY, bipFormats=[LEGACY], xPub='tpu...LwY', bipPub='tpu...LwY'}
12:10:48.521 [main] DEBUG com.samourai.wallet.bipWallet.WalletSupplierImpl - +BipWallet[DEPOSIT_BIP49]: BipWallet{id='DEPOSIT_BIP49', samouraiAccount=DEPOSIT, derivation=BipDerivation{purpose=49, accountIndex=0}, bipFormatDefault=SEGWIT_COMPAT, bipFormats=[SEGWIT_COMPAT], xPub='tpu...eV2', bipPub='upu...38D'}
12:10:48.521 [main] DEBUG com.samourai.wallet.bipWallet.WalletSupplierImpl - +BipWallet[DEPOSIT_BIP84]: BipWallet{id='DEPOSIT_BIP84', samouraiAccount=DEPOSIT, derivation=BipDerivation{purpose=84, accountIndex=0}, bipFormatDefault=SEGWIT_NATIVE, bipFormats=[SEGWIT_NATIVE], xPub='tpu...re9', bipPub='vpu...dCu'}
12:10:48.521 [main] DEBUG com.samourai.wallet.bipWallet.WalletSupplierImpl - +BipWallet[PREMIX_BIP84]: BipWallet{id='PREMIX_BIP84', samouraiAccount=PREMIX, derivation=BipDerivation{purpose=84, accountIndex=2147483645}, bipFormatDefault=SEGWIT_NATIVE, bipFormats=[SEGWIT_NATIVE], xPub='tpu...hvr', bipPub='vpu...4mL'}
12:10:48.521 [main] DEBUG com.samourai.wallet.bipWallet.WalletSupplierImpl - +BipWallet[POSTMIX_BIP84]: BipWallet{id='POSTMIX_BIP84', samouraiAccount=POSTMIX, derivation=BipDerivation{purpose=84, accountIndex=2147483646}, bipFormatDefault=SEGWIT_NATIVE, bipFormats=[SEGWIT_NATIVE, SEGWIT_COMPAT, LEGACY], xPub='tpu...sQD', bipPub='vpu...nrW'}
12:10:48.521 [main] DEBUG com.samourai.wallet.bipWallet.WalletSupplierImpl - +BipWallet[ASB_BIP84]: BipWallet{id='ASB_BIP84', samouraiAccount=SWAPS_ASB, derivation=BipDerivation{purpose=84, accountIndex=2147483641}, bipFormatDefault=SEGWIT_NATIVE, bipFormats=[SEGWIT_NATIVE], xPub='tpu...p4i', bipPub='vpu...sEH'}
12:10:48.521 [main] DEBUG com.samourai.wallet.bipWallet.WalletSupplierImpl - +BipWallet[SWAPS_DEPOSIT]: BipWallet{id='SWAPS_DEPOSIT', samouraiAccount=SWAPS_DEPOSIT, derivation=BipDerivation{purpose=84, accountIndex=2147483643}, bipFormatDefault=SEGWIT_NATIVE, bipFormats=[SEGWIT_NATIVE], xPub='tpu...3s7', bipPub='vpu...HpJ'}
12:10:48.521 [main] DEBUG com.samourai.wallet.bipWallet.WalletSupplierImpl - +BipWallet[SWAPS_REFUNDS]: BipWallet{id='SWAPS_REFUNDS', samouraiAccount=SWAPS_REFUNDS, derivation=BipDerivation{purpose=84, accountIndex=2147483642}, bipFormatDefault=SEGWIT_NATIVE, bipFormats=[SEGWIT_NATIVE], xPub='tpu...rMX', bipPub='vpu...Sr9'}
12:10:48.521 [main] DEBUG com.samourai.wallet.bipWallet.WalletSupplierImpl - +BipWallet[BADBANK_BIP84]: BipWallet{id='BADBANK_BIP84', samouraiAccount=BADBANK, derivation=BipDerivation{purpose=84, accountIndex=2147483644}, bipFormatDefault=SEGWIT_NATIVE, bipFormats=[SEGWIT_NATIVE], xPub='tpu...hmu', bipPub='vpu...tNY'}
12:10:48.521 [main] DEBUG com.samourai.wallet.bipWallet.WalletSupplierImpl - +BipWallet[RICOCHET_BIP84]: BipWallet{id='RICOCHET_BIP84', samouraiAccount=RICOCHET, derivation=BipDerivation{purpose=84, accountIndex=2147483647}, bipFormatDefault=SEGWIT_NATIVE, bipFormats=[SEGWIT_NATIVE], xPub='tpu...UMc', bipPub='vpu...knj'}
12:10:48.521 [main] DEBUG com.samourai.wallet.api.backend.BackendApi - urlBackend=https://api.samouraiwallet.com/test/v2, oAuth=no
12:10:48.521 [main] DEBUG com.samourai.wallet.util.LogbackUtils - Log level set to DEBUG for the logger 'com.samourai'
12:10:48.521 [main] DEBUG com.samourai.wallet.util.LogbackUtils - Log level set to DEBUG for the logger 'com.samourai.whirlpool.client'
12:10:48.521 [main] DEBUG com.samourai.wallet.util.LogbackUtils - Log level set to DEBUG for the logger 'com.samourai.whirlpool.client.mix.dialog'
12:10:48.521 [main] DEBUG com.samourai.wallet.util.LogbackUtils - Log level set to DEBUG for the logger 'com.samourai.stomp.client'
12:10:48.521 [main] DEBUG com.samourai.wallet.util.LogbackUtils - Log level set to DEBUG for the logger 'com.samourai.wallet.util.FeeUtil'
12:10:48.521 [main] DEBUG com.samourai.wallet.util.LogbackUtils - Log level set to DEBUG for the logger 'com.samourai.whirlpool.client.utils'
12:10:48.521 [main] DEBUG com.samourai.wallet.util.LogbackUtils - Log level set to DEBUG for the logger 'com.samourai.whirlpool.client.wallet'
12:10:48.521 [main] DEBUG com.samourai.wallet.util.LogbackUtils - Log level set to DEBUG for the logger 'com.samourai.wallet.cahoots'
12:10:48.521 [main] DEBUG com.samourai.wallet.util.LogbackUtils - Log level set to DEBUG for the logger 'com.samourai.wallet.cahoots.stowaway'
12:10:48.521 [main] DEBUG com.samourai.wallet.util.LogbackUtils - Log level set to DEBUG for the logger 'com.samourai.wallet.cahoots.stonewallx2'
12:10:48.521 [main] DEBUG com.samourai.wallet.util.LogbackUtils - Log level set to DEBUG for the logger 'com.samourai.wallet.sorobanClient'
12:10:48.521 [main] DEBUG com.samourai.wallet.util.LogbackUtils - Log level set to DEBUG for the logger 'com.samourai.soroban.client'
12:10:48.521 [main] DEBUG com.samourai.wallet.util.LogbackUtils - Log level set to DEBUG for the logger 'com.samourai.soroban.client.rpc'
12:10:48.521 [main] DEBUG com.samourai.wallet.util.LogbackUtils - Log level set to DEBUG for the logger 'com.samourai.soroban.client.dialog'
12:10:48.521 [main] DEBUG com.samourai.wallet.util.LogbackUtils - Log level set to DEBUG for the logger 'com.samourai.soroban.client.meeting'
12:10:48.521 [main] DEBUG com.samourai.wallet.util.LogbackUtils - Log level set to DEBUG for the logger 'com.samourai.whirlpool.client.wallet.orchestrator'
12:10:48.521 [main] DEBUG com.samourai.wallet.util.LogbackUtils - Log level set to ERROR for the logger 'org.bitcoinj'
12:10:48.521 [main] DEBUG com.samourai.wallet.util.LogbackUtils - Log level set to WARN for the logger 'org.bitcoin'
12:10:48.521 [main] DEBUG com.samourai.wallet.util.LogbackUtils - Log level set to INFO for the logger 'org.eclipse.jetty'
]]></system-out>
  </testcase>
  <testcase name="getAddressAt" classname="com.samourai.wallet.client.BipWalletTest" time="0.149">
    <system-out><![CDATA[12:10:48.528 [main] DEBUG com.samourai.http.client.JettyHttpClient - +httpClient: no proxy
12:10:48.693 [main] DEBUG com.samourai.wallet.bipWallet.WalletSupplierImpl - +BipWallet[DEPOSIT_BIP44]: BipWallet{id='DEPOSIT_BIP44', samouraiAccount=DEPOSIT, derivation=BipDerivation{purpose=44, accountIndex=0}, bipFormatDefault=LEGACY, bipFormats=[LEGACY], xPub='tpu...LwY', bipPub='tpu...LwY'}
12:10:48.693 [main] DEBUG com.samourai.wallet.bipWallet.WalletSupplierImpl - +BipWallet[DEPOSIT_BIP49]: BipWallet{id='DEPOSIT_BIP49', samouraiAccount=DEPOSIT, derivation=BipDerivation{purpose=49, accountIndex=0}, bipFormatDefault=SEGWIT_COMPAT, bipFormats=[SEGWIT_COMPAT], xPub='tpu...eV2', bipPub='upu...38D'}
12:10:48.693 [main] DEBUG com.samourai.wallet.bipWallet.WalletSupplierImpl - +BipWallet[DEPOSIT_BIP84]: BipWallet{id='DEPOSIT_BIP84', samouraiAccount=DEPOSIT, derivation=BipDerivation{purpose=84, accountIndex=0}, bipFormatDefault=SEGWIT_NATIVE, bipFormats=[SEGWIT_NATIVE], xPub='tpu...re9', bipPub='vpu...dCu'}
12:10:48.693 [main] DEBUG com.samourai.wallet.bipWallet.WalletSupplierImpl - +BipWallet[PREMIX_BIP84]: BipWallet{id='PREMIX_BIP84', samouraiAccount=PREMIX, derivation=BipDerivation{purpose=84, accountIndex=2147483645}, bipFormatDefault=SEGWIT_NATIVE, bipFormats=[SEGWIT_NATIVE], xPub='tpu...hvr', bipPub='vpu...4mL'}
12:10:48.693 [main] DEBUG com.samourai.wallet.bipWallet.WalletSupplierImpl - +BipWallet[POSTMIX_BIP84]: BipWallet{id='POSTMIX_BIP84', samouraiAccount=POSTMIX, derivation=BipDerivation{purpose=84, accountIndex=2147483646}, bipFormatDefault=SEGWIT_NATIVE, bipFormats=[SEGWIT_NATIVE, SEGWIT_COMPAT, LEGACY], xPub='tpu...sQD', bipPub='vpu...nrW'}
12:10:48.693 [main] DEBUG com.samourai.wallet.bipWallet.WalletSupplierImpl - +BipWallet[ASB_BIP84]: BipWallet{id='ASB_BIP84', samouraiAccount=SWAPS_ASB, derivation=BipDerivation{purpose=84, accountIndex=2147483641}, bipFormatDefault=SEGWIT_NATIVE, bipFormats=[SEGWIT_NATIVE], xPub='tpu...p4i', bipPub='vpu...sEH'}
12:10:48.693 [main] DEBUG com.samourai.wallet.bipWallet.WalletSupplierImpl - +BipWallet[SWAPS_DEPOSIT]: BipWallet{id='SWAPS_DEPOSIT', samouraiAccount=SWAPS_DEPOSIT, derivation=BipDerivation{purpose=84, accountIndex=2147483643}, bipFormatDefault=SEGWIT_NATIVE, bipFormats=[SEGWIT_NATIVE], xPub='tpu...3s7', bipPub='vpu...HpJ'}
12:10:48.693 [main] DEBUG com.samourai.wallet.bipWallet.WalletSupplierImpl - +BipWallet[SWAPS_REFUNDS]: BipWallet{id='SWAPS_REFUNDS', samouraiAccount=SWAPS_REFUNDS, derivation=BipDerivation{purpose=84, accountIndex=2147483642}, bipFormatDefault=SEGWIT_NATIVE, bipFormats=[SEGWIT_NATIVE], xPub='tpu...rMX', bipPub='vpu...Sr9'}
12:10:48.693 [main] DEBUG com.samourai.wallet.bipWallet.WalletSupplierImpl - +BipWallet[BADBANK_BIP84]: BipWallet{id='BADBANK_BIP84', samouraiAccount=BADBANK, derivation=BipDerivation{purpose=84, accountIndex=2147483644}, bipFormatDefault=SEGWIT_NATIVE, bipFormats=[SEGWIT_NATIVE], xPub='tpu...hmu', bipPub='vpu...tNY'}
12:10:48.693 [main] DEBUG com.samourai.wallet.bipWallet.WalletSupplierImpl - +BipWallet[RICOCHET_BIP84]: BipWallet{id='RICOCHET_BIP84', samouraiAccount=RICOCHET, derivation=BipDerivation{purpose=84, accountIndex=2147483647}, bipFormatDefault=SEGWIT_NATIVE, bipFormats=[SEGWIT_NATIVE], xPub='tpu...UMc', bipPub='vpu...knj'}
12:10:48.693 [main] DEBUG com.samourai.wallet.api.backend.BackendApi - urlBackend=https://api.samouraiwallet.com/test/v2, oAuth=no
12:10:48.693 [main] DEBUG com.samourai.wallet.util.LogbackUtils - Log level set to DEBUG for the logger 'com.samourai'
12:10:48.693 [main] DEBUG com.samourai.wallet.util.LogbackUtils - Log level set to DEBUG for the logger 'com.samourai.whirlpool.client'
12:10:48.693 [main] DEBUG com.samourai.wallet.util.LogbackUtils - Log level set to DEBUG for the logger 'com.samourai.whirlpool.client.mix.dialog'
12:10:48.693 [main] DEBUG com.samourai.wallet.util.LogbackUtils - Log level set to DEBUG for the logger 'com.samourai.stomp.client'
12:10:48.693 [main] DEBUG com.samourai.wallet.util.LogbackUtils - Log level set to DEBUG for the logger 'com.samourai.wallet.util.FeeUtil'
12:10:48.693 [main] DEBUG com.samourai.wallet.util.LogbackUtils - Log level set to DEBUG for the logger 'com.samourai.whirlpool.client.utils'
12:10:48.693 [main] DEBUG com.samourai.wallet.util.LogbackUtils - Log level set to DEBUG for the logger 'com.samourai.whirlpool.client.wallet'
12:10:48.693 [main] DEBUG com.samourai.wallet.util.LogbackUtils - Log level set to DEBUG for the logger 'com.samourai.wallet.cahoots'
12:10:48.693 [main] DEBUG com.samourai.wallet.util.LogbackUtils - Log level set to DEBUG for the logger 'com.samourai.wallet.cahoots.stowaway'
12:10:48.693 [main] DEBUG com.samourai.wallet.util.LogbackUtils - Log level set to DEBUG for the logger 'com.samourai.wallet.cahoots.stonewallx2'
12:10:48.693 [main] DEBUG com.samourai.wallet.util.LogbackUtils - Log level set to DEBUG for the logger 'com.samourai.wallet.sorobanClient'
12:10:48.693 [main] DEBUG com.samourai.wallet.util.LogbackUtils - Log level set to DEBUG for the logger 'com.samourai.soroban.client'
12:10:48.693 [main] DEBUG com.samourai.wallet.util.LogbackUtils - Log level set to DEBUG for the logger 'com.samourai.soroban.client.rpc'
12:10:48.693 [main] DEBUG com.samourai.wallet.util.LogbackUtils - Log level set to DEBUG for the logger 'com.samourai.soroban.client.dialog'
12:10:48.693 [main] DEBUG com.samourai.wallet.util.LogbackUtils - Log level set to DEBUG for the logger 'com.samourai.soroban.client.meeting'
12:10:48.693 [main] DEBUG com.samourai.wallet.util.LogbackUtils - Log level set to DEBUG for the logger 'com.samourai.whirlpool.client.wallet.orchestrator'
12:10:48.693 [main] DEBUG com.samourai.wallet.util.LogbackUtils - Log level set to ERROR for the logger 'org.bitcoinj'
12:10:48.693 [main] DEBUG com.samourai.wallet.util.LogbackUtils - Log level set to WARN for the logger 'org.bitcoin'
12:10:48.693 [main] DEBUG com.samourai.wallet.util.LogbackUtils - Log level set to INFO for the logger 'org.eclipse.jetty'
12:10:48.694 [main] DEBUG com.samourai.http.client.JettyHttpClient - +httpClient: no proxy
12:10:48.841 [main] DEBUG com.samourai.wallet.bipWallet.WalletSupplierImpl - +BipWallet[DEPOSIT_BIP44]: BipWallet{id='DEPOSIT_BIP44', samouraiAccount=DEPOSIT, derivation=BipDerivation{purpose=44, accountIndex=0}, bipFormatDefault=LEGACY, bipFormats=[LEGACY], xPub='tpu...LwY', bipPub='tpu...LwY'}
12:10:48.841 [main] DEBUG com.samourai.wallet.bipWallet.WalletSupplierImpl - +BipWallet[DEPOSIT_BIP49]: BipWallet{id='DEPOSIT_BIP49', samouraiAccount=DEPOSIT, derivation=BipDerivation{purpose=49, accountIndex=0}, bipFormatDefault=SEGWIT_COMPAT, bipFormats=[SEGWIT_COMPAT], xPub='tpu...eV2', bipPub='upu...38D'}
12:10:48.841 [main] DEBUG com.samourai.wallet.bipWallet.WalletSupplierImpl - +BipWallet[DEPOSIT_BIP84]: BipWallet{id='DEPOSIT_BIP84', samouraiAccount=DEPOSIT, derivation=BipDerivation{purpose=84, accountIndex=0}, bipFormatDefault=SEGWIT_NATIVE, bipFormats=[SEGWIT_NATIVE], xPub='tpu...re9', bipPub='vpu...dCu'}
12:10:48.841 [main] DEBUG com.samourai.wallet.bipWallet.WalletSupplierImpl - +BipWallet[PREMIX_BIP84]: BipWallet{id='PREMIX_BIP84', samouraiAccount=PREMIX, derivation=BipDerivation{purpose=84, accountIndex=2147483645}, bipFormatDefault=SEGWIT_NATIVE, bipFormats=[SEGWIT_NATIVE], xPub='tpu...hvr', bipPub='vpu...4mL'}
12:10:48.841 [main] DEBUG com.samourai.wallet.bipWallet.WalletSupplierImpl - +BipWallet[POSTMIX_BIP84]: BipWallet{id='POSTMIX_BIP84', samouraiAccount=POSTMIX, derivation=BipDerivation{purpose=84, accountIndex=2147483646}, bipFormatDefault=SEGWIT_NATIVE, bipFormats=[SEGWIT_NATIVE, SEGWIT_COMPAT, LEGACY], xPub='tpu...sQD', bipPub='vpu...nrW'}
12:10:48.841 [main] DEBUG com.samourai.wallet.bipWallet.WalletSupplierImpl - +BipWallet[ASB_BIP84]: BipWallet{id='ASB_BIP84', samouraiAccount=SWAPS_ASB, derivation=BipDerivation{purpose=84, accountIndex=2147483641}, bipFormatDefault=SEGWIT_NATIVE, bipFormats=[SEGWIT_NATIVE], xPub='tpu...p4i', bipPub='vpu...sEH'}
12:10:48.841 [main] DEBUG com.samourai.wallet.bipWallet.WalletSupplierImpl - +BipWallet[SWAPS_DEPOSIT]: BipWallet{id='SWAPS_DEPOSIT', samouraiAccount=SWAPS_DEPOSIT, derivation=BipDerivation{purpose=84, accountIndex=2147483643}, bipFormatDefault=SEGWIT_NATIVE, bipFormats=[SEGWIT_NATIVE], xPub='tpu...3s7', bipPub='vpu...HpJ'}
12:10:48.841 [main] DEBUG com.samourai.wallet.bipWallet.WalletSupplierImpl - +BipWallet[SWAPS_REFUNDS]: BipWallet{id='SWAPS_REFUNDS', samouraiAccount=SWAPS_REFUNDS, derivation=BipDerivation{purpose=84, accountIndex=2147483642}, bipFormatDefault=SEGWIT_NATIVE, bipFormats=[SEGWIT_NATIVE], xPub='tpu...rMX', bipPub='vpu...Sr9'}
12:10:48.841 [main] DEBUG com.samourai.wallet.bipWallet.WalletSupplierImpl - +BipWallet[BADBANK_BIP84]: BipWallet{id='BADBANK_BIP84', samouraiAccount=BADBANK, derivation=BipDerivation{purpose=84, accountIndex=2147483644}, bipFormatDefault=SEGWIT_NATIVE, bipFormats=[SEGWIT_NATIVE], xPub='tpu...hmu', bipPub='vpu...tNY'}
12:10:48.841 [main] DEBUG com.samourai.wallet.bipWallet.WalletSupplierImpl - +BipWallet[RICOCHET_BIP84]: BipWallet{id='RICOCHET_BIP84', samouraiAccount=RICOCHET, derivation=BipDerivation{purpose=84, accountIndex=2147483647}, bipFormatDefault=SEGWIT_NATIVE, bipFormats=[SEGWIT_NATIVE], xPub='tpu...UMc', bipPub='vpu...knj'}
12:10:48.841 [main] DEBUG com.samourai.wallet.api.backend.BackendApi - urlBackend=https://api.samouraiwallet.com/test/v2, oAuth=no
12:10:48.841 [main] DEBUG com.samourai.wallet.util.LogbackUtils - Log level set to DEBUG for the logger 'com.samourai'
12:10:48.841 [main] DEBUG com.samourai.wallet.util.LogbackUtils - Log level set to DEBUG for the logger 'com.samourai.whirlpool.client'
12:10:48.841 [main] DEBUG com.samourai.wallet.util.LogbackUtils - Log level set to DEBUG for the logger 'com.samourai.whirlpool.client.mix.dialog'
12:10:48.841 [main] DEBUG com.samourai.wallet.util.LogbackUtils - Log level set to DEBUG for the logger 'com.samourai.stomp.client'
12:10:48.841 [main] DEBUG com.samourai.wallet.util.LogbackUtils - Log level set to DEBUG for the logger 'com.samourai.wallet.util.FeeUtil'
12:10:48.841 [main] DEBUG com.samourai.wallet.util.LogbackUtils - Log level set to DEBUG for the logger 'com.samourai.whirlpool.client.utils'
12:10:48.841 [main] DEBUG com.samourai.wallet.util.LogbackUtils - Log level set to DEBUG for the logger 'com.samourai.whirlpool.client.wallet'
12:10:48.841 [main] DEBUG com.samourai.wallet.util.LogbackUtils - Log level set to DEBUG for the logger 'com.samourai.wallet.cahoots'
12:10:48.841 [main] DEBUG com.samourai.wallet.util.LogbackUtils - Log level set to DEBUG for the logger 'com.samourai.wallet.cahoots.stowaway'
12:10:48.841 [main] DEBUG com.samourai.wallet.util.LogbackUtils - Log level set to DEBUG for the logger 'com.samourai.wallet.cahoots.stonewallx2'
12:10:48.841 [main] DEBUG com.samourai.wallet.util.LogbackUtils - Log level set to DEBUG for the logger 'com.samourai.wallet.sorobanClient'
12:10:48.841 [main] DEBUG com.samourai.wallet.util.LogbackUtils - Log level set to DEBUG for the logger 'com.samourai.soroban.client'
12:10:48.841 [main] DEBUG com.samourai.wallet.util.LogbackUtils - Log level set to DEBUG for the logger 'com.samourai.soroban.client.rpc'
12:10:48.841 [main] DEBUG com.samourai.wallet.util.LogbackUtils - Log level set to DEBUG for the logger 'com.samourai.soroban.client.dialog'
12:10:48.841 [main] DEBUG com.samourai.wallet.util.LogbackUtils - Log level set to DEBUG for the logger 'com.samourai.soroban.client.meeting'
12:10:48.841 [main] DEBUG com.samourai.wallet.util.LogbackUtils - Log level set to DEBUG for the logger 'com.samourai.whirlpool.client.wallet.orchestrator'
12:10:48.841 [main] DEBUG com.samourai.wallet.util.LogbackUtils - Log level set to ERROR for the logger 'org.bitcoinj'
12:10:48.841 [main] DEBUG com.samourai.wallet.util.LogbackUtils - Log level set to WARN for the logger 'org.bitcoin'
12:10:48.841 [main] DEBUG com.samourai.wallet.util.LogbackUtils - Log level set to INFO for the logger 'org.eclipse.jetty'
]]></system-out>
  </testcase>
</testsuite>