<?xml version="1.0" encoding="UTF-8"?>
<testsuite xmlns:xsi="http://www.w3.org/2001/XMLSchema-instance" xsi:noNamespaceSchemaLocation="https://maven.apache.org/surefire/maven-surefire-plugin/xsd/surefire-test-report-3.0.xsd" version="3.0" name="com.samourai.wallet.send.spend.SpendBuilderTest" time="3.521" tests="10" errors="0" skipped="0" failures="3">
  <properties>
    <property name="java.specification.version" value="20"/>
    <property name="sun.jnu.encoding" value="UTF-8"/>
    <property name="java.class.path" value="/Users/zacwatson/Work/Samourai/Wallet/ExtLibJ/target/test-classes:/Users/zacwatson/Work/Samourai/Wallet/ExtLibJ/target/classes:/Users/zacwatson/.m2/repository/org/apache/commons/commons-lang3/3.7/commons-lang3-3.7.jar:/Users/zacwatson/.m2/repository/commons-codec/commons-codec/1.10/commons-codec-1.10.jar:/Users/zacwatson/.m2/repository/org/json/json/20240205/json-20240205.jar:/Users/zacwatson/.m2/repository/io/samourai/code/whirlpool/bitcoinj/bitcoinj-core/007/bitcoinj-core-007.jar:/Users/zacwatson/.m2/repository/org/bouncycastle/bcprov-jdk18on/1.77/bcprov-jdk18on-1.77.jar:/Users/zacwatson/.m2/repository/com/google/protobuf/protobuf-java/3.11.4/protobuf-java-3.11.4.jar:/Users/zacwatson/.m2/repository/com/google/guava/guava/32.1.3-jre/guava-32.1.3-jre.jar:/Users/zacwatson/.m2/repository/com/google/guava/failureaccess/1.0.1/failureaccess-1.0.1.jar:/Users/zacwatson/.m2/repository/com/google/guava/listenablefuture/9999.0-empty-to-avoid-conflict-with-guava/listenablefuture-9999.0-empty-to-avoid-conflict-with-guava.jar:/Users/zacwatson/.m2/repository/com/google/code/findbugs/jsr305/3.0.2/jsr305-3.0.2.jar:/Users/zacwatson/.m2/repository/org/checkerframework/checker-qual/3.37.0/checker-qual-3.37.0.jar:/Users/zacwatson/.m2/repository/com/google/errorprone/error_prone_annotations/2.21.1/error_prone_annotations-2.21.1.jar:/Users/zacwatson/.m2/repository/com/google/j2objc/j2objc-annotations/2.8/j2objc-annotations-2.8.jar:/Users/zacwatson/.m2/repository/net/jcip/jcip-annotations/1.0/jcip-annotations-1.0.jar:/Users/zacwatson/.m2/repository/com/lambdaworks/scrypt/1.4.0/scrypt-1.4.0.jar:/Users/zacwatson/.m2/repository/org/slf4j/slf4j-api/1.7.32/slf4j-api-1.7.32.jar:/Users/zacwatson/.m2/repository/io/samourai/code/wallet/xmanager-protocol/1.0.11/xmanager-protocol-1.0.11.jar:/Users/zacwatson/.m2/repository/javax/validation/validation-api/2.0.1.Final/validation-api-2.0.1.Final.jar:/Users/zacwatson/.m2/repository/com/auth0/java-jwt/3.18.2/java-jwt-3.18.2.jar:/Users/zacwatson/.m2/repository/com/fasterxml/jackson/core/jackson-databind/2.13.0/jackson-databind-2.13.0.jar:/Users/zacwatson/.m2/repository/com/fasterxml/jackson/core/jackson-annotations/2.13.0/jackson-annotations-2.13.0.jar:/Users/zacwatson/.m2/repository/com/fasterxml/jackson/core/jackson-core/2.13.0/jackson-core-2.13.0.jar:/Users/zacwatson/.m2/repository/com/fasterxml/jackson/datatype/jackson-datatype-jsr310/2.13.0/jackson-datatype-jsr310-2.13.0.jar:/Users/zacwatson/.m2/repository/io/reactivex/rxjava2/rxjava/2.2.15/rxjava-2.2.15.jar:/Users/zacwatson/.m2/repository/org/reactivestreams/reactive-streams/1.0.3/reactive-streams-1.0.3.jar:/Users/zacwatson/.m2/repository/org/junit/jupiter/junit-jupiter/5.8.2/junit-jupiter-5.8.2.jar:/Users/zacwatson/.m2/repository/org/junit/jupiter/junit-jupiter-api/5.8.2/junit-jupiter-api-5.8.2.jar:/Users/zacwatson/.m2/repository/org/opentest4j/opentest4j/1.2.0/opentest4j-1.2.0.jar:/Users/zacwatson/.m2/repository/org/junit/platform/junit-platform-commons/1.8.2/junit-platform-commons-1.8.2.jar:/Users/zacwatson/.m2/repository/org/apiguardian/apiguardian-api/1.1.2/apiguardian-api-1.1.2.jar:/Users/zacwatson/.m2/repository/org/junit/jupiter/junit-jupiter-params/5.8.2/junit-jupiter-params-5.8.2.jar:/Users/zacwatson/.m2/repository/org/junit/jupiter/junit-jupiter-engine/5.8.2/junit-jupiter-engine-5.8.2.jar:/Users/zacwatson/.m2/repository/org/junit/platform/junit-platform-engine/1.8.2/junit-platform-engine-1.8.2.jar:/Users/zacwatson/.m2/repository/ch/qos/logback/logback-classic/1.2.13/logback-classic-1.2.13.jar:/Users/zacwatson/.m2/repository/ch/qos/logback/logback-core/1.2.13/logback-core-1.2.13.jar:/Users/zacwatson/.m2/repository/org/jetbrains/kotlin/kotlin-stdlib-jdk8/1.3.41/kotlin-stdlib-jdk8-1.3.41.jar:/Users/zacwatson/.m2/repository/org/jetbrains/kotlin/kotlin-stdlib/1.3.41/kotlin-stdlib-1.3.41.jar:/Users/zacwatson/.m2/repository/org/jetbrains/kotlin/kotlin-stdlib-common/1.3.41/kotlin-stdlib-common-1.3.41.jar:/Users/zacwatson/.m2/repository/org/jetbrains/annotations/13.0/annotations-13.0.jar:/Users/zacwatson/.m2/repository/org/jetbrains/kotlin/kotlin-stdlib-jdk7/1.3.41/kotlin-stdlib-jdk7-1.3.41.jar:/Users/zacwatson/.m2/repository/org/jetbrains/kotlin/kotlin-test/1.3.41/kotlin-test-1.3.41.jar:/Users/zacwatson/.m2/repository/org/jetbrains/kotlin/kotlin-test-common/1.3.41/kotlin-test-common-1.3.41.jar:/Users/zacwatson/.m2/repository/io/samourai/code/wallet/java-http-client/2.0.0/java-http-client-2.0.0.jar:/Users/zacwatson/.m2/repository/org/eclipse/jetty/jetty-client/9.4.54.v20240208/jetty-client-9.4.54.v20240208.jar:/Users/zacwatson/.m2/repository/org/eclipse/jetty/jetty-http/9.4.54.v20240208/jetty-http-9.4.54.v20240208.jar:/Users/zacwatson/.m2/repository/org/eclipse/jetty/jetty-util/9.4.54.v20240208/jetty-util-9.4.54.v20240208.jar:/Users/zacwatson/.m2/repository/org/eclipse/jetty/jetty-io/9.4.54.v20240208/jetty-io-9.4.54.v20240208.jar:"/>
    <property name="java.vm.vendor" value="Homebrew"/>
    <property name="sun.arch.data.model" value="64"/>
    <property name="java.vendor.url" value="https://github.com/Homebrew/homebrew-core/issues"/>
    <property name="user.timezone" value="America/Chicago"/>
    <property name="os.name" value="Mac OS X"/>
    <property name="java.vm.specification.version" value="20"/>
    <property name="sun.java.launcher" value="SUN_STANDARD"/>
    <property name="user.country" value="US"/>
    <property name="sun.boot.library.path" value="/usr/local/Cellar/openjdk/20.0.2/libexec/openjdk.jdk/Contents/Home/lib"/>
    <property name="sun.java.command" value="/Users/zacwatson/Work/Samourai/Wallet/ExtLibJ/target/surefire/surefirebooter-20240328120857862_3.jar /Users/zacwatson/Work/Samourai/Wallet/ExtLibJ/target/surefire 2024-03-28T12-08-57_476-jvmRun1 surefire-20240328120857862_1tmp surefire_0-20240328120857862_2tmp"/>
    <property name="http.nonProxyHosts" value="local|*.local|169.254/16|*.169.254/16"/>
    <property name="jdk.debug" value="release"/>
    <property name="surefire.test.class.path" value="/Users/zacwatson/Work/Samourai/Wallet/ExtLibJ/target/test-classes:/Users/zacwatson/Work/Samourai/Wallet/ExtLibJ/target/classes:/Users/zacwatson/.m2/repository/org/apache/commons/commons-lang3/3.7/commons-lang3-3.7.jar:/Users/zacwatson/.m2/repository/commons-codec/commons-codec/1.10/commons-codec-1.10.jar:/Users/zacwatson/.m2/repository/org/json/json/20240205/json-20240205.jar:/Users/zacwatson/.m2/repository/io/samourai/code/whirlpool/bitcoinj/bitcoinj-core/007/bitcoinj-core-007.jar:/Users/zacwatson/.m2/repository/org/bouncycastle/bcprov-jdk18on/1.77/bcprov-jdk18on-1.77.jar:/Users/zacwatson/.m2/repository/com/google/protobuf/protobuf-java/3.11.4/protobuf-java-3.11.4.jar:/Users/zacwatson/.m2/repository/com/google/guava/guava/32.1.3-jre/guava-32.1.3-jre.jar:/Users/zacwatson/.m2/repository/com/google/guava/failureaccess/1.0.1/failureaccess-1.0.1.jar:/Users/zacwatson/.m2/repository/com/google/guava/listenablefuture/9999.0-empty-to-avoid-conflict-with-guava/listenablefuture-9999.0-empty-to-avoid-conflict-with-guava.jar:/Users/zacwatson/.m2/repository/com/google/code/findbugs/jsr305/3.0.2/jsr305-3.0.2.jar:/Users/zacwatson/.m2/repository/org/checkerframework/checker-qual/3.37.0/checker-qual-3.37.0.jar:/Users/zacwatson/.m2/repository/com/google/errorprone/error_prone_annotations/2.21.1/error_prone_annotations-2.21.1.jar:/Users/zacwatson/.m2/repository/com/google/j2objc/j2objc-annotations/2.8/j2objc-annotations-2.8.jar:/Users/zacwatson/.m2/repository/net/jcip/jcip-annotations/1.0/jcip-annotations-1.0.jar:/Users/zacwatson/.m2/repository/com/lambdaworks/scrypt/1.4.0/scrypt-1.4.0.jar:/Users/zacwatson/.m2/repository/org/slf4j/slf4j-api/1.7.32/slf4j-api-1.7.32.jar:/Users/zacwatson/.m2/repository/io/samourai/code/wallet/xmanager-protocol/1.0.11/xmanager-protocol-1.0.11.jar:/Users/zacwatson/.m2/repository/javax/validation/validation-api/2.0.1.Final/validation-api-2.0.1.Final.jar:/Users/zacwatson/.m2/repository/com/auth0/java-jwt/3.18.2/java-jwt-3.18.2.jar:/Users/zacwatson/.m2/repository/com/fasterxml/jackson/core/jackson-databind/2.13.0/jackson-databind-2.13.0.jar:/Users/zacwatson/.m2/repository/com/fasterxml/jackson/core/jackson-annotations/2.13.0/jackson-annotations-2.13.0.jar:/Users/zacwatson/.m2/repository/com/fasterxml/jackson/core/jackson-core/2.13.0/jackson-core-2.13.0.jar:/Users/zacwatson/.m2/repository/com/fasterxml/jackson/datatype/jackson-datatype-jsr310/2.13.0/jackson-datatype-jsr310-2.13.0.jar:/Users/zacwatson/.m2/repository/io/reactivex/rxjava2/rxjava/2.2.15/rxjava-2.2.15.jar:/Users/zacwatson/.m2/repository/org/reactivestreams/reactive-streams/1.0.3/reactive-streams-1.0.3.jar:/Users/zacwatson/.m2/repository/org/junit/jupiter/junit-jupiter/5.8.2/junit-jupiter-5.8.2.jar:/Users/zacwatson/.m2/repository/org/junit/jupiter/junit-jupiter-api/5.8.2/junit-jupiter-api-5.8.2.jar:/Users/zacwatson/.m2/repository/org/opentest4j/opentest4j/1.2.0/opentest4j-1.2.0.jar:/Users/zacwatson/.m2/repository/org/junit/platform/junit-platform-commons/1.8.2/junit-platform-commons-1.8.2.jar:/Users/zacwatson/.m2/repository/org/apiguardian/apiguardian-api/1.1.2/apiguardian-api-1.1.2.jar:/Users/zacwatson/.m2/repository/org/junit/jupiter/junit-jupiter-params/5.8.2/junit-jupiter-params-5.8.2.jar:/Users/zacwatson/.m2/repository/org/junit/jupiter/junit-jupiter-engine/5.8.2/junit-jupiter-engine-5.8.2.jar:/Users/zacwatson/.m2/repository/org/junit/platform/junit-platform-engine/1.8.2/junit-platform-engine-1.8.2.jar:/Users/zacwatson/.m2/repository/ch/qos/logback/logback-classic/1.2.13/logback-classic-1.2.13.jar:/Users/zacwatson/.m2/repository/ch/qos/logback/logback-core/1.2.13/logback-core-1.2.13.jar:/Users/zacwatson/.m2/repository/org/jetbrains/kotlin/kotlin-stdlib-jdk8/1.3.41/kotlin-stdlib-jdk8-1.3.41.jar:/Users/zacwatson/.m2/repository/org/jetbrains/kotlin/kotlin-stdlib/1.3.41/kotlin-stdlib-1.3.41.jar:/Users/zacwatson/.m2/repository/org/jetbrains/kotlin/kotlin-stdlib-common/1.3.41/kotlin-stdlib-common-1.3.41.jar:/Users/zacwatson/.m2/repository/org/jetbrains/annotations/13.0/annotations-13.0.jar:/Users/zacwatson/.m2/repository/org/jetbrains/kotlin/kotlin-stdlib-jdk7/1.3.41/kotlin-stdlib-jdk7-1.3.41.jar:/Users/zacwatson/.m2/repository/org/jetbrains/kotlin/kotlin-test/1.3.41/kotlin-test-1.3.41.jar:/Users/zacwatson/.m2/repository/org/jetbrains/kotlin/kotlin-test-common/1.3.41/kotlin-test-common-1.3.41.jar:/Users/zacwatson/.m2/repository/io/samourai/code/wallet/java-http-client/2.0.0/java-http-client-2.0.0.jar:/Users/zacwatson/.m2/repository/org/eclipse/jetty/jetty-client/9.4.54.v20240208/jetty-client-9.4.54.v20240208.jar:/Users/zacwatson/.m2/repository/org/eclipse/jetty/jetty-http/9.4.54.v20240208/jetty-http-9.4.54.v20240208.jar:/Users/zacwatson/.m2/repository/org/eclipse/jetty/jetty-util/9.4.54.v20240208/jetty-util-9.4.54.v20240208.jar:/Users/zacwatson/.m2/repository/org/eclipse/jetty/jetty-io/9.4.54.v20240208/jetty-io-9.4.54.v20240208.jar:"/>
    <property name="sun.cpu.endian" value="little"/>
    <property name="user.home" value="/Users/zacwatson"/>
    <property name="user.language" value="en"/>
    <property name="java.specification.vendor" value="Oracle Corporation"/>
    <property name="java.version.date" value="2023-07-18"/>
    <property name="java.home" value="/usr/local/Cellar/openjdk/20.0.2/libexec/openjdk.jdk/Contents/Home"/>
    <property name="file.separator" value="/"/>
    <property name="basedir" value="/Users/zacwatson/Work/Samourai/Wallet/ExtLibJ"/>
    <property name="java.vm.compressedOopsMode" value="Zero based"/>
    <property name="line.separator" value="&#10;"/>
    <property name="java.vm.specification.vendor" value="Oracle Corporation"/>
    <property name="java.specification.name" value="Java Platform API Specification"/>
    <property name="apple.awt.application.name" value="ForkedBooter"/>
    <property name="surefire.real.class.path" value="/Users/zacwatson/Work/Samourai/Wallet/ExtLibJ/target/surefire/surefirebooter-20240328120857862_3.jar"/>
    <property name="sun.management.compiler" value="HotSpot 64-Bit Tiered Compilers"/>
    <property name="ftp.nonProxyHosts" value="local|*.local|169.254/16|*.169.254/16"/>
    <property name="java.runtime.version" value="20.0.2"/>
    <property name="user.name" value="zacwatson"/>
    <property name="stdout.encoding" value="UTF-8"/>
    <property name="path.separator" value=":"/>
    <property name="os.version" value="14.2.1"/>
    <property name="java.runtime.name" value="OpenJDK Runtime Environment"/>
    <property name="file.encoding" value="UTF-8"/>
    <property name="java.vm.name" value="OpenJDK 64-Bit Server VM"/>
    <property name="java.vendor.version" value="Homebrew"/>
    <property name="localRepository" value="/Users/zacwatson/.m2/repository"/>
    <property name="java.vendor.url.bug" value="https://github.com/Homebrew/homebrew-core/issues"/>
    <property name="jetty.git.hash" value="cef3fbd6d736a21e7d541a5db490381d95a2047d"/>
    <property name="java.io.tmpdir" value="/var/folders/hn/y1thvm4x5x964bvll4wj4_2m0000gn/T/"/>
    <property name="java.version" value="20.0.2"/>
    <property name="user.dir" value="/Users/zacwatson/Work/Samourai/Wallet/ExtLibJ"/>
    <property name="os.arch" value="x86_64"/>
    <property name="java.vm.specification.name" value="Java Virtual Machine Specification"/>
    <property name="native.encoding" value="UTF-8"/>
    <property name="java.library.path" value="/Users/zacwatson/Library/Java/Extensions:/Library/Java/Extensions:/Network/Library/Java/Extensions:/System/Library/Java/Extensions:/usr/lib/java:."/>
    <property name="java.vm.info" value="mixed mode, sharing"/>
    <property name="stderr.encoding" value="UTF-8"/>
    <property name="java.vendor" value="Homebrew"/>
    <property name="java.vm.version" value="20.0.2"/>
    <property name="sun.io.unicode.encoding" value="UnicodeBig"/>
    <property name="socksNonProxyHosts" value="local|*.local|169.254/16|*.169.254/16"/>
    <property name="java.class.version" value="64.0"/>
  </properties>
  <testcase name="simpleSpend_entireBalance" classname="com.samourai.wallet.send.spend.SpendBuilderTest" time="0.159">
    <system-out><![CDATA[12:10:39.764 [main] DEBUG com.samourai.http.client.JettyHttpClient - +httpClient: no proxy
12:10:39.923 [main] DEBUG com.samourai.wallet.bipWallet.WalletSupplierImpl - +BipWallet[DEPOSIT_BIP44]: BipWallet{id='DEPOSIT_BIP44', samouraiAccount=DEPOSIT, derivation=BipDerivation{purpose=44, accountIndex=0}, bipFormatDefault=LEGACY, bipFormats=[LEGACY], xPub='tpu...LwY', bipPub='tpu...LwY'}
12:10:39.923 [main] DEBUG com.samourai.wallet.bipWallet.WalletSupplierImpl - +BipWallet[DEPOSIT_BIP49]: BipWallet{id='DEPOSIT_BIP49', samouraiAccount=DEPOSIT, derivation=BipDerivation{purpose=49, accountIndex=0}, bipFormatDefault=SEGWIT_COMPAT, bipFormats=[SEGWIT_COMPAT], xPub='tpu...eV2', bipPub='upu...38D'}
12:10:39.923 [main] DEBUG com.samourai.wallet.bipWallet.WalletSupplierImpl - +BipWallet[DEPOSIT_BIP84]: BipWallet{id='DEPOSIT_BIP84', samouraiAccount=DEPOSIT, derivation=BipDerivation{purpose=84, accountIndex=0}, bipFormatDefault=SEGWIT_NATIVE, bipFormats=[SEGWIT_NATIVE], xPub='tpu...re9', bipPub='vpu...dCu'}
12:10:39.923 [main] DEBUG com.samourai.wallet.bipWallet.WalletSupplierImpl - +BipWallet[PREMIX_BIP84]: BipWallet{id='PREMIX_BIP84', samouraiAccount=PREMIX, derivation=BipDerivation{purpose=84, accountIndex=2147483645}, bipFormatDefault=SEGWIT_NATIVE, bipFormats=[SEGWIT_NATIVE], xPub='tpu...hvr', bipPub='vpu...4mL'}
12:10:39.923 [main] DEBUG com.samourai.wallet.bipWallet.WalletSupplierImpl - +BipWallet[POSTMIX_BIP84]: BipWallet{id='POSTMIX_BIP84', samouraiAccount=POSTMIX, derivation=BipDerivation{purpose=84, accountIndex=2147483646}, bipFormatDefault=SEGWIT_NATIVE, bipFormats=[SEGWIT_NATIVE, SEGWIT_COMPAT, LEGACY], xPub='tpu...sQD', bipPub='vpu...nrW'}
12:10:39.923 [main] DEBUG com.samourai.wallet.bipWallet.WalletSupplierImpl - +BipWallet[ASB_BIP84]: BipWallet{id='ASB_BIP84', samouraiAccount=SWAPS_ASB, derivation=BipDerivation{purpose=84, accountIndex=2147483641}, bipFormatDefault=SEGWIT_NATIVE, bipFormats=[SEGWIT_NATIVE], xPub='tpu...p4i', bipPub='vpu...sEH'}
12:10:39.923 [main] DEBUG com.samourai.wallet.bipWallet.WalletSupplierImpl - +BipWallet[SWAPS_DEPOSIT]: BipWallet{id='SWAPS_DEPOSIT', samouraiAccount=SWAPS_DEPOSIT, derivation=BipDerivation{purpose=84, accountIndex=2147483643}, bipFormatDefault=SEGWIT_NATIVE, bipFormats=[SEGWIT_NATIVE], xPub='tpu...3s7', bipPub='vpu...HpJ'}
12:10:39.923 [main] DEBUG com.samourai.wallet.bipWallet.WalletSupplierImpl - +BipWallet[SWAPS_REFUNDS]: BipWallet{id='SWAPS_REFUNDS', samouraiAccount=SWAPS_REFUNDS, derivation=BipDerivation{purpose=84, accountIndex=2147483642}, bipFormatDefault=SEGWIT_NATIVE, bipFormats=[SEGWIT_NATIVE], xPub='tpu...rMX', bipPub='vpu...Sr9'}
12:10:39.923 [main] DEBUG com.samourai.wallet.bipWallet.WalletSupplierImpl - +BipWallet[BADBANK_BIP84]: BipWallet{id='BADBANK_BIP84', samouraiAccount=BADBANK, derivation=BipDerivation{purpose=84, accountIndex=2147483644}, bipFormatDefault=SEGWIT_NATIVE, bipFormats=[SEGWIT_NATIVE], xPub='tpu...hmu', bipPub='vpu...tNY'}
12:10:39.923 [main] DEBUG com.samourai.wallet.bipWallet.WalletSupplierImpl - +BipWallet[RICOCHET_BIP84]: BipWallet{id='RICOCHET_BIP84', samouraiAccount=RICOCHET, derivation=BipDerivation{purpose=84, accountIndex=2147483647}, bipFormatDefault=SEGWIT_NATIVE, bipFormats=[SEGWIT_NATIVE], xPub='tpu...UMc', bipPub='vpu...knj'}
12:10:39.923 [main] DEBUG com.samourai.wallet.api.backend.BackendApi - urlBackend=https://api.samouraiwallet.com/test/v2, oAuth=no
12:10:39.923 [main] DEBUG com.samourai.wallet.util.LogbackUtils - Log level set to DEBUG for the logger 'com.samourai'
12:10:39.923 [main] DEBUG com.samourai.wallet.util.LogbackUtils - Log level set to DEBUG for the logger 'com.samourai.whirlpool.client'
12:10:39.923 [main] DEBUG com.samourai.wallet.util.LogbackUtils - Log level set to DEBUG for the logger 'com.samourai.whirlpool.client.mix.dialog'
12:10:39.923 [main] DEBUG com.samourai.wallet.util.LogbackUtils - Log level set to DEBUG for the logger 'com.samourai.stomp.client'
12:10:39.923 [main] DEBUG com.samourai.wallet.util.LogbackUtils - Log level set to DEBUG for the logger 'com.samourai.wallet.util.FeeUtil'
12:10:39.923 [main] DEBUG com.samourai.wallet.util.LogbackUtils - Log level set to DEBUG for the logger 'com.samourai.whirlpool.client.utils'
12:10:39.923 [main] DEBUG com.samourai.wallet.util.LogbackUtils - Log level set to DEBUG for the logger 'com.samourai.whirlpool.client.wallet'
12:10:39.923 [main] DEBUG com.samourai.wallet.util.LogbackUtils - Log level set to DEBUG for the logger 'com.samourai.wallet.cahoots'
12:10:39.923 [main] DEBUG com.samourai.wallet.util.LogbackUtils - Log level set to DEBUG for the logger 'com.samourai.wallet.cahoots.stowaway'
12:10:39.923 [main] DEBUG com.samourai.wallet.util.LogbackUtils - Log level set to DEBUG for the logger 'com.samourai.wallet.cahoots.stonewallx2'
12:10:39.923 [main] DEBUG com.samourai.wallet.util.LogbackUtils - Log level set to DEBUG for the logger 'com.samourai.wallet.sorobanClient'
12:10:39.923 [main] DEBUG com.samourai.wallet.util.LogbackUtils - Log level set to DEBUG for the logger 'com.samourai.soroban.client'
12:10:39.923 [main] DEBUG com.samourai.wallet.util.LogbackUtils - Log level set to DEBUG for the logger 'com.samourai.soroban.client.rpc'
12:10:39.923 [main] DEBUG com.samourai.wallet.util.LogbackUtils - Log level set to DEBUG for the logger 'com.samourai.soroban.client.dialog'
12:10:39.923 [main] DEBUG com.samourai.wallet.util.LogbackUtils - Log level set to DEBUG for the logger 'com.samourai.soroban.client.meeting'
12:10:39.923 [main] DEBUG com.samourai.wallet.util.LogbackUtils - Log level set to DEBUG for the logger 'com.samourai.whirlpool.client.wallet.orchestrator'
12:10:39.923 [main] DEBUG com.samourai.wallet.util.LogbackUtils - Log level set to ERROR for the logger 'org.bitcoinj'
12:10:39.923 [main] DEBUG com.samourai.wallet.util.LogbackUtils - Log level set to WARN for the logger 'org.bitcoin'
12:10:39.923 [main] DEBUG com.samourai.wallet.util.LogbackUtils - Log level set to INFO for the logger 'org.eclipse.jetty'
12:10:39.925 [main] DEBUG com.samourai.http.client.JettyHttpClient - +httpClient: no proxy
12:10:40.077 [main] DEBUG com.samourai.wallet.bipWallet.WalletSupplierImpl - +BipWallet[DEPOSIT_BIP44]: BipWallet{id='DEPOSIT_BIP44', samouraiAccount=DEPOSIT, derivation=BipDerivation{purpose=44, accountIndex=0}, bipFormatDefault=LEGACY, bipFormats=[LEGACY], xPub='tpu...LwY', bipPub='tpu...LwY'}
12:10:40.077 [main] DEBUG com.samourai.wallet.bipWallet.WalletSupplierImpl - +BipWallet[DEPOSIT_BIP49]: BipWallet{id='DEPOSIT_BIP49', samouraiAccount=DEPOSIT, derivation=BipDerivation{purpose=49, accountIndex=0}, bipFormatDefault=SEGWIT_COMPAT, bipFormats=[SEGWIT_COMPAT], xPub='tpu...eV2', bipPub='upu...38D'}
12:10:40.077 [main] DEBUG com.samourai.wallet.bipWallet.WalletSupplierImpl - +BipWallet[DEPOSIT_BIP84]: BipWallet{id='DEPOSIT_BIP84', samouraiAccount=DEPOSIT, derivation=BipDerivation{purpose=84, accountIndex=0}, bipFormatDefault=SEGWIT_NATIVE, bipFormats=[SEGWIT_NATIVE], xPub='tpu...re9', bipPub='vpu...dCu'}
12:10:40.077 [main] DEBUG com.samourai.wallet.bipWallet.WalletSupplierImpl - +BipWallet[PREMIX_BIP84]: BipWallet{id='PREMIX_BIP84', samouraiAccount=PREMIX, derivation=BipDerivation{purpose=84, accountIndex=2147483645}, bipFormatDefault=SEGWIT_NATIVE, bipFormats=[SEGWIT_NATIVE], xPub='tpu...hvr', bipPub='vpu...4mL'}
12:10:40.077 [main] DEBUG com.samourai.wallet.bipWallet.WalletSupplierImpl - +BipWallet[POSTMIX_BIP84]: BipWallet{id='POSTMIX_BIP84', samouraiAccount=POSTMIX, derivation=BipDerivation{purpose=84, accountIndex=2147483646}, bipFormatDefault=SEGWIT_NATIVE, bipFormats=[SEGWIT_NATIVE, SEGWIT_COMPAT, LEGACY], xPub='tpu...sQD', bipPub='vpu...nrW'}
12:10:40.077 [main] DEBUG com.samourai.wallet.bipWallet.WalletSupplierImpl - +BipWallet[ASB_BIP84]: BipWallet{id='ASB_BIP84', samouraiAccount=SWAPS_ASB, derivation=BipDerivation{purpose=84, accountIndex=2147483641}, bipFormatDefault=SEGWIT_NATIVE, bipFormats=[SEGWIT_NATIVE], xPub='tpu...p4i', bipPub='vpu...sEH'}
12:10:40.077 [main] DEBUG com.samourai.wallet.bipWallet.WalletSupplierImpl - +BipWallet[SWAPS_DEPOSIT]: BipWallet{id='SWAPS_DEPOSIT', samouraiAccount=SWAPS_DEPOSIT, derivation=BipDerivation{purpose=84, accountIndex=2147483643}, bipFormatDefault=SEGWIT_NATIVE, bipFormats=[SEGWIT_NATIVE], xPub='tpu...3s7', bipPub='vpu...HpJ'}
12:10:40.077 [main] DEBUG com.samourai.wallet.bipWallet.WalletSupplierImpl - +BipWallet[SWAPS_REFUNDS]: BipWallet{id='SWAPS_REFUNDS', samouraiAccount=SWAPS_REFUNDS, derivation=BipDerivation{purpose=84, accountIndex=2147483642}, bipFormatDefault=SEGWIT_NATIVE, bipFormats=[SEGWIT_NATIVE], xPub='tpu...rMX', bipPub='vpu...Sr9'}
12:10:40.077 [main] DEBUG com.samourai.wallet.bipWallet.WalletSupplierImpl - +BipWallet[BADBANK_BIP84]: BipWallet{id='BADBANK_BIP84', samouraiAccount=BADBANK, derivation=BipDerivation{purpose=84, accountIndex=2147483644}, bipFormatDefault=SEGWIT_NATIVE, bipFormats=[SEGWIT_NATIVE], xPub='tpu...hmu', bipPub='vpu...tNY'}
12:10:40.077 [main] DEBUG com.samourai.wallet.bipWallet.WalletSupplierImpl - +BipWallet[RICOCHET_BIP84]: BipWallet{id='RICOCHET_BIP84', samouraiAccount=RICOCHET, derivation=BipDerivation{purpose=84, accountIndex=2147483647}, bipFormatDefault=SEGWIT_NATIVE, bipFormats=[SEGWIT_NATIVE], xPub='tpu...UMc', bipPub='vpu...knj'}
12:10:40.077 [main] DEBUG com.samourai.wallet.api.backend.BackendApi - urlBackend=https://api.samouraiwallet.com/test/v2, oAuth=no
12:10:40.077 [main] DEBUG com.samourai.wallet.util.LogbackUtils - Log level set to DEBUG for the logger 'com.samourai'
12:10:40.077 [main] DEBUG com.samourai.wallet.util.LogbackUtils - Log level set to DEBUG for the logger 'com.samourai.whirlpool.client'
12:10:40.077 [main] DEBUG com.samourai.wallet.util.LogbackUtils - Log level set to DEBUG for the logger 'com.samourai.whirlpool.client.mix.dialog'
12:10:40.077 [main] DEBUG com.samourai.wallet.util.LogbackUtils - Log level set to DEBUG for the logger 'com.samourai.stomp.client'
12:10:40.077 [main] DEBUG com.samourai.wallet.util.LogbackUtils - Log level set to DEBUG for the logger 'com.samourai.wallet.util.FeeUtil'
12:10:40.077 [main] DEBUG com.samourai.wallet.util.LogbackUtils - Log level set to DEBUG for the logger 'com.samourai.whirlpool.client.utils'
12:10:40.077 [main] DEBUG com.samourai.wallet.util.LogbackUtils - Log level set to DEBUG for the logger 'com.samourai.whirlpool.client.wallet'
12:10:40.077 [main] DEBUG com.samourai.wallet.util.LogbackUtils - Log level set to DEBUG for the logger 'com.samourai.wallet.cahoots'
12:10:40.077 [main] DEBUG com.samourai.wallet.util.LogbackUtils - Log level set to DEBUG for the logger 'com.samourai.wallet.cahoots.stowaway'
12:10:40.077 [main] DEBUG com.samourai.wallet.util.LogbackUtils - Log level set to DEBUG for the logger 'com.samourai.wallet.cahoots.stonewallx2'
12:10:40.077 [main] DEBUG com.samourai.wallet.util.LogbackUtils - Log level set to DEBUG for the logger 'com.samourai.wallet.sorobanClient'
12:10:40.077 [main] DEBUG com.samourai.wallet.util.LogbackUtils - Log level set to DEBUG for the logger 'com.samourai.soroban.client'
12:10:40.077 [main] DEBUG com.samourai.wallet.util.LogbackUtils - Log level set to DEBUG for the logger 'com.samourai.soroban.client.rpc'
12:10:40.077 [main] DEBUG com.samourai.wallet.util.LogbackUtils - Log level set to DEBUG for the logger 'com.samourai.soroban.client.dialog'
12:10:40.077 [main] DEBUG com.samourai.wallet.util.LogbackUtils - Log level set to DEBUG for the logger 'com.samourai.soroban.client.meeting'
12:10:40.077 [main] DEBUG com.samourai.wallet.util.LogbackUtils - Log level set to DEBUG for the logger 'com.samourai.whirlpool.client.wallet.orchestrator'
12:10:40.077 [main] DEBUG com.samourai.wallet.util.LogbackUtils - Log level set to ERROR for the logger 'org.bitcoinj'
12:10:40.077 [main] DEBUG com.samourai.wallet.util.LogbackUtils - Log level set to WARN for the logger 'org.bitcoin'
12:10:40.077 [main] DEBUG com.samourai.wallet.util.LogbackUtils - Log level set to INFO for the logger 'org.eclipse.jetty'
12:10:40.080 [main] DEBUG com.samourai.wallet.send.spend.SpendBuilder - SIMPLE spending (entire balance)
12:10:40.082 [main] DEBUG com.samourai.wallet.send.SendFactoryGeneric - signInput #0: value=20000, addressType=SEGWIT_NATIVE, address=tb1qfqd55aeuuhj6jl2v0v6ckudd7wecdv6ss9ands
12:10:40.082 [main] DEBUG com.samourai.wallet.send.SendFactoryGeneric - signInput #1: value=10000, addressType=SEGWIT_NATIVE, address=tb1q4crk5fzlr7qcz0nsun67luk982mn4wtlyydvlh
12:10:40.083 [main] DEBUG com.samourai.wallet.send.SendFactoryGeneric - signInput #2: value=500, addressType=SEGWIT_NATIVE, address=tb1qk8pahts7wjaqyxxq8jv8uwzd5u96pztwukuqgj
12:10:40.083 [main] DEBUG com.samourai.wallet.send.SendFactoryGeneric - signInput #3: value=30000, addressType=SEGWIT_NATIVE, address=tb1qcdasnw5xps2g8kjz4yv2daacs4cqm7n5t8mktx
12:10:40.083 [main] DEBUG com.samourai.wallet.send.spend.SpendSelection - size:638
12:10:40.083 [main] DEBUG com.samourai.wallet.send.spend.SpendSelection - vsize:314
12:10:40.083 [main] DEBUG com.samourai.wallet.send.spend.SpendSelection - fee:336
12:10:40.084 [main] DEBUG com.samourai.wallet.send.beans.SpendTxSimple -   e56bf90a0c548f0bb24a8b299f81c59b61b382b3c501da4e60e25e70222b6913
  opts into full replace-by-fee
     in    0.0002 BTC
          outpoint:0d13ddd55e910d38d168abf387e0b1438cf696576941a0982fd39d833545930f:2
          sequence:fffffffd, opts into full RBF
     in    0.0001 BTC
          outpoint:2b007b4c6aa6e9b9f191e434f3bf57005aa286e0aeee7e154bd627af917fafcb:1
          sequence:fffffffd, opts into full RBF
     in    0.000005 BTC
          outpoint:38225665959fbe2c1a5b642f32df7963966267a8263d9bacf91dd9c5262db6b2:4
          sequence:fffffffd, opts into full RBF
     in    0.0003 BTC
          outpoint:e6f438fec86219640e9ded8e9ce0c8841279a43df6a18cca59c80e659e8e2c4a:3
          sequence:fffffffd, opts into full RBF
     out  0[] PUSHDATA(20)[2ecf8c3e5697f0513999ed3aa8ea9cd04d127355] 0.00060164 BTC
     fee  0.00000526 BTC/kB, 0.00000336 BTC for 638 bytes
     prps UNKNOWN

12:10:40.084 [main] DEBUG com.samourai.wallet.send.spend.SpendBuilder - spend type:SIMPLE
12:10:40.084 [main] DEBUG com.samourai.wallet.send.spend.SpendBuilder - amount:60500
12:10:40.084 [main] DEBUG com.samourai.wallet.send.spend.SpendBuilder - total value selected:60500
12:10:40.084 [main] DEBUG com.samourai.wallet.send.spend.SpendBuilder - minerFeeTotal:336
12:10:40.084 [main] DEBUG com.samourai.wallet.send.spend.SpendBuilder - nb inputs:4
12:10:40.084 [main] DEBUG com.samourai.wallet.test.AbstractTest -   e56bf90a0c548f0bb24a8b299f81c59b61b382b3c501da4e60e25e70222b6913
  opts into full replace-by-fee
     in    0.0002 BTC
          outpoint:0d13ddd55e910d38d168abf387e0b1438cf696576941a0982fd39d833545930f:2
          sequence:fffffffd, opts into full RBF
     in    0.0001 BTC
          outpoint:2b007b4c6aa6e9b9f191e434f3bf57005aa286e0aeee7e154bd627af917fafcb:1
          sequence:fffffffd, opts into full RBF
     in    0.000005 BTC
          outpoint:38225665959fbe2c1a5b642f32df7963966267a8263d9bacf91dd9c5262db6b2:4
          sequence:fffffffd, opts into full RBF
     in    0.0003 BTC
          outpoint:e6f438fec86219640e9ded8e9ce0c8841279a43df6a18cca59c80e659e8e2c4a:3
          sequence:fffffffd, opts into full RBF
     out  0[] PUSHDATA(20)[2ecf8c3e5697f0513999ed3aa8ea9cd04d127355] 0.00060164 BTC
     fee  0.00000526 BTC/kB, 0.00000336 BTC for 638 bytes
     prps UNKNOWN

12:10:40.084 [main] DEBUG com.samourai.wallet.test.AbstractTest - outputsActuals: {tb1q9m8cc0jkjlc9zwvea5a2365u6px3yu646vgez4=60164}
]]></system-out>
  </testcase>
  <testcase name="stonewall_bip44" classname="com.samourai.wallet.send.spend.SpendBuilderTest" time="0.178">
    <failure message="expected: &lt;[e6f438fec86219640e9ded8e9ce0c8841279a43df6a18cca59c80e659e8e2c4a-3, 38225665959fbe2c1a5b642f32df7963966267a8263d9bacf91dd9c5262db6b2-4, 0d13ddd55e910d38d168abf387e0b1438cf696576941a0982fd39d833545930f-2, 5a9e77d75d6c6006d965dae1820c7c39a0dc52190dbd79b4e55101483aee0e71-6, 6a68068a318addb2c1c84c6e34ce24a6ea8e21f746436a2be4fcf2a09f72fd9b-5]&gt; but was: &lt;[5a9e77d75d6c6006d965dae1820c7c39a0dc52190dbd79b4e55101483aee0e71-6, e6f438fec86219640e9ded8e9ce0c8841279a43df6a18cca59c80e659e8e2c4a-3, 0ae60c136ed270a4a8df1210494302ffa21a3bdf86ba5e88f59fe37e88e317ba-7, 6a68068a318addb2c1c84c6e34ce24a6ea8e21f746436a2be4fcf2a09f72fd9b-5]&gt;" type="org.opentest4j.AssertionFailedError"><![CDATA[org.opentest4j.AssertionFailedError: expected: <[e6f438fec86219640e9ded8e9ce0c8841279a43df6a18cca59c80e659e8e2c4a-3, 38225665959fbe2c1a5b642f32df7963966267a8263d9bacf91dd9c5262db6b2-4, 0d13ddd55e910d38d168abf387e0b1438cf696576941a0982fd39d833545930f-2, 5a9e77d75d6c6006d965dae1820c7c39a0dc52190dbd79b4e55101483aee0e71-6, 6a68068a318addb2c1c84c6e34ce24a6ea8e21f746436a2be4fcf2a09f72fd9b-5]> but was: <[5a9e77d75d6c6006d965dae1820c7c39a0dc52190dbd79b4e55101483aee0e71-6, e6f438fec86219640e9ded8e9ce0c8841279a43df6a18cca59c80e659e8e2c4a-3, 0ae60c136ed270a4a8df1210494302ffa21a3bdf86ba5e88f59fe37e88e317ba-7, 6a68068a318addb2c1c84c6e34ce24a6ea8e21f746436a2be4fcf2a09f72fd9b-5]>
	at org.junit.jupiter.api.AssertionUtils.fail(AssertionUtils.java:55)
	at org.junit.jupiter.api.AssertionUtils.failNotEqual(AssertionUtils.java:62)
	at org.junit.jupiter.api.AssertEquals.assertEquals(AssertEquals.java:182)
	at org.junit.jupiter.api.AssertEquals.assertEquals(AssertEquals.java:177)
	at org.junit.jupiter.api.Assertions.assertEquals(Assertions.java:1141)
	at com.samourai.wallet.test.AbstractTest.assertEquals(AbstractTest.java:243)
	at com.samourai.wallet.test.AbstractTest.verifySpendTx(AbstractTest.java:228)
	at com.samourai.wallet.send.spend.SpendBuilderTest.verifySpendTx(SpendBuilderTest.java:270)
	at com.samourai.wallet.send.spend.SpendBuilderTest.stonewall_bip44(SpendBuilderTest.java:263)
	at java.base/jdk.internal.reflect.DirectMethodHandleAccessor.invoke(DirectMethodHandleAccessor.java:104)
	at java.base/java.lang.reflect.Method.invoke(Method.java:578)
	at org.junit.platform.commons.util.ReflectionUtils.invokeMethod(ReflectionUtils.java:725)
	at org.junit.jupiter.engine.execution.MethodInvocation.proceed(MethodInvocation.java:60)
	at org.junit.jupiter.engine.execution.InvocationInterceptorChain$ValidatingInvocation.proceed(InvocationInterceptorChain.java:131)
	at org.junit.jupiter.engine.extension.TimeoutExtension.intercept(TimeoutExtension.java:149)
	at org.junit.jupiter.engine.extension.TimeoutExtension.interceptTestableMethod(TimeoutExtension.java:140)
	at org.junit.jupiter.engine.extension.TimeoutExtension.interceptTestMethod(TimeoutExtension.java:84)
	at org.junit.jupiter.engine.execution.ExecutableInvoker$ReflectiveInterceptorCall.lambda$ofVoidMethod$0(ExecutableInvoker.java:115)
	at org.junit.jupiter.engine.execution.ExecutableInvoker.lambda$invoke$0(ExecutableInvoker.java:105)
	at org.junit.jupiter.engine.execution.InvocationInterceptorChain$InterceptedInvocation.proceed(InvocationInterceptorChain.java:106)
	at org.junit.jupiter.engine.execution.InvocationInterceptorChain.proceed(InvocationInterceptorChain.java:64)
	at org.junit.jupiter.engine.execution.InvocationInterceptorChain.chainAndInvoke(InvocationInterceptorChain.java:45)
	at org.junit.jupiter.engine.execution.InvocationInterceptorChain.invoke(InvocationInterceptorChain.java:37)
	at org.junit.jupiter.engine.execution.ExecutableInvoker.invoke(ExecutableInvoker.java:104)
	at org.junit.jupiter.engine.execution.ExecutableInvoker.invoke(ExecutableInvoker.java:98)
	at org.junit.jupiter.engine.descriptor.TestMethodTestDescriptor.lambda$invokeTestMethod$7(TestMethodTestDescriptor.java:214)
	at org.junit.platform.engine.support.hierarchical.ThrowableCollector.execute(ThrowableCollector.java:73)
	at org.junit.jupiter.engine.descriptor.TestMethodTestDescriptor.invokeTestMethod(TestMethodTestDescriptor.java:210)
	at org.junit.jupiter.engine.descriptor.TestMethodTestDescriptor.execute(TestMethodTestDescriptor.java:135)
	at org.junit.jupiter.engine.descriptor.TestMethodTestDescriptor.execute(TestMethodTestDescriptor.java:66)
	at org.junit.platform.engine.support.hierarchical.NodeTestTask.lambda$executeRecursively$6(NodeTestTask.java:151)
	at org.junit.platform.engine.support.hierarchical.ThrowableCollector.execute(ThrowableCollector.java:73)
	at org.junit.platform.engine.support.hierarchical.NodeTestTask.lambda$executeRecursively$8(NodeTestTask.java:141)
	at org.junit.platform.engine.support.hierarchical.Node.around(Node.java:137)
	at org.junit.platform.engine.support.hierarchical.NodeTestTask.lambda$executeRecursively$9(NodeTestTask.java:139)
	at org.junit.platform.engine.support.hierarchical.ThrowableCollector.execute(ThrowableCollector.java:73)
	at org.junit.platform.engine.support.hierarchical.NodeTestTask.executeRecursively(NodeTestTask.java:138)
	at org.junit.platform.engine.support.hierarchical.NodeTestTask.execute(NodeTestTask.java:95)
	at java.base/java.util.ArrayList.forEach(ArrayList.java:1511)
	at org.junit.platform.engine.support.hierarchical.SameThreadHierarchicalTestExecutorService.invokeAll(SameThreadHierarchicalTestExecutorService.java:41)
	at org.junit.platform.engine.support.hierarchical.NodeTestTask.lambda$executeRecursively$6(NodeTestTask.java:155)
	at org.junit.platform.engine.support.hierarchical.ThrowableCollector.execute(ThrowableCollector.java:73)
	at org.junit.platform.engine.support.hierarchical.NodeTestTask.lambda$executeRecursively$8(NodeTestTask.java:141)
	at org.junit.platform.engine.support.hierarchical.Node.around(Node.java:137)
	at org.junit.platform.engine.support.hierarchical.NodeTestTask.lambda$executeRecursively$9(NodeTestTask.java:139)
	at org.junit.platform.engine.support.hierarchical.ThrowableCollector.execute(ThrowableCollector.java:73)
	at org.junit.platform.engine.support.hierarchical.NodeTestTask.executeRecursively(NodeTestTask.java:138)
	at org.junit.platform.engine.support.hierarchical.NodeTestTask.execute(NodeTestTask.java:95)
	at java.base/java.util.ArrayList.forEach(ArrayList.java:1511)
	at org.junit.platform.engine.support.hierarchical.SameThreadHierarchicalTestExecutorService.invokeAll(SameThreadHierarchicalTestExecutorService.java:41)
	at org.junit.platform.engine.support.hierarchical.NodeTestTask.lambda$executeRecursively$6(NodeTestTask.java:155)
	at org.junit.platform.engine.support.hierarchical.ThrowableCollector.execute(ThrowableCollector.java:73)
	at org.junit.platform.engine.support.hierarchical.NodeTestTask.lambda$executeRecursively$8(NodeTestTask.java:141)
	at org.junit.platform.engine.support.hierarchical.Node.around(Node.java:137)
	at org.junit.platform.engine.support.hierarchical.NodeTestTask.lambda$executeRecursively$9(NodeTestTask.java:139)
	at org.junit.platform.engine.support.hierarchical.ThrowableCollector.execute(ThrowableCollector.java:73)
	at org.junit.platform.engine.support.hierarchical.NodeTestTask.executeRecursively(NodeTestTask.java:138)
	at org.junit.platform.engine.support.hierarchical.NodeTestTask.execute(NodeTestTask.java:95)
	at org.junit.platform.engine.support.hierarchical.SameThreadHierarchicalTestExecutorService.submit(SameThreadHierarchicalTestExecutorService.java:35)
	at org.junit.platform.engine.support.hierarchical.HierarchicalTestExecutor.execute(HierarchicalTestExecutor.java:57)
	at org.junit.platform.engine.support.hierarchical.HierarchicalTestEngine.execute(HierarchicalTestEngine.java:54)
	at org.junit.platform.launcher.core.EngineExecutionOrchestrator.execute(EngineExecutionOrchestrator.java:107)
	at org.junit.platform.launcher.core.EngineExecutionOrchestrator.execute(EngineExecutionOrchestrator.java:88)
	at org.junit.platform.launcher.core.EngineExecutionOrchestrator.lambda$execute$0(EngineExecutionOrchestrator.java:54)
	at org.junit.platform.launcher.core.EngineExecutionOrchestrator.withInterceptedStreams(EngineExecutionOrchestrator.java:67)
	at org.junit.platform.launcher.core.EngineExecutionOrchestrator.execute(EngineExecutionOrchestrator.java:52)
	at org.junit.platform.launcher.core.DefaultLauncher.execute(DefaultLauncher.java:114)
	at org.junit.platform.launcher.core.DefaultLauncher.execute(DefaultLauncher.java:86)
	at org.junit.platform.launcher.core.DefaultLauncherSession$DelegatingLauncher.execute(DefaultLauncherSession.java:86)
	at org.apache.maven.surefire.junitplatform.LazyLauncher.execute(LazyLauncher.java:56)
	at org.apache.maven.surefire.junitplatform.JUnitPlatformProvider.execute(JUnitPlatformProvider.java:184)
	at org.apache.maven.surefire.junitplatform.JUnitPlatformProvider.invokeAllTests(JUnitPlatformProvider.java:148)
	at org.apache.maven.surefire.junitplatform.JUnitPlatformProvider.invoke(JUnitPlatformProvider.java:122)
	at org.apache.maven.surefire.booter.ForkedBooter.runSuitesInProcess(ForkedBooter.java:385)
	at org.apache.maven.surefire.booter.ForkedBooter.execute(ForkedBooter.java:162)
	at org.apache.maven.surefire.booter.ForkedBooter.run(ForkedBooter.java:507)
	at org.apache.maven.surefire.booter.ForkedBooter.main(ForkedBooter.java:495)
]]></failure>
    <system-out><![CDATA[12:10:40.093 [main] DEBUG com.samourai.http.client.JettyHttpClient - +httpClient: no proxy
12:10:40.255 [main] DEBUG com.samourai.wallet.bipWallet.WalletSupplierImpl - +BipWallet[DEPOSIT_BIP44]: BipWallet{id='DEPOSIT_BIP44', samouraiAccount=DEPOSIT, derivation=BipDerivation{purpose=44, accountIndex=0}, bipFormatDefault=LEGACY, bipFormats=[LEGACY], xPub='tpu...LwY', bipPub='tpu...LwY'}
12:10:40.255 [main] DEBUG com.samourai.wallet.bipWallet.WalletSupplierImpl - +BipWallet[DEPOSIT_BIP49]: BipWallet{id='DEPOSIT_BIP49', samouraiAccount=DEPOSIT, derivation=BipDerivation{purpose=49, accountIndex=0}, bipFormatDefault=SEGWIT_COMPAT, bipFormats=[SEGWIT_COMPAT], xPub='tpu...eV2', bipPub='upu...38D'}
12:10:40.255 [main] DEBUG com.samourai.wallet.bipWallet.WalletSupplierImpl - +BipWallet[DEPOSIT_BIP84]: BipWallet{id='DEPOSIT_BIP84', samouraiAccount=DEPOSIT, derivation=BipDerivation{purpose=84, accountIndex=0}, bipFormatDefault=SEGWIT_NATIVE, bipFormats=[SEGWIT_NATIVE], xPub='tpu...re9', bipPub='vpu...dCu'}
12:10:40.255 [main] DEBUG com.samourai.wallet.bipWallet.WalletSupplierImpl - +BipWallet[PREMIX_BIP84]: BipWallet{id='PREMIX_BIP84', samouraiAccount=PREMIX, derivation=BipDerivation{purpose=84, accountIndex=2147483645}, bipFormatDefault=SEGWIT_NATIVE, bipFormats=[SEGWIT_NATIVE], xPub='tpu...hvr', bipPub='vpu...4mL'}
12:10:40.255 [main] DEBUG com.samourai.wallet.bipWallet.WalletSupplierImpl - +BipWallet[POSTMIX_BIP84]: BipWallet{id='POSTMIX_BIP84', samouraiAccount=POSTMIX, derivation=BipDerivation{purpose=84, accountIndex=2147483646}, bipFormatDefault=SEGWIT_NATIVE, bipFormats=[SEGWIT_NATIVE, SEGWIT_COMPAT, LEGACY], xPub='tpu...sQD', bipPub='vpu...nrW'}
12:10:40.255 [main] DEBUG com.samourai.wallet.bipWallet.WalletSupplierImpl - +BipWallet[ASB_BIP84]: BipWallet{id='ASB_BIP84', samouraiAccount=SWAPS_ASB, derivation=BipDerivation{purpose=84, accountIndex=2147483641}, bipFormatDefault=SEGWIT_NATIVE, bipFormats=[SEGWIT_NATIVE], xPub='tpu...p4i', bipPub='vpu...sEH'}
12:10:40.255 [main] DEBUG com.samourai.wallet.bipWallet.WalletSupplierImpl - +BipWallet[SWAPS_DEPOSIT]: BipWallet{id='SWAPS_DEPOSIT', samouraiAccount=SWAPS_DEPOSIT, derivation=BipDerivation{purpose=84, accountIndex=2147483643}, bipFormatDefault=SEGWIT_NATIVE, bipFormats=[SEGWIT_NATIVE], xPub='tpu...3s7', bipPub='vpu...HpJ'}
12:10:40.255 [main] DEBUG com.samourai.wallet.bipWallet.WalletSupplierImpl - +BipWallet[SWAPS_REFUNDS]: BipWallet{id='SWAPS_REFUNDS', samouraiAccount=SWAPS_REFUNDS, derivation=BipDerivation{purpose=84, accountIndex=2147483642}, bipFormatDefault=SEGWIT_NATIVE, bipFormats=[SEGWIT_NATIVE], xPub='tpu...rMX', bipPub='vpu...Sr9'}
12:10:40.255 [main] DEBUG com.samourai.wallet.bipWallet.WalletSupplierImpl - +BipWallet[BADBANK_BIP84]: BipWallet{id='BADBANK_BIP84', samouraiAccount=BADBANK, derivation=BipDerivation{purpose=84, accountIndex=2147483644}, bipFormatDefault=SEGWIT_NATIVE, bipFormats=[SEGWIT_NATIVE], xPub='tpu...hmu', bipPub='vpu...tNY'}
12:10:40.255 [main] DEBUG com.samourai.wallet.bipWallet.WalletSupplierImpl - +BipWallet[RICOCHET_BIP84]: BipWallet{id='RICOCHET_BIP84', samouraiAccount=RICOCHET, derivation=BipDerivation{purpose=84, accountIndex=2147483647}, bipFormatDefault=SEGWIT_NATIVE, bipFormats=[SEGWIT_NATIVE], xPub='tpu...UMc', bipPub='vpu...knj'}
12:10:40.255 [main] DEBUG com.samourai.wallet.api.backend.BackendApi - urlBackend=https://api.samouraiwallet.com/test/v2, oAuth=no
12:10:40.255 [main] DEBUG com.samourai.wallet.util.LogbackUtils - Log level set to DEBUG for the logger 'com.samourai'
12:10:40.255 [main] DEBUG com.samourai.wallet.util.LogbackUtils - Log level set to DEBUG for the logger 'com.samourai.whirlpool.client'
12:10:40.255 [main] DEBUG com.samourai.wallet.util.LogbackUtils - Log level set to DEBUG for the logger 'com.samourai.whirlpool.client.mix.dialog'
12:10:40.255 [main] DEBUG com.samourai.wallet.util.LogbackUtils - Log level set to DEBUG for the logger 'com.samourai.stomp.client'
12:10:40.255 [main] DEBUG com.samourai.wallet.util.LogbackUtils - Log level set to DEBUG for the logger 'com.samourai.wallet.util.FeeUtil'
12:10:40.255 [main] DEBUG com.samourai.wallet.util.LogbackUtils - Log level set to DEBUG for the logger 'com.samourai.whirlpool.client.utils'
12:10:40.255 [main] DEBUG com.samourai.wallet.util.LogbackUtils - Log level set to DEBUG for the logger 'com.samourai.whirlpool.client.wallet'
12:10:40.255 [main] DEBUG com.samourai.wallet.util.LogbackUtils - Log level set to DEBUG for the logger 'com.samourai.wallet.cahoots'
12:10:40.255 [main] DEBUG com.samourai.wallet.util.LogbackUtils - Log level set to DEBUG for the logger 'com.samourai.wallet.cahoots.stowaway'
12:10:40.255 [main] DEBUG com.samourai.wallet.util.LogbackUtils - Log level set to DEBUG for the logger 'com.samourai.wallet.cahoots.stonewallx2'
12:10:40.255 [main] DEBUG com.samourai.wallet.util.LogbackUtils - Log level set to DEBUG for the logger 'com.samourai.wallet.sorobanClient'
12:10:40.255 [main] DEBUG com.samourai.wallet.util.LogbackUtils - Log level set to DEBUG for the logger 'com.samourai.soroban.client'
12:10:40.255 [main] DEBUG com.samourai.wallet.util.LogbackUtils - Log level set to DEBUG for the logger 'com.samourai.soroban.client.rpc'
12:10:40.255 [main] DEBUG com.samourai.wallet.util.LogbackUtils - Log level set to DEBUG for the logger 'com.samourai.soroban.client.dialog'
12:10:40.255 [main] DEBUG com.samourai.wallet.util.LogbackUtils - Log level set to DEBUG for the logger 'com.samourai.soroban.client.meeting'
12:10:40.255 [main] DEBUG com.samourai.wallet.util.LogbackUtils - Log level set to DEBUG for the logger 'com.samourai.whirlpool.client.wallet.orchestrator'
12:10:40.255 [main] DEBUG com.samourai.wallet.util.LogbackUtils - Log level set to ERROR for the logger 'org.bitcoinj'
12:10:40.255 [main] DEBUG com.samourai.wallet.util.LogbackUtils - Log level set to WARN for the logger 'org.bitcoin'
12:10:40.255 [main] DEBUG com.samourai.wallet.util.LogbackUtils - Log level set to INFO for the logger 'org.eclipse.jetty'
12:10:40.258 [main] DEBUG com.samourai.http.client.JettyHttpClient - +httpClient: no proxy
12:10:40.425 [main] DEBUG com.samourai.wallet.bipWallet.WalletSupplierImpl - +BipWallet[DEPOSIT_BIP44]: BipWallet{id='DEPOSIT_BIP44', samouraiAccount=DEPOSIT, derivation=BipDerivation{purpose=44, accountIndex=0}, bipFormatDefault=LEGACY, bipFormats=[LEGACY], xPub='tpu...LwY', bipPub='tpu...LwY'}
12:10:40.425 [main] DEBUG com.samourai.wallet.bipWallet.WalletSupplierImpl - +BipWallet[DEPOSIT_BIP49]: BipWallet{id='DEPOSIT_BIP49', samouraiAccount=DEPOSIT, derivation=BipDerivation{purpose=49, accountIndex=0}, bipFormatDefault=SEGWIT_COMPAT, bipFormats=[SEGWIT_COMPAT], xPub='tpu...eV2', bipPub='upu...38D'}
12:10:40.425 [main] DEBUG com.samourai.wallet.bipWallet.WalletSupplierImpl - +BipWallet[DEPOSIT_BIP84]: BipWallet{id='DEPOSIT_BIP84', samouraiAccount=DEPOSIT, derivation=BipDerivation{purpose=84, accountIndex=0}, bipFormatDefault=SEGWIT_NATIVE, bipFormats=[SEGWIT_NATIVE], xPub='tpu...re9', bipPub='vpu...dCu'}
12:10:40.425 [main] DEBUG com.samourai.wallet.bipWallet.WalletSupplierImpl - +BipWallet[PREMIX_BIP84]: BipWallet{id='PREMIX_BIP84', samouraiAccount=PREMIX, derivation=BipDerivation{purpose=84, accountIndex=2147483645}, bipFormatDefault=SEGWIT_NATIVE, bipFormats=[SEGWIT_NATIVE], xPub='tpu...hvr', bipPub='vpu...4mL'}
12:10:40.425 [main] DEBUG com.samourai.wallet.bipWallet.WalletSupplierImpl - +BipWallet[POSTMIX_BIP84]: BipWallet{id='POSTMIX_BIP84', samouraiAccount=POSTMIX, derivation=BipDerivation{purpose=84, accountIndex=2147483646}, bipFormatDefault=SEGWIT_NATIVE, bipFormats=[SEGWIT_NATIVE, SEGWIT_COMPAT, LEGACY], xPub='tpu...sQD', bipPub='vpu...nrW'}
12:10:40.425 [main] DEBUG com.samourai.wallet.bipWallet.WalletSupplierImpl - +BipWallet[ASB_BIP84]: BipWallet{id='ASB_BIP84', samouraiAccount=SWAPS_ASB, derivation=BipDerivation{purpose=84, accountIndex=2147483641}, bipFormatDefault=SEGWIT_NATIVE, bipFormats=[SEGWIT_NATIVE], xPub='tpu...p4i', bipPub='vpu...sEH'}
12:10:40.425 [main] DEBUG com.samourai.wallet.bipWallet.WalletSupplierImpl - +BipWallet[SWAPS_DEPOSIT]: BipWallet{id='SWAPS_DEPOSIT', samouraiAccount=SWAPS_DEPOSIT, derivation=BipDerivation{purpose=84, accountIndex=2147483643}, bipFormatDefault=SEGWIT_NATIVE, bipFormats=[SEGWIT_NATIVE], xPub='tpu...3s7', bipPub='vpu...HpJ'}
12:10:40.425 [main] DEBUG com.samourai.wallet.bipWallet.WalletSupplierImpl - +BipWallet[SWAPS_REFUNDS]: BipWallet{id='SWAPS_REFUNDS', samouraiAccount=SWAPS_REFUNDS, derivation=BipDerivation{purpose=84, accountIndex=2147483642}, bipFormatDefault=SEGWIT_NATIVE, bipFormats=[SEGWIT_NATIVE], xPub='tpu...rMX', bipPub='vpu...Sr9'}
12:10:40.425 [main] DEBUG com.samourai.wallet.bipWallet.WalletSupplierImpl - +BipWallet[BADBANK_BIP84]: BipWallet{id='BADBANK_BIP84', samouraiAccount=BADBANK, derivation=BipDerivation{purpose=84, accountIndex=2147483644}, bipFormatDefault=SEGWIT_NATIVE, bipFormats=[SEGWIT_NATIVE], xPub='tpu...hmu', bipPub='vpu...tNY'}
12:10:40.425 [main] DEBUG com.samourai.wallet.bipWallet.WalletSupplierImpl - +BipWallet[RICOCHET_BIP84]: BipWallet{id='RICOCHET_BIP84', samouraiAccount=RICOCHET, derivation=BipDerivation{purpose=84, accountIndex=2147483647}, bipFormatDefault=SEGWIT_NATIVE, bipFormats=[SEGWIT_NATIVE], xPub='tpu...UMc', bipPub='vpu...knj'}
12:10:40.425 [main] DEBUG com.samourai.wallet.api.backend.BackendApi - urlBackend=https://api.samouraiwallet.com/test/v2, oAuth=no
12:10:40.425 [main] DEBUG com.samourai.wallet.util.LogbackUtils - Log level set to DEBUG for the logger 'com.samourai'
12:10:40.425 [main] DEBUG com.samourai.wallet.util.LogbackUtils - Log level set to DEBUG for the logger 'com.samourai.whirlpool.client'
12:10:40.425 [main] DEBUG com.samourai.wallet.util.LogbackUtils - Log level set to DEBUG for the logger 'com.samourai.whirlpool.client.mix.dialog'
12:10:40.425 [main] DEBUG com.samourai.wallet.util.LogbackUtils - Log level set to DEBUG for the logger 'com.samourai.stomp.client'
12:10:40.425 [main] DEBUG com.samourai.wallet.util.LogbackUtils - Log level set to DEBUG for the logger 'com.samourai.wallet.util.FeeUtil'
12:10:40.426 [main] DEBUG com.samourai.wallet.util.LogbackUtils - Log level set to DEBUG for the logger 'com.samourai.whirlpool.client.utils'
12:10:40.426 [main] DEBUG com.samourai.wallet.util.LogbackUtils - Log level set to DEBUG for the logger 'com.samourai.whirlpool.client.wallet'
12:10:40.426 [main] DEBUG com.samourai.wallet.util.LogbackUtils - Log level set to DEBUG for the logger 'com.samourai.wallet.cahoots'
12:10:40.426 [main] DEBUG com.samourai.wallet.util.LogbackUtils - Log level set to DEBUG for the logger 'com.samourai.wallet.cahoots.stowaway'
12:10:40.426 [main] DEBUG com.samourai.wallet.util.LogbackUtils - Log level set to DEBUG for the logger 'com.samourai.wallet.cahoots.stonewallx2'
12:10:40.426 [main] DEBUG com.samourai.wallet.util.LogbackUtils - Log level set to DEBUG for the logger 'com.samourai.wallet.sorobanClient'
12:10:40.426 [main] DEBUG com.samourai.wallet.util.LogbackUtils - Log level set to DEBUG for the logger 'com.samourai.soroban.client'
12:10:40.426 [main] DEBUG com.samourai.wallet.util.LogbackUtils - Log level set to DEBUG for the logger 'com.samourai.soroban.client.rpc'
12:10:40.426 [main] DEBUG com.samourai.wallet.util.LogbackUtils - Log level set to DEBUG for the logger 'com.samourai.soroban.client.dialog'
12:10:40.426 [main] DEBUG com.samourai.wallet.util.LogbackUtils - Log level set to DEBUG for the logger 'com.samourai.soroban.client.meeting'
12:10:40.426 [main] DEBUG com.samourai.wallet.util.LogbackUtils - Log level set to DEBUG for the logger 'com.samourai.whirlpool.client.wallet.orchestrator'
12:10:40.426 [main] DEBUG com.samourai.wallet.util.LogbackUtils - Log level set to ERROR for the logger 'org.bitcoinj'
12:10:40.426 [main] DEBUG com.samourai.wallet.util.LogbackUtils - Log level set to WARN for the logger 'org.bitcoin'
12:10:40.426 [main] DEBUG com.samourai.wallet.util.LogbackUtils - Log level set to INFO for the logger 'org.eclipse.jetty'
12:10:40.430 [main] DEBUG com.samourai.wallet.send.spend.StonewallUtil - utxoSets[LEGACY]: 0 (0 inputs)
12:10:40.430 [main] DEBUG com.samourai.wallet.send.spend.StonewallUtil - utxoSets[SEGWIT_NATIVE]: 200000 (8 inputs)
12:10:40.430 [main] DEBUG com.samourai.wallet.send.spend.StonewallUtil - utxoSets[SEGWIT_COMPAT]: 0 (0 inputs)
12:10:40.430 [main] DEBUG com.samourai.wallet.send.spend.StonewallUtil - set 1 LEGACY 2x
12:10:40.430 [main] DEBUG com.samourai.wallet.send.spend.StonewallUtil - stonewall spend
12:10:40.430 [main] DEBUG com.samourai.wallet.send.spend.StonewallUtil - total outputs amount:200000
12:10:40.430 [main] DEBUG com.samourai.wallet.send.spend.StonewallUtil - spend amount:40000
12:10:40.430 [main] DEBUG com.samourai.wallet.send.spend.StonewallUtil - utxos:8
12:10:40.430 [main] DEBUG com.samourai.wallet.send.spend.StonewallUtil - selected:0,e6f438fec86219640e9ded8e9ce0c8841279a43df6a18cca59c80e659e8e2c4a,20000
12:10:40.430 [main] DEBUG com.samourai.wallet.send.spend.StonewallUtil - selected:1,38225665959fbe2c1a5b642f32df7963966267a8263d9bacf91dd9c5262db6b2,20000
12:10:40.430 [main] DEBUG com.samourai.wallet.send.spend.StonewallUtil - selected:2,5a9e77d75d6c6006d965dae1820c7c39a0dc52190dbd79b4e55101483aee0e71,30000
12:10:40.431 [main] DEBUG com.samourai.wallet.send.spend.StonewallUtil - utxos idx:3
12:10:40.431 [main] DEBUG com.samourai.wallet.send.spend.StonewallUtil - utxos after selection:5
12:10:40.431 [main] DEBUG com.samourai.wallet.send.spend.StonewallUtil - utxos after adding recycled:5
12:10:40.431 [main] DEBUG com.samourai.wallet.send.spend.StonewallUtil - fee set1:0
12:10:40.431 [main] DEBUG com.samourai.wallet.send.spend.StonewallUtil - input:5a9e77d75d6c6006d965dae1820c7c39a0dc52190dbd79b4e55101483aee0e71-6,30000
12:10:40.431 [main] DEBUG com.samourai.wallet.send.spend.StonewallUtil - input:e6f438fec86219640e9ded8e9ce0c8841279a43df6a18cca59c80e659e8e2c4a-3,20000
12:10:40.431 [main] DEBUG com.samourai.wallet.send.spend.StonewallUtil - output:TxOut of 0.0004 BTC to muimRQFJKMJM1pTminJxiD5HrPgSu257tX script:DUP HASH160 PUSHDATA(20)[9bcdad097fa4695a3bdab991e3212da04002ce40] EQUALVERIFY CHECKSIG,40000
12:10:40.431 [main] DEBUG com.samourai.wallet.send.spend.StonewallUtil - output:TxOut of 0.0001 BTC (unknown type) script:0[] PUSHDATA(20)[f6a884f18f4d7e78a4167c3e56773c3ae58e0164],10000
12:10:40.431 [main] DEBUG com.samourai.wallet.send.spend.StonewallUtil - inputs:50000
12:10:40.431 [main] DEBUG com.samourai.wallet.send.spend.StonewallUtil - outputs:50000
12:10:40.431 [main] DEBUG com.samourai.wallet.send.spend.StonewallUtil - set0 utxo returned:[com.samourai.wallet.send.UTXO@6535117e, com.samourai.wallet.send.UTXO@1d1cbd0f, com.samourai.wallet.send.UTXO@6fa13e6, com.samourai.wallet.send.UTXO@3af7d855, com.samourai.wallet.send.UTXO@77049094]
12:10:40.431 [main] DEBUG com.samourai.wallet.send.spend.StonewallUtil - set0 value:130000
12:10:40.431 [main] DEBUG com.samourai.wallet.send.spend.StonewallUtil - utxosBis value:0
12:10:40.431 [main] DEBUG com.samourai.wallet.send.spend.StonewallUtil - set0 selected for 2nd pass
12:10:40.431 [main] DEBUG com.samourai.wallet.send.spend.StonewallUtil - total outputs amount:130000
12:10:40.431 [main] DEBUG com.samourai.wallet.send.spend.StonewallUtil - spend amount:40000
12:10:40.431 [main] DEBUG com.samourai.wallet.send.spend.StonewallUtil - utxos:5
12:10:40.431 [main] DEBUG com.samourai.wallet.send.spend.StonewallUtil - selected:0,6a68068a318addb2c1c84c6e34ce24a6ea8e21f746436a2be4fcf2a09f72fd9b,30000
12:10:40.431 [main] DEBUG com.samourai.wallet.send.spend.StonewallUtil - selected:1,0ae60c136ed270a4a8df1210494302ffa21a3bdf86ba5e88f59fe37e88e317ba,40000
12:10:40.432 [main] DEBUG com.samourai.wallet.send.spend.StonewallUtil - utxos idx:2
12:10:40.432 [main] DEBUG com.samourai.wallet.send.spend.StonewallUtil - utxos after selection:3
12:10:40.432 [main] DEBUG com.samourai.wallet.send.spend.StonewallUtil - utxos after adding recycled:3
12:10:40.432 [main] DEBUG com.samourai.wallet.send.spend.StonewallUtil - biFee:443
12:10:40.432 [main] DEBUG com.samourai.wallet.send.spend.StonewallUtil - biFee pair:444
12:10:40.432 [main] DEBUG com.samourai.wallet.send.spend.StonewallUtil - fee set1:222
12:10:40.432 [main] DEBUG com.samourai.wallet.send.spend.StonewallUtil - fee set0:222
12:10:40.432 [main] DEBUG com.samourai.wallet.send.spend.StonewallUtil - input:0ae60c136ed270a4a8df1210494302ffa21a3bdf86ba5e88f59fe37e88e317ba-7,40000
12:10:40.432 [main] DEBUG com.samourai.wallet.send.spend.StonewallUtil - input:6a68068a318addb2c1c84c6e34ce24a6ea8e21f746436a2be4fcf2a09f72fd9b-5,30000
12:10:40.432 [main] DEBUG com.samourai.wallet.send.spend.StonewallUtil - output:TxOut of 0.0004 BTC to mrdresnK7GvmSwQTKHCjV87ygEyi89EKGG script:DUP HASH160 PUSHDATA(20)[79f7962428741fa25e70036f6719e2c11efa75d3] EQUALVERIFY CHECKSIG,40000
12:10:40.432 [main] DEBUG com.samourai.wallet.send.spend.StonewallUtil - output:TxOut of 0.00029778 BTC (unknown type) script:0[] PUSHDATA(20)[1bd05eb7c9cb516fddd8187cecb2e0cb4e21ac87],29778
12:10:40.432 [main] DEBUG com.samourai.wallet.send.spend.StonewallUtil - inputs:70000
12:10:40.432 [main] DEBUG com.samourai.wallet.send.spend.StonewallUtil - outputs:70222
12:10:40.433 [main] DEBUG com.samourai.wallet.send.SendFactoryGeneric - signInput #0: value=40000, addressType=SEGWIT_NATIVE, address=tb1qg4myrlnv5ff9gpktljnf633zx5dy9573zrp2xz
12:10:40.433 [main] DEBUG com.samourai.wallet.send.SendFactoryGeneric - signInput #1: value=30000, addressType=SEGWIT_NATIVE, address=tb1q4vns5qu5hnmkmhdk5nj349g4xwmr2e3j7tutlw
12:10:40.434 [main] DEBUG com.samourai.wallet.send.SendFactoryGeneric - signInput #2: value=30000, addressType=SEGWIT_NATIVE, address=tb1q9qjc6qzlw2htz9x3hmu527j0lmhcrxxugepv28
12:10:40.434 [main] DEBUG com.samourai.wallet.send.SendFactoryGeneric - signInput #3: value=20000, addressType=SEGWIT_NATIVE, address=tb1qcdasnw5xps2g8kjz4yv2daacs4cqm7n5t8mktx
12:10:40.434 [main] DEBUG com.samourai.wallet.send.spend.SpendSelection - size:737
12:10:40.434 [main] DEBUG com.samourai.wallet.send.spend.SpendSelection - vsize:413
12:10:40.434 [main] DEBUG com.samourai.wallet.send.spend.SpendSelection - fee:444
12:10:40.434 [main] DEBUG com.samourai.wallet.send.beans.SpendTxSimple -   77edb79e9508144af5825e054f5cd5c5d5a704257bef6b4426b2a5244c80c6e8
  version 2
  time locked until block 12345678
  opts into full replace-by-fee
     in    0.0004 BTC
          outpoint:0ae60c136ed270a4a8df1210494302ffa21a3bdf86ba5e88f59fe37e88e317ba:7
          sequence:fffffffd, opts into full RBF
     in    0.0003 BTC
          outpoint:5a9e77d75d6c6006d965dae1820c7c39a0dc52190dbd79b4e55101483aee0e71:6
          sequence:fffffffd, opts into full RBF
     in    0.0003 BTC
          outpoint:6a68068a318addb2c1c84c6e34ce24a6ea8e21f746436a2be4fcf2a09f72fd9b:5
          sequence:fffffffd, opts into full RBF
     in    0.0002 BTC
          outpoint:e6f438fec86219640e9ded8e9ce0c8841279a43df6a18cca59c80e659e8e2c4a:3
          sequence:fffffffd, opts into full RBF
     out  0[] PUSHDATA(20)[f6a884f18f4d7e78a4167c3e56773c3ae58e0164] 0.00009778 BTC
     out  0[] PUSHDATA(20)[1bd05eb7c9cb516fddd8187cecb2e0cb4e21ac87] 0.00029778 BTC
     out  DUP HASH160 PUSHDATA(20)[79f7962428741fa25e70036f6719e2c11efa75d3] EQUALVERIFY CHECKSIG 0.0004 BTC
     out  DUP HASH160 PUSHDATA(20)[9bcdad097fa4695a3bdab991e3212da04002ce40] EQUALVERIFY CHECKSIG 0.0004 BTC
     fee  0.00000602 BTC/kB, 0.00000444 BTC for 737 bytes
     prps UNKNOWN

12:10:40.434 [main] DEBUG com.samourai.wallet.send.spend.SpendBuilder - spend type:STONEWALL
12:10:40.434 [main] DEBUG com.samourai.wallet.send.spend.SpendBuilder - amount:40000
12:10:40.434 [main] DEBUG com.samourai.wallet.send.spend.SpendBuilder - total value selected:120000
12:10:40.434 [main] DEBUG com.samourai.wallet.send.spend.SpendBuilder - minerFeeTotal:444
12:10:40.434 [main] DEBUG com.samourai.wallet.send.spend.SpendBuilder - nb inputs:4
]]></system-out>
  </testcase>
  <testcase name="stonewall_bip49" classname="com.samourai.wallet.send.spend.SpendBuilderTest" time="0.169">
    <failure message="expected: &lt;[e6f438fec86219640e9ded8e9ce0c8841279a43df6a18cca59c80e659e8e2c4a-3, 38225665959fbe2c1a5b642f32df7963966267a8263d9bacf91dd9c5262db6b2-4, 0d13ddd55e910d38d168abf387e0b1438cf696576941a0982fd39d833545930f-2, 5a9e77d75d6c6006d965dae1820c7c39a0dc52190dbd79b4e55101483aee0e71-6, 6a68068a318addb2c1c84c6e34ce24a6ea8e21f746436a2be4fcf2a09f72fd9b-5]&gt; but was: &lt;[0ae60c136ed270a4a8df1210494302ffa21a3bdf86ba5e88f59fe37e88e317ba-7, 0d13ddd55e910d38d168abf387e0b1438cf696576941a0982fd39d833545930f-2, 6a68068a318addb2c1c84c6e34ce24a6ea8e21f746436a2be4fcf2a09f72fd9b-5, 38225665959fbe2c1a5b642f32df7963966267a8263d9bacf91dd9c5262db6b2-4]&gt;" type="org.opentest4j.AssertionFailedError"><![CDATA[org.opentest4j.AssertionFailedError: expected: <[e6f438fec86219640e9ded8e9ce0c8841279a43df6a18cca59c80e659e8e2c4a-3, 38225665959fbe2c1a5b642f32df7963966267a8263d9bacf91dd9c5262db6b2-4, 0d13ddd55e910d38d168abf387e0b1438cf696576941a0982fd39d833545930f-2, 5a9e77d75d6c6006d965dae1820c7c39a0dc52190dbd79b4e55101483aee0e71-6, 6a68068a318addb2c1c84c6e34ce24a6ea8e21f746436a2be4fcf2a09f72fd9b-5]> but was: <[0ae60c136ed270a4a8df1210494302ffa21a3bdf86ba5e88f59fe37e88e317ba-7, 0d13ddd55e910d38d168abf387e0b1438cf696576941a0982fd39d833545930f-2, 6a68068a318addb2c1c84c6e34ce24a6ea8e21f746436a2be4fcf2a09f72fd9b-5, 38225665959fbe2c1a5b642f32df7963966267a8263d9bacf91dd9c5262db6b2-4]>
	at org.junit.jupiter.api.AssertionUtils.fail(AssertionUtils.java:55)
	at org.junit.jupiter.api.AssertionUtils.failNotEqual(AssertionUtils.java:62)
	at org.junit.jupiter.api.AssertEquals.assertEquals(AssertEquals.java:182)
	at org.junit.jupiter.api.AssertEquals.assertEquals(AssertEquals.java:177)
	at org.junit.jupiter.api.Assertions.assertEquals(Assertions.java:1141)
	at com.samourai.wallet.test.AbstractTest.assertEquals(AbstractTest.java:243)
	at com.samourai.wallet.test.AbstractTest.verifySpendTx(AbstractTest.java:228)
	at com.samourai.wallet.send.spend.SpendBuilderTest.verifySpendTx(SpendBuilderTest.java:270)
	at com.samourai.wallet.send.spend.SpendBuilderTest.stonewall_bip49(SpendBuilderTest.java:235)
	at java.base/jdk.internal.reflect.DirectMethodHandleAccessor.invoke(DirectMethodHandleAccessor.java:104)
	at java.base/java.lang.reflect.Method.invoke(Method.java:578)
	at org.junit.platform.commons.util.ReflectionUtils.invokeMethod(ReflectionUtils.java:725)
	at org.junit.jupiter.engine.execution.MethodInvocation.proceed(MethodInvocation.java:60)
	at org.junit.jupiter.engine.execution.InvocationInterceptorChain$ValidatingInvocation.proceed(InvocationInterceptorChain.java:131)
	at org.junit.jupiter.engine.extension.TimeoutExtension.intercept(TimeoutExtension.java:149)
	at org.junit.jupiter.engine.extension.TimeoutExtension.interceptTestableMethod(TimeoutExtension.java:140)
	at org.junit.jupiter.engine.extension.TimeoutExtension.interceptTestMethod(TimeoutExtension.java:84)
	at org.junit.jupiter.engine.execution.ExecutableInvoker$ReflectiveInterceptorCall.lambda$ofVoidMethod$0(ExecutableInvoker.java:115)
	at org.junit.jupiter.engine.execution.ExecutableInvoker.lambda$invoke$0(ExecutableInvoker.java:105)
	at org.junit.jupiter.engine.execution.InvocationInterceptorChain$InterceptedInvocation.proceed(InvocationInterceptorChain.java:106)
	at org.junit.jupiter.engine.execution.InvocationInterceptorChain.proceed(InvocationInterceptorChain.java:64)
	at org.junit.jupiter.engine.execution.InvocationInterceptorChain.chainAndInvoke(InvocationInterceptorChain.java:45)
	at org.junit.jupiter.engine.execution.InvocationInterceptorChain.invoke(InvocationInterceptorChain.java:37)
	at org.junit.jupiter.engine.execution.ExecutableInvoker.invoke(ExecutableInvoker.java:104)
	at org.junit.jupiter.engine.execution.ExecutableInvoker.invoke(ExecutableInvoker.java:98)
	at org.junit.jupiter.engine.descriptor.TestMethodTestDescriptor.lambda$invokeTestMethod$7(TestMethodTestDescriptor.java:214)
	at org.junit.platform.engine.support.hierarchical.ThrowableCollector.execute(ThrowableCollector.java:73)
	at org.junit.jupiter.engine.descriptor.TestMethodTestDescriptor.invokeTestMethod(TestMethodTestDescriptor.java:210)
	at org.junit.jupiter.engine.descriptor.TestMethodTestDescriptor.execute(TestMethodTestDescriptor.java:135)
	at org.junit.jupiter.engine.descriptor.TestMethodTestDescriptor.execute(TestMethodTestDescriptor.java:66)
	at org.junit.platform.engine.support.hierarchical.NodeTestTask.lambda$executeRecursively$6(NodeTestTask.java:151)
	at org.junit.platform.engine.support.hierarchical.ThrowableCollector.execute(ThrowableCollector.java:73)
	at org.junit.platform.engine.support.hierarchical.NodeTestTask.lambda$executeRecursively$8(NodeTestTask.java:141)
	at org.junit.platform.engine.support.hierarchical.Node.around(Node.java:137)
	at org.junit.platform.engine.support.hierarchical.NodeTestTask.lambda$executeRecursively$9(NodeTestTask.java:139)
	at org.junit.platform.engine.support.hierarchical.ThrowableCollector.execute(ThrowableCollector.java:73)
	at org.junit.platform.engine.support.hierarchical.NodeTestTask.executeRecursively(NodeTestTask.java:138)
	at org.junit.platform.engine.support.hierarchical.NodeTestTask.execute(NodeTestTask.java:95)
	at java.base/java.util.ArrayList.forEach(ArrayList.java:1511)
	at org.junit.platform.engine.support.hierarchical.SameThreadHierarchicalTestExecutorService.invokeAll(SameThreadHierarchicalTestExecutorService.java:41)
	at org.junit.platform.engine.support.hierarchical.NodeTestTask.lambda$executeRecursively$6(NodeTestTask.java:155)
	at org.junit.platform.engine.support.hierarchical.ThrowableCollector.execute(ThrowableCollector.java:73)
	at org.junit.platform.engine.support.hierarchical.NodeTestTask.lambda$executeRecursively$8(NodeTestTask.java:141)
	at org.junit.platform.engine.support.hierarchical.Node.around(Node.java:137)
	at org.junit.platform.engine.support.hierarchical.NodeTestTask.lambda$executeRecursively$9(NodeTestTask.java:139)
	at org.junit.platform.engine.support.hierarchical.ThrowableCollector.execute(ThrowableCollector.java:73)
	at org.junit.platform.engine.support.hierarchical.NodeTestTask.executeRecursively(NodeTestTask.java:138)
	at org.junit.platform.engine.support.hierarchical.NodeTestTask.execute(NodeTestTask.java:95)
	at java.base/java.util.ArrayList.forEach(ArrayList.java:1511)
	at org.junit.platform.engine.support.hierarchical.SameThreadHierarchicalTestExecutorService.invokeAll(SameThreadHierarchicalTestExecutorService.java:41)
	at org.junit.platform.engine.support.hierarchical.NodeTestTask.lambda$executeRecursively$6(NodeTestTask.java:155)
	at org.junit.platform.engine.support.hierarchical.ThrowableCollector.execute(ThrowableCollector.java:73)
	at org.junit.platform.engine.support.hierarchical.NodeTestTask.lambda$executeRecursively$8(NodeTestTask.java:141)
	at org.junit.platform.engine.support.hierarchical.Node.around(Node.java:137)
	at org.junit.platform.engine.support.hierarchical.NodeTestTask.lambda$executeRecursively$9(NodeTestTask.java:139)
	at org.junit.platform.engine.support.hierarchical.ThrowableCollector.execute(ThrowableCollector.java:73)
	at org.junit.platform.engine.support.hierarchical.NodeTestTask.executeRecursively(NodeTestTask.java:138)
	at org.junit.platform.engine.support.hierarchical.NodeTestTask.execute(NodeTestTask.java:95)
	at org.junit.platform.engine.support.hierarchical.SameThreadHierarchicalTestExecutorService.submit(SameThreadHierarchicalTestExecutorService.java:35)
	at org.junit.platform.engine.support.hierarchical.HierarchicalTestExecutor.execute(HierarchicalTestExecutor.java:57)
	at org.junit.platform.engine.support.hierarchical.HierarchicalTestEngine.execute(HierarchicalTestEngine.java:54)
	at org.junit.platform.launcher.core.EngineExecutionOrchestrator.execute(EngineExecutionOrchestrator.java:107)
	at org.junit.platform.launcher.core.EngineExecutionOrchestrator.execute(EngineExecutionOrchestrator.java:88)
	at org.junit.platform.launcher.core.EngineExecutionOrchestrator.lambda$execute$0(EngineExecutionOrchestrator.java:54)
	at org.junit.platform.launcher.core.EngineExecutionOrchestrator.withInterceptedStreams(EngineExecutionOrchestrator.java:67)
	at org.junit.platform.launcher.core.EngineExecutionOrchestrator.execute(EngineExecutionOrchestrator.java:52)
	at org.junit.platform.launcher.core.DefaultLauncher.execute(DefaultLauncher.java:114)
	at org.junit.platform.launcher.core.DefaultLauncher.execute(DefaultLauncher.java:86)
	at org.junit.platform.launcher.core.DefaultLauncherSession$DelegatingLauncher.execute(DefaultLauncherSession.java:86)
	at org.apache.maven.surefire.junitplatform.LazyLauncher.execute(LazyLauncher.java:56)
	at org.apache.maven.surefire.junitplatform.JUnitPlatformProvider.execute(JUnitPlatformProvider.java:184)
	at org.apache.maven.surefire.junitplatform.JUnitPlatformProvider.invokeAllTests(JUnitPlatformProvider.java:148)
	at org.apache.maven.surefire.junitplatform.JUnitPlatformProvider.invoke(JUnitPlatformProvider.java:122)
	at org.apache.maven.surefire.booter.ForkedBooter.runSuitesInProcess(ForkedBooter.java:385)
	at org.apache.maven.surefire.booter.ForkedBooter.execute(ForkedBooter.java:162)
	at org.apache.maven.surefire.booter.ForkedBooter.run(ForkedBooter.java:507)
	at org.apache.maven.surefire.booter.ForkedBooter.main(ForkedBooter.java:495)
]]></failure>
    <system-out><![CDATA[12:10:40.444 [main] DEBUG com.samourai.http.client.JettyHttpClient - +httpClient: no proxy
12:10:40.610 [main] DEBUG com.samourai.wallet.bipWallet.WalletSupplierImpl - +BipWallet[DEPOSIT_BIP44]: BipWallet{id='DEPOSIT_BIP44', samouraiAccount=DEPOSIT, derivation=BipDerivation{purpose=44, accountIndex=0}, bipFormatDefault=LEGACY, bipFormats=[LEGACY], xPub='tpu...LwY', bipPub='tpu...LwY'}
12:10:40.610 [main] DEBUG com.samourai.wallet.bipWallet.WalletSupplierImpl - +BipWallet[DEPOSIT_BIP49]: BipWallet{id='DEPOSIT_BIP49', samouraiAccount=DEPOSIT, derivation=BipDerivation{purpose=49, accountIndex=0}, bipFormatDefault=SEGWIT_COMPAT, bipFormats=[SEGWIT_COMPAT], xPub='tpu...eV2', bipPub='upu...38D'}
12:10:40.610 [main] DEBUG com.samourai.wallet.bipWallet.WalletSupplierImpl - +BipWallet[DEPOSIT_BIP84]: BipWallet{id='DEPOSIT_BIP84', samouraiAccount=DEPOSIT, derivation=BipDerivation{purpose=84, accountIndex=0}, bipFormatDefault=SEGWIT_NATIVE, bipFormats=[SEGWIT_NATIVE], xPub='tpu...re9', bipPub='vpu...dCu'}
12:10:40.610 [main] DEBUG com.samourai.wallet.bipWallet.WalletSupplierImpl - +BipWallet[PREMIX_BIP84]: BipWallet{id='PREMIX_BIP84', samouraiAccount=PREMIX, derivation=BipDerivation{purpose=84, accountIndex=2147483645}, bipFormatDefault=SEGWIT_NATIVE, bipFormats=[SEGWIT_NATIVE], xPub='tpu...hvr', bipPub='vpu...4mL'}
12:10:40.610 [main] DEBUG com.samourai.wallet.bipWallet.WalletSupplierImpl - +BipWallet[POSTMIX_BIP84]: BipWallet{id='POSTMIX_BIP84', samouraiAccount=POSTMIX, derivation=BipDerivation{purpose=84, accountIndex=2147483646}, bipFormatDefault=SEGWIT_NATIVE, bipFormats=[SEGWIT_NATIVE, SEGWIT_COMPAT, LEGACY], xPub='tpu...sQD', bipPub='vpu...nrW'}
12:10:40.610 [main] DEBUG com.samourai.wallet.bipWallet.WalletSupplierImpl - +BipWallet[ASB_BIP84]: BipWallet{id='ASB_BIP84', samouraiAccount=SWAPS_ASB, derivation=BipDerivation{purpose=84, accountIndex=2147483641}, bipFormatDefault=SEGWIT_NATIVE, bipFormats=[SEGWIT_NATIVE], xPub='tpu...p4i', bipPub='vpu...sEH'}
12:10:40.610 [main] DEBUG com.samourai.wallet.bipWallet.WalletSupplierImpl - +BipWallet[SWAPS_DEPOSIT]: BipWallet{id='SWAPS_DEPOSIT', samouraiAccount=SWAPS_DEPOSIT, derivation=BipDerivation{purpose=84, accountIndex=2147483643}, bipFormatDefault=SEGWIT_NATIVE, bipFormats=[SEGWIT_NATIVE], xPub='tpu...3s7', bipPub='vpu...HpJ'}
12:10:40.610 [main] DEBUG com.samourai.wallet.bipWallet.WalletSupplierImpl - +BipWallet[SWAPS_REFUNDS]: BipWallet{id='SWAPS_REFUNDS', samouraiAccount=SWAPS_REFUNDS, derivation=BipDerivation{purpose=84, accountIndex=2147483642}, bipFormatDefault=SEGWIT_NATIVE, bipFormats=[SEGWIT_NATIVE], xPub='tpu...rMX', bipPub='vpu...Sr9'}
12:10:40.610 [main] DEBUG com.samourai.wallet.bipWallet.WalletSupplierImpl - +BipWallet[BADBANK_BIP84]: BipWallet{id='BADBANK_BIP84', samouraiAccount=BADBANK, derivation=BipDerivation{purpose=84, accountIndex=2147483644}, bipFormatDefault=SEGWIT_NATIVE, bipFormats=[SEGWIT_NATIVE], xPub='tpu...hmu', bipPub='vpu...tNY'}
12:10:40.610 [main] DEBUG com.samourai.wallet.bipWallet.WalletSupplierImpl - +BipWallet[RICOCHET_BIP84]: BipWallet{id='RICOCHET_BIP84', samouraiAccount=RICOCHET, derivation=BipDerivation{purpose=84, accountIndex=2147483647}, bipFormatDefault=SEGWIT_NATIVE, bipFormats=[SEGWIT_NATIVE], xPub='tpu...UMc', bipPub='vpu...knj'}
12:10:40.610 [main] DEBUG com.samourai.wallet.api.backend.BackendApi - urlBackend=https://api.samouraiwallet.com/test/v2, oAuth=no
12:10:40.610 [main] DEBUG com.samourai.wallet.util.LogbackUtils - Log level set to DEBUG for the logger 'com.samourai'
12:10:40.610 [main] DEBUG com.samourai.wallet.util.LogbackUtils - Log level set to DEBUG for the logger 'com.samourai.whirlpool.client'
12:10:40.610 [main] DEBUG com.samourai.wallet.util.LogbackUtils - Log level set to DEBUG for the logger 'com.samourai.whirlpool.client.mix.dialog'
12:10:40.610 [main] DEBUG com.samourai.wallet.util.LogbackUtils - Log level set to DEBUG for the logger 'com.samourai.stomp.client'
12:10:40.610 [main] DEBUG com.samourai.wallet.util.LogbackUtils - Log level set to DEBUG for the logger 'com.samourai.wallet.util.FeeUtil'
12:10:40.610 [main] DEBUG com.samourai.wallet.util.LogbackUtils - Log level set to DEBUG for the logger 'com.samourai.whirlpool.client.utils'
12:10:40.610 [main] DEBUG com.samourai.wallet.util.LogbackUtils - Log level set to DEBUG for the logger 'com.samourai.whirlpool.client.wallet'
12:10:40.610 [main] DEBUG com.samourai.wallet.util.LogbackUtils - Log level set to DEBUG for the logger 'com.samourai.wallet.cahoots'
12:10:40.610 [main] DEBUG com.samourai.wallet.util.LogbackUtils - Log level set to DEBUG for the logger 'com.samourai.wallet.cahoots.stowaway'
12:10:40.610 [main] DEBUG com.samourai.wallet.util.LogbackUtils - Log level set to DEBUG for the logger 'com.samourai.wallet.cahoots.stonewallx2'
12:10:40.610 [main] DEBUG com.samourai.wallet.util.LogbackUtils - Log level set to DEBUG for the logger 'com.samourai.wallet.sorobanClient'
12:10:40.610 [main] DEBUG com.samourai.wallet.util.LogbackUtils - Log level set to DEBUG for the logger 'com.samourai.soroban.client'
12:10:40.610 [main] DEBUG com.samourai.wallet.util.LogbackUtils - Log level set to DEBUG for the logger 'com.samourai.soroban.client.rpc'
12:10:40.610 [main] DEBUG com.samourai.wallet.util.LogbackUtils - Log level set to DEBUG for the logger 'com.samourai.soroban.client.dialog'
12:10:40.610 [main] DEBUG com.samourai.wallet.util.LogbackUtils - Log level set to DEBUG for the logger 'com.samourai.soroban.client.meeting'
12:10:40.610 [main] DEBUG com.samourai.wallet.util.LogbackUtils - Log level set to DEBUG for the logger 'com.samourai.whirlpool.client.wallet.orchestrator'
12:10:40.610 [main] DEBUG com.samourai.wallet.util.LogbackUtils - Log level set to ERROR for the logger 'org.bitcoinj'
12:10:40.610 [main] DEBUG com.samourai.wallet.util.LogbackUtils - Log level set to WARN for the logger 'org.bitcoin'
12:10:40.610 [main] DEBUG com.samourai.wallet.util.LogbackUtils - Log level set to INFO for the logger 'org.eclipse.jetty'
12:10:40.612 [main] DEBUG com.samourai.http.client.JettyHttpClient - +httpClient: no proxy
12:10:40.773 [main] DEBUG com.samourai.wallet.bipWallet.WalletSupplierImpl - +BipWallet[DEPOSIT_BIP44]: BipWallet{id='DEPOSIT_BIP44', samouraiAccount=DEPOSIT, derivation=BipDerivation{purpose=44, accountIndex=0}, bipFormatDefault=LEGACY, bipFormats=[LEGACY], xPub='tpu...LwY', bipPub='tpu...LwY'}
12:10:40.773 [main] DEBUG com.samourai.wallet.bipWallet.WalletSupplierImpl - +BipWallet[DEPOSIT_BIP49]: BipWallet{id='DEPOSIT_BIP49', samouraiAccount=DEPOSIT, derivation=BipDerivation{purpose=49, accountIndex=0}, bipFormatDefault=SEGWIT_COMPAT, bipFormats=[SEGWIT_COMPAT], xPub='tpu...eV2', bipPub='upu...38D'}
12:10:40.773 [main] DEBUG com.samourai.wallet.bipWallet.WalletSupplierImpl - +BipWallet[DEPOSIT_BIP84]: BipWallet{id='DEPOSIT_BIP84', samouraiAccount=DEPOSIT, derivation=BipDerivation{purpose=84, accountIndex=0}, bipFormatDefault=SEGWIT_NATIVE, bipFormats=[SEGWIT_NATIVE], xPub='tpu...re9', bipPub='vpu...dCu'}
12:10:40.773 [main] DEBUG com.samourai.wallet.bipWallet.WalletSupplierImpl - +BipWallet[PREMIX_BIP84]: BipWallet{id='PREMIX_BIP84', samouraiAccount=PREMIX, derivation=BipDerivation{purpose=84, accountIndex=2147483645}, bipFormatDefault=SEGWIT_NATIVE, bipFormats=[SEGWIT_NATIVE], xPub='tpu...hvr', bipPub='vpu...4mL'}
12:10:40.773 [main] DEBUG com.samourai.wallet.bipWallet.WalletSupplierImpl - +BipWallet[POSTMIX_BIP84]: BipWallet{id='POSTMIX_BIP84', samouraiAccount=POSTMIX, derivation=BipDerivation{purpose=84, accountIndex=2147483646}, bipFormatDefault=SEGWIT_NATIVE, bipFormats=[SEGWIT_NATIVE, SEGWIT_COMPAT, LEGACY], xPub='tpu...sQD', bipPub='vpu...nrW'}
12:10:40.773 [main] DEBUG com.samourai.wallet.bipWallet.WalletSupplierImpl - +BipWallet[ASB_BIP84]: BipWallet{id='ASB_BIP84', samouraiAccount=SWAPS_ASB, derivation=BipDerivation{purpose=84, accountIndex=2147483641}, bipFormatDefault=SEGWIT_NATIVE, bipFormats=[SEGWIT_NATIVE], xPub='tpu...p4i', bipPub='vpu...sEH'}
12:10:40.773 [main] DEBUG com.samourai.wallet.bipWallet.WalletSupplierImpl - +BipWallet[SWAPS_DEPOSIT]: BipWallet{id='SWAPS_DEPOSIT', samouraiAccount=SWAPS_DEPOSIT, derivation=BipDerivation{purpose=84, accountIndex=2147483643}, bipFormatDefault=SEGWIT_NATIVE, bipFormats=[SEGWIT_NATIVE], xPub='tpu...3s7', bipPub='vpu...HpJ'}
12:10:40.773 [main] DEBUG com.samourai.wallet.bipWallet.WalletSupplierImpl - +BipWallet[SWAPS_REFUNDS]: BipWallet{id='SWAPS_REFUNDS', samouraiAccount=SWAPS_REFUNDS, derivation=BipDerivation{purpose=84, accountIndex=2147483642}, bipFormatDefault=SEGWIT_NATIVE, bipFormats=[SEGWIT_NATIVE], xPub='tpu...rMX', bipPub='vpu...Sr9'}
12:10:40.773 [main] DEBUG com.samourai.wallet.bipWallet.WalletSupplierImpl - +BipWallet[BADBANK_BIP84]: BipWallet{id='BADBANK_BIP84', samouraiAccount=BADBANK, derivation=BipDerivation{purpose=84, accountIndex=2147483644}, bipFormatDefault=SEGWIT_NATIVE, bipFormats=[SEGWIT_NATIVE], xPub='tpu...hmu', bipPub='vpu...tNY'}
12:10:40.773 [main] DEBUG com.samourai.wallet.bipWallet.WalletSupplierImpl - +BipWallet[RICOCHET_BIP84]: BipWallet{id='RICOCHET_BIP84', samouraiAccount=RICOCHET, derivation=BipDerivation{purpose=84, accountIndex=2147483647}, bipFormatDefault=SEGWIT_NATIVE, bipFormats=[SEGWIT_NATIVE], xPub='tpu...UMc', bipPub='vpu...knj'}
12:10:40.773 [main] DEBUG com.samourai.wallet.api.backend.BackendApi - urlBackend=https://api.samouraiwallet.com/test/v2, oAuth=no
12:10:40.773 [main] DEBUG com.samourai.wallet.util.LogbackUtils - Log level set to DEBUG for the logger 'com.samourai'
12:10:40.773 [main] DEBUG com.samourai.wallet.util.LogbackUtils - Log level set to DEBUG for the logger 'com.samourai.whirlpool.client'
12:10:40.773 [main] DEBUG com.samourai.wallet.util.LogbackUtils - Log level set to DEBUG for the logger 'com.samourai.whirlpool.client.mix.dialog'
12:10:40.773 [main] DEBUG com.samourai.wallet.util.LogbackUtils - Log level set to DEBUG for the logger 'com.samourai.stomp.client'
12:10:40.773 [main] DEBUG com.samourai.wallet.util.LogbackUtils - Log level set to DEBUG for the logger 'com.samourai.wallet.util.FeeUtil'
12:10:40.773 [main] DEBUG com.samourai.wallet.util.LogbackUtils - Log level set to DEBUG for the logger 'com.samourai.whirlpool.client.utils'
12:10:40.773 [main] DEBUG com.samourai.wallet.util.LogbackUtils - Log level set to DEBUG for the logger 'com.samourai.whirlpool.client.wallet'
12:10:40.773 [main] DEBUG com.samourai.wallet.util.LogbackUtils - Log level set to DEBUG for the logger 'com.samourai.wallet.cahoots'
12:10:40.773 [main] DEBUG com.samourai.wallet.util.LogbackUtils - Log level set to DEBUG for the logger 'com.samourai.wallet.cahoots.stowaway'
12:10:40.773 [main] DEBUG com.samourai.wallet.util.LogbackUtils - Log level set to DEBUG for the logger 'com.samourai.wallet.cahoots.stonewallx2'
12:10:40.773 [main] DEBUG com.samourai.wallet.util.LogbackUtils - Log level set to DEBUG for the logger 'com.samourai.wallet.sorobanClient'
12:10:40.773 [main] DEBUG com.samourai.wallet.util.LogbackUtils - Log level set to DEBUG for the logger 'com.samourai.soroban.client'
12:10:40.773 [main] DEBUG com.samourai.wallet.util.LogbackUtils - Log level set to DEBUG for the logger 'com.samourai.soroban.client.rpc'
12:10:40.773 [main] DEBUG com.samourai.wallet.util.LogbackUtils - Log level set to DEBUG for the logger 'com.samourai.soroban.client.dialog'
12:10:40.773 [main] DEBUG com.samourai.wallet.util.LogbackUtils - Log level set to DEBUG for the logger 'com.samourai.soroban.client.meeting'
12:10:40.773 [main] DEBUG com.samourai.wallet.util.LogbackUtils - Log level set to DEBUG for the logger 'com.samourai.whirlpool.client.wallet.orchestrator'
12:10:40.773 [main] DEBUG com.samourai.wallet.util.LogbackUtils - Log level set to ERROR for the logger 'org.bitcoinj'
12:10:40.773 [main] DEBUG com.samourai.wallet.util.LogbackUtils - Log level set to WARN for the logger 'org.bitcoin'
12:10:40.773 [main] DEBUG com.samourai.wallet.util.LogbackUtils - Log level set to INFO for the logger 'org.eclipse.jetty'
12:10:40.777 [main] DEBUG com.samourai.wallet.send.spend.StonewallUtil - utxoSets[SEGWIT_COMPAT]: 0 (0 inputs)
12:10:40.777 [main] DEBUG com.samourai.wallet.send.spend.StonewallUtil - utxoSets[SEGWIT_NATIVE]: 200000 (8 inputs)
12:10:40.777 [main] DEBUG com.samourai.wallet.send.spend.StonewallUtil - utxoSets[LEGACY]: 0 (0 inputs)
12:10:40.777 [main] DEBUG com.samourai.wallet.send.spend.StonewallUtil - set 1 SEGWIT_COMPAT 2x
12:10:40.777 [main] DEBUG com.samourai.wallet.send.spend.StonewallUtil - stonewall spend
12:10:40.778 [main] DEBUG com.samourai.wallet.send.spend.StonewallUtil - total outputs amount:200000
12:10:40.778 [main] DEBUG com.samourai.wallet.send.spend.StonewallUtil - spend amount:40000
12:10:40.778 [main] DEBUG com.samourai.wallet.send.spend.StonewallUtil - utxos:8
12:10:40.778 [main] DEBUG com.samourai.wallet.send.spend.StonewallUtil - selected:0,0ae60c136ed270a4a8df1210494302ffa21a3bdf86ba5e88f59fe37e88e317ba,40000
12:10:40.778 [main] DEBUG com.samourai.wallet.send.spend.StonewallUtil - selected:1,0d13ddd55e910d38d168abf387e0b1438cf696576941a0982fd39d833545930f,10000
12:10:40.778 [main] DEBUG com.samourai.wallet.send.spend.StonewallUtil - utxos idx:2
12:10:40.778 [main] DEBUG com.samourai.wallet.send.spend.StonewallUtil - utxos after selection:6
12:10:40.778 [main] DEBUG com.samourai.wallet.send.spend.StonewallUtil - utxos after adding recycled:6
12:10:40.778 [main] DEBUG com.samourai.wallet.send.spend.StonewallUtil - fee set1:0
12:10:40.778 [main] DEBUG com.samourai.wallet.send.spend.StonewallUtil - input:0ae60c136ed270a4a8df1210494302ffa21a3bdf86ba5e88f59fe37e88e317ba-7,40000
12:10:40.778 [main] DEBUG com.samourai.wallet.send.spend.StonewallUtil - input:0d13ddd55e910d38d168abf387e0b1438cf696576941a0982fd39d833545930f-2,10000
12:10:40.778 [main] DEBUG com.samourai.wallet.send.spend.StonewallUtil - output:TxOut of 0.0004 BTC to 2Mww8dCYPUpKHofjgcXcBCEGmniw9CoaiD2 script:HASH160 PUSHDATA(20)[336caa13e08b96080a32b5d818d59b4ab3b36742] EQUAL,40000
12:10:40.778 [main] DEBUG com.samourai.wallet.send.spend.StonewallUtil - output:TxOut of 0.0001 BTC (unknown type) script:0[] PUSHDATA(20)[f6a884f18f4d7e78a4167c3e56773c3ae58e0164],10000
12:10:40.778 [main] DEBUG com.samourai.wallet.send.spend.StonewallUtil - inputs:50000
12:10:40.778 [main] DEBUG com.samourai.wallet.send.spend.StonewallUtil - outputs:50000
12:10:40.778 [main] DEBUG com.samourai.wallet.send.spend.StonewallUtil - set0 utxo returned:[com.samourai.wallet.send.UTXO@cda6019, com.samourai.wallet.send.UTXO@797c3c3b, com.samourai.wallet.send.UTXO@4012d5bc, com.samourai.wallet.send.UTXO@4375b013, com.samourai.wallet.send.UTXO@1cf0cacc, com.samourai.wallet.send.UTXO@4f5b08d]
12:10:40.778 [main] DEBUG com.samourai.wallet.send.spend.StonewallUtil - set0 value:150000
12:10:40.778 [main] DEBUG com.samourai.wallet.send.spend.StonewallUtil - utxosBis value:0
12:10:40.778 [main] DEBUG com.samourai.wallet.send.spend.StonewallUtil - set0 selected for 2nd pass
12:10:40.778 [main] DEBUG com.samourai.wallet.send.spend.StonewallUtil - total outputs amount:150000
12:10:40.778 [main] DEBUG com.samourai.wallet.send.spend.StonewallUtil - spend amount:40000
12:10:40.778 [main] DEBUG com.samourai.wallet.send.spend.StonewallUtil - utxos:6
12:10:40.778 [main] DEBUG com.samourai.wallet.send.spend.StonewallUtil - selected:0,6a68068a318addb2c1c84c6e34ce24a6ea8e21f746436a2be4fcf2a09f72fd9b,30000
12:10:40.778 [main] DEBUG com.samourai.wallet.send.spend.StonewallUtil - selected:1,38225665959fbe2c1a5b642f32df7963966267a8263d9bacf91dd9c5262db6b2,20000
12:10:40.778 [main] DEBUG com.samourai.wallet.send.spend.StonewallUtil - utxos idx:2
12:10:40.778 [main] DEBUG com.samourai.wallet.send.spend.StonewallUtil - utxos after selection:4
12:10:40.778 [main] DEBUG com.samourai.wallet.send.spend.StonewallUtil - utxos after adding recycled:4
12:10:40.778 [main] DEBUG com.samourai.wallet.send.spend.StonewallUtil - biFee:443
12:10:40.778 [main] DEBUG com.samourai.wallet.send.spend.StonewallUtil - biFee pair:444
12:10:40.778 [main] DEBUG com.samourai.wallet.send.spend.StonewallUtil - fee set1:222
12:10:40.778 [main] DEBUG com.samourai.wallet.send.spend.StonewallUtil - fee set0:222
12:10:40.778 [main] DEBUG com.samourai.wallet.send.spend.StonewallUtil - input:6a68068a318addb2c1c84c6e34ce24a6ea8e21f746436a2be4fcf2a09f72fd9b-5,30000
12:10:40.778 [main] DEBUG com.samourai.wallet.send.spend.StonewallUtil - input:38225665959fbe2c1a5b642f32df7963966267a8263d9bacf91dd9c5262db6b2-4,20000
12:10:40.779 [main] DEBUG com.samourai.wallet.send.spend.StonewallUtil - output:TxOut of 0.0004 BTC to 2MwSGAgqcDYwnwEamVzTcyijFnEn3HLyZBr script:HASH160 PUSHDATA(20)[2df6e5e10a713bed1d1753d78285c386dc20f34a] EQUAL,40000
12:10:40.779 [main] DEBUG com.samourai.wallet.send.spend.StonewallUtil - output:TxOut of 0.00009778 BTC (unknown type) script:0[] PUSHDATA(20)[1bd05eb7c9cb516fddd8187cecb2e0cb4e21ac87],9778
12:10:40.779 [main] DEBUG com.samourai.wallet.send.spend.StonewallUtil - inputs:50000
12:10:40.779 [main] DEBUG com.samourai.wallet.send.spend.StonewallUtil - outputs:50222
12:10:40.779 [main] DEBUG com.samourai.wallet.send.SendFactoryGeneric - signInput #0: value=40000, addressType=SEGWIT_NATIVE, address=tb1qg4myrlnv5ff9gpktljnf633zx5dy9573zrp2xz
12:10:40.779 [main] DEBUG com.samourai.wallet.send.SendFactoryGeneric - signInput #1: value=10000, addressType=SEGWIT_NATIVE, address=tb1qfqd55aeuuhj6jl2v0v6ckudd7wecdv6ss9ands
12:10:40.780 [main] DEBUG com.samourai.wallet.send.SendFactoryGeneric - signInput #2: value=20000, addressType=SEGWIT_NATIVE, address=tb1qk8pahts7wjaqyxxq8jv8uwzd5u96pztwukuqgj
12:10:40.780 [main] DEBUG com.samourai.wallet.send.SendFactoryGeneric - signInput #3: value=30000, addressType=SEGWIT_NATIVE, address=tb1q9qjc6qzlw2htz9x3hmu527j0lmhcrxxugepv28
12:10:40.780 [main] DEBUG com.samourai.wallet.send.spend.SpendSelection - size:732
12:10:40.780 [main] DEBUG com.samourai.wallet.send.spend.SpendSelection - vsize:408
12:10:40.780 [main] DEBUG com.samourai.wallet.send.spend.SpendSelection - fee:444
12:10:40.780 [main] DEBUG com.samourai.wallet.send.beans.SpendTxSimple -   1fb888cf0aa43345f08279b4b0c10f58cc2a392c13417cf77eced50342e8381d
  version 2
  time locked until block 12345678
  opts into full replace-by-fee
     in    0.0004 BTC
          outpoint:0ae60c136ed270a4a8df1210494302ffa21a3bdf86ba5e88f59fe37e88e317ba:7
          sequence:fffffffd, opts into full RBF
     in    0.0001 BTC
          outpoint:0d13ddd55e910d38d168abf387e0b1438cf696576941a0982fd39d833545930f:2
          sequence:fffffffd, opts into full RBF
     in    0.0002 BTC
          outpoint:38225665959fbe2c1a5b642f32df7963966267a8263d9bacf91dd9c5262db6b2:4
          sequence:fffffffd, opts into full RBF
     in    0.0003 BTC
          outpoint:6a68068a318addb2c1c84c6e34ce24a6ea8e21f746436a2be4fcf2a09f72fd9b:5
          sequence:fffffffd, opts into full RBF
     out  0[] PUSHDATA(20)[1bd05eb7c9cb516fddd8187cecb2e0cb4e21ac87] 0.00009778 BTC
     out  0[] PUSHDATA(20)[f6a884f18f4d7e78a4167c3e56773c3ae58e0164] 0.00009778 BTC
     out  HASH160 PUSHDATA(20)[2df6e5e10a713bed1d1753d78285c386dc20f34a] EQUAL 0.0004 BTC
     out  HASH160 PUSHDATA(20)[336caa13e08b96080a32b5d818d59b4ab3b36742] EQUAL 0.0004 BTC
     fee  0.00000606 BTC/kB, 0.00000444 BTC for 732 bytes
     prps UNKNOWN

12:10:40.780 [main] DEBUG com.samourai.wallet.send.spend.SpendBuilder - spend type:STONEWALL
12:10:40.780 [main] DEBUG com.samourai.wallet.send.spend.SpendBuilder - amount:40000
12:10:40.780 [main] DEBUG com.samourai.wallet.send.spend.SpendBuilder - total value selected:100000
12:10:40.780 [main] DEBUG com.samourai.wallet.send.spend.SpendBuilder - minerFeeTotal:444
12:10:40.780 [main] DEBUG com.samourai.wallet.send.spend.SpendBuilder - nb inputs:4
]]></system-out>
  </testcase>
  <testcase name="stonewall_bip84" classname="com.samourai.wallet.send.spend.SpendBuilderTest" time="0.176">
    <failure message="expected: &lt;[e6f438fec86219640e9ded8e9ce0c8841279a43df6a18cca59c80e659e8e2c4a-3, 38225665959fbe2c1a5b642f32df7963966267a8263d9bacf91dd9c5262db6b2-4, 0d13ddd55e910d38d168abf387e0b1438cf696576941a0982fd39d833545930f-2, 5a9e77d75d6c6006d965dae1820c7c39a0dc52190dbd79b4e55101483aee0e71-6, 6a68068a318addb2c1c84c6e34ce24a6ea8e21f746436a2be4fcf2a09f72fd9b-5]&gt; but was: &lt;[993ae6f40162d75e897d4e7f5ccfe21acd82ffb35d51d3c9e9e748691ba629d0-8, 0ae60c136ed270a4a8df1210494302ffa21a3bdf86ba5e88f59fe37e88e317ba-7, 6a68068a318addb2c1c84c6e34ce24a6ea8e21f746436a2be4fcf2a09f72fd9b-5, 38225665959fbe2c1a5b642f32df7963966267a8263d9bacf91dd9c5262db6b2-4]&gt;" type="org.opentest4j.AssertionFailedError"><![CDATA[org.opentest4j.AssertionFailedError: expected: <[e6f438fec86219640e9ded8e9ce0c8841279a43df6a18cca59c80e659e8e2c4a-3, 38225665959fbe2c1a5b642f32df7963966267a8263d9bacf91dd9c5262db6b2-4, 0d13ddd55e910d38d168abf387e0b1438cf696576941a0982fd39d833545930f-2, 5a9e77d75d6c6006d965dae1820c7c39a0dc52190dbd79b4e55101483aee0e71-6, 6a68068a318addb2c1c84c6e34ce24a6ea8e21f746436a2be4fcf2a09f72fd9b-5]> but was: <[993ae6f40162d75e897d4e7f5ccfe21acd82ffb35d51d3c9e9e748691ba629d0-8, 0ae60c136ed270a4a8df1210494302ffa21a3bdf86ba5e88f59fe37e88e317ba-7, 6a68068a318addb2c1c84c6e34ce24a6ea8e21f746436a2be4fcf2a09f72fd9b-5, 38225665959fbe2c1a5b642f32df7963966267a8263d9bacf91dd9c5262db6b2-4]>
	at org.junit.jupiter.api.AssertionUtils.fail(AssertionUtils.java:55)
	at org.junit.jupiter.api.AssertionUtils.failNotEqual(AssertionUtils.java:62)
	at org.junit.jupiter.api.AssertEquals.assertEquals(AssertEquals.java:182)
	at org.junit.jupiter.api.AssertEquals.assertEquals(AssertEquals.java:177)
	at org.junit.jupiter.api.Assertions.assertEquals(Assertions.java:1141)
	at com.samourai.wallet.test.AbstractTest.assertEquals(AbstractTest.java:243)
	at com.samourai.wallet.test.AbstractTest.verifySpendTx(AbstractTest.java:228)
	at com.samourai.wallet.send.spend.SpendBuilderTest.verifySpendTx(SpendBuilderTest.java:270)
	at com.samourai.wallet.send.spend.SpendBuilderTest.stonewall_bip84(SpendBuilderTest.java:207)
	at java.base/jdk.internal.reflect.DirectMethodHandleAccessor.invoke(DirectMethodHandleAccessor.java:104)
	at java.base/java.lang.reflect.Method.invoke(Method.java:578)
	at org.junit.platform.commons.util.ReflectionUtils.invokeMethod(ReflectionUtils.java:725)
	at org.junit.jupiter.engine.execution.MethodInvocation.proceed(MethodInvocation.java:60)
	at org.junit.jupiter.engine.execution.InvocationInterceptorChain$ValidatingInvocation.proceed(InvocationInterceptorChain.java:131)
	at org.junit.jupiter.engine.extension.TimeoutExtension.intercept(TimeoutExtension.java:149)
	at org.junit.jupiter.engine.extension.TimeoutExtension.interceptTestableMethod(TimeoutExtension.java:140)
	at org.junit.jupiter.engine.extension.TimeoutExtension.interceptTestMethod(TimeoutExtension.java:84)
	at org.junit.jupiter.engine.execution.ExecutableInvoker$ReflectiveInterceptorCall.lambda$ofVoidMethod$0(ExecutableInvoker.java:115)
	at org.junit.jupiter.engine.execution.ExecutableInvoker.lambda$invoke$0(ExecutableInvoker.java:105)
	at org.junit.jupiter.engine.execution.InvocationInterceptorChain$InterceptedInvocation.proceed(InvocationInterceptorChain.java:106)
	at org.junit.jupiter.engine.execution.InvocationInterceptorChain.proceed(InvocationInterceptorChain.java:64)
	at org.junit.jupiter.engine.execution.InvocationInterceptorChain.chainAndInvoke(InvocationInterceptorChain.java:45)
	at org.junit.jupiter.engine.execution.InvocationInterceptorChain.invoke(InvocationInterceptorChain.java:37)
	at org.junit.jupiter.engine.execution.ExecutableInvoker.invoke(ExecutableInvoker.java:104)
	at org.junit.jupiter.engine.execution.ExecutableInvoker.invoke(ExecutableInvoker.java:98)
	at org.junit.jupiter.engine.descriptor.TestMethodTestDescriptor.lambda$invokeTestMethod$7(TestMethodTestDescriptor.java:214)
	at org.junit.platform.engine.support.hierarchical.ThrowableCollector.execute(ThrowableCollector.java:73)
	at org.junit.jupiter.engine.descriptor.TestMethodTestDescriptor.invokeTestMethod(TestMethodTestDescriptor.java:210)
	at org.junit.jupiter.engine.descriptor.TestMethodTestDescriptor.execute(TestMethodTestDescriptor.java:135)
	at org.junit.jupiter.engine.descriptor.TestMethodTestDescriptor.execute(TestMethodTestDescriptor.java:66)
	at org.junit.platform.engine.support.hierarchical.NodeTestTask.lambda$executeRecursively$6(NodeTestTask.java:151)
	at org.junit.platform.engine.support.hierarchical.ThrowableCollector.execute(ThrowableCollector.java:73)
	at org.junit.platform.engine.support.hierarchical.NodeTestTask.lambda$executeRecursively$8(NodeTestTask.java:141)
	at org.junit.platform.engine.support.hierarchical.Node.around(Node.java:137)
	at org.junit.platform.engine.support.hierarchical.NodeTestTask.lambda$executeRecursively$9(NodeTestTask.java:139)
	at org.junit.platform.engine.support.hierarchical.ThrowableCollector.execute(ThrowableCollector.java:73)
	at org.junit.platform.engine.support.hierarchical.NodeTestTask.executeRecursively(NodeTestTask.java:138)
	at org.junit.platform.engine.support.hierarchical.NodeTestTask.execute(NodeTestTask.java:95)
	at java.base/java.util.ArrayList.forEach(ArrayList.java:1511)
	at org.junit.platform.engine.support.hierarchical.SameThreadHierarchicalTestExecutorService.invokeAll(SameThreadHierarchicalTestExecutorService.java:41)
	at org.junit.platform.engine.support.hierarchical.NodeTestTask.lambda$executeRecursively$6(NodeTestTask.java:155)
	at org.junit.platform.engine.support.hierarchical.ThrowableCollector.execute(ThrowableCollector.java:73)
	at org.junit.platform.engine.support.hierarchical.NodeTestTask.lambda$executeRecursively$8(NodeTestTask.java:141)
	at org.junit.platform.engine.support.hierarchical.Node.around(Node.java:137)
	at org.junit.platform.engine.support.hierarchical.NodeTestTask.lambda$executeRecursively$9(NodeTestTask.java:139)
	at org.junit.platform.engine.support.hierarchical.ThrowableCollector.execute(ThrowableCollector.java:73)
	at org.junit.platform.engine.support.hierarchical.NodeTestTask.executeRecursively(NodeTestTask.java:138)
	at org.junit.platform.engine.support.hierarchical.NodeTestTask.execute(NodeTestTask.java:95)
	at java.base/java.util.ArrayList.forEach(ArrayList.java:1511)
	at org.junit.platform.engine.support.hierarchical.SameThreadHierarchicalTestExecutorService.invokeAll(SameThreadHierarchicalTestExecutorService.java:41)
	at org.junit.platform.engine.support.hierarchical.NodeTestTask.lambda$executeRecursively$6(NodeTestTask.java:155)
	at org.junit.platform.engine.support.hierarchical.ThrowableCollector.execute(ThrowableCollector.java:73)
	at org.junit.platform.engine.support.hierarchical.NodeTestTask.lambda$executeRecursively$8(NodeTestTask.java:141)
	at org.junit.platform.engine.support.hierarchical.Node.around(Node.java:137)
	at org.junit.platform.engine.support.hierarchical.NodeTestTask.lambda$executeRecursively$9(NodeTestTask.java:139)
	at org.junit.platform.engine.support.hierarchical.ThrowableCollector.execute(ThrowableCollector.java:73)
	at org.junit.platform.engine.support.hierarchical.NodeTestTask.executeRecursively(NodeTestTask.java:138)
	at org.junit.platform.engine.support.hierarchical.NodeTestTask.execute(NodeTestTask.java:95)
	at org.junit.platform.engine.support.hierarchical.SameThreadHierarchicalTestExecutorService.submit(SameThreadHierarchicalTestExecutorService.java:35)
	at org.junit.platform.engine.support.hierarchical.HierarchicalTestExecutor.execute(HierarchicalTestExecutor.java:57)
	at org.junit.platform.engine.support.hierarchical.HierarchicalTestEngine.execute(HierarchicalTestEngine.java:54)
	at org.junit.platform.launcher.core.EngineExecutionOrchestrator.execute(EngineExecutionOrchestrator.java:107)
	at org.junit.platform.launcher.core.EngineExecutionOrchestrator.execute(EngineExecutionOrchestrator.java:88)
	at org.junit.platform.launcher.core.EngineExecutionOrchestrator.lambda$execute$0(EngineExecutionOrchestrator.java:54)
	at org.junit.platform.launcher.core.EngineExecutionOrchestrator.withInterceptedStreams(EngineExecutionOrchestrator.java:67)
	at org.junit.platform.launcher.core.EngineExecutionOrchestrator.execute(EngineExecutionOrchestrator.java:52)
	at org.junit.platform.launcher.core.DefaultLauncher.execute(DefaultLauncher.java:114)
	at org.junit.platform.launcher.core.DefaultLauncher.execute(DefaultLauncher.java:86)
	at org.junit.platform.launcher.core.DefaultLauncherSession$DelegatingLauncher.execute(DefaultLauncherSession.java:86)
	at org.apache.maven.surefire.junitplatform.LazyLauncher.execute(LazyLauncher.java:56)
	at org.apache.maven.surefire.junitplatform.JUnitPlatformProvider.execute(JUnitPlatformProvider.java:184)
	at org.apache.maven.surefire.junitplatform.JUnitPlatformProvider.invokeAllTests(JUnitPlatformProvider.java:148)
	at org.apache.maven.surefire.junitplatform.JUnitPlatformProvider.invoke(JUnitPlatformProvider.java:122)
	at org.apache.maven.surefire.booter.ForkedBooter.runSuitesInProcess(ForkedBooter.java:385)
	at org.apache.maven.surefire.booter.ForkedBooter.execute(ForkedBooter.java:162)
	at org.apache.maven.surefire.booter.ForkedBooter.run(ForkedBooter.java:507)
	at org.apache.maven.surefire.booter.ForkedBooter.main(ForkedBooter.java:495)
]]></failure>
    <system-out><![CDATA[12:10:40.789 [main] DEBUG com.samourai.http.client.JettyHttpClient - +httpClient: no proxy
12:10:40.947 [main] DEBUG com.samourai.wallet.bipWallet.WalletSupplierImpl - +BipWallet[DEPOSIT_BIP44]: BipWallet{id='DEPOSIT_BIP44', samouraiAccount=DEPOSIT, derivation=BipDerivation{purpose=44, accountIndex=0}, bipFormatDefault=LEGACY, bipFormats=[LEGACY], xPub='tpu...LwY', bipPub='tpu...LwY'}
12:10:40.947 [main] DEBUG com.samourai.wallet.bipWallet.WalletSupplierImpl - +BipWallet[DEPOSIT_BIP49]: BipWallet{id='DEPOSIT_BIP49', samouraiAccount=DEPOSIT, derivation=BipDerivation{purpose=49, accountIndex=0}, bipFormatDefault=SEGWIT_COMPAT, bipFormats=[SEGWIT_COMPAT], xPub='tpu...eV2', bipPub='upu...38D'}
12:10:40.947 [main] DEBUG com.samourai.wallet.bipWallet.WalletSupplierImpl - +BipWallet[DEPOSIT_BIP84]: BipWallet{id='DEPOSIT_BIP84', samouraiAccount=DEPOSIT, derivation=BipDerivation{purpose=84, accountIndex=0}, bipFormatDefault=SEGWIT_NATIVE, bipFormats=[SEGWIT_NATIVE], xPub='tpu...re9', bipPub='vpu...dCu'}
12:10:40.947 [main] DEBUG com.samourai.wallet.bipWallet.WalletSupplierImpl - +BipWallet[PREMIX_BIP84]: BipWallet{id='PREMIX_BIP84', samouraiAccount=PREMIX, derivation=BipDerivation{purpose=84, accountIndex=2147483645}, bipFormatDefault=SEGWIT_NATIVE, bipFormats=[SEGWIT_NATIVE], xPub='tpu...hvr', bipPub='vpu...4mL'}
12:10:40.947 [main] DEBUG com.samourai.wallet.bipWallet.WalletSupplierImpl - +BipWallet[POSTMIX_BIP84]: BipWallet{id='POSTMIX_BIP84', samouraiAccount=POSTMIX, derivation=BipDerivation{purpose=84, accountIndex=2147483646}, bipFormatDefault=SEGWIT_NATIVE, bipFormats=[SEGWIT_NATIVE, SEGWIT_COMPAT, LEGACY], xPub='tpu...sQD', bipPub='vpu...nrW'}
12:10:40.947 [main] DEBUG com.samourai.wallet.bipWallet.WalletSupplierImpl - +BipWallet[ASB_BIP84]: BipWallet{id='ASB_BIP84', samouraiAccount=SWAPS_ASB, derivation=BipDerivation{purpose=84, accountIndex=2147483641}, bipFormatDefault=SEGWIT_NATIVE, bipFormats=[SEGWIT_NATIVE], xPub='tpu...p4i', bipPub='vpu...sEH'}
12:10:40.947 [main] DEBUG com.samourai.wallet.bipWallet.WalletSupplierImpl - +BipWallet[SWAPS_DEPOSIT]: BipWallet{id='SWAPS_DEPOSIT', samouraiAccount=SWAPS_DEPOSIT, derivation=BipDerivation{purpose=84, accountIndex=2147483643}, bipFormatDefault=SEGWIT_NATIVE, bipFormats=[SEGWIT_NATIVE], xPub='tpu...3s7', bipPub='vpu...HpJ'}
12:10:40.947 [main] DEBUG com.samourai.wallet.bipWallet.WalletSupplierImpl - +BipWallet[SWAPS_REFUNDS]: BipWallet{id='SWAPS_REFUNDS', samouraiAccount=SWAPS_REFUNDS, derivation=BipDerivation{purpose=84, accountIndex=2147483642}, bipFormatDefault=SEGWIT_NATIVE, bipFormats=[SEGWIT_NATIVE], xPub='tpu...rMX', bipPub='vpu...Sr9'}
12:10:40.947 [main] DEBUG com.samourai.wallet.bipWallet.WalletSupplierImpl - +BipWallet[BADBANK_BIP84]: BipWallet{id='BADBANK_BIP84', samouraiAccount=BADBANK, derivation=BipDerivation{purpose=84, accountIndex=2147483644}, bipFormatDefault=SEGWIT_NATIVE, bipFormats=[SEGWIT_NATIVE], xPub='tpu...hmu', bipPub='vpu...tNY'}
12:10:40.947 [main] DEBUG com.samourai.wallet.bipWallet.WalletSupplierImpl - +BipWallet[RICOCHET_BIP84]: BipWallet{id='RICOCHET_BIP84', samouraiAccount=RICOCHET, derivation=BipDerivation{purpose=84, accountIndex=2147483647}, bipFormatDefault=SEGWIT_NATIVE, bipFormats=[SEGWIT_NATIVE], xPub='tpu...UMc', bipPub='vpu...knj'}
12:10:40.947 [main] DEBUG com.samourai.wallet.api.backend.BackendApi - urlBackend=https://api.samouraiwallet.com/test/v2, oAuth=no
12:10:40.947 [main] DEBUG com.samourai.wallet.util.LogbackUtils - Log level set to DEBUG for the logger 'com.samourai'
12:10:40.947 [main] DEBUG com.samourai.wallet.util.LogbackUtils - Log level set to DEBUG for the logger 'com.samourai.whirlpool.client'
12:10:40.947 [main] DEBUG com.samourai.wallet.util.LogbackUtils - Log level set to DEBUG for the logger 'com.samourai.whirlpool.client.mix.dialog'
12:10:40.947 [main] DEBUG com.samourai.wallet.util.LogbackUtils - Log level set to DEBUG for the logger 'com.samourai.stomp.client'
12:10:40.947 [main] DEBUG com.samourai.wallet.util.LogbackUtils - Log level set to DEBUG for the logger 'com.samourai.wallet.util.FeeUtil'
12:10:40.947 [main] DEBUG com.samourai.wallet.util.LogbackUtils - Log level set to DEBUG for the logger 'com.samourai.whirlpool.client.utils'
12:10:40.947 [main] DEBUG com.samourai.wallet.util.LogbackUtils - Log level set to DEBUG for the logger 'com.samourai.whirlpool.client.wallet'
12:10:40.947 [main] DEBUG com.samourai.wallet.util.LogbackUtils - Log level set to DEBUG for the logger 'com.samourai.wallet.cahoots'
12:10:40.947 [main] DEBUG com.samourai.wallet.util.LogbackUtils - Log level set to DEBUG for the logger 'com.samourai.wallet.cahoots.stowaway'
12:10:40.947 [main] DEBUG com.samourai.wallet.util.LogbackUtils - Log level set to DEBUG for the logger 'com.samourai.wallet.cahoots.stonewallx2'
12:10:40.947 [main] DEBUG com.samourai.wallet.util.LogbackUtils - Log level set to DEBUG for the logger 'com.samourai.wallet.sorobanClient'
12:10:40.947 [main] DEBUG com.samourai.wallet.util.LogbackUtils - Log level set to DEBUG for the logger 'com.samourai.soroban.client'
12:10:40.947 [main] DEBUG com.samourai.wallet.util.LogbackUtils - Log level set to DEBUG for the logger 'com.samourai.soroban.client.rpc'
12:10:40.947 [main] DEBUG com.samourai.wallet.util.LogbackUtils - Log level set to DEBUG for the logger 'com.samourai.soroban.client.dialog'
12:10:40.947 [main] DEBUG com.samourai.wallet.util.LogbackUtils - Log level set to DEBUG for the logger 'com.samourai.soroban.client.meeting'
12:10:40.947 [main] DEBUG com.samourai.wallet.util.LogbackUtils - Log level set to DEBUG for the logger 'com.samourai.whirlpool.client.wallet.orchestrator'
12:10:40.947 [main] DEBUG com.samourai.wallet.util.LogbackUtils - Log level set to ERROR for the logger 'org.bitcoinj'
12:10:40.947 [main] DEBUG com.samourai.wallet.util.LogbackUtils - Log level set to WARN for the logger 'org.bitcoin'
12:10:40.947 [main] DEBUG com.samourai.wallet.util.LogbackUtils - Log level set to INFO for the logger 'org.eclipse.jetty'
12:10:40.949 [main] DEBUG com.samourai.http.client.JettyHttpClient - +httpClient: no proxy
12:10:41.118 [main] DEBUG com.samourai.wallet.bipWallet.WalletSupplierImpl - +BipWallet[DEPOSIT_BIP44]: BipWallet{id='DEPOSIT_BIP44', samouraiAccount=DEPOSIT, derivation=BipDerivation{purpose=44, accountIndex=0}, bipFormatDefault=LEGACY, bipFormats=[LEGACY], xPub='tpu...LwY', bipPub='tpu...LwY'}
12:10:41.118 [main] DEBUG com.samourai.wallet.bipWallet.WalletSupplierImpl - +BipWallet[DEPOSIT_BIP49]: BipWallet{id='DEPOSIT_BIP49', samouraiAccount=DEPOSIT, derivation=BipDerivation{purpose=49, accountIndex=0}, bipFormatDefault=SEGWIT_COMPAT, bipFormats=[SEGWIT_COMPAT], xPub='tpu...eV2', bipPub='upu...38D'}
12:10:41.118 [main] DEBUG com.samourai.wallet.bipWallet.WalletSupplierImpl - +BipWallet[DEPOSIT_BIP84]: BipWallet{id='DEPOSIT_BIP84', samouraiAccount=DEPOSIT, derivation=BipDerivation{purpose=84, accountIndex=0}, bipFormatDefault=SEGWIT_NATIVE, bipFormats=[SEGWIT_NATIVE], xPub='tpu...re9', bipPub='vpu...dCu'}
12:10:41.118 [main] DEBUG com.samourai.wallet.bipWallet.WalletSupplierImpl - +BipWallet[PREMIX_BIP84]: BipWallet{id='PREMIX_BIP84', samouraiAccount=PREMIX, derivation=BipDerivation{purpose=84, accountIndex=2147483645}, bipFormatDefault=SEGWIT_NATIVE, bipFormats=[SEGWIT_NATIVE], xPub='tpu...hvr', bipPub='vpu...4mL'}
12:10:41.118 [main] DEBUG com.samourai.wallet.bipWallet.WalletSupplierImpl - +BipWallet[POSTMIX_BIP84]: BipWallet{id='POSTMIX_BIP84', samouraiAccount=POSTMIX, derivation=BipDerivation{purpose=84, accountIndex=2147483646}, bipFormatDefault=SEGWIT_NATIVE, bipFormats=[SEGWIT_NATIVE, SEGWIT_COMPAT, LEGACY], xPub='tpu...sQD', bipPub='vpu...nrW'}
12:10:41.118 [main] DEBUG com.samourai.wallet.bipWallet.WalletSupplierImpl - +BipWallet[ASB_BIP84]: BipWallet{id='ASB_BIP84', samouraiAccount=SWAPS_ASB, derivation=BipDerivation{purpose=84, accountIndex=2147483641}, bipFormatDefault=SEGWIT_NATIVE, bipFormats=[SEGWIT_NATIVE], xPub='tpu...p4i', bipPub='vpu...sEH'}
12:10:41.118 [main] DEBUG com.samourai.wallet.bipWallet.WalletSupplierImpl - +BipWallet[SWAPS_DEPOSIT]: BipWallet{id='SWAPS_DEPOSIT', samouraiAccount=SWAPS_DEPOSIT, derivation=BipDerivation{purpose=84, accountIndex=2147483643}, bipFormatDefault=SEGWIT_NATIVE, bipFormats=[SEGWIT_NATIVE], xPub='tpu...3s7', bipPub='vpu...HpJ'}
12:10:41.118 [main] DEBUG com.samourai.wallet.bipWallet.WalletSupplierImpl - +BipWallet[SWAPS_REFUNDS]: BipWallet{id='SWAPS_REFUNDS', samouraiAccount=SWAPS_REFUNDS, derivation=BipDerivation{purpose=84, accountIndex=2147483642}, bipFormatDefault=SEGWIT_NATIVE, bipFormats=[SEGWIT_NATIVE], xPub='tpu...rMX', bipPub='vpu...Sr9'}
12:10:41.118 [main] DEBUG com.samourai.wallet.bipWallet.WalletSupplierImpl - +BipWallet[BADBANK_BIP84]: BipWallet{id='BADBANK_BIP84', samouraiAccount=BADBANK, derivation=BipDerivation{purpose=84, accountIndex=2147483644}, bipFormatDefault=SEGWIT_NATIVE, bipFormats=[SEGWIT_NATIVE], xPub='tpu...hmu', bipPub='vpu...tNY'}
12:10:41.118 [main] DEBUG com.samourai.wallet.bipWallet.WalletSupplierImpl - +BipWallet[RICOCHET_BIP84]: BipWallet{id='RICOCHET_BIP84', samouraiAccount=RICOCHET, derivation=BipDerivation{purpose=84, accountIndex=2147483647}, bipFormatDefault=SEGWIT_NATIVE, bipFormats=[SEGWIT_NATIVE], xPub='tpu...UMc', bipPub='vpu...knj'}
12:10:41.118 [main] DEBUG com.samourai.wallet.api.backend.BackendApi - urlBackend=https://api.samouraiwallet.com/test/v2, oAuth=no
12:10:41.119 [main] DEBUG com.samourai.wallet.util.LogbackUtils - Log level set to DEBUG for the logger 'com.samourai'
12:10:41.119 [main] DEBUG com.samourai.wallet.util.LogbackUtils - Log level set to DEBUG for the logger 'com.samourai.whirlpool.client'
12:10:41.119 [main] DEBUG com.samourai.wallet.util.LogbackUtils - Log level set to DEBUG for the logger 'com.samourai.whirlpool.client.mix.dialog'
12:10:41.119 [main] DEBUG com.samourai.wallet.util.LogbackUtils - Log level set to DEBUG for the logger 'com.samourai.stomp.client'
12:10:41.119 [main] DEBUG com.samourai.wallet.util.LogbackUtils - Log level set to DEBUG for the logger 'com.samourai.wallet.util.FeeUtil'
12:10:41.119 [main] DEBUG com.samourai.wallet.util.LogbackUtils - Log level set to DEBUG for the logger 'com.samourai.whirlpool.client.utils'
12:10:41.119 [main] DEBUG com.samourai.wallet.util.LogbackUtils - Log level set to DEBUG for the logger 'com.samourai.whirlpool.client.wallet'
12:10:41.119 [main] DEBUG com.samourai.wallet.util.LogbackUtils - Log level set to DEBUG for the logger 'com.samourai.wallet.cahoots'
12:10:41.119 [main] DEBUG com.samourai.wallet.util.LogbackUtils - Log level set to DEBUG for the logger 'com.samourai.wallet.cahoots.stowaway'
12:10:41.119 [main] DEBUG com.samourai.wallet.util.LogbackUtils - Log level set to DEBUG for the logger 'com.samourai.wallet.cahoots.stonewallx2'
12:10:41.119 [main] DEBUG com.samourai.wallet.util.LogbackUtils - Log level set to DEBUG for the logger 'com.samourai.wallet.sorobanClient'
12:10:41.119 [main] DEBUG com.samourai.wallet.util.LogbackUtils - Log level set to DEBUG for the logger 'com.samourai.soroban.client'
12:10:41.119 [main] DEBUG com.samourai.wallet.util.LogbackUtils - Log level set to DEBUG for the logger 'com.samourai.soroban.client.rpc'
12:10:41.119 [main] DEBUG com.samourai.wallet.util.LogbackUtils - Log level set to DEBUG for the logger 'com.samourai.soroban.client.dialog'
12:10:41.119 [main] DEBUG com.samourai.wallet.util.LogbackUtils - Log level set to DEBUG for the logger 'com.samourai.soroban.client.meeting'
12:10:41.119 [main] DEBUG com.samourai.wallet.util.LogbackUtils - Log level set to DEBUG for the logger 'com.samourai.whirlpool.client.wallet.orchestrator'
12:10:41.119 [main] DEBUG com.samourai.wallet.util.LogbackUtils - Log level set to ERROR for the logger 'org.bitcoinj'
12:10:41.119 [main] DEBUG com.samourai.wallet.util.LogbackUtils - Log level set to WARN for the logger 'org.bitcoin'
12:10:41.119 [main] DEBUG com.samourai.wallet.util.LogbackUtils - Log level set to INFO for the logger 'org.eclipse.jetty'
12:10:41.123 [main] DEBUG com.samourai.wallet.send.spend.StonewallUtil - utxoSets[SEGWIT_NATIVE]: 200000 (8 inputs)
12:10:41.123 [main] DEBUG com.samourai.wallet.send.spend.StonewallUtil - utxoSets[SEGWIT_COMPAT]: 0 (0 inputs)
12:10:41.123 [main] DEBUG com.samourai.wallet.send.spend.StonewallUtil - utxoSets[LEGACY]: 0 (0 inputs)
12:10:41.123 [main] DEBUG com.samourai.wallet.send.spend.StonewallUtil - set 1 SEGWIT_NATIVE 2x
12:10:41.123 [main] DEBUG com.samourai.wallet.send.spend.StonewallUtil - stonewall spend
12:10:41.123 [main] DEBUG com.samourai.wallet.send.spend.StonewallUtil - total outputs amount:200000
12:10:41.123 [main] DEBUG com.samourai.wallet.send.spend.StonewallUtil - spend amount:40000
12:10:41.123 [main] DEBUG com.samourai.wallet.send.spend.StonewallUtil - utxos:8
12:10:41.123 [main] DEBUG com.samourai.wallet.send.spend.StonewallUtil - selected:0,0ae60c136ed270a4a8df1210494302ffa21a3bdf86ba5e88f59fe37e88e317ba,40000
12:10:41.123 [main] DEBUG com.samourai.wallet.send.spend.StonewallUtil - selected:1,993ae6f40162d75e897d4e7f5ccfe21acd82ffb35d51d3c9e9e748691ba629d0,40000
12:10:41.123 [main] DEBUG com.samourai.wallet.send.spend.StonewallUtil - utxos idx:2
12:10:41.123 [main] DEBUG com.samourai.wallet.send.spend.StonewallUtil - utxos after selection:6
12:10:41.123 [main] DEBUG com.samourai.wallet.send.spend.StonewallUtil - utxos after adding recycled:6
12:10:41.123 [main] DEBUG com.samourai.wallet.send.spend.StonewallUtil - fee set1:0
12:10:41.123 [main] DEBUG com.samourai.wallet.send.spend.StonewallUtil - input:993ae6f40162d75e897d4e7f5ccfe21acd82ffb35d51d3c9e9e748691ba629d0-8,40000
12:10:41.123 [main] DEBUG com.samourai.wallet.send.spend.StonewallUtil - input:0ae60c136ed270a4a8df1210494302ffa21a3bdf86ba5e88f59fe37e88e317ba-7,40000
12:10:41.123 [main] DEBUG com.samourai.wallet.send.spend.StonewallUtil - output:TxOut of 0.0004 BTC (unknown type) script:0[] PUSHDATA(20)[2ecf8c3e5697f0513999ed3aa8ea9cd04d127355],40000
12:10:41.123 [main] DEBUG com.samourai.wallet.send.spend.StonewallUtil - output:TxOut of 0.0004 BTC (unknown type) script:0[] PUSHDATA(20)[f6a884f18f4d7e78a4167c3e56773c3ae58e0164],40000
12:10:41.123 [main] DEBUG com.samourai.wallet.send.spend.StonewallUtil - inputs:80000
12:10:41.123 [main] DEBUG com.samourai.wallet.send.spend.StonewallUtil - outputs:80000
12:10:41.123 [main] DEBUG com.samourai.wallet.send.spend.StonewallUtil - set0 utxo returned:[com.samourai.wallet.send.UTXO@53abfc07, com.samourai.wallet.send.UTXO@2c8c16c0, com.samourai.wallet.send.UTXO@80bfa9d, com.samourai.wallet.send.UTXO@47c40b56, com.samourai.wallet.send.UTXO@4b039c6d, com.samourai.wallet.send.UTXO@7f5b9db]
12:10:41.123 [main] DEBUG com.samourai.wallet.send.spend.StonewallUtil - set0 value:120000
12:10:41.123 [main] DEBUG com.samourai.wallet.send.spend.StonewallUtil - utxosBis value:0
12:10:41.123 [main] DEBUG com.samourai.wallet.send.spend.StonewallUtil - set0 selected for 2nd pass
12:10:41.123 [main] DEBUG com.samourai.wallet.send.spend.StonewallUtil - total outputs amount:120000
12:10:41.123 [main] DEBUG com.samourai.wallet.send.spend.StonewallUtil - spend amount:40000
12:10:41.123 [main] DEBUG com.samourai.wallet.send.spend.StonewallUtil - utxos:6
12:10:41.123 [main] DEBUG com.samourai.wallet.send.spend.StonewallUtil - selected:0,6a68068a318addb2c1c84c6e34ce24a6ea8e21f746436a2be4fcf2a09f72fd9b,30000
12:10:41.123 [main] DEBUG com.samourai.wallet.send.spend.StonewallUtil - selected:1,0d13ddd55e910d38d168abf387e0b1438cf696576941a0982fd39d833545930f,10000
12:10:41.123 [main] DEBUG com.samourai.wallet.send.spend.StonewallUtil - selected:2,38225665959fbe2c1a5b642f32df7963966267a8263d9bacf91dd9c5262db6b2,20000
12:10:41.123 [main] DEBUG com.samourai.wallet.send.spend.StonewallUtil - utxos idx:3
12:10:41.123 [main] DEBUG com.samourai.wallet.send.spend.StonewallUtil - utxos after selection:3
12:10:41.123 [main] DEBUG com.samourai.wallet.send.spend.StonewallUtil - utxos after adding recycled:3
12:10:41.123 [main] DEBUG com.samourai.wallet.send.spend.StonewallUtil - biFee:443
12:10:41.123 [main] DEBUG com.samourai.wallet.send.spend.StonewallUtil - biFee pair:444
12:10:41.123 [main] DEBUG com.samourai.wallet.send.spend.StonewallUtil - fee set1:222
12:10:41.123 [main] DEBUG com.samourai.wallet.send.spend.StonewallUtil - fee set0:222
12:10:41.124 [main] DEBUG com.samourai.wallet.send.spend.StonewallUtil - input:6a68068a318addb2c1c84c6e34ce24a6ea8e21f746436a2be4fcf2a09f72fd9b-5,30000
12:10:41.124 [main] DEBUG com.samourai.wallet.send.spend.StonewallUtil - input:38225665959fbe2c1a5b642f32df7963966267a8263d9bacf91dd9c5262db6b2-4,20000
12:10:41.124 [main] DEBUG com.samourai.wallet.send.spend.StonewallUtil - output:TxOut of 0.0004 BTC (unknown type) script:0[] PUSHDATA(20)[1bd05eb7c9cb516fddd8187cecb2e0cb4e21ac87],40000
12:10:41.124 [main] DEBUG com.samourai.wallet.send.spend.StonewallUtil - output:TxOut of 0.00009778 BTC (unknown type) script:0[] PUSHDATA(20)[4910e17f5ca698222657369753a164262605087a],9778
12:10:41.124 [main] DEBUG com.samourai.wallet.send.spend.StonewallUtil - inputs:50000
12:10:41.124 [main] DEBUG com.samourai.wallet.send.spend.StonewallUtil - outputs:50222
12:10:41.124 [main] DEBUG com.samourai.wallet.send.SendFactoryGeneric - signInput #0: value=40000, addressType=SEGWIT_NATIVE, address=tb1qg4myrlnv5ff9gpktljnf633zx5dy9573zrp2xz
12:10:41.125 [main] DEBUG com.samourai.wallet.send.SendFactoryGeneric - signInput #1: value=20000, addressType=SEGWIT_NATIVE, address=tb1qk8pahts7wjaqyxxq8jv8uwzd5u96pztwukuqgj
12:10:41.125 [main] DEBUG com.samourai.wallet.send.SendFactoryGeneric - signInput #2: value=30000, addressType=SEGWIT_NATIVE, address=tb1q9qjc6qzlw2htz9x3hmu527j0lmhcrxxugepv28
12:10:41.125 [main] DEBUG com.samourai.wallet.send.SendFactoryGeneric - signInput #3: value=40000, addressType=SEGWIT_NATIVE, address=tb1qsa3yxdmpgka24ehamj58gew4ptg42dpjz5zuvf
12:10:41.125 [main] DEBUG com.samourai.wallet.send.spend.SpendSelection - size:731
12:10:41.125 [main] DEBUG com.samourai.wallet.send.spend.SpendSelection - vsize:407
12:10:41.125 [main] DEBUG com.samourai.wallet.send.spend.SpendSelection - fee:444
12:10:41.125 [main] DEBUG com.samourai.wallet.send.beans.SpendTxSimple -   c49e6ac0730d464a7a39e1f74c00d7a317113996dc3a92aeee54a12f046ad28b
  version 2
  time locked until block 12345678
  opts into full replace-by-fee
     in    0.0004 BTC
          outpoint:0ae60c136ed270a4a8df1210494302ffa21a3bdf86ba5e88f59fe37e88e317ba:7
          sequence:fffffffd, opts into full RBF
     in    0.0002 BTC
          outpoint:38225665959fbe2c1a5b642f32df7963966267a8263d9bacf91dd9c5262db6b2:4
          sequence:fffffffd, opts into full RBF
     in    0.0003 BTC
          outpoint:6a68068a318addb2c1c84c6e34ce24a6ea8e21f746436a2be4fcf2a09f72fd9b:5
          sequence:fffffffd, opts into full RBF
     in    0.0004 BTC
          outpoint:993ae6f40162d75e897d4e7f5ccfe21acd82ffb35d51d3c9e9e748691ba629d0:8
          sequence:fffffffd, opts into full RBF
     out  0[] PUSHDATA(20)[4910e17f5ca698222657369753a164262605087a] 0.00009778 BTC
     out  0[] PUSHDATA(20)[f6a884f18f4d7e78a4167c3e56773c3ae58e0164] 0.00039778 BTC
     out  0[] PUSHDATA(20)[1bd05eb7c9cb516fddd8187cecb2e0cb4e21ac87] 0.0004 BTC
     out  0[] PUSHDATA(20)[2ecf8c3e5697f0513999ed3aa8ea9cd04d127355] 0.0004 BTC
     fee  0.00000607 BTC/kB, 0.00000444 BTC for 731 bytes
     prps UNKNOWN

12:10:41.125 [main] DEBUG com.samourai.wallet.send.spend.SpendBuilder - spend type:STONEWALL
12:10:41.125 [main] DEBUG com.samourai.wallet.send.spend.SpendBuilder - amount:40000
12:10:41.125 [main] DEBUG com.samourai.wallet.send.spend.SpendBuilder - total value selected:130000
12:10:41.125 [main] DEBUG com.samourai.wallet.send.spend.SpendBuilder - minerFeeTotal:444
12:10:41.125 [main] DEBUG com.samourai.wallet.send.spend.SpendBuilder - nb inputs:4
]]></system-out>
  </testcase>
  <testcase name="simpleSpend_single_bip49" classname="com.samourai.wallet.send.spend.SpendBuilderTest" time="0.163">
    <system-out><![CDATA[12:10:41.132 [main] DEBUG com.samourai.http.client.JettyHttpClient - +httpClient: no proxy
12:10:41.299 [main] DEBUG com.samourai.wallet.bipWallet.WalletSupplierImpl - +BipWallet[DEPOSIT_BIP44]: BipWallet{id='DEPOSIT_BIP44', samouraiAccount=DEPOSIT, derivation=BipDerivation{purpose=44, accountIndex=0}, bipFormatDefault=LEGACY, bipFormats=[LEGACY], xPub='tpu...LwY', bipPub='tpu...LwY'}
12:10:41.299 [main] DEBUG com.samourai.wallet.bipWallet.WalletSupplierImpl - +BipWallet[DEPOSIT_BIP49]: BipWallet{id='DEPOSIT_BIP49', samouraiAccount=DEPOSIT, derivation=BipDerivation{purpose=49, accountIndex=0}, bipFormatDefault=SEGWIT_COMPAT, bipFormats=[SEGWIT_COMPAT], xPub='tpu...eV2', bipPub='upu...38D'}
12:10:41.299 [main] DEBUG com.samourai.wallet.bipWallet.WalletSupplierImpl - +BipWallet[DEPOSIT_BIP84]: BipWallet{id='DEPOSIT_BIP84', samouraiAccount=DEPOSIT, derivation=BipDerivation{purpose=84, accountIndex=0}, bipFormatDefault=SEGWIT_NATIVE, bipFormats=[SEGWIT_NATIVE], xPub='tpu...re9', bipPub='vpu...dCu'}
12:10:41.299 [main] DEBUG com.samourai.wallet.bipWallet.WalletSupplierImpl - +BipWallet[PREMIX_BIP84]: BipWallet{id='PREMIX_BIP84', samouraiAccount=PREMIX, derivation=BipDerivation{purpose=84, accountIndex=2147483645}, bipFormatDefault=SEGWIT_NATIVE, bipFormats=[SEGWIT_NATIVE], xPub='tpu...hvr', bipPub='vpu...4mL'}
12:10:41.299 [main] DEBUG com.samourai.wallet.bipWallet.WalletSupplierImpl - +BipWallet[POSTMIX_BIP84]: BipWallet{id='POSTMIX_BIP84', samouraiAccount=POSTMIX, derivation=BipDerivation{purpose=84, accountIndex=2147483646}, bipFormatDefault=SEGWIT_NATIVE, bipFormats=[SEGWIT_NATIVE, SEGWIT_COMPAT, LEGACY], xPub='tpu...sQD', bipPub='vpu...nrW'}
12:10:41.299 [main] DEBUG com.samourai.wallet.bipWallet.WalletSupplierImpl - +BipWallet[ASB_BIP84]: BipWallet{id='ASB_BIP84', samouraiAccount=SWAPS_ASB, derivation=BipDerivation{purpose=84, accountIndex=2147483641}, bipFormatDefault=SEGWIT_NATIVE, bipFormats=[SEGWIT_NATIVE], xPub='tpu...p4i', bipPub='vpu...sEH'}
12:10:41.299 [main] DEBUG com.samourai.wallet.bipWallet.WalletSupplierImpl - +BipWallet[SWAPS_DEPOSIT]: BipWallet{id='SWAPS_DEPOSIT', samouraiAccount=SWAPS_DEPOSIT, derivation=BipDerivation{purpose=84, accountIndex=2147483643}, bipFormatDefault=SEGWIT_NATIVE, bipFormats=[SEGWIT_NATIVE], xPub='tpu...3s7', bipPub='vpu...HpJ'}
12:10:41.299 [main] DEBUG com.samourai.wallet.bipWallet.WalletSupplierImpl - +BipWallet[SWAPS_REFUNDS]: BipWallet{id='SWAPS_REFUNDS', samouraiAccount=SWAPS_REFUNDS, derivation=BipDerivation{purpose=84, accountIndex=2147483642}, bipFormatDefault=SEGWIT_NATIVE, bipFormats=[SEGWIT_NATIVE], xPub='tpu...rMX', bipPub='vpu...Sr9'}
12:10:41.299 [main] DEBUG com.samourai.wallet.bipWallet.WalletSupplierImpl - +BipWallet[BADBANK_BIP84]: BipWallet{id='BADBANK_BIP84', samouraiAccount=BADBANK, derivation=BipDerivation{purpose=84, accountIndex=2147483644}, bipFormatDefault=SEGWIT_NATIVE, bipFormats=[SEGWIT_NATIVE], xPub='tpu...hmu', bipPub='vpu...tNY'}
12:10:41.299 [main] DEBUG com.samourai.wallet.bipWallet.WalletSupplierImpl - +BipWallet[RICOCHET_BIP84]: BipWallet{id='RICOCHET_BIP84', samouraiAccount=RICOCHET, derivation=BipDerivation{purpose=84, accountIndex=2147483647}, bipFormatDefault=SEGWIT_NATIVE, bipFormats=[SEGWIT_NATIVE], xPub='tpu...UMc', bipPub='vpu...knj'}
12:10:41.299 [main] DEBUG com.samourai.wallet.api.backend.BackendApi - urlBackend=https://api.samouraiwallet.com/test/v2, oAuth=no
12:10:41.299 [main] DEBUG com.samourai.wallet.util.LogbackUtils - Log level set to DEBUG for the logger 'com.samourai'
12:10:41.299 [main] DEBUG com.samourai.wallet.util.LogbackUtils - Log level set to DEBUG for the logger 'com.samourai.whirlpool.client'
12:10:41.299 [main] DEBUG com.samourai.wallet.util.LogbackUtils - Log level set to DEBUG for the logger 'com.samourai.whirlpool.client.mix.dialog'
12:10:41.299 [main] DEBUG com.samourai.wallet.util.LogbackUtils - Log level set to DEBUG for the logger 'com.samourai.stomp.client'
12:10:41.299 [main] DEBUG com.samourai.wallet.util.LogbackUtils - Log level set to DEBUG for the logger 'com.samourai.wallet.util.FeeUtil'
12:10:41.299 [main] DEBUG com.samourai.wallet.util.LogbackUtils - Log level set to DEBUG for the logger 'com.samourai.whirlpool.client.utils'
12:10:41.299 [main] DEBUG com.samourai.wallet.util.LogbackUtils - Log level set to DEBUG for the logger 'com.samourai.whirlpool.client.wallet'
12:10:41.299 [main] DEBUG com.samourai.wallet.util.LogbackUtils - Log level set to DEBUG for the logger 'com.samourai.wallet.cahoots'
12:10:41.299 [main] DEBUG com.samourai.wallet.util.LogbackUtils - Log level set to DEBUG for the logger 'com.samourai.wallet.cahoots.stowaway'
12:10:41.299 [main] DEBUG com.samourai.wallet.util.LogbackUtils - Log level set to DEBUG for the logger 'com.samourai.wallet.cahoots.stonewallx2'
12:10:41.299 [main] DEBUG com.samourai.wallet.util.LogbackUtils - Log level set to DEBUG for the logger 'com.samourai.wallet.sorobanClient'
12:10:41.299 [main] DEBUG com.samourai.wallet.util.LogbackUtils - Log level set to DEBUG for the logger 'com.samourai.soroban.client'
12:10:41.299 [main] DEBUG com.samourai.wallet.util.LogbackUtils - Log level set to DEBUG for the logger 'com.samourai.soroban.client.rpc'
12:10:41.299 [main] DEBUG com.samourai.wallet.util.LogbackUtils - Log level set to DEBUG for the logger 'com.samourai.soroban.client.dialog'
12:10:41.299 [main] DEBUG com.samourai.wallet.util.LogbackUtils - Log level set to DEBUG for the logger 'com.samourai.soroban.client.meeting'
12:10:41.299 [main] DEBUG com.samourai.wallet.util.LogbackUtils - Log level set to DEBUG for the logger 'com.samourai.whirlpool.client.wallet.orchestrator'
12:10:41.299 [main] DEBUG com.samourai.wallet.util.LogbackUtils - Log level set to ERROR for the logger 'org.bitcoinj'
12:10:41.299 [main] DEBUG com.samourai.wallet.util.LogbackUtils - Log level set to WARN for the logger 'org.bitcoin'
12:10:41.299 [main] DEBUG com.samourai.wallet.util.LogbackUtils - Log level set to INFO for the logger 'org.eclipse.jetty'
12:10:41.302 [main] DEBUG com.samourai.http.client.JettyHttpClient - +httpClient: no proxy
12:10:41.459 [main] DEBUG com.samourai.wallet.bipWallet.WalletSupplierImpl - +BipWallet[DEPOSIT_BIP44]: BipWallet{id='DEPOSIT_BIP44', samouraiAccount=DEPOSIT, derivation=BipDerivation{purpose=44, accountIndex=0}, bipFormatDefault=LEGACY, bipFormats=[LEGACY], xPub='tpu...LwY', bipPub='tpu...LwY'}
12:10:41.459 [main] DEBUG com.samourai.wallet.bipWallet.WalletSupplierImpl - +BipWallet[DEPOSIT_BIP49]: BipWallet{id='DEPOSIT_BIP49', samouraiAccount=DEPOSIT, derivation=BipDerivation{purpose=49, accountIndex=0}, bipFormatDefault=SEGWIT_COMPAT, bipFormats=[SEGWIT_COMPAT], xPub='tpu...eV2', bipPub='upu...38D'}
12:10:41.459 [main] DEBUG com.samourai.wallet.bipWallet.WalletSupplierImpl - +BipWallet[DEPOSIT_BIP84]: BipWallet{id='DEPOSIT_BIP84', samouraiAccount=DEPOSIT, derivation=BipDerivation{purpose=84, accountIndex=0}, bipFormatDefault=SEGWIT_NATIVE, bipFormats=[SEGWIT_NATIVE], xPub='tpu...re9', bipPub='vpu...dCu'}
12:10:41.459 [main] DEBUG com.samourai.wallet.bipWallet.WalletSupplierImpl - +BipWallet[PREMIX_BIP84]: BipWallet{id='PREMIX_BIP84', samouraiAccount=PREMIX, derivation=BipDerivation{purpose=84, accountIndex=2147483645}, bipFormatDefault=SEGWIT_NATIVE, bipFormats=[SEGWIT_NATIVE], xPub='tpu...hvr', bipPub='vpu...4mL'}
12:10:41.459 [main] DEBUG com.samourai.wallet.bipWallet.WalletSupplierImpl - +BipWallet[POSTMIX_BIP84]: BipWallet{id='POSTMIX_BIP84', samouraiAccount=POSTMIX, derivation=BipDerivation{purpose=84, accountIndex=2147483646}, bipFormatDefault=SEGWIT_NATIVE, bipFormats=[SEGWIT_NATIVE, SEGWIT_COMPAT, LEGACY], xPub='tpu...sQD', bipPub='vpu...nrW'}
12:10:41.459 [main] DEBUG com.samourai.wallet.bipWallet.WalletSupplierImpl - +BipWallet[ASB_BIP84]: BipWallet{id='ASB_BIP84', samouraiAccount=SWAPS_ASB, derivation=BipDerivation{purpose=84, accountIndex=2147483641}, bipFormatDefault=SEGWIT_NATIVE, bipFormats=[SEGWIT_NATIVE], xPub='tpu...p4i', bipPub='vpu...sEH'}
12:10:41.459 [main] DEBUG com.samourai.wallet.bipWallet.WalletSupplierImpl - +BipWallet[SWAPS_DEPOSIT]: BipWallet{id='SWAPS_DEPOSIT', samouraiAccount=SWAPS_DEPOSIT, derivation=BipDerivation{purpose=84, accountIndex=2147483643}, bipFormatDefault=SEGWIT_NATIVE, bipFormats=[SEGWIT_NATIVE], xPub='tpu...3s7', bipPub='vpu...HpJ'}
12:10:41.459 [main] DEBUG com.samourai.wallet.bipWallet.WalletSupplierImpl - +BipWallet[SWAPS_REFUNDS]: BipWallet{id='SWAPS_REFUNDS', samouraiAccount=SWAPS_REFUNDS, derivation=BipDerivation{purpose=84, accountIndex=2147483642}, bipFormatDefault=SEGWIT_NATIVE, bipFormats=[SEGWIT_NATIVE], xPub='tpu...rMX', bipPub='vpu...Sr9'}
12:10:41.459 [main] DEBUG com.samourai.wallet.bipWallet.WalletSupplierImpl - +BipWallet[BADBANK_BIP84]: BipWallet{id='BADBANK_BIP84', samouraiAccount=BADBANK, derivation=BipDerivation{purpose=84, accountIndex=2147483644}, bipFormatDefault=SEGWIT_NATIVE, bipFormats=[SEGWIT_NATIVE], xPub='tpu...hmu', bipPub='vpu...tNY'}
12:10:41.459 [main] DEBUG com.samourai.wallet.bipWallet.WalletSupplierImpl - +BipWallet[RICOCHET_BIP84]: BipWallet{id='RICOCHET_BIP84', samouraiAccount=RICOCHET, derivation=BipDerivation{purpose=84, accountIndex=2147483647}, bipFormatDefault=SEGWIT_NATIVE, bipFormats=[SEGWIT_NATIVE], xPub='tpu...UMc', bipPub='vpu...knj'}
12:10:41.459 [main] DEBUG com.samourai.wallet.api.backend.BackendApi - urlBackend=https://api.samouraiwallet.com/test/v2, oAuth=no
12:10:41.459 [main] DEBUG com.samourai.wallet.util.LogbackUtils - Log level set to DEBUG for the logger 'com.samourai'
12:10:41.460 [main] DEBUG com.samourai.wallet.util.LogbackUtils - Log level set to DEBUG for the logger 'com.samourai.whirlpool.client'
12:10:41.460 [main] DEBUG com.samourai.wallet.util.LogbackUtils - Log level set to DEBUG for the logger 'com.samourai.whirlpool.client.mix.dialog'
12:10:41.460 [main] DEBUG com.samourai.wallet.util.LogbackUtils - Log level set to DEBUG for the logger 'com.samourai.stomp.client'
12:10:41.460 [main] DEBUG com.samourai.wallet.util.LogbackUtils - Log level set to DEBUG for the logger 'com.samourai.wallet.util.FeeUtil'
12:10:41.460 [main] DEBUG com.samourai.wallet.util.LogbackUtils - Log level set to DEBUG for the logger 'com.samourai.whirlpool.client.utils'
12:10:41.460 [main] DEBUG com.samourai.wallet.util.LogbackUtils - Log level set to DEBUG for the logger 'com.samourai.whirlpool.client.wallet'
12:10:41.460 [main] DEBUG com.samourai.wallet.util.LogbackUtils - Log level set to DEBUG for the logger 'com.samourai.wallet.cahoots'
12:10:41.460 [main] DEBUG com.samourai.wallet.util.LogbackUtils - Log level set to DEBUG for the logger 'com.samourai.wallet.cahoots.stowaway'
12:10:41.460 [main] DEBUG com.samourai.wallet.util.LogbackUtils - Log level set to DEBUG for the logger 'com.samourai.wallet.cahoots.stonewallx2'
12:10:41.460 [main] DEBUG com.samourai.wallet.util.LogbackUtils - Log level set to DEBUG for the logger 'com.samourai.wallet.sorobanClient'
12:10:41.460 [main] DEBUG com.samourai.wallet.util.LogbackUtils - Log level set to DEBUG for the logger 'com.samourai.soroban.client'
12:10:41.460 [main] DEBUG com.samourai.wallet.util.LogbackUtils - Log level set to DEBUG for the logger 'com.samourai.soroban.client.rpc'
12:10:41.460 [main] DEBUG com.samourai.wallet.util.LogbackUtils - Log level set to DEBUG for the logger 'com.samourai.soroban.client.dialog'
12:10:41.460 [main] DEBUG com.samourai.wallet.util.LogbackUtils - Log level set to DEBUG for the logger 'com.samourai.soroban.client.meeting'
12:10:41.460 [main] DEBUG com.samourai.wallet.util.LogbackUtils - Log level set to DEBUG for the logger 'com.samourai.whirlpool.client.wallet.orchestrator'
12:10:41.460 [main] DEBUG com.samourai.wallet.util.LogbackUtils - Log level set to ERROR for the logger 'org.bitcoinj'
12:10:41.460 [main] DEBUG com.samourai.wallet.util.LogbackUtils - Log level set to WARN for the logger 'org.bitcoin'
12:10:41.460 [main] DEBUG com.samourai.wallet.util.LogbackUtils - Log level set to INFO for the logger 'org.eclipse.jetty'
12:10:41.462 [main] DEBUG com.samourai.wallet.send.spend.StonewallUtil - utxoSets[SEGWIT_COMPAT]: 0 (0 inputs)
12:10:41.462 [main] DEBUG com.samourai.wallet.send.spend.StonewallUtil - utxoSets[SEGWIT_NATIVE]: 30000 (2 inputs)
12:10:41.462 [main] DEBUG com.samourai.wallet.send.spend.StonewallUtil - utxoSets[LEGACY]: 0 (0 inputs)
12:10:41.462 [main] DEBUG com.samourai.wallet.send.spend.StonewallUtil - set 1 SEGWIT_COMPAT 2x
12:10:41.462 [main] DEBUG com.samourai.wallet.send.spend.StonewallUtil - stonewall spend
12:10:41.462 [main] DEBUG com.samourai.wallet.send.spend.StonewallUtil - total outputs amount:30000
12:10:41.462 [main] DEBUG com.samourai.wallet.send.spend.StonewallUtil - spend amount:10000
12:10:41.462 [main] DEBUG com.samourai.wallet.send.spend.StonewallUtil - utxos:2
12:10:41.462 [main] DEBUG com.samourai.wallet.send.spend.StonewallUtil - selected:0,0d13ddd55e910d38d168abf387e0b1438cf696576941a0982fd39d833545930f,20000
12:10:41.462 [main] DEBUG com.samourai.wallet.send.spend.StonewallUtil - utxos idx:1
12:10:41.462 [main] DEBUG com.samourai.wallet.send.spend.StonewallUtil - utxos after selection:1
12:10:41.462 [main] DEBUG com.samourai.wallet.send.spend.StonewallUtil - utxos after adding recycled:1
12:10:41.462 [main] DEBUG com.samourai.wallet.send.spend.StonewallUtil - fee set1:0
12:10:41.463 [main] DEBUG com.samourai.wallet.send.spend.StonewallUtil - input:0d13ddd55e910d38d168abf387e0b1438cf696576941a0982fd39d833545930f-2,20000
12:10:41.463 [main] DEBUG com.samourai.wallet.send.spend.StonewallUtil - output:TxOut of 0.0001 BTC to 2Mww8dCYPUpKHofjgcXcBCEGmniw9CoaiD2 script:HASH160 PUSHDATA(20)[336caa13e08b96080a32b5d818d59b4ab3b36742] EQUAL,10000
12:10:41.463 [main] DEBUG com.samourai.wallet.send.spend.StonewallUtil - output:TxOut of 0.0001 BTC (unknown type) script:0[] PUSHDATA(20)[f6a884f18f4d7e78a4167c3e56773c3ae58e0164],10000
12:10:41.463 [main] DEBUG com.samourai.wallet.send.spend.StonewallUtil - inputs:20000
12:10:41.463 [main] DEBUG com.samourai.wallet.send.spend.StonewallUtil - outputs:20000
12:10:41.463 [main] DEBUG com.samourai.wallet.send.spend.StonewallUtil - set0 utxo returned:[com.samourai.wallet.send.UTXO@440e3ce6]
12:10:41.463 [main] DEBUG com.samourai.wallet.send.spend.StonewallUtil - set0 value:10000
12:10:41.463 [main] DEBUG com.samourai.wallet.send.spend.StonewallUtil - utxosBis value:0
12:10:41.463 [main] DEBUG com.samourai.wallet.send.spend.SpendSelectionSimple - spend type:SIMPLE
12:10:41.463 [main] DEBUG com.samourai.wallet.send.spend.SpendSelectionSimple - single output
12:10:41.463 [main] DEBUG com.samourai.wallet.send.spend.SpendSelectionSimple - amount:10000
12:10:41.463 [main] DEBUG com.samourai.wallet.send.spend.SpendSelectionSimple - value selected:20000
12:10:41.463 [main] DEBUG com.samourai.wallet.send.spend.SpendSelectionSimple - total value selected:20000
12:10:41.463 [main] DEBUG com.samourai.wallet.send.spend.SpendSelectionSimple - nb inputs:1
12:10:41.463 [main] DEBUG com.samourai.wallet.send.spend.SpendSelectionSimple - SIMPLE spending smallest possible utxo
12:10:41.463 [main] DEBUG com.samourai.wallet.send.SendFactoryGeneric - signInput #0: value=20000, addressType=SEGWIT_NATIVE, address=tb1qfqd55aeuuhj6jl2v0v6ckudd7wecdv6ss9ands
12:10:41.463 [main] DEBUG com.samourai.wallet.send.spend.SpendSelection - size:224
12:10:41.463 [main] DEBUG com.samourai.wallet.send.spend.SpendSelection - vsize:143
12:10:41.463 [main] DEBUG com.samourai.wallet.send.spend.SpendSelection - fee:154
12:10:41.463 [main] DEBUG com.samourai.wallet.send.beans.SpendTxSimple -   6f2b26e5429b725f7fdb707bd5f1ed4cc7d6d6f4dc4e8305b0a81048e5b4aed7
  opts into full replace-by-fee
     in    0.0002 BTC
          outpoint:0d13ddd55e910d38d168abf387e0b1438cf696576941a0982fd39d833545930f:2
          sequence:fffffffd, opts into full RBF
     out  HASH160 PUSHDATA(20)[2df6e5e10a713bed1d1753d78285c386dc20f34a] EQUAL 0.00009846 BTC
     out  HASH160 PUSHDATA(20)[336caa13e08b96080a32b5d818d59b4ab3b36742] EQUAL 0.0001 BTC
     fee  0.00000687 BTC/kB, 0.00000154 BTC for 224 bytes
     prps UNKNOWN

12:10:41.463 [main] DEBUG com.samourai.wallet.send.spend.SpendBuilder - spend type:SIMPLE
12:10:41.463 [main] DEBUG com.samourai.wallet.send.spend.SpendBuilder - amount:10000
12:10:41.463 [main] DEBUG com.samourai.wallet.send.spend.SpendBuilder - total value selected:20000
12:10:41.463 [main] DEBUG com.samourai.wallet.send.spend.SpendBuilder - minerFeeTotal:154
12:10:41.463 [main] DEBUG com.samourai.wallet.send.spend.SpendBuilder - nb inputs:1
12:10:41.464 [main] DEBUG com.samourai.wallet.test.AbstractTest -   6f2b26e5429b725f7fdb707bd5f1ed4cc7d6d6f4dc4e8305b0a81048e5b4aed7
  opts into full replace-by-fee
     in    0.0002 BTC
          outpoint:0d13ddd55e910d38d168abf387e0b1438cf696576941a0982fd39d833545930f:2
          sequence:fffffffd, opts into full RBF
     out  HASH160 PUSHDATA(20)[2df6e5e10a713bed1d1753d78285c386dc20f34a] EQUAL 0.00009846 BTC
     out  HASH160 PUSHDATA(20)[336caa13e08b96080a32b5d818d59b4ab3b36742] EQUAL 0.0001 BTC
     fee  0.00000687 BTC/kB, 0.00000154 BTC for 224 bytes
     prps UNKNOWN

12:10:41.464 [main] DEBUG com.samourai.wallet.test.AbstractTest - outputsActuals: {2MwSGAgqcDYwnwEamVzTcyijFnEn3HLyZBr=9846, 2Mww8dCYPUpKHofjgcXcBCEGmniw9CoaiD2=10000}
]]></system-out>
  </testcase>
  <testcase name="simpleSpend_single_bip84" classname="com.samourai.wallet.send.spend.SpendBuilderTest" time="0.164">
    <system-out><![CDATA[12:10:41.472 [main] DEBUG com.samourai.http.client.JettyHttpClient - +httpClient: no proxy
12:10:41.633 [main] DEBUG com.samourai.wallet.bipWallet.WalletSupplierImpl - +BipWallet[DEPOSIT_BIP44]: BipWallet{id='DEPOSIT_BIP44', samouraiAccount=DEPOSIT, derivation=BipDerivation{purpose=44, accountIndex=0}, bipFormatDefault=LEGACY, bipFormats=[LEGACY], xPub='tpu...LwY', bipPub='tpu...LwY'}
12:10:41.633 [main] DEBUG com.samourai.wallet.bipWallet.WalletSupplierImpl - +BipWallet[DEPOSIT_BIP49]: BipWallet{id='DEPOSIT_BIP49', samouraiAccount=DEPOSIT, derivation=BipDerivation{purpose=49, accountIndex=0}, bipFormatDefault=SEGWIT_COMPAT, bipFormats=[SEGWIT_COMPAT], xPub='tpu...eV2', bipPub='upu...38D'}
12:10:41.633 [main] DEBUG com.samourai.wallet.bipWallet.WalletSupplierImpl - +BipWallet[DEPOSIT_BIP84]: BipWallet{id='DEPOSIT_BIP84', samouraiAccount=DEPOSIT, derivation=BipDerivation{purpose=84, accountIndex=0}, bipFormatDefault=SEGWIT_NATIVE, bipFormats=[SEGWIT_NATIVE], xPub='tpu...re9', bipPub='vpu...dCu'}
12:10:41.633 [main] DEBUG com.samourai.wallet.bipWallet.WalletSupplierImpl - +BipWallet[PREMIX_BIP84]: BipWallet{id='PREMIX_BIP84', samouraiAccount=PREMIX, derivation=BipDerivation{purpose=84, accountIndex=2147483645}, bipFormatDefault=SEGWIT_NATIVE, bipFormats=[SEGWIT_NATIVE], xPub='tpu...hvr', bipPub='vpu...4mL'}
12:10:41.633 [main] DEBUG com.samourai.wallet.bipWallet.WalletSupplierImpl - +BipWallet[POSTMIX_BIP84]: BipWallet{id='POSTMIX_BIP84', samouraiAccount=POSTMIX, derivation=BipDerivation{purpose=84, accountIndex=2147483646}, bipFormatDefault=SEGWIT_NATIVE, bipFormats=[SEGWIT_NATIVE, SEGWIT_COMPAT, LEGACY], xPub='tpu...sQD', bipPub='vpu...nrW'}
12:10:41.633 [main] DEBUG com.samourai.wallet.bipWallet.WalletSupplierImpl - +BipWallet[ASB_BIP84]: BipWallet{id='ASB_BIP84', samouraiAccount=SWAPS_ASB, derivation=BipDerivation{purpose=84, accountIndex=2147483641}, bipFormatDefault=SEGWIT_NATIVE, bipFormats=[SEGWIT_NATIVE], xPub='tpu...p4i', bipPub='vpu...sEH'}
12:10:41.633 [main] DEBUG com.samourai.wallet.bipWallet.WalletSupplierImpl - +BipWallet[SWAPS_DEPOSIT]: BipWallet{id='SWAPS_DEPOSIT', samouraiAccount=SWAPS_DEPOSIT, derivation=BipDerivation{purpose=84, accountIndex=2147483643}, bipFormatDefault=SEGWIT_NATIVE, bipFormats=[SEGWIT_NATIVE], xPub='tpu...3s7', bipPub='vpu...HpJ'}
12:10:41.633 [main] DEBUG com.samourai.wallet.bipWallet.WalletSupplierImpl - +BipWallet[SWAPS_REFUNDS]: BipWallet{id='SWAPS_REFUNDS', samouraiAccount=SWAPS_REFUNDS, derivation=BipDerivation{purpose=84, accountIndex=2147483642}, bipFormatDefault=SEGWIT_NATIVE, bipFormats=[SEGWIT_NATIVE], xPub='tpu...rMX', bipPub='vpu...Sr9'}
12:10:41.633 [main] DEBUG com.samourai.wallet.bipWallet.WalletSupplierImpl - +BipWallet[BADBANK_BIP84]: BipWallet{id='BADBANK_BIP84', samouraiAccount=BADBANK, derivation=BipDerivation{purpose=84, accountIndex=2147483644}, bipFormatDefault=SEGWIT_NATIVE, bipFormats=[SEGWIT_NATIVE], xPub='tpu...hmu', bipPub='vpu...tNY'}
12:10:41.633 [main] DEBUG com.samourai.wallet.bipWallet.WalletSupplierImpl - +BipWallet[RICOCHET_BIP84]: BipWallet{id='RICOCHET_BIP84', samouraiAccount=RICOCHET, derivation=BipDerivation{purpose=84, accountIndex=2147483647}, bipFormatDefault=SEGWIT_NATIVE, bipFormats=[SEGWIT_NATIVE], xPub='tpu...UMc', bipPub='vpu...knj'}
12:10:41.633 [main] DEBUG com.samourai.wallet.api.backend.BackendApi - urlBackend=https://api.samouraiwallet.com/test/v2, oAuth=no
12:10:41.634 [main] DEBUG com.samourai.wallet.util.LogbackUtils - Log level set to DEBUG for the logger 'com.samourai'
12:10:41.634 [main] DEBUG com.samourai.wallet.util.LogbackUtils - Log level set to DEBUG for the logger 'com.samourai.whirlpool.client'
12:10:41.634 [main] DEBUG com.samourai.wallet.util.LogbackUtils - Log level set to DEBUG for the logger 'com.samourai.whirlpool.client.mix.dialog'
12:10:41.634 [main] DEBUG com.samourai.wallet.util.LogbackUtils - Log level set to DEBUG for the logger 'com.samourai.stomp.client'
12:10:41.634 [main] DEBUG com.samourai.wallet.util.LogbackUtils - Log level set to DEBUG for the logger 'com.samourai.wallet.util.FeeUtil'
12:10:41.634 [main] DEBUG com.samourai.wallet.util.LogbackUtils - Log level set to DEBUG for the logger 'com.samourai.whirlpool.client.utils'
12:10:41.634 [main] DEBUG com.samourai.wallet.util.LogbackUtils - Log level set to DEBUG for the logger 'com.samourai.whirlpool.client.wallet'
12:10:41.634 [main] DEBUG com.samourai.wallet.util.LogbackUtils - Log level set to DEBUG for the logger 'com.samourai.wallet.cahoots'
12:10:41.634 [main] DEBUG com.samourai.wallet.util.LogbackUtils - Log level set to DEBUG for the logger 'com.samourai.wallet.cahoots.stowaway'
12:10:41.634 [main] DEBUG com.samourai.wallet.util.LogbackUtils - Log level set to DEBUG for the logger 'com.samourai.wallet.cahoots.stonewallx2'
12:10:41.634 [main] DEBUG com.samourai.wallet.util.LogbackUtils - Log level set to DEBUG for the logger 'com.samourai.wallet.sorobanClient'
12:10:41.634 [main] DEBUG com.samourai.wallet.util.LogbackUtils - Log level set to DEBUG for the logger 'com.samourai.soroban.client'
12:10:41.634 [main] DEBUG com.samourai.wallet.util.LogbackUtils - Log level set to DEBUG for the logger 'com.samourai.soroban.client.rpc'
12:10:41.634 [main] DEBUG com.samourai.wallet.util.LogbackUtils - Log level set to DEBUG for the logger 'com.samourai.soroban.client.dialog'
12:10:41.634 [main] DEBUG com.samourai.wallet.util.LogbackUtils - Log level set to DEBUG for the logger 'com.samourai.soroban.client.meeting'
12:10:41.634 [main] DEBUG com.samourai.wallet.util.LogbackUtils - Log level set to DEBUG for the logger 'com.samourai.whirlpool.client.wallet.orchestrator'
12:10:41.634 [main] DEBUG com.samourai.wallet.util.LogbackUtils - Log level set to ERROR for the logger 'org.bitcoinj'
12:10:41.634 [main] DEBUG com.samourai.wallet.util.LogbackUtils - Log level set to WARN for the logger 'org.bitcoin'
12:10:41.634 [main] DEBUG com.samourai.wallet.util.LogbackUtils - Log level set to INFO for the logger 'org.eclipse.jetty'
12:10:41.637 [main] DEBUG com.samourai.http.client.JettyHttpClient - +httpClient: no proxy
12:10:41.796 [main] DEBUG com.samourai.wallet.bipWallet.WalletSupplierImpl - +BipWallet[DEPOSIT_BIP44]: BipWallet{id='DEPOSIT_BIP44', samouraiAccount=DEPOSIT, derivation=BipDerivation{purpose=44, accountIndex=0}, bipFormatDefault=LEGACY, bipFormats=[LEGACY], xPub='tpu...LwY', bipPub='tpu...LwY'}
12:10:41.796 [main] DEBUG com.samourai.wallet.bipWallet.WalletSupplierImpl - +BipWallet[DEPOSIT_BIP49]: BipWallet{id='DEPOSIT_BIP49', samouraiAccount=DEPOSIT, derivation=BipDerivation{purpose=49, accountIndex=0}, bipFormatDefault=SEGWIT_COMPAT, bipFormats=[SEGWIT_COMPAT], xPub='tpu...eV2', bipPub='upu...38D'}
12:10:41.796 [main] DEBUG com.samourai.wallet.bipWallet.WalletSupplierImpl - +BipWallet[DEPOSIT_BIP84]: BipWallet{id='DEPOSIT_BIP84', samouraiAccount=DEPOSIT, derivation=BipDerivation{purpose=84, accountIndex=0}, bipFormatDefault=SEGWIT_NATIVE, bipFormats=[SEGWIT_NATIVE], xPub='tpu...re9', bipPub='vpu...dCu'}
12:10:41.796 [main] DEBUG com.samourai.wallet.bipWallet.WalletSupplierImpl - +BipWallet[PREMIX_BIP84]: BipWallet{id='PREMIX_BIP84', samouraiAccount=PREMIX, derivation=BipDerivation{purpose=84, accountIndex=2147483645}, bipFormatDefault=SEGWIT_NATIVE, bipFormats=[SEGWIT_NATIVE], xPub='tpu...hvr', bipPub='vpu...4mL'}
12:10:41.796 [main] DEBUG com.samourai.wallet.bipWallet.WalletSupplierImpl - +BipWallet[POSTMIX_BIP84]: BipWallet{id='POSTMIX_BIP84', samouraiAccount=POSTMIX, derivation=BipDerivation{purpose=84, accountIndex=2147483646}, bipFormatDefault=SEGWIT_NATIVE, bipFormats=[SEGWIT_NATIVE, SEGWIT_COMPAT, LEGACY], xPub='tpu...sQD', bipPub='vpu...nrW'}
12:10:41.796 [main] DEBUG com.samourai.wallet.bipWallet.WalletSupplierImpl - +BipWallet[ASB_BIP84]: BipWallet{id='ASB_BIP84', samouraiAccount=SWAPS_ASB, derivation=BipDerivation{purpose=84, accountIndex=2147483641}, bipFormatDefault=SEGWIT_NATIVE, bipFormats=[SEGWIT_NATIVE], xPub='tpu...p4i', bipPub='vpu...sEH'}
12:10:41.796 [main] DEBUG com.samourai.wallet.bipWallet.WalletSupplierImpl - +BipWallet[SWAPS_DEPOSIT]: BipWallet{id='SWAPS_DEPOSIT', samouraiAccount=SWAPS_DEPOSIT, derivation=BipDerivation{purpose=84, accountIndex=2147483643}, bipFormatDefault=SEGWIT_NATIVE, bipFormats=[SEGWIT_NATIVE], xPub='tpu...3s7', bipPub='vpu...HpJ'}
12:10:41.796 [main] DEBUG com.samourai.wallet.bipWallet.WalletSupplierImpl - +BipWallet[SWAPS_REFUNDS]: BipWallet{id='SWAPS_REFUNDS', samouraiAccount=SWAPS_REFUNDS, derivation=BipDerivation{purpose=84, accountIndex=2147483642}, bipFormatDefault=SEGWIT_NATIVE, bipFormats=[SEGWIT_NATIVE], xPub='tpu...rMX', bipPub='vpu...Sr9'}
12:10:41.796 [main] DEBUG com.samourai.wallet.bipWallet.WalletSupplierImpl - +BipWallet[BADBANK_BIP84]: BipWallet{id='BADBANK_BIP84', samouraiAccount=BADBANK, derivation=BipDerivation{purpose=84, accountIndex=2147483644}, bipFormatDefault=SEGWIT_NATIVE, bipFormats=[SEGWIT_NATIVE], xPub='tpu...hmu', bipPub='vpu...tNY'}
12:10:41.796 [main] DEBUG com.samourai.wallet.bipWallet.WalletSupplierImpl - +BipWallet[RICOCHET_BIP84]: BipWallet{id='RICOCHET_BIP84', samouraiAccount=RICOCHET, derivation=BipDerivation{purpose=84, accountIndex=2147483647}, bipFormatDefault=SEGWIT_NATIVE, bipFormats=[SEGWIT_NATIVE], xPub='tpu...UMc', bipPub='vpu...knj'}
12:10:41.796 [main] DEBUG com.samourai.wallet.api.backend.BackendApi - urlBackend=https://api.samouraiwallet.com/test/v2, oAuth=no
12:10:41.796 [main] DEBUG com.samourai.wallet.util.LogbackUtils - Log level set to DEBUG for the logger 'com.samourai'
12:10:41.796 [main] DEBUG com.samourai.wallet.util.LogbackUtils - Log level set to DEBUG for the logger 'com.samourai.whirlpool.client'
12:10:41.796 [main] DEBUG com.samourai.wallet.util.LogbackUtils - Log level set to DEBUG for the logger 'com.samourai.whirlpool.client.mix.dialog'
12:10:41.796 [main] DEBUG com.samourai.wallet.util.LogbackUtils - Log level set to DEBUG for the logger 'com.samourai.stomp.client'
12:10:41.796 [main] DEBUG com.samourai.wallet.util.LogbackUtils - Log level set to DEBUG for the logger 'com.samourai.wallet.util.FeeUtil'
12:10:41.796 [main] DEBUG com.samourai.wallet.util.LogbackUtils - Log level set to DEBUG for the logger 'com.samourai.whirlpool.client.utils'
12:10:41.796 [main] DEBUG com.samourai.wallet.util.LogbackUtils - Log level set to DEBUG for the logger 'com.samourai.whirlpool.client.wallet'
12:10:41.796 [main] DEBUG com.samourai.wallet.util.LogbackUtils - Log level set to DEBUG for the logger 'com.samourai.wallet.cahoots'
12:10:41.796 [main] DEBUG com.samourai.wallet.util.LogbackUtils - Log level set to DEBUG for the logger 'com.samourai.wallet.cahoots.stowaway'
12:10:41.796 [main] DEBUG com.samourai.wallet.util.LogbackUtils - Log level set to DEBUG for the logger 'com.samourai.wallet.cahoots.stonewallx2'
12:10:41.796 [main] DEBUG com.samourai.wallet.util.LogbackUtils - Log level set to DEBUG for the logger 'com.samourai.wallet.sorobanClient'
12:10:41.796 [main] DEBUG com.samourai.wallet.util.LogbackUtils - Log level set to DEBUG for the logger 'com.samourai.soroban.client'
12:10:41.796 [main] DEBUG com.samourai.wallet.util.LogbackUtils - Log level set to DEBUG for the logger 'com.samourai.soroban.client.rpc'
12:10:41.796 [main] DEBUG com.samourai.wallet.util.LogbackUtils - Log level set to DEBUG for the logger 'com.samourai.soroban.client.dialog'
12:10:41.796 [main] DEBUG com.samourai.wallet.util.LogbackUtils - Log level set to DEBUG for the logger 'com.samourai.soroban.client.meeting'
12:10:41.796 [main] DEBUG com.samourai.wallet.util.LogbackUtils - Log level set to DEBUG for the logger 'com.samourai.whirlpool.client.wallet.orchestrator'
12:10:41.796 [main] DEBUG com.samourai.wallet.util.LogbackUtils - Log level set to ERROR for the logger 'org.bitcoinj'
12:10:41.796 [main] DEBUG com.samourai.wallet.util.LogbackUtils - Log level set to WARN for the logger 'org.bitcoin'
12:10:41.796 [main] DEBUG com.samourai.wallet.util.LogbackUtils - Log level set to INFO for the logger 'org.eclipse.jetty'
12:10:41.798 [main] DEBUG com.samourai.wallet.send.spend.StonewallUtil - utxoSets[SEGWIT_NATIVE]: 30000 (2 inputs)
12:10:41.798 [main] DEBUG com.samourai.wallet.send.spend.StonewallUtil - utxoSets[SEGWIT_COMPAT]: 0 (0 inputs)
12:10:41.798 [main] DEBUG com.samourai.wallet.send.spend.StonewallUtil - utxoSets[LEGACY]: 0 (0 inputs)
12:10:41.798 [main] DEBUG com.samourai.wallet.send.spend.StonewallUtil - set 1 SEGWIT_NATIVE 2x
12:10:41.798 [main] DEBUG com.samourai.wallet.send.spend.StonewallUtil - stonewall spend
12:10:41.798 [main] DEBUG com.samourai.wallet.send.spend.StonewallUtil - total outputs amount:30000
12:10:41.798 [main] DEBUG com.samourai.wallet.send.spend.StonewallUtil - spend amount:10000
12:10:41.798 [main] DEBUG com.samourai.wallet.send.spend.StonewallUtil - utxos:2
12:10:41.798 [main] DEBUG com.samourai.wallet.send.spend.StonewallUtil - selected:0,0d13ddd55e910d38d168abf387e0b1438cf696576941a0982fd39d833545930f,20000
12:10:41.798 [main] DEBUG com.samourai.wallet.send.spend.StonewallUtil - utxos idx:1
12:10:41.798 [main] DEBUG com.samourai.wallet.send.spend.StonewallUtil - utxos after selection:1
12:10:41.798 [main] DEBUG com.samourai.wallet.send.spend.StonewallUtil - utxos after adding recycled:1
12:10:41.798 [main] DEBUG com.samourai.wallet.send.spend.StonewallUtil - fee set1:0
12:10:41.799 [main] DEBUG com.samourai.wallet.send.spend.StonewallUtil - input:0d13ddd55e910d38d168abf387e0b1438cf696576941a0982fd39d833545930f-2,20000
12:10:41.799 [main] DEBUG com.samourai.wallet.send.spend.StonewallUtil - output:TxOut of 0.0001 BTC (unknown type) script:0[] PUSHDATA(20)[2ecf8c3e5697f0513999ed3aa8ea9cd04d127355],10000
12:10:41.799 [main] DEBUG com.samourai.wallet.send.spend.StonewallUtil - output:TxOut of 0.0001 BTC (unknown type) script:0[] PUSHDATA(20)[f6a884f18f4d7e78a4167c3e56773c3ae58e0164],10000
12:10:41.799 [main] DEBUG com.samourai.wallet.send.spend.StonewallUtil - inputs:20000
12:10:41.799 [main] DEBUG com.samourai.wallet.send.spend.StonewallUtil - outputs:20000
12:10:41.799 [main] DEBUG com.samourai.wallet.send.spend.StonewallUtil - set0 utxo returned:[com.samourai.wallet.send.UTXO@7132a9dc]
12:10:41.799 [main] DEBUG com.samourai.wallet.send.spend.StonewallUtil - set0 value:10000
12:10:41.799 [main] DEBUG com.samourai.wallet.send.spend.StonewallUtil - utxosBis value:0
12:10:41.799 [main] DEBUG com.samourai.wallet.send.spend.SpendSelectionSimple - spend type:SIMPLE
12:10:41.799 [main] DEBUG com.samourai.wallet.send.spend.SpendSelectionSimple - single output
12:10:41.799 [main] DEBUG com.samourai.wallet.send.spend.SpendSelectionSimple - amount:10000
12:10:41.799 [main] DEBUG com.samourai.wallet.send.spend.SpendSelectionSimple - value selected:20000
12:10:41.799 [main] DEBUG com.samourai.wallet.send.spend.SpendSelectionSimple - total value selected:20000
12:10:41.799 [main] DEBUG com.samourai.wallet.send.spend.SpendSelectionSimple - nb inputs:1
12:10:41.799 [main] DEBUG com.samourai.wallet.send.spend.SpendSelectionSimple - SIMPLE spending smallest possible utxo
12:10:41.799 [main] DEBUG com.samourai.wallet.send.SendFactoryGeneric - signInput #0: value=20000, addressType=SEGWIT_NATIVE, address=tb1qfqd55aeuuhj6jl2v0v6ckudd7wecdv6ss9ands
12:10:41.799 [main] DEBUG com.samourai.wallet.send.spend.SpendSelection - size:223
12:10:41.799 [main] DEBUG com.samourai.wallet.send.spend.SpendSelection - vsize:141
12:10:41.799 [main] DEBUG com.samourai.wallet.send.spend.SpendSelection - fee:154
12:10:41.799 [main] DEBUG com.samourai.wallet.send.beans.SpendTxSimple -   a741d9519c16630cf9bea61117d44b192939556edfb9796b8268778d6c22c5ea
  opts into full replace-by-fee
     in    0.0002 BTC
          outpoint:0d13ddd55e910d38d168abf387e0b1438cf696576941a0982fd39d833545930f:2
          sequence:fffffffd, opts into full RBF
     out  0[] PUSHDATA(20)[f6a884f18f4d7e78a4167c3e56773c3ae58e0164] 0.00009846 BTC
     out  0[] PUSHDATA(20)[2ecf8c3e5697f0513999ed3aa8ea9cd04d127355] 0.0001 BTC
     fee  0.0000069 BTC/kB, 0.00000154 BTC for 223 bytes
     prps UNKNOWN

12:10:41.799 [main] DEBUG com.samourai.wallet.send.spend.SpendBuilder - spend type:SIMPLE
12:10:41.799 [main] DEBUG com.samourai.wallet.send.spend.SpendBuilder - amount:10000
12:10:41.799 [main] DEBUG com.samourai.wallet.send.spend.SpendBuilder - total value selected:20000
12:10:41.799 [main] DEBUG com.samourai.wallet.send.spend.SpendBuilder - minerFeeTotal:154
12:10:41.799 [main] DEBUG com.samourai.wallet.send.spend.SpendBuilder - nb inputs:1
12:10:41.799 [main] DEBUG com.samourai.wallet.test.AbstractTest -   a741d9519c16630cf9bea61117d44b192939556edfb9796b8268778d6c22c5ea
  opts into full replace-by-fee
     in    0.0002 BTC
          outpoint:0d13ddd55e910d38d168abf387e0b1438cf696576941a0982fd39d833545930f:2
          sequence:fffffffd, opts into full RBF
     out  0[] PUSHDATA(20)[f6a884f18f4d7e78a4167c3e56773c3ae58e0164] 0.00009846 BTC
     out  0[] PUSHDATA(20)[2ecf8c3e5697f0513999ed3aa8ea9cd04d127355] 0.0001 BTC
     fee  0.0000069 BTC/kB, 0.00000154 BTC for 223 bytes
     prps UNKNOWN

12:10:41.799 [main] DEBUG com.samourai.wallet.test.AbstractTest - outputsActuals: {tb1q765gfuv0f4l83fqk0sl9vaeu8tjcuqtyrrduyv=9846, tb1q9m8cc0jkjlc9zwvea5a2365u6px3yu646vgez4=10000}
]]></system-out>
  </testcase>
  <testcase name="simpleSpend_2utxos" classname="com.samourai.wallet.send.spend.SpendBuilderTest" time="0.168">
    <system-out><![CDATA[12:10:41.809 [main] DEBUG com.samourai.http.client.JettyHttpClient - +httpClient: no proxy
12:10:41.965 [main] DEBUG com.samourai.wallet.bipWallet.WalletSupplierImpl - +BipWallet[DEPOSIT_BIP44]: BipWallet{id='DEPOSIT_BIP44', samouraiAccount=DEPOSIT, derivation=BipDerivation{purpose=44, accountIndex=0}, bipFormatDefault=LEGACY, bipFormats=[LEGACY], xPub='tpu...LwY', bipPub='tpu...LwY'}
12:10:41.965 [main] DEBUG com.samourai.wallet.bipWallet.WalletSupplierImpl - +BipWallet[DEPOSIT_BIP49]: BipWallet{id='DEPOSIT_BIP49', samouraiAccount=DEPOSIT, derivation=BipDerivation{purpose=49, accountIndex=0}, bipFormatDefault=SEGWIT_COMPAT, bipFormats=[SEGWIT_COMPAT], xPub='tpu...eV2', bipPub='upu...38D'}
12:10:41.965 [main] DEBUG com.samourai.wallet.bipWallet.WalletSupplierImpl - +BipWallet[DEPOSIT_BIP84]: BipWallet{id='DEPOSIT_BIP84', samouraiAccount=DEPOSIT, derivation=BipDerivation{purpose=84, accountIndex=0}, bipFormatDefault=SEGWIT_NATIVE, bipFormats=[SEGWIT_NATIVE], xPub='tpu...re9', bipPub='vpu...dCu'}
12:10:41.965 [main] DEBUG com.samourai.wallet.bipWallet.WalletSupplierImpl - +BipWallet[PREMIX_BIP84]: BipWallet{id='PREMIX_BIP84', samouraiAccount=PREMIX, derivation=BipDerivation{purpose=84, accountIndex=2147483645}, bipFormatDefault=SEGWIT_NATIVE, bipFormats=[SEGWIT_NATIVE], xPub='tpu...hvr', bipPub='vpu...4mL'}
12:10:41.965 [main] DEBUG com.samourai.wallet.bipWallet.WalletSupplierImpl - +BipWallet[POSTMIX_BIP84]: BipWallet{id='POSTMIX_BIP84', samouraiAccount=POSTMIX, derivation=BipDerivation{purpose=84, accountIndex=2147483646}, bipFormatDefault=SEGWIT_NATIVE, bipFormats=[SEGWIT_NATIVE, SEGWIT_COMPAT, LEGACY], xPub='tpu...sQD', bipPub='vpu...nrW'}
12:10:41.965 [main] DEBUG com.samourai.wallet.bipWallet.WalletSupplierImpl - +BipWallet[ASB_BIP84]: BipWallet{id='ASB_BIP84', samouraiAccount=SWAPS_ASB, derivation=BipDerivation{purpose=84, accountIndex=2147483641}, bipFormatDefault=SEGWIT_NATIVE, bipFormats=[SEGWIT_NATIVE], xPub='tpu...p4i', bipPub='vpu...sEH'}
12:10:41.965 [main] DEBUG com.samourai.wallet.bipWallet.WalletSupplierImpl - +BipWallet[SWAPS_DEPOSIT]: BipWallet{id='SWAPS_DEPOSIT', samouraiAccount=SWAPS_DEPOSIT, derivation=BipDerivation{purpose=84, accountIndex=2147483643}, bipFormatDefault=SEGWIT_NATIVE, bipFormats=[SEGWIT_NATIVE], xPub='tpu...3s7', bipPub='vpu...HpJ'}
12:10:41.965 [main] DEBUG com.samourai.wallet.bipWallet.WalletSupplierImpl - +BipWallet[SWAPS_REFUNDS]: BipWallet{id='SWAPS_REFUNDS', samouraiAccount=SWAPS_REFUNDS, derivation=BipDerivation{purpose=84, accountIndex=2147483642}, bipFormatDefault=SEGWIT_NATIVE, bipFormats=[SEGWIT_NATIVE], xPub='tpu...rMX', bipPub='vpu...Sr9'}
12:10:41.965 [main] DEBUG com.samourai.wallet.bipWallet.WalletSupplierImpl - +BipWallet[BADBANK_BIP84]: BipWallet{id='BADBANK_BIP84', samouraiAccount=BADBANK, derivation=BipDerivation{purpose=84, accountIndex=2147483644}, bipFormatDefault=SEGWIT_NATIVE, bipFormats=[SEGWIT_NATIVE], xPub='tpu...hmu', bipPub='vpu...tNY'}
12:10:41.965 [main] DEBUG com.samourai.wallet.bipWallet.WalletSupplierImpl - +BipWallet[RICOCHET_BIP84]: BipWallet{id='RICOCHET_BIP84', samouraiAccount=RICOCHET, derivation=BipDerivation{purpose=84, accountIndex=2147483647}, bipFormatDefault=SEGWIT_NATIVE, bipFormats=[SEGWIT_NATIVE], xPub='tpu...UMc', bipPub='vpu...knj'}
12:10:41.965 [main] DEBUG com.samourai.wallet.api.backend.BackendApi - urlBackend=https://api.samouraiwallet.com/test/v2, oAuth=no
12:10:41.965 [main] DEBUG com.samourai.wallet.util.LogbackUtils - Log level set to DEBUG for the logger 'com.samourai'
12:10:41.965 [main] DEBUG com.samourai.wallet.util.LogbackUtils - Log level set to DEBUG for the logger 'com.samourai.whirlpool.client'
12:10:41.965 [main] DEBUG com.samourai.wallet.util.LogbackUtils - Log level set to DEBUG for the logger 'com.samourai.whirlpool.client.mix.dialog'
12:10:41.965 [main] DEBUG com.samourai.wallet.util.LogbackUtils - Log level set to DEBUG for the logger 'com.samourai.stomp.client'
12:10:41.965 [main] DEBUG com.samourai.wallet.util.LogbackUtils - Log level set to DEBUG for the logger 'com.samourai.wallet.util.FeeUtil'
12:10:41.965 [main] DEBUG com.samourai.wallet.util.LogbackUtils - Log level set to DEBUG for the logger 'com.samourai.whirlpool.client.utils'
12:10:41.965 [main] DEBUG com.samourai.wallet.util.LogbackUtils - Log level set to DEBUG for the logger 'com.samourai.whirlpool.client.wallet'
12:10:41.965 [main] DEBUG com.samourai.wallet.util.LogbackUtils - Log level set to DEBUG for the logger 'com.samourai.wallet.cahoots'
12:10:41.965 [main] DEBUG com.samourai.wallet.util.LogbackUtils - Log level set to DEBUG for the logger 'com.samourai.wallet.cahoots.stowaway'
12:10:41.965 [main] DEBUG com.samourai.wallet.util.LogbackUtils - Log level set to DEBUG for the logger 'com.samourai.wallet.cahoots.stonewallx2'
12:10:41.965 [main] DEBUG com.samourai.wallet.util.LogbackUtils - Log level set to DEBUG for the logger 'com.samourai.wallet.sorobanClient'
12:10:41.965 [main] DEBUG com.samourai.wallet.util.LogbackUtils - Log level set to DEBUG for the logger 'com.samourai.soroban.client'
12:10:41.965 [main] DEBUG com.samourai.wallet.util.LogbackUtils - Log level set to DEBUG for the logger 'com.samourai.soroban.client.rpc'
12:10:41.965 [main] DEBUG com.samourai.wallet.util.LogbackUtils - Log level set to DEBUG for the logger 'com.samourai.soroban.client.dialog'
12:10:41.965 [main] DEBUG com.samourai.wallet.util.LogbackUtils - Log level set to DEBUG for the logger 'com.samourai.soroban.client.meeting'
12:10:41.965 [main] DEBUG com.samourai.wallet.util.LogbackUtils - Log level set to DEBUG for the logger 'com.samourai.whirlpool.client.wallet.orchestrator'
12:10:41.965 [main] DEBUG com.samourai.wallet.util.LogbackUtils - Log level set to ERROR for the logger 'org.bitcoinj'
12:10:41.965 [main] DEBUG com.samourai.wallet.util.LogbackUtils - Log level set to WARN for the logger 'org.bitcoin'
12:10:41.965 [main] DEBUG com.samourai.wallet.util.LogbackUtils - Log level set to INFO for the logger 'org.eclipse.jetty'
12:10:41.967 [main] DEBUG com.samourai.http.client.JettyHttpClient - +httpClient: no proxy
12:10:42.130 [main] DEBUG com.samourai.wallet.bipWallet.WalletSupplierImpl - +BipWallet[DEPOSIT_BIP44]: BipWallet{id='DEPOSIT_BIP44', samouraiAccount=DEPOSIT, derivation=BipDerivation{purpose=44, accountIndex=0}, bipFormatDefault=LEGACY, bipFormats=[LEGACY], xPub='tpu...LwY', bipPub='tpu...LwY'}
12:10:42.130 [main] DEBUG com.samourai.wallet.bipWallet.WalletSupplierImpl - +BipWallet[DEPOSIT_BIP49]: BipWallet{id='DEPOSIT_BIP49', samouraiAccount=DEPOSIT, derivation=BipDerivation{purpose=49, accountIndex=0}, bipFormatDefault=SEGWIT_COMPAT, bipFormats=[SEGWIT_COMPAT], xPub='tpu...eV2', bipPub='upu...38D'}
12:10:42.130 [main] DEBUG com.samourai.wallet.bipWallet.WalletSupplierImpl - +BipWallet[DEPOSIT_BIP84]: BipWallet{id='DEPOSIT_BIP84', samouraiAccount=DEPOSIT, derivation=BipDerivation{purpose=84, accountIndex=0}, bipFormatDefault=SEGWIT_NATIVE, bipFormats=[SEGWIT_NATIVE], xPub='tpu...re9', bipPub='vpu...dCu'}
12:10:42.130 [main] DEBUG com.samourai.wallet.bipWallet.WalletSupplierImpl - +BipWallet[PREMIX_BIP84]: BipWallet{id='PREMIX_BIP84', samouraiAccount=PREMIX, derivation=BipDerivation{purpose=84, accountIndex=2147483645}, bipFormatDefault=SEGWIT_NATIVE, bipFormats=[SEGWIT_NATIVE], xPub='tpu...hvr', bipPub='vpu...4mL'}
12:10:42.130 [main] DEBUG com.samourai.wallet.bipWallet.WalletSupplierImpl - +BipWallet[POSTMIX_BIP84]: BipWallet{id='POSTMIX_BIP84', samouraiAccount=POSTMIX, derivation=BipDerivation{purpose=84, accountIndex=2147483646}, bipFormatDefault=SEGWIT_NATIVE, bipFormats=[SEGWIT_NATIVE, SEGWIT_COMPAT, LEGACY], xPub='tpu...sQD', bipPub='vpu...nrW'}
12:10:42.130 [main] DEBUG com.samourai.wallet.bipWallet.WalletSupplierImpl - +BipWallet[ASB_BIP84]: BipWallet{id='ASB_BIP84', samouraiAccount=SWAPS_ASB, derivation=BipDerivation{purpose=84, accountIndex=2147483641}, bipFormatDefault=SEGWIT_NATIVE, bipFormats=[SEGWIT_NATIVE], xPub='tpu...p4i', bipPub='vpu...sEH'}
12:10:42.130 [main] DEBUG com.samourai.wallet.bipWallet.WalletSupplierImpl - +BipWallet[SWAPS_DEPOSIT]: BipWallet{id='SWAPS_DEPOSIT', samouraiAccount=SWAPS_DEPOSIT, derivation=BipDerivation{purpose=84, accountIndex=2147483643}, bipFormatDefault=SEGWIT_NATIVE, bipFormats=[SEGWIT_NATIVE], xPub='tpu...3s7', bipPub='vpu...HpJ'}
12:10:42.130 [main] DEBUG com.samourai.wallet.bipWallet.WalletSupplierImpl - +BipWallet[SWAPS_REFUNDS]: BipWallet{id='SWAPS_REFUNDS', samouraiAccount=SWAPS_REFUNDS, derivation=BipDerivation{purpose=84, accountIndex=2147483642}, bipFormatDefault=SEGWIT_NATIVE, bipFormats=[SEGWIT_NATIVE], xPub='tpu...rMX', bipPub='vpu...Sr9'}
12:10:42.130 [main] DEBUG com.samourai.wallet.bipWallet.WalletSupplierImpl - +BipWallet[BADBANK_BIP84]: BipWallet{id='BADBANK_BIP84', samouraiAccount=BADBANK, derivation=BipDerivation{purpose=84, accountIndex=2147483644}, bipFormatDefault=SEGWIT_NATIVE, bipFormats=[SEGWIT_NATIVE], xPub='tpu...hmu', bipPub='vpu...tNY'}
12:10:42.130 [main] DEBUG com.samourai.wallet.bipWallet.WalletSupplierImpl - +BipWallet[RICOCHET_BIP84]: BipWallet{id='RICOCHET_BIP84', samouraiAccount=RICOCHET, derivation=BipDerivation{purpose=84, accountIndex=2147483647}, bipFormatDefault=SEGWIT_NATIVE, bipFormats=[SEGWIT_NATIVE], xPub='tpu...UMc', bipPub='vpu...knj'}
12:10:42.130 [main] DEBUG com.samourai.wallet.api.backend.BackendApi - urlBackend=https://api.samouraiwallet.com/test/v2, oAuth=no
12:10:42.130 [main] DEBUG com.samourai.wallet.util.LogbackUtils - Log level set to DEBUG for the logger 'com.samourai'
12:10:42.130 [main] DEBUG com.samourai.wallet.util.LogbackUtils - Log level set to DEBUG for the logger 'com.samourai.whirlpool.client'
12:10:42.130 [main] DEBUG com.samourai.wallet.util.LogbackUtils - Log level set to DEBUG for the logger 'com.samourai.whirlpool.client.mix.dialog'
12:10:42.130 [main] DEBUG com.samourai.wallet.util.LogbackUtils - Log level set to DEBUG for the logger 'com.samourai.stomp.client'
12:10:42.130 [main] DEBUG com.samourai.wallet.util.LogbackUtils - Log level set to DEBUG for the logger 'com.samourai.wallet.util.FeeUtil'
12:10:42.130 [main] DEBUG com.samourai.wallet.util.LogbackUtils - Log level set to DEBUG for the logger 'com.samourai.whirlpool.client.utils'
12:10:42.130 [main] DEBUG com.samourai.wallet.util.LogbackUtils - Log level set to DEBUG for the logger 'com.samourai.whirlpool.client.wallet'
12:10:42.130 [main] DEBUG com.samourai.wallet.util.LogbackUtils - Log level set to DEBUG for the logger 'com.samourai.wallet.cahoots'
12:10:42.130 [main] DEBUG com.samourai.wallet.util.LogbackUtils - Log level set to DEBUG for the logger 'com.samourai.wallet.cahoots.stowaway'
12:10:42.130 [main] DEBUG com.samourai.wallet.util.LogbackUtils - Log level set to DEBUG for the logger 'com.samourai.wallet.cahoots.stonewallx2'
12:10:42.130 [main] DEBUG com.samourai.wallet.util.LogbackUtils - Log level set to DEBUG for the logger 'com.samourai.wallet.sorobanClient'
12:10:42.130 [main] DEBUG com.samourai.wallet.util.LogbackUtils - Log level set to DEBUG for the logger 'com.samourai.soroban.client'
12:10:42.130 [main] DEBUG com.samourai.wallet.util.LogbackUtils - Log level set to DEBUG for the logger 'com.samourai.soroban.client.rpc'
12:10:42.130 [main] DEBUG com.samourai.wallet.util.LogbackUtils - Log level set to DEBUG for the logger 'com.samourai.soroban.client.dialog'
12:10:42.130 [main] DEBUG com.samourai.wallet.util.LogbackUtils - Log level set to DEBUG for the logger 'com.samourai.soroban.client.meeting'
12:10:42.130 [main] DEBUG com.samourai.wallet.util.LogbackUtils - Log level set to DEBUG for the logger 'com.samourai.whirlpool.client.wallet.orchestrator'
12:10:42.130 [main] DEBUG com.samourai.wallet.util.LogbackUtils - Log level set to ERROR for the logger 'org.bitcoinj'
12:10:42.130 [main] DEBUG com.samourai.wallet.util.LogbackUtils - Log level set to WARN for the logger 'org.bitcoin'
12:10:42.130 [main] DEBUG com.samourai.wallet.util.LogbackUtils - Log level set to INFO for the logger 'org.eclipse.jetty'
12:10:42.133 [main] DEBUG com.samourai.wallet.send.spend.StonewallUtil - utxoSets[SEGWIT_NATIVE]: 60500 (4 inputs)
12:10:42.133 [main] DEBUG com.samourai.wallet.send.spend.StonewallUtil - utxoSets[SEGWIT_COMPAT]: 0 (0 inputs)
12:10:42.133 [main] DEBUG com.samourai.wallet.send.spend.StonewallUtil - utxoSets[LEGACY]: 0 (0 inputs)
12:10:42.133 [main] DEBUG com.samourai.wallet.send.spend.StonewallUtil - set 1 SEGWIT_NATIVE
12:10:42.133 [main] DEBUG com.samourai.wallet.send.spend.StonewallUtil - stonewall spend
12:10:42.133 [main] DEBUG com.samourai.wallet.send.spend.StonewallUtil - total outputs amount:60500
12:10:42.133 [main] DEBUG com.samourai.wallet.send.spend.StonewallUtil - spend amount:40000
12:10:42.133 [main] DEBUG com.samourai.wallet.send.spend.StonewallUtil - utxos:4
12:10:42.133 [main] DEBUG com.samourai.wallet.send.spend.StonewallUtil - selected:0,38225665959fbe2c1a5b642f32df7963966267a8263d9bacf91dd9c5262db6b2,500
12:10:42.133 [main] DEBUG com.samourai.wallet.send.spend.StonewallUtil - selected:1,0d13ddd55e910d38d168abf387e0b1438cf696576941a0982fd39d833545930f,20000
12:10:42.133 [main] DEBUG com.samourai.wallet.send.spend.StonewallUtil - selected:2,2b007b4c6aa6e9b9f191e434f3bf57005aa286e0aeee7e154bd627af917fafcb,10000
12:10:42.133 [main] DEBUG com.samourai.wallet.send.spend.StonewallUtil - selected:3,e6f438fec86219640e9ded8e9ce0c8841279a43df6a18cca59c80e659e8e2c4a,30000
12:10:42.133 [main] DEBUG com.samourai.wallet.send.spend.StonewallUtil - utxos idx:4
12:10:42.133 [main] DEBUG com.samourai.wallet.send.spend.StonewallUtil - utxos after selection:0
12:10:42.133 [main] DEBUG com.samourai.wallet.send.spend.StonewallUtil - utxos after adding recycled:0
12:10:42.133 [main] DEBUG com.samourai.wallet.send.spend.StonewallUtil - fee set1:0
12:10:42.134 [main] DEBUG com.samourai.wallet.send.spend.StonewallUtil - input:e6f438fec86219640e9ded8e9ce0c8841279a43df6a18cca59c80e659e8e2c4a-3,30000
12:10:42.134 [main] DEBUG com.samourai.wallet.send.spend.StonewallUtil - input:0d13ddd55e910d38d168abf387e0b1438cf696576941a0982fd39d833545930f-2,20000
12:10:42.134 [main] DEBUG com.samourai.wallet.send.spend.StonewallUtil - output:TxOut of 0.0004 BTC (unknown type) script:0[] PUSHDATA(20)[2ecf8c3e5697f0513999ed3aa8ea9cd04d127355],40000
12:10:42.134 [main] DEBUG com.samourai.wallet.send.spend.StonewallUtil - output:TxOut of 0.0001 BTC (unknown type) script:0[] PUSHDATA(20)[f6a884f18f4d7e78a4167c3e56773c3ae58e0164],10000
12:10:42.134 [main] DEBUG com.samourai.wallet.send.spend.StonewallUtil - inputs:50000
12:10:42.134 [main] DEBUG com.samourai.wallet.send.spend.StonewallUtil - outputs:50000
12:10:42.134 [main] DEBUG com.samourai.wallet.send.spend.StonewallUtil - set0 utxo returned:[]
12:10:42.134 [main] DEBUG com.samourai.wallet.send.spend.StonewallUtil - set0 value:0
12:10:42.134 [main] DEBUG com.samourai.wallet.send.spend.StonewallUtil - utxosBis value:0
12:10:42.134 [main] DEBUG com.samourai.wallet.send.spend.SpendSelectionSimple - spend type:SIMPLE
12:10:42.134 [main] DEBUG com.samourai.wallet.send.spend.SpendSelectionSimple - multiple outputs
12:10:42.134 [main] DEBUG com.samourai.wallet.send.spend.SpendSelectionSimple - amount:40000
12:10:42.134 [main] DEBUG com.samourai.wallet.send.spend.SpendSelectionSimple - total value selected:50000
12:10:42.134 [main] DEBUG com.samourai.wallet.send.spend.SpendSelectionSimple - nb inputs:2
12:10:42.134 [main] DEBUG com.samourai.wallet.send.spend.SpendSelectionSimple - SIMPLE spending multiple utxos
12:10:42.134 [main] DEBUG com.samourai.wallet.send.SendFactoryGeneric - signInput #0: value=20000, addressType=SEGWIT_NATIVE, address=tb1qfqd55aeuuhj6jl2v0v6ckudd7wecdv6ss9ands
12:10:42.134 [main] DEBUG com.samourai.wallet.send.SendFactoryGeneric - signInput #1: value=30000, addressType=SEGWIT_NATIVE, address=tb1qcdasnw5xps2g8kjz4yv2daacs4cqm7n5t8mktx
12:10:42.135 [main] DEBUG com.samourai.wallet.send.spend.SpendSelection - size:370
12:10:42.135 [main] DEBUG com.samourai.wallet.send.spend.SpendSelection - vsize:208
12:10:42.135 [main] DEBUG com.samourai.wallet.send.spend.SpendSelection - fee:226
12:10:42.135 [main] DEBUG com.samourai.wallet.send.beans.SpendTxSimple -   869c346d8f2440b87c98e7f42d92ff3113bec1f3c940f9d5b3c343eab5ece6fa
  opts into full replace-by-fee
     in    0.0002 BTC
          outpoint:0d13ddd55e910d38d168abf387e0b1438cf696576941a0982fd39d833545930f:2
          sequence:fffffffd, opts into full RBF
     in    0.0003 BTC
          outpoint:e6f438fec86219640e9ded8e9ce0c8841279a43df6a18cca59c80e659e8e2c4a:3
          sequence:fffffffd, opts into full RBF
     out  0[] PUSHDATA(20)[f6a884f18f4d7e78a4167c3e56773c3ae58e0164] 0.00009774 BTC
     out  0[] PUSHDATA(20)[2ecf8c3e5697f0513999ed3aa8ea9cd04d127355] 0.0004 BTC
     fee  0.0000061 BTC/kB, 0.00000226 BTC for 370 bytes
     prps UNKNOWN

12:10:42.135 [main] DEBUG com.samourai.wallet.send.spend.SpendBuilder - spend type:SIMPLE
12:10:42.135 [main] DEBUG com.samourai.wallet.send.spend.SpendBuilder - amount:40000
12:10:42.135 [main] DEBUG com.samourai.wallet.send.spend.SpendBuilder - total value selected:50000
12:10:42.135 [main] DEBUG com.samourai.wallet.send.spend.SpendBuilder - minerFeeTotal:226
12:10:42.135 [main] DEBUG com.samourai.wallet.send.spend.SpendBuilder - nb inputs:2
12:10:42.135 [main] DEBUG com.samourai.wallet.test.AbstractTest -   869c346d8f2440b87c98e7f42d92ff3113bec1f3c940f9d5b3c343eab5ece6fa
  opts into full replace-by-fee
     in    0.0002 BTC
          outpoint:0d13ddd55e910d38d168abf387e0b1438cf696576941a0982fd39d833545930f:2
          sequence:fffffffd, opts into full RBF
     in    0.0003 BTC
          outpoint:e6f438fec86219640e9ded8e9ce0c8841279a43df6a18cca59c80e659e8e2c4a:3
          sequence:fffffffd, opts into full RBF
     out  0[] PUSHDATA(20)[f6a884f18f4d7e78a4167c3e56773c3ae58e0164] 0.00009774 BTC
     out  0[] PUSHDATA(20)[2ecf8c3e5697f0513999ed3aa8ea9cd04d127355] 0.0004 BTC
     fee  0.0000061 BTC/kB, 0.00000226 BTC for 370 bytes
     prps UNKNOWN

12:10:42.135 [main] DEBUG com.samourai.wallet.test.AbstractTest - outputsActuals: {tb1q765gfuv0f4l83fqk0sl9vaeu8tjcuqtyrrduyv=9774, tb1q9m8cc0jkjlc9zwvea5a2365u6px3yu646vgez4=40000}
]]></system-out>
  </testcase>
  <testcase name="simpleSpend_3utxos" classname="com.samourai.wallet.send.spend.SpendBuilderTest" time="0.168">
    <system-out><![CDATA[12:10:42.147 [main] DEBUG com.samourai.http.client.JettyHttpClient - +httpClient: no proxy
12:10:42.313 [main] DEBUG com.samourai.wallet.bipWallet.WalletSupplierImpl - +BipWallet[DEPOSIT_BIP44]: BipWallet{id='DEPOSIT_BIP44', samouraiAccount=DEPOSIT, derivation=BipDerivation{purpose=44, accountIndex=0}, bipFormatDefault=LEGACY, bipFormats=[LEGACY], xPub='tpu...LwY', bipPub='tpu...LwY'}
12:10:42.313 [main] DEBUG com.samourai.wallet.bipWallet.WalletSupplierImpl - +BipWallet[DEPOSIT_BIP49]: BipWallet{id='DEPOSIT_BIP49', samouraiAccount=DEPOSIT, derivation=BipDerivation{purpose=49, accountIndex=0}, bipFormatDefault=SEGWIT_COMPAT, bipFormats=[SEGWIT_COMPAT], xPub='tpu...eV2', bipPub='upu...38D'}
12:10:42.313 [main] DEBUG com.samourai.wallet.bipWallet.WalletSupplierImpl - +BipWallet[DEPOSIT_BIP84]: BipWallet{id='DEPOSIT_BIP84', samouraiAccount=DEPOSIT, derivation=BipDerivation{purpose=84, accountIndex=0}, bipFormatDefault=SEGWIT_NATIVE, bipFormats=[SEGWIT_NATIVE], xPub='tpu...re9', bipPub='vpu...dCu'}
12:10:42.313 [main] DEBUG com.samourai.wallet.bipWallet.WalletSupplierImpl - +BipWallet[PREMIX_BIP84]: BipWallet{id='PREMIX_BIP84', samouraiAccount=PREMIX, derivation=BipDerivation{purpose=84, accountIndex=2147483645}, bipFormatDefault=SEGWIT_NATIVE, bipFormats=[SEGWIT_NATIVE], xPub='tpu...hvr', bipPub='vpu...4mL'}
12:10:42.313 [main] DEBUG com.samourai.wallet.bipWallet.WalletSupplierImpl - +BipWallet[POSTMIX_BIP84]: BipWallet{id='POSTMIX_BIP84', samouraiAccount=POSTMIX, derivation=BipDerivation{purpose=84, accountIndex=2147483646}, bipFormatDefault=SEGWIT_NATIVE, bipFormats=[SEGWIT_NATIVE, SEGWIT_COMPAT, LEGACY], xPub='tpu...sQD', bipPub='vpu...nrW'}
12:10:42.313 [main] DEBUG com.samourai.wallet.bipWallet.WalletSupplierImpl - +BipWallet[ASB_BIP84]: BipWallet{id='ASB_BIP84', samouraiAccount=SWAPS_ASB, derivation=BipDerivation{purpose=84, accountIndex=2147483641}, bipFormatDefault=SEGWIT_NATIVE, bipFormats=[SEGWIT_NATIVE], xPub='tpu...p4i', bipPub='vpu...sEH'}
12:10:42.313 [main] DEBUG com.samourai.wallet.bipWallet.WalletSupplierImpl - +BipWallet[SWAPS_DEPOSIT]: BipWallet{id='SWAPS_DEPOSIT', samouraiAccount=SWAPS_DEPOSIT, derivation=BipDerivation{purpose=84, accountIndex=2147483643}, bipFormatDefault=SEGWIT_NATIVE, bipFormats=[SEGWIT_NATIVE], xPub='tpu...3s7', bipPub='vpu...HpJ'}
12:10:42.313 [main] DEBUG com.samourai.wallet.bipWallet.WalletSupplierImpl - +BipWallet[SWAPS_REFUNDS]: BipWallet{id='SWAPS_REFUNDS', samouraiAccount=SWAPS_REFUNDS, derivation=BipDerivation{purpose=84, accountIndex=2147483642}, bipFormatDefault=SEGWIT_NATIVE, bipFormats=[SEGWIT_NATIVE], xPub='tpu...rMX', bipPub='vpu...Sr9'}
12:10:42.313 [main] DEBUG com.samourai.wallet.bipWallet.WalletSupplierImpl - +BipWallet[BADBANK_BIP84]: BipWallet{id='BADBANK_BIP84', samouraiAccount=BADBANK, derivation=BipDerivation{purpose=84, accountIndex=2147483644}, bipFormatDefault=SEGWIT_NATIVE, bipFormats=[SEGWIT_NATIVE], xPub='tpu...hmu', bipPub='vpu...tNY'}
12:10:42.313 [main] DEBUG com.samourai.wallet.bipWallet.WalletSupplierImpl - +BipWallet[RICOCHET_BIP84]: BipWallet{id='RICOCHET_BIP84', samouraiAccount=RICOCHET, derivation=BipDerivation{purpose=84, accountIndex=2147483647}, bipFormatDefault=SEGWIT_NATIVE, bipFormats=[SEGWIT_NATIVE], xPub='tpu...UMc', bipPub='vpu...knj'}
12:10:42.313 [main] DEBUG com.samourai.wallet.api.backend.BackendApi - urlBackend=https://api.samouraiwallet.com/test/v2, oAuth=no
12:10:42.313 [main] DEBUG com.samourai.wallet.util.LogbackUtils - Log level set to DEBUG for the logger 'com.samourai'
12:10:42.313 [main] DEBUG com.samourai.wallet.util.LogbackUtils - Log level set to DEBUG for the logger 'com.samourai.whirlpool.client'
12:10:42.313 [main] DEBUG com.samourai.wallet.util.LogbackUtils - Log level set to DEBUG for the logger 'com.samourai.whirlpool.client.mix.dialog'
12:10:42.313 [main] DEBUG com.samourai.wallet.util.LogbackUtils - Log level set to DEBUG for the logger 'com.samourai.stomp.client'
12:10:42.313 [main] DEBUG com.samourai.wallet.util.LogbackUtils - Log level set to DEBUG for the logger 'com.samourai.wallet.util.FeeUtil'
12:10:42.313 [main] DEBUG com.samourai.wallet.util.LogbackUtils - Log level set to DEBUG for the logger 'com.samourai.whirlpool.client.utils'
12:10:42.313 [main] DEBUG com.samourai.wallet.util.LogbackUtils - Log level set to DEBUG for the logger 'com.samourai.whirlpool.client.wallet'
12:10:42.313 [main] DEBUG com.samourai.wallet.util.LogbackUtils - Log level set to DEBUG for the logger 'com.samourai.wallet.cahoots'
12:10:42.313 [main] DEBUG com.samourai.wallet.util.LogbackUtils - Log level set to DEBUG for the logger 'com.samourai.wallet.cahoots.stowaway'
12:10:42.313 [main] DEBUG com.samourai.wallet.util.LogbackUtils - Log level set to DEBUG for the logger 'com.samourai.wallet.cahoots.stonewallx2'
12:10:42.313 [main] DEBUG com.samourai.wallet.util.LogbackUtils - Log level set to DEBUG for the logger 'com.samourai.wallet.sorobanClient'
12:10:42.313 [main] DEBUG com.samourai.wallet.util.LogbackUtils - Log level set to DEBUG for the logger 'com.samourai.soroban.client'
12:10:42.313 [main] DEBUG com.samourai.wallet.util.LogbackUtils - Log level set to DEBUG for the logger 'com.samourai.soroban.client.rpc'
12:10:42.313 [main] DEBUG com.samourai.wallet.util.LogbackUtils - Log level set to DEBUG for the logger 'com.samourai.soroban.client.dialog'
12:10:42.313 [main] DEBUG com.samourai.wallet.util.LogbackUtils - Log level set to DEBUG for the logger 'com.samourai.soroban.client.meeting'
12:10:42.313 [main] DEBUG com.samourai.wallet.util.LogbackUtils - Log level set to DEBUG for the logger 'com.samourai.whirlpool.client.wallet.orchestrator'
12:10:42.313 [main] DEBUG com.samourai.wallet.util.LogbackUtils - Log level set to ERROR for the logger 'org.bitcoinj'
12:10:42.313 [main] DEBUG com.samourai.wallet.util.LogbackUtils - Log level set to WARN for the logger 'org.bitcoin'
12:10:42.313 [main] DEBUG com.samourai.wallet.util.LogbackUtils - Log level set to INFO for the logger 'org.eclipse.jetty'
12:10:42.315 [main] DEBUG com.samourai.http.client.JettyHttpClient - +httpClient: no proxy
12:10:42.479 [main] DEBUG com.samourai.wallet.bipWallet.WalletSupplierImpl - +BipWallet[DEPOSIT_BIP44]: BipWallet{id='DEPOSIT_BIP44', samouraiAccount=DEPOSIT, derivation=BipDerivation{purpose=44, accountIndex=0}, bipFormatDefault=LEGACY, bipFormats=[LEGACY], xPub='tpu...LwY', bipPub='tpu...LwY'}
12:10:42.479 [main] DEBUG com.samourai.wallet.bipWallet.WalletSupplierImpl - +BipWallet[DEPOSIT_BIP49]: BipWallet{id='DEPOSIT_BIP49', samouraiAccount=DEPOSIT, derivation=BipDerivation{purpose=49, accountIndex=0}, bipFormatDefault=SEGWIT_COMPAT, bipFormats=[SEGWIT_COMPAT], xPub='tpu...eV2', bipPub='upu...38D'}
12:10:42.479 [main] DEBUG com.samourai.wallet.bipWallet.WalletSupplierImpl - +BipWallet[DEPOSIT_BIP84]: BipWallet{id='DEPOSIT_BIP84', samouraiAccount=DEPOSIT, derivation=BipDerivation{purpose=84, accountIndex=0}, bipFormatDefault=SEGWIT_NATIVE, bipFormats=[SEGWIT_NATIVE], xPub='tpu...re9', bipPub='vpu...dCu'}
12:10:42.479 [main] DEBUG com.samourai.wallet.bipWallet.WalletSupplierImpl - +BipWallet[PREMIX_BIP84]: BipWallet{id='PREMIX_BIP84', samouraiAccount=PREMIX, derivation=BipDerivation{purpose=84, accountIndex=2147483645}, bipFormatDefault=SEGWIT_NATIVE, bipFormats=[SEGWIT_NATIVE], xPub='tpu...hvr', bipPub='vpu...4mL'}
12:10:42.479 [main] DEBUG com.samourai.wallet.bipWallet.WalletSupplierImpl - +BipWallet[POSTMIX_BIP84]: BipWallet{id='POSTMIX_BIP84', samouraiAccount=POSTMIX, derivation=BipDerivation{purpose=84, accountIndex=2147483646}, bipFormatDefault=SEGWIT_NATIVE, bipFormats=[SEGWIT_NATIVE, SEGWIT_COMPAT, LEGACY], xPub='tpu...sQD', bipPub='vpu...nrW'}
12:10:42.479 [main] DEBUG com.samourai.wallet.bipWallet.WalletSupplierImpl - +BipWallet[ASB_BIP84]: BipWallet{id='ASB_BIP84', samouraiAccount=SWAPS_ASB, derivation=BipDerivation{purpose=84, accountIndex=2147483641}, bipFormatDefault=SEGWIT_NATIVE, bipFormats=[SEGWIT_NATIVE], xPub='tpu...p4i', bipPub='vpu...sEH'}
12:10:42.479 [main] DEBUG com.samourai.wallet.bipWallet.WalletSupplierImpl - +BipWallet[SWAPS_DEPOSIT]: BipWallet{id='SWAPS_DEPOSIT', samouraiAccount=SWAPS_DEPOSIT, derivation=BipDerivation{purpose=84, accountIndex=2147483643}, bipFormatDefault=SEGWIT_NATIVE, bipFormats=[SEGWIT_NATIVE], xPub='tpu...3s7', bipPub='vpu...HpJ'}
12:10:42.479 [main] DEBUG com.samourai.wallet.bipWallet.WalletSupplierImpl - +BipWallet[SWAPS_REFUNDS]: BipWallet{id='SWAPS_REFUNDS', samouraiAccount=SWAPS_REFUNDS, derivation=BipDerivation{purpose=84, accountIndex=2147483642}, bipFormatDefault=SEGWIT_NATIVE, bipFormats=[SEGWIT_NATIVE], xPub='tpu...rMX', bipPub='vpu...Sr9'}
12:10:42.479 [main] DEBUG com.samourai.wallet.bipWallet.WalletSupplierImpl - +BipWallet[BADBANK_BIP84]: BipWallet{id='BADBANK_BIP84', samouraiAccount=BADBANK, derivation=BipDerivation{purpose=84, accountIndex=2147483644}, bipFormatDefault=SEGWIT_NATIVE, bipFormats=[SEGWIT_NATIVE], xPub='tpu...hmu', bipPub='vpu...tNY'}
12:10:42.479 [main] DEBUG com.samourai.wallet.bipWallet.WalletSupplierImpl - +BipWallet[RICOCHET_BIP84]: BipWallet{id='RICOCHET_BIP84', samouraiAccount=RICOCHET, derivation=BipDerivation{purpose=84, accountIndex=2147483647}, bipFormatDefault=SEGWIT_NATIVE, bipFormats=[SEGWIT_NATIVE], xPub='tpu...UMc', bipPub='vpu...knj'}
12:10:42.479 [main] DEBUG com.samourai.wallet.api.backend.BackendApi - urlBackend=https://api.samouraiwallet.com/test/v2, oAuth=no
12:10:42.479 [main] DEBUG com.samourai.wallet.util.LogbackUtils - Log level set to DEBUG for the logger 'com.samourai'
12:10:42.479 [main] DEBUG com.samourai.wallet.util.LogbackUtils - Log level set to DEBUG for the logger 'com.samourai.whirlpool.client'
12:10:42.479 [main] DEBUG com.samourai.wallet.util.LogbackUtils - Log level set to DEBUG for the logger 'com.samourai.whirlpool.client.mix.dialog'
12:10:42.479 [main] DEBUG com.samourai.wallet.util.LogbackUtils - Log level set to DEBUG for the logger 'com.samourai.stomp.client'
12:10:42.479 [main] DEBUG com.samourai.wallet.util.LogbackUtils - Log level set to DEBUG for the logger 'com.samourai.wallet.util.FeeUtil'
12:10:42.479 [main] DEBUG com.samourai.wallet.util.LogbackUtils - Log level set to DEBUG for the logger 'com.samourai.whirlpool.client.utils'
12:10:42.479 [main] DEBUG com.samourai.wallet.util.LogbackUtils - Log level set to DEBUG for the logger 'com.samourai.whirlpool.client.wallet'
12:10:42.479 [main] DEBUG com.samourai.wallet.util.LogbackUtils - Log level set to DEBUG for the logger 'com.samourai.wallet.cahoots'
12:10:42.479 [main] DEBUG com.samourai.wallet.util.LogbackUtils - Log level set to DEBUG for the logger 'com.samourai.wallet.cahoots.stowaway'
12:10:42.479 [main] DEBUG com.samourai.wallet.util.LogbackUtils - Log level set to DEBUG for the logger 'com.samourai.wallet.cahoots.stonewallx2'
12:10:42.479 [main] DEBUG com.samourai.wallet.util.LogbackUtils - Log level set to DEBUG for the logger 'com.samourai.wallet.sorobanClient'
12:10:42.479 [main] DEBUG com.samourai.wallet.util.LogbackUtils - Log level set to DEBUG for the logger 'com.samourai.soroban.client'
12:10:42.479 [main] DEBUG com.samourai.wallet.util.LogbackUtils - Log level set to DEBUG for the logger 'com.samourai.soroban.client.rpc'
12:10:42.479 [main] DEBUG com.samourai.wallet.util.LogbackUtils - Log level set to DEBUG for the logger 'com.samourai.soroban.client.dialog'
12:10:42.479 [main] DEBUG com.samourai.wallet.util.LogbackUtils - Log level set to DEBUG for the logger 'com.samourai.soroban.client.meeting'
12:10:42.479 [main] DEBUG com.samourai.wallet.util.LogbackUtils - Log level set to DEBUG for the logger 'com.samourai.whirlpool.client.wallet.orchestrator'
12:10:42.479 [main] DEBUG com.samourai.wallet.util.LogbackUtils - Log level set to ERROR for the logger 'org.bitcoinj'
12:10:42.479 [main] DEBUG com.samourai.wallet.util.LogbackUtils - Log level set to WARN for the logger 'org.bitcoin'
12:10:42.479 [main] DEBUG com.samourai.wallet.util.LogbackUtils - Log level set to INFO for the logger 'org.eclipse.jetty'
12:10:42.481 [main] DEBUG com.samourai.wallet.send.spend.StonewallUtil - utxoSets[SEGWIT_NATIVE]: 60500 (4 inputs)
12:10:42.481 [main] DEBUG com.samourai.wallet.send.spend.StonewallUtil - utxoSets[SEGWIT_COMPAT]: 0 (0 inputs)
12:10:42.481 [main] DEBUG com.samourai.wallet.send.spend.StonewallUtil - utxoSets[LEGACY]: 0 (0 inputs)
12:10:42.481 [main] DEBUG com.samourai.wallet.send.spend.StonewallUtil - set 1 SEGWIT_NATIVE
12:10:42.481 [main] DEBUG com.samourai.wallet.send.spend.StonewallUtil - stonewall spend
12:10:42.481 [main] DEBUG com.samourai.wallet.send.spend.StonewallUtil - total outputs amount:60500
12:10:42.481 [main] DEBUG com.samourai.wallet.send.spend.StonewallUtil - spend amount:50000
12:10:42.481 [main] DEBUG com.samourai.wallet.send.spend.StonewallUtil - utxos:4
12:10:42.481 [main] DEBUG com.samourai.wallet.send.spend.StonewallUtil - selected:0,0d13ddd55e910d38d168abf387e0b1438cf696576941a0982fd39d833545930f,20000
12:10:42.481 [main] DEBUG com.samourai.wallet.send.spend.StonewallUtil - selected:1,38225665959fbe2c1a5b642f32df7963966267a8263d9bacf91dd9c5262db6b2,500
12:10:42.481 [main] DEBUG com.samourai.wallet.send.spend.StonewallUtil - selected:2,e6f438fec86219640e9ded8e9ce0c8841279a43df6a18cca59c80e659e8e2c4a,30000
12:10:42.481 [main] DEBUG com.samourai.wallet.send.spend.StonewallUtil - utxos idx:3
12:10:42.481 [main] DEBUG com.samourai.wallet.send.spend.StonewallUtil - utxos after selection:1
12:10:42.481 [main] DEBUG com.samourai.wallet.send.spend.StonewallUtil - utxos after adding recycled:1
12:10:42.481 [main] DEBUG com.samourai.wallet.send.spend.SpendSelectionSimple - spend type:SIMPLE
12:10:42.481 [main] DEBUG com.samourai.wallet.send.spend.SpendSelectionSimple - multiple outputs
12:10:42.481 [main] DEBUG com.samourai.wallet.send.spend.SpendSelectionSimple - amount:50000
12:10:42.481 [main] DEBUG com.samourai.wallet.send.spend.SpendSelectionSimple - total value selected:60000
12:10:42.481 [main] DEBUG com.samourai.wallet.send.spend.SpendSelectionSimple - nb inputs:3
12:10:42.481 [main] DEBUG com.samourai.wallet.send.spend.SpendSelectionSimple - SIMPLE spending multiple utxos
12:10:42.482 [main] DEBUG com.samourai.wallet.send.SendFactoryGeneric - signInput #0: value=20000, addressType=SEGWIT_NATIVE, address=tb1qfqd55aeuuhj6jl2v0v6ckudd7wecdv6ss9ands
12:10:42.482 [main] DEBUG com.samourai.wallet.send.SendFactoryGeneric - signInput #1: value=10000, addressType=SEGWIT_NATIVE, address=tb1q4crk5fzlr7qcz0nsun67luk982mn4wtlyydvlh
12:10:42.482 [main] DEBUG com.samourai.wallet.send.SendFactoryGeneric - signInput #2: value=30000, addressType=SEGWIT_NATIVE, address=tb1qcdasnw5xps2g8kjz4yv2daacs4cqm7n5t8mktx
12:10:42.483 [main] DEBUG com.samourai.wallet.send.spend.SpendSelection - size:519
12:10:42.483 [main] DEBUG com.samourai.wallet.send.spend.SpendSelection - vsize:276
12:10:42.483 [main] DEBUG com.samourai.wallet.send.spend.SpendSelection - fee:299
12:10:42.483 [main] DEBUG com.samourai.wallet.send.beans.SpendTxSimple -   9672ecb40977b9d4d817570d352b9f55a96457f977a4421bdcb2455bd3f69d2b
  opts into full replace-by-fee
     in    0.0002 BTC
          outpoint:0d13ddd55e910d38d168abf387e0b1438cf696576941a0982fd39d833545930f:2
          sequence:fffffffd, opts into full RBF
     in    0.0001 BTC
          outpoint:2b007b4c6aa6e9b9f191e434f3bf57005aa286e0aeee7e154bd627af917fafcb:1
          sequence:fffffffd, opts into full RBF
     in    0.0003 BTC
          outpoint:e6f438fec86219640e9ded8e9ce0c8841279a43df6a18cca59c80e659e8e2c4a:3
          sequence:fffffffd, opts into full RBF
     out  0[] PUSHDATA(20)[f6a884f18f4d7e78a4167c3e56773c3ae58e0164] 0.00009701 BTC
     out  0[] PUSHDATA(20)[2ecf8c3e5697f0513999ed3aa8ea9cd04d127355] 0.0005 BTC
     fee  0.00000576 BTC/kB, 0.00000299 BTC for 519 bytes
     prps UNKNOWN

12:10:42.483 [main] DEBUG com.samourai.wallet.send.spend.SpendBuilder - spend type:SIMPLE
12:10:42.483 [main] DEBUG com.samourai.wallet.send.spend.SpendBuilder - amount:50000
12:10:42.483 [main] DEBUG com.samourai.wallet.send.spend.SpendBuilder - total value selected:60000
12:10:42.483 [main] DEBUG com.samourai.wallet.send.spend.SpendBuilder - minerFeeTotal:299
12:10:42.483 [main] DEBUG com.samourai.wallet.send.spend.SpendBuilder - nb inputs:3
12:10:42.483 [main] DEBUG com.samourai.wallet.test.AbstractTest -   9672ecb40977b9d4d817570d352b9f55a96457f977a4421bdcb2455bd3f69d2b
  opts into full replace-by-fee
     in    0.0002 BTC
          outpoint:0d13ddd55e910d38d168abf387e0b1438cf696576941a0982fd39d833545930f:2
          sequence:fffffffd, opts into full RBF
     in    0.0001 BTC
          outpoint:2b007b4c6aa6e9b9f191e434f3bf57005aa286e0aeee7e154bd627af917fafcb:1
          sequence:fffffffd, opts into full RBF
     in    0.0003 BTC
          outpoint:e6f438fec86219640e9ded8e9ce0c8841279a43df6a18cca59c80e659e8e2c4a:3
          sequence:fffffffd, opts into full RBF
     out  0[] PUSHDATA(20)[f6a884f18f4d7e78a4167c3e56773c3ae58e0164] 0.00009701 BTC
     out  0[] PUSHDATA(20)[2ecf8c3e5697f0513999ed3aa8ea9cd04d127355] 0.0005 BTC
     fee  0.00000576 BTC/kB, 0.00000299 BTC for 519 bytes
     prps UNKNOWN

12:10:42.483 [main] DEBUG com.samourai.wallet.test.AbstractTest - outputsActuals: {tb1q765gfuv0f4l83fqk0sl9vaeu8tjcuqtyrrduyv=9701, tb1q9m8cc0jkjlc9zwvea5a2365u6px3yu646vgez4=50000}
]]></system-out>
  </testcase>
  <testcase name="simpleSpend_insufficient" classname="com.samourai.wallet.send.spend.SpendBuilderTest" time="0.187">
    <system-out><![CDATA[12:10:42.491 [main] DEBUG com.samourai.http.client.JettyHttpClient - +httpClient: no proxy
12:10:42.670 [main] DEBUG com.samourai.wallet.bipWallet.WalletSupplierImpl - +BipWallet[DEPOSIT_BIP44]: BipWallet{id='DEPOSIT_BIP44', samouraiAccount=DEPOSIT, derivation=BipDerivation{purpose=44, accountIndex=0}, bipFormatDefault=LEGACY, bipFormats=[LEGACY], xPub='tpu...LwY', bipPub='tpu...LwY'}
12:10:42.670 [main] DEBUG com.samourai.wallet.bipWallet.WalletSupplierImpl - +BipWallet[DEPOSIT_BIP49]: BipWallet{id='DEPOSIT_BIP49', samouraiAccount=DEPOSIT, derivation=BipDerivation{purpose=49, accountIndex=0}, bipFormatDefault=SEGWIT_COMPAT, bipFormats=[SEGWIT_COMPAT], xPub='tpu...eV2', bipPub='upu...38D'}
12:10:42.670 [main] DEBUG com.samourai.wallet.bipWallet.WalletSupplierImpl - +BipWallet[DEPOSIT_BIP84]: BipWallet{id='DEPOSIT_BIP84', samouraiAccount=DEPOSIT, derivation=BipDerivation{purpose=84, accountIndex=0}, bipFormatDefault=SEGWIT_NATIVE, bipFormats=[SEGWIT_NATIVE], xPub='tpu...re9', bipPub='vpu...dCu'}
12:10:42.670 [main] DEBUG com.samourai.wallet.bipWallet.WalletSupplierImpl - +BipWallet[PREMIX_BIP84]: BipWallet{id='PREMIX_BIP84', samouraiAccount=PREMIX, derivation=BipDerivation{purpose=84, accountIndex=2147483645}, bipFormatDefault=SEGWIT_NATIVE, bipFormats=[SEGWIT_NATIVE], xPub='tpu...hvr', bipPub='vpu...4mL'}
12:10:42.670 [main] DEBUG com.samourai.wallet.bipWallet.WalletSupplierImpl - +BipWallet[POSTMIX_BIP84]: BipWallet{id='POSTMIX_BIP84', samouraiAccount=POSTMIX, derivation=BipDerivation{purpose=84, accountIndex=2147483646}, bipFormatDefault=SEGWIT_NATIVE, bipFormats=[SEGWIT_NATIVE, SEGWIT_COMPAT, LEGACY], xPub='tpu...sQD', bipPub='vpu...nrW'}
12:10:42.670 [main] DEBUG com.samourai.wallet.bipWallet.WalletSupplierImpl - +BipWallet[ASB_BIP84]: BipWallet{id='ASB_BIP84', samouraiAccount=SWAPS_ASB, derivation=BipDerivation{purpose=84, accountIndex=2147483641}, bipFormatDefault=SEGWIT_NATIVE, bipFormats=[SEGWIT_NATIVE], xPub='tpu...p4i', bipPub='vpu...sEH'}
12:10:42.670 [main] DEBUG com.samourai.wallet.bipWallet.WalletSupplierImpl - +BipWallet[SWAPS_DEPOSIT]: BipWallet{id='SWAPS_DEPOSIT', samouraiAccount=SWAPS_DEPOSIT, derivation=BipDerivation{purpose=84, accountIndex=2147483643}, bipFormatDefault=SEGWIT_NATIVE, bipFormats=[SEGWIT_NATIVE], xPub='tpu...3s7', bipPub='vpu...HpJ'}
12:10:42.670 [main] DEBUG com.samourai.wallet.bipWallet.WalletSupplierImpl - +BipWallet[SWAPS_REFUNDS]: BipWallet{id='SWAPS_REFUNDS', samouraiAccount=SWAPS_REFUNDS, derivation=BipDerivation{purpose=84, accountIndex=2147483642}, bipFormatDefault=SEGWIT_NATIVE, bipFormats=[SEGWIT_NATIVE], xPub='tpu...rMX', bipPub='vpu...Sr9'}
12:10:42.670 [main] DEBUG com.samourai.wallet.bipWallet.WalletSupplierImpl - +BipWallet[BADBANK_BIP84]: BipWallet{id='BADBANK_BIP84', samouraiAccount=BADBANK, derivation=BipDerivation{purpose=84, accountIndex=2147483644}, bipFormatDefault=SEGWIT_NATIVE, bipFormats=[SEGWIT_NATIVE], xPub='tpu...hmu', bipPub='vpu...tNY'}
12:10:42.670 [main] DEBUG com.samourai.wallet.bipWallet.WalletSupplierImpl - +BipWallet[RICOCHET_BIP84]: BipWallet{id='RICOCHET_BIP84', samouraiAccount=RICOCHET, derivation=BipDerivation{purpose=84, accountIndex=2147483647}, bipFormatDefault=SEGWIT_NATIVE, bipFormats=[SEGWIT_NATIVE], xPub='tpu...UMc', bipPub='vpu...knj'}
12:10:42.670 [main] DEBUG com.samourai.wallet.api.backend.BackendApi - urlBackend=https://api.samouraiwallet.com/test/v2, oAuth=no
12:10:42.670 [main] DEBUG com.samourai.wallet.util.LogbackUtils - Log level set to DEBUG for the logger 'com.samourai'
12:10:42.670 [main] DEBUG com.samourai.wallet.util.LogbackUtils - Log level set to DEBUG for the logger 'com.samourai.whirlpool.client'
12:10:42.670 [main] DEBUG com.samourai.wallet.util.LogbackUtils - Log level set to DEBUG for the logger 'com.samourai.whirlpool.client.mix.dialog'
12:10:42.670 [main] DEBUG com.samourai.wallet.util.LogbackUtils - Log level set to DEBUG for the logger 'com.samourai.stomp.client'
12:10:42.670 [main] DEBUG com.samourai.wallet.util.LogbackUtils - Log level set to DEBUG for the logger 'com.samourai.wallet.util.FeeUtil'
12:10:42.670 [main] DEBUG com.samourai.wallet.util.LogbackUtils - Log level set to DEBUG for the logger 'com.samourai.whirlpool.client.utils'
12:10:42.670 [main] DEBUG com.samourai.wallet.util.LogbackUtils - Log level set to DEBUG for the logger 'com.samourai.whirlpool.client.wallet'
12:10:42.670 [main] DEBUG com.samourai.wallet.util.LogbackUtils - Log level set to DEBUG for the logger 'com.samourai.wallet.cahoots'
12:10:42.670 [main] DEBUG com.samourai.wallet.util.LogbackUtils - Log level set to DEBUG for the logger 'com.samourai.wallet.cahoots.stowaway'
12:10:42.670 [main] DEBUG com.samourai.wallet.util.LogbackUtils - Log level set to DEBUG for the logger 'com.samourai.wallet.cahoots.stonewallx2'
12:10:42.670 [main] DEBUG com.samourai.wallet.util.LogbackUtils - Log level set to DEBUG for the logger 'com.samourai.wallet.sorobanClient'
12:10:42.670 [main] DEBUG com.samourai.wallet.util.LogbackUtils - Log level set to DEBUG for the logger 'com.samourai.soroban.client'
12:10:42.670 [main] DEBUG com.samourai.wallet.util.LogbackUtils - Log level set to DEBUG for the logger 'com.samourai.soroban.client.rpc'
12:10:42.670 [main] DEBUG com.samourai.wallet.util.LogbackUtils - Log level set to DEBUG for the logger 'com.samourai.soroban.client.dialog'
12:10:42.670 [main] DEBUG com.samourai.wallet.util.LogbackUtils - Log level set to DEBUG for the logger 'com.samourai.soroban.client.meeting'
12:10:42.670 [main] DEBUG com.samourai.wallet.util.LogbackUtils - Log level set to DEBUG for the logger 'com.samourai.whirlpool.client.wallet.orchestrator'
12:10:42.670 [main] DEBUG com.samourai.wallet.util.LogbackUtils - Log level set to ERROR for the logger 'org.bitcoinj'
12:10:42.670 [main] DEBUG com.samourai.wallet.util.LogbackUtils - Log level set to WARN for the logger 'org.bitcoin'
12:10:42.670 [main] DEBUG com.samourai.wallet.util.LogbackUtils - Log level set to INFO for the logger 'org.eclipse.jetty'
12:10:42.673 [main] DEBUG com.samourai.http.client.JettyHttpClient - +httpClient: no proxy
12:10:42.853 [main] DEBUG com.samourai.wallet.bipWallet.WalletSupplierImpl - +BipWallet[DEPOSIT_BIP44]: BipWallet{id='DEPOSIT_BIP44', samouraiAccount=DEPOSIT, derivation=BipDerivation{purpose=44, accountIndex=0}, bipFormatDefault=LEGACY, bipFormats=[LEGACY], xPub='tpu...LwY', bipPub='tpu...LwY'}
12:10:42.854 [main] DEBUG com.samourai.wallet.bipWallet.WalletSupplierImpl - +BipWallet[DEPOSIT_BIP49]: BipWallet{id='DEPOSIT_BIP49', samouraiAccount=DEPOSIT, derivation=BipDerivation{purpose=49, accountIndex=0}, bipFormatDefault=SEGWIT_COMPAT, bipFormats=[SEGWIT_COMPAT], xPub='tpu...eV2', bipPub='upu...38D'}
12:10:42.854 [main] DEBUG com.samourai.wallet.bipWallet.WalletSupplierImpl - +BipWallet[DEPOSIT_BIP84]: BipWallet{id='DEPOSIT_BIP84', samouraiAccount=DEPOSIT, derivation=BipDerivation{purpose=84, accountIndex=0}, bipFormatDefault=SEGWIT_NATIVE, bipFormats=[SEGWIT_NATIVE], xPub='tpu...re9', bipPub='vpu...dCu'}
12:10:42.854 [main] DEBUG com.samourai.wallet.bipWallet.WalletSupplierImpl - +BipWallet[PREMIX_BIP84]: BipWallet{id='PREMIX_BIP84', samouraiAccount=PREMIX, derivation=BipDerivation{purpose=84, accountIndex=2147483645}, bipFormatDefault=SEGWIT_NATIVE, bipFormats=[SEGWIT_NATIVE], xPub='tpu...hvr', bipPub='vpu...4mL'}
12:10:42.854 [main] DEBUG com.samourai.wallet.bipWallet.WalletSupplierImpl - +BipWallet[POSTMIX_BIP84]: BipWallet{id='POSTMIX_BIP84', samouraiAccount=POSTMIX, derivation=BipDerivation{purpose=84, accountIndex=2147483646}, bipFormatDefault=SEGWIT_NATIVE, bipFormats=[SEGWIT_NATIVE, SEGWIT_COMPAT, LEGACY], xPub='tpu...sQD', bipPub='vpu...nrW'}
12:10:42.854 [main] DEBUG com.samourai.wallet.bipWallet.WalletSupplierImpl - +BipWallet[ASB_BIP84]: BipWallet{id='ASB_BIP84', samouraiAccount=SWAPS_ASB, derivation=BipDerivation{purpose=84, accountIndex=2147483641}, bipFormatDefault=SEGWIT_NATIVE, bipFormats=[SEGWIT_NATIVE], xPub='tpu...p4i', bipPub='vpu...sEH'}
12:10:42.854 [main] DEBUG com.samourai.wallet.bipWallet.WalletSupplierImpl - +BipWallet[SWAPS_DEPOSIT]: BipWallet{id='SWAPS_DEPOSIT', samouraiAccount=SWAPS_DEPOSIT, derivation=BipDerivation{purpose=84, accountIndex=2147483643}, bipFormatDefault=SEGWIT_NATIVE, bipFormats=[SEGWIT_NATIVE], xPub='tpu...3s7', bipPub='vpu...HpJ'}
12:10:42.854 [main] DEBUG com.samourai.wallet.bipWallet.WalletSupplierImpl - +BipWallet[SWAPS_REFUNDS]: BipWallet{id='SWAPS_REFUNDS', samouraiAccount=SWAPS_REFUNDS, derivation=BipDerivation{purpose=84, accountIndex=2147483642}, bipFormatDefault=SEGWIT_NATIVE, bipFormats=[SEGWIT_NATIVE], xPub='tpu...rMX', bipPub='vpu...Sr9'}
12:10:42.854 [main] DEBUG com.samourai.wallet.bipWallet.WalletSupplierImpl - +BipWallet[BADBANK_BIP84]: BipWallet{id='BADBANK_BIP84', samouraiAccount=BADBANK, derivation=BipDerivation{purpose=84, accountIndex=2147483644}, bipFormatDefault=SEGWIT_NATIVE, bipFormats=[SEGWIT_NATIVE], xPub='tpu...hmu', bipPub='vpu...tNY'}
12:10:42.854 [main] DEBUG com.samourai.wallet.bipWallet.WalletSupplierImpl - +BipWallet[RICOCHET_BIP84]: BipWallet{id='RICOCHET_BIP84', samouraiAccount=RICOCHET, derivation=BipDerivation{purpose=84, accountIndex=2147483647}, bipFormatDefault=SEGWIT_NATIVE, bipFormats=[SEGWIT_NATIVE], xPub='tpu...UMc', bipPub='vpu...knj'}
12:10:42.854 [main] DEBUG com.samourai.wallet.api.backend.BackendApi - urlBackend=https://api.samouraiwallet.com/test/v2, oAuth=no
12:10:42.854 [main] DEBUG com.samourai.wallet.util.LogbackUtils - Log level set to DEBUG for the logger 'com.samourai'
12:10:42.854 [main] DEBUG com.samourai.wallet.util.LogbackUtils - Log level set to DEBUG for the logger 'com.samourai.whirlpool.client'
12:10:42.854 [main] DEBUG com.samourai.wallet.util.LogbackUtils - Log level set to DEBUG for the logger 'com.samourai.whirlpool.client.mix.dialog'
12:10:42.854 [main] DEBUG com.samourai.wallet.util.LogbackUtils - Log level set to DEBUG for the logger 'com.samourai.stomp.client'
12:10:42.854 [main] DEBUG com.samourai.wallet.util.LogbackUtils - Log level set to DEBUG for the logger 'com.samourai.wallet.util.FeeUtil'
12:10:42.854 [main] DEBUG com.samourai.wallet.util.LogbackUtils - Log level set to DEBUG for the logger 'com.samourai.whirlpool.client.utils'
12:10:42.854 [main] DEBUG com.samourai.wallet.util.LogbackUtils - Log level set to DEBUG for the logger 'com.samourai.whirlpool.client.wallet'
12:10:42.854 [main] DEBUG com.samourai.wallet.util.LogbackUtils - Log level set to DEBUG for the logger 'com.samourai.wallet.cahoots'
12:10:42.854 [main] DEBUG com.samourai.wallet.util.LogbackUtils - Log level set to DEBUG for the logger 'com.samourai.wallet.cahoots.stowaway'
12:10:42.854 [main] DEBUG com.samourai.wallet.util.LogbackUtils - Log level set to DEBUG for the logger 'com.samourai.wallet.cahoots.stonewallx2'
12:10:42.854 [main] DEBUG com.samourai.wallet.util.LogbackUtils - Log level set to DEBUG for the logger 'com.samourai.wallet.sorobanClient'
12:10:42.854 [main] DEBUG com.samourai.wallet.util.LogbackUtils - Log level set to DEBUG for the logger 'com.samourai.soroban.client'
12:10:42.854 [main] DEBUG com.samourai.wallet.util.LogbackUtils - Log level set to DEBUG for the logger 'com.samourai.soroban.client.rpc'
12:10:42.854 [main] DEBUG com.samourai.wallet.util.LogbackUtils - Log level set to DEBUG for the logger 'com.samourai.soroban.client.dialog'
12:10:42.854 [main] DEBUG com.samourai.wallet.util.LogbackUtils - Log level set to DEBUG for the logger 'com.samourai.soroban.client.meeting'
12:10:42.854 [main] DEBUG com.samourai.wallet.util.LogbackUtils - Log level set to DEBUG for the logger 'com.samourai.whirlpool.client.wallet.orchestrator'
12:10:42.854 [main] DEBUG com.samourai.wallet.util.LogbackUtils - Log level set to ERROR for the logger 'org.bitcoinj'
12:10:42.854 [main] DEBUG com.samourai.wallet.util.LogbackUtils - Log level set to WARN for the logger 'org.bitcoin'
12:10:42.854 [main] DEBUG com.samourai.wallet.util.LogbackUtils - Log level set to INFO for the logger 'org.eclipse.jetty'
12:10:42.857 [main] WARN com.samourai.wallet.send.spend.SpendBuilder - InsufficientFundsException: amount=10000, neededAmount=10771, availableBalance=9000 (DEPOSIT/all)
]]></system-out>
  </testcase>
  <testcase name="simpleSpend_noBalance" classname="com.samourai.wallet.send.spend.SpendBuilderTest" time="0.224">
    <system-out><![CDATA[12:10:42.866 [main] DEBUG com.samourai.http.client.JettyHttpClient - +httpClient: no proxy
12:10:43.048 [main] DEBUG com.samourai.wallet.bipWallet.WalletSupplierImpl - +BipWallet[DEPOSIT_BIP44]: BipWallet{id='DEPOSIT_BIP44', samouraiAccount=DEPOSIT, derivation=BipDerivation{purpose=44, accountIndex=0}, bipFormatDefault=LEGACY, bipFormats=[LEGACY], xPub='tpu...LwY', bipPub='tpu...LwY'}
12:10:43.048 [main] DEBUG com.samourai.wallet.bipWallet.WalletSupplierImpl - +BipWallet[DEPOSIT_BIP49]: BipWallet{id='DEPOSIT_BIP49', samouraiAccount=DEPOSIT, derivation=BipDerivation{purpose=49, accountIndex=0}, bipFormatDefault=SEGWIT_COMPAT, bipFormats=[SEGWIT_COMPAT], xPub='tpu...eV2', bipPub='upu...38D'}
12:10:43.048 [main] DEBUG com.samourai.wallet.bipWallet.WalletSupplierImpl - +BipWallet[DEPOSIT_BIP84]: BipWallet{id='DEPOSIT_BIP84', samouraiAccount=DEPOSIT, derivation=BipDerivation{purpose=84, accountIndex=0}, bipFormatDefault=SEGWIT_NATIVE, bipFormats=[SEGWIT_NATIVE], xPub='tpu...re9', bipPub='vpu...dCu'}
12:10:43.048 [main] DEBUG com.samourai.wallet.bipWallet.WalletSupplierImpl - +BipWallet[PREMIX_BIP84]: BipWallet{id='PREMIX_BIP84', samouraiAccount=PREMIX, derivation=BipDerivation{purpose=84, accountIndex=2147483645}, bipFormatDefault=SEGWIT_NATIVE, bipFormats=[SEGWIT_NATIVE], xPub='tpu...hvr', bipPub='vpu...4mL'}
12:10:43.048 [main] DEBUG com.samourai.wallet.bipWallet.WalletSupplierImpl - +BipWallet[POSTMIX_BIP84]: BipWallet{id='POSTMIX_BIP84', samouraiAccount=POSTMIX, derivation=BipDerivation{purpose=84, accountIndex=2147483646}, bipFormatDefault=SEGWIT_NATIVE, bipFormats=[SEGWIT_NATIVE, SEGWIT_COMPAT, LEGACY], xPub='tpu...sQD', bipPub='vpu...nrW'}
12:10:43.048 [main] DEBUG com.samourai.wallet.bipWallet.WalletSupplierImpl - +BipWallet[ASB_BIP84]: BipWallet{id='ASB_BIP84', samouraiAccount=SWAPS_ASB, derivation=BipDerivation{purpose=84, accountIndex=2147483641}, bipFormatDefault=SEGWIT_NATIVE, bipFormats=[SEGWIT_NATIVE], xPub='tpu...p4i', bipPub='vpu...sEH'}
12:10:43.048 [main] DEBUG com.samourai.wallet.bipWallet.WalletSupplierImpl - +BipWallet[SWAPS_DEPOSIT]: BipWallet{id='SWAPS_DEPOSIT', samouraiAccount=SWAPS_DEPOSIT, derivation=BipDerivation{purpose=84, accountIndex=2147483643}, bipFormatDefault=SEGWIT_NATIVE, bipFormats=[SEGWIT_NATIVE], xPub='tpu...3s7', bipPub='vpu...HpJ'}
12:10:43.048 [main] DEBUG com.samourai.wallet.bipWallet.WalletSupplierImpl - +BipWallet[SWAPS_REFUNDS]: BipWallet{id='SWAPS_REFUNDS', samouraiAccount=SWAPS_REFUNDS, derivation=BipDerivation{purpose=84, accountIndex=2147483642}, bipFormatDefault=SEGWIT_NATIVE, bipFormats=[SEGWIT_NATIVE], xPub='tpu...rMX', bipPub='vpu...Sr9'}
12:10:43.048 [main] DEBUG com.samourai.wallet.bipWallet.WalletSupplierImpl - +BipWallet[BADBANK_BIP84]: BipWallet{id='BADBANK_BIP84', samouraiAccount=BADBANK, derivation=BipDerivation{purpose=84, accountIndex=2147483644}, bipFormatDefault=SEGWIT_NATIVE, bipFormats=[SEGWIT_NATIVE], xPub='tpu...hmu', bipPub='vpu...tNY'}
12:10:43.048 [main] DEBUG com.samourai.wallet.bipWallet.WalletSupplierImpl - +BipWallet[RICOCHET_BIP84]: BipWallet{id='RICOCHET_BIP84', samouraiAccount=RICOCHET, derivation=BipDerivation{purpose=84, accountIndex=2147483647}, bipFormatDefault=SEGWIT_NATIVE, bipFormats=[SEGWIT_NATIVE], xPub='tpu...UMc', bipPub='vpu...knj'}
12:10:43.049 [main] DEBUG com.samourai.wallet.api.backend.BackendApi - urlBackend=https://api.samouraiwallet.com/test/v2, oAuth=no
12:10:43.049 [main] DEBUG com.samourai.wallet.util.LogbackUtils - Log level set to DEBUG for the logger 'com.samourai'
12:10:43.049 [main] DEBUG com.samourai.wallet.util.LogbackUtils - Log level set to DEBUG for the logger 'com.samourai.whirlpool.client'
12:10:43.049 [main] DEBUG com.samourai.wallet.util.LogbackUtils - Log level set to DEBUG for the logger 'com.samourai.whirlpool.client.mix.dialog'
12:10:43.049 [main] DEBUG com.samourai.wallet.util.LogbackUtils - Log level set to DEBUG for the logger 'com.samourai.stomp.client'
12:10:43.049 [main] DEBUG com.samourai.wallet.util.LogbackUtils - Log level set to DEBUG for the logger 'com.samourai.wallet.util.FeeUtil'
12:10:43.049 [main] DEBUG com.samourai.wallet.util.LogbackUtils - Log level set to DEBUG for the logger 'com.samourai.whirlpool.client.utils'
12:10:43.049 [main] DEBUG com.samourai.wallet.util.LogbackUtils - Log level set to DEBUG for the logger 'com.samourai.whirlpool.client.wallet'
12:10:43.049 [main] DEBUG com.samourai.wallet.util.LogbackUtils - Log level set to DEBUG for the logger 'com.samourai.wallet.cahoots'
12:10:43.049 [main] DEBUG com.samourai.wallet.util.LogbackUtils - Log level set to DEBUG for the logger 'com.samourai.wallet.cahoots.stowaway'
12:10:43.049 [main] DEBUG com.samourai.wallet.util.LogbackUtils - Log level set to DEBUG for the logger 'com.samourai.wallet.cahoots.stonewallx2'
12:10:43.049 [main] DEBUG com.samourai.wallet.util.LogbackUtils - Log level set to DEBUG for the logger 'com.samourai.wallet.sorobanClient'
12:10:43.049 [main] DEBUG com.samourai.wallet.util.LogbackUtils - Log level set to DEBUG for the logger 'com.samourai.soroban.client'
12:10:43.049 [main] DEBUG com.samourai.wallet.util.LogbackUtils - Log level set to DEBUG for the logger 'com.samourai.soroban.client.rpc'
12:10:43.049 [main] DEBUG com.samourai.wallet.util.LogbackUtils - Log level set to DEBUG for the logger 'com.samourai.soroban.client.dialog'
12:10:43.049 [main] DEBUG com.samourai.wallet.util.LogbackUtils - Log level set to DEBUG for the logger 'com.samourai.soroban.client.meeting'
12:10:43.049 [main] DEBUG com.samourai.wallet.util.LogbackUtils - Log level set to DEBUG for the logger 'com.samourai.whirlpool.client.wallet.orchestrator'
12:10:43.049 [main] DEBUG com.samourai.wallet.util.LogbackUtils - Log level set to ERROR for the logger 'org.bitcoinj'
12:10:43.049 [main] DEBUG com.samourai.wallet.util.LogbackUtils - Log level set to WARN for the logger 'org.bitcoin'
12:10:43.049 [main] DEBUG com.samourai.wallet.util.LogbackUtils - Log level set to INFO for the logger 'org.eclipse.jetty'
12:10:43.052 [main] DEBUG com.samourai.http.client.JettyHttpClient - +httpClient: no proxy
12:10:43.273 [main] DEBUG com.samourai.wallet.bipWallet.WalletSupplierImpl - +BipWallet[DEPOSIT_BIP44]: BipWallet{id='DEPOSIT_BIP44', samouraiAccount=DEPOSIT, derivation=BipDerivation{purpose=44, accountIndex=0}, bipFormatDefault=LEGACY, bipFormats=[LEGACY], xPub='tpu...LwY', bipPub='tpu...LwY'}
12:10:43.273 [main] DEBUG com.samourai.wallet.bipWallet.WalletSupplierImpl - +BipWallet[DEPOSIT_BIP49]: BipWallet{id='DEPOSIT_BIP49', samouraiAccount=DEPOSIT, derivation=BipDerivation{purpose=49, accountIndex=0}, bipFormatDefault=SEGWIT_COMPAT, bipFormats=[SEGWIT_COMPAT], xPub='tpu...eV2', bipPub='upu...38D'}
12:10:43.273 [main] DEBUG com.samourai.wallet.bipWallet.WalletSupplierImpl - +BipWallet[DEPOSIT_BIP84]: BipWallet{id='DEPOSIT_BIP84', samouraiAccount=DEPOSIT, derivation=BipDerivation{purpose=84, accountIndex=0}, bipFormatDefault=SEGWIT_NATIVE, bipFormats=[SEGWIT_NATIVE], xPub='tpu...re9', bipPub='vpu...dCu'}
12:10:43.273 [main] DEBUG com.samourai.wallet.bipWallet.WalletSupplierImpl - +BipWallet[PREMIX_BIP84]: BipWallet{id='PREMIX_BIP84', samouraiAccount=PREMIX, derivation=BipDerivation{purpose=84, accountIndex=2147483645}, bipFormatDefault=SEGWIT_NATIVE, bipFormats=[SEGWIT_NATIVE], xPub='tpu...hvr', bipPub='vpu...4mL'}
12:10:43.273 [main] DEBUG com.samourai.wallet.bipWallet.WalletSupplierImpl - +BipWallet[POSTMIX_BIP84]: BipWallet{id='POSTMIX_BIP84', samouraiAccount=POSTMIX, derivation=BipDerivation{purpose=84, accountIndex=2147483646}, bipFormatDefault=SEGWIT_NATIVE, bipFormats=[SEGWIT_NATIVE, SEGWIT_COMPAT, LEGACY], xPub='tpu...sQD', bipPub='vpu...nrW'}
12:10:43.273 [main] DEBUG com.samourai.wallet.bipWallet.WalletSupplierImpl - +BipWallet[ASB_BIP84]: BipWallet{id='ASB_BIP84', samouraiAccount=SWAPS_ASB, derivation=BipDerivation{purpose=84, accountIndex=2147483641}, bipFormatDefault=SEGWIT_NATIVE, bipFormats=[SEGWIT_NATIVE], xPub='tpu...p4i', bipPub='vpu...sEH'}
12:10:43.273 [main] DEBUG com.samourai.wallet.bipWallet.WalletSupplierImpl - +BipWallet[SWAPS_DEPOSIT]: BipWallet{id='SWAPS_DEPOSIT', samouraiAccount=SWAPS_DEPOSIT, derivation=BipDerivation{purpose=84, accountIndex=2147483643}, bipFormatDefault=SEGWIT_NATIVE, bipFormats=[SEGWIT_NATIVE], xPub='tpu...3s7', bipPub='vpu...HpJ'}
12:10:43.273 [main] DEBUG com.samourai.wallet.bipWallet.WalletSupplierImpl - +BipWallet[SWAPS_REFUNDS]: BipWallet{id='SWAPS_REFUNDS', samouraiAccount=SWAPS_REFUNDS, derivation=BipDerivation{purpose=84, accountIndex=2147483642}, bipFormatDefault=SEGWIT_NATIVE, bipFormats=[SEGWIT_NATIVE], xPub='tpu...rMX', bipPub='vpu...Sr9'}
12:10:43.273 [main] DEBUG com.samourai.wallet.bipWallet.WalletSupplierImpl - +BipWallet[BADBANK_BIP84]: BipWallet{id='BADBANK_BIP84', samouraiAccount=BADBANK, derivation=BipDerivation{purpose=84, accountIndex=2147483644}, bipFormatDefault=SEGWIT_NATIVE, bipFormats=[SEGWIT_NATIVE], xPub='tpu...hmu', bipPub='vpu...tNY'}
12:10:43.273 [main] DEBUG com.samourai.wallet.bipWallet.WalletSupplierImpl - +BipWallet[RICOCHET_BIP84]: BipWallet{id='RICOCHET_BIP84', samouraiAccount=RICOCHET, derivation=BipDerivation{purpose=84, accountIndex=2147483647}, bipFormatDefault=SEGWIT_NATIVE, bipFormats=[SEGWIT_NATIVE], xPub='tpu...UMc', bipPub='vpu...knj'}
12:10:43.273 [main] DEBUG com.samourai.wallet.api.backend.BackendApi - urlBackend=https://api.samouraiwallet.com/test/v2, oAuth=no
12:10:43.273 [main] DEBUG com.samourai.wallet.util.LogbackUtils - Log level set to DEBUG for the logger 'com.samourai'
12:10:43.273 [main] DEBUG com.samourai.wallet.util.LogbackUtils - Log level set to DEBUG for the logger 'com.samourai.whirlpool.client'
12:10:43.273 [main] DEBUG com.samourai.wallet.util.LogbackUtils - Log level set to DEBUG for the logger 'com.samourai.whirlpool.client.mix.dialog'
12:10:43.273 [main] DEBUG com.samourai.wallet.util.LogbackUtils - Log level set to DEBUG for the logger 'com.samourai.stomp.client'
12:10:43.273 [main] DEBUG com.samourai.wallet.util.LogbackUtils - Log level set to DEBUG for the logger 'com.samourai.wallet.util.FeeUtil'
12:10:43.273 [main] DEBUG com.samourai.wallet.util.LogbackUtils - Log level set to DEBUG for the logger 'com.samourai.whirlpool.client.utils'
12:10:43.273 [main] DEBUG com.samourai.wallet.util.LogbackUtils - Log level set to DEBUG for the logger 'com.samourai.whirlpool.client.wallet'
12:10:43.273 [main] DEBUG com.samourai.wallet.util.LogbackUtils - Log level set to DEBUG for the logger 'com.samourai.wallet.cahoots'
12:10:43.273 [main] DEBUG com.samourai.wallet.util.LogbackUtils - Log level set to DEBUG for the logger 'com.samourai.wallet.cahoots.stowaway'
12:10:43.273 [main] DEBUG com.samourai.wallet.util.LogbackUtils - Log level set to DEBUG for the logger 'com.samourai.wallet.cahoots.stonewallx2'
12:10:43.273 [main] DEBUG com.samourai.wallet.util.LogbackUtils - Log level set to DEBUG for the logger 'com.samourai.wallet.sorobanClient'
12:10:43.273 [main] DEBUG com.samourai.wallet.util.LogbackUtils - Log level set to DEBUG for the logger 'com.samourai.soroban.client'
12:10:43.273 [main] DEBUG com.samourai.wallet.util.LogbackUtils - Log level set to DEBUG for the logger 'com.samourai.soroban.client.rpc'
12:10:43.273 [main] DEBUG com.samourai.wallet.util.LogbackUtils - Log level set to DEBUG for the logger 'com.samourai.soroban.client.dialog'
12:10:43.273 [main] DEBUG com.samourai.wallet.util.LogbackUtils - Log level set to DEBUG for the logger 'com.samourai.soroban.client.meeting'
12:10:43.273 [main] DEBUG com.samourai.wallet.util.LogbackUtils - Log level set to DEBUG for the logger 'com.samourai.whirlpool.client.wallet.orchestrator'
12:10:43.273 [main] DEBUG com.samourai.wallet.util.LogbackUtils - Log level set to ERROR for the logger 'org.bitcoinj'
12:10:43.273 [main] DEBUG com.samourai.wallet.util.LogbackUtils - Log level set to WARN for the logger 'org.bitcoin'
12:10:43.273 [main] DEBUG com.samourai.wallet.util.LogbackUtils - Log level set to INFO for the logger 'org.eclipse.jetty'
12:10:43.276 [main] WARN com.samourai.wallet.send.spend.SpendBuilder - InsufficientFundsException: amount=10000, neededAmount=10699, availableBalance=0 (DEPOSIT/all)
]]></system-out>
  </testcase>
</testsuite>