<?xml version="1.0" encoding="UTF-8"?>
<testsuite xmlns:xsi="http://www.w3.org/2001/XMLSchema-instance" xsi:noNamespaceSchemaLocation="https://maven.apache.org/surefire/maven-surefire-plugin/xsd/surefire-test-report-3.0.xsd" version="3.0" name="com.samourai.wallet.cahoots.StowawayServiceTest" time="1.431" tests="2" errors="0" skipped="0" failures="0">
  <properties>
    <property name="java.specification.version" value="20"/>
    <property name="sun.jnu.encoding" value="UTF-8"/>
    <property name="java.class.path" value="/Users/zacwatson/Work/Samourai/Wallet/ExtLibJ/target/test-classes:/Users/zacwatson/Work/Samourai/Wallet/ExtLibJ/target/classes:/Users/zacwatson/.m2/repository/org/apache/commons/commons-lang3/3.7/commons-lang3-3.7.jar:/Users/zacwatson/.m2/repository/commons-codec/commons-codec/1.10/commons-codec-1.10.jar:/Users/zacwatson/.m2/repository/org/json/json/20240205/json-20240205.jar:/Users/zacwatson/.m2/repository/io/samourai/code/whirlpool/bitcoinj/bitcoinj-core/007/bitcoinj-core-007.jar:/Users/zacwatson/.m2/repository/org/bouncycastle/bcprov-jdk18on/1.77/bcprov-jdk18on-1.77.jar:/Users/zacwatson/.m2/repository/com/google/protobuf/protobuf-java/3.11.4/protobuf-java-3.11.4.jar:/Users/zacwatson/.m2/repository/com/google/guava/guava/32.1.3-jre/guava-32.1.3-jre.jar:/Users/zacwatson/.m2/repository/com/google/guava/failureaccess/1.0.1/failureaccess-1.0.1.jar:/Users/zacwatson/.m2/repository/com/google/guava/listenablefuture/9999.0-empty-to-avoid-conflict-with-guava/listenablefuture-9999.0-empty-to-avoid-conflict-with-guava.jar:/Users/zacwatson/.m2/repository/com/google/code/findbugs/jsr305/3.0.2/jsr305-3.0.2.jar:/Users/zacwatson/.m2/repository/org/checkerframework/checker-qual/3.37.0/checker-qual-3.37.0.jar:/Users/zacwatson/.m2/repository/com/google/errorprone/error_prone_annotations/2.21.1/error_prone_annotations-2.21.1.jar:/Users/zacwatson/.m2/repository/com/google/j2objc/j2objc-annotations/2.8/j2objc-annotations-2.8.jar:/Users/zacwatson/.m2/repository/net/jcip/jcip-annotations/1.0/jcip-annotations-1.0.jar:/Users/zacwatson/.m2/repository/com/lambdaworks/scrypt/1.4.0/scrypt-1.4.0.jar:/Users/zacwatson/.m2/repository/org/slf4j/slf4j-api/1.7.32/slf4j-api-1.7.32.jar:/Users/zacwatson/.m2/repository/io/samourai/code/wallet/xmanager-protocol/1.0.11/xmanager-protocol-1.0.11.jar:/Users/zacwatson/.m2/repository/javax/validation/validation-api/2.0.1.Final/validation-api-2.0.1.Final.jar:/Users/zacwatson/.m2/repository/com/auth0/java-jwt/3.18.2/java-jwt-3.18.2.jar:/Users/zacwatson/.m2/repository/com/fasterxml/jackson/core/jackson-databind/2.13.0/jackson-databind-2.13.0.jar:/Users/zacwatson/.m2/repository/com/fasterxml/jackson/core/jackson-annotations/2.13.0/jackson-annotations-2.13.0.jar:/Users/zacwatson/.m2/repository/com/fasterxml/jackson/core/jackson-core/2.13.0/jackson-core-2.13.0.jar:/Users/zacwatson/.m2/repository/com/fasterxml/jackson/datatype/jackson-datatype-jsr310/2.13.0/jackson-datatype-jsr310-2.13.0.jar:/Users/zacwatson/.m2/repository/io/reactivex/rxjava2/rxjava/2.2.15/rxjava-2.2.15.jar:/Users/zacwatson/.m2/repository/org/reactivestreams/reactive-streams/1.0.3/reactive-streams-1.0.3.jar:/Users/zacwatson/.m2/repository/org/junit/jupiter/junit-jupiter/5.8.2/junit-jupiter-5.8.2.jar:/Users/zacwatson/.m2/repository/org/junit/jupiter/junit-jupiter-api/5.8.2/junit-jupiter-api-5.8.2.jar:/Users/zacwatson/.m2/repository/org/opentest4j/opentest4j/1.2.0/opentest4j-1.2.0.jar:/Users/zacwatson/.m2/repository/org/junit/platform/junit-platform-commons/1.8.2/junit-platform-commons-1.8.2.jar:/Users/zacwatson/.m2/repository/org/apiguardian/apiguardian-api/1.1.2/apiguardian-api-1.1.2.jar:/Users/zacwatson/.m2/repository/org/junit/jupiter/junit-jupiter-params/5.8.2/junit-jupiter-params-5.8.2.jar:/Users/zacwatson/.m2/repository/org/junit/jupiter/junit-jupiter-engine/5.8.2/junit-jupiter-engine-5.8.2.jar:/Users/zacwatson/.m2/repository/org/junit/platform/junit-platform-engine/1.8.2/junit-platform-engine-1.8.2.jar:/Users/zacwatson/.m2/repository/ch/qos/logback/logback-classic/1.2.13/logback-classic-1.2.13.jar:/Users/zacwatson/.m2/repository/ch/qos/logback/logback-core/1.2.13/logback-core-1.2.13.jar:/Users/zacwatson/.m2/repository/org/jetbrains/kotlin/kotlin-stdlib-jdk8/1.3.41/kotlin-stdlib-jdk8-1.3.41.jar:/Users/zacwatson/.m2/repository/org/jetbrains/kotlin/kotlin-stdlib/1.3.41/kotlin-stdlib-1.3.41.jar:/Users/zacwatson/.m2/repository/org/jetbrains/kotlin/kotlin-stdlib-common/1.3.41/kotlin-stdlib-common-1.3.41.jar:/Users/zacwatson/.m2/repository/org/jetbrains/annotations/13.0/annotations-13.0.jar:/Users/zacwatson/.m2/repository/org/jetbrains/kotlin/kotlin-stdlib-jdk7/1.3.41/kotlin-stdlib-jdk7-1.3.41.jar:/Users/zacwatson/.m2/repository/org/jetbrains/kotlin/kotlin-test/1.3.41/kotlin-test-1.3.41.jar:/Users/zacwatson/.m2/repository/org/jetbrains/kotlin/kotlin-test-common/1.3.41/kotlin-test-common-1.3.41.jar:/Users/zacwatson/.m2/repository/io/samourai/code/wallet/java-http-client/2.0.0/java-http-client-2.0.0.jar:/Users/zacwatson/.m2/repository/org/eclipse/jetty/jetty-client/9.4.54.v20240208/jetty-client-9.4.54.v20240208.jar:/Users/zacwatson/.m2/repository/org/eclipse/jetty/jetty-http/9.4.54.v20240208/jetty-http-9.4.54.v20240208.jar:/Users/zacwatson/.m2/repository/org/eclipse/jetty/jetty-util/9.4.54.v20240208/jetty-util-9.4.54.v20240208.jar:/Users/zacwatson/.m2/repository/org/eclipse/jetty/jetty-io/9.4.54.v20240208/jetty-io-9.4.54.v20240208.jar:"/>
    <property name="java.vm.vendor" value="Homebrew"/>
    <property name="sun.arch.data.model" value="64"/>
    <property name="java.vendor.url" value="https://github.com/Homebrew/homebrew-core/issues"/>
    <property name="user.timezone" value="America/Chicago"/>
    <property name="os.name" value="Mac OS X"/>
    <property name="java.vm.specification.version" value="20"/>
    <property name="sun.java.launcher" value="SUN_STANDARD"/>
    <property name="user.country" value="US"/>
    <property name="sun.boot.library.path" value="/usr/local/Cellar/openjdk/20.0.2/libexec/openjdk.jdk/Contents/Home/lib"/>
    <property name="sun.java.command" value="/Users/zacwatson/Work/Samourai/Wallet/ExtLibJ/target/surefire/surefirebooter-20240328120857862_3.jar /Users/zacwatson/Work/Samourai/Wallet/ExtLibJ/target/surefire 2024-03-28T12-08-57_476-jvmRun1 surefire-20240328120857862_1tmp surefire_0-20240328120857862_2tmp"/>
    <property name="http.nonProxyHosts" value="local|*.local|169.254/16|*.169.254/16"/>
    <property name="jdk.debug" value="release"/>
    <property name="surefire.test.class.path" value="/Users/zacwatson/Work/Samourai/Wallet/ExtLibJ/target/test-classes:/Users/zacwatson/Work/Samourai/Wallet/ExtLibJ/target/classes:/Users/zacwatson/.m2/repository/org/apache/commons/commons-lang3/3.7/commons-lang3-3.7.jar:/Users/zacwatson/.m2/repository/commons-codec/commons-codec/1.10/commons-codec-1.10.jar:/Users/zacwatson/.m2/repository/org/json/json/20240205/json-20240205.jar:/Users/zacwatson/.m2/repository/io/samourai/code/whirlpool/bitcoinj/bitcoinj-core/007/bitcoinj-core-007.jar:/Users/zacwatson/.m2/repository/org/bouncycastle/bcprov-jdk18on/1.77/bcprov-jdk18on-1.77.jar:/Users/zacwatson/.m2/repository/com/google/protobuf/protobuf-java/3.11.4/protobuf-java-3.11.4.jar:/Users/zacwatson/.m2/repository/com/google/guava/guava/32.1.3-jre/guava-32.1.3-jre.jar:/Users/zacwatson/.m2/repository/com/google/guava/failureaccess/1.0.1/failureaccess-1.0.1.jar:/Users/zacwatson/.m2/repository/com/google/guava/listenablefuture/9999.0-empty-to-avoid-conflict-with-guava/listenablefuture-9999.0-empty-to-avoid-conflict-with-guava.jar:/Users/zacwatson/.m2/repository/com/google/code/findbugs/jsr305/3.0.2/jsr305-3.0.2.jar:/Users/zacwatson/.m2/repository/org/checkerframework/checker-qual/3.37.0/checker-qual-3.37.0.jar:/Users/zacwatson/.m2/repository/com/google/errorprone/error_prone_annotations/2.21.1/error_prone_annotations-2.21.1.jar:/Users/zacwatson/.m2/repository/com/google/j2objc/j2objc-annotations/2.8/j2objc-annotations-2.8.jar:/Users/zacwatson/.m2/repository/net/jcip/jcip-annotations/1.0/jcip-annotations-1.0.jar:/Users/zacwatson/.m2/repository/com/lambdaworks/scrypt/1.4.0/scrypt-1.4.0.jar:/Users/zacwatson/.m2/repository/org/slf4j/slf4j-api/1.7.32/slf4j-api-1.7.32.jar:/Users/zacwatson/.m2/repository/io/samourai/code/wallet/xmanager-protocol/1.0.11/xmanager-protocol-1.0.11.jar:/Users/zacwatson/.m2/repository/javax/validation/validation-api/2.0.1.Final/validation-api-2.0.1.Final.jar:/Users/zacwatson/.m2/repository/com/auth0/java-jwt/3.18.2/java-jwt-3.18.2.jar:/Users/zacwatson/.m2/repository/com/fasterxml/jackson/core/jackson-databind/2.13.0/jackson-databind-2.13.0.jar:/Users/zacwatson/.m2/repository/com/fasterxml/jackson/core/jackson-annotations/2.13.0/jackson-annotations-2.13.0.jar:/Users/zacwatson/.m2/repository/com/fasterxml/jackson/core/jackson-core/2.13.0/jackson-core-2.13.0.jar:/Users/zacwatson/.m2/repository/com/fasterxml/jackson/datatype/jackson-datatype-jsr310/2.13.0/jackson-datatype-jsr310-2.13.0.jar:/Users/zacwatson/.m2/repository/io/reactivex/rxjava2/rxjava/2.2.15/rxjava-2.2.15.jar:/Users/zacwatson/.m2/repository/org/reactivestreams/reactive-streams/1.0.3/reactive-streams-1.0.3.jar:/Users/zacwatson/.m2/repository/org/junit/jupiter/junit-jupiter/5.8.2/junit-jupiter-5.8.2.jar:/Users/zacwatson/.m2/repository/org/junit/jupiter/junit-jupiter-api/5.8.2/junit-jupiter-api-5.8.2.jar:/Users/zacwatson/.m2/repository/org/opentest4j/opentest4j/1.2.0/opentest4j-1.2.0.jar:/Users/zacwatson/.m2/repository/org/junit/platform/junit-platform-commons/1.8.2/junit-platform-commons-1.8.2.jar:/Users/zacwatson/.m2/repository/org/apiguardian/apiguardian-api/1.1.2/apiguardian-api-1.1.2.jar:/Users/zacwatson/.m2/repository/org/junit/jupiter/junit-jupiter-params/5.8.2/junit-jupiter-params-5.8.2.jar:/Users/zacwatson/.m2/repository/org/junit/jupiter/junit-jupiter-engine/5.8.2/junit-jupiter-engine-5.8.2.jar:/Users/zacwatson/.m2/repository/org/junit/platform/junit-platform-engine/1.8.2/junit-platform-engine-1.8.2.jar:/Users/zacwatson/.m2/repository/ch/qos/logback/logback-classic/1.2.13/logback-classic-1.2.13.jar:/Users/zacwatson/.m2/repository/ch/qos/logback/logback-core/1.2.13/logback-core-1.2.13.jar:/Users/zacwatson/.m2/repository/org/jetbrains/kotlin/kotlin-stdlib-jdk8/1.3.41/kotlin-stdlib-jdk8-1.3.41.jar:/Users/zacwatson/.m2/repository/org/jetbrains/kotlin/kotlin-stdlib/1.3.41/kotlin-stdlib-1.3.41.jar:/Users/zacwatson/.m2/repository/org/jetbrains/kotlin/kotlin-stdlib-common/1.3.41/kotlin-stdlib-common-1.3.41.jar:/Users/zacwatson/.m2/repository/org/jetbrains/annotations/13.0/annotations-13.0.jar:/Users/zacwatson/.m2/repository/org/jetbrains/kotlin/kotlin-stdlib-jdk7/1.3.41/kotlin-stdlib-jdk7-1.3.41.jar:/Users/zacwatson/.m2/repository/org/jetbrains/kotlin/kotlin-test/1.3.41/kotlin-test-1.3.41.jar:/Users/zacwatson/.m2/repository/org/jetbrains/kotlin/kotlin-test-common/1.3.41/kotlin-test-common-1.3.41.jar:/Users/zacwatson/.m2/repository/io/samourai/code/wallet/java-http-client/2.0.0/java-http-client-2.0.0.jar:/Users/zacwatson/.m2/repository/org/eclipse/jetty/jetty-client/9.4.54.v20240208/jetty-client-9.4.54.v20240208.jar:/Users/zacwatson/.m2/repository/org/eclipse/jetty/jetty-http/9.4.54.v20240208/jetty-http-9.4.54.v20240208.jar:/Users/zacwatson/.m2/repository/org/eclipse/jetty/jetty-util/9.4.54.v20240208/jetty-util-9.4.54.v20240208.jar:/Users/zacwatson/.m2/repository/org/eclipse/jetty/jetty-io/9.4.54.v20240208/jetty-io-9.4.54.v20240208.jar:"/>
    <property name="sun.cpu.endian" value="little"/>
    <property name="user.home" value="/Users/zacwatson"/>
    <property name="user.language" value="en"/>
    <property name="java.specification.vendor" value="Oracle Corporation"/>
    <property name="java.version.date" value="2023-07-18"/>
    <property name="java.home" value="/usr/local/Cellar/openjdk/20.0.2/libexec/openjdk.jdk/Contents/Home"/>
    <property name="file.separator" value="/"/>
    <property name="basedir" value="/Users/zacwatson/Work/Samourai/Wallet/ExtLibJ"/>
    <property name="java.vm.compressedOopsMode" value="Zero based"/>
    <property name="line.separator" value="&#10;"/>
    <property name="java.vm.specification.vendor" value="Oracle Corporation"/>
    <property name="java.specification.name" value="Java Platform API Specification"/>
    <property name="apple.awt.application.name" value="ForkedBooter"/>
    <property name="surefire.real.class.path" value="/Users/zacwatson/Work/Samourai/Wallet/ExtLibJ/target/surefire/surefirebooter-20240328120857862_3.jar"/>
    <property name="sun.management.compiler" value="HotSpot 64-Bit Tiered Compilers"/>
    <property name="ftp.nonProxyHosts" value="local|*.local|169.254/16|*.169.254/16"/>
    <property name="java.runtime.version" value="20.0.2"/>
    <property name="user.name" value="zacwatson"/>
    <property name="stdout.encoding" value="UTF-8"/>
    <property name="path.separator" value=":"/>
    <property name="os.version" value="14.2.1"/>
    <property name="java.runtime.name" value="OpenJDK Runtime Environment"/>
    <property name="file.encoding" value="UTF-8"/>
    <property name="java.vm.name" value="OpenJDK 64-Bit Server VM"/>
    <property name="java.vendor.version" value="Homebrew"/>
    <property name="localRepository" value="/Users/zacwatson/.m2/repository"/>
    <property name="java.vendor.url.bug" value="https://github.com/Homebrew/homebrew-core/issues"/>
    <property name="jetty.git.hash" value="cef3fbd6d736a21e7d541a5db490381d95a2047d"/>
    <property name="java.io.tmpdir" value="/var/folders/hn/y1thvm4x5x964bvll4wj4_2m0000gn/T/"/>
    <property name="java.version" value="20.0.2"/>
    <property name="user.dir" value="/Users/zacwatson/Work/Samourai/Wallet/ExtLibJ"/>
    <property name="os.arch" value="x86_64"/>
    <property name="java.vm.specification.name" value="Java Virtual Machine Specification"/>
    <property name="native.encoding" value="UTF-8"/>
    <property name="java.library.path" value="/Users/zacwatson/Library/Java/Extensions:/Library/Java/Extensions:/Network/Library/Java/Extensions:/System/Library/Java/Extensions:/usr/lib/java:."/>
    <property name="java.vm.info" value="mixed mode, sharing"/>
    <property name="stderr.encoding" value="UTF-8"/>
    <property name="java.vendor" value="Homebrew"/>
    <property name="java.vm.version" value="20.0.2"/>
    <property name="sun.io.unicode.encoding" value="UnicodeBig"/>
    <property name="socksNonProxyHosts" value="local|*.local|169.254/16|*.169.254/16"/>
    <property name="java.class.version" value="64.0"/>
  </properties>
  <testcase name="Stowaway_POSTMIX" classname="com.samourai.wallet.cahoots.StowawayServiceTest" time="0.359">
    <system-out><![CDATA[12:09:55.646 [main] DEBUG com.samourai.http.client.JettyHttpClient - +httpClient: no proxy
12:09:55.796 [main] DEBUG com.samourai.wallet.bipWallet.WalletSupplierImpl - +BipWallet[DEPOSIT_BIP44]: BipWallet{id='DEPOSIT_BIP44', samouraiAccount=DEPOSIT, derivation=BipDerivation{purpose=44, accountIndex=0}, bipFormatDefault=LEGACY, bipFormats=[LEGACY], xPub='tpu...LwY', bipPub='tpu...LwY'}
12:09:55.796 [main] DEBUG com.samourai.wallet.bipWallet.WalletSupplierImpl - +BipWallet[DEPOSIT_BIP49]: BipWallet{id='DEPOSIT_BIP49', samouraiAccount=DEPOSIT, derivation=BipDerivation{purpose=49, accountIndex=0}, bipFormatDefault=SEGWIT_COMPAT, bipFormats=[SEGWIT_COMPAT], xPub='tpu...eV2', bipPub='upu...38D'}
12:09:55.796 [main] DEBUG com.samourai.wallet.bipWallet.WalletSupplierImpl - +BipWallet[DEPOSIT_BIP84]: BipWallet{id='DEPOSIT_BIP84', samouraiAccount=DEPOSIT, derivation=BipDerivation{purpose=84, accountIndex=0}, bipFormatDefault=SEGWIT_NATIVE, bipFormats=[SEGWIT_NATIVE], xPub='tpu...re9', bipPub='vpu...dCu'}
12:09:55.796 [main] DEBUG com.samourai.wallet.bipWallet.WalletSupplierImpl - +BipWallet[PREMIX_BIP84]: BipWallet{id='PREMIX_BIP84', samouraiAccount=PREMIX, derivation=BipDerivation{purpose=84, accountIndex=2147483645}, bipFormatDefault=SEGWIT_NATIVE, bipFormats=[SEGWIT_NATIVE], xPub='tpu...hvr', bipPub='vpu...4mL'}
12:09:55.796 [main] DEBUG com.samourai.wallet.bipWallet.WalletSupplierImpl - +BipWallet[POSTMIX_BIP84]: BipWallet{id='POSTMIX_BIP84', samouraiAccount=POSTMIX, derivation=BipDerivation{purpose=84, accountIndex=2147483646}, bipFormatDefault=SEGWIT_NATIVE, bipFormats=[SEGWIT_NATIVE, SEGWIT_COMPAT, LEGACY], xPub='tpu...sQD', bipPub='vpu...nrW'}
12:09:55.796 [main] DEBUG com.samourai.wallet.bipWallet.WalletSupplierImpl - +BipWallet[ASB_BIP84]: BipWallet{id='ASB_BIP84', samouraiAccount=SWAPS_ASB, derivation=BipDerivation{purpose=84, accountIndex=2147483641}, bipFormatDefault=SEGWIT_NATIVE, bipFormats=[SEGWIT_NATIVE], xPub='tpu...p4i', bipPub='vpu...sEH'}
12:09:55.796 [main] DEBUG com.samourai.wallet.bipWallet.WalletSupplierImpl - +BipWallet[SWAPS_DEPOSIT]: BipWallet{id='SWAPS_DEPOSIT', samouraiAccount=SWAPS_DEPOSIT, derivation=BipDerivation{purpose=84, accountIndex=2147483643}, bipFormatDefault=SEGWIT_NATIVE, bipFormats=[SEGWIT_NATIVE], xPub='tpu...3s7', bipPub='vpu...HpJ'}
12:09:55.796 [main] DEBUG com.samourai.wallet.bipWallet.WalletSupplierImpl - +BipWallet[SWAPS_REFUNDS]: BipWallet{id='SWAPS_REFUNDS', samouraiAccount=SWAPS_REFUNDS, derivation=BipDerivation{purpose=84, accountIndex=2147483642}, bipFormatDefault=SEGWIT_NATIVE, bipFormats=[SEGWIT_NATIVE], xPub='tpu...rMX', bipPub='vpu...Sr9'}
12:09:55.796 [main] DEBUG com.samourai.wallet.bipWallet.WalletSupplierImpl - +BipWallet[BADBANK_BIP84]: BipWallet{id='BADBANK_BIP84', samouraiAccount=BADBANK, derivation=BipDerivation{purpose=84, accountIndex=2147483644}, bipFormatDefault=SEGWIT_NATIVE, bipFormats=[SEGWIT_NATIVE], xPub='tpu...hmu', bipPub='vpu...tNY'}
12:09:55.796 [main] DEBUG com.samourai.wallet.bipWallet.WalletSupplierImpl - +BipWallet[RICOCHET_BIP84]: BipWallet{id='RICOCHET_BIP84', samouraiAccount=RICOCHET, derivation=BipDerivation{purpose=84, accountIndex=2147483647}, bipFormatDefault=SEGWIT_NATIVE, bipFormats=[SEGWIT_NATIVE], xPub='tpu...UMc', bipPub='vpu...knj'}
12:09:55.796 [main] DEBUG com.samourai.wallet.api.backend.BackendApi - urlBackend=https://api.samouraiwallet.com/test/v2, oAuth=no
12:09:55.797 [main] DEBUG com.samourai.wallet.util.LogbackUtils - Log level set to DEBUG for the logger 'com.samourai'
12:09:55.797 [main] DEBUG com.samourai.wallet.util.LogbackUtils - Log level set to DEBUG for the logger 'com.samourai.whirlpool.client'
12:09:55.797 [main] DEBUG com.samourai.wallet.util.LogbackUtils - Log level set to DEBUG for the logger 'com.samourai.whirlpool.client.mix.dialog'
12:09:55.797 [main] DEBUG com.samourai.wallet.util.LogbackUtils - Log level set to DEBUG for the logger 'com.samourai.stomp.client'
12:09:55.797 [main] DEBUG com.samourai.wallet.util.LogbackUtils - Log level set to DEBUG for the logger 'com.samourai.wallet.util.FeeUtil'
12:09:55.797 [main] DEBUG com.samourai.wallet.util.LogbackUtils - Log level set to DEBUG for the logger 'com.samourai.whirlpool.client.utils'
12:09:55.797 [main] DEBUG com.samourai.wallet.util.LogbackUtils - Log level set to DEBUG for the logger 'com.samourai.whirlpool.client.wallet'
12:09:55.797 [main] DEBUG com.samourai.wallet.util.LogbackUtils - Log level set to DEBUG for the logger 'com.samourai.wallet.cahoots'
12:09:55.797 [main] DEBUG com.samourai.wallet.util.LogbackUtils - Log level set to DEBUG for the logger 'com.samourai.wallet.cahoots.stowaway'
12:09:55.797 [main] DEBUG com.samourai.wallet.util.LogbackUtils - Log level set to DEBUG for the logger 'com.samourai.wallet.cahoots.stonewallx2'
12:09:55.797 [main] DEBUG com.samourai.wallet.util.LogbackUtils - Log level set to DEBUG for the logger 'com.samourai.wallet.sorobanClient'
12:09:55.797 [main] DEBUG com.samourai.wallet.util.LogbackUtils - Log level set to DEBUG for the logger 'com.samourai.soroban.client'
12:09:55.797 [main] DEBUG com.samourai.wallet.util.LogbackUtils - Log level set to DEBUG for the logger 'com.samourai.soroban.client.rpc'
12:09:55.797 [main] DEBUG com.samourai.wallet.util.LogbackUtils - Log level set to DEBUG for the logger 'com.samourai.soroban.client.dialog'
12:09:55.797 [main] DEBUG com.samourai.wallet.util.LogbackUtils - Log level set to DEBUG for the logger 'com.samourai.soroban.client.meeting'
12:09:55.797 [main] DEBUG com.samourai.wallet.util.LogbackUtils - Log level set to DEBUG for the logger 'com.samourai.whirlpool.client.wallet.orchestrator'
12:09:55.797 [main] DEBUG com.samourai.wallet.util.LogbackUtils - Log level set to ERROR for the logger 'org.bitcoinj'
12:09:55.797 [main] DEBUG com.samourai.wallet.util.LogbackUtils - Log level set to WARN for the logger 'org.bitcoin'
12:09:55.797 [main] DEBUG com.samourai.wallet.util.LogbackUtils - Log level set to INFO for the logger 'org.eclipse.jetty'
12:09:55.870 [main] DEBUG com.samourai.wallet.bipWallet.WalletSupplierImpl - +BipWallet[DEPOSIT_BIP44]: BipWallet{id='DEPOSIT_BIP44', samouraiAccount=DEPOSIT, derivation=BipDerivation{purpose=44, accountIndex=0}, bipFormatDefault=LEGACY, bipFormats=[LEGACY], xPub='tpu...LZp', bipPub='tpu...LZp'}
12:09:55.870 [main] DEBUG com.samourai.wallet.bipWallet.WalletSupplierImpl - +BipWallet[DEPOSIT_BIP49]: BipWallet{id='DEPOSIT_BIP49', samouraiAccount=DEPOSIT, derivation=BipDerivation{purpose=49, accountIndex=0}, bipFormatDefault=SEGWIT_COMPAT, bipFormats=[SEGWIT_COMPAT], xPub='tpu...2dH', bipPub='upu...bSs'}
12:09:55.870 [main] DEBUG com.samourai.wallet.bipWallet.WalletSupplierImpl - +BipWallet[DEPOSIT_BIP84]: BipWallet{id='DEPOSIT_BIP84', samouraiAccount=DEPOSIT, derivation=BipDerivation{purpose=84, accountIndex=0}, bipFormatDefault=SEGWIT_NATIVE, bipFormats=[SEGWIT_NATIVE], xPub='tpu...MfN', bipPub='vpu...sew'}
12:09:55.870 [main] DEBUG com.samourai.wallet.bipWallet.WalletSupplierImpl - +BipWallet[PREMIX_BIP84]: BipWallet{id='PREMIX_BIP84', samouraiAccount=PREMIX, derivation=BipDerivation{purpose=84, accountIndex=2147483645}, bipFormatDefault=SEGWIT_NATIVE, bipFormats=[SEGWIT_NATIVE], xPub='tpu...y1p', bipPub='vpu...D4a'}
12:09:55.870 [main] DEBUG com.samourai.wallet.bipWallet.WalletSupplierImpl - +BipWallet[POSTMIX_BIP84]: BipWallet{id='POSTMIX_BIP84', samouraiAccount=POSTMIX, derivation=BipDerivation{purpose=84, accountIndex=2147483646}, bipFormatDefault=SEGWIT_NATIVE, bipFormats=[SEGWIT_NATIVE, SEGWIT_COMPAT, LEGACY], xPub='tpu...NLN', bipPub='vpu...RKR'}
12:09:55.870 [main] DEBUG com.samourai.wallet.bipWallet.WalletSupplierImpl - +BipWallet[BADBANK_BIP84]: BipWallet{id='BADBANK_BIP84', samouraiAccount=BADBANK, derivation=BipDerivation{purpose=84, accountIndex=2147483644}, bipFormatDefault=SEGWIT_NATIVE, bipFormats=[SEGWIT_NATIVE], xPub='tpu...86t', bipPub='vpu...XXs'}
12:09:55.966 [main] DEBUG com.samourai.wallet.bipWallet.WalletSupplierImpl - +BipWallet[DEPOSIT_BIP44]: BipWallet{id='DEPOSIT_BIP44', samouraiAccount=DEPOSIT, derivation=BipDerivation{purpose=44, accountIndex=0}, bipFormatDefault=LEGACY, bipFormats=[LEGACY], xPub='tpu...XeJ', bipPub='tpu...XeJ'}
12:09:55.966 [main] DEBUG com.samourai.wallet.bipWallet.WalletSupplierImpl - +BipWallet[DEPOSIT_BIP49]: BipWallet{id='DEPOSIT_BIP49', samouraiAccount=DEPOSIT, derivation=BipDerivation{purpose=49, accountIndex=0}, bipFormatDefault=SEGWIT_COMPAT, bipFormats=[SEGWIT_COMPAT], xPub='tpu...TBn', bipPub='upu...QVy'}
12:09:55.966 [main] DEBUG com.samourai.wallet.bipWallet.WalletSupplierImpl - +BipWallet[DEPOSIT_BIP84]: BipWallet{id='DEPOSIT_BIP84', samouraiAccount=DEPOSIT, derivation=BipDerivation{purpose=84, accountIndex=0}, bipFormatDefault=SEGWIT_NATIVE, bipFormats=[SEGWIT_NATIVE], xPub='tpu...Nbr', bipPub='vpu...R4q'}
12:09:55.966 [main] DEBUG com.samourai.wallet.bipWallet.WalletSupplierImpl - +BipWallet[PREMIX_BIP84]: BipWallet{id='PREMIX_BIP84', samouraiAccount=PREMIX, derivation=BipDerivation{purpose=84, accountIndex=2147483645}, bipFormatDefault=SEGWIT_NATIVE, bipFormats=[SEGWIT_NATIVE], xPub='tpu...ZBX', bipPub='vpu...XxM'}
12:09:55.966 [main] DEBUG com.samourai.wallet.bipWallet.WalletSupplierImpl - +BipWallet[POSTMIX_BIP84]: BipWallet{id='POSTMIX_BIP84', samouraiAccount=POSTMIX, derivation=BipDerivation{purpose=84, accountIndex=2147483646}, bipFormatDefault=SEGWIT_NATIVE, bipFormats=[SEGWIT_NATIVE, SEGWIT_COMPAT, LEGACY], xPub='tpu...do5', bipPub='vpu...2eX'}
12:09:55.966 [main] DEBUG com.samourai.wallet.bipWallet.WalletSupplierImpl - +BipWallet[BADBANK_BIP84]: BipWallet{id='BADBANK_BIP84', samouraiAccount=BADBANK, derivation=BipDerivation{purpose=84, accountIndex=2147483644}, bipFormatDefault=SEGWIT_NATIVE, bipFormats=[SEGWIT_NATIVE], xPub='tpu...QxP', bipPub='vpu...M4F'}
12:09:55.994 [main] DEBUG com.samourai.http.client.JettyHttpClient - +httpClient: no proxy
12:09:56.145 [main] DEBUG com.samourai.wallet.bipWallet.WalletSupplierImpl - +BipWallet[DEPOSIT_BIP44]: BipWallet{id='DEPOSIT_BIP44', samouraiAccount=DEPOSIT, derivation=BipDerivation{purpose=44, accountIndex=0}, bipFormatDefault=LEGACY, bipFormats=[LEGACY], xPub='tpu...LwY', bipPub='tpu...LwY'}
12:09:56.145 [main] DEBUG com.samourai.wallet.bipWallet.WalletSupplierImpl - +BipWallet[DEPOSIT_BIP49]: BipWallet{id='DEPOSIT_BIP49', samouraiAccount=DEPOSIT, derivation=BipDerivation{purpose=49, accountIndex=0}, bipFormatDefault=SEGWIT_COMPAT, bipFormats=[SEGWIT_COMPAT], xPub='tpu...eV2', bipPub='upu...38D'}
12:09:56.145 [main] DEBUG com.samourai.wallet.bipWallet.WalletSupplierImpl - +BipWallet[DEPOSIT_BIP84]: BipWallet{id='DEPOSIT_BIP84', samouraiAccount=DEPOSIT, derivation=BipDerivation{purpose=84, accountIndex=0}, bipFormatDefault=SEGWIT_NATIVE, bipFormats=[SEGWIT_NATIVE], xPub='tpu...re9', bipPub='vpu...dCu'}
12:09:56.145 [main] DEBUG com.samourai.wallet.bipWallet.WalletSupplierImpl - +BipWallet[PREMIX_BIP84]: BipWallet{id='PREMIX_BIP84', samouraiAccount=PREMIX, derivation=BipDerivation{purpose=84, accountIndex=2147483645}, bipFormatDefault=SEGWIT_NATIVE, bipFormats=[SEGWIT_NATIVE], xPub='tpu...hvr', bipPub='vpu...4mL'}
12:09:56.145 [main] DEBUG com.samourai.wallet.bipWallet.WalletSupplierImpl - +BipWallet[POSTMIX_BIP84]: BipWallet{id='POSTMIX_BIP84', samouraiAccount=POSTMIX, derivation=BipDerivation{purpose=84, accountIndex=2147483646}, bipFormatDefault=SEGWIT_NATIVE, bipFormats=[SEGWIT_NATIVE, SEGWIT_COMPAT, LEGACY], xPub='tpu...sQD', bipPub='vpu...nrW'}
12:09:56.145 [main] DEBUG com.samourai.wallet.bipWallet.WalletSupplierImpl - +BipWallet[ASB_BIP84]: BipWallet{id='ASB_BIP84', samouraiAccount=SWAPS_ASB, derivation=BipDerivation{purpose=84, accountIndex=2147483641}, bipFormatDefault=SEGWIT_NATIVE, bipFormats=[SEGWIT_NATIVE], xPub='tpu...p4i', bipPub='vpu...sEH'}
12:09:56.145 [main] DEBUG com.samourai.wallet.bipWallet.WalletSupplierImpl - +BipWallet[SWAPS_DEPOSIT]: BipWallet{id='SWAPS_DEPOSIT', samouraiAccount=SWAPS_DEPOSIT, derivation=BipDerivation{purpose=84, accountIndex=2147483643}, bipFormatDefault=SEGWIT_NATIVE, bipFormats=[SEGWIT_NATIVE], xPub='tpu...3s7', bipPub='vpu...HpJ'}
12:09:56.145 [main] DEBUG com.samourai.wallet.bipWallet.WalletSupplierImpl - +BipWallet[SWAPS_REFUNDS]: BipWallet{id='SWAPS_REFUNDS', samouraiAccount=SWAPS_REFUNDS, derivation=BipDerivation{purpose=84, accountIndex=2147483642}, bipFormatDefault=SEGWIT_NATIVE, bipFormats=[SEGWIT_NATIVE], xPub='tpu...rMX', bipPub='vpu...Sr9'}
12:09:56.145 [main] DEBUG com.samourai.wallet.bipWallet.WalletSupplierImpl - +BipWallet[BADBANK_BIP84]: BipWallet{id='BADBANK_BIP84', samouraiAccount=BADBANK, derivation=BipDerivation{purpose=84, accountIndex=2147483644}, bipFormatDefault=SEGWIT_NATIVE, bipFormats=[SEGWIT_NATIVE], xPub='tpu...hmu', bipPub='vpu...tNY'}
12:09:56.145 [main] DEBUG com.samourai.wallet.bipWallet.WalletSupplierImpl - +BipWallet[RICOCHET_BIP84]: BipWallet{id='RICOCHET_BIP84', samouraiAccount=RICOCHET, derivation=BipDerivation{purpose=84, accountIndex=2147483647}, bipFormatDefault=SEGWIT_NATIVE, bipFormats=[SEGWIT_NATIVE], xPub='tpu...UMc', bipPub='vpu...knj'}
12:09:56.145 [main] DEBUG com.samourai.wallet.api.backend.BackendApi - urlBackend=https://api.samouraiwallet.com/test/v2, oAuth=no
12:09:56.145 [main] DEBUG com.samourai.wallet.util.LogbackUtils - Log level set to DEBUG for the logger 'com.samourai'
12:09:56.145 [main] DEBUG com.samourai.wallet.util.LogbackUtils - Log level set to DEBUG for the logger 'com.samourai.whirlpool.client'
12:09:56.145 [main] DEBUG com.samourai.wallet.util.LogbackUtils - Log level set to DEBUG for the logger 'com.samourai.whirlpool.client.mix.dialog'
12:09:56.145 [main] DEBUG com.samourai.wallet.util.LogbackUtils - Log level set to DEBUG for the logger 'com.samourai.stomp.client'
12:09:56.145 [main] DEBUG com.samourai.wallet.util.LogbackUtils - Log level set to DEBUG for the logger 'com.samourai.wallet.util.FeeUtil'
12:09:56.145 [main] DEBUG com.samourai.wallet.util.LogbackUtils - Log level set to DEBUG for the logger 'com.samourai.whirlpool.client.utils'
12:09:56.145 [main] DEBUG com.samourai.wallet.util.LogbackUtils - Log level set to DEBUG for the logger 'com.samourai.whirlpool.client.wallet'
12:09:56.145 [main] DEBUG com.samourai.wallet.util.LogbackUtils - Log level set to DEBUG for the logger 'com.samourai.wallet.cahoots'
12:09:56.145 [main] DEBUG com.samourai.wallet.util.LogbackUtils - Log level set to DEBUG for the logger 'com.samourai.wallet.cahoots.stowaway'
12:09:56.145 [main] DEBUG com.samourai.wallet.util.LogbackUtils - Log level set to DEBUG for the logger 'com.samourai.wallet.cahoots.stonewallx2'
12:09:56.145 [main] DEBUG com.samourai.wallet.util.LogbackUtils - Log level set to DEBUG for the logger 'com.samourai.wallet.sorobanClient'
12:09:56.145 [main] DEBUG com.samourai.wallet.util.LogbackUtils - Log level set to DEBUG for the logger 'com.samourai.soroban.client'
12:09:56.145 [main] DEBUG com.samourai.wallet.util.LogbackUtils - Log level set to DEBUG for the logger 'com.samourai.soroban.client.rpc'
12:09:56.145 [main] DEBUG com.samourai.wallet.util.LogbackUtils - Log level set to DEBUG for the logger 'com.samourai.soroban.client.dialog'
12:09:56.145 [main] DEBUG com.samourai.wallet.util.LogbackUtils - Log level set to DEBUG for the logger 'com.samourai.soroban.client.meeting'
12:09:56.145 [main] DEBUG com.samourai.wallet.util.LogbackUtils - Log level set to DEBUG for the logger 'com.samourai.whirlpool.client.wallet.orchestrator'
12:09:56.145 [main] DEBUG com.samourai.wallet.util.LogbackUtils - Log level set to ERROR for the logger 'org.bitcoinj'
12:09:56.145 [main] DEBUG com.samourai.wallet.util.LogbackUtils - Log level set to WARN for the logger 'org.bitcoin'
12:09:56.145 [main] DEBUG com.samourai.wallet.util.LogbackUtils - Log level set to INFO for the logger 'org.eclipse.jetty'
12:09:56.218 [main] DEBUG com.samourai.wallet.bipWallet.WalletSupplierImpl - +BipWallet[DEPOSIT_BIP44]: BipWallet{id='DEPOSIT_BIP44', samouraiAccount=DEPOSIT, derivation=BipDerivation{purpose=44, accountIndex=0}, bipFormatDefault=LEGACY, bipFormats=[LEGACY], xPub='tpu...LZp', bipPub='tpu...LZp'}
12:09:56.218 [main] DEBUG com.samourai.wallet.bipWallet.WalletSupplierImpl - +BipWallet[DEPOSIT_BIP49]: BipWallet{id='DEPOSIT_BIP49', samouraiAccount=DEPOSIT, derivation=BipDerivation{purpose=49, accountIndex=0}, bipFormatDefault=SEGWIT_COMPAT, bipFormats=[SEGWIT_COMPAT], xPub='tpu...2dH', bipPub='upu...bSs'}
12:09:56.218 [main] DEBUG com.samourai.wallet.bipWallet.WalletSupplierImpl - +BipWallet[DEPOSIT_BIP84]: BipWallet{id='DEPOSIT_BIP84', samouraiAccount=DEPOSIT, derivation=BipDerivation{purpose=84, accountIndex=0}, bipFormatDefault=SEGWIT_NATIVE, bipFormats=[SEGWIT_NATIVE], xPub='tpu...MfN', bipPub='vpu...sew'}
12:09:56.218 [main] DEBUG com.samourai.wallet.bipWallet.WalletSupplierImpl - +BipWallet[PREMIX_BIP84]: BipWallet{id='PREMIX_BIP84', samouraiAccount=PREMIX, derivation=BipDerivation{purpose=84, accountIndex=2147483645}, bipFormatDefault=SEGWIT_NATIVE, bipFormats=[SEGWIT_NATIVE], xPub='tpu...y1p', bipPub='vpu...D4a'}
12:09:56.218 [main] DEBUG com.samourai.wallet.bipWallet.WalletSupplierImpl - +BipWallet[POSTMIX_BIP84]: BipWallet{id='POSTMIX_BIP84', samouraiAccount=POSTMIX, derivation=BipDerivation{purpose=84, accountIndex=2147483646}, bipFormatDefault=SEGWIT_NATIVE, bipFormats=[SEGWIT_NATIVE, SEGWIT_COMPAT, LEGACY], xPub='tpu...NLN', bipPub='vpu...RKR'}
12:09:56.218 [main] DEBUG com.samourai.wallet.bipWallet.WalletSupplierImpl - +BipWallet[BADBANK_BIP84]: BipWallet{id='BADBANK_BIP84', samouraiAccount=BADBANK, derivation=BipDerivation{purpose=84, accountIndex=2147483644}, bipFormatDefault=SEGWIT_NATIVE, bipFormats=[SEGWIT_NATIVE], xPub='tpu...86t', bipPub='vpu...XXs'}
12:09:56.314 [main] DEBUG com.samourai.wallet.bipWallet.WalletSupplierImpl - +BipWallet[DEPOSIT_BIP44]: BipWallet{id='DEPOSIT_BIP44', samouraiAccount=DEPOSIT, derivation=BipDerivation{purpose=44, accountIndex=0}, bipFormatDefault=LEGACY, bipFormats=[LEGACY], xPub='tpu...XeJ', bipPub='tpu...XeJ'}
12:09:56.314 [main] DEBUG com.samourai.wallet.bipWallet.WalletSupplierImpl - +BipWallet[DEPOSIT_BIP49]: BipWallet{id='DEPOSIT_BIP49', samouraiAccount=DEPOSIT, derivation=BipDerivation{purpose=49, accountIndex=0}, bipFormatDefault=SEGWIT_COMPAT, bipFormats=[SEGWIT_COMPAT], xPub='tpu...TBn', bipPub='upu...QVy'}
12:09:56.314 [main] DEBUG com.samourai.wallet.bipWallet.WalletSupplierImpl - +BipWallet[DEPOSIT_BIP84]: BipWallet{id='DEPOSIT_BIP84', samouraiAccount=DEPOSIT, derivation=BipDerivation{purpose=84, accountIndex=0}, bipFormatDefault=SEGWIT_NATIVE, bipFormats=[SEGWIT_NATIVE], xPub='tpu...Nbr', bipPub='vpu...R4q'}
12:09:56.314 [main] DEBUG com.samourai.wallet.bipWallet.WalletSupplierImpl - +BipWallet[PREMIX_BIP84]: BipWallet{id='PREMIX_BIP84', samouraiAccount=PREMIX, derivation=BipDerivation{purpose=84, accountIndex=2147483645}, bipFormatDefault=SEGWIT_NATIVE, bipFormats=[SEGWIT_NATIVE], xPub='tpu...ZBX', bipPub='vpu...XxM'}
12:09:56.314 [main] DEBUG com.samourai.wallet.bipWallet.WalletSupplierImpl - +BipWallet[POSTMIX_BIP84]: BipWallet{id='POSTMIX_BIP84', samouraiAccount=POSTMIX, derivation=BipDerivation{purpose=84, accountIndex=2147483646}, bipFormatDefault=SEGWIT_NATIVE, bipFormats=[SEGWIT_NATIVE, SEGWIT_COMPAT, LEGACY], xPub='tpu...do5', bipPub='vpu...2eX'}
12:09:56.314 [main] DEBUG com.samourai.wallet.bipWallet.WalletSupplierImpl - +BipWallet[BADBANK_BIP84]: BipWallet{id='BADBANK_BIP84', samouraiAccount=BADBANK, derivation=BipDerivation{purpose=84, accountIndex=2147483644}, bipFormatDefault=SEGWIT_NATIVE, bipFormats=[SEGWIT_NATIVE], xPub='tpu...QxP', bipPub='vpu...M4F'}
12:09:56.341 [main] DEBUG com.samourai.wallet.cahoots.stowaway.StowawayService - # Stowaway INITIATOR => step=0
12:09:56.341 [main] DEBUG com.samourai.wallet.cahoots.AbstractCahootsTest - #0 SENDER => {"cahoots":{"psbt":"","cpty_account":0,"spend_amount":5000,"outpoints":[],"type":1,"params":"testnet","dest":"","version":2,"fee_amount":0,"fingerprint":"eed8a1cd","step":0,"id":"adcab9d6072e084331df661332c484768c41b037b9e90f6439c8136ca2afd6ac","account":2147483646,"ts":1711645796}}
12:09:56.341 [main] DEBUG com.samourai.wallet.cahoots.AbstractCahoots2xService - ###### BEGIN doStowaway1 STOWAWAY/COUNTERPARTY
12:09:56.341 [main] DEBUG com.samourai.wallet.cahoots.AbstractCahoots2xService -  * outpoints={}
12:09:56.341 [main] DEBUG com.samourai.wallet.cahoots.AbstractCahoots2xService -  * tx=null
12:09:56.341 [main] DEBUG com.samourai.wallet.cahoots.stowaway.StowawayService - BIP84 utxos:1
12:09:56.341 [main] DEBUG com.samourai.wallet.cahoots.stowaway.StowawayService - BIP84 selected random utxo: CahootsUtxo{utxo=9407b31fd0159dc4dd3f5377e3b18e4b4aafef2977a52e76b95c3f899cbb05ad:1, value=10000, address=tb1qh287jqsh6mkpqmd8euumyfam00fkr78qhrdnde, path=null, xpub=tpubDCKFqGcLPzJFzmYqN8nNhHF9sn4Vp8fMTikUCh616sLwGgdeC1a5iF1Csg8ygwUP6hRT2W9h9M8zeHP1XHhgJ9ZSLgUAtL9BdcaRAkhhdo5}
12:09:56.341 [main] DEBUG com.samourai.wallet.cahoots.stowaway.StowawayService - 1 selected utxos, totalContributedAmount=10000, requiredAmount=5546
12:09:56.342 [main] DEBUG com.samourai.wallet.cahoots.stowaway.StowawayService - +output (CounterParty receive) = tb1q9z5slgl572zlc6yl8zg32vndh7tfzltzz3pw8w
12:09:56.342 [main] DEBUG com.samourai.wallet.cahoots.AbstractCahoots2xService - ###### END doStowaway1 STOWAWAY/COUNTERPARTY
12:09:56.342 [main] DEBUG com.samourai.wallet.cahoots.AbstractCahoots2xService -  * outpoints={9407b31fd0159dc4dd3f5377e3b18e4b4aafef2977a52e76b95c3f899cbb05ad-1=10000}
12:09:56.342 [main] DEBUG com.samourai.wallet.cahoots.AbstractCahoots2xService -  * tx=  d279c972a58341501eb3d4179bdd2528b98ef1682af70781f9d12609623607d3
  version 2
  opts into full replace-by-fee
     in    0.0001 BTC
          outpoint:9407b31fd0159dc4dd3f5377e3b18e4b4aafef2977a52e76b95c3f899cbb05ad:1
          sequence:fffffffd, opts into full RBF
     out  0[] PUSHDATA(20)[28a90fa3f4f285fc689f389115326dbf96917d62] 0.00005 BTC
     fee  0.00060975 BTC/kB, 0.00005 BTC for 82 bytes
     prps UNKNOWN

12:09:56.342 [main] DEBUG com.samourai.wallet.cahoots.stowaway.StowawayService - # Stowaway COUNTERPARTY => step=1
12:09:56.342 [main] DEBUG com.samourai.wallet.cahoots.AbstractCahootsTest - #1 COUNTERPARTY => {"cahoots":{"fingerprint_collab":"f0d70870","psbt":"abZy8000000rk^q:Q{({2T(H[soTv5GElZgY.)ArrQR)X6UkK#asqaLP:g3f[2?>J[y5aB)!c{=IW!B(D7h0bXgh9J!VYMss$dPTE?8$4H+&h#53Hg7XR)Wb21=<rs<OZis6s1JruevaW%Fb@GYI0#0000","cpty_account":2147483646,"spend_amount":5000,"outpoints":[{"value":10000,"outpoint":"9407b31fd0159dc4dd3f5377e3b18e4b4aafef2977a52e76b95c3f899cbb05ad-1"}],"type":1,"params":"testnet","dest":"tb1q9z5slgl572zlc6yl8zg32vndh7tfzltzz3pw8w","version":2,"fee_amount":0,"fingerprint":"eed8a1cd","step":1,"id":"adcab9d6072e084331df661332c484768c41b037b9e90f6439c8136ca2afd6ac","account":2147483646,"ts":1711645796}}
12:09:56.342 [main] DEBUG com.samourai.wallet.cahoots.stowaway.StowawayService - # Stowaway SENDER <= step=1
12:09:56.342 [main] DEBUG com.samourai.wallet.cahoots.AbstractCahoots2xService - ###### BEGIN doStowaway2 STOWAWAY/SENDER
12:09:56.342 [main] DEBUG com.samourai.wallet.cahoots.AbstractCahoots2xService -  * outpoints={9407b31fd0159dc4dd3f5377e3b18e4b4aafef2977a52e76b95c3f899cbb05ad-1=10000}
12:09:56.342 [main] DEBUG com.samourai.wallet.cahoots.AbstractCahoots2xService -  * tx=  d279c972a58341501eb3d4179bdd2528b98ef1682af70781f9d12609623607d3
  version 2
  opts into full replace-by-fee
     in   
          outpoint:9407b31fd0159dc4dd3f5377e3b18e4b4aafef2977a52e76b95c3f899cbb05ad:1
          sequence:fffffffd, opts into full RBF
     out  0[] PUSHDATA(20)[28a90fa3f4f285fc689f389115326dbf96917d62] 0.00005 BTC
     prps UNKNOWN

12:09:56.342 [main] DEBUG com.samourai.wallet.cahoots.stowaway.StowawayService - sender account (2):2147483646
12:09:56.342 [main] DEBUG com.samourai.wallet.cahoots.stowaway.StowawayService - step2 tx:0200000001ad05bb9c893f5cb9762ea57729efaf4a4b8eb1e377533fddc49d15d01fb307940100000000fdffffff01881300000000000016001428a90fa3f4f285fc689f389115326dbf96917d6200000000
12:09:56.343 [main] DEBUG com.samourai.wallet.cahoots.stowaway.StowawayService - BIP84 utxos:1
12:09:56.343 [main] DEBUG com.samourai.wallet.cahoots.stowaway.StowawayService - BIP84 selected utxo: CahootsUtxo{utxo=14cf9c6be92efcfe628aabd32b02c85e763615ddd430861bc18f6d366e4c4fd5:1, value=10000, address=tb1qkymumss6zj0rxy9l3v5vqxqwwffy8jjsyhrkrg, path=null, xpub=tpubDDLBK9gT5ipbV8vUZ5mv1ffgKEVrHfEjkp6o5aCK9TWorx2P466pJJMJRVdgmjC8pSgzFxGeVyG9ycivDEKeHbnkADkVFDnvsHnyufUfNLN}
12:09:56.343 [main] DEBUG com.samourai.wallet.cahoots.stowaway.StowawayService - BIP84 post selected utxo: CahootsUtxo{utxo=14cf9c6be92efcfe628aabd32b02c85e763615ddd430861bc18f6d366e4c4fd5:1, value=10000, address=tb1qkymumss6zj0rxy9l3v5vqxqwwffy8jjsyhrkrg, path=null, xpub=tpubDDLBK9gT5ipbV8vUZ5mv1ffgKEVrHfEjkp6o5aCK9TWorx2P466pJJMJRVdgmjC8pSgzFxGeVyG9ycivDEKeHbnkADkVFDnvsHnyufUfNLN}
12:09:56.343 [main] DEBUG com.samourai.wallet.cahoots.stowaway.StowawayService - fee:216
12:09:56.343 [main] DEBUG com.samourai.wallet.cahoots.stowaway.StowawayService - 1 selected utxos, totalContributedAmount=10000, requiredAmount=5762
12:09:56.343 [main] DEBUG com.samourai.wallet.cahoots.stowaway.StowawayService - +output (sender change) = tb1qeyh98ez2uhva8y4weuww02vqkpemq8xkrsr4mh
12:09:56.343 [main] DEBUG com.samourai.wallet.cahoots.AbstractCahoots2xService - ###### END doStowaway2 STOWAWAY/SENDER
12:09:56.343 [main] DEBUG com.samourai.wallet.cahoots.AbstractCahoots2xService -  * outpoints={14cf9c6be92efcfe628aabd32b02c85e763615ddd430861bc18f6d366e4c4fd5-1=10000, 9407b31fd0159dc4dd3f5377e3b18e4b4aafef2977a52e76b95c3f899cbb05ad-1=10000}
12:09:56.343 [main] DEBUG com.samourai.wallet.cahoots.AbstractCahoots2xService -  * tx=  d88d8c520f9371f67fe77ca51715223785460c901252667e5d3088e09bfb1622
  version 2
  opts into full replace-by-fee
     in   
          outpoint:9407b31fd0159dc4dd3f5377e3b18e4b4aafef2977a52e76b95c3f899cbb05ad:1
          sequence:fffffffd, opts into full RBF
     in    0.0001 BTC
          outpoint:14cf9c6be92efcfe628aabd32b02c85e763615ddd430861bc18f6d366e4c4fd5:1
          sequence:fffffffd, opts into full RBF
     out  0[] PUSHDATA(20)[28a90fa3f4f285fc689f389115326dbf96917d62] 0.00015 BTC
     out  0[] PUSHDATA(20)[c92e53e44ae5d9d392aecf1ce7a980b073b01cd6] 0.00004784 BTC
     prps UNKNOWN

12:09:56.343 [main] DEBUG com.samourai.wallet.cahoots.stowaway.StowawayService - # Stowaway SENDER => step=2
12:09:56.343 [main] DEBUG com.samourai.wallet.cahoots.AbstractCahootsTest - #2 SENDER => {"cahoots":{"fingerprint_collab":"f0d70870","psbt":"abZy8000000rl[$nLPmJ2N4]X0k[vE/8E$Jq4Gaec4h>jF}xeU[?7)Z4)Y)]QV2*hNBy1+shx-]IAS05.d/9CnC9QjCD{[M4qg>&OJ)1=*1[yU[]z<lnzzYQx*Qh4=M=q$qWe6h6LO-2VXpg/)#2&<pA#IK1]Nx33.@A[1$.HZ?4Gr9]yEc4i[IuiWQu$*ZJIS.Rd2y{)m&P}z[!=V4F1@lDdzGCEe[7r(C#A}000","cpty_account":2147483646,"spend_amount":5000,"outpoints":[{"value":10000,"outpoint":"14cf9c6be92efcfe628aabd32b02c85e763615ddd430861bc18f6d366e4c4fd5-1"},{"value":10000,"outpoint":"9407b31fd0159dc4dd3f5377e3b18e4b4aafef2977a52e76b95c3f899cbb05ad-1"}],"type":1,"params":"testnet","dest":"tb1q9z5slgl572zlc6yl8zg32vndh7tfzltzz3pw8w","version":2,"fee_amount":216,"fingerprint":"eed8a1cd","step":2,"id":"adcab9d6072e084331df661332c484768c41b037b9e90f6439c8136ca2afd6ac","account":2147483646,"ts":1711645796}}
12:09:56.344 [main] DEBUG com.samourai.wallet.cahoots.stowaway.StowawayService - # Stowaway COUNTERPARTY <= step=2
12:09:56.344 [main] DEBUG com.samourai.wallet.cahoots.AbstractCahoots2xService - ###### BEGIN doStep3 STOWAWAY/COUNTERPARTY
12:09:56.344 [main] DEBUG com.samourai.wallet.cahoots.AbstractCahoots2xService -  * outpoints={14cf9c6be92efcfe628aabd32b02c85e763615ddd430861bc18f6d366e4c4fd5-1=10000, 9407b31fd0159dc4dd3f5377e3b18e4b4aafef2977a52e76b95c3f899cbb05ad-1=10000}
12:09:56.344 [main] DEBUG com.samourai.wallet.cahoots.AbstractCahoots2xService -  * tx=  d88d8c520f9371f67fe77ca51715223785460c901252667e5d3088e09bfb1622
  version 2
  opts into full replace-by-fee
     in   
          outpoint:9407b31fd0159dc4dd3f5377e3b18e4b4aafef2977a52e76b95c3f899cbb05ad:1
          sequence:fffffffd, opts into full RBF
     in   
          outpoint:14cf9c6be92efcfe628aabd32b02c85e763615ddd430861bc18f6d366e4c4fd5:1
          sequence:fffffffd, opts into full RBF
     out  0[] PUSHDATA(20)[28a90fa3f4f285fc689f389115326dbf96917d62] 0.00015 BTC
     out  0[] PUSHDATA(20)[c92e53e44ae5d9d392aecf1ce7a980b073b01cd6] 0.00004784 BTC
     prps UNKNOWN

12:09:56.344 [main] DEBUG com.samourai.wallet.cahoots.Cahoots2x - signTx:  2cd56ca8314c049270cf389a8aefcef0ffd741baf00e94b9b50d509135c6c2d1
  version 2
  opts into full replace-by-fee
     in   
          outpoint:14cf9c6be92efcfe628aabd32b02c85e763615ddd430861bc18f6d366e4c4fd5:1
          sequence:fffffffd, opts into full RBF
     in   
          outpoint:9407b31fd0159dc4dd3f5377e3b18e4b4aafef2977a52e76b95c3f899cbb05ad:1
          sequence:fffffffd, opts into full RBF
     out  0[] PUSHDATA(20)[c92e53e44ae5d9d392aecf1ce7a980b073b01cd6] 0.00004784 BTC
     out  0[] PUSHDATA(20)[28a90fa3f4f285fc689f389115326dbf96917d62] 0.00015 BTC
     prps UNKNOWN

12:09:56.344 [main] DEBUG com.samourai.wallet.cahoots.Cahoots2x - signTx outpoint:9407b31fd0159dc4dd3f5377e3b18e4b4aafef2977a52e76b95c3f899cbb05ad:1
12:09:56.344 [main] DEBUG com.samourai.wallet.cahoots.Cahoots2x - signTx bech32:tb1qyvqh86akdkhnh8fh7j0q7n8j78k0wruz5et8tj
12:09:56.344 [main] DEBUG com.samourai.wallet.cahoots.Cahoots2x - signTx value:10000
12:09:56.344 [main] DEBUG com.samourai.wallet.cahoots.AbstractCahootsService - [STOWAWAY/COUNTERPARTY] computeSpendAmount: keyBag=[9407b31fd0159dc4dd3f5377e3b18e4b4aafef2977a52e76b95c3f899cbb05ad:1]
12:09:56.344 [main] DEBUG com.samourai.wallet.cahoots.AbstractCahootsService - [STOWAWAY/COUNTERPARTY] computeSpendAmount: +input 10000 9407b31fd0159dc4dd3f5377e3b18e4b4aafef2977a52e76b95c3f899cbb05ad:1
12:09:56.344 [main] DEBUG com.samourai.wallet.cahoots.AbstractCahootsService - [STOWAWAY/COUNTERPARTY] computeSpendAmount: -output 15000 tb1q9z5slgl572zlc6yl8zg32vndh7tfzltzz3pw8w
12:09:56.344 [main] DEBUG com.samourai.wallet.cahoots.AbstractCahootsService - [STOWAWAY/COUNTERPARTY] computeSpendAmount = -5000
12:09:56.344 [main] DEBUG com.samourai.wallet.cahoots.stowaway.StowawayService - [STOWAWAY/COUNTERPARTY] maxSpendAmount = 0 (receives money)
12:09:56.344 [main] DEBUG com.samourai.wallet.cahoots.AbstractCahoots2xService - [STOWAWAY/COUNTERPARTY] COUNTERPARTY verifiedSpendAmount=-5000, maxSpendAmount=0
12:09:56.344 [main] DEBUG com.samourai.wallet.cahoots.AbstractCahoots2xService - ###### END doStep3 STOWAWAY/COUNTERPARTY
12:09:56.344 [main] DEBUG com.samourai.wallet.cahoots.AbstractCahoots2xService -  * outpoints={14cf9c6be92efcfe628aabd32b02c85e763615ddd430861bc18f6d366e4c4fd5-1=10000, 9407b31fd0159dc4dd3f5377e3b18e4b4aafef2977a52e76b95c3f899cbb05ad-1=10000}
12:09:56.344 [main] DEBUG com.samourai.wallet.cahoots.AbstractCahoots2xService -  * tx=  2cd56ca8314c049270cf389a8aefcef0ffd741baf00e94b9b50d509135c6c2d1
  version 2
  opts into full replace-by-fee
     in   
          outpoint:14cf9c6be92efcfe628aabd32b02c85e763615ddd430861bc18f6d366e4c4fd5:1
          sequence:fffffffd, opts into full RBF
     in   
          outpoint:9407b31fd0159dc4dd3f5377e3b18e4b4aafef2977a52e76b95c3f899cbb05ad:1
          sequence:fffffffd, opts into full RBF
     out  0[] PUSHDATA(20)[c92e53e44ae5d9d392aecf1ce7a980b073b01cd6] 0.00004784 BTC
     out  0[] PUSHDATA(20)[28a90fa3f4f285fc689f389115326dbf96917d62] 0.00015 BTC
     prps UNKNOWN

12:09:56.344 [main] DEBUG com.samourai.wallet.cahoots.stowaway.StowawayService - # Stowaway COUNTERPARTY => step=3
12:09:56.345 [main] DEBUG com.samourai.wallet.cahoots.AbstractCahootsTest - #3 COUNTERPARTY => {"cahoots":{"fingerprint_collab":"f0d70870","psbt":"abZy8000000rl[#35Q2.2T><g/xvjk+L^HG@Vl!i>OuHr-pv6/B4L])+Z<&jJ{?$<z!@:%.(lwgwS)buLUMik2<CvNW1Fdh&-NW8pHZ*0]ummm>(cBr}hRx#z^Q+6b+FC.4.iy?cX^nC][fb*G>NGHEs6H}D33j?QiMeF{^+n-/fbT:e.51(qEnA3Y?E9r*%jWcW>ptfd1ki(G}wU&9Yfo:]c5hcXL.WLThuK/]HgV0eBgiV-vSA-!NqB!Xb}wPsyU:<]Ym9a251)KVf]o#*$o-HwJ!6Gr1-dSaY7Yllcw4ga!r3nH!6L]V$b4He!IgiA/{**)-i<X50.02qCQ>P.j$D/ivsGOjC?W[AzsAq**#w5S)Dol{mF9!K/+rKc&%wG","cpty_account":2147483646,"spend_amount":5000,"outpoints":[{"value":10000,"outpoint":"14cf9c6be92efcfe628aabd32b02c85e763615ddd430861bc18f6d366e4c4fd5-1"},{"value":10000,"outpoint":"9407b31fd0159dc4dd3f5377e3b18e4b4aafef2977a52e76b95c3f899cbb05ad-1"}],"type":1,"params":"testnet","dest":"tb1q9z5slgl572zlc6yl8zg32vndh7tfzltzz3pw8w","version":2,"fee_amount":216,"fingerprint":"eed8a1cd","step":3,"id":"adcab9d6072e084331df661332c484768c41b037b9e90f6439c8136ca2afd6ac","account":2147483646,"ts":1711645796}}
12:09:56.345 [main] DEBUG com.samourai.wallet.cahoots.stowaway.StowawayService - # Stowaway SENDER <= step=3
12:09:56.345 [main] DEBUG com.samourai.wallet.cahoots.AbstractCahoots2xService - ###### BEGIN doStep4 STOWAWAY/SENDER
12:09:56.345 [main] DEBUG com.samourai.wallet.cahoots.AbstractCahoots2xService -  * outpoints={14cf9c6be92efcfe628aabd32b02c85e763615ddd430861bc18f6d366e4c4fd5-1=10000, 9407b31fd0159dc4dd3f5377e3b18e4b4aafef2977a52e76b95c3f899cbb05ad-1=10000}
12:09:56.346 [main] DEBUG com.samourai.wallet.cahoots.AbstractCahoots2xService -  * tx=  2cd56ca8314c049270cf389a8aefcef0ffd741baf00e94b9b50d509135c6c2d1
  version 2
  opts into full replace-by-fee
     in   
          outpoint:14cf9c6be92efcfe628aabd32b02c85e763615ddd430861bc18f6d366e4c4fd5:1
          sequence:fffffffd, opts into full RBF
     in   
          outpoint:9407b31fd0159dc4dd3f5377e3b18e4b4aafef2977a52e76b95c3f899cbb05ad:1
          sequence:fffffffd, opts into full RBF
     out  0[] PUSHDATA(20)[c92e53e44ae5d9d392aecf1ce7a980b073b01cd6] 0.00004784 BTC
     out  0[] PUSHDATA(20)[28a90fa3f4f285fc689f389115326dbf96917d62] 0.00015 BTC
     prps UNKNOWN

12:09:56.346 [main] DEBUG com.samourai.wallet.cahoots.Cahoots2x - signTx:  2cd56ca8314c049270cf389a8aefcef0ffd741baf00e94b9b50d509135c6c2d1
  version 2
  opts into full replace-by-fee
     in   
          outpoint:14cf9c6be92efcfe628aabd32b02c85e763615ddd430861bc18f6d366e4c4fd5:1
          sequence:fffffffd, opts into full RBF
     in   
          outpoint:9407b31fd0159dc4dd3f5377e3b18e4b4aafef2977a52e76b95c3f899cbb05ad:1
          sequence:fffffffd, opts into full RBF
     out  0[] PUSHDATA(20)[c92e53e44ae5d9d392aecf1ce7a980b073b01cd6] 0.00004784 BTC
     out  0[] PUSHDATA(20)[28a90fa3f4f285fc689f389115326dbf96917d62] 0.00015 BTC
     prps UNKNOWN

12:09:56.346 [main] DEBUG com.samourai.wallet.cahoots.Cahoots2x - signTx outpoint:14cf9c6be92efcfe628aabd32b02c85e763615ddd430861bc18f6d366e4c4fd5:1
12:09:56.346 [main] DEBUG com.samourai.wallet.cahoots.Cahoots2x - signTx bech32:tb1qyvqh86akdkhnh8fh7j0q7n8j78k0wruz5et8tj
12:09:56.346 [main] DEBUG com.samourai.wallet.cahoots.Cahoots2x - signTx value:10000
12:09:56.346 [main] DEBUG com.samourai.wallet.cahoots.AbstractCahootsService - [STOWAWAY/SENDER] computeSpendAmount: keyBag=[14cf9c6be92efcfe628aabd32b02c85e763615ddd430861bc18f6d366e4c4fd5:1]
12:09:56.346 [main] DEBUG com.samourai.wallet.cahoots.AbstractCahootsService - [STOWAWAY/SENDER] computeSpendAmount: +input 10000 14cf9c6be92efcfe628aabd32b02c85e763615ddd430861bc18f6d366e4c4fd5:1
12:09:56.346 [main] DEBUG com.samourai.wallet.cahoots.AbstractCahootsService - [STOWAWAY/SENDER] computeSpendAmount: -output 4784 tb1qeyh98ez2uhva8y4weuww02vqkpemq8xkrsr4mh
12:09:56.346 [main] DEBUG com.samourai.wallet.cahoots.AbstractCahootsService - [STOWAWAY/SENDER] computeSpendAmount = 5216
12:09:56.346 [main] DEBUG com.samourai.wallet.cahoots.stowaway.StowawayService - [STOWAWAY/SENDER] maxSpendAmount = 5216: amount=5000 + minerFee=216
12:09:56.346 [main] DEBUG com.samourai.wallet.cahoots.AbstractCahoots2xService - [STOWAWAY/SENDER] SENDER verifiedSpendAmount=5216, maxSpendAmount=5216
12:09:56.346 [main] DEBUG com.samourai.wallet.cahoots.AbstractCahootsService - checkFee: feeActual=216, feeExpected=216
12:09:56.346 [main] DEBUG com.samourai.wallet.cahoots.AbstractCahoots2xService - ###### END doStep4 STOWAWAY/SENDER
12:09:56.346 [main] DEBUG com.samourai.wallet.cahoots.AbstractCahoots2xService -  * outpoints={14cf9c6be92efcfe628aabd32b02c85e763615ddd430861bc18f6d366e4c4fd5-1=10000, 9407b31fd0159dc4dd3f5377e3b18e4b4aafef2977a52e76b95c3f899cbb05ad-1=10000}
12:09:56.346 [main] DEBUG com.samourai.wallet.cahoots.AbstractCahoots2xService -  * tx=  2cd56ca8314c049270cf389a8aefcef0ffd741baf00e94b9b50d509135c6c2d1
  version 2
  opts into full replace-by-fee
     in   
          outpoint:14cf9c6be92efcfe628aabd32b02c85e763615ddd430861bc18f6d366e4c4fd5:1
          sequence:fffffffd, opts into full RBF
     in   
          outpoint:9407b31fd0159dc4dd3f5377e3b18e4b4aafef2977a52e76b95c3f899cbb05ad:1
          sequence:fffffffd, opts into full RBF
     out  0[] PUSHDATA(20)[c92e53e44ae5d9d392aecf1ce7a980b073b01cd6] 0.00004784 BTC
     out  0[] PUSHDATA(20)[28a90fa3f4f285fc689f389115326dbf96917d62] 0.00015 BTC
     prps UNKNOWN

12:09:56.346 [main] DEBUG com.samourai.wallet.cahoots.stowaway.StowawayService - # Stowaway SENDER => step=4
12:09:56.347 [main] DEBUG com.samourai.wallet.cahoots.AbstractCahootsTest - #4 SENDER => {"cahoots":{"fingerprint_collab":"f0d70870","psbt":"abZy8000000rof0s/JF@2&ew#QSXIy@*cD1D9q}gPfi-f1OAhl>As&^NfhRCueuKDh)$u$&Nxj8VpPN2RbHR5lv8S))i1)C3WW=WLI2mvO&Mqd{L2QxIc0hRu^ipg.()JlXFI%x4l>u*FtNWExSvkzCH.lJi[Kx^[N9vi=h6!j{I-g4p=2>L[/(ca+pirLW?C/<})a.h?RWd5=^aY(9Yfo:]c5fS?kz7G(tPz^ar8t!BZZYm0<7W.CIhCsK1+&:)#0Uq>C]QGeJB9ie[:gvw$rmT@we1$1RC$+&eg]]:/v>r[Ekk#Irb*Kj?rm*O=Dw]8d.61}<K!iT+j^ob=NYEZ-YM)n@?2McM$c78Rm)V{CLTGq571@T]uYuzzto[kCM78l7>B}yIYubm=5b%Fr<QZ(=%q8-.G?([x(@>b=Bv)kP}0Fdsn/J^S$gL&?WSste7!-?b)<jMxLLN{DN{sG==nrKM3fu000","cpty_account":2147483646,"spend_amount":5000,"outpoints":[{"value":10000,"outpoint":"14cf9c6be92efcfe628aabd32b02c85e763615ddd430861bc18f6d366e4c4fd5-1"},{"value":10000,"outpoint":"9407b31fd0159dc4dd3f5377e3b18e4b4aafef2977a52e76b95c3f899cbb05ad-1"}],"type":1,"params":"testnet","dest":"tb1q9z5slgl572zlc6yl8zg32vndh7tfzltzz3pw8w","version":2,"fee_amount":216,"fingerprint":"eed8a1cd","step":4,"id":"adcab9d6072e084331df661332c484768c41b037b9e90f6439c8136ca2afd6ac","account":2147483646,"ts":1711645796}}
12:09:56.348 [main] DEBUG com.samourai.wallet.test.AbstractTest -   2cd56ca8314c049270cf389a8aefcef0ffd741baf00e94b9b50d509135c6c2d1
  version 2
  opts into full replace-by-fee
     in   
          outpoint:14cf9c6be92efcfe628aabd32b02c85e763615ddd430861bc18f6d366e4c4fd5:1
          sequence:fffffffd, opts into full RBF
     in   
          outpoint:9407b31fd0159dc4dd3f5377e3b18e4b4aafef2977a52e76b95c3f899cbb05ad:1
          sequence:fffffffd, opts into full RBF
     out  0[] PUSHDATA(20)[c92e53e44ae5d9d392aecf1ce7a980b073b01cd6] 0.00004784 BTC
     out  0[] PUSHDATA(20)[28a90fa3f4f285fc689f389115326dbf96917d62] 0.00015 BTC
     prps UNKNOWN

12:09:56.348 [main] DEBUG com.samourai.wallet.test.AbstractTest - outputsActuals: {tb1q9z5slgl572zlc6yl8zg32vndh7tfzltzz3pw8w=15000, tb1qeyh98ez2uhva8y4weuww02vqkpemq8xkrsr4mh=4784}
]]></system-out>
  </testcase>
  <testcase name="Stowaway" classname="com.samourai.wallet.cahoots.StowawayServiceTest" time="0.363">
    <system-out><![CDATA[12:09:56.358 [main] DEBUG com.samourai.http.client.JettyHttpClient - +httpClient: no proxy
12:09:56.509 [main] DEBUG com.samourai.wallet.bipWallet.WalletSupplierImpl - +BipWallet[DEPOSIT_BIP44]: BipWallet{id='DEPOSIT_BIP44', samouraiAccount=DEPOSIT, derivation=BipDerivation{purpose=44, accountIndex=0}, bipFormatDefault=LEGACY, bipFormats=[LEGACY], xPub='tpu...LwY', bipPub='tpu...LwY'}
12:09:56.509 [main] DEBUG com.samourai.wallet.bipWallet.WalletSupplierImpl - +BipWallet[DEPOSIT_BIP49]: BipWallet{id='DEPOSIT_BIP49', samouraiAccount=DEPOSIT, derivation=BipDerivation{purpose=49, accountIndex=0}, bipFormatDefault=SEGWIT_COMPAT, bipFormats=[SEGWIT_COMPAT], xPub='tpu...eV2', bipPub='upu...38D'}
12:09:56.509 [main] DEBUG com.samourai.wallet.bipWallet.WalletSupplierImpl - +BipWallet[DEPOSIT_BIP84]: BipWallet{id='DEPOSIT_BIP84', samouraiAccount=DEPOSIT, derivation=BipDerivation{purpose=84, accountIndex=0}, bipFormatDefault=SEGWIT_NATIVE, bipFormats=[SEGWIT_NATIVE], xPub='tpu...re9', bipPub='vpu...dCu'}
12:09:56.509 [main] DEBUG com.samourai.wallet.bipWallet.WalletSupplierImpl - +BipWallet[PREMIX_BIP84]: BipWallet{id='PREMIX_BIP84', samouraiAccount=PREMIX, derivation=BipDerivation{purpose=84, accountIndex=2147483645}, bipFormatDefault=SEGWIT_NATIVE, bipFormats=[SEGWIT_NATIVE], xPub='tpu...hvr', bipPub='vpu...4mL'}
12:09:56.509 [main] DEBUG com.samourai.wallet.bipWallet.WalletSupplierImpl - +BipWallet[POSTMIX_BIP84]: BipWallet{id='POSTMIX_BIP84', samouraiAccount=POSTMIX, derivation=BipDerivation{purpose=84, accountIndex=2147483646}, bipFormatDefault=SEGWIT_NATIVE, bipFormats=[SEGWIT_NATIVE, SEGWIT_COMPAT, LEGACY], xPub='tpu...sQD', bipPub='vpu...nrW'}
12:09:56.509 [main] DEBUG com.samourai.wallet.bipWallet.WalletSupplierImpl - +BipWallet[ASB_BIP84]: BipWallet{id='ASB_BIP84', samouraiAccount=SWAPS_ASB, derivation=BipDerivation{purpose=84, accountIndex=2147483641}, bipFormatDefault=SEGWIT_NATIVE, bipFormats=[SEGWIT_NATIVE], xPub='tpu...p4i', bipPub='vpu...sEH'}
12:09:56.509 [main] DEBUG com.samourai.wallet.bipWallet.WalletSupplierImpl - +BipWallet[SWAPS_DEPOSIT]: BipWallet{id='SWAPS_DEPOSIT', samouraiAccount=SWAPS_DEPOSIT, derivation=BipDerivation{purpose=84, accountIndex=2147483643}, bipFormatDefault=SEGWIT_NATIVE, bipFormats=[SEGWIT_NATIVE], xPub='tpu...3s7', bipPub='vpu...HpJ'}
12:09:56.509 [main] DEBUG com.samourai.wallet.bipWallet.WalletSupplierImpl - +BipWallet[SWAPS_REFUNDS]: BipWallet{id='SWAPS_REFUNDS', samouraiAccount=SWAPS_REFUNDS, derivation=BipDerivation{purpose=84, accountIndex=2147483642}, bipFormatDefault=SEGWIT_NATIVE, bipFormats=[SEGWIT_NATIVE], xPub='tpu...rMX', bipPub='vpu...Sr9'}
12:09:56.509 [main] DEBUG com.samourai.wallet.bipWallet.WalletSupplierImpl - +BipWallet[BADBANK_BIP84]: BipWallet{id='BADBANK_BIP84', samouraiAccount=BADBANK, derivation=BipDerivation{purpose=84, accountIndex=2147483644}, bipFormatDefault=SEGWIT_NATIVE, bipFormats=[SEGWIT_NATIVE], xPub='tpu...hmu', bipPub='vpu...tNY'}
12:09:56.509 [main] DEBUG com.samourai.wallet.bipWallet.WalletSupplierImpl - +BipWallet[RICOCHET_BIP84]: BipWallet{id='RICOCHET_BIP84', samouraiAccount=RICOCHET, derivation=BipDerivation{purpose=84, accountIndex=2147483647}, bipFormatDefault=SEGWIT_NATIVE, bipFormats=[SEGWIT_NATIVE], xPub='tpu...UMc', bipPub='vpu...knj'}
12:09:56.509 [main] DEBUG com.samourai.wallet.api.backend.BackendApi - urlBackend=https://api.samouraiwallet.com/test/v2, oAuth=no
12:09:56.509 [main] DEBUG com.samourai.wallet.util.LogbackUtils - Log level set to DEBUG for the logger 'com.samourai'
12:09:56.509 [main] DEBUG com.samourai.wallet.util.LogbackUtils - Log level set to DEBUG for the logger 'com.samourai.whirlpool.client'
12:09:56.509 [main] DEBUG com.samourai.wallet.util.LogbackUtils - Log level set to DEBUG for the logger 'com.samourai.whirlpool.client.mix.dialog'
12:09:56.509 [main] DEBUG com.samourai.wallet.util.LogbackUtils - Log level set to DEBUG for the logger 'com.samourai.stomp.client'
12:09:56.509 [main] DEBUG com.samourai.wallet.util.LogbackUtils - Log level set to DEBUG for the logger 'com.samourai.wallet.util.FeeUtil'
12:09:56.509 [main] DEBUG com.samourai.wallet.util.LogbackUtils - Log level set to DEBUG for the logger 'com.samourai.whirlpool.client.utils'
12:09:56.509 [main] DEBUG com.samourai.wallet.util.LogbackUtils - Log level set to DEBUG for the logger 'com.samourai.whirlpool.client.wallet'
12:09:56.509 [main] DEBUG com.samourai.wallet.util.LogbackUtils - Log level set to DEBUG for the logger 'com.samourai.wallet.cahoots'
12:09:56.509 [main] DEBUG com.samourai.wallet.util.LogbackUtils - Log level set to DEBUG for the logger 'com.samourai.wallet.cahoots.stowaway'
12:09:56.509 [main] DEBUG com.samourai.wallet.util.LogbackUtils - Log level set to DEBUG for the logger 'com.samourai.wallet.cahoots.stonewallx2'
12:09:56.509 [main] DEBUG com.samourai.wallet.util.LogbackUtils - Log level set to DEBUG for the logger 'com.samourai.wallet.sorobanClient'
12:09:56.509 [main] DEBUG com.samourai.wallet.util.LogbackUtils - Log level set to DEBUG for the logger 'com.samourai.soroban.client'
12:09:56.509 [main] DEBUG com.samourai.wallet.util.LogbackUtils - Log level set to DEBUG for the logger 'com.samourai.soroban.client.rpc'
12:09:56.509 [main] DEBUG com.samourai.wallet.util.LogbackUtils - Log level set to DEBUG for the logger 'com.samourai.soroban.client.dialog'
12:09:56.509 [main] DEBUG com.samourai.wallet.util.LogbackUtils - Log level set to DEBUG for the logger 'com.samourai.soroban.client.meeting'
12:09:56.509 [main] DEBUG com.samourai.wallet.util.LogbackUtils - Log level set to DEBUG for the logger 'com.samourai.whirlpool.client.wallet.orchestrator'
12:09:56.509 [main] DEBUG com.samourai.wallet.util.LogbackUtils - Log level set to ERROR for the logger 'org.bitcoinj'
12:09:56.509 [main] DEBUG com.samourai.wallet.util.LogbackUtils - Log level set to WARN for the logger 'org.bitcoin'
12:09:56.509 [main] DEBUG com.samourai.wallet.util.LogbackUtils - Log level set to INFO for the logger 'org.eclipse.jetty'
12:09:56.583 [main] DEBUG com.samourai.wallet.bipWallet.WalletSupplierImpl - +BipWallet[DEPOSIT_BIP44]: BipWallet{id='DEPOSIT_BIP44', samouraiAccount=DEPOSIT, derivation=BipDerivation{purpose=44, accountIndex=0}, bipFormatDefault=LEGACY, bipFormats=[LEGACY], xPub='tpu...LZp', bipPub='tpu...LZp'}
12:09:56.583 [main] DEBUG com.samourai.wallet.bipWallet.WalletSupplierImpl - +BipWallet[DEPOSIT_BIP49]: BipWallet{id='DEPOSIT_BIP49', samouraiAccount=DEPOSIT, derivation=BipDerivation{purpose=49, accountIndex=0}, bipFormatDefault=SEGWIT_COMPAT, bipFormats=[SEGWIT_COMPAT], xPub='tpu...2dH', bipPub='upu...bSs'}
12:09:56.583 [main] DEBUG com.samourai.wallet.bipWallet.WalletSupplierImpl - +BipWallet[DEPOSIT_BIP84]: BipWallet{id='DEPOSIT_BIP84', samouraiAccount=DEPOSIT, derivation=BipDerivation{purpose=84, accountIndex=0}, bipFormatDefault=SEGWIT_NATIVE, bipFormats=[SEGWIT_NATIVE], xPub='tpu...MfN', bipPub='vpu...sew'}
12:09:56.583 [main] DEBUG com.samourai.wallet.bipWallet.WalletSupplierImpl - +BipWallet[PREMIX_BIP84]: BipWallet{id='PREMIX_BIP84', samouraiAccount=PREMIX, derivation=BipDerivation{purpose=84, accountIndex=2147483645}, bipFormatDefault=SEGWIT_NATIVE, bipFormats=[SEGWIT_NATIVE], xPub='tpu...y1p', bipPub='vpu...D4a'}
12:09:56.583 [main] DEBUG com.samourai.wallet.bipWallet.WalletSupplierImpl - +BipWallet[POSTMIX_BIP84]: BipWallet{id='POSTMIX_BIP84', samouraiAccount=POSTMIX, derivation=BipDerivation{purpose=84, accountIndex=2147483646}, bipFormatDefault=SEGWIT_NATIVE, bipFormats=[SEGWIT_NATIVE, SEGWIT_COMPAT, LEGACY], xPub='tpu...NLN', bipPub='vpu...RKR'}
12:09:56.583 [main] DEBUG com.samourai.wallet.bipWallet.WalletSupplierImpl - +BipWallet[BADBANK_BIP84]: BipWallet{id='BADBANK_BIP84', samouraiAccount=BADBANK, derivation=BipDerivation{purpose=84, accountIndex=2147483644}, bipFormatDefault=SEGWIT_NATIVE, bipFormats=[SEGWIT_NATIVE], xPub='tpu...86t', bipPub='vpu...XXs'}
12:09:56.677 [main] DEBUG com.samourai.wallet.bipWallet.WalletSupplierImpl - +BipWallet[DEPOSIT_BIP44]: BipWallet{id='DEPOSIT_BIP44', samouraiAccount=DEPOSIT, derivation=BipDerivation{purpose=44, accountIndex=0}, bipFormatDefault=LEGACY, bipFormats=[LEGACY], xPub='tpu...XeJ', bipPub='tpu...XeJ'}
12:09:56.677 [main] DEBUG com.samourai.wallet.bipWallet.WalletSupplierImpl - +BipWallet[DEPOSIT_BIP49]: BipWallet{id='DEPOSIT_BIP49', samouraiAccount=DEPOSIT, derivation=BipDerivation{purpose=49, accountIndex=0}, bipFormatDefault=SEGWIT_COMPAT, bipFormats=[SEGWIT_COMPAT], xPub='tpu...TBn', bipPub='upu...QVy'}
12:09:56.677 [main] DEBUG com.samourai.wallet.bipWallet.WalletSupplierImpl - +BipWallet[DEPOSIT_BIP84]: BipWallet{id='DEPOSIT_BIP84', samouraiAccount=DEPOSIT, derivation=BipDerivation{purpose=84, accountIndex=0}, bipFormatDefault=SEGWIT_NATIVE, bipFormats=[SEGWIT_NATIVE], xPub='tpu...Nbr', bipPub='vpu...R4q'}
12:09:56.677 [main] DEBUG com.samourai.wallet.bipWallet.WalletSupplierImpl - +BipWallet[PREMIX_BIP84]: BipWallet{id='PREMIX_BIP84', samouraiAccount=PREMIX, derivation=BipDerivation{purpose=84, accountIndex=2147483645}, bipFormatDefault=SEGWIT_NATIVE, bipFormats=[SEGWIT_NATIVE], xPub='tpu...ZBX', bipPub='vpu...XxM'}
12:09:56.677 [main] DEBUG com.samourai.wallet.bipWallet.WalletSupplierImpl - +BipWallet[POSTMIX_BIP84]: BipWallet{id='POSTMIX_BIP84', samouraiAccount=POSTMIX, derivation=BipDerivation{purpose=84, accountIndex=2147483646}, bipFormatDefault=SEGWIT_NATIVE, bipFormats=[SEGWIT_NATIVE, SEGWIT_COMPAT, LEGACY], xPub='tpu...do5', bipPub='vpu...2eX'}
12:09:56.677 [main] DEBUG com.samourai.wallet.bipWallet.WalletSupplierImpl - +BipWallet[BADBANK_BIP84]: BipWallet{id='BADBANK_BIP84', samouraiAccount=BADBANK, derivation=BipDerivation{purpose=84, accountIndex=2147483644}, bipFormatDefault=SEGWIT_NATIVE, bipFormats=[SEGWIT_NATIVE], xPub='tpu...QxP', bipPub='vpu...M4F'}
12:09:56.706 [main] DEBUG com.samourai.http.client.JettyHttpClient - +httpClient: no proxy
12:09:56.856 [main] DEBUG com.samourai.wallet.bipWallet.WalletSupplierImpl - +BipWallet[DEPOSIT_BIP44]: BipWallet{id='DEPOSIT_BIP44', samouraiAccount=DEPOSIT, derivation=BipDerivation{purpose=44, accountIndex=0}, bipFormatDefault=LEGACY, bipFormats=[LEGACY], xPub='tpu...LwY', bipPub='tpu...LwY'}
12:09:56.856 [main] DEBUG com.samourai.wallet.bipWallet.WalletSupplierImpl - +BipWallet[DEPOSIT_BIP49]: BipWallet{id='DEPOSIT_BIP49', samouraiAccount=DEPOSIT, derivation=BipDerivation{purpose=49, accountIndex=0}, bipFormatDefault=SEGWIT_COMPAT, bipFormats=[SEGWIT_COMPAT], xPub='tpu...eV2', bipPub='upu...38D'}
12:09:56.856 [main] DEBUG com.samourai.wallet.bipWallet.WalletSupplierImpl - +BipWallet[DEPOSIT_BIP84]: BipWallet{id='DEPOSIT_BIP84', samouraiAccount=DEPOSIT, derivation=BipDerivation{purpose=84, accountIndex=0}, bipFormatDefault=SEGWIT_NATIVE, bipFormats=[SEGWIT_NATIVE], xPub='tpu...re9', bipPub='vpu...dCu'}
12:09:56.856 [main] DEBUG com.samourai.wallet.bipWallet.WalletSupplierImpl - +BipWallet[PREMIX_BIP84]: BipWallet{id='PREMIX_BIP84', samouraiAccount=PREMIX, derivation=BipDerivation{purpose=84, accountIndex=2147483645}, bipFormatDefault=SEGWIT_NATIVE, bipFormats=[SEGWIT_NATIVE], xPub='tpu...hvr', bipPub='vpu...4mL'}
12:09:56.856 [main] DEBUG com.samourai.wallet.bipWallet.WalletSupplierImpl - +BipWallet[POSTMIX_BIP84]: BipWallet{id='POSTMIX_BIP84', samouraiAccount=POSTMIX, derivation=BipDerivation{purpose=84, accountIndex=2147483646}, bipFormatDefault=SEGWIT_NATIVE, bipFormats=[SEGWIT_NATIVE, SEGWIT_COMPAT, LEGACY], xPub='tpu...sQD', bipPub='vpu...nrW'}
12:09:56.856 [main] DEBUG com.samourai.wallet.bipWallet.WalletSupplierImpl - +BipWallet[ASB_BIP84]: BipWallet{id='ASB_BIP84', samouraiAccount=SWAPS_ASB, derivation=BipDerivation{purpose=84, accountIndex=2147483641}, bipFormatDefault=SEGWIT_NATIVE, bipFormats=[SEGWIT_NATIVE], xPub='tpu...p4i', bipPub='vpu...sEH'}
12:09:56.856 [main] DEBUG com.samourai.wallet.bipWallet.WalletSupplierImpl - +BipWallet[SWAPS_DEPOSIT]: BipWallet{id='SWAPS_DEPOSIT', samouraiAccount=SWAPS_DEPOSIT, derivation=BipDerivation{purpose=84, accountIndex=2147483643}, bipFormatDefault=SEGWIT_NATIVE, bipFormats=[SEGWIT_NATIVE], xPub='tpu...3s7', bipPub='vpu...HpJ'}
12:09:56.856 [main] DEBUG com.samourai.wallet.bipWallet.WalletSupplierImpl - +BipWallet[SWAPS_REFUNDS]: BipWallet{id='SWAPS_REFUNDS', samouraiAccount=SWAPS_REFUNDS, derivation=BipDerivation{purpose=84, accountIndex=2147483642}, bipFormatDefault=SEGWIT_NATIVE, bipFormats=[SEGWIT_NATIVE], xPub='tpu...rMX', bipPub='vpu...Sr9'}
12:09:56.856 [main] DEBUG com.samourai.wallet.bipWallet.WalletSupplierImpl - +BipWallet[BADBANK_BIP84]: BipWallet{id='BADBANK_BIP84', samouraiAccount=BADBANK, derivation=BipDerivation{purpose=84, accountIndex=2147483644}, bipFormatDefault=SEGWIT_NATIVE, bipFormats=[SEGWIT_NATIVE], xPub='tpu...hmu', bipPub='vpu...tNY'}
12:09:56.856 [main] DEBUG com.samourai.wallet.bipWallet.WalletSupplierImpl - +BipWallet[RICOCHET_BIP84]: BipWallet{id='RICOCHET_BIP84', samouraiAccount=RICOCHET, derivation=BipDerivation{purpose=84, accountIndex=2147483647}, bipFormatDefault=SEGWIT_NATIVE, bipFormats=[SEGWIT_NATIVE], xPub='tpu...UMc', bipPub='vpu...knj'}
12:09:56.856 [main] DEBUG com.samourai.wallet.api.backend.BackendApi - urlBackend=https://api.samouraiwallet.com/test/v2, oAuth=no
12:09:56.856 [main] DEBUG com.samourai.wallet.util.LogbackUtils - Log level set to DEBUG for the logger 'com.samourai'
12:09:56.856 [main] DEBUG com.samourai.wallet.util.LogbackUtils - Log level set to DEBUG for the logger 'com.samourai.whirlpool.client'
12:09:56.856 [main] DEBUG com.samourai.wallet.util.LogbackUtils - Log level set to DEBUG for the logger 'com.samourai.whirlpool.client.mix.dialog'
12:09:56.856 [main] DEBUG com.samourai.wallet.util.LogbackUtils - Log level set to DEBUG for the logger 'com.samourai.stomp.client'
12:09:56.856 [main] DEBUG com.samourai.wallet.util.LogbackUtils - Log level set to DEBUG for the logger 'com.samourai.wallet.util.FeeUtil'
12:09:56.856 [main] DEBUG com.samourai.wallet.util.LogbackUtils - Log level set to DEBUG for the logger 'com.samourai.whirlpool.client.utils'
12:09:56.856 [main] DEBUG com.samourai.wallet.util.LogbackUtils - Log level set to DEBUG for the logger 'com.samourai.whirlpool.client.wallet'
12:09:56.856 [main] DEBUG com.samourai.wallet.util.LogbackUtils - Log level set to DEBUG for the logger 'com.samourai.wallet.cahoots'
12:09:56.856 [main] DEBUG com.samourai.wallet.util.LogbackUtils - Log level set to DEBUG for the logger 'com.samourai.wallet.cahoots.stowaway'
12:09:56.856 [main] DEBUG com.samourai.wallet.util.LogbackUtils - Log level set to DEBUG for the logger 'com.samourai.wallet.cahoots.stonewallx2'
12:09:56.856 [main] DEBUG com.samourai.wallet.util.LogbackUtils - Log level set to DEBUG for the logger 'com.samourai.wallet.sorobanClient'
12:09:56.857 [main] DEBUG com.samourai.wallet.util.LogbackUtils - Log level set to DEBUG for the logger 'com.samourai.soroban.client'
12:09:56.857 [main] DEBUG com.samourai.wallet.util.LogbackUtils - Log level set to DEBUG for the logger 'com.samourai.soroban.client.rpc'
12:09:56.857 [main] DEBUG com.samourai.wallet.util.LogbackUtils - Log level set to DEBUG for the logger 'com.samourai.soroban.client.dialog'
12:09:56.857 [main] DEBUG com.samourai.wallet.util.LogbackUtils - Log level set to DEBUG for the logger 'com.samourai.soroban.client.meeting'
12:09:56.857 [main] DEBUG com.samourai.wallet.util.LogbackUtils - Log level set to DEBUG for the logger 'com.samourai.whirlpool.client.wallet.orchestrator'
12:09:56.857 [main] DEBUG com.samourai.wallet.util.LogbackUtils - Log level set to ERROR for the logger 'org.bitcoinj'
12:09:56.857 [main] DEBUG com.samourai.wallet.util.LogbackUtils - Log level set to WARN for the logger 'org.bitcoin'
12:09:56.857 [main] DEBUG com.samourai.wallet.util.LogbackUtils - Log level set to INFO for the logger 'org.eclipse.jetty'
12:09:56.933 [main] DEBUG com.samourai.wallet.bipWallet.WalletSupplierImpl - +BipWallet[DEPOSIT_BIP44]: BipWallet{id='DEPOSIT_BIP44', samouraiAccount=DEPOSIT, derivation=BipDerivation{purpose=44, accountIndex=0}, bipFormatDefault=LEGACY, bipFormats=[LEGACY], xPub='tpu...LZp', bipPub='tpu...LZp'}
12:09:56.933 [main] DEBUG com.samourai.wallet.bipWallet.WalletSupplierImpl - +BipWallet[DEPOSIT_BIP49]: BipWallet{id='DEPOSIT_BIP49', samouraiAccount=DEPOSIT, derivation=BipDerivation{purpose=49, accountIndex=0}, bipFormatDefault=SEGWIT_COMPAT, bipFormats=[SEGWIT_COMPAT], xPub='tpu...2dH', bipPub='upu...bSs'}
12:09:56.933 [main] DEBUG com.samourai.wallet.bipWallet.WalletSupplierImpl - +BipWallet[DEPOSIT_BIP84]: BipWallet{id='DEPOSIT_BIP84', samouraiAccount=DEPOSIT, derivation=BipDerivation{purpose=84, accountIndex=0}, bipFormatDefault=SEGWIT_NATIVE, bipFormats=[SEGWIT_NATIVE], xPub='tpu...MfN', bipPub='vpu...sew'}
12:09:56.933 [main] DEBUG com.samourai.wallet.bipWallet.WalletSupplierImpl - +BipWallet[PREMIX_BIP84]: BipWallet{id='PREMIX_BIP84', samouraiAccount=PREMIX, derivation=BipDerivation{purpose=84, accountIndex=2147483645}, bipFormatDefault=SEGWIT_NATIVE, bipFormats=[SEGWIT_NATIVE], xPub='tpu...y1p', bipPub='vpu...D4a'}
12:09:56.933 [main] DEBUG com.samourai.wallet.bipWallet.WalletSupplierImpl - +BipWallet[POSTMIX_BIP84]: BipWallet{id='POSTMIX_BIP84', samouraiAccount=POSTMIX, derivation=BipDerivation{purpose=84, accountIndex=2147483646}, bipFormatDefault=SEGWIT_NATIVE, bipFormats=[SEGWIT_NATIVE, SEGWIT_COMPAT, LEGACY], xPub='tpu...NLN', bipPub='vpu...RKR'}
12:09:56.933 [main] DEBUG com.samourai.wallet.bipWallet.WalletSupplierImpl - +BipWallet[BADBANK_BIP84]: BipWallet{id='BADBANK_BIP84', samouraiAccount=BADBANK, derivation=BipDerivation{purpose=84, accountIndex=2147483644}, bipFormatDefault=SEGWIT_NATIVE, bipFormats=[SEGWIT_NATIVE], xPub='tpu...86t', bipPub='vpu...XXs'}
12:09:57.031 [main] DEBUG com.samourai.wallet.bipWallet.WalletSupplierImpl - +BipWallet[DEPOSIT_BIP44]: BipWallet{id='DEPOSIT_BIP44', samouraiAccount=DEPOSIT, derivation=BipDerivation{purpose=44, accountIndex=0}, bipFormatDefault=LEGACY, bipFormats=[LEGACY], xPub='tpu...XeJ', bipPub='tpu...XeJ'}
12:09:57.031 [main] DEBUG com.samourai.wallet.bipWallet.WalletSupplierImpl - +BipWallet[DEPOSIT_BIP49]: BipWallet{id='DEPOSIT_BIP49', samouraiAccount=DEPOSIT, derivation=BipDerivation{purpose=49, accountIndex=0}, bipFormatDefault=SEGWIT_COMPAT, bipFormats=[SEGWIT_COMPAT], xPub='tpu...TBn', bipPub='upu...QVy'}
12:09:57.031 [main] DEBUG com.samourai.wallet.bipWallet.WalletSupplierImpl - +BipWallet[DEPOSIT_BIP84]: BipWallet{id='DEPOSIT_BIP84', samouraiAccount=DEPOSIT, derivation=BipDerivation{purpose=84, accountIndex=0}, bipFormatDefault=SEGWIT_NATIVE, bipFormats=[SEGWIT_NATIVE], xPub='tpu...Nbr', bipPub='vpu...R4q'}
12:09:57.031 [main] DEBUG com.samourai.wallet.bipWallet.WalletSupplierImpl - +BipWallet[PREMIX_BIP84]: BipWallet{id='PREMIX_BIP84', samouraiAccount=PREMIX, derivation=BipDerivation{purpose=84, accountIndex=2147483645}, bipFormatDefault=SEGWIT_NATIVE, bipFormats=[SEGWIT_NATIVE], xPub='tpu...ZBX', bipPub='vpu...XxM'}
12:09:57.031 [main] DEBUG com.samourai.wallet.bipWallet.WalletSupplierImpl - +BipWallet[POSTMIX_BIP84]: BipWallet{id='POSTMIX_BIP84', samouraiAccount=POSTMIX, derivation=BipDerivation{purpose=84, accountIndex=2147483646}, bipFormatDefault=SEGWIT_NATIVE, bipFormats=[SEGWIT_NATIVE, SEGWIT_COMPAT, LEGACY], xPub='tpu...do5', bipPub='vpu...2eX'}
12:09:57.031 [main] DEBUG com.samourai.wallet.bipWallet.WalletSupplierImpl - +BipWallet[BADBANK_BIP84]: BipWallet{id='BADBANK_BIP84', samouraiAccount=BADBANK, derivation=BipDerivation{purpose=84, accountIndex=2147483644}, bipFormatDefault=SEGWIT_NATIVE, bipFormats=[SEGWIT_NATIVE], xPub='tpu...QxP', bipPub='vpu...M4F'}
12:09:57.062 [main] DEBUG com.samourai.wallet.cahoots.stowaway.StowawayService - # Stowaway INITIATOR => step=0
12:09:57.062 [main] DEBUG com.samourai.wallet.cahoots.AbstractCahootsTest - #0 SENDER => {"cahoots":{"psbt":"","cpty_account":0,"spend_amount":5000,"outpoints":[],"type":1,"params":"testnet","dest":"","version":2,"fee_amount":0,"fingerprint":"eed8a1cd","step":0,"id":"b17d6d858632594e23eee5d7637db26284985cd32175bc4fb99033a240b604f3","account":0,"ts":1711645797}}
12:09:57.062 [main] DEBUG com.samourai.wallet.cahoots.AbstractCahoots2xService - ###### BEGIN doStowaway1 STOWAWAY/COUNTERPARTY
12:09:57.062 [main] DEBUG com.samourai.wallet.cahoots.AbstractCahoots2xService -  * outpoints={}
12:09:57.062 [main] DEBUG com.samourai.wallet.cahoots.AbstractCahoots2xService -  * tx=null
12:09:57.062 [main] DEBUG com.samourai.wallet.cahoots.stowaway.StowawayService - BIP84 utxos:1
12:09:57.062 [main] DEBUG com.samourai.wallet.cahoots.stowaway.StowawayService - BIP84 selected random utxo: CahootsUtxo{utxo=9407b31fd0159dc4dd3f5377e3b18e4b4aafef2977a52e76b95c3f899cbb05ad:1, value=10000, address=tb1qh287jqsh6mkpqmd8euumyfam00fkr78qhrdnde, path=null, xpub=tpubDCKFqGcC4KmHwUHG6orVRRUQZZZ3s9kQ64YUufULo9SY1E35aJwa2MH18AxuKddtJzfjMzCgKTEgBJx3WAGxYxVdMxeTYK5Xbtsv5P6fNbr}
12:09:57.062 [main] DEBUG com.samourai.wallet.cahoots.stowaway.StowawayService - 1 selected utxos, totalContributedAmount=10000, requiredAmount=5546
12:09:57.062 [main] DEBUG com.samourai.wallet.cahoots.stowaway.StowawayService - +output (CounterParty receive) = tb1q9z5slgl572zlc6yl8zg32vndh7tfzltzz3pw8w
12:09:57.062 [main] DEBUG com.samourai.wallet.cahoots.AbstractCahoots2xService - ###### END doStowaway1 STOWAWAY/COUNTERPARTY
12:09:57.062 [main] DEBUG com.samourai.wallet.cahoots.AbstractCahoots2xService -  * outpoints={9407b31fd0159dc4dd3f5377e3b18e4b4aafef2977a52e76b95c3f899cbb05ad-1=10000}
12:09:57.062 [main] DEBUG com.samourai.wallet.cahoots.AbstractCahoots2xService -  * tx=  d279c972a58341501eb3d4179bdd2528b98ef1682af70781f9d12609623607d3
  version 2
  opts into full replace-by-fee
     in    0.0001 BTC
          outpoint:9407b31fd0159dc4dd3f5377e3b18e4b4aafef2977a52e76b95c3f899cbb05ad:1
          sequence:fffffffd, opts into full RBF
     out  0[] PUSHDATA(20)[28a90fa3f4f285fc689f389115326dbf96917d62] 0.00005 BTC
     fee  0.00060975 BTC/kB, 0.00005 BTC for 82 bytes
     prps UNKNOWN

12:09:57.062 [main] DEBUG com.samourai.wallet.cahoots.stowaway.StowawayService - # Stowaway COUNTERPARTY => step=1
12:09:57.062 [main] DEBUG com.samourai.wallet.cahoots.AbstractCahootsTest - #1 COUNTERPARTY => {"cahoots":{"fingerprint_collab":"f0d70870","psbt":"abZy8000000rk^q:Q{({2T(H[soTv5GElZgY.)ArrQR)X6UkK#asqaLP:g3f[2?>J[y5aB)!c{=IW!B(D7h0bXgh9J!VYMss$dPTE?8$4H+&h#53Hg7XR)Wb21=<rs<OZis6s1JruevaW%Fb@GYI0#0000","cpty_account":0,"spend_amount":5000,"outpoints":[{"value":10000,"outpoint":"9407b31fd0159dc4dd3f5377e3b18e4b4aafef2977a52e76b95c3f899cbb05ad-1"}],"type":1,"params":"testnet","dest":"tb1q9z5slgl572zlc6yl8zg32vndh7tfzltzz3pw8w","version":2,"fee_amount":0,"fingerprint":"eed8a1cd","step":1,"id":"b17d6d858632594e23eee5d7637db26284985cd32175bc4fb99033a240b604f3","account":0,"ts":1711645797}}
12:09:57.063 [main] DEBUG com.samourai.wallet.cahoots.stowaway.StowawayService - # Stowaway SENDER <= step=1
12:09:57.063 [main] DEBUG com.samourai.wallet.cahoots.AbstractCahoots2xService - ###### BEGIN doStowaway2 STOWAWAY/SENDER
12:09:57.063 [main] DEBUG com.samourai.wallet.cahoots.AbstractCahoots2xService -  * outpoints={9407b31fd0159dc4dd3f5377e3b18e4b4aafef2977a52e76b95c3f899cbb05ad-1=10000}
12:09:57.063 [main] DEBUG com.samourai.wallet.cahoots.AbstractCahoots2xService -  * tx=  d279c972a58341501eb3d4179bdd2528b98ef1682af70781f9d12609623607d3
  version 2
  opts into full replace-by-fee
     in   
          outpoint:9407b31fd0159dc4dd3f5377e3b18e4b4aafef2977a52e76b95c3f899cbb05ad:1
          sequence:fffffffd, opts into full RBF
     out  0[] PUSHDATA(20)[28a90fa3f4f285fc689f389115326dbf96917d62] 0.00005 BTC
     prps UNKNOWN

12:09:57.063 [main] DEBUG com.samourai.wallet.cahoots.stowaway.StowawayService - sender account (2):0
12:09:57.063 [main] DEBUG com.samourai.wallet.cahoots.stowaway.StowawayService - step2 tx:0200000001ad05bb9c893f5cb9762ea57729efaf4a4b8eb1e377533fddc49d15d01fb307940100000000fdffffff01881300000000000016001428a90fa3f4f285fc689f389115326dbf96917d6200000000
12:09:57.063 [main] DEBUG com.samourai.wallet.cahoots.stowaway.StowawayService - BIP84 utxos:1
12:09:57.063 [main] DEBUG com.samourai.wallet.cahoots.stowaway.StowawayService - BIP84 selected utxo: CahootsUtxo{utxo=14cf9c6be92efcfe628aabd32b02c85e763615ddd430861bc18f6d366e4c4fd5:1, value=10000, address=tb1qkymumss6zj0rxy9l3v5vqxqwwffy8jjsyhrkrg, path=null, xpub=tpubDDLBK9gJk4HdPCDzF4Yhxx3u6q1QWo7iZAPVHfsFjLp9rUxXf79FPEK4cKMiV1jrJqrCCVJnciMh1kau2xZtjpZ5DoiaK3RbF6MffFWXMfN}
12:09:57.063 [main] DEBUG com.samourai.wallet.cahoots.stowaway.StowawayService - BIP84 post selected utxo: CahootsUtxo{utxo=14cf9c6be92efcfe628aabd32b02c85e763615ddd430861bc18f6d366e4c4fd5:1, value=10000, address=tb1qkymumss6zj0rxy9l3v5vqxqwwffy8jjsyhrkrg, path=null, xpub=tpubDDLBK9gJk4HdPCDzF4Yhxx3u6q1QWo7iZAPVHfsFjLp9rUxXf79FPEK4cKMiV1jrJqrCCVJnciMh1kau2xZtjpZ5DoiaK3RbF6MffFWXMfN}
12:09:57.063 [main] DEBUG com.samourai.wallet.cahoots.stowaway.StowawayService - fee:216
12:09:57.063 [main] DEBUG com.samourai.wallet.cahoots.stowaway.StowawayService - 1 selected utxos, totalContributedAmount=10000, requiredAmount=5762
12:09:57.063 [main] DEBUG com.samourai.wallet.cahoots.stowaway.StowawayService - +output (sender change) = tb1qfe8765vcdka0xgkjkdhxjzux8raq7qsyamffad
12:09:57.063 [main] DEBUG com.samourai.wallet.cahoots.AbstractCahoots2xService - ###### END doStowaway2 STOWAWAY/SENDER
12:09:57.063 [main] DEBUG com.samourai.wallet.cahoots.AbstractCahoots2xService -  * outpoints={14cf9c6be92efcfe628aabd32b02c85e763615ddd430861bc18f6d366e4c4fd5-1=10000, 9407b31fd0159dc4dd3f5377e3b18e4b4aafef2977a52e76b95c3f899cbb05ad-1=10000}
12:09:57.063 [main] DEBUG com.samourai.wallet.cahoots.AbstractCahoots2xService -  * tx=  47c650b7d7d71e14cb9192169b5e8656da2083737f74bcbfef4d718e6971b132
  version 2
  opts into full replace-by-fee
     in   
          outpoint:9407b31fd0159dc4dd3f5377e3b18e4b4aafef2977a52e76b95c3f899cbb05ad:1
          sequence:fffffffd, opts into full RBF
     in    0.0001 BTC
          outpoint:14cf9c6be92efcfe628aabd32b02c85e763615ddd430861bc18f6d366e4c4fd5:1
          sequence:fffffffd, opts into full RBF
     out  0[] PUSHDATA(20)[28a90fa3f4f285fc689f389115326dbf96917d62] 0.00015 BTC
     out  0[] PUSHDATA(20)[4e4fed51986dbaf322d2b36e690b8638fa0f0204] 0.00004784 BTC
     prps UNKNOWN

12:09:57.063 [main] DEBUG com.samourai.wallet.cahoots.stowaway.StowawayService - # Stowaway SENDER => step=2
12:09:57.064 [main] DEBUG com.samourai.wallet.cahoots.AbstractCahootsTest - #2 SENDER => {"cahoots":{"fingerprint_collab":"f0d70870","psbt":"abZy8000000rl[@:.:Bi2T?Q2yNe}jF=4[8aj1v+Vy/6{s5/EAn*.f20fGLoHo/=q-R5dLX5avRJ#t]MUb4pT&JR0z?Th]wCP7KV.9RENz)]zbkc/iKsHAMgv.1n3]Y9iBP1bt0!TU:2W6M9hlz20p[T&jxA8cff]/jhwFk6uM]0qyXMoB:4a)[1gkX)g$Q}:u%)dwc->qO-:NU(kA&i?h@&B@I(CT5Vbv(u^S000","cpty_account":0,"spend_amount":5000,"outpoints":[{"value":10000,"outpoint":"14cf9c6be92efcfe628aabd32b02c85e763615ddd430861bc18f6d366e4c4fd5-1"},{"value":10000,"outpoint":"9407b31fd0159dc4dd3f5377e3b18e4b4aafef2977a52e76b95c3f899cbb05ad-1"}],"type":1,"params":"testnet","dest":"tb1q9z5slgl572zlc6yl8zg32vndh7tfzltzz3pw8w","version":2,"fee_amount":216,"fingerprint":"eed8a1cd","step":2,"id":"b17d6d858632594e23eee5d7637db26284985cd32175bc4fb99033a240b604f3","account":0,"ts":1711645797}}
12:09:57.064 [main] DEBUG com.samourai.wallet.cahoots.stowaway.StowawayService - # Stowaway COUNTERPARTY <= step=2
12:09:57.064 [main] DEBUG com.samourai.wallet.cahoots.AbstractCahoots2xService - ###### BEGIN doStep3 STOWAWAY/COUNTERPARTY
12:09:57.064 [main] DEBUG com.samourai.wallet.cahoots.AbstractCahoots2xService -  * outpoints={14cf9c6be92efcfe628aabd32b02c85e763615ddd430861bc18f6d366e4c4fd5-1=10000, 9407b31fd0159dc4dd3f5377e3b18e4b4aafef2977a52e76b95c3f899cbb05ad-1=10000}
12:09:57.064 [main] DEBUG com.samourai.wallet.cahoots.AbstractCahoots2xService -  * tx=  47c650b7d7d71e14cb9192169b5e8656da2083737f74bcbfef4d718e6971b132
  version 2
  opts into full replace-by-fee
     in   
          outpoint:9407b31fd0159dc4dd3f5377e3b18e4b4aafef2977a52e76b95c3f899cbb05ad:1
          sequence:fffffffd, opts into full RBF
     in   
          outpoint:14cf9c6be92efcfe628aabd32b02c85e763615ddd430861bc18f6d366e4c4fd5:1
          sequence:fffffffd, opts into full RBF
     out  0[] PUSHDATA(20)[28a90fa3f4f285fc689f389115326dbf96917d62] 0.00015 BTC
     out  0[] PUSHDATA(20)[4e4fed51986dbaf322d2b36e690b8638fa0f0204] 0.00004784 BTC
     prps UNKNOWN

12:09:57.064 [main] DEBUG com.samourai.wallet.cahoots.Cahoots2x - signTx:  5ee43707672e0fdf27c87e398c6f547f33dadef43fa510c2b7e22ab5fc271b85
  version 2
  opts into full replace-by-fee
     in   
          outpoint:14cf9c6be92efcfe628aabd32b02c85e763615ddd430861bc18f6d366e4c4fd5:1
          sequence:fffffffd, opts into full RBF
     in   
          outpoint:9407b31fd0159dc4dd3f5377e3b18e4b4aafef2977a52e76b95c3f899cbb05ad:1
          sequence:fffffffd, opts into full RBF
     out  0[] PUSHDATA(20)[4e4fed51986dbaf322d2b36e690b8638fa0f0204] 0.00004784 BTC
     out  0[] PUSHDATA(20)[28a90fa3f4f285fc689f389115326dbf96917d62] 0.00015 BTC
     prps UNKNOWN

12:09:57.064 [main] DEBUG com.samourai.wallet.cahoots.Cahoots2x - signTx outpoint:9407b31fd0159dc4dd3f5377e3b18e4b4aafef2977a52e76b95c3f899cbb05ad:1
12:09:57.064 [main] DEBUG com.samourai.wallet.cahoots.Cahoots2x - signTx bech32:tb1qyvqh86akdkhnh8fh7j0q7n8j78k0wruz5et8tj
12:09:57.065 [main] DEBUG com.samourai.wallet.cahoots.Cahoots2x - signTx value:10000
12:09:57.065 [main] DEBUG com.samourai.wallet.cahoots.AbstractCahootsService - [STOWAWAY/COUNTERPARTY] computeSpendAmount: keyBag=[9407b31fd0159dc4dd3f5377e3b18e4b4aafef2977a52e76b95c3f899cbb05ad:1]
12:09:57.065 [main] DEBUG com.samourai.wallet.cahoots.AbstractCahootsService - [STOWAWAY/COUNTERPARTY] computeSpendAmount: +input 10000 9407b31fd0159dc4dd3f5377e3b18e4b4aafef2977a52e76b95c3f899cbb05ad:1
12:09:57.065 [main] DEBUG com.samourai.wallet.cahoots.AbstractCahootsService - [STOWAWAY/COUNTERPARTY] computeSpendAmount: -output 15000 tb1q9z5slgl572zlc6yl8zg32vndh7tfzltzz3pw8w
12:09:57.065 [main] DEBUG com.samourai.wallet.cahoots.AbstractCahootsService - [STOWAWAY/COUNTERPARTY] computeSpendAmount = -5000
12:09:57.065 [main] DEBUG com.samourai.wallet.cahoots.stowaway.StowawayService - [STOWAWAY/COUNTERPARTY] maxSpendAmount = 0 (receives money)
12:09:57.065 [main] DEBUG com.samourai.wallet.cahoots.AbstractCahoots2xService - [STOWAWAY/COUNTERPARTY] COUNTERPARTY verifiedSpendAmount=-5000, maxSpendAmount=0
12:09:57.065 [main] DEBUG com.samourai.wallet.cahoots.AbstractCahoots2xService - ###### END doStep3 STOWAWAY/COUNTERPARTY
12:09:57.065 [main] DEBUG com.samourai.wallet.cahoots.AbstractCahoots2xService -  * outpoints={14cf9c6be92efcfe628aabd32b02c85e763615ddd430861bc18f6d366e4c4fd5-1=10000, 9407b31fd0159dc4dd3f5377e3b18e4b4aafef2977a52e76b95c3f899cbb05ad-1=10000}
12:09:57.065 [main] DEBUG com.samourai.wallet.cahoots.AbstractCahoots2xService -  * tx=  5ee43707672e0fdf27c87e398c6f547f33dadef43fa510c2b7e22ab5fc271b85
  version 2
  opts into full replace-by-fee
     in   
          outpoint:14cf9c6be92efcfe628aabd32b02c85e763615ddd430861bc18f6d366e4c4fd5:1
          sequence:fffffffd, opts into full RBF
     in   
          outpoint:9407b31fd0159dc4dd3f5377e3b18e4b4aafef2977a52e76b95c3f899cbb05ad:1
          sequence:fffffffd, opts into full RBF
     out  0[] PUSHDATA(20)[4e4fed51986dbaf322d2b36e690b8638fa0f0204] 0.00004784 BTC
     out  0[] PUSHDATA(20)[28a90fa3f4f285fc689f389115326dbf96917d62] 0.00015 BTC
     prps UNKNOWN

12:09:57.065 [main] DEBUG com.samourai.wallet.cahoots.stowaway.StowawayService - # Stowaway COUNTERPARTY => step=3
12:09:57.065 [main] DEBUG com.samourai.wallet.cahoots.AbstractCahootsTest - #3 COUNTERPARTY => {"cahoots":{"fingerprint_collab":"f0d70870","psbt":"abZy8000000rl[#IWrGu2T}?=a2w{D?g7aOt1Pg85eo-<(HzU#QA.NB08}*B34x}CR84Ry/@PMxv.apUrh3Pr^%.={sSDWmg^c]hUJpgJp^iYxf/qfu3n?Iefor&W:ezwKQ1Zk9a)CMIE2Y%T!SWQK1VTRy)TC}467Bk%?@7}sQ?daKUuLMD6bq/$*L6LNPmDqjXZ6.-h*FU}&e]hmDfft6fyEY7DunGkdF[G:4UI&yFw(Fl25}4pf1Vz1kU)pFyQLcXbXXS]W7j5.rw}e+jj*wN781L>D.0G-B1SfFwZC4ElGicAoVvzc8V^ddhLVr<e@WH05&sPpEqwS=9G%d26KjB*RBC.!eMb=aj/959dg+ckFarBq[]-UTciseE","cpty_account":0,"spend_amount":5000,"outpoints":[{"value":10000,"outpoint":"14cf9c6be92efcfe628aabd32b02c85e763615ddd430861bc18f6d366e4c4fd5-1"},{"value":10000,"outpoint":"9407b31fd0159dc4dd3f5377e3b18e4b4aafef2977a52e76b95c3f899cbb05ad-1"}],"type":1,"params":"testnet","dest":"tb1q9z5slgl572zlc6yl8zg32vndh7tfzltzz3pw8w","version":2,"fee_amount":216,"fingerprint":"eed8a1cd","step":3,"id":"b17d6d858632594e23eee5d7637db26284985cd32175bc4fb99033a240b604f3","account":0,"ts":1711645797}}
12:09:57.066 [main] DEBUG com.samourai.wallet.cahoots.stowaway.StowawayService - # Stowaway SENDER <= step=3
12:09:57.066 [main] DEBUG com.samourai.wallet.cahoots.AbstractCahoots2xService - ###### BEGIN doStep4 STOWAWAY/SENDER
12:09:57.066 [main] DEBUG com.samourai.wallet.cahoots.AbstractCahoots2xService -  * outpoints={14cf9c6be92efcfe628aabd32b02c85e763615ddd430861bc18f6d366e4c4fd5-1=10000, 9407b31fd0159dc4dd3f5377e3b18e4b4aafef2977a52e76b95c3f899cbb05ad-1=10000}
12:09:57.066 [main] DEBUG com.samourai.wallet.cahoots.AbstractCahoots2xService -  * tx=  5ee43707672e0fdf27c87e398c6f547f33dadef43fa510c2b7e22ab5fc271b85
  version 2
  opts into full replace-by-fee
     in   
          outpoint:14cf9c6be92efcfe628aabd32b02c85e763615ddd430861bc18f6d366e4c4fd5:1
          sequence:fffffffd, opts into full RBF
     in   
          outpoint:9407b31fd0159dc4dd3f5377e3b18e4b4aafef2977a52e76b95c3f899cbb05ad:1
          sequence:fffffffd, opts into full RBF
     out  0[] PUSHDATA(20)[4e4fed51986dbaf322d2b36e690b8638fa0f0204] 0.00004784 BTC
     out  0[] PUSHDATA(20)[28a90fa3f4f285fc689f389115326dbf96917d62] 0.00015 BTC
     prps UNKNOWN

12:09:57.066 [main] DEBUG com.samourai.wallet.cahoots.Cahoots2x - signTx:  5ee43707672e0fdf27c87e398c6f547f33dadef43fa510c2b7e22ab5fc271b85
  version 2
  opts into full replace-by-fee
     in   
          outpoint:14cf9c6be92efcfe628aabd32b02c85e763615ddd430861bc18f6d366e4c4fd5:1
          sequence:fffffffd, opts into full RBF
     in   
          outpoint:9407b31fd0159dc4dd3f5377e3b18e4b4aafef2977a52e76b95c3f899cbb05ad:1
          sequence:fffffffd, opts into full RBF
     out  0[] PUSHDATA(20)[4e4fed51986dbaf322d2b36e690b8638fa0f0204] 0.00004784 BTC
     out  0[] PUSHDATA(20)[28a90fa3f4f285fc689f389115326dbf96917d62] 0.00015 BTC
     prps UNKNOWN

12:09:57.066 [main] DEBUG com.samourai.wallet.cahoots.Cahoots2x - signTx outpoint:14cf9c6be92efcfe628aabd32b02c85e763615ddd430861bc18f6d366e4c4fd5:1
12:09:57.066 [main] DEBUG com.samourai.wallet.cahoots.Cahoots2x - signTx bech32:tb1qyvqh86akdkhnh8fh7j0q7n8j78k0wruz5et8tj
12:09:57.066 [main] DEBUG com.samourai.wallet.cahoots.Cahoots2x - signTx value:10000
12:09:57.067 [main] DEBUG com.samourai.wallet.cahoots.AbstractCahootsService - [STOWAWAY/SENDER] computeSpendAmount: keyBag=[14cf9c6be92efcfe628aabd32b02c85e763615ddd430861bc18f6d366e4c4fd5:1]
12:09:57.067 [main] DEBUG com.samourai.wallet.cahoots.AbstractCahootsService - [STOWAWAY/SENDER] computeSpendAmount: +input 10000 14cf9c6be92efcfe628aabd32b02c85e763615ddd430861bc18f6d366e4c4fd5:1
12:09:57.067 [main] DEBUG com.samourai.wallet.cahoots.AbstractCahootsService - [STOWAWAY/SENDER] computeSpendAmount: -output 4784 tb1qfe8765vcdka0xgkjkdhxjzux8raq7qsyamffad
12:09:57.067 [main] DEBUG com.samourai.wallet.cahoots.AbstractCahootsService - [STOWAWAY/SENDER] computeSpendAmount = 5216
12:09:57.067 [main] DEBUG com.samourai.wallet.cahoots.stowaway.StowawayService - [STOWAWAY/SENDER] maxSpendAmount = 5216: amount=5000 + minerFee=216
12:09:57.067 [main] DEBUG com.samourai.wallet.cahoots.AbstractCahoots2xService - [STOWAWAY/SENDER] SENDER verifiedSpendAmount=5216, maxSpendAmount=5216
12:09:57.067 [main] DEBUG com.samourai.wallet.cahoots.AbstractCahootsService - checkFee: feeActual=216, feeExpected=216
12:09:57.067 [main] DEBUG com.samourai.wallet.cahoots.AbstractCahoots2xService - ###### END doStep4 STOWAWAY/SENDER
12:09:57.067 [main] DEBUG com.samourai.wallet.cahoots.AbstractCahoots2xService -  * outpoints={14cf9c6be92efcfe628aabd32b02c85e763615ddd430861bc18f6d366e4c4fd5-1=10000, 9407b31fd0159dc4dd3f5377e3b18e4b4aafef2977a52e76b95c3f899cbb05ad-1=10000}
12:09:57.067 [main] DEBUG com.samourai.wallet.cahoots.AbstractCahoots2xService -  * tx=  5ee43707672e0fdf27c87e398c6f547f33dadef43fa510c2b7e22ab5fc271b85
  version 2
  opts into full replace-by-fee
     in   
          outpoint:14cf9c6be92efcfe628aabd32b02c85e763615ddd430861bc18f6d366e4c4fd5:1
          sequence:fffffffd, opts into full RBF
     in   
          outpoint:9407b31fd0159dc4dd3f5377e3b18e4b4aafef2977a52e76b95c3f899cbb05ad:1
          sequence:fffffffd, opts into full RBF
     out  0[] PUSHDATA(20)[4e4fed51986dbaf322d2b36e690b8638fa0f0204] 0.00004784 BTC
     out  0[] PUSHDATA(20)[28a90fa3f4f285fc689f389115326dbf96917d62] 0.00015 BTC
     prps UNKNOWN

12:09:57.067 [main] DEBUG com.samourai.wallet.cahoots.stowaway.StowawayService - # Stowaway SENDER => step=4
12:09:57.067 [main] DEBUG com.samourai.wallet.cahoots.AbstractCahootsTest - #4 SENDER => {"cahoots":{"fingerprint_collab":"f0d70870","psbt":"abZy8000000rof:orG9(2T#kvaa31Qve&(k(A#=@BCr7h8i[+){KX47K&[dQZ)aCZ1IXBqqw<=hy/Uf&vJG2cSx$fq^%.KTVn?Ad^EYM^ZlXJblhx*B8=Mtwqj$Fe>KN&W(Qz]WppzPulH]kcV+4$*!SWRU3uhfA)&K1Xce:p5agQX=^Lt9={Gg#n6bq/$*L5CxNsGX[AU3j<u^<&t6fF3(BE]3+D[INt*iN&cQl=EN90T/kvAxA5YFSbv6)e[t2%L.>8oCmp*m{S6qtk0Gw$?zxSju?(2(6nD(JB}1C7J{R{JXLhYb@>2?/I]/wBS)Z3MvP.Ys=:OO.MntA!K96!giUGYEoQ}MmT{JVA[l%R5MXm!h7ZVGsoEhyU7(kHByOT25}4p)NCAQm]b5eb3RJBbXXS]]Lf7#r[UX7E7l)evJ!2BXi0^k&Eij^JssK&Ql6Sil)*%j(1bDFYf?L2!+CFg@F(vc1%N^>}#M&#","cpty_account":0,"spend_amount":5000,"outpoints":[{"value":10000,"outpoint":"14cf9c6be92efcfe628aabd32b02c85e763615ddd430861bc18f6d366e4c4fd5-1"},{"value":10000,"outpoint":"9407b31fd0159dc4dd3f5377e3b18e4b4aafef2977a52e76b95c3f899cbb05ad-1"}],"type":1,"params":"testnet","dest":"tb1q9z5slgl572zlc6yl8zg32vndh7tfzltzz3pw8w","version":2,"fee_amount":216,"fingerprint":"eed8a1cd","step":4,"id":"b17d6d858632594e23eee5d7637db26284985cd32175bc4fb99033a240b604f3","account":0,"ts":1711645797}}
12:09:57.069 [main] DEBUG com.samourai.wallet.test.AbstractTest -   5ee43707672e0fdf27c87e398c6f547f33dadef43fa510c2b7e22ab5fc271b85
  version 2
  opts into full replace-by-fee
     in   
          outpoint:14cf9c6be92efcfe628aabd32b02c85e763615ddd430861bc18f6d366e4c4fd5:1
          sequence:fffffffd, opts into full RBF
     in   
          outpoint:9407b31fd0159dc4dd3f5377e3b18e4b4aafef2977a52e76b95c3f899cbb05ad:1
          sequence:fffffffd, opts into full RBF
     out  0[] PUSHDATA(20)[4e4fed51986dbaf322d2b36e690b8638fa0f0204] 0.00004784 BTC
     out  0[] PUSHDATA(20)[28a90fa3f4f285fc689f389115326dbf96917d62] 0.00015 BTC
     prps UNKNOWN

12:09:57.069 [main] DEBUG com.samourai.wallet.test.AbstractTest - outputsActuals: {tb1q9z5slgl572zlc6yl8zg32vndh7tfzltzz3pw8w=15000, tb1qfe8765vcdka0xgkjkdhxjzux8raq7qsyamffad=4784}
]]></system-out>
  </testcase>
</testsuite>