<?xml version="1.0" encoding="UTF-8"?>
<testsuite xmlns:xsi="http://www.w3.org/2001/XMLSchema-instance" xsi:noNamespaceSchemaLocation="https://maven.apache.org/surefire/maven-surefire-plugin/xsd/surefire-test-report-3.0.xsd" version="3.0" name="com.samourai.wallet.cahoots.MultiCahootsServiceTest" time="2.862" tests="4" errors="0" skipped="0" failures="3">
  <properties>
    <property name="java.specification.version" value="20"/>
    <property name="sun.jnu.encoding" value="UTF-8"/>
    <property name="java.class.path" value="/Users/zacwatson/Work/Samourai/Wallet/ExtLibJ/target/test-classes:/Users/zacwatson/Work/Samourai/Wallet/ExtLibJ/target/classes:/Users/zacwatson/.m2/repository/org/apache/commons/commons-lang3/3.7/commons-lang3-3.7.jar:/Users/zacwatson/.m2/repository/commons-codec/commons-codec/1.10/commons-codec-1.10.jar:/Users/zacwatson/.m2/repository/org/json/json/20240205/json-20240205.jar:/Users/zacwatson/.m2/repository/io/samourai/code/whirlpool/bitcoinj/bitcoinj-core/007/bitcoinj-core-007.jar:/Users/zacwatson/.m2/repository/org/bouncycastle/bcprov-jdk18on/1.77/bcprov-jdk18on-1.77.jar:/Users/zacwatson/.m2/repository/com/google/protobuf/protobuf-java/3.11.4/protobuf-java-3.11.4.jar:/Users/zacwatson/.m2/repository/com/google/guava/guava/32.1.3-jre/guava-32.1.3-jre.jar:/Users/zacwatson/.m2/repository/com/google/guava/failureaccess/1.0.1/failureaccess-1.0.1.jar:/Users/zacwatson/.m2/repository/com/google/guava/listenablefuture/9999.0-empty-to-avoid-conflict-with-guava/listenablefuture-9999.0-empty-to-avoid-conflict-with-guava.jar:/Users/zacwatson/.m2/repository/com/google/code/findbugs/jsr305/3.0.2/jsr305-3.0.2.jar:/Users/zacwatson/.m2/repository/org/checkerframework/checker-qual/3.37.0/checker-qual-3.37.0.jar:/Users/zacwatson/.m2/repository/com/google/errorprone/error_prone_annotations/2.21.1/error_prone_annotations-2.21.1.jar:/Users/zacwatson/.m2/repository/com/google/j2objc/j2objc-annotations/2.8/j2objc-annotations-2.8.jar:/Users/zacwatson/.m2/repository/net/jcip/jcip-annotations/1.0/jcip-annotations-1.0.jar:/Users/zacwatson/.m2/repository/com/lambdaworks/scrypt/1.4.0/scrypt-1.4.0.jar:/Users/zacwatson/.m2/repository/org/slf4j/slf4j-api/1.7.32/slf4j-api-1.7.32.jar:/Users/zacwatson/.m2/repository/io/samourai/code/wallet/xmanager-protocol/1.0.11/xmanager-protocol-1.0.11.jar:/Users/zacwatson/.m2/repository/javax/validation/validation-api/2.0.1.Final/validation-api-2.0.1.Final.jar:/Users/zacwatson/.m2/repository/com/auth0/java-jwt/3.18.2/java-jwt-3.18.2.jar:/Users/zacwatson/.m2/repository/com/fasterxml/jackson/core/jackson-databind/2.13.0/jackson-databind-2.13.0.jar:/Users/zacwatson/.m2/repository/com/fasterxml/jackson/core/jackson-annotations/2.13.0/jackson-annotations-2.13.0.jar:/Users/zacwatson/.m2/repository/com/fasterxml/jackson/core/jackson-core/2.13.0/jackson-core-2.13.0.jar:/Users/zacwatson/.m2/repository/com/fasterxml/jackson/datatype/jackson-datatype-jsr310/2.13.0/jackson-datatype-jsr310-2.13.0.jar:/Users/zacwatson/.m2/repository/io/reactivex/rxjava2/rxjava/2.2.15/rxjava-2.2.15.jar:/Users/zacwatson/.m2/repository/org/reactivestreams/reactive-streams/1.0.3/reactive-streams-1.0.3.jar:/Users/zacwatson/.m2/repository/org/junit/jupiter/junit-jupiter/5.8.2/junit-jupiter-5.8.2.jar:/Users/zacwatson/.m2/repository/org/junit/jupiter/junit-jupiter-api/5.8.2/junit-jupiter-api-5.8.2.jar:/Users/zacwatson/.m2/repository/org/opentest4j/opentest4j/1.2.0/opentest4j-1.2.0.jar:/Users/zacwatson/.m2/repository/org/junit/platform/junit-platform-commons/1.8.2/junit-platform-commons-1.8.2.jar:/Users/zacwatson/.m2/repository/org/apiguardian/apiguardian-api/1.1.2/apiguardian-api-1.1.2.jar:/Users/zacwatson/.m2/repository/org/junit/jupiter/junit-jupiter-params/5.8.2/junit-jupiter-params-5.8.2.jar:/Users/zacwatson/.m2/repository/org/junit/jupiter/junit-jupiter-engine/5.8.2/junit-jupiter-engine-5.8.2.jar:/Users/zacwatson/.m2/repository/org/junit/platform/junit-platform-engine/1.8.2/junit-platform-engine-1.8.2.jar:/Users/zacwatson/.m2/repository/ch/qos/logback/logback-classic/1.2.13/logback-classic-1.2.13.jar:/Users/zacwatson/.m2/repository/ch/qos/logback/logback-core/1.2.13/logback-core-1.2.13.jar:/Users/zacwatson/.m2/repository/org/jetbrains/kotlin/kotlin-stdlib-jdk8/1.3.41/kotlin-stdlib-jdk8-1.3.41.jar:/Users/zacwatson/.m2/repository/org/jetbrains/kotlin/kotlin-stdlib/1.3.41/kotlin-stdlib-1.3.41.jar:/Users/zacwatson/.m2/repository/org/jetbrains/kotlin/kotlin-stdlib-common/1.3.41/kotlin-stdlib-common-1.3.41.jar:/Users/zacwatson/.m2/repository/org/jetbrains/annotations/13.0/annotations-13.0.jar:/Users/zacwatson/.m2/repository/org/jetbrains/kotlin/kotlin-stdlib-jdk7/1.3.41/kotlin-stdlib-jdk7-1.3.41.jar:/Users/zacwatson/.m2/repository/org/jetbrains/kotlin/kotlin-test/1.3.41/kotlin-test-1.3.41.jar:/Users/zacwatson/.m2/repository/org/jetbrains/kotlin/kotlin-test-common/1.3.41/kotlin-test-common-1.3.41.jar:/Users/zacwatson/.m2/repository/io/samourai/code/wallet/java-http-client/2.0.0/java-http-client-2.0.0.jar:/Users/zacwatson/.m2/repository/org/eclipse/jetty/jetty-client/9.4.54.v20240208/jetty-client-9.4.54.v20240208.jar:/Users/zacwatson/.m2/repository/org/eclipse/jetty/jetty-http/9.4.54.v20240208/jetty-http-9.4.54.v20240208.jar:/Users/zacwatson/.m2/repository/org/eclipse/jetty/jetty-util/9.4.54.v20240208/jetty-util-9.4.54.v20240208.jar:/Users/zacwatson/.m2/repository/org/eclipse/jetty/jetty-io/9.4.54.v20240208/jetty-io-9.4.54.v20240208.jar:"/>
    <property name="java.vm.vendor" value="Homebrew"/>
    <property name="sun.arch.data.model" value="64"/>
    <property name="java.vendor.url" value="https://github.com/Homebrew/homebrew-core/issues"/>
    <property name="user.timezone" value="America/Chicago"/>
    <property name="os.name" value="Mac OS X"/>
    <property name="java.vm.specification.version" value="20"/>
    <property name="sun.java.launcher" value="SUN_STANDARD"/>
    <property name="user.country" value="US"/>
    <property name="sun.boot.library.path" value="/usr/local/Cellar/openjdk/20.0.2/libexec/openjdk.jdk/Contents/Home/lib"/>
    <property name="sun.java.command" value="/Users/zacwatson/Work/Samourai/Wallet/ExtLibJ/target/surefire/surefirebooter-20240328120857862_3.jar /Users/zacwatson/Work/Samourai/Wallet/ExtLibJ/target/surefire 2024-03-28T12-08-57_476-jvmRun1 surefire-20240328120857862_1tmp surefire_0-20240328120857862_2tmp"/>
    <property name="http.nonProxyHosts" value="local|*.local|169.254/16|*.169.254/16"/>
    <property name="jdk.debug" value="release"/>
    <property name="surefire.test.class.path" value="/Users/zacwatson/Work/Samourai/Wallet/ExtLibJ/target/test-classes:/Users/zacwatson/Work/Samourai/Wallet/ExtLibJ/target/classes:/Users/zacwatson/.m2/repository/org/apache/commons/commons-lang3/3.7/commons-lang3-3.7.jar:/Users/zacwatson/.m2/repository/commons-codec/commons-codec/1.10/commons-codec-1.10.jar:/Users/zacwatson/.m2/repository/org/json/json/20240205/json-20240205.jar:/Users/zacwatson/.m2/repository/io/samourai/code/whirlpool/bitcoinj/bitcoinj-core/007/bitcoinj-core-007.jar:/Users/zacwatson/.m2/repository/org/bouncycastle/bcprov-jdk18on/1.77/bcprov-jdk18on-1.77.jar:/Users/zacwatson/.m2/repository/com/google/protobuf/protobuf-java/3.11.4/protobuf-java-3.11.4.jar:/Users/zacwatson/.m2/repository/com/google/guava/guava/32.1.3-jre/guava-32.1.3-jre.jar:/Users/zacwatson/.m2/repository/com/google/guava/failureaccess/1.0.1/failureaccess-1.0.1.jar:/Users/zacwatson/.m2/repository/com/google/guava/listenablefuture/9999.0-empty-to-avoid-conflict-with-guava/listenablefuture-9999.0-empty-to-avoid-conflict-with-guava.jar:/Users/zacwatson/.m2/repository/com/google/code/findbugs/jsr305/3.0.2/jsr305-3.0.2.jar:/Users/zacwatson/.m2/repository/org/checkerframework/checker-qual/3.37.0/checker-qual-3.37.0.jar:/Users/zacwatson/.m2/repository/com/google/errorprone/error_prone_annotations/2.21.1/error_prone_annotations-2.21.1.jar:/Users/zacwatson/.m2/repository/com/google/j2objc/j2objc-annotations/2.8/j2objc-annotations-2.8.jar:/Users/zacwatson/.m2/repository/net/jcip/jcip-annotations/1.0/jcip-annotations-1.0.jar:/Users/zacwatson/.m2/repository/com/lambdaworks/scrypt/1.4.0/scrypt-1.4.0.jar:/Users/zacwatson/.m2/repository/org/slf4j/slf4j-api/1.7.32/slf4j-api-1.7.32.jar:/Users/zacwatson/.m2/repository/io/samourai/code/wallet/xmanager-protocol/1.0.11/xmanager-protocol-1.0.11.jar:/Users/zacwatson/.m2/repository/javax/validation/validation-api/2.0.1.Final/validation-api-2.0.1.Final.jar:/Users/zacwatson/.m2/repository/com/auth0/java-jwt/3.18.2/java-jwt-3.18.2.jar:/Users/zacwatson/.m2/repository/com/fasterxml/jackson/core/jackson-databind/2.13.0/jackson-databind-2.13.0.jar:/Users/zacwatson/.m2/repository/com/fasterxml/jackson/core/jackson-annotations/2.13.0/jackson-annotations-2.13.0.jar:/Users/zacwatson/.m2/repository/com/fasterxml/jackson/core/jackson-core/2.13.0/jackson-core-2.13.0.jar:/Users/zacwatson/.m2/repository/com/fasterxml/jackson/datatype/jackson-datatype-jsr310/2.13.0/jackson-datatype-jsr310-2.13.0.jar:/Users/zacwatson/.m2/repository/io/reactivex/rxjava2/rxjava/2.2.15/rxjava-2.2.15.jar:/Users/zacwatson/.m2/repository/org/reactivestreams/reactive-streams/1.0.3/reactive-streams-1.0.3.jar:/Users/zacwatson/.m2/repository/org/junit/jupiter/junit-jupiter/5.8.2/junit-jupiter-5.8.2.jar:/Users/zacwatson/.m2/repository/org/junit/jupiter/junit-jupiter-api/5.8.2/junit-jupiter-api-5.8.2.jar:/Users/zacwatson/.m2/repository/org/opentest4j/opentest4j/1.2.0/opentest4j-1.2.0.jar:/Users/zacwatson/.m2/repository/org/junit/platform/junit-platform-commons/1.8.2/junit-platform-commons-1.8.2.jar:/Users/zacwatson/.m2/repository/org/apiguardian/apiguardian-api/1.1.2/apiguardian-api-1.1.2.jar:/Users/zacwatson/.m2/repository/org/junit/jupiter/junit-jupiter-params/5.8.2/junit-jupiter-params-5.8.2.jar:/Users/zacwatson/.m2/repository/org/junit/jupiter/junit-jupiter-engine/5.8.2/junit-jupiter-engine-5.8.2.jar:/Users/zacwatson/.m2/repository/org/junit/platform/junit-platform-engine/1.8.2/junit-platform-engine-1.8.2.jar:/Users/zacwatson/.m2/repository/ch/qos/logback/logback-classic/1.2.13/logback-classic-1.2.13.jar:/Users/zacwatson/.m2/repository/ch/qos/logback/logback-core/1.2.13/logback-core-1.2.13.jar:/Users/zacwatson/.m2/repository/org/jetbrains/kotlin/kotlin-stdlib-jdk8/1.3.41/kotlin-stdlib-jdk8-1.3.41.jar:/Users/zacwatson/.m2/repository/org/jetbrains/kotlin/kotlin-stdlib/1.3.41/kotlin-stdlib-1.3.41.jar:/Users/zacwatson/.m2/repository/org/jetbrains/kotlin/kotlin-stdlib-common/1.3.41/kotlin-stdlib-common-1.3.41.jar:/Users/zacwatson/.m2/repository/org/jetbrains/annotations/13.0/annotations-13.0.jar:/Users/zacwatson/.m2/repository/org/jetbrains/kotlin/kotlin-stdlib-jdk7/1.3.41/kotlin-stdlib-jdk7-1.3.41.jar:/Users/zacwatson/.m2/repository/org/jetbrains/kotlin/kotlin-test/1.3.41/kotlin-test-1.3.41.jar:/Users/zacwatson/.m2/repository/org/jetbrains/kotlin/kotlin-test-common/1.3.41/kotlin-test-common-1.3.41.jar:/Users/zacwatson/.m2/repository/io/samourai/code/wallet/java-http-client/2.0.0/java-http-client-2.0.0.jar:/Users/zacwatson/.m2/repository/org/eclipse/jetty/jetty-client/9.4.54.v20240208/jetty-client-9.4.54.v20240208.jar:/Users/zacwatson/.m2/repository/org/eclipse/jetty/jetty-http/9.4.54.v20240208/jetty-http-9.4.54.v20240208.jar:/Users/zacwatson/.m2/repository/org/eclipse/jetty/jetty-util/9.4.54.v20240208/jetty-util-9.4.54.v20240208.jar:/Users/zacwatson/.m2/repository/org/eclipse/jetty/jetty-io/9.4.54.v20240208/jetty-io-9.4.54.v20240208.jar:"/>
    <property name="sun.cpu.endian" value="little"/>
    <property name="user.home" value="/Users/zacwatson"/>
    <property name="user.language" value="en"/>
    <property name="java.specification.vendor" value="Oracle Corporation"/>
    <property name="java.version.date" value="2023-07-18"/>
    <property name="java.home" value="/usr/local/Cellar/openjdk/20.0.2/libexec/openjdk.jdk/Contents/Home"/>
    <property name="file.separator" value="/"/>
    <property name="basedir" value="/Users/zacwatson/Work/Samourai/Wallet/ExtLibJ"/>
    <property name="java.vm.compressedOopsMode" value="Zero based"/>
    <property name="line.separator" value="&#10;"/>
    <property name="java.vm.specification.vendor" value="Oracle Corporation"/>
    <property name="java.specification.name" value="Java Platform API Specification"/>
    <property name="apple.awt.application.name" value="ForkedBooter"/>
    <property name="surefire.real.class.path" value="/Users/zacwatson/Work/Samourai/Wallet/ExtLibJ/target/surefire/surefirebooter-20240328120857862_3.jar"/>
    <property name="sun.management.compiler" value="HotSpot 64-Bit Tiered Compilers"/>
    <property name="ftp.nonProxyHosts" value="local|*.local|169.254/16|*.169.254/16"/>
    <property name="java.runtime.version" value="20.0.2"/>
    <property name="user.name" value="zacwatson"/>
    <property name="stdout.encoding" value="UTF-8"/>
    <property name="path.separator" value=":"/>
    <property name="os.version" value="14.2.1"/>
    <property name="java.runtime.name" value="OpenJDK Runtime Environment"/>
    <property name="file.encoding" value="UTF-8"/>
    <property name="java.vm.name" value="OpenJDK 64-Bit Server VM"/>
    <property name="java.vendor.version" value="Homebrew"/>
    <property name="localRepository" value="/Users/zacwatson/.m2/repository"/>
    <property name="java.vendor.url.bug" value="https://github.com/Homebrew/homebrew-core/issues"/>
    <property name="jetty.git.hash" value="cef3fbd6d736a21e7d541a5db490381d95a2047d"/>
    <property name="java.io.tmpdir" value="/var/folders/hn/y1thvm4x5x964bvll4wj4_2m0000gn/T/"/>
    <property name="java.version" value="20.0.2"/>
    <property name="user.dir" value="/Users/zacwatson/Work/Samourai/Wallet/ExtLibJ"/>
    <property name="os.arch" value="x86_64"/>
    <property name="java.vm.specification.name" value="Java Virtual Machine Specification"/>
    <property name="native.encoding" value="UTF-8"/>
    <property name="java.library.path" value="/Users/zacwatson/Library/Java/Extensions:/Library/Java/Extensions:/Network/Library/Java/Extensions:/System/Library/Java/Extensions:/usr/lib/java:."/>
    <property name="java.vm.info" value="mixed mode, sharing"/>
    <property name="stderr.encoding" value="UTF-8"/>
    <property name="java.vendor" value="Homebrew"/>
    <property name="java.vm.version" value="20.0.2"/>
    <property name="sun.io.unicode.encoding" value="UnicodeBig"/>
    <property name="socksNonProxyHosts" value="local|*.local|169.254/16|*.169.254/16"/>
    <property name="java.class.version" value="64.0"/>
  </properties>
  <testcase name="multiCahoots_bip44" classname="com.samourai.wallet.cahoots.MultiCahootsServiceTest" time="0.367">
    <system-out><![CDATA[12:10:02.777 [main] DEBUG com.samourai.http.client.JettyHttpClient - +httpClient: no proxy
12:10:02.927 [main] DEBUG com.samourai.wallet.bipWallet.WalletSupplierImpl - +BipWallet[DEPOSIT_BIP44]: BipWallet{id='DEPOSIT_BIP44', samouraiAccount=DEPOSIT, derivation=BipDerivation{purpose=44, accountIndex=0}, bipFormatDefault=LEGACY, bipFormats=[LEGACY], xPub='tpu...LwY', bipPub='tpu...LwY'}
12:10:02.927 [main] DEBUG com.samourai.wallet.bipWallet.WalletSupplierImpl - +BipWallet[DEPOSIT_BIP49]: BipWallet{id='DEPOSIT_BIP49', samouraiAccount=DEPOSIT, derivation=BipDerivation{purpose=49, accountIndex=0}, bipFormatDefault=SEGWIT_COMPAT, bipFormats=[SEGWIT_COMPAT], xPub='tpu...eV2', bipPub='upu...38D'}
12:10:02.927 [main] DEBUG com.samourai.wallet.bipWallet.WalletSupplierImpl - +BipWallet[DEPOSIT_BIP84]: BipWallet{id='DEPOSIT_BIP84', samouraiAccount=DEPOSIT, derivation=BipDerivation{purpose=84, accountIndex=0}, bipFormatDefault=SEGWIT_NATIVE, bipFormats=[SEGWIT_NATIVE], xPub='tpu...re9', bipPub='vpu...dCu'}
12:10:02.927 [main] DEBUG com.samourai.wallet.bipWallet.WalletSupplierImpl - +BipWallet[PREMIX_BIP84]: BipWallet{id='PREMIX_BIP84', samouraiAccount=PREMIX, derivation=BipDerivation{purpose=84, accountIndex=2147483645}, bipFormatDefault=SEGWIT_NATIVE, bipFormats=[SEGWIT_NATIVE], xPub='tpu...hvr', bipPub='vpu...4mL'}
12:10:02.927 [main] DEBUG com.samourai.wallet.bipWallet.WalletSupplierImpl - +BipWallet[POSTMIX_BIP84]: BipWallet{id='POSTMIX_BIP84', samouraiAccount=POSTMIX, derivation=BipDerivation{purpose=84, accountIndex=2147483646}, bipFormatDefault=SEGWIT_NATIVE, bipFormats=[SEGWIT_NATIVE, SEGWIT_COMPAT, LEGACY], xPub='tpu...sQD', bipPub='vpu...nrW'}
12:10:02.927 [main] DEBUG com.samourai.wallet.bipWallet.WalletSupplierImpl - +BipWallet[ASB_BIP84]: BipWallet{id='ASB_BIP84', samouraiAccount=SWAPS_ASB, derivation=BipDerivation{purpose=84, accountIndex=2147483641}, bipFormatDefault=SEGWIT_NATIVE, bipFormats=[SEGWIT_NATIVE], xPub='tpu...p4i', bipPub='vpu...sEH'}
12:10:02.927 [main] DEBUG com.samourai.wallet.bipWallet.WalletSupplierImpl - +BipWallet[SWAPS_DEPOSIT]: BipWallet{id='SWAPS_DEPOSIT', samouraiAccount=SWAPS_DEPOSIT, derivation=BipDerivation{purpose=84, accountIndex=2147483643}, bipFormatDefault=SEGWIT_NATIVE, bipFormats=[SEGWIT_NATIVE], xPub='tpu...3s7', bipPub='vpu...HpJ'}
12:10:02.927 [main] DEBUG com.samourai.wallet.bipWallet.WalletSupplierImpl - +BipWallet[SWAPS_REFUNDS]: BipWallet{id='SWAPS_REFUNDS', samouraiAccount=SWAPS_REFUNDS, derivation=BipDerivation{purpose=84, accountIndex=2147483642}, bipFormatDefault=SEGWIT_NATIVE, bipFormats=[SEGWIT_NATIVE], xPub='tpu...rMX', bipPub='vpu...Sr9'}
12:10:02.927 [main] DEBUG com.samourai.wallet.bipWallet.WalletSupplierImpl - +BipWallet[BADBANK_BIP84]: BipWallet{id='BADBANK_BIP84', samouraiAccount=BADBANK, derivation=BipDerivation{purpose=84, accountIndex=2147483644}, bipFormatDefault=SEGWIT_NATIVE, bipFormats=[SEGWIT_NATIVE], xPub='tpu...hmu', bipPub='vpu...tNY'}
12:10:02.927 [main] DEBUG com.samourai.wallet.bipWallet.WalletSupplierImpl - +BipWallet[RICOCHET_BIP84]: BipWallet{id='RICOCHET_BIP84', samouraiAccount=RICOCHET, derivation=BipDerivation{purpose=84, accountIndex=2147483647}, bipFormatDefault=SEGWIT_NATIVE, bipFormats=[SEGWIT_NATIVE], xPub='tpu...UMc', bipPub='vpu...knj'}
12:10:02.927 [main] DEBUG com.samourai.wallet.api.backend.BackendApi - urlBackend=https://api.samouraiwallet.com/test/v2, oAuth=no
12:10:02.927 [main] DEBUG com.samourai.wallet.util.LogbackUtils - Log level set to DEBUG for the logger 'com.samourai'
12:10:02.927 [main] DEBUG com.samourai.wallet.util.LogbackUtils - Log level set to DEBUG for the logger 'com.samourai.whirlpool.client'
12:10:02.927 [main] DEBUG com.samourai.wallet.util.LogbackUtils - Log level set to DEBUG for the logger 'com.samourai.whirlpool.client.mix.dialog'
12:10:02.927 [main] DEBUG com.samourai.wallet.util.LogbackUtils - Log level set to DEBUG for the logger 'com.samourai.stomp.client'
12:10:02.927 [main] DEBUG com.samourai.wallet.util.LogbackUtils - Log level set to DEBUG for the logger 'com.samourai.wallet.util.FeeUtil'
12:10:02.927 [main] DEBUG com.samourai.wallet.util.LogbackUtils - Log level set to DEBUG for the logger 'com.samourai.whirlpool.client.utils'
12:10:02.927 [main] DEBUG com.samourai.wallet.util.LogbackUtils - Log level set to DEBUG for the logger 'com.samourai.whirlpool.client.wallet'
12:10:02.927 [main] DEBUG com.samourai.wallet.util.LogbackUtils - Log level set to DEBUG for the logger 'com.samourai.wallet.cahoots'
12:10:02.927 [main] DEBUG com.samourai.wallet.util.LogbackUtils - Log level set to DEBUG for the logger 'com.samourai.wallet.cahoots.stowaway'
12:10:02.927 [main] DEBUG com.samourai.wallet.util.LogbackUtils - Log level set to DEBUG for the logger 'com.samourai.wallet.cahoots.stonewallx2'
12:10:02.927 [main] DEBUG com.samourai.wallet.util.LogbackUtils - Log level set to DEBUG for the logger 'com.samourai.wallet.sorobanClient'
12:10:02.927 [main] DEBUG com.samourai.wallet.util.LogbackUtils - Log level set to DEBUG for the logger 'com.samourai.soroban.client'
12:10:02.927 [main] DEBUG com.samourai.wallet.util.LogbackUtils - Log level set to DEBUG for the logger 'com.samourai.soroban.client.rpc'
12:10:02.927 [main] DEBUG com.samourai.wallet.util.LogbackUtils - Log level set to DEBUG for the logger 'com.samourai.soroban.client.dialog'
12:10:02.927 [main] DEBUG com.samourai.wallet.util.LogbackUtils - Log level set to DEBUG for the logger 'com.samourai.soroban.client.meeting'
12:10:02.927 [main] DEBUG com.samourai.wallet.util.LogbackUtils - Log level set to DEBUG for the logger 'com.samourai.whirlpool.client.wallet.orchestrator'
12:10:02.927 [main] DEBUG com.samourai.wallet.util.LogbackUtils - Log level set to ERROR for the logger 'org.bitcoinj'
12:10:02.927 [main] DEBUG com.samourai.wallet.util.LogbackUtils - Log level set to WARN for the logger 'org.bitcoin'
12:10:02.927 [main] DEBUG com.samourai.wallet.util.LogbackUtils - Log level set to INFO for the logger 'org.eclipse.jetty'
12:10:03.000 [main] DEBUG com.samourai.wallet.bipWallet.WalletSupplierImpl - +BipWallet[DEPOSIT_BIP44]: BipWallet{id='DEPOSIT_BIP44', samouraiAccount=DEPOSIT, derivation=BipDerivation{purpose=44, accountIndex=0}, bipFormatDefault=LEGACY, bipFormats=[LEGACY], xPub='tpu...LZp', bipPub='tpu...LZp'}
12:10:03.000 [main] DEBUG com.samourai.wallet.bipWallet.WalletSupplierImpl - +BipWallet[DEPOSIT_BIP49]: BipWallet{id='DEPOSIT_BIP49', samouraiAccount=DEPOSIT, derivation=BipDerivation{purpose=49, accountIndex=0}, bipFormatDefault=SEGWIT_COMPAT, bipFormats=[SEGWIT_COMPAT], xPub='tpu...2dH', bipPub='upu...bSs'}
12:10:03.000 [main] DEBUG com.samourai.wallet.bipWallet.WalletSupplierImpl - +BipWallet[DEPOSIT_BIP84]: BipWallet{id='DEPOSIT_BIP84', samouraiAccount=DEPOSIT, derivation=BipDerivation{purpose=84, accountIndex=0}, bipFormatDefault=SEGWIT_NATIVE, bipFormats=[SEGWIT_NATIVE], xPub='tpu...MfN', bipPub='vpu...sew'}
12:10:03.000 [main] DEBUG com.samourai.wallet.bipWallet.WalletSupplierImpl - +BipWallet[PREMIX_BIP84]: BipWallet{id='PREMIX_BIP84', samouraiAccount=PREMIX, derivation=BipDerivation{purpose=84, accountIndex=2147483645}, bipFormatDefault=SEGWIT_NATIVE, bipFormats=[SEGWIT_NATIVE], xPub='tpu...y1p', bipPub='vpu...D4a'}
12:10:03.000 [main] DEBUG com.samourai.wallet.bipWallet.WalletSupplierImpl - +BipWallet[POSTMIX_BIP84]: BipWallet{id='POSTMIX_BIP84', samouraiAccount=POSTMIX, derivation=BipDerivation{purpose=84, accountIndex=2147483646}, bipFormatDefault=SEGWIT_NATIVE, bipFormats=[SEGWIT_NATIVE, SEGWIT_COMPAT, LEGACY], xPub='tpu...NLN', bipPub='vpu...RKR'}
12:10:03.000 [main] DEBUG com.samourai.wallet.bipWallet.WalletSupplierImpl - +BipWallet[BADBANK_BIP84]: BipWallet{id='BADBANK_BIP84', samouraiAccount=BADBANK, derivation=BipDerivation{purpose=84, accountIndex=2147483644}, bipFormatDefault=SEGWIT_NATIVE, bipFormats=[SEGWIT_NATIVE], xPub='tpu...86t', bipPub='vpu...XXs'}
12:10:03.094 [main] DEBUG com.samourai.wallet.bipWallet.WalletSupplierImpl - +BipWallet[DEPOSIT_BIP44]: BipWallet{id='DEPOSIT_BIP44', samouraiAccount=DEPOSIT, derivation=BipDerivation{purpose=44, accountIndex=0}, bipFormatDefault=LEGACY, bipFormats=[LEGACY], xPub='tpu...XeJ', bipPub='tpu...XeJ'}
12:10:03.094 [main] DEBUG com.samourai.wallet.bipWallet.WalletSupplierImpl - +BipWallet[DEPOSIT_BIP49]: BipWallet{id='DEPOSIT_BIP49', samouraiAccount=DEPOSIT, derivation=BipDerivation{purpose=49, accountIndex=0}, bipFormatDefault=SEGWIT_COMPAT, bipFormats=[SEGWIT_COMPAT], xPub='tpu...TBn', bipPub='upu...QVy'}
12:10:03.094 [main] DEBUG com.samourai.wallet.bipWallet.WalletSupplierImpl - +BipWallet[DEPOSIT_BIP84]: BipWallet{id='DEPOSIT_BIP84', samouraiAccount=DEPOSIT, derivation=BipDerivation{purpose=84, accountIndex=0}, bipFormatDefault=SEGWIT_NATIVE, bipFormats=[SEGWIT_NATIVE], xPub='tpu...Nbr', bipPub='vpu...R4q'}
12:10:03.094 [main] DEBUG com.samourai.wallet.bipWallet.WalletSupplierImpl - +BipWallet[PREMIX_BIP84]: BipWallet{id='PREMIX_BIP84', samouraiAccount=PREMIX, derivation=BipDerivation{purpose=84, accountIndex=2147483645}, bipFormatDefault=SEGWIT_NATIVE, bipFormats=[SEGWIT_NATIVE], xPub='tpu...ZBX', bipPub='vpu...XxM'}
12:10:03.094 [main] DEBUG com.samourai.wallet.bipWallet.WalletSupplierImpl - +BipWallet[POSTMIX_BIP84]: BipWallet{id='POSTMIX_BIP84', samouraiAccount=POSTMIX, derivation=BipDerivation{purpose=84, accountIndex=2147483646}, bipFormatDefault=SEGWIT_NATIVE, bipFormats=[SEGWIT_NATIVE, SEGWIT_COMPAT, LEGACY], xPub='tpu...do5', bipPub='vpu...2eX'}
12:10:03.094 [main] DEBUG com.samourai.wallet.bipWallet.WalletSupplierImpl - +BipWallet[BADBANK_BIP84]: BipWallet{id='BADBANK_BIP84', samouraiAccount=BADBANK, derivation=BipDerivation{purpose=84, accountIndex=2147483644}, bipFormatDefault=SEGWIT_NATIVE, bipFormats=[SEGWIT_NATIVE], xPub='tpu...QxP', bipPub='vpu...M4F'}
12:10:03.122 [main] DEBUG com.samourai.http.client.JettyHttpClient - +httpClient: no proxy
12:10:03.270 [main] DEBUG com.samourai.wallet.bipWallet.WalletSupplierImpl - +BipWallet[DEPOSIT_BIP44]: BipWallet{id='DEPOSIT_BIP44', samouraiAccount=DEPOSIT, derivation=BipDerivation{purpose=44, accountIndex=0}, bipFormatDefault=LEGACY, bipFormats=[LEGACY], xPub='tpu...LwY', bipPub='tpu...LwY'}
12:10:03.270 [main] DEBUG com.samourai.wallet.bipWallet.WalletSupplierImpl - +BipWallet[DEPOSIT_BIP49]: BipWallet{id='DEPOSIT_BIP49', samouraiAccount=DEPOSIT, derivation=BipDerivation{purpose=49, accountIndex=0}, bipFormatDefault=SEGWIT_COMPAT, bipFormats=[SEGWIT_COMPAT], xPub='tpu...eV2', bipPub='upu...38D'}
12:10:03.270 [main] DEBUG com.samourai.wallet.bipWallet.WalletSupplierImpl - +BipWallet[DEPOSIT_BIP84]: BipWallet{id='DEPOSIT_BIP84', samouraiAccount=DEPOSIT, derivation=BipDerivation{purpose=84, accountIndex=0}, bipFormatDefault=SEGWIT_NATIVE, bipFormats=[SEGWIT_NATIVE], xPub='tpu...re9', bipPub='vpu...dCu'}
12:10:03.270 [main] DEBUG com.samourai.wallet.bipWallet.WalletSupplierImpl - +BipWallet[PREMIX_BIP84]: BipWallet{id='PREMIX_BIP84', samouraiAccount=PREMIX, derivation=BipDerivation{purpose=84, accountIndex=2147483645}, bipFormatDefault=SEGWIT_NATIVE, bipFormats=[SEGWIT_NATIVE], xPub='tpu...hvr', bipPub='vpu...4mL'}
12:10:03.270 [main] DEBUG com.samourai.wallet.bipWallet.WalletSupplierImpl - +BipWallet[POSTMIX_BIP84]: BipWallet{id='POSTMIX_BIP84', samouraiAccount=POSTMIX, derivation=BipDerivation{purpose=84, accountIndex=2147483646}, bipFormatDefault=SEGWIT_NATIVE, bipFormats=[SEGWIT_NATIVE, SEGWIT_COMPAT, LEGACY], xPub='tpu...sQD', bipPub='vpu...nrW'}
12:10:03.270 [main] DEBUG com.samourai.wallet.bipWallet.WalletSupplierImpl - +BipWallet[ASB_BIP84]: BipWallet{id='ASB_BIP84', samouraiAccount=SWAPS_ASB, derivation=BipDerivation{purpose=84, accountIndex=2147483641}, bipFormatDefault=SEGWIT_NATIVE, bipFormats=[SEGWIT_NATIVE], xPub='tpu...p4i', bipPub='vpu...sEH'}
12:10:03.270 [main] DEBUG com.samourai.wallet.bipWallet.WalletSupplierImpl - +BipWallet[SWAPS_DEPOSIT]: BipWallet{id='SWAPS_DEPOSIT', samouraiAccount=SWAPS_DEPOSIT, derivation=BipDerivation{purpose=84, accountIndex=2147483643}, bipFormatDefault=SEGWIT_NATIVE, bipFormats=[SEGWIT_NATIVE], xPub='tpu...3s7', bipPub='vpu...HpJ'}
12:10:03.270 [main] DEBUG com.samourai.wallet.bipWallet.WalletSupplierImpl - +BipWallet[SWAPS_REFUNDS]: BipWallet{id='SWAPS_REFUNDS', samouraiAccount=SWAPS_REFUNDS, derivation=BipDerivation{purpose=84, accountIndex=2147483642}, bipFormatDefault=SEGWIT_NATIVE, bipFormats=[SEGWIT_NATIVE], xPub='tpu...rMX', bipPub='vpu...Sr9'}
12:10:03.270 [main] DEBUG com.samourai.wallet.bipWallet.WalletSupplierImpl - +BipWallet[BADBANK_BIP84]: BipWallet{id='BADBANK_BIP84', samouraiAccount=BADBANK, derivation=BipDerivation{purpose=84, accountIndex=2147483644}, bipFormatDefault=SEGWIT_NATIVE, bipFormats=[SEGWIT_NATIVE], xPub='tpu...hmu', bipPub='vpu...tNY'}
12:10:03.270 [main] DEBUG com.samourai.wallet.bipWallet.WalletSupplierImpl - +BipWallet[RICOCHET_BIP84]: BipWallet{id='RICOCHET_BIP84', samouraiAccount=RICOCHET, derivation=BipDerivation{purpose=84, accountIndex=2147483647}, bipFormatDefault=SEGWIT_NATIVE, bipFormats=[SEGWIT_NATIVE], xPub='tpu...UMc', bipPub='vpu...knj'}
12:10:03.270 [main] DEBUG com.samourai.wallet.api.backend.BackendApi - urlBackend=https://api.samouraiwallet.com/test/v2, oAuth=no
12:10:03.270 [main] DEBUG com.samourai.wallet.util.LogbackUtils - Log level set to DEBUG for the logger 'com.samourai'
12:10:03.270 [main] DEBUG com.samourai.wallet.util.LogbackUtils - Log level set to DEBUG for the logger 'com.samourai.whirlpool.client'
12:10:03.270 [main] DEBUG com.samourai.wallet.util.LogbackUtils - Log level set to DEBUG for the logger 'com.samourai.whirlpool.client.mix.dialog'
12:10:03.270 [main] DEBUG com.samourai.wallet.util.LogbackUtils - Log level set to DEBUG for the logger 'com.samourai.stomp.client'
12:10:03.270 [main] DEBUG com.samourai.wallet.util.LogbackUtils - Log level set to DEBUG for the logger 'com.samourai.wallet.util.FeeUtil'
12:10:03.270 [main] DEBUG com.samourai.wallet.util.LogbackUtils - Log level set to DEBUG for the logger 'com.samourai.whirlpool.client.utils'
12:10:03.270 [main] DEBUG com.samourai.wallet.util.LogbackUtils - Log level set to DEBUG for the logger 'com.samourai.whirlpool.client.wallet'
12:10:03.270 [main] DEBUG com.samourai.wallet.util.LogbackUtils - Log level set to DEBUG for the logger 'com.samourai.wallet.cahoots'
12:10:03.270 [main] DEBUG com.samourai.wallet.util.LogbackUtils - Log level set to DEBUG for the logger 'com.samourai.wallet.cahoots.stowaway'
12:10:03.270 [main] DEBUG com.samourai.wallet.util.LogbackUtils - Log level set to DEBUG for the logger 'com.samourai.wallet.cahoots.stonewallx2'
12:10:03.270 [main] DEBUG com.samourai.wallet.util.LogbackUtils - Log level set to DEBUG for the logger 'com.samourai.wallet.sorobanClient'
12:10:03.270 [main] DEBUG com.samourai.wallet.util.LogbackUtils - Log level set to DEBUG for the logger 'com.samourai.soroban.client'
12:10:03.270 [main] DEBUG com.samourai.wallet.util.LogbackUtils - Log level set to DEBUG for the logger 'com.samourai.soroban.client.rpc'
12:10:03.270 [main] DEBUG com.samourai.wallet.util.LogbackUtils - Log level set to DEBUG for the logger 'com.samourai.soroban.client.dialog'
12:10:03.270 [main] DEBUG com.samourai.wallet.util.LogbackUtils - Log level set to DEBUG for the logger 'com.samourai.soroban.client.meeting'
12:10:03.270 [main] DEBUG com.samourai.wallet.util.LogbackUtils - Log level set to DEBUG for the logger 'com.samourai.whirlpool.client.wallet.orchestrator'
12:10:03.270 [main] DEBUG com.samourai.wallet.util.LogbackUtils - Log level set to ERROR for the logger 'org.bitcoinj'
12:10:03.270 [main] DEBUG com.samourai.wallet.util.LogbackUtils - Log level set to WARN for the logger 'org.bitcoin'
12:10:03.270 [main] DEBUG com.samourai.wallet.util.LogbackUtils - Log level set to INFO for the logger 'org.eclipse.jetty'
12:10:03.345 [main] DEBUG com.samourai.wallet.bipWallet.WalletSupplierImpl - +BipWallet[DEPOSIT_BIP44]: BipWallet{id='DEPOSIT_BIP44', samouraiAccount=DEPOSIT, derivation=BipDerivation{purpose=44, accountIndex=0}, bipFormatDefault=LEGACY, bipFormats=[LEGACY], xPub='tpu...LZp', bipPub='tpu...LZp'}
12:10:03.345 [main] DEBUG com.samourai.wallet.bipWallet.WalletSupplierImpl - +BipWallet[DEPOSIT_BIP49]: BipWallet{id='DEPOSIT_BIP49', samouraiAccount=DEPOSIT, derivation=BipDerivation{purpose=49, accountIndex=0}, bipFormatDefault=SEGWIT_COMPAT, bipFormats=[SEGWIT_COMPAT], xPub='tpu...2dH', bipPub='upu...bSs'}
12:10:03.345 [main] DEBUG com.samourai.wallet.bipWallet.WalletSupplierImpl - +BipWallet[DEPOSIT_BIP84]: BipWallet{id='DEPOSIT_BIP84', samouraiAccount=DEPOSIT, derivation=BipDerivation{purpose=84, accountIndex=0}, bipFormatDefault=SEGWIT_NATIVE, bipFormats=[SEGWIT_NATIVE], xPub='tpu...MfN', bipPub='vpu...sew'}
12:10:03.345 [main] DEBUG com.samourai.wallet.bipWallet.WalletSupplierImpl - +BipWallet[PREMIX_BIP84]: BipWallet{id='PREMIX_BIP84', samouraiAccount=PREMIX, derivation=BipDerivation{purpose=84, accountIndex=2147483645}, bipFormatDefault=SEGWIT_NATIVE, bipFormats=[SEGWIT_NATIVE], xPub='tpu...y1p', bipPub='vpu...D4a'}
12:10:03.345 [main] DEBUG com.samourai.wallet.bipWallet.WalletSupplierImpl - +BipWallet[POSTMIX_BIP84]: BipWallet{id='POSTMIX_BIP84', samouraiAccount=POSTMIX, derivation=BipDerivation{purpose=84, accountIndex=2147483646}, bipFormatDefault=SEGWIT_NATIVE, bipFormats=[SEGWIT_NATIVE, SEGWIT_COMPAT, LEGACY], xPub='tpu...NLN', bipPub='vpu...RKR'}
12:10:03.345 [main] DEBUG com.samourai.wallet.bipWallet.WalletSupplierImpl - +BipWallet[BADBANK_BIP84]: BipWallet{id='BADBANK_BIP84', samouraiAccount=BADBANK, derivation=BipDerivation{purpose=84, accountIndex=2147483644}, bipFormatDefault=SEGWIT_NATIVE, bipFormats=[SEGWIT_NATIVE], xPub='tpu...86t', bipPub='vpu...XXs'}
12:10:03.439 [main] DEBUG com.samourai.wallet.bipWallet.WalletSupplierImpl - +BipWallet[DEPOSIT_BIP44]: BipWallet{id='DEPOSIT_BIP44', samouraiAccount=DEPOSIT, derivation=BipDerivation{purpose=44, accountIndex=0}, bipFormatDefault=LEGACY, bipFormats=[LEGACY], xPub='tpu...XeJ', bipPub='tpu...XeJ'}
12:10:03.439 [main] DEBUG com.samourai.wallet.bipWallet.WalletSupplierImpl - +BipWallet[DEPOSIT_BIP49]: BipWallet{id='DEPOSIT_BIP49', samouraiAccount=DEPOSIT, derivation=BipDerivation{purpose=49, accountIndex=0}, bipFormatDefault=SEGWIT_COMPAT, bipFormats=[SEGWIT_COMPAT], xPub='tpu...TBn', bipPub='upu...QVy'}
12:10:03.439 [main] DEBUG com.samourai.wallet.bipWallet.WalletSupplierImpl - +BipWallet[DEPOSIT_BIP84]: BipWallet{id='DEPOSIT_BIP84', samouraiAccount=DEPOSIT, derivation=BipDerivation{purpose=84, accountIndex=0}, bipFormatDefault=SEGWIT_NATIVE, bipFormats=[SEGWIT_NATIVE], xPub='tpu...Nbr', bipPub='vpu...R4q'}
12:10:03.439 [main] DEBUG com.samourai.wallet.bipWallet.WalletSupplierImpl - +BipWallet[PREMIX_BIP84]: BipWallet{id='PREMIX_BIP84', samouraiAccount=PREMIX, derivation=BipDerivation{purpose=84, accountIndex=2147483645}, bipFormatDefault=SEGWIT_NATIVE, bipFormats=[SEGWIT_NATIVE], xPub='tpu...ZBX', bipPub='vpu...XxM'}
12:10:03.439 [main] DEBUG com.samourai.wallet.bipWallet.WalletSupplierImpl - +BipWallet[POSTMIX_BIP84]: BipWallet{id='POSTMIX_BIP84', samouraiAccount=POSTMIX, derivation=BipDerivation{purpose=84, accountIndex=2147483646}, bipFormatDefault=SEGWIT_NATIVE, bipFormats=[SEGWIT_NATIVE, SEGWIT_COMPAT, LEGACY], xPub='tpu...do5', bipPub='vpu...2eX'}
12:10:03.439 [main] DEBUG com.samourai.wallet.bipWallet.WalletSupplierImpl - +BipWallet[BADBANK_BIP84]: BipWallet{id='BADBANK_BIP84', samouraiAccount=BADBANK, derivation=BipDerivation{purpose=84, accountIndex=2147483644}, bipFormatDefault=SEGWIT_NATIVE, bipFormats=[SEGWIT_NATIVE], xPub='tpu...QxP', bipPub='vpu...M4F'}
12:10:03.467 [main] DEBUG com.samourai.wallet.cahoots.stowaway.StowawayService - # Stowaway INITIATOR => step=0
12:10:03.467 [main] DEBUG com.samourai.wallet.cahoots.stonewallx2.Stonewallx2Service - # STONEWALLx2 INITIATOR => step=0
12:10:03.467 [main] DEBUG com.samourai.wallet.cahoots.AbstractCahootsTest - #0 SENDER => {"cahoots":{"step":0,"type":2,"params":"testnet","version":2},"stonewallx2":{"cahoots":{"psbt":"","destPaynym":"","cpty_account":0,"spend_amount":5000,"outpoints":[],"type":0,"params":"testnet","dest":"muimRQFJKMJM1pTminJxiD5HrPgSu257tX","version":2,"fee_amount":0,"fingerprint":"eed8a1cd","step":0,"collabChange":"","id":"25511d21092205aea5f646e9f185722bfe6e2e8c0b06be4747f1b949fb6c43e8","account":0,"ts":1711645803}},"stowaway":{"cahoots":{"psbt":"","cpty_account":0,"spend_amount":-1,"outpoints":[],"type":1,"params":"testnet","dest":"","version":2,"fee_amount":0,"fingerprint":"eed8a1cd","step":0,"id":"e5cee0e3da96a0ff9898c9a30ceea563ba61a5200a29168f68794cf79086d63d","account":0,"ts":1711645803}}}
12:10:03.467 [main] DEBUG com.samourai.wallet.cahoots.multi.MultiCahootsService - Getting SaaS Threshold...
12:10:03.468 [main] DEBUG com.samourai.wallet.cahoots.multi.MultiCahootsService - SaaS Threshold: 200000000
12:10:03.468 [main] DEBUG com.samourai.wallet.cahoots.multi.MultiCahootsService - ###### BEGIN doMultiCahoots1 MULTI/COUNTERPARTY
12:10:03.468 [main] DEBUG com.samourai.wallet.cahoots.stonewallx2.Stonewallx2Service - BIP FORMAT:: LEGACY
12:10:03.469 [main] DEBUG com.samourai.wallet.cahoots.stonewallx2.Stonewallx2Service - +output (CounterParty Mix) = mpDZcNk5owZ2eXWzgWEnGTeYeE6SF6Sz9g
12:10:03.469 [main] DEBUG com.samourai.wallet.cahoots.AbstractCahoots2xService - ###### BEGIN doSTONEWALLx2_1 STONEWALLX2/COUNTERPARTY
12:10:03.469 [main] DEBUG com.samourai.wallet.cahoots.AbstractCahoots2xService -  * outpoints={}
12:10:03.469 [main] DEBUG com.samourai.wallet.cahoots.AbstractCahoots2xService -  * tx=null
12:10:03.469 [main] DEBUG com.samourai.wallet.cahoots.stonewallx2.Stonewallx2Service - BIP84 utxos:2
12:10:03.469 [main] DEBUG com.samourai.wallet.cahoots.stonewallx2.Stonewallx2Service - BIP84 selected utxo: CahootsUtxo{utxo=9407b31fd0159dc4dd3f5377e3b18e4b4aafef2977a52e76b95c3f899cbb05ad:1, value=10000, address=tb1qh287jqsh6mkpqmd8euumyfam00fkr78qhrdnde, path=null, xpub=tpubDCKFqGcC4KmHwUHG6orVRRUQZZZ3s9kQ64YUufULo9SY1E35aJwa2MH18AxuKddtJzfjMzCgKTEgBJx3WAGxYxVdMxeTYK5Xbtsv5P6fNbr}
12:10:03.469 [main] DEBUG com.samourai.wallet.cahoots.stonewallx2.Stonewallx2Service - 1 selected utxos, totalContributedAmount=10000, requiredAmount=5546
12:10:03.469 [main] DEBUG com.samourai.wallet.cahoots.stonewallx2.Stonewallx2Service - +output (CounterParty change) = tb1qv4ak4l0w76qflk4uulavu22kxtaajnltkzxyq5
12:10:03.469 [main] DEBUG com.samourai.wallet.cahoots.AbstractCahoots2xService - ###### END doSTONEWALLx2_1 STONEWALLX2/COUNTERPARTY
12:10:03.469 [main] DEBUG com.samourai.wallet.cahoots.AbstractCahoots2xService -  * outpoints={9407b31fd0159dc4dd3f5377e3b18e4b4aafef2977a52e76b95c3f899cbb05ad-1=10000}
12:10:03.469 [main] DEBUG com.samourai.wallet.cahoots.AbstractCahoots2xService -  * tx=  d86402999930481daf502acd023e8c33384736525392336bf573cd34fec9f3fb
  version 2
  time locked until block 1234
  opts into full replace-by-fee
     in    0.0001 BTC
          outpoint:9407b31fd0159dc4dd3f5377e3b18e4b4aafef2977a52e76b95c3f899cbb05ad:1
          sequence:fffffffd, opts into full RBF
     out  DUP HASH160 PUSHDATA(20)[5f6f1ffd91751f52b20e0c0dad81daa6211d6076] EQUALVERIFY CHECKSIG 0.00005 BTC
     out  0[] PUSHDATA(20)[657b6afdeef6809fdabce7face295632fbd94feb] 0.00005 BTC
     fee  0.00 BTC/kB, 0.00 BTC for 116 bytes
     prps UNKNOWN

12:10:03.469 [main] DEBUG com.samourai.wallet.cahoots.multi.MultiCahootsService - ###### END doMultiCahoots1 MULTI/COUNTERPARTY
12:10:03.469 [main] DEBUG com.samourai.wallet.cahoots.multi.MultiCahootsService - # MultiCahoots COUNTERPARTY => step=1
12:10:03.470 [main] DEBUG com.samourai.wallet.cahoots.AbstractCahootsTest - #1 COUNTERPARTY => {"cahoots":{"step":1,"type":2,"params":"testnet","version":2},"stonewallx2":{"cahoots":{"fingerprint_collab":"f0d70870","psbt":"abZy8000000rlSO:QHS)2T(H[0je5iZ{@$Dvu#xXx?EV2ZO1WYP-u/Ac<-5DHo9F.=ilq2&D09=bRGHd*wr!=6>7(^>4CmV5tH4g(zKx(&eqb:uI5)c!K&>{GmMP7w0<TIR9!g/D8+bp:0(A8i!4P*pU?+Uf.-Byc8QK]k+fAtZ63P#XiigP@9F*IR3cR{000","destPaynym":"","cpty_account":0,"spend_amount":5000,"outpoints":[{"value":10000,"outpoint":"9407b31fd0159dc4dd3f5377e3b18e4b4aafef2977a52e76b95c3f899cbb05ad-1"}],"type":0,"params":"testnet","dest":"muimRQFJKMJM1pTminJxiD5HrPgSu257tX","version":2,"fee_amount":0,"fingerprint":"eed8a1cd","step":1,"collabChange":"tb1qv4ak4l0w76qflk4uulavu22kxtaajnltkzxyq5","id":"25511d21092205aea5f646e9f185722bfe6e2e8c0b06be4747f1b949fb6c43e8","account":0,"ts":1711645803}},"stowaway":{"cahoots":{"psbt":"","cpty_account":0,"spend_amount":-1,"outpoints":[],"type":1,"params":"testnet","dest":"","version":2,"fee_amount":0,"fingerprint":"eed8a1cd","step":0,"id":"e5cee0e3da96a0ff9898c9a30ceea563ba61a5200a29168f68794cf79086d63d","account":0,"ts":1711645803}}}
12:10:03.471 [main] DEBUG com.samourai.wallet.cahoots.multi.MultiCahootsService - # MultiCahoots SENDER <= step=1
12:10:03.471 [main] DEBUG com.samourai.wallet.cahoots.multi.MultiCahootsService - ###### BEGIN doMultiCahoots2 MULTI/SENDER
12:10:03.471 [main] DEBUG com.samourai.wallet.cahoots.AbstractCahoots2xService - ###### BEGIN doSTONEWALLx2_2 STONEWALLX2/SENDER
12:10:03.471 [main] DEBUG com.samourai.wallet.cahoots.AbstractCahoots2xService -  * outpoints={9407b31fd0159dc4dd3f5377e3b18e4b4aafef2977a52e76b95c3f899cbb05ad-1=10000}
12:10:03.471 [main] DEBUG com.samourai.wallet.cahoots.AbstractCahoots2xService -  * tx=  d86402999930481daf502acd023e8c33384736525392336bf573cd34fec9f3fb
  version 2
  time locked until block 1234
  opts into full replace-by-fee
     in   
          outpoint:9407b31fd0159dc4dd3f5377e3b18e4b4aafef2977a52e76b95c3f899cbb05ad:1
          sequence:fffffffd, opts into full RBF
     out  DUP HASH160 PUSHDATA(20)[5f6f1ffd91751f52b20e0c0dad81daa6211d6076] EQUALVERIFY CHECKSIG 0.00005 BTC
     out  0[] PUSHDATA(20)[657b6afdeef6809fdabce7face295632fbd94feb] 0.00005 BTC
     prps UNKNOWN

12:10:03.471 [main] DEBUG com.samourai.wallet.cahoots.stonewallx2.Stonewallx2Service - step2 tx:0200000001ad05bb9c893f5cb9762ea57729efaf4a4b8eb1e377533fddc49d15d01fb307940100000000fdffffff0288130000000000001976a9145f6f1ffd91751f52b20e0c0dad81daa6211d607688ac8813000000000000160014657b6afdeef6809fdabce7face295632fbd94febd2040000
12:10:03.471 [main] DEBUG com.samourai.wallet.cahoots.stonewallx2.Stonewallx2Service - step2 tx:  d86402999930481daf502acd023e8c33384736525392336bf573cd34fec9f3fb
  version 2
  time locked until block 1234
  opts into full replace-by-fee
     in   
          outpoint:9407b31fd0159dc4dd3f5377e3b18e4b4aafef2977a52e76b95c3f899cbb05ad:1
          sequence:fffffffd, opts into full RBF
     out  DUP HASH160 PUSHDATA(20)[5f6f1ffd91751f52b20e0c0dad81daa6211d6076] EQUALVERIFY CHECKSIG 0.00005 BTC
     out  0[] PUSHDATA(20)[657b6afdeef6809fdabce7face295632fbd94feb] 0.00005 BTC
     prps UNKNOWN

12:10:03.471 [main] DEBUG com.samourai.wallet.cahoots.stonewallx2.Stonewallx2Service - BIP84 utxos:2
12:10:03.471 [main] DEBUG com.samourai.wallet.cahoots.stonewallx2.Stonewallx2Service - BIP84 selected utxo: CahootsUtxo{utxo=14cf9c6be92efcfe628aabd32b02c85e763615ddd430861bc18f6d366e4c4fd5:1, value=10000, address=tb1qkymumss6zj0rxy9l3v5vqxqwwffy8jjsyhrkrg, path=null, xpub=tpubDDLBK9gJk4HdPCDzF4Yhxx3u6q1QWo7iZAPVHfsFjLp9rUxXf79FPEK4cKMiV1jrJqrCCVJnciMh1kau2xZtjpZ5DoiaK3RbF6MffFWXMfN}
12:10:03.472 [main] DEBUG com.samourai.wallet.cahoots.stonewallx2.Stonewallx2Service - fee:284
12:10:03.472 [main] DEBUG com.samourai.wallet.cahoots.stonewallx2.Stonewallx2Service - 1 selected utxos, totalContributedAmount=10000, requiredAmount=5830
12:10:03.472 [main] DEBUG com.samourai.wallet.cahoots.stonewallx2.Stonewallx2Service - fee pair:284
12:10:03.472 [main] DEBUG com.samourai.wallet.cahoots.stonewallx2.Stonewallx2Service - destination:muimRQFJKMJM1pTminJxiD5HrPgSu257tX
12:10:03.472 [main] DEBUG com.samourai.wallet.cahoots.stonewallx2.Stonewallx2Service - output value post fee:4858
12:10:03.472 [main] DEBUG com.samourai.wallet.cahoots.stonewallx2.Stonewallx2Service - +output (Spender change) = tb1qfe8765vcdka0xgkjkdhxjzux8raq7qsyamffad
12:10:03.472 [main] DEBUG com.samourai.wallet.cahoots.AbstractCahoots2xService - ###### END doSTONEWALLx2_2 STONEWALLX2/SENDER
12:10:03.472 [main] DEBUG com.samourai.wallet.cahoots.AbstractCahoots2xService -  * outpoints={14cf9c6be92efcfe628aabd32b02c85e763615ddd430861bc18f6d366e4c4fd5-1=10000, 9407b31fd0159dc4dd3f5377e3b18e4b4aafef2977a52e76b95c3f899cbb05ad-1=10000}
12:10:03.472 [main] DEBUG com.samourai.wallet.cahoots.AbstractCahoots2xService -  * tx=  ed971ecf7a4a04ec49c08074e24aae9824f10d166bc910c7b7d4c7d4937f345b
  version 2
  time locked until block 1234
  opts into full replace-by-fee
     in   
          outpoint:9407b31fd0159dc4dd3f5377e3b18e4b4aafef2977a52e76b95c3f899cbb05ad:1
          sequence:fffffffd, opts into full RBF
     in    0.0001 BTC
          outpoint:14cf9c6be92efcfe628aabd32b02c85e763615ddd430861bc18f6d366e4c4fd5:1
          sequence:fffffffd, opts into full RBF
     out  DUP HASH160 PUSHDATA(20)[5f6f1ffd91751f52b20e0c0dad81daa6211d6076] EQUALVERIFY CHECKSIG 0.00005 BTC
     out  0[] PUSHDATA(20)[657b6afdeef6809fdabce7face295632fbd94feb] 0.00004858 BTC
     out  DUP HASH160 PUSHDATA(20)[9bcdad097fa4695a3bdab991e3212da04002ce40] EQUALVERIFY CHECKSIG 0.00005 BTC
     out  0[] PUSHDATA(20)[4e4fed51986dbaf322d2b36e690b8638fa0f0204] 0.00004858 BTC
     prps UNKNOWN

12:10:03.472 [main] DEBUG com.samourai.wallet.cahoots.multi.MultiCahootsService - ###### END doMultiCahoots2 MULTI/SENDER
12:10:03.472 [main] DEBUG com.samourai.wallet.cahoots.multi.MultiCahootsService - # MultiCahoots SENDER => step=2
12:10:03.473 [main] DEBUG com.samourai.wallet.cahoots.AbstractCahootsTest - #2 SENDER => {"cahoots":{"step":2,"type":2,"params":"testnet","version":2},"stonewallx2":{"cahoots":{"fingerprint_collab":"f0d70870","psbt":"abZy8000000rmh7:.-s?2Nado)<o49@6LD6[NTo8c2]-9Dk[[XByVg0PA++pP>I!DUJ@&8(bNE7=MO{uM5@Uxidc-wz*d3%y6eue9g8-PO9*eATe}J{OaUP7+XERs@R1)7(c])hy(VepW6JgSzzaBg@:D2v7A9hOu^rQ8u0zX79GPhfcbz&jm{>RcA(o<}C5L>m^HRbD5Z#{V*CrQYD][T@y$aMEf(swxpx3J]V!^OeW<6@MOx{c)8y83/KK[GiZ#2DeP1=3st4Yx1h6}1A.(75S0Sh<xo=@5zf9QnP0NpYC00","destPaynym":"","cpty_account":0,"spend_amount":5000,"outpoints":[{"value":10000,"outpoint":"14cf9c6be92efcfe628aabd32b02c85e763615ddd430861bc18f6d366e4c4fd5-1"},{"value":10000,"outpoint":"9407b31fd0159dc4dd3f5377e3b18e4b4aafef2977a52e76b95c3f899cbb05ad-1"}],"type":0,"params":"testnet","dest":"muimRQFJKMJM1pTminJxiD5HrPgSu257tX","version":2,"fee_amount":284,"fingerprint":"eed8a1cd","step":2,"collabChange":"tb1qv4ak4l0w76qflk4uulavu22kxtaajnltkzxyq5","id":"25511d21092205aea5f646e9f185722bfe6e2e8c0b06be4747f1b949fb6c43e8","account":0,"ts":1711645803}},"stowaway":{"cahoots":{"psbt":"","cpty_account":0,"spend_amount":-1,"outpoints":[],"type":1,"params":"testnet","dest":"","version":2,"fee_amount":0,"fingerprint":"eed8a1cd","step":0,"id":"e5cee0e3da96a0ff9898c9a30ceea563ba61a5200a29168f68794cf79086d63d","account":0,"ts":1711645803}}}
12:10:03.473 [main] DEBUG com.samourai.wallet.cahoots.multi.MultiCahootsService - # MultiCahoots COUNTERPARTY <= step=2
12:10:03.473 [main] DEBUG com.samourai.wallet.cahoots.multi.MultiCahootsService - ###### BEGIN doMultiCahoots3 MULTI/COUNTERPARTY
12:10:03.473 [main] DEBUG com.samourai.wallet.cahoots.multi.MultiCahootsService - Stonewall fee: 142
12:10:03.473 [main] DEBUG com.samourai.wallet.cahoots.multi.MultiCahootsService - Total fee:: 317
12:10:03.474 [main] DEBUG com.samourai.wallet.cahoots.AbstractCahoots2xService - ###### BEGIN doStowaway1 STOWAWAY/COUNTERPARTY
12:10:03.474 [main] DEBUG com.samourai.wallet.cahoots.AbstractCahoots2xService -  * outpoints={}
12:10:03.474 [main] DEBUG com.samourai.wallet.cahoots.AbstractCahoots2xService -  * tx=null
12:10:03.474 [main] DEBUG com.samourai.wallet.cahoots.stowaway.StowawayService - BIP84 utxos:2
12:10:03.474 [main] DEBUG com.samourai.wallet.cahoots.stowaway.StowawayService - BIP84 selected random utxo: CahootsUtxo{utxo=b4b65c3246da72537c93591919f8479f7a2b232f4dafec55b9e01d34e47fde26:1, value=9000, address=tb1qh287jqsh6mkpqmd8euumyfam00fkr78qhrdnde, path=null, xpub=tpubDCKFqGcC4KmHwUHG6orVRRUQZZZ3s9kQ64YUufULo9SY1E35aJwa2MH18AxuKddtJzfjMzCgKTEgBJx3WAGxYxVdMxeTYK5Xbtsv5P6fNbr}
12:10:03.474 [main] DEBUG com.samourai.wallet.cahoots.stowaway.StowawayService - 1 selected utxos, totalContributedAmount=9000, requiredAmount=863
12:10:03.474 [main] DEBUG com.samourai.wallet.cahoots.stowaway.StowawayService - +output (CounterParty receive) = tb1q9z5slgl572zlc6yl8zg32vndh7tfzltzz3pw8w
12:10:03.474 [main] DEBUG com.samourai.wallet.cahoots.AbstractCahoots2xService - ###### END doStowaway1 STOWAWAY/COUNTERPARTY
12:10:03.474 [main] DEBUG com.samourai.wallet.cahoots.AbstractCahoots2xService -  * outpoints={b4b65c3246da72537c93591919f8479f7a2b232f4dafec55b9e01d34e47fde26-1=9000}
12:10:03.474 [main] DEBUG com.samourai.wallet.cahoots.AbstractCahoots2xService -  * tx=  22fc448d00e3d631f2b2a388f721d449afd91660b59361e1c45145617639135a
  version 2
  opts into full replace-by-fee
     in    0.00009 BTC
          outpoint:b4b65c3246da72537c93591919f8479f7a2b232f4dafec55b9e01d34e47fde26:1
          sequence:fffffffd, opts into full RBF
     out  0[] PUSHDATA(20)[28a90fa3f4f285fc689f389115326dbf96917d62] 0.00000317 BTC
     fee  0.0010589 BTC/kB, 0.00008683 BTC for 82 bytes
     prps UNKNOWN

12:10:03.474 [main] DEBUG com.samourai.wallet.cahoots.AbstractCahoots2xService - ###### BEGIN doStep3 STONEWALLX2/COUNTERPARTY
12:10:03.474 [main] DEBUG com.samourai.wallet.cahoots.AbstractCahoots2xService -  * outpoints={14cf9c6be92efcfe628aabd32b02c85e763615ddd430861bc18f6d366e4c4fd5-1=10000, 9407b31fd0159dc4dd3f5377e3b18e4b4aafef2977a52e76b95c3f899cbb05ad-1=10000}
12:10:03.474 [main] DEBUG com.samourai.wallet.cahoots.AbstractCahoots2xService -  * tx=  ed971ecf7a4a04ec49c08074e24aae9824f10d166bc910c7b7d4c7d4937f345b
  version 2
  time locked until block 1234
  opts into full replace-by-fee
     in   
          outpoint:9407b31fd0159dc4dd3f5377e3b18e4b4aafef2977a52e76b95c3f899cbb05ad:1
          sequence:fffffffd, opts into full RBF
     in   
          outpoint:14cf9c6be92efcfe628aabd32b02c85e763615ddd430861bc18f6d366e4c4fd5:1
          sequence:fffffffd, opts into full RBF
     out  DUP HASH160 PUSHDATA(20)[5f6f1ffd91751f52b20e0c0dad81daa6211d6076] EQUALVERIFY CHECKSIG 0.00005 BTC
     out  0[] PUSHDATA(20)[657b6afdeef6809fdabce7face295632fbd94feb] 0.00004858 BTC
     out  DUP HASH160 PUSHDATA(20)[9bcdad097fa4695a3bdab991e3212da04002ce40] EQUALVERIFY CHECKSIG 0.00005 BTC
     out  0[] PUSHDATA(20)[4e4fed51986dbaf322d2b36e690b8638fa0f0204] 0.00004858 BTC
     prps UNKNOWN

12:10:03.475 [main] DEBUG com.samourai.wallet.cahoots.Cahoots2x - signTx:  142cceb968e279c8d2e9ddda31c61b7d30baac488d06aa1312275607b38cadac
  version 2
  time locked until block 1234
  opts into full replace-by-fee
     in   
          outpoint:14cf9c6be92efcfe628aabd32b02c85e763615ddd430861bc18f6d366e4c4fd5:1
          sequence:fffffffd, opts into full RBF
     in   
          outpoint:9407b31fd0159dc4dd3f5377e3b18e4b4aafef2977a52e76b95c3f899cbb05ad:1
          sequence:fffffffd, opts into full RBF
     out  0[] PUSHDATA(20)[4e4fed51986dbaf322d2b36e690b8638fa0f0204] 0.00004858 BTC
     out  0[] PUSHDATA(20)[657b6afdeef6809fdabce7face295632fbd94feb] 0.00004858 BTC
     out  DUP HASH160 PUSHDATA(20)[5f6f1ffd91751f52b20e0c0dad81daa6211d6076] EQUALVERIFY CHECKSIG 0.00005 BTC
     out  DUP HASH160 PUSHDATA(20)[9bcdad097fa4695a3bdab991e3212da04002ce40] EQUALVERIFY CHECKSIG 0.00005 BTC
     prps UNKNOWN

12:10:03.475 [main] DEBUG com.samourai.wallet.cahoots.Cahoots2x - signTx outpoint:9407b31fd0159dc4dd3f5377e3b18e4b4aafef2977a52e76b95c3f899cbb05ad:1
12:10:03.475 [main] DEBUG com.samourai.wallet.cahoots.Cahoots2x - signTx bech32:tb1qyvqh86akdkhnh8fh7j0q7n8j78k0wruz5et8tj
12:10:03.475 [main] DEBUG com.samourai.wallet.cahoots.Cahoots2x - signTx value:10000
12:10:03.475 [main] DEBUG com.samourai.wallet.cahoots.AbstractCahootsService - [STONEWALLX2/COUNTERPARTY] computeSpendAmount: keyBag=[9407b31fd0159dc4dd3f5377e3b18e4b4aafef2977a52e76b95c3f899cbb05ad:1]
12:10:03.476 [main] DEBUG com.samourai.wallet.cahoots.AbstractCahootsService - [STONEWALLX2/COUNTERPARTY] computeSpendAmount: +input 10000 9407b31fd0159dc4dd3f5377e3b18e4b4aafef2977a52e76b95c3f899cbb05ad:1
12:10:03.476 [main] DEBUG com.samourai.wallet.cahoots.AbstractCahootsService - [STONEWALLX2/COUNTERPARTY] computeSpendAmount: -output 4858 tb1qv4ak4l0w76qflk4uulavu22kxtaajnltkzxyq5
12:10:03.476 [main] DEBUG com.samourai.wallet.cahoots.AbstractCahootsService - [STONEWALLX2/COUNTERPARTY] computeSpendAmount: -output 5000 mpDZcNk5owZ2eXWzgWEnGTeYeE6SF6Sz9g
12:10:03.476 [main] DEBUG com.samourai.wallet.cahoots.AbstractCahootsService - [STONEWALLX2/COUNTERPARTY] computeSpendAmount = 142
12:10:03.476 [main] DEBUG com.samourai.wallet.cahoots.stonewallx2.Stonewallx2Service - [STONEWALLX2/COUNTERPARTY] maxSpendAmount = 142: sharedMinerFee=142
12:10:03.476 [main] DEBUG com.samourai.wallet.cahoots.AbstractCahoots2xService - [STONEWALLX2/COUNTERPARTY] COUNTERPARTY verifiedSpendAmount=142, maxSpendAmount=142
12:10:03.476 [main] DEBUG com.samourai.wallet.cahoots.AbstractCahoots2xService - ###### END doStep3 STONEWALLX2/COUNTERPARTY
12:10:03.476 [main] DEBUG com.samourai.wallet.cahoots.AbstractCahoots2xService -  * outpoints={14cf9c6be92efcfe628aabd32b02c85e763615ddd430861bc18f6d366e4c4fd5-1=10000, 9407b31fd0159dc4dd3f5377e3b18e4b4aafef2977a52e76b95c3f899cbb05ad-1=10000}
12:10:03.476 [main] DEBUG com.samourai.wallet.cahoots.AbstractCahoots2xService -  * tx=  142cceb968e279c8d2e9ddda31c61b7d30baac488d06aa1312275607b38cadac
  version 2
  time locked until block 1234
  opts into full replace-by-fee
     in   
          outpoint:14cf9c6be92efcfe628aabd32b02c85e763615ddd430861bc18f6d366e4c4fd5:1
          sequence:fffffffd, opts into full RBF
     in   
          outpoint:9407b31fd0159dc4dd3f5377e3b18e4b4aafef2977a52e76b95c3f899cbb05ad:1
          sequence:fffffffd, opts into full RBF
     out  0[] PUSHDATA(20)[4e4fed51986dbaf322d2b36e690b8638fa0f0204] 0.00004858 BTC
     out  0[] PUSHDATA(20)[657b6afdeef6809fdabce7face295632fbd94feb] 0.00004858 BTC
     out  DUP HASH160 PUSHDATA(20)[5f6f1ffd91751f52b20e0c0dad81daa6211d6076] EQUALVERIFY CHECKSIG 0.00005 BTC
     out  DUP HASH160 PUSHDATA(20)[9bcdad097fa4695a3bdab991e3212da04002ce40] EQUALVERIFY CHECKSIG 0.00005 BTC
     prps UNKNOWN

12:10:03.476 [main] DEBUG com.samourai.wallet.cahoots.multi.MultiCahootsService - ###### END doMultiCahoots3 MULTI/COUNTERPARTY
12:10:03.476 [main] DEBUG com.samourai.wallet.cahoots.multi.MultiCahootsService - # MultiCahoots COUNTERPARTY => step=3
12:10:03.477 [main] DEBUG com.samourai.wallet.cahoots.AbstractCahootsTest - #3 COUNTERPARTY => {"cahoots":{"step":3,"type":2,"params":"testnet","version":2},"stonewallx2":{"cahoots":{"fingerprint_collab":"f0d70870","psbt":"abZy8000000rmh8IWrGu2T}/)<0P>ZqthfaZlRU7TQ(aojN).PU+L.>0%*Q1z*c/<Vf8-vE+Er1)MwC2Dz4+P<\/2fJYfIQ6b5X(7=.Cyf].eN=<nK}n}593LXWQhp:v!E*4LYi%Iq^y9O.g$R=y7YMZjc)Q<n[>45p(j#pT@?hX@jaAX=?$DwY#qE+a(6GPnCYhVUGJ7TZXm:!JFk{RY]H5-a%zvlZcSP=WkiWMa-6(K.5SNRw@rHGP-1!k$b7X/J6eYG6x#s@(sIQ}Ypd1wP-&[tzq@$HMB0o0Q8zU:jJjTjhwHT0dNLx<a-f%YGG!9YEgBz3AUkKU!WVLiGgoXXFy5(fkRPTxn=BFOtNcDgo[7KEvw]Bg?)Vkpw.K/bOTufExDn0)<#<Y=]OdN}n=Hks9MC}g1G@OHEj@-jdB/8[}XqnXUyS!q1}t*EknOj0r-lOvxGUi00","destPaynym":"","cpty_account":0,"spend_amount":5000,"outpoints":[{"value":10000,"outpoint":"14cf9c6be92efcfe628aabd32b02c85e763615ddd430861bc18f6d366e4c4fd5-1"},{"value":10000,"outpoint":"9407b31fd0159dc4dd3f5377e3b18e4b4aafef2977a52e76b95c3f899cbb05ad-1"}],"type":0,"params":"testnet","dest":"muimRQFJKMJM1pTminJxiD5HrPgSu257tX","version":2,"fee_amount":284,"fingerprint":"eed8a1cd","step":3,"collabChange":"tb1qv4ak4l0w76qflk4uulavu22kxtaajnltkzxyq5","id":"25511d21092205aea5f646e9f185722bfe6e2e8c0b06be4747f1b949fb6c43e8","account":0,"ts":1711645803}},"stowaway":{"cahoots":{"fingerprint_collab":"f0d70870","psbt":"abZy8000000rkGFW*-r(3<fNeMnKXtNFS6mSRuOF5mw434m{UTIcJQnGc*vtJ&v1utigkbGTB6Ar)Dpy1@ARcx(qK!O!-/&s1FZ{kg1J$/8BGHbYo3es+J+d:z*F.1S+OGDy[rrd9-s#A#cz7ZvX&l000","cpty_account":0,"spend_amount":317,"outpoints":[{"value":9000,"outpoint":"b4b65c3246da72537c93591919f8479f7a2b232f4dafec55b9e01d34e47fde26-1"}],"type":1,"params":"testnet","dest":"tb1q9z5slgl572zlc6yl8zg32vndh7tfzltzz3pw8w","version":2,"fee_amount":0,"fingerprint":"eed8a1cd","step":1,"id":"e5cee0e3da96a0ff9898c9a30ceea563ba61a5200a29168f68794cf79086d63d","account":0,"ts":1711645803}}}
12:10:03.478 [main] DEBUG com.samourai.wallet.cahoots.multi.MultiCahootsService - # MultiCahoots SENDER <= step=3
12:10:03.478 [main] DEBUG com.samourai.wallet.cahoots.multi.MultiCahootsService - ###### BEGIN doMultiCahoots4 MULTI/SENDER
12:10:03.478 [main] DEBUG com.samourai.wallet.cahoots.AbstractCahoots2xService - ###### BEGIN doStep4 STONEWALLX2/SENDER
12:10:03.478 [main] DEBUG com.samourai.wallet.cahoots.AbstractCahoots2xService -  * outpoints={14cf9c6be92efcfe628aabd32b02c85e763615ddd430861bc18f6d366e4c4fd5-1=10000, 9407b31fd0159dc4dd3f5377e3b18e4b4aafef2977a52e76b95c3f899cbb05ad-1=10000}
12:10:03.478 [main] DEBUG com.samourai.wallet.cahoots.AbstractCahoots2xService -  * tx=  142cceb968e279c8d2e9ddda31c61b7d30baac488d06aa1312275607b38cadac
  version 2
  time locked until block 1234
  opts into full replace-by-fee
     in   
          outpoint:14cf9c6be92efcfe628aabd32b02c85e763615ddd430861bc18f6d366e4c4fd5:1
          sequence:fffffffd, opts into full RBF
     in   
          outpoint:9407b31fd0159dc4dd3f5377e3b18e4b4aafef2977a52e76b95c3f899cbb05ad:1
          sequence:fffffffd, opts into full RBF
     out  0[] PUSHDATA(20)[4e4fed51986dbaf322d2b36e690b8638fa0f0204] 0.00004858 BTC
     out  0[] PUSHDATA(20)[657b6afdeef6809fdabce7face295632fbd94feb] 0.00004858 BTC
     out  DUP HASH160 PUSHDATA(20)[5f6f1ffd91751f52b20e0c0dad81daa6211d6076] EQUALVERIFY CHECKSIG 0.00005 BTC
     out  DUP HASH160 PUSHDATA(20)[9bcdad097fa4695a3bdab991e3212da04002ce40] EQUALVERIFY CHECKSIG 0.00005 BTC
     prps UNKNOWN

12:10:03.478 [main] DEBUG com.samourai.wallet.cahoots.Cahoots2x - signTx:  142cceb968e279c8d2e9ddda31c61b7d30baac488d06aa1312275607b38cadac
  version 2
  time locked until block 1234
  opts into full replace-by-fee
     in   
          outpoint:14cf9c6be92efcfe628aabd32b02c85e763615ddd430861bc18f6d366e4c4fd5:1
          sequence:fffffffd, opts into full RBF
     in   
          outpoint:9407b31fd0159dc4dd3f5377e3b18e4b4aafef2977a52e76b95c3f899cbb05ad:1
          sequence:fffffffd, opts into full RBF
     out  0[] PUSHDATA(20)[4e4fed51986dbaf322d2b36e690b8638fa0f0204] 0.00004858 BTC
     out  0[] PUSHDATA(20)[657b6afdeef6809fdabce7face295632fbd94feb] 0.00004858 BTC
     out  DUP HASH160 PUSHDATA(20)[5f6f1ffd91751f52b20e0c0dad81daa6211d6076] EQUALVERIFY CHECKSIG 0.00005 BTC
     out  DUP HASH160 PUSHDATA(20)[9bcdad097fa4695a3bdab991e3212da04002ce40] EQUALVERIFY CHECKSIG 0.00005 BTC
     prps UNKNOWN

12:10:03.478 [main] DEBUG com.samourai.wallet.cahoots.Cahoots2x - signTx outpoint:14cf9c6be92efcfe628aabd32b02c85e763615ddd430861bc18f6d366e4c4fd5:1
12:10:03.478 [main] DEBUG com.samourai.wallet.cahoots.Cahoots2x - signTx bech32:tb1qyvqh86akdkhnh8fh7j0q7n8j78k0wruz5et8tj
12:10:03.478 [main] DEBUG com.samourai.wallet.cahoots.Cahoots2x - signTx value:10000
12:10:03.478 [main] DEBUG com.samourai.wallet.cahoots.AbstractCahootsService - [STONEWALLX2/SENDER] computeSpendAmount: keyBag=[14cf9c6be92efcfe628aabd32b02c85e763615ddd430861bc18f6d366e4c4fd5:1]
12:10:03.478 [main] DEBUG com.samourai.wallet.cahoots.AbstractCahootsService - [STONEWALLX2/SENDER] computeSpendAmount: +input 10000 14cf9c6be92efcfe628aabd32b02c85e763615ddd430861bc18f6d366e4c4fd5:1
12:10:03.478 [main] DEBUG com.samourai.wallet.cahoots.AbstractCahootsService - [STONEWALLX2/SENDER] computeSpendAmount: -output 4858 tb1qfe8765vcdka0xgkjkdhxjzux8raq7qsyamffad
12:10:03.479 [main] DEBUG com.samourai.wallet.cahoots.AbstractCahootsService - [STONEWALLX2/SENDER] computeSpendAmount = 5142
12:10:03.479 [main] DEBUG com.samourai.wallet.cahoots.stonewallx2.Stonewallx2Service - [STONEWALLX2/SENDER] maxSpendAmount = 5142: amount=5000 + sharedMinerFee=142
12:10:03.479 [main] DEBUG com.samourai.wallet.cahoots.AbstractCahoots2xService - [STONEWALLX2/SENDER] SENDER verifiedSpendAmount=5142, maxSpendAmount=5142
12:10:03.479 [main] DEBUG com.samourai.wallet.cahoots.AbstractCahootsService - checkFee: feeActual=284, feeExpected=284
12:10:03.479 [main] DEBUG com.samourai.wallet.cahoots.AbstractCahoots2xService - ###### END doStep4 STONEWALLX2/SENDER
12:10:03.479 [main] DEBUG com.samourai.wallet.cahoots.AbstractCahoots2xService -  * outpoints={14cf9c6be92efcfe628aabd32b02c85e763615ddd430861bc18f6d366e4c4fd5-1=10000, 9407b31fd0159dc4dd3f5377e3b18e4b4aafef2977a52e76b95c3f899cbb05ad-1=10000}
12:10:03.479 [main] DEBUG com.samourai.wallet.cahoots.AbstractCahoots2xService -  * tx=  142cceb968e279c8d2e9ddda31c61b7d30baac488d06aa1312275607b38cadac
  version 2
  time locked until block 1234
  opts into full replace-by-fee
     in   
          outpoint:14cf9c6be92efcfe628aabd32b02c85e763615ddd430861bc18f6d366e4c4fd5:1
          sequence:fffffffd, opts into full RBF
     in   
          outpoint:9407b31fd0159dc4dd3f5377e3b18e4b4aafef2977a52e76b95c3f899cbb05ad:1
          sequence:fffffffd, opts into full RBF
     out  0[] PUSHDATA(20)[4e4fed51986dbaf322d2b36e690b8638fa0f0204] 0.00004858 BTC
     out  0[] PUSHDATA(20)[657b6afdeef6809fdabce7face295632fbd94feb] 0.00004858 BTC
     out  DUP HASH160 PUSHDATA(20)[5f6f1ffd91751f52b20e0c0dad81daa6211d6076] EQUALVERIFY CHECKSIG 0.00005 BTC
     out  DUP HASH160 PUSHDATA(20)[9bcdad097fa4695a3bdab991e3212da04002ce40] EQUALVERIFY CHECKSIG 0.00005 BTC
     prps UNKNOWN

12:10:03.479 [main] DEBUG com.samourai.wallet.cahoots.AbstractCahoots2xService - ###### BEGIN doStowaway2 STOWAWAY/SENDER
12:10:03.479 [main] DEBUG com.samourai.wallet.cahoots.AbstractCahoots2xService -  * outpoints={b4b65c3246da72537c93591919f8479f7a2b232f4dafec55b9e01d34e47fde26-1=9000}
12:10:03.479 [main] DEBUG com.samourai.wallet.cahoots.AbstractCahoots2xService -  * tx=  22fc448d00e3d631f2b2a388f721d449afd91660b59361e1c45145617639135a
  version 2
  opts into full replace-by-fee
     in   
          outpoint:b4b65c3246da72537c93591919f8479f7a2b232f4dafec55b9e01d34e47fde26:1
          sequence:fffffffd, opts into full RBF
     out  0[] PUSHDATA(20)[28a90fa3f4f285fc689f389115326dbf96917d62] 0.00000317 BTC
     prps UNKNOWN

12:10:03.479 [main] DEBUG com.samourai.wallet.cahoots.stowaway.StowawayService - sender account (2):0
12:10:03.479 [main] DEBUG com.samourai.wallet.cahoots.stowaway.StowawayService - step2 tx:020000000126de7fe4341de0b955ecaf4d2f232b7a9f47f8191959937c5372da46325cb6b40100000000fdffffff013d0100000000000016001428a90fa3f4f285fc689f389115326dbf96917d6200000000
12:10:03.479 [main] DEBUG com.samourai.wallet.cahoots.stowaway.StowawayService - BIP84 utxos:2
12:10:03.479 [main] DEBUG com.samourai.wallet.cahoots.stowaway.StowawayService - BIP84 selected utxo: CahootsUtxo{utxo=7a1a2c7732f7a4e4dcb077286b61b36be99baf97168fd93ef862283c77acb03e:1, value=8000, address=tb1qkymumss6zj0rxy9l3v5vqxqwwffy8jjsyhrkrg, path=null, xpub=tpubDDLBK9gJk4HdPCDzF4Yhxx3u6q1QWo7iZAPVHfsFjLp9rUxXf79FPEK4cKMiV1jrJqrCCVJnciMh1kau2xZtjpZ5DoiaK3RbF6MffFWXMfN}
12:10:03.479 [main] DEBUG com.samourai.wallet.cahoots.stowaway.StowawayService - BIP84 post selected utxo: CahootsUtxo{utxo=7a1a2c7732f7a4e4dcb077286b61b36be99baf97168fd93ef862283c77acb03e:1, value=8000, address=tb1qkymumss6zj0rxy9l3v5vqxqwwffy8jjsyhrkrg, path=null, xpub=tpubDDLBK9gJk4HdPCDzF4Yhxx3u6q1QWo7iZAPVHfsFjLp9rUxXf79FPEK4cKMiV1jrJqrCCVJnciMh1kau2xZtjpZ5DoiaK3RbF6MffFWXMfN}
12:10:03.479 [main] DEBUG com.samourai.wallet.cahoots.stowaway.StowawayService - fee:216
12:10:03.479 [main] DEBUG com.samourai.wallet.cahoots.stowaway.StowawayService - 1 selected utxos, totalContributedAmount=8000, requiredAmount=1079
12:10:03.479 [main] DEBUG com.samourai.wallet.cahoots.stowaway.StowawayService - +output (sender change) = tb1qsktrk7075w9cfn5p3e0jnfdpzk75eq3f5qced4
12:10:03.479 [main] DEBUG com.samourai.wallet.cahoots.AbstractCahoots2xService - ###### END doStowaway2 STOWAWAY/SENDER
12:10:03.479 [main] DEBUG com.samourai.wallet.cahoots.AbstractCahoots2xService -  * outpoints={b4b65c3246da72537c93591919f8479f7a2b232f4dafec55b9e01d34e47fde26-1=9000, 7a1a2c7732f7a4e4dcb077286b61b36be99baf97168fd93ef862283c77acb03e-1=8000}
12:10:03.479 [main] DEBUG com.samourai.wallet.cahoots.AbstractCahoots2xService -  * tx=  60c88e006c8d5d22b16bb78d5dfef4088a21c7823280cc6e77bc7a7a49cea0ae
  version 2
  opts into full replace-by-fee
     in   
          outpoint:b4b65c3246da72537c93591919f8479f7a2b232f4dafec55b9e01d34e47fde26:1
          sequence:fffffffd, opts into full RBF
     in    0.00008 BTC
          outpoint:7a1a2c7732f7a4e4dcb077286b61b36be99baf97168fd93ef862283c77acb03e:1
          sequence:fffffffd, opts into full RBF
     out  0[] PUSHDATA(20)[28a90fa3f4f285fc689f389115326dbf96917d62] 0.00009317 BTC
     out  0[] PUSHDATA(20)[85963b79fea38b84ce818e5f29a5a115bd4c8229] 0.00007467 BTC
     prps UNKNOWN

12:10:03.479 [main] DEBUG com.samourai.wallet.cahoots.multi.MultiCahootsService - ###### END doMultiCahoots4 MULTI/SENDER
12:10:03.479 [main] DEBUG com.samourai.wallet.cahoots.multi.MultiCahootsService - # MultiCahoots SENDER => step=4
12:10:03.480 [main] DEBUG com.samourai.wallet.cahoots.AbstractCahootsTest - #4 SENDER => {"cahoots":{"step":4,"type":2,"params":"testnet","version":2},"stonewallx2":{"cahoots":{"fingerprint_collab":"f0d70870","psbt":"abZy8000000rof0/:O=U2Yf(4HBADp]J%}Lm5%4T=ef.82fDP09t)Bagm!HHM}Dg0.9ttQ2[Gn/QGR<.vQqh]t.NjFrqG(y:#UUzL=0RvW}>?!Gz:ZcS&t!%q6rAE/u.Jhh(d0sbKZGF&jLSk:4T^DS(I&W3ukM^}f%H*pVf0?kJol@BmTFW}QJ-QlSxputob)xClhyb@]HLBRn=He>MNPoD#fL2:WD.mMm)ZzI%3eMT0!@<mH9OG^f8@/2]T<:!wWrM3B7ps)#v6249#AS.fmDhopPl5)=$uarr9cFyLAu4I0UilRu8^vl7PEmo}DVXzQ=Lg8HM#!.HKF./)XU1xfNF]Oo9#kU/?d>MCy*KoS)&jufB.52]oMnif4By>cXN(q1RP=XGU.Yxld4^E3K]+e4?mE7!-!&ZAC4*OLp4ODbIt1*!<s)Sn2.*S}-]S(:U{i18!.6wzN#bq.2d?-khO1j!6tGDU}GA6PJ8it2/#e01W1[yh>Qm3*VVEXZvoK^@L42YATpE0Xpa[MfE/j%emBzQwKiXxtTD!F=+#M","destPaynym":"","cpty_account":0,"spend_amount":5000,"outpoints":[{"value":10000,"outpoint":"14cf9c6be92efcfe628aabd32b02c85e763615ddd430861bc18f6d366e4c4fd5-1"},{"value":10000,"outpoint":"9407b31fd0159dc4dd3f5377e3b18e4b4aafef2977a52e76b95c3f899cbb05ad-1"}],"type":0,"params":"testnet","dest":"muimRQFJKMJM1pTminJxiD5HrPgSu257tX","version":2,"fee_amount":284,"fingerprint":"eed8a1cd","step":4,"collabChange":"tb1qv4ak4l0w76qflk4uulavu22kxtaajnltkzxyq5","id":"25511d21092205aea5f646e9f185722bfe6e2e8c0b06be4747f1b949fb6c43e8","account":0,"ts":1711645803}},"stowaway":{"cahoots":{"fingerprint_collab":"f0d70870","psbt":"abZy8000000rlR>oo8v]2N4sl4D.ZKU*9ccKt&v(bbI8wr.qYtvSm>YcDWKV8]f+(XHL++qS?kc/xy4o=%w-$6p+Nyq*ZlrOkH34?pzCODOYslK>S<&t@GLNa[]HQty63qp3SN8yLm5-/&H?!1[72FuCw{XeHV4-{dM6-g:O]HsHfP1b:9C{Be{Vu/]DfU>HU-VcHA?5bSZ58&j9M:WD.F#^h+G3YCD=DF}MO]000","cpty_account":0,"spend_amount":317,"outpoints":[{"value":9000,"outpoint":"b4b65c3246da72537c93591919f8479f7a2b232f4dafec55b9e01d34e47fde26-1"},{"value":8000,"outpoint":"7a1a2c7732f7a4e4dcb077286b61b36be99baf97168fd93ef862283c77acb03e-1"}],"type":1,"params":"testnet","dest":"tb1q9z5slgl572zlc6yl8zg32vndh7tfzltzz3pw8w","version":2,"fee_amount":216,"fingerprint":"eed8a1cd","step":2,"id":"e5cee0e3da96a0ff9898c9a30ceea563ba61a5200a29168f68794cf79086d63d","account":0,"ts":1711645803}}}
12:10:03.480 [main] DEBUG com.samourai.wallet.cahoots.multi.MultiCahootsService - # MultiCahoots COUNTERPARTY <= step=4
12:10:03.480 [main] DEBUG com.samourai.wallet.cahoots.multi.MultiCahootsService - ###### BEGIN doMultiCahoots5 MULTI/COUNTERPARTY
12:10:03.480 [main] DEBUG com.samourai.wallet.cahoots.AbstractCahoots2xService - ###### BEGIN doStep3 STOWAWAY/COUNTERPARTY
12:10:03.480 [main] DEBUG com.samourai.wallet.cahoots.AbstractCahoots2xService -  * outpoints={b4b65c3246da72537c93591919f8479f7a2b232f4dafec55b9e01d34e47fde26-1=9000, 7a1a2c7732f7a4e4dcb077286b61b36be99baf97168fd93ef862283c77acb03e-1=8000}
12:10:03.480 [main] DEBUG com.samourai.wallet.cahoots.AbstractCahoots2xService -  * tx=  60c88e006c8d5d22b16bb78d5dfef4088a21c7823280cc6e77bc7a7a49cea0ae
  version 2
  opts into full replace-by-fee
     in   
          outpoint:b4b65c3246da72537c93591919f8479f7a2b232f4dafec55b9e01d34e47fde26:1
          sequence:fffffffd, opts into full RBF
     in   
          outpoint:7a1a2c7732f7a4e4dcb077286b61b36be99baf97168fd93ef862283c77acb03e:1
          sequence:fffffffd, opts into full RBF
     out  0[] PUSHDATA(20)[28a90fa3f4f285fc689f389115326dbf96917d62] 0.00009317 BTC
     out  0[] PUSHDATA(20)[85963b79fea38b84ce818e5f29a5a115bd4c8229] 0.00007467 BTC
     prps UNKNOWN

12:10:03.481 [main] DEBUG com.samourai.wallet.cahoots.Cahoots2x - signTx:  fd918da2c2fb00b2aa071fa0e12afd8f9daad4427babe261d96ed35946f3c237
  version 2
  opts into full replace-by-fee
     in   
          outpoint:7a1a2c7732f7a4e4dcb077286b61b36be99baf97168fd93ef862283c77acb03e:1
          sequence:fffffffd, opts into full RBF
     in   
          outpoint:b4b65c3246da72537c93591919f8479f7a2b232f4dafec55b9e01d34e47fde26:1
          sequence:fffffffd, opts into full RBF
     out  0[] PUSHDATA(20)[85963b79fea38b84ce818e5f29a5a115bd4c8229] 0.00007467 BTC
     out  0[] PUSHDATA(20)[28a90fa3f4f285fc689f389115326dbf96917d62] 0.00009317 BTC
     prps UNKNOWN

12:10:03.481 [main] DEBUG com.samourai.wallet.cahoots.Cahoots2x - signTx outpoint:b4b65c3246da72537c93591919f8479f7a2b232f4dafec55b9e01d34e47fde26:1
12:10:03.481 [main] DEBUG com.samourai.wallet.cahoots.Cahoots2x - signTx bech32:tb1qyvqh86akdkhnh8fh7j0q7n8j78k0wruz5et8tj
12:10:03.481 [main] DEBUG com.samourai.wallet.cahoots.Cahoots2x - signTx value:9000
12:10:03.481 [main] DEBUG com.samourai.wallet.cahoots.AbstractCahootsService - [STOWAWAY/COUNTERPARTY] computeSpendAmount: keyBag=[b4b65c3246da72537c93591919f8479f7a2b232f4dafec55b9e01d34e47fde26:1]
12:10:03.481 [main] DEBUG com.samourai.wallet.cahoots.AbstractCahootsService - [STOWAWAY/COUNTERPARTY] computeSpendAmount: +input 9000 b4b65c3246da72537c93591919f8479f7a2b232f4dafec55b9e01d34e47fde26:1
12:10:03.481 [main] DEBUG com.samourai.wallet.cahoots.AbstractCahootsService - [STOWAWAY/COUNTERPARTY] computeSpendAmount: -output 9317 tb1q9z5slgl572zlc6yl8zg32vndh7tfzltzz3pw8w
12:10:03.481 [main] DEBUG com.samourai.wallet.cahoots.AbstractCahootsService - [STOWAWAY/COUNTERPARTY] computeSpendAmount = -317
12:10:03.481 [main] DEBUG com.samourai.wallet.cahoots.stowaway.StowawayService - [STOWAWAY/COUNTERPARTY] maxSpendAmount = 0 (receives money)
12:10:03.481 [main] DEBUG com.samourai.wallet.cahoots.AbstractCahoots2xService - [STOWAWAY/COUNTERPARTY] COUNTERPARTY verifiedSpendAmount=-317, maxSpendAmount=0
12:10:03.481 [main] DEBUG com.samourai.wallet.cahoots.AbstractCahoots2xService - ###### END doStep3 STOWAWAY/COUNTERPARTY
12:10:03.481 [main] DEBUG com.samourai.wallet.cahoots.AbstractCahoots2xService -  * outpoints={b4b65c3246da72537c93591919f8479f7a2b232f4dafec55b9e01d34e47fde26-1=9000, 7a1a2c7732f7a4e4dcb077286b61b36be99baf97168fd93ef862283c77acb03e-1=8000}
12:10:03.481 [main] DEBUG com.samourai.wallet.cahoots.AbstractCahoots2xService -  * tx=  fd918da2c2fb00b2aa071fa0e12afd8f9daad4427babe261d96ed35946f3c237
  version 2
  opts into full replace-by-fee
     in   
          outpoint:7a1a2c7732f7a4e4dcb077286b61b36be99baf97168fd93ef862283c77acb03e:1
          sequence:fffffffd, opts into full RBF
     in   
          outpoint:b4b65c3246da72537c93591919f8479f7a2b232f4dafec55b9e01d34e47fde26:1
          sequence:fffffffd, opts into full RBF
     out  0[] PUSHDATA(20)[85963b79fea38b84ce818e5f29a5a115bd4c8229] 0.00007467 BTC
     out  0[] PUSHDATA(20)[28a90fa3f4f285fc689f389115326dbf96917d62] 0.00009317 BTC
     prps UNKNOWN

12:10:03.481 [main] DEBUG com.samourai.wallet.cahoots.multi.MultiCahootsService - ###### END doMultiCahoots5 MULTI/COUNTERPARTY
12:10:03.481 [main] DEBUG com.samourai.wallet.cahoots.multi.MultiCahootsService - # MultiCahoots COUNTERPARTY => step=5
12:10:03.482 [main] DEBUG com.samourai.wallet.cahoots.AbstractCahootsTest - #5 COUNTERPARTY => {"cahoots":{"step":5,"type":2,"params":"testnet","version":2},"stonewallx2":{"cahoots":{"fingerprint_collab":"f0d70870","psbt":"abZy8000000rof0/:O=U2Yf(4HBADp]J%}Lm5%4T=ef.82fDP09t)Bagm!HHM}Dg0.9ttQ2[Gn/QGR<.vQqh]t.NjFrqG(y:#UUzL=0RvW}>?!Gz:ZcS&t!%q6rAE/u.Jhh(d0sbKZGF&jLSk:4T^DS(I&W3ukM^}f%H*pVf0?kJol@BmTFW}QJ-QlSxputob)xClhyb@]HLBRn=He>MNPoD#fL2:WD.mMm)ZzI%3eMT0!@<mH9OG^f8@/2]T<:!wWrM3B7ps)#v6249#AS.fmDhopPl5)=$uarr9cFyLAu4I0UilRu8^vl7PEmo}DVXzQ=Lg8HM#!.HKF./)XU1xfNF]Oo9#kU/?d>MCy*KoS)&jufB.52]oMnif4By>cXN(q1RP=XGU.Yxld4^E3K]+e4?mE7!-!&ZAC4*OLp4ODbIt1*!<s)Sn2.*S}-]S(:U{i18!.6wzN#bq.2d?-khO1j!6tGDU}GA6PJ8it2/#e01W1[yh>Qm3*VVEXZvoK^@L42YATpE0Xpa[MfE/j%emBzQwKiXxtTD!F=+#M","destPaynym":"","cpty_account":0,"spend_amount":5000,"outpoints":[{"value":10000,"outpoint":"14cf9c6be92efcfe628aabd32b02c85e763615ddd430861bc18f6d366e4c4fd5-1"},{"value":10000,"outpoint":"9407b31fd0159dc4dd3f5377e3b18e4b4aafef2977a52e76b95c3f899cbb05ad-1"}],"type":0,"params":"testnet","dest":"muimRQFJKMJM1pTminJxiD5HrPgSu257tX","version":2,"fee_amount":284,"fingerprint":"eed8a1cd","step":0,"collabChange":"tb1qv4ak4l0w76qflk4uulavu22kxtaajnltkzxyq5","id":"25511d21092205aea5f646e9f185722bfe6e2e8c0b06be4747f1b949fb6c43e8","account":0,"ts":1711645803}},"stowaway":{"cahoots":{"fingerprint_collab":"f0d70870","psbt":"abZy8000000rlR[sXX@J2T>(mZ8NyiA@Nwu8L-dMh06GwYS3K&K&[dQZ*8Ye34xlsZLj/qD)<}2{$Z({orVD^y29Psp2T@F=Y:Jicu?HMuz1%?NMB>2Yu/TD3/hbVS{!DUR6h-f:}pnY-mdGOQWi7}J7D/H+yr28yp%4axNq0YJOwIXADGoEF:)?goaaR]:{B!0chDB)q3*e-g88^&b8mzLK9uqHV{.X5nSgI8m0o5plPLy5vT1-4xsFEBiDU#P6iigFKiQc)Tc/S{B1smY7XSgAvG=hqjBzieu}$q<VS1ps>>e0^X.j*hU@JlGsGlrTPfkD[<q${82<X+u<ZIS?ufhG/?LEv8Uoe5j0X37U7=gnFCDoRd03uRMi{!l}000","cpty_account":0,"spend_amount":317,"outpoints":[{"value":9000,"outpoint":"b4b65c3246da72537c93591919f8479f7a2b232f4dafec55b9e01d34e47fde26-1"},{"value":8000,"outpoint":"7a1a2c7732f7a4e4dcb077286b61b36be99baf97168fd93ef862283c77acb03e-1"}],"type":1,"params":"testnet","dest":"tb1q9z5slgl572zlc6yl8zg32vndh7tfzltzz3pw8w","version":2,"fee_amount":216,"fingerprint":"eed8a1cd","step":3,"id":"e5cee0e3da96a0ff9898c9a30ceea563ba61a5200a29168f68794cf79086d63d","account":0,"ts":1711645803}}}
12:10:03.483 [main] DEBUG com.samourai.wallet.cahoots.multi.MultiCahootsService - # MultiCahoots SENDER <= step=5
12:10:03.483 [main] DEBUG com.samourai.wallet.cahoots.multi.MultiCahootsService - ###### BEGIN doMultiCahoots6 MULTI/SENDER
12:10:03.483 [main] DEBUG com.samourai.wallet.cahoots.AbstractCahoots2xService - ###### BEGIN doStep4 STOWAWAY/SENDER
12:10:03.483 [main] DEBUG com.samourai.wallet.cahoots.AbstractCahoots2xService -  * outpoints={b4b65c3246da72537c93591919f8479f7a2b232f4dafec55b9e01d34e47fde26-1=9000, 7a1a2c7732f7a4e4dcb077286b61b36be99baf97168fd93ef862283c77acb03e-1=8000}
12:10:03.483 [main] DEBUG com.samourai.wallet.cahoots.AbstractCahoots2xService -  * tx=  fd918da2c2fb00b2aa071fa0e12afd8f9daad4427babe261d96ed35946f3c237
  version 2
  opts into full replace-by-fee
     in   
          outpoint:7a1a2c7732f7a4e4dcb077286b61b36be99baf97168fd93ef862283c77acb03e:1
          sequence:fffffffd, opts into full RBF
     in   
          outpoint:b4b65c3246da72537c93591919f8479f7a2b232f4dafec55b9e01d34e47fde26:1
          sequence:fffffffd, opts into full RBF
     out  0[] PUSHDATA(20)[85963b79fea38b84ce818e5f29a5a115bd4c8229] 0.00007467 BTC
     out  0[] PUSHDATA(20)[28a90fa3f4f285fc689f389115326dbf96917d62] 0.00009317 BTC
     prps UNKNOWN

12:10:03.483 [main] DEBUG com.samourai.wallet.cahoots.Cahoots2x - signTx:  fd918da2c2fb00b2aa071fa0e12afd8f9daad4427babe261d96ed35946f3c237
  version 2
  opts into full replace-by-fee
     in   
          outpoint:7a1a2c7732f7a4e4dcb077286b61b36be99baf97168fd93ef862283c77acb03e:1
          sequence:fffffffd, opts into full RBF
     in   
          outpoint:b4b65c3246da72537c93591919f8479f7a2b232f4dafec55b9e01d34e47fde26:1
          sequence:fffffffd, opts into full RBF
     out  0[] PUSHDATA(20)[85963b79fea38b84ce818e5f29a5a115bd4c8229] 0.00007467 BTC
     out  0[] PUSHDATA(20)[28a90fa3f4f285fc689f389115326dbf96917d62] 0.00009317 BTC
     prps UNKNOWN

12:10:03.483 [main] DEBUG com.samourai.wallet.cahoots.Cahoots2x - signTx outpoint:7a1a2c7732f7a4e4dcb077286b61b36be99baf97168fd93ef862283c77acb03e:1
12:10:03.483 [main] DEBUG com.samourai.wallet.cahoots.Cahoots2x - signTx bech32:tb1qyvqh86akdkhnh8fh7j0q7n8j78k0wruz5et8tj
12:10:03.483 [main] DEBUG com.samourai.wallet.cahoots.Cahoots2x - signTx value:8000
12:10:03.484 [main] DEBUG com.samourai.wallet.cahoots.AbstractCahootsService - [STOWAWAY/SENDER] computeSpendAmount: keyBag=[7a1a2c7732f7a4e4dcb077286b61b36be99baf97168fd93ef862283c77acb03e:1]
12:10:03.484 [main] DEBUG com.samourai.wallet.cahoots.AbstractCahootsService - [STOWAWAY/SENDER] computeSpendAmount: +input 8000 7a1a2c7732f7a4e4dcb077286b61b36be99baf97168fd93ef862283c77acb03e:1
12:10:03.484 [main] DEBUG com.samourai.wallet.cahoots.AbstractCahootsService - [STOWAWAY/SENDER] computeSpendAmount: -output 7467 tb1qsktrk7075w9cfn5p3e0jnfdpzk75eq3f5qced4
12:10:03.484 [main] DEBUG com.samourai.wallet.cahoots.AbstractCahootsService - [STOWAWAY/SENDER] computeSpendAmount = 533
12:10:03.484 [main] DEBUG com.samourai.wallet.cahoots.stowaway.StowawayService - [STOWAWAY/SENDER] maxSpendAmount = 533: amount=317 + minerFee=216
12:10:03.484 [main] DEBUG com.samourai.wallet.cahoots.AbstractCahoots2xService - [STOWAWAY/SENDER] SENDER verifiedSpendAmount=533, maxSpendAmount=533
12:10:03.484 [main] DEBUG com.samourai.wallet.cahoots.AbstractCahootsService - checkFee: feeActual=216, feeExpected=216
12:10:03.484 [main] DEBUG com.samourai.wallet.cahoots.AbstractCahoots2xService - ###### END doStep4 STOWAWAY/SENDER
12:10:03.484 [main] DEBUG com.samourai.wallet.cahoots.AbstractCahoots2xService -  * outpoints={b4b65c3246da72537c93591919f8479f7a2b232f4dafec55b9e01d34e47fde26-1=9000, 7a1a2c7732f7a4e4dcb077286b61b36be99baf97168fd93ef862283c77acb03e-1=8000}
12:10:03.484 [main] DEBUG com.samourai.wallet.cahoots.AbstractCahoots2xService -  * tx=  fd918da2c2fb00b2aa071fa0e12afd8f9daad4427babe261d96ed35946f3c237
  version 2
  opts into full replace-by-fee
     in   
          outpoint:7a1a2c7732f7a4e4dcb077286b61b36be99baf97168fd93ef862283c77acb03e:1
          sequence:fffffffd, opts into full RBF
     in   
          outpoint:b4b65c3246da72537c93591919f8479f7a2b232f4dafec55b9e01d34e47fde26:1
          sequence:fffffffd, opts into full RBF
     out  0[] PUSHDATA(20)[85963b79fea38b84ce818e5f29a5a115bd4c8229] 0.00007467 BTC
     out  0[] PUSHDATA(20)[28a90fa3f4f285fc689f389115326dbf96917d62] 0.00009317 BTC
     prps UNKNOWN

12:10:03.484 [main] DEBUG com.samourai.wallet.cahoots.multi.MultiCahootsService - ###### END doMultiCahoots6 MULTI/SENDER
12:10:03.484 [main] DEBUG com.samourai.wallet.cahoots.multi.MultiCahootsService - # MultiCahoots SENDER => step=6
12:10:03.486 [main] DEBUG com.samourai.wallet.cahoots.AbstractCahootsTest - #6 SENDER => {"cahoots":{"step":6,"type":2,"params":"testnet","version":2},"stonewallx2":{"cahoots":{"fingerprint_collab":"f0d70870","psbt":"abZy8000000rof0/:O=U2Yf(4HBADp]J%}Lm5%4T=ef.82fDP09t)Bagm!HHM}Dg0.9ttQ2[Gn/QGR<.vQqh]t.NjFrqG(y:#UUzL=0RvW}>?!Gz:ZcS&t!%q6rAE/u.Jhh(d0sbKZGF&jLSk:4T^DS(I&W3ukM^}f%H*pVf0?kJol@BmTFW}QJ-QlSxputob)xClhyb@]HLBRn=He>MNPoD#fL2:WD.mMm)ZzI%3eMT0!@<mH9OG^f8@/2]T<:!wWrM3B7ps)#v6249#AS.fmDhopPl5)=$uarr9cFyLAu4I0UilRu8^vl7PEmo}DVXzQ=Lg8HM#!.HKF./)XU1xfNF]Oo9#kU/?d>MCy*KoS)&jufB.52]oMnif4By>cXN(q1RP=XGU.Yxld4^E3K]+e4?mE7!-!&ZAC4*OLp4ODbIt1*!<s)Sn2.*S}-]S(:U{i18!.6wzN#bq.2d?-khO1j!6tGDU}GA6PJ8it2/#e01W1[yh>Qm3*VVEXZvoK^@L42YATpE0Xpa[MfE/j%emBzQwKiXxtTD!F=+#M","destPaynym":"","cpty_account":0,"spend_amount":5000,"outpoints":[{"value":10000,"outpoint":"14cf9c6be92efcfe628aabd32b02c85e763615ddd430861bc18f6d366e4c4fd5-1"},{"value":10000,"outpoint":"9407b31fd0159dc4dd3f5377e3b18e4b4aafef2977a52e76b95c3f899cbb05ad-1"}],"type":0,"params":"testnet","dest":"muimRQFJKMJM1pTminJxiD5HrPgSu257tX","version":2,"fee_amount":284,"fingerprint":"eed8a1cd","step":0,"collabChange":"tb1qv4ak4l0w76qflk4uulavu22kxtaajnltkzxyq5","id":"25511d21092205aea5f646e9f185722bfe6e2e8c0b06be4747f1b949fb6c43e8","account":0,"ts":1711645803}},"stowaway":{"cahoots":{"fingerprint_collab":"f0d70870","psbt":"abZy8000000rof0yMoCU2!Vtk&w=vd%09=iN@c)C?&oBa3<c]F:4jQ5>d&##4FN*jJLi/wLwJ^GT#GhBH7v%1psGVNa{xMuVPtMqcYX>dvmajEC!U}REGPmbO5-D^?(dfjOX(lG3cL8Uz5-Qzbfi%e[fPVVBzpnv-!dxj=TcXd+}tX?7w0Z4OCLtwLFG^Y0iafeH[PB#gA5BpoW-B6+D#N7D2aEq3PjQUB}>K[^p7(Y4H^M9Joxl$D%Mk!q3jCO/-Y1FdTpp7EWdRYO4IJlxN.#Kv4CMgebi?c&TVa7ExeHyQ#Cr(g}ps#Rs#&d?hAv/Pzj#ibu5+jy2b+88bLARAxbTLdj5c29:n6QK/2B>SZn/4Z5uABc$8jDv7&SkD0rG(R^QsirU&JY{]}!4oiqw&]?A+2sPZkXTU[zeGLm%4qY#F(p$nrDsim>pWjmofCyvdZCZVc6f2u3hPsT(KuRQbc1]no200","cpty_account":0,"spend_amount":317,"outpoints":[{"value":9000,"outpoint":"b4b65c3246da72537c93591919f8479f7a2b232f4dafec55b9e01d34e47fde26-1"},{"value":8000,"outpoint":"7a1a2c7732f7a4e4dcb077286b61b36be99baf97168fd93ef862283c77acb03e-1"}],"type":1,"params":"testnet","dest":"tb1q9z5slgl572zlc6yl8zg32vndh7tfzltzz3pw8w","version":2,"fee_amount":216,"fingerprint":"eed8a1cd","step":4,"id":"e5cee0e3da96a0ff9898c9a30ceea563ba61a5200a29168f68794cf79086d63d","account":0,"ts":1711645803}}}
12:10:03.488 [main] DEBUG com.samourai.wallet.test.AbstractTest -   142cceb968e279c8d2e9ddda31c61b7d30baac488d06aa1312275607b38cadac
  version 2
  time locked until block 1234
  opts into full replace-by-fee
     in   
          outpoint:14cf9c6be92efcfe628aabd32b02c85e763615ddd430861bc18f6d366e4c4fd5:1
          sequence:fffffffd, opts into full RBF
     in   
          outpoint:9407b31fd0159dc4dd3f5377e3b18e4b4aafef2977a52e76b95c3f899cbb05ad:1
          sequence:fffffffd, opts into full RBF
     out  0[] PUSHDATA(20)[4e4fed51986dbaf322d2b36e690b8638fa0f0204] 0.00004858 BTC
     out  0[] PUSHDATA(20)[657b6afdeef6809fdabce7face295632fbd94feb] 0.00004858 BTC
     out  DUP HASH160 PUSHDATA(20)[5f6f1ffd91751f52b20e0c0dad81daa6211d6076] EQUALVERIFY CHECKSIG 0.00005 BTC
     out  DUP HASH160 PUSHDATA(20)[9bcdad097fa4695a3bdab991e3212da04002ce40] EQUALVERIFY CHECKSIG 0.00005 BTC
     prps UNKNOWN

12:10:03.488 [main] DEBUG com.samourai.wallet.test.AbstractTest - outputsActuals: {mpDZcNk5owZ2eXWzgWEnGTeYeE6SF6Sz9g=5000, muimRQFJKMJM1pTminJxiD5HrPgSu257tX=5000, tb1qfe8765vcdka0xgkjkdhxjzux8raq7qsyamffad=4858, tb1qv4ak4l0w76qflk4uulavu22kxtaajnltkzxyq5=4858}
12:10:03.488 [main] DEBUG com.samourai.wallet.test.AbstractTest -   fd918da2c2fb00b2aa071fa0e12afd8f9daad4427babe261d96ed35946f3c237
  version 2
  opts into full replace-by-fee
     in   
          outpoint:7a1a2c7732f7a4e4dcb077286b61b36be99baf97168fd93ef862283c77acb03e:1
          sequence:fffffffd, opts into full RBF
     in   
          outpoint:b4b65c3246da72537c93591919f8479f7a2b232f4dafec55b9e01d34e47fde26:1
          sequence:fffffffd, opts into full RBF
     out  0[] PUSHDATA(20)[85963b79fea38b84ce818e5f29a5a115bd4c8229] 0.00007467 BTC
     out  0[] PUSHDATA(20)[28a90fa3f4f285fc689f389115326dbf96917d62] 0.00009317 BTC
     prps UNKNOWN

12:10:03.488 [main] DEBUG com.samourai.wallet.test.AbstractTest - outputsActuals: {tb1q9z5slgl572zlc6yl8zg32vndh7tfzltzz3pw8w=9317, tb1qsktrk7075w9cfn5p3e0jnfdpzk75eq3f5qced4=7467}
]]></system-out>
  </testcase>
  <testcase name="multiCahoots_bip84" classname="com.samourai.wallet.cahoots.MultiCahootsServiceTest" time="0.368">
    <failure message="expected: &lt;{tb1q9m8cc0jkjlc9zwvea5a2365u6px3yu646vgez4=5000, tb1qfe8765vcdka0xgkjkdhxjzux8raq7qsyamffad=4858, tb1qgzzjhah2q3pqfwpx5xpdrd649qmyl59a6m6cp4=4858, tb1qv4ak4l0w76qflk4uulavu22kxtaajnltkzxyq5=5000}&gt; but was: &lt;{tb1q9m8cc0jkjlc9zwvea5a2365u6px3yu646vgez4=5000, tb1qfe8765vcdka0xgkjkdhxjzux8raq7qsyamffad=4858, tb1qgzzjhah2q3pqfwpx5xpdrd649qmyl59a6m6cp4=3858, tb1qv4ak4l0w76qflk4uulavu22kxtaajnltkzxyq5=5000}&gt;" type="org.opentest4j.AssertionFailedError"><![CDATA[org.opentest4j.AssertionFailedError: expected: <{tb1q9m8cc0jkjlc9zwvea5a2365u6px3yu646vgez4=5000, tb1qfe8765vcdka0xgkjkdhxjzux8raq7qsyamffad=4858, tb1qgzzjhah2q3pqfwpx5xpdrd649qmyl59a6m6cp4=4858, tb1qv4ak4l0w76qflk4uulavu22kxtaajnltkzxyq5=5000}> but was: <{tb1q9m8cc0jkjlc9zwvea5a2365u6px3yu646vgez4=5000, tb1qfe8765vcdka0xgkjkdhxjzux8raq7qsyamffad=4858, tb1qgzzjhah2q3pqfwpx5xpdrd649qmyl59a6m6cp4=3858, tb1qv4ak4l0w76qflk4uulavu22kxtaajnltkzxyq5=5000}>
	at org.junit.jupiter.api.AssertionUtils.fail(AssertionUtils.java:55)
	at org.junit.jupiter.api.AssertionUtils.failNotEqual(AssertionUtils.java:62)
	at org.junit.jupiter.api.AssertEquals.assertEquals(AssertEquals.java:182)
	at org.junit.jupiter.api.AssertEquals.assertEquals(AssertEquals.java:177)
	at org.junit.jupiter.api.Assertions.assertEquals(Assertions.java:1141)
	at com.samourai.wallet.test.AbstractTest.verifyTx(AbstractTest.java:215)
	at com.samourai.wallet.cahoots.MultiCahootsServiceTest.multiCahoots_bip84(MultiCahootsServiceTest.java:56)
	at java.base/jdk.internal.reflect.DirectMethodHandleAccessor.invoke(DirectMethodHandleAccessor.java:104)
	at java.base/java.lang.reflect.Method.invoke(Method.java:578)
	at org.junit.platform.commons.util.ReflectionUtils.invokeMethod(ReflectionUtils.java:725)
	at org.junit.jupiter.engine.execution.MethodInvocation.proceed(MethodInvocation.java:60)
	at org.junit.jupiter.engine.execution.InvocationInterceptorChain$ValidatingInvocation.proceed(InvocationInterceptorChain.java:131)
	at org.junit.jupiter.engine.extension.TimeoutExtension.intercept(TimeoutExtension.java:149)
	at org.junit.jupiter.engine.extension.TimeoutExtension.interceptTestableMethod(TimeoutExtension.java:140)
	at org.junit.jupiter.engine.extension.TimeoutExtension.interceptTestMethod(TimeoutExtension.java:84)
	at org.junit.jupiter.engine.execution.ExecutableInvoker$ReflectiveInterceptorCall.lambda$ofVoidMethod$0(ExecutableInvoker.java:115)
	at org.junit.jupiter.engine.execution.ExecutableInvoker.lambda$invoke$0(ExecutableInvoker.java:105)
	at org.junit.jupiter.engine.execution.InvocationInterceptorChain$InterceptedInvocation.proceed(InvocationInterceptorChain.java:106)
	at org.junit.jupiter.engine.execution.InvocationInterceptorChain.proceed(InvocationInterceptorChain.java:64)
	at org.junit.jupiter.engine.execution.InvocationInterceptorChain.chainAndInvoke(InvocationInterceptorChain.java:45)
	at org.junit.jupiter.engine.execution.InvocationInterceptorChain.invoke(InvocationInterceptorChain.java:37)
	at org.junit.jupiter.engine.execution.ExecutableInvoker.invoke(ExecutableInvoker.java:104)
	at org.junit.jupiter.engine.execution.ExecutableInvoker.invoke(ExecutableInvoker.java:98)
	at org.junit.jupiter.engine.descriptor.TestMethodTestDescriptor.lambda$invokeTestMethod$7(TestMethodTestDescriptor.java:214)
	at org.junit.platform.engine.support.hierarchical.ThrowableCollector.execute(ThrowableCollector.java:73)
	at org.junit.jupiter.engine.descriptor.TestMethodTestDescriptor.invokeTestMethod(TestMethodTestDescriptor.java:210)
	at org.junit.jupiter.engine.descriptor.TestMethodTestDescriptor.execute(TestMethodTestDescriptor.java:135)
	at org.junit.jupiter.engine.descriptor.TestMethodTestDescriptor.execute(TestMethodTestDescriptor.java:66)
	at org.junit.platform.engine.support.hierarchical.NodeTestTask.lambda$executeRecursively$6(NodeTestTask.java:151)
	at org.junit.platform.engine.support.hierarchical.ThrowableCollector.execute(ThrowableCollector.java:73)
	at org.junit.platform.engine.support.hierarchical.NodeTestTask.lambda$executeRecursively$8(NodeTestTask.java:141)
	at org.junit.platform.engine.support.hierarchical.Node.around(Node.java:137)
	at org.junit.platform.engine.support.hierarchical.NodeTestTask.lambda$executeRecursively$9(NodeTestTask.java:139)
	at org.junit.platform.engine.support.hierarchical.ThrowableCollector.execute(ThrowableCollector.java:73)
	at org.junit.platform.engine.support.hierarchical.NodeTestTask.executeRecursively(NodeTestTask.java:138)
	at org.junit.platform.engine.support.hierarchical.NodeTestTask.execute(NodeTestTask.java:95)
	at java.base/java.util.ArrayList.forEach(ArrayList.java:1511)
	at org.junit.platform.engine.support.hierarchical.SameThreadHierarchicalTestExecutorService.invokeAll(SameThreadHierarchicalTestExecutorService.java:41)
	at org.junit.platform.engine.support.hierarchical.NodeTestTask.lambda$executeRecursively$6(NodeTestTask.java:155)
	at org.junit.platform.engine.support.hierarchical.ThrowableCollector.execute(ThrowableCollector.java:73)
	at org.junit.platform.engine.support.hierarchical.NodeTestTask.lambda$executeRecursively$8(NodeTestTask.java:141)
	at org.junit.platform.engine.support.hierarchical.Node.around(Node.java:137)
	at org.junit.platform.engine.support.hierarchical.NodeTestTask.lambda$executeRecursively$9(NodeTestTask.java:139)
	at org.junit.platform.engine.support.hierarchical.ThrowableCollector.execute(ThrowableCollector.java:73)
	at org.junit.platform.engine.support.hierarchical.NodeTestTask.executeRecursively(NodeTestTask.java:138)
	at org.junit.platform.engine.support.hierarchical.NodeTestTask.execute(NodeTestTask.java:95)
	at java.base/java.util.ArrayList.forEach(ArrayList.java:1511)
	at org.junit.platform.engine.support.hierarchical.SameThreadHierarchicalTestExecutorService.invokeAll(SameThreadHierarchicalTestExecutorService.java:41)
	at org.junit.platform.engine.support.hierarchical.NodeTestTask.lambda$executeRecursively$6(NodeTestTask.java:155)
	at org.junit.platform.engine.support.hierarchical.ThrowableCollector.execute(ThrowableCollector.java:73)
	at org.junit.platform.engine.support.hierarchical.NodeTestTask.lambda$executeRecursively$8(NodeTestTask.java:141)
	at org.junit.platform.engine.support.hierarchical.Node.around(Node.java:137)
	at org.junit.platform.engine.support.hierarchical.NodeTestTask.lambda$executeRecursively$9(NodeTestTask.java:139)
	at org.junit.platform.engine.support.hierarchical.ThrowableCollector.execute(ThrowableCollector.java:73)
	at org.junit.platform.engine.support.hierarchical.NodeTestTask.executeRecursively(NodeTestTask.java:138)
	at org.junit.platform.engine.support.hierarchical.NodeTestTask.execute(NodeTestTask.java:95)
	at org.junit.platform.engine.support.hierarchical.SameThreadHierarchicalTestExecutorService.submit(SameThreadHierarchicalTestExecutorService.java:35)
	at org.junit.platform.engine.support.hierarchical.HierarchicalTestExecutor.execute(HierarchicalTestExecutor.java:57)
	at org.junit.platform.engine.support.hierarchical.HierarchicalTestEngine.execute(HierarchicalTestEngine.java:54)
	at org.junit.platform.launcher.core.EngineExecutionOrchestrator.execute(EngineExecutionOrchestrator.java:107)
	at org.junit.platform.launcher.core.EngineExecutionOrchestrator.execute(EngineExecutionOrchestrator.java:88)
	at org.junit.platform.launcher.core.EngineExecutionOrchestrator.lambda$execute$0(EngineExecutionOrchestrator.java:54)
	at org.junit.platform.launcher.core.EngineExecutionOrchestrator.withInterceptedStreams(EngineExecutionOrchestrator.java:67)
	at org.junit.platform.launcher.core.EngineExecutionOrchestrator.execute(EngineExecutionOrchestrator.java:52)
	at org.junit.platform.launcher.core.DefaultLauncher.execute(DefaultLauncher.java:114)
	at org.junit.platform.launcher.core.DefaultLauncher.execute(DefaultLauncher.java:86)
	at org.junit.platform.launcher.core.DefaultLauncherSession$DelegatingLauncher.execute(DefaultLauncherSession.java:86)
	at org.apache.maven.surefire.junitplatform.LazyLauncher.execute(LazyLauncher.java:56)
	at org.apache.maven.surefire.junitplatform.JUnitPlatformProvider.execute(JUnitPlatformProvider.java:184)
	at org.apache.maven.surefire.junitplatform.JUnitPlatformProvider.invokeAllTests(JUnitPlatformProvider.java:148)
	at org.apache.maven.surefire.junitplatform.JUnitPlatformProvider.invoke(JUnitPlatformProvider.java:122)
	at org.apache.maven.surefire.booter.ForkedBooter.runSuitesInProcess(ForkedBooter.java:385)
	at org.apache.maven.surefire.booter.ForkedBooter.execute(ForkedBooter.java:162)
	at org.apache.maven.surefire.booter.ForkedBooter.run(ForkedBooter.java:507)
	at org.apache.maven.surefire.booter.ForkedBooter.main(ForkedBooter.java:495)
]]></failure>
    <system-out><![CDATA[12:10:03.496 [main] DEBUG com.samourai.http.client.JettyHttpClient - +httpClient: no proxy
12:10:03.644 [main] DEBUG com.samourai.wallet.bipWallet.WalletSupplierImpl - +BipWallet[DEPOSIT_BIP44]: BipWallet{id='DEPOSIT_BIP44', samouraiAccount=DEPOSIT, derivation=BipDerivation{purpose=44, accountIndex=0}, bipFormatDefault=LEGACY, bipFormats=[LEGACY], xPub='tpu...LwY', bipPub='tpu...LwY'}
12:10:03.644 [main] DEBUG com.samourai.wallet.bipWallet.WalletSupplierImpl - +BipWallet[DEPOSIT_BIP49]: BipWallet{id='DEPOSIT_BIP49', samouraiAccount=DEPOSIT, derivation=BipDerivation{purpose=49, accountIndex=0}, bipFormatDefault=SEGWIT_COMPAT, bipFormats=[SEGWIT_COMPAT], xPub='tpu...eV2', bipPub='upu...38D'}
12:10:03.644 [main] DEBUG com.samourai.wallet.bipWallet.WalletSupplierImpl - +BipWallet[DEPOSIT_BIP84]: BipWallet{id='DEPOSIT_BIP84', samouraiAccount=DEPOSIT, derivation=BipDerivation{purpose=84, accountIndex=0}, bipFormatDefault=SEGWIT_NATIVE, bipFormats=[SEGWIT_NATIVE], xPub='tpu...re9', bipPub='vpu...dCu'}
12:10:03.644 [main] DEBUG com.samourai.wallet.bipWallet.WalletSupplierImpl - +BipWallet[PREMIX_BIP84]: BipWallet{id='PREMIX_BIP84', samouraiAccount=PREMIX, derivation=BipDerivation{purpose=84, accountIndex=2147483645}, bipFormatDefault=SEGWIT_NATIVE, bipFormats=[SEGWIT_NATIVE], xPub='tpu...hvr', bipPub='vpu...4mL'}
12:10:03.644 [main] DEBUG com.samourai.wallet.bipWallet.WalletSupplierImpl - +BipWallet[POSTMIX_BIP84]: BipWallet{id='POSTMIX_BIP84', samouraiAccount=POSTMIX, derivation=BipDerivation{purpose=84, accountIndex=2147483646}, bipFormatDefault=SEGWIT_NATIVE, bipFormats=[SEGWIT_NATIVE, SEGWIT_COMPAT, LEGACY], xPub='tpu...sQD', bipPub='vpu...nrW'}
12:10:03.644 [main] DEBUG com.samourai.wallet.bipWallet.WalletSupplierImpl - +BipWallet[ASB_BIP84]: BipWallet{id='ASB_BIP84', samouraiAccount=SWAPS_ASB, derivation=BipDerivation{purpose=84, accountIndex=2147483641}, bipFormatDefault=SEGWIT_NATIVE, bipFormats=[SEGWIT_NATIVE], xPub='tpu...p4i', bipPub='vpu...sEH'}
12:10:03.644 [main] DEBUG com.samourai.wallet.bipWallet.WalletSupplierImpl - +BipWallet[SWAPS_DEPOSIT]: BipWallet{id='SWAPS_DEPOSIT', samouraiAccount=SWAPS_DEPOSIT, derivation=BipDerivation{purpose=84, accountIndex=2147483643}, bipFormatDefault=SEGWIT_NATIVE, bipFormats=[SEGWIT_NATIVE], xPub='tpu...3s7', bipPub='vpu...HpJ'}
12:10:03.644 [main] DEBUG com.samourai.wallet.bipWallet.WalletSupplierImpl - +BipWallet[SWAPS_REFUNDS]: BipWallet{id='SWAPS_REFUNDS', samouraiAccount=SWAPS_REFUNDS, derivation=BipDerivation{purpose=84, accountIndex=2147483642}, bipFormatDefault=SEGWIT_NATIVE, bipFormats=[SEGWIT_NATIVE], xPub='tpu...rMX', bipPub='vpu...Sr9'}
12:10:03.644 [main] DEBUG com.samourai.wallet.bipWallet.WalletSupplierImpl - +BipWallet[BADBANK_BIP84]: BipWallet{id='BADBANK_BIP84', samouraiAccount=BADBANK, derivation=BipDerivation{purpose=84, accountIndex=2147483644}, bipFormatDefault=SEGWIT_NATIVE, bipFormats=[SEGWIT_NATIVE], xPub='tpu...hmu', bipPub='vpu...tNY'}
12:10:03.644 [main] DEBUG com.samourai.wallet.bipWallet.WalletSupplierImpl - +BipWallet[RICOCHET_BIP84]: BipWallet{id='RICOCHET_BIP84', samouraiAccount=RICOCHET, derivation=BipDerivation{purpose=84, accountIndex=2147483647}, bipFormatDefault=SEGWIT_NATIVE, bipFormats=[SEGWIT_NATIVE], xPub='tpu...UMc', bipPub='vpu...knj'}
12:10:03.644 [main] DEBUG com.samourai.wallet.api.backend.BackendApi - urlBackend=https://api.samouraiwallet.com/test/v2, oAuth=no
12:10:03.644 [main] DEBUG com.samourai.wallet.util.LogbackUtils - Log level set to DEBUG for the logger 'com.samourai'
12:10:03.644 [main] DEBUG com.samourai.wallet.util.LogbackUtils - Log level set to DEBUG for the logger 'com.samourai.whirlpool.client'
12:10:03.644 [main] DEBUG com.samourai.wallet.util.LogbackUtils - Log level set to DEBUG for the logger 'com.samourai.whirlpool.client.mix.dialog'
12:10:03.644 [main] DEBUG com.samourai.wallet.util.LogbackUtils - Log level set to DEBUG for the logger 'com.samourai.stomp.client'
12:10:03.644 [main] DEBUG com.samourai.wallet.util.LogbackUtils - Log level set to DEBUG for the logger 'com.samourai.wallet.util.FeeUtil'
12:10:03.644 [main] DEBUG com.samourai.wallet.util.LogbackUtils - Log level set to DEBUG for the logger 'com.samourai.whirlpool.client.utils'
12:10:03.644 [main] DEBUG com.samourai.wallet.util.LogbackUtils - Log level set to DEBUG for the logger 'com.samourai.whirlpool.client.wallet'
12:10:03.644 [main] DEBUG com.samourai.wallet.util.LogbackUtils - Log level set to DEBUG for the logger 'com.samourai.wallet.cahoots'
12:10:03.644 [main] DEBUG com.samourai.wallet.util.LogbackUtils - Log level set to DEBUG for the logger 'com.samourai.wallet.cahoots.stowaway'
12:10:03.644 [main] DEBUG com.samourai.wallet.util.LogbackUtils - Log level set to DEBUG for the logger 'com.samourai.wallet.cahoots.stonewallx2'
12:10:03.644 [main] DEBUG com.samourai.wallet.util.LogbackUtils - Log level set to DEBUG for the logger 'com.samourai.wallet.sorobanClient'
12:10:03.644 [main] DEBUG com.samourai.wallet.util.LogbackUtils - Log level set to DEBUG for the logger 'com.samourai.soroban.client'
12:10:03.644 [main] DEBUG com.samourai.wallet.util.LogbackUtils - Log level set to DEBUG for the logger 'com.samourai.soroban.client.rpc'
12:10:03.644 [main] DEBUG com.samourai.wallet.util.LogbackUtils - Log level set to DEBUG for the logger 'com.samourai.soroban.client.dialog'
12:10:03.644 [main] DEBUG com.samourai.wallet.util.LogbackUtils - Log level set to DEBUG for the logger 'com.samourai.soroban.client.meeting'
12:10:03.644 [main] DEBUG com.samourai.wallet.util.LogbackUtils - Log level set to DEBUG for the logger 'com.samourai.whirlpool.client.wallet.orchestrator'
12:10:03.644 [main] DEBUG com.samourai.wallet.util.LogbackUtils - Log level set to ERROR for the logger 'org.bitcoinj'
12:10:03.644 [main] DEBUG com.samourai.wallet.util.LogbackUtils - Log level set to WARN for the logger 'org.bitcoin'
12:10:03.644 [main] DEBUG com.samourai.wallet.util.LogbackUtils - Log level set to INFO for the logger 'org.eclipse.jetty'
12:10:03.717 [main] DEBUG com.samourai.wallet.bipWallet.WalletSupplierImpl - +BipWallet[DEPOSIT_BIP44]: BipWallet{id='DEPOSIT_BIP44', samouraiAccount=DEPOSIT, derivation=BipDerivation{purpose=44, accountIndex=0}, bipFormatDefault=LEGACY, bipFormats=[LEGACY], xPub='tpu...LZp', bipPub='tpu...LZp'}
12:10:03.717 [main] DEBUG com.samourai.wallet.bipWallet.WalletSupplierImpl - +BipWallet[DEPOSIT_BIP49]: BipWallet{id='DEPOSIT_BIP49', samouraiAccount=DEPOSIT, derivation=BipDerivation{purpose=49, accountIndex=0}, bipFormatDefault=SEGWIT_COMPAT, bipFormats=[SEGWIT_COMPAT], xPub='tpu...2dH', bipPub='upu...bSs'}
12:10:03.717 [main] DEBUG com.samourai.wallet.bipWallet.WalletSupplierImpl - +BipWallet[DEPOSIT_BIP84]: BipWallet{id='DEPOSIT_BIP84', samouraiAccount=DEPOSIT, derivation=BipDerivation{purpose=84, accountIndex=0}, bipFormatDefault=SEGWIT_NATIVE, bipFormats=[SEGWIT_NATIVE], xPub='tpu...MfN', bipPub='vpu...sew'}
12:10:03.717 [main] DEBUG com.samourai.wallet.bipWallet.WalletSupplierImpl - +BipWallet[PREMIX_BIP84]: BipWallet{id='PREMIX_BIP84', samouraiAccount=PREMIX, derivation=BipDerivation{purpose=84, accountIndex=2147483645}, bipFormatDefault=SEGWIT_NATIVE, bipFormats=[SEGWIT_NATIVE], xPub='tpu...y1p', bipPub='vpu...D4a'}
12:10:03.717 [main] DEBUG com.samourai.wallet.bipWallet.WalletSupplierImpl - +BipWallet[POSTMIX_BIP84]: BipWallet{id='POSTMIX_BIP84', samouraiAccount=POSTMIX, derivation=BipDerivation{purpose=84, accountIndex=2147483646}, bipFormatDefault=SEGWIT_NATIVE, bipFormats=[SEGWIT_NATIVE, SEGWIT_COMPAT, LEGACY], xPub='tpu...NLN', bipPub='vpu...RKR'}
12:10:03.717 [main] DEBUG com.samourai.wallet.bipWallet.WalletSupplierImpl - +BipWallet[BADBANK_BIP84]: BipWallet{id='BADBANK_BIP84', samouraiAccount=BADBANK, derivation=BipDerivation{purpose=84, accountIndex=2147483644}, bipFormatDefault=SEGWIT_NATIVE, bipFormats=[SEGWIT_NATIVE], xPub='tpu...86t', bipPub='vpu...XXs'}
12:10:03.811 [main] DEBUG com.samourai.wallet.bipWallet.WalletSupplierImpl - +BipWallet[DEPOSIT_BIP44]: BipWallet{id='DEPOSIT_BIP44', samouraiAccount=DEPOSIT, derivation=BipDerivation{purpose=44, accountIndex=0}, bipFormatDefault=LEGACY, bipFormats=[LEGACY], xPub='tpu...XeJ', bipPub='tpu...XeJ'}
12:10:03.811 [main] DEBUG com.samourai.wallet.bipWallet.WalletSupplierImpl - +BipWallet[DEPOSIT_BIP49]: BipWallet{id='DEPOSIT_BIP49', samouraiAccount=DEPOSIT, derivation=BipDerivation{purpose=49, accountIndex=0}, bipFormatDefault=SEGWIT_COMPAT, bipFormats=[SEGWIT_COMPAT], xPub='tpu...TBn', bipPub='upu...QVy'}
12:10:03.811 [main] DEBUG com.samourai.wallet.bipWallet.WalletSupplierImpl - +BipWallet[DEPOSIT_BIP84]: BipWallet{id='DEPOSIT_BIP84', samouraiAccount=DEPOSIT, derivation=BipDerivation{purpose=84, accountIndex=0}, bipFormatDefault=SEGWIT_NATIVE, bipFormats=[SEGWIT_NATIVE], xPub='tpu...Nbr', bipPub='vpu...R4q'}
12:10:03.811 [main] DEBUG com.samourai.wallet.bipWallet.WalletSupplierImpl - +BipWallet[PREMIX_BIP84]: BipWallet{id='PREMIX_BIP84', samouraiAccount=PREMIX, derivation=BipDerivation{purpose=84, accountIndex=2147483645}, bipFormatDefault=SEGWIT_NATIVE, bipFormats=[SEGWIT_NATIVE], xPub='tpu...ZBX', bipPub='vpu...XxM'}
12:10:03.811 [main] DEBUG com.samourai.wallet.bipWallet.WalletSupplierImpl - +BipWallet[POSTMIX_BIP84]: BipWallet{id='POSTMIX_BIP84', samouraiAccount=POSTMIX, derivation=BipDerivation{purpose=84, accountIndex=2147483646}, bipFormatDefault=SEGWIT_NATIVE, bipFormats=[SEGWIT_NATIVE, SEGWIT_COMPAT, LEGACY], xPub='tpu...do5', bipPub='vpu...2eX'}
12:10:03.811 [main] DEBUG com.samourai.wallet.bipWallet.WalletSupplierImpl - +BipWallet[BADBANK_BIP84]: BipWallet{id='BADBANK_BIP84', samouraiAccount=BADBANK, derivation=BipDerivation{purpose=84, accountIndex=2147483644}, bipFormatDefault=SEGWIT_NATIVE, bipFormats=[SEGWIT_NATIVE], xPub='tpu...QxP', bipPub='vpu...M4F'}
12:10:03.838 [main] DEBUG com.samourai.http.client.JettyHttpClient - +httpClient: no proxy
12:10:03.991 [main] DEBUG com.samourai.wallet.bipWallet.WalletSupplierImpl - +BipWallet[DEPOSIT_BIP44]: BipWallet{id='DEPOSIT_BIP44', samouraiAccount=DEPOSIT, derivation=BipDerivation{purpose=44, accountIndex=0}, bipFormatDefault=LEGACY, bipFormats=[LEGACY], xPub='tpu...LwY', bipPub='tpu...LwY'}
12:10:03.991 [main] DEBUG com.samourai.wallet.bipWallet.WalletSupplierImpl - +BipWallet[DEPOSIT_BIP49]: BipWallet{id='DEPOSIT_BIP49', samouraiAccount=DEPOSIT, derivation=BipDerivation{purpose=49, accountIndex=0}, bipFormatDefault=SEGWIT_COMPAT, bipFormats=[SEGWIT_COMPAT], xPub='tpu...eV2', bipPub='upu...38D'}
12:10:03.991 [main] DEBUG com.samourai.wallet.bipWallet.WalletSupplierImpl - +BipWallet[DEPOSIT_BIP84]: BipWallet{id='DEPOSIT_BIP84', samouraiAccount=DEPOSIT, derivation=BipDerivation{purpose=84, accountIndex=0}, bipFormatDefault=SEGWIT_NATIVE, bipFormats=[SEGWIT_NATIVE], xPub='tpu...re9', bipPub='vpu...dCu'}
12:10:03.991 [main] DEBUG com.samourai.wallet.bipWallet.WalletSupplierImpl - +BipWallet[PREMIX_BIP84]: BipWallet{id='PREMIX_BIP84', samouraiAccount=PREMIX, derivation=BipDerivation{purpose=84, accountIndex=2147483645}, bipFormatDefault=SEGWIT_NATIVE, bipFormats=[SEGWIT_NATIVE], xPub='tpu...hvr', bipPub='vpu...4mL'}
12:10:03.991 [main] DEBUG com.samourai.wallet.bipWallet.WalletSupplierImpl - +BipWallet[POSTMIX_BIP84]: BipWallet{id='POSTMIX_BIP84', samouraiAccount=POSTMIX, derivation=BipDerivation{purpose=84, accountIndex=2147483646}, bipFormatDefault=SEGWIT_NATIVE, bipFormats=[SEGWIT_NATIVE, SEGWIT_COMPAT, LEGACY], xPub='tpu...sQD', bipPub='vpu...nrW'}
12:10:03.991 [main] DEBUG com.samourai.wallet.bipWallet.WalletSupplierImpl - +BipWallet[ASB_BIP84]: BipWallet{id='ASB_BIP84', samouraiAccount=SWAPS_ASB, derivation=BipDerivation{purpose=84, accountIndex=2147483641}, bipFormatDefault=SEGWIT_NATIVE, bipFormats=[SEGWIT_NATIVE], xPub='tpu...p4i', bipPub='vpu...sEH'}
12:10:03.991 [main] DEBUG com.samourai.wallet.bipWallet.WalletSupplierImpl - +BipWallet[SWAPS_DEPOSIT]: BipWallet{id='SWAPS_DEPOSIT', samouraiAccount=SWAPS_DEPOSIT, derivation=BipDerivation{purpose=84, accountIndex=2147483643}, bipFormatDefault=SEGWIT_NATIVE, bipFormats=[SEGWIT_NATIVE], xPub='tpu...3s7', bipPub='vpu...HpJ'}
12:10:03.991 [main] DEBUG com.samourai.wallet.bipWallet.WalletSupplierImpl - +BipWallet[SWAPS_REFUNDS]: BipWallet{id='SWAPS_REFUNDS', samouraiAccount=SWAPS_REFUNDS, derivation=BipDerivation{purpose=84, accountIndex=2147483642}, bipFormatDefault=SEGWIT_NATIVE, bipFormats=[SEGWIT_NATIVE], xPub='tpu...rMX', bipPub='vpu...Sr9'}
12:10:03.991 [main] DEBUG com.samourai.wallet.bipWallet.WalletSupplierImpl - +BipWallet[BADBANK_BIP84]: BipWallet{id='BADBANK_BIP84', samouraiAccount=BADBANK, derivation=BipDerivation{purpose=84, accountIndex=2147483644}, bipFormatDefault=SEGWIT_NATIVE, bipFormats=[SEGWIT_NATIVE], xPub='tpu...hmu', bipPub='vpu...tNY'}
12:10:03.991 [main] DEBUG com.samourai.wallet.bipWallet.WalletSupplierImpl - +BipWallet[RICOCHET_BIP84]: BipWallet{id='RICOCHET_BIP84', samouraiAccount=RICOCHET, derivation=BipDerivation{purpose=84, accountIndex=2147483647}, bipFormatDefault=SEGWIT_NATIVE, bipFormats=[SEGWIT_NATIVE], xPub='tpu...UMc', bipPub='vpu...knj'}
12:10:03.991 [main] DEBUG com.samourai.wallet.api.backend.BackendApi - urlBackend=https://api.samouraiwallet.com/test/v2, oAuth=no
12:10:03.991 [main] DEBUG com.samourai.wallet.util.LogbackUtils - Log level set to DEBUG for the logger 'com.samourai'
12:10:03.991 [main] DEBUG com.samourai.wallet.util.LogbackUtils - Log level set to DEBUG for the logger 'com.samourai.whirlpool.client'
12:10:03.991 [main] DEBUG com.samourai.wallet.util.LogbackUtils - Log level set to DEBUG for the logger 'com.samourai.whirlpool.client.mix.dialog'
12:10:03.991 [main] DEBUG com.samourai.wallet.util.LogbackUtils - Log level set to DEBUG for the logger 'com.samourai.stomp.client'
12:10:03.991 [main] DEBUG com.samourai.wallet.util.LogbackUtils - Log level set to DEBUG for the logger 'com.samourai.wallet.util.FeeUtil'
12:10:03.991 [main] DEBUG com.samourai.wallet.util.LogbackUtils - Log level set to DEBUG for the logger 'com.samourai.whirlpool.client.utils'
12:10:03.991 [main] DEBUG com.samourai.wallet.util.LogbackUtils - Log level set to DEBUG for the logger 'com.samourai.whirlpool.client.wallet'
12:10:03.991 [main] DEBUG com.samourai.wallet.util.LogbackUtils - Log level set to DEBUG for the logger 'com.samourai.wallet.cahoots'
12:10:03.991 [main] DEBUG com.samourai.wallet.util.LogbackUtils - Log level set to DEBUG for the logger 'com.samourai.wallet.cahoots.stowaway'
12:10:03.991 [main] DEBUG com.samourai.wallet.util.LogbackUtils - Log level set to DEBUG for the logger 'com.samourai.wallet.cahoots.stonewallx2'
12:10:03.991 [main] DEBUG com.samourai.wallet.util.LogbackUtils - Log level set to DEBUG for the logger 'com.samourai.wallet.sorobanClient'
12:10:03.991 [main] DEBUG com.samourai.wallet.util.LogbackUtils - Log level set to DEBUG for the logger 'com.samourai.soroban.client'
12:10:03.991 [main] DEBUG com.samourai.wallet.util.LogbackUtils - Log level set to DEBUG for the logger 'com.samourai.soroban.client.rpc'
12:10:03.991 [main] DEBUG com.samourai.wallet.util.LogbackUtils - Log level set to DEBUG for the logger 'com.samourai.soroban.client.dialog'
12:10:03.991 [main] DEBUG com.samourai.wallet.util.LogbackUtils - Log level set to DEBUG for the logger 'com.samourai.soroban.client.meeting'
12:10:03.991 [main] DEBUG com.samourai.wallet.util.LogbackUtils - Log level set to DEBUG for the logger 'com.samourai.whirlpool.client.wallet.orchestrator'
12:10:03.991 [main] DEBUG com.samourai.wallet.util.LogbackUtils - Log level set to ERROR for the logger 'org.bitcoinj'
12:10:03.991 [main] DEBUG com.samourai.wallet.util.LogbackUtils - Log level set to WARN for the logger 'org.bitcoin'
12:10:03.991 [main] DEBUG com.samourai.wallet.util.LogbackUtils - Log level set to INFO for the logger 'org.eclipse.jetty'
12:10:04.068 [main] DEBUG com.samourai.wallet.bipWallet.WalletSupplierImpl - +BipWallet[DEPOSIT_BIP44]: BipWallet{id='DEPOSIT_BIP44', samouraiAccount=DEPOSIT, derivation=BipDerivation{purpose=44, accountIndex=0}, bipFormatDefault=LEGACY, bipFormats=[LEGACY], xPub='tpu...LZp', bipPub='tpu...LZp'}
12:10:04.068 [main] DEBUG com.samourai.wallet.bipWallet.WalletSupplierImpl - +BipWallet[DEPOSIT_BIP49]: BipWallet{id='DEPOSIT_BIP49', samouraiAccount=DEPOSIT, derivation=BipDerivation{purpose=49, accountIndex=0}, bipFormatDefault=SEGWIT_COMPAT, bipFormats=[SEGWIT_COMPAT], xPub='tpu...2dH', bipPub='upu...bSs'}
12:10:04.068 [main] DEBUG com.samourai.wallet.bipWallet.WalletSupplierImpl - +BipWallet[DEPOSIT_BIP84]: BipWallet{id='DEPOSIT_BIP84', samouraiAccount=DEPOSIT, derivation=BipDerivation{purpose=84, accountIndex=0}, bipFormatDefault=SEGWIT_NATIVE, bipFormats=[SEGWIT_NATIVE], xPub='tpu...MfN', bipPub='vpu...sew'}
12:10:04.068 [main] DEBUG com.samourai.wallet.bipWallet.WalletSupplierImpl - +BipWallet[PREMIX_BIP84]: BipWallet{id='PREMIX_BIP84', samouraiAccount=PREMIX, derivation=BipDerivation{purpose=84, accountIndex=2147483645}, bipFormatDefault=SEGWIT_NATIVE, bipFormats=[SEGWIT_NATIVE], xPub='tpu...y1p', bipPub='vpu...D4a'}
12:10:04.068 [main] DEBUG com.samourai.wallet.bipWallet.WalletSupplierImpl - +BipWallet[POSTMIX_BIP84]: BipWallet{id='POSTMIX_BIP84', samouraiAccount=POSTMIX, derivation=BipDerivation{purpose=84, accountIndex=2147483646}, bipFormatDefault=SEGWIT_NATIVE, bipFormats=[SEGWIT_NATIVE, SEGWIT_COMPAT, LEGACY], xPub='tpu...NLN', bipPub='vpu...RKR'}
12:10:04.068 [main] DEBUG com.samourai.wallet.bipWallet.WalletSupplierImpl - +BipWallet[BADBANK_BIP84]: BipWallet{id='BADBANK_BIP84', samouraiAccount=BADBANK, derivation=BipDerivation{purpose=84, accountIndex=2147483644}, bipFormatDefault=SEGWIT_NATIVE, bipFormats=[SEGWIT_NATIVE], xPub='tpu...86t', bipPub='vpu...XXs'}
12:10:04.167 [main] DEBUG com.samourai.wallet.bipWallet.WalletSupplierImpl - +BipWallet[DEPOSIT_BIP44]: BipWallet{id='DEPOSIT_BIP44', samouraiAccount=DEPOSIT, derivation=BipDerivation{purpose=44, accountIndex=0}, bipFormatDefault=LEGACY, bipFormats=[LEGACY], xPub='tpu...XeJ', bipPub='tpu...XeJ'}
12:10:04.167 [main] DEBUG com.samourai.wallet.bipWallet.WalletSupplierImpl - +BipWallet[DEPOSIT_BIP49]: BipWallet{id='DEPOSIT_BIP49', samouraiAccount=DEPOSIT, derivation=BipDerivation{purpose=49, accountIndex=0}, bipFormatDefault=SEGWIT_COMPAT, bipFormats=[SEGWIT_COMPAT], xPub='tpu...TBn', bipPub='upu...QVy'}
12:10:04.167 [main] DEBUG com.samourai.wallet.bipWallet.WalletSupplierImpl - +BipWallet[DEPOSIT_BIP84]: BipWallet{id='DEPOSIT_BIP84', samouraiAccount=DEPOSIT, derivation=BipDerivation{purpose=84, accountIndex=0}, bipFormatDefault=SEGWIT_NATIVE, bipFormats=[SEGWIT_NATIVE], xPub='tpu...Nbr', bipPub='vpu...R4q'}
12:10:04.167 [main] DEBUG com.samourai.wallet.bipWallet.WalletSupplierImpl - +BipWallet[PREMIX_BIP84]: BipWallet{id='PREMIX_BIP84', samouraiAccount=PREMIX, derivation=BipDerivation{purpose=84, accountIndex=2147483645}, bipFormatDefault=SEGWIT_NATIVE, bipFormats=[SEGWIT_NATIVE], xPub='tpu...ZBX', bipPub='vpu...XxM'}
12:10:04.167 [main] DEBUG com.samourai.wallet.bipWallet.WalletSupplierImpl - +BipWallet[POSTMIX_BIP84]: BipWallet{id='POSTMIX_BIP84', samouraiAccount=POSTMIX, derivation=BipDerivation{purpose=84, accountIndex=2147483646}, bipFormatDefault=SEGWIT_NATIVE, bipFormats=[SEGWIT_NATIVE, SEGWIT_COMPAT, LEGACY], xPub='tpu...do5', bipPub='vpu...2eX'}
12:10:04.167 [main] DEBUG com.samourai.wallet.bipWallet.WalletSupplierImpl - +BipWallet[BADBANK_BIP84]: BipWallet{id='BADBANK_BIP84', samouraiAccount=BADBANK, derivation=BipDerivation{purpose=84, accountIndex=2147483644}, bipFormatDefault=SEGWIT_NATIVE, bipFormats=[SEGWIT_NATIVE], xPub='tpu...QxP', bipPub='vpu...M4F'}
12:10:04.194 [main] DEBUG com.samourai.wallet.cahoots.stowaway.StowawayService - # Stowaway INITIATOR => step=0
12:10:04.194 [main] DEBUG com.samourai.wallet.cahoots.stonewallx2.Stonewallx2Service - # STONEWALLx2 INITIATOR => step=0
12:10:04.194 [main] DEBUG com.samourai.wallet.cahoots.AbstractCahootsTest - #0 SENDER => {"cahoots":{"step":0,"type":2,"params":"testnet","version":2},"stonewallx2":{"cahoots":{"psbt":"","destPaynym":"","cpty_account":0,"spend_amount":5000,"outpoints":[],"type":0,"params":"testnet","dest":"tb1q9m8cc0jkjlc9zwvea5a2365u6px3yu646vgez4","version":2,"fee_amount":0,"fingerprint":"eed8a1cd","step":0,"collabChange":"","id":"76facb49cfbe51d34bbcc475a94e2e8c6860fa57731cf73364386f3f3af120b7","account":0,"ts":1711645804}},"stowaway":{"cahoots":{"psbt":"","cpty_account":0,"spend_amount":-1,"outpoints":[],"type":1,"params":"testnet","dest":"","version":2,"fee_amount":0,"fingerprint":"eed8a1cd","step":0,"id":"f7e24fdb278135a7d77714d319b5c28cf6fb551d6f168babed8ebe93f195a626","account":0,"ts":1711645804}}}
12:10:04.194 [main] DEBUG com.samourai.wallet.cahoots.multi.MultiCahootsService - Getting SaaS Threshold...
12:10:04.194 [main] DEBUG com.samourai.wallet.cahoots.multi.MultiCahootsService - SaaS Threshold: 200000000
12:10:04.194 [main] DEBUG com.samourai.wallet.cahoots.multi.MultiCahootsService - ###### BEGIN doMultiCahoots1 MULTI/COUNTERPARTY
12:10:04.194 [main] DEBUG com.samourai.wallet.cahoots.stonewallx2.Stonewallx2Service - BIP FORMAT:: SEGWIT_NATIVE
12:10:04.195 [main] DEBUG com.samourai.wallet.cahoots.stonewallx2.Stonewallx2Service - +output (CounterParty Mix) = tb1qv4ak4l0w76qflk4uulavu22kxtaajnltkzxyq5
12:10:04.195 [main] DEBUG com.samourai.wallet.cahoots.AbstractCahoots2xService - ###### BEGIN doSTONEWALLx2_1 STONEWALLX2/COUNTERPARTY
12:10:04.195 [main] DEBUG com.samourai.wallet.cahoots.AbstractCahoots2xService -  * outpoints={}
12:10:04.195 [main] DEBUG com.samourai.wallet.cahoots.AbstractCahoots2xService -  * tx=null
12:10:04.195 [main] DEBUG com.samourai.wallet.cahoots.stonewallx2.Stonewallx2Service - BIP84 utxos:2
12:10:04.195 [main] DEBUG com.samourai.wallet.cahoots.stonewallx2.Stonewallx2Service - BIP84 selected utxo: CahootsUtxo{utxo=b4b65c3246da72537c93591919f8479f7a2b232f4dafec55b9e01d34e47fde26:1, value=9000, address=tb1qh287jqsh6mkpqmd8euumyfam00fkr78qhrdnde, path=null, xpub=tpubDCKFqGcC4KmHwUHG6orVRRUQZZZ3s9kQ64YUufULo9SY1E35aJwa2MH18AxuKddtJzfjMzCgKTEgBJx3WAGxYxVdMxeTYK5Xbtsv5P6fNbr}
12:10:04.195 [main] DEBUG com.samourai.wallet.cahoots.stonewallx2.Stonewallx2Service - 1 selected utxos, totalContributedAmount=9000, requiredAmount=5546
12:10:04.195 [main] DEBUG com.samourai.wallet.cahoots.stonewallx2.Stonewallx2Service - +output (CounterParty change) = tb1qgzzjhah2q3pqfwpx5xpdrd649qmyl59a6m6cp4
12:10:04.195 [main] DEBUG com.samourai.wallet.cahoots.AbstractCahoots2xService - ###### END doSTONEWALLx2_1 STONEWALLX2/COUNTERPARTY
12:10:04.195 [main] DEBUG com.samourai.wallet.cahoots.AbstractCahoots2xService -  * outpoints={b4b65c3246da72537c93591919f8479f7a2b232f4dafec55b9e01d34e47fde26-1=9000}
12:10:04.195 [main] DEBUG com.samourai.wallet.cahoots.AbstractCahoots2xService -  * tx=  0d4f38bd4383c6b8494a47ed878148b00758c2369f751093d14ea65824ae70c8
  version 2
  time locked until block 1234
  opts into full replace-by-fee
     in    0.00009 BTC
          outpoint:b4b65c3246da72537c93591919f8479f7a2b232f4dafec55b9e01d34e47fde26:1
          sequence:fffffffd, opts into full RBF
     out  0[] PUSHDATA(20)[657b6afdeef6809fdabce7face295632fbd94feb] 0.00005 BTC
     out  0[] PUSHDATA(20)[40852bf6ea044204b826a182d1b75528364fd0bd] 0.00004 BTC
     fee  0.00 BTC/kB, 0.00 BTC for 113 bytes
     prps UNKNOWN

12:10:04.195 [main] DEBUG com.samourai.wallet.cahoots.multi.MultiCahootsService - ###### END doMultiCahoots1 MULTI/COUNTERPARTY
12:10:04.195 [main] DEBUG com.samourai.wallet.cahoots.multi.MultiCahootsService - # MultiCahoots COUNTERPARTY => step=1
12:10:04.195 [main] DEBUG com.samourai.wallet.cahoots.AbstractCahootsTest - #1 COUNTERPARTY => {"cahoots":{"step":1,"type":2,"params":"testnet","version":2},"stonewallx2":{"cahoots":{"fingerprint_collab":"f0d70870","psbt":"abZy8000000rlR&oaBrz2M}mkGIKMq1I1EzuFq(/!rdzHjt%Buwio@1u<D(*nlP(VYCNW)u8gm87y.@*3M(?g>&?3u)8Q@Zu%L39htMoVNvk=]D/GY1p&xEPqE=.NBC0vTO{IGQ:(SvC+xVeeS@yPUtpr06Fsg}eLlL[OoCsbkL=2U8zUJMua=Q}F]z!<>","destPaynym":"","cpty_account":0,"spend_amount":5000,"outpoints":[{"value":9000,"outpoint":"b4b65c3246da72537c93591919f8479f7a2b232f4dafec55b9e01d34e47fde26-1"}],"type":0,"params":"testnet","dest":"tb1q9m8cc0jkjlc9zwvea5a2365u6px3yu646vgez4","version":2,"fee_amount":0,"fingerprint":"eed8a1cd","step":1,"collabChange":"tb1qgzzjhah2q3pqfwpx5xpdrd649qmyl59a6m6cp4","id":"76facb49cfbe51d34bbcc475a94e2e8c6860fa57731cf73364386f3f3af120b7","account":0,"ts":1711645804}},"stowaway":{"cahoots":{"psbt":"","cpty_account":0,"spend_amount":-1,"outpoints":[],"type":1,"params":"testnet","dest":"","version":2,"fee_amount":0,"fingerprint":"eed8a1cd","step":0,"id":"f7e24fdb278135a7d77714d319b5c28cf6fb551d6f168babed8ebe93f195a626","account":0,"ts":1711645804}}}
12:10:04.196 [main] DEBUG com.samourai.wallet.cahoots.multi.MultiCahootsService - # MultiCahoots SENDER <= step=1
12:10:04.196 [main] DEBUG com.samourai.wallet.cahoots.multi.MultiCahootsService - ###### BEGIN doMultiCahoots2 MULTI/SENDER
12:10:04.196 [main] DEBUG com.samourai.wallet.cahoots.AbstractCahoots2xService - ###### BEGIN doSTONEWALLx2_2 STONEWALLX2/SENDER
12:10:04.196 [main] DEBUG com.samourai.wallet.cahoots.AbstractCahoots2xService -  * outpoints={b4b65c3246da72537c93591919f8479f7a2b232f4dafec55b9e01d34e47fde26-1=9000}
12:10:04.196 [main] DEBUG com.samourai.wallet.cahoots.AbstractCahoots2xService -  * tx=  0d4f38bd4383c6b8494a47ed878148b00758c2369f751093d14ea65824ae70c8
  version 2
  time locked until block 1234
  opts into full replace-by-fee
     in   
          outpoint:b4b65c3246da72537c93591919f8479f7a2b232f4dafec55b9e01d34e47fde26:1
          sequence:fffffffd, opts into full RBF
     out  0[] PUSHDATA(20)[657b6afdeef6809fdabce7face295632fbd94feb] 0.00005 BTC
     out  0[] PUSHDATA(20)[40852bf6ea044204b826a182d1b75528364fd0bd] 0.00004 BTC
     prps UNKNOWN

12:10:04.196 [main] DEBUG com.samourai.wallet.cahoots.stonewallx2.Stonewallx2Service - step2 tx:020000000126de7fe4341de0b955ecaf4d2f232b7a9f47f8191959937c5372da46325cb6b40100000000fdffffff028813000000000000160014657b6afdeef6809fdabce7face295632fbd94feba00f00000000000016001440852bf6ea044204b826a182d1b75528364fd0bdd2040000
12:10:04.196 [main] DEBUG com.samourai.wallet.cahoots.stonewallx2.Stonewallx2Service - step2 tx:  0d4f38bd4383c6b8494a47ed878148b00758c2369f751093d14ea65824ae70c8
  version 2
  time locked until block 1234
  opts into full replace-by-fee
     in   
          outpoint:b4b65c3246da72537c93591919f8479f7a2b232f4dafec55b9e01d34e47fde26:1
          sequence:fffffffd, opts into full RBF
     out  0[] PUSHDATA(20)[657b6afdeef6809fdabce7face295632fbd94feb] 0.00005 BTC
     out  0[] PUSHDATA(20)[40852bf6ea044204b826a182d1b75528364fd0bd] 0.00004 BTC
     prps UNKNOWN

12:10:04.196 [main] DEBUG com.samourai.wallet.cahoots.stonewallx2.Stonewallx2Service - BIP84 utxos:2
12:10:04.196 [main] DEBUG com.samourai.wallet.cahoots.stonewallx2.Stonewallx2Service - BIP84 selected utxo: CahootsUtxo{utxo=14cf9c6be92efcfe628aabd32b02c85e763615ddd430861bc18f6d366e4c4fd5:1, value=10000, address=tb1qkymumss6zj0rxy9l3v5vqxqwwffy8jjsyhrkrg, path=null, xpub=tpubDDLBK9gJk4HdPCDzF4Yhxx3u6q1QWo7iZAPVHfsFjLp9rUxXf79FPEK4cKMiV1jrJqrCCVJnciMh1kau2xZtjpZ5DoiaK3RbF6MffFWXMfN}
12:10:04.196 [main] DEBUG com.samourai.wallet.cahoots.stonewallx2.Stonewallx2Service - fee:284
12:10:04.196 [main] DEBUG com.samourai.wallet.cahoots.stonewallx2.Stonewallx2Service - 1 selected utxos, totalContributedAmount=10000, requiredAmount=5830
12:10:04.196 [main] DEBUG com.samourai.wallet.cahoots.stonewallx2.Stonewallx2Service - fee pair:284
12:10:04.196 [main] DEBUG com.samourai.wallet.cahoots.stonewallx2.Stonewallx2Service - destination:tb1q9m8cc0jkjlc9zwvea5a2365u6px3yu646vgez4
12:10:04.196 [main] DEBUG com.samourai.wallet.cahoots.stonewallx2.Stonewallx2Service - output value post fee:3858
12:10:04.196 [main] DEBUG com.samourai.wallet.cahoots.stonewallx2.Stonewallx2Service - +output (Spender change) = tb1qfe8765vcdka0xgkjkdhxjzux8raq7qsyamffad
12:10:04.196 [main] DEBUG com.samourai.wallet.cahoots.AbstractCahoots2xService - ###### END doSTONEWALLx2_2 STONEWALLX2/SENDER
12:10:04.196 [main] DEBUG com.samourai.wallet.cahoots.AbstractCahoots2xService -  * outpoints={b4b65c3246da72537c93591919f8479f7a2b232f4dafec55b9e01d34e47fde26-1=9000, 14cf9c6be92efcfe628aabd32b02c85e763615ddd430861bc18f6d366e4c4fd5-1=10000}
12:10:04.196 [main] DEBUG com.samourai.wallet.cahoots.AbstractCahoots2xService -  * tx=  25699c39e0ff4cb913b47af913499e5e2ec4bd33113ff0a4b379c276f8c514f1
  version 2
  time locked until block 1234
  opts into full replace-by-fee
     in   
          outpoint:b4b65c3246da72537c93591919f8479f7a2b232f4dafec55b9e01d34e47fde26:1
          sequence:fffffffd, opts into full RBF
     in    0.0001 BTC
          outpoint:14cf9c6be92efcfe628aabd32b02c85e763615ddd430861bc18f6d366e4c4fd5:1
          sequence:fffffffd, opts into full RBF
     out  0[] PUSHDATA(20)[657b6afdeef6809fdabce7face295632fbd94feb] 0.00005 BTC
     out  0[] PUSHDATA(20)[40852bf6ea044204b826a182d1b75528364fd0bd] 0.00003858 BTC
     out  0[] PUSHDATA(20)[2ecf8c3e5697f0513999ed3aa8ea9cd04d127355] 0.00005 BTC
     out  0[] PUSHDATA(20)[4e4fed51986dbaf322d2b36e690b8638fa0f0204] 0.00004858 BTC
     prps UNKNOWN

12:10:04.196 [main] DEBUG com.samourai.wallet.cahoots.multi.MultiCahootsService - ###### END doMultiCahoots2 MULTI/SENDER
12:10:04.196 [main] DEBUG com.samourai.wallet.cahoots.multi.MultiCahootsService - # MultiCahoots SENDER => step=2
12:10:04.197 [main] DEBUG com.samourai.wallet.cahoots.AbstractCahootsTest - #2 SENDER => {"cahoots":{"step":2,"type":2,"params":"testnet","version":2},"stonewallx2":{"cahoots":{"fingerprint_collab":"f0d70870","psbt":"abZy8000000rl[$:=dMh2N1C)e?^Iq[zw]3*5u{!9A28yG9c)*J{D/GV&!bHbi}lJ.H:{EP/LblNWfuawuqqz3>ecNBcNnUIzsuEebw-jU!y6JM6Dd5x6<{S+z&i(8<P*y3WzFD+#{Scj9$V*TM59Qfodgy:NxOAcOW+}XJNpY5zHvZJMBl@}wKl]:w9[{@>f7^Rcot>5DTyeols{IQE@/U*FE&iO93>X9<)%nIx0l1cz:ITzidjFTH:nXc3@$4rT=EutQBhnWY$vPz#5Kh@5TJ1>K6C3)?JWQ0rr9","destPaynym":"","cpty_account":0,"spend_amount":5000,"outpoints":[{"value":9000,"outpoint":"b4b65c3246da72537c93591919f8479f7a2b232f4dafec55b9e01d34e47fde26-1"},{"value":10000,"outpoint":"14cf9c6be92efcfe628aabd32b02c85e763615ddd430861bc18f6d366e4c4fd5-1"}],"type":0,"params":"testnet","dest":"tb1q9m8cc0jkjlc9zwvea5a2365u6px3yu646vgez4","version":2,"fee_amount":284,"fingerprint":"eed8a1cd","step":2,"collabChange":"tb1qgzzjhah2q3pqfwpx5xpdrd649qmyl59a6m6cp4","id":"76facb49cfbe51d34bbcc475a94e2e8c6860fa57731cf73364386f3f3af120b7","account":0,"ts":1711645804}},"stowaway":{"cahoots":{"psbt":"","cpty_account":0,"spend_amount":-1,"outpoints":[],"type":1,"params":"testnet","dest":"","version":2,"fee_amount":0,"fingerprint":"eed8a1cd","step":0,"id":"f7e24fdb278135a7d77714d319b5c28cf6fb551d6f168babed8ebe93f195a626","account":0,"ts":1711645804}}}
12:10:04.197 [main] DEBUG com.samourai.wallet.cahoots.multi.MultiCahootsService - # MultiCahoots COUNTERPARTY <= step=2
12:10:04.197 [main] DEBUG com.samourai.wallet.cahoots.multi.MultiCahootsService - ###### BEGIN doMultiCahoots3 MULTI/COUNTERPARTY
12:10:04.197 [main] DEBUG com.samourai.wallet.cahoots.multi.MultiCahootsService - Stonewall fee: 142
12:10:04.197 [main] DEBUG com.samourai.wallet.cahoots.multi.MultiCahootsService - Total fee:: 317
12:10:04.197 [main] DEBUG com.samourai.wallet.cahoots.AbstractCahoots2xService - ###### BEGIN doStowaway1 STOWAWAY/COUNTERPARTY
12:10:04.197 [main] DEBUG com.samourai.wallet.cahoots.AbstractCahoots2xService -  * outpoints={}
12:10:04.197 [main] DEBUG com.samourai.wallet.cahoots.AbstractCahoots2xService -  * tx=null
12:10:04.197 [main] DEBUG com.samourai.wallet.cahoots.stowaway.StowawayService - BIP84 utxos:2
12:10:04.197 [main] DEBUG com.samourai.wallet.cahoots.stowaway.StowawayService - BIP84 selected random utxo: CahootsUtxo{utxo=9407b31fd0159dc4dd3f5377e3b18e4b4aafef2977a52e76b95c3f899cbb05ad:1, value=10000, address=tb1qh287jqsh6mkpqmd8euumyfam00fkr78qhrdnde, path=null, xpub=tpubDCKFqGcC4KmHwUHG6orVRRUQZZZ3s9kQ64YUufULo9SY1E35aJwa2MH18AxuKddtJzfjMzCgKTEgBJx3WAGxYxVdMxeTYK5Xbtsv5P6fNbr}
12:10:04.197 [main] DEBUG com.samourai.wallet.cahoots.stowaway.StowawayService - 1 selected utxos, totalContributedAmount=10000, requiredAmount=863
12:10:04.197 [main] DEBUG com.samourai.wallet.cahoots.stowaway.StowawayService - +output (CounterParty receive) = tb1q9z5slgl572zlc6yl8zg32vndh7tfzltzz3pw8w
12:10:04.197 [main] DEBUG com.samourai.wallet.cahoots.AbstractCahoots2xService - ###### END doStowaway1 STOWAWAY/COUNTERPARTY
12:10:04.197 [main] DEBUG com.samourai.wallet.cahoots.AbstractCahoots2xService -  * outpoints={9407b31fd0159dc4dd3f5377e3b18e4b4aafef2977a52e76b95c3f899cbb05ad-1=10000}
12:10:04.197 [main] DEBUG com.samourai.wallet.cahoots.AbstractCahoots2xService -  * tx=  6819d14e07baf9771ca29c2975948e21e695249552ff3ca6e8b676c822cefa26
  version 2
  opts into full replace-by-fee
     in    0.0001 BTC
          outpoint:9407b31fd0159dc4dd3f5377e3b18e4b4aafef2977a52e76b95c3f899cbb05ad:1
          sequence:fffffffd, opts into full RBF
     out  0[] PUSHDATA(20)[28a90fa3f4f285fc689f389115326dbf96917d62] 0.00000317 BTC
     fee  0.00118085 BTC/kB, 0.00009683 BTC for 82 bytes
     prps UNKNOWN

12:10:04.197 [main] DEBUG com.samourai.wallet.cahoots.AbstractCahoots2xService - ###### BEGIN doStep3 STONEWALLX2/COUNTERPARTY
12:10:04.197 [main] DEBUG com.samourai.wallet.cahoots.AbstractCahoots2xService -  * outpoints={b4b65c3246da72537c93591919f8479f7a2b232f4dafec55b9e01d34e47fde26-1=9000, 14cf9c6be92efcfe628aabd32b02c85e763615ddd430861bc18f6d366e4c4fd5-1=10000}
12:10:04.197 [main] DEBUG com.samourai.wallet.cahoots.AbstractCahoots2xService -  * tx=  25699c39e0ff4cb913b47af913499e5e2ec4bd33113ff0a4b379c276f8c514f1
  version 2
  time locked until block 1234
  opts into full replace-by-fee
     in   
          outpoint:b4b65c3246da72537c93591919f8479f7a2b232f4dafec55b9e01d34e47fde26:1
          sequence:fffffffd, opts into full RBF
     in   
          outpoint:14cf9c6be92efcfe628aabd32b02c85e763615ddd430861bc18f6d366e4c4fd5:1
          sequence:fffffffd, opts into full RBF
     out  0[] PUSHDATA(20)[657b6afdeef6809fdabce7face295632fbd94feb] 0.00005 BTC
     out  0[] PUSHDATA(20)[40852bf6ea044204b826a182d1b75528364fd0bd] 0.00003858 BTC
     out  0[] PUSHDATA(20)[2ecf8c3e5697f0513999ed3aa8ea9cd04d127355] 0.00005 BTC
     out  0[] PUSHDATA(20)[4e4fed51986dbaf322d2b36e690b8638fa0f0204] 0.00004858 BTC
     prps UNKNOWN

12:10:04.198 [main] DEBUG com.samourai.wallet.cahoots.Cahoots2x - signTx:  e57fe3df352082f761b93c3e84d85971b206a4f82319374e15d6398aabc21e23
  version 2
  time locked until block 1234
  opts into full replace-by-fee
     in   
          outpoint:14cf9c6be92efcfe628aabd32b02c85e763615ddd430861bc18f6d366e4c4fd5:1
          sequence:fffffffd, opts into full RBF
     in   
          outpoint:b4b65c3246da72537c93591919f8479f7a2b232f4dafec55b9e01d34e47fde26:1
          sequence:fffffffd, opts into full RBF
     out  0[] PUSHDATA(20)[40852bf6ea044204b826a182d1b75528364fd0bd] 0.00003858 BTC
     out  0[] PUSHDATA(20)[4e4fed51986dbaf322d2b36e690b8638fa0f0204] 0.00004858 BTC
     out  0[] PUSHDATA(20)[2ecf8c3e5697f0513999ed3aa8ea9cd04d127355] 0.00005 BTC
     out  0[] PUSHDATA(20)[657b6afdeef6809fdabce7face295632fbd94feb] 0.00005 BTC
     prps UNKNOWN

12:10:04.198 [main] DEBUG com.samourai.wallet.cahoots.Cahoots2x - signTx outpoint:b4b65c3246da72537c93591919f8479f7a2b232f4dafec55b9e01d34e47fde26:1
12:10:04.198 [main] DEBUG com.samourai.wallet.cahoots.Cahoots2x - signTx bech32:tb1qyvqh86akdkhnh8fh7j0q7n8j78k0wruz5et8tj
12:10:04.198 [main] DEBUG com.samourai.wallet.cahoots.Cahoots2x - signTx value:9000
12:10:04.198 [main] DEBUG com.samourai.wallet.cahoots.AbstractCahootsService - [STONEWALLX2/COUNTERPARTY] computeSpendAmount: keyBag=[b4b65c3246da72537c93591919f8479f7a2b232f4dafec55b9e01d34e47fde26:1]
12:10:04.198 [main] DEBUG com.samourai.wallet.cahoots.AbstractCahootsService - [STONEWALLX2/COUNTERPARTY] computeSpendAmount: +input 9000 b4b65c3246da72537c93591919f8479f7a2b232f4dafec55b9e01d34e47fde26:1
12:10:04.198 [main] DEBUG com.samourai.wallet.cahoots.AbstractCahootsService - [STONEWALLX2/COUNTERPARTY] computeSpendAmount: -output 3858 tb1qgzzjhah2q3pqfwpx5xpdrd649qmyl59a6m6cp4
12:10:04.198 [main] DEBUG com.samourai.wallet.cahoots.AbstractCahootsService - [STONEWALLX2/COUNTERPARTY] computeSpendAmount: -output 5000 tb1qv4ak4l0w76qflk4uulavu22kxtaajnltkzxyq5
12:10:04.198 [main] DEBUG com.samourai.wallet.cahoots.AbstractCahootsService - [STONEWALLX2/COUNTERPARTY] computeSpendAmount = 142
12:10:04.198 [main] DEBUG com.samourai.wallet.cahoots.stonewallx2.Stonewallx2Service - [STONEWALLX2/COUNTERPARTY] maxSpendAmount = 142: sharedMinerFee=142
12:10:04.198 [main] DEBUG com.samourai.wallet.cahoots.AbstractCahoots2xService - [STONEWALLX2/COUNTERPARTY] COUNTERPARTY verifiedSpendAmount=142, maxSpendAmount=142
12:10:04.198 [main] DEBUG com.samourai.wallet.cahoots.AbstractCahoots2xService - ###### END doStep3 STONEWALLX2/COUNTERPARTY
12:10:04.198 [main] DEBUG com.samourai.wallet.cahoots.AbstractCahoots2xService -  * outpoints={b4b65c3246da72537c93591919f8479f7a2b232f4dafec55b9e01d34e47fde26-1=9000, 14cf9c6be92efcfe628aabd32b02c85e763615ddd430861bc18f6d366e4c4fd5-1=10000}
12:10:04.198 [main] DEBUG com.samourai.wallet.cahoots.AbstractCahoots2xService -  * tx=  e57fe3df352082f761b93c3e84d85971b206a4f82319374e15d6398aabc21e23
  version 2
  time locked until block 1234
  opts into full replace-by-fee
     in   
          outpoint:14cf9c6be92efcfe628aabd32b02c85e763615ddd430861bc18f6d366e4c4fd5:1
          sequence:fffffffd, opts into full RBF
     in   
          outpoint:b4b65c3246da72537c93591919f8479f7a2b232f4dafec55b9e01d34e47fde26:1
          sequence:fffffffd, opts into full RBF
     out  0[] PUSHDATA(20)[40852bf6ea044204b826a182d1b75528364fd0bd] 0.00003858 BTC
     out  0[] PUSHDATA(20)[4e4fed51986dbaf322d2b36e690b8638fa0f0204] 0.00004858 BTC
     out  0[] PUSHDATA(20)[2ecf8c3e5697f0513999ed3aa8ea9cd04d127355] 0.00005 BTC
     out  0[] PUSHDATA(20)[657b6afdeef6809fdabce7face295632fbd94feb] 0.00005 BTC
     prps UNKNOWN

12:10:04.198 [main] DEBUG com.samourai.wallet.cahoots.multi.MultiCahootsService - ###### END doMultiCahoots3 MULTI/COUNTERPARTY
12:10:04.198 [main] DEBUG com.samourai.wallet.cahoots.multi.MultiCahootsService - # MultiCahoots COUNTERPARTY => step=3
12:10:04.198 [main] DEBUG com.samourai.wallet.cahoots.AbstractCahootsTest - #3 COUNTERPARTY => {"cahoots":{"step":3,"type":2,"params":"testnet","version":2},"stonewallx2":{"cahoots":{"fingerprint_collab":"f0d70870","psbt":"abZy8000000rl[l3-UEa2!MmH(V6q.}YB=S}=D$M36X4PQd%}hy#^tN2RW<AjhCou?6%V39?h?<I=!1ptdNO:?1oz8maE/I^RdGxDm#wV?A*#3@:HiMFukx?6bG{t6$L2r^LO)wO?YkCfFCtn@vf)KIzsuET1PtMnhfJz=#$nYql3)/avmh[:pY1vMAeCxLwc$!meB=HgoRCMsxt$Ch5j(LFr6}FA^K$OiMRlb(d[v^Piz2ub1GNQLK=wB*AqHpTOOG8(sA0O?Q)yD=BN^{?BBp9-8K=Ls4:U@45flc}F%c:f^VM^yN%rHN^himCL/NyTEdV(ldI1y<TP}%*DeAp3k=9&2dh2hQLe[orpqN*:C*ft/]${l4PPKw&^mmN.@&c2R%dXIiL{7K}zGxC)Oc}B6jjHG!#IpZlxO/2nZA+M5877Ihoq%CkrwB%5#kNe00","destPaynym":"","cpty_account":0,"spend_amount":5000,"outpoints":[{"value":9000,"outpoint":"b4b65c3246da72537c93591919f8479f7a2b232f4dafec55b9e01d34e47fde26-1"},{"value":10000,"outpoint":"14cf9c6be92efcfe628aabd32b02c85e763615ddd430861bc18f6d366e4c4fd5-1"}],"type":0,"params":"testnet","dest":"tb1q9m8cc0jkjlc9zwvea5a2365u6px3yu646vgez4","version":2,"fee_amount":284,"fingerprint":"eed8a1cd","step":3,"collabChange":"tb1qgzzjhah2q3pqfwpx5xpdrd649qmyl59a6m6cp4","id":"76facb49cfbe51d34bbcc475a94e2e8c6860fa57731cf73364386f3f3af120b7","account":0,"ts":1711645804}},"stowaway":{"cahoots":{"fingerprint_collab":"f0d70870","psbt":"abZy8000000rkGE:QFtb3<f.ZeVP(mgw-ZF:)HwQ[iZQ8Q%$F.FsaAiGKe)lD3t/V3o}/lA<]WNu2nf4uBP-BRMjg*spLcsQM@dKXa+G<1f{d^Enn=vLElsM6:v*36rv!bM%z2nqbJ?%]7Lt@js<Hv0000","cpty_account":0,"spend_amount":317,"outpoints":[{"value":10000,"outpoint":"9407b31fd0159dc4dd3f5377e3b18e4b4aafef2977a52e76b95c3f899cbb05ad-1"}],"type":1,"params":"testnet","dest":"tb1q9z5slgl572zlc6yl8zg32vndh7tfzltzz3pw8w","version":2,"fee_amount":0,"fingerprint":"eed8a1cd","step":1,"id":"f7e24fdb278135a7d77714d319b5c28cf6fb551d6f168babed8ebe93f195a626","account":0,"ts":1711645804}}}
12:10:04.199 [main] DEBUG com.samourai.wallet.cahoots.multi.MultiCahootsService - # MultiCahoots SENDER <= step=3
12:10:04.199 [main] DEBUG com.samourai.wallet.cahoots.multi.MultiCahootsService - ###### BEGIN doMultiCahoots4 MULTI/SENDER
12:10:04.199 [main] DEBUG com.samourai.wallet.cahoots.AbstractCahoots2xService - ###### BEGIN doStep4 STONEWALLX2/SENDER
12:10:04.199 [main] DEBUG com.samourai.wallet.cahoots.AbstractCahoots2xService -  * outpoints={b4b65c3246da72537c93591919f8479f7a2b232f4dafec55b9e01d34e47fde26-1=9000, 14cf9c6be92efcfe628aabd32b02c85e763615ddd430861bc18f6d366e4c4fd5-1=10000}
12:10:04.199 [main] DEBUG com.samourai.wallet.cahoots.AbstractCahoots2xService -  * tx=  e57fe3df352082f761b93c3e84d85971b206a4f82319374e15d6398aabc21e23
  version 2
  time locked until block 1234
  opts into full replace-by-fee
     in   
          outpoint:14cf9c6be92efcfe628aabd32b02c85e763615ddd430861bc18f6d366e4c4fd5:1
          sequence:fffffffd, opts into full RBF
     in   
          outpoint:b4b65c3246da72537c93591919f8479f7a2b232f4dafec55b9e01d34e47fde26:1
          sequence:fffffffd, opts into full RBF
     out  0[] PUSHDATA(20)[40852bf6ea044204b826a182d1b75528364fd0bd] 0.00003858 BTC
     out  0[] PUSHDATA(20)[4e4fed51986dbaf322d2b36e690b8638fa0f0204] 0.00004858 BTC
     out  0[] PUSHDATA(20)[2ecf8c3e5697f0513999ed3aa8ea9cd04d127355] 0.00005 BTC
     out  0[] PUSHDATA(20)[657b6afdeef6809fdabce7face295632fbd94feb] 0.00005 BTC
     prps UNKNOWN

12:10:04.199 [main] DEBUG com.samourai.wallet.cahoots.Cahoots2x - signTx:  e57fe3df352082f761b93c3e84d85971b206a4f82319374e15d6398aabc21e23
  version 2
  time locked until block 1234
  opts into full replace-by-fee
     in   
          outpoint:14cf9c6be92efcfe628aabd32b02c85e763615ddd430861bc18f6d366e4c4fd5:1
          sequence:fffffffd, opts into full RBF
     in   
          outpoint:b4b65c3246da72537c93591919f8479f7a2b232f4dafec55b9e01d34e47fde26:1
          sequence:fffffffd, opts into full RBF
     out  0[] PUSHDATA(20)[40852bf6ea044204b826a182d1b75528364fd0bd] 0.00003858 BTC
     out  0[] PUSHDATA(20)[4e4fed51986dbaf322d2b36e690b8638fa0f0204] 0.00004858 BTC
     out  0[] PUSHDATA(20)[2ecf8c3e5697f0513999ed3aa8ea9cd04d127355] 0.00005 BTC
     out  0[] PUSHDATA(20)[657b6afdeef6809fdabce7face295632fbd94feb] 0.00005 BTC
     prps UNKNOWN

12:10:04.199 [main] DEBUG com.samourai.wallet.cahoots.Cahoots2x - signTx outpoint:14cf9c6be92efcfe628aabd32b02c85e763615ddd430861bc18f6d366e4c4fd5:1
12:10:04.199 [main] DEBUG com.samourai.wallet.cahoots.Cahoots2x - signTx bech32:tb1qyvqh86akdkhnh8fh7j0q7n8j78k0wruz5et8tj
12:10:04.199 [main] DEBUG com.samourai.wallet.cahoots.Cahoots2x - signTx value:10000
12:10:04.199 [main] DEBUG com.samourai.wallet.cahoots.AbstractCahootsService - [STONEWALLX2/SENDER] computeSpendAmount: keyBag=[14cf9c6be92efcfe628aabd32b02c85e763615ddd430861bc18f6d366e4c4fd5:1]
12:10:04.199 [main] DEBUG com.samourai.wallet.cahoots.AbstractCahootsService - [STONEWALLX2/SENDER] computeSpendAmount: +input 10000 14cf9c6be92efcfe628aabd32b02c85e763615ddd430861bc18f6d366e4c4fd5:1
12:10:04.199 [main] DEBUG com.samourai.wallet.cahoots.AbstractCahootsService - [STONEWALLX2/SENDER] computeSpendAmount: -output 4858 tb1qfe8765vcdka0xgkjkdhxjzux8raq7qsyamffad
12:10:04.199 [main] DEBUG com.samourai.wallet.cahoots.AbstractCahootsService - [STONEWALLX2/SENDER] computeSpendAmount = 5142
12:10:04.199 [main] DEBUG com.samourai.wallet.cahoots.stonewallx2.Stonewallx2Service - [STONEWALLX2/SENDER] maxSpendAmount = 5142: amount=5000 + sharedMinerFee=142
12:10:04.199 [main] DEBUG com.samourai.wallet.cahoots.AbstractCahoots2xService - [STONEWALLX2/SENDER] SENDER verifiedSpendAmount=5142, maxSpendAmount=5142
12:10:04.199 [main] DEBUG com.samourai.wallet.cahoots.AbstractCahootsService - checkFee: feeActual=284, feeExpected=284
12:10:04.199 [main] DEBUG com.samourai.wallet.cahoots.AbstractCahoots2xService - ###### END doStep4 STONEWALLX2/SENDER
12:10:04.199 [main] DEBUG com.samourai.wallet.cahoots.AbstractCahoots2xService -  * outpoints={b4b65c3246da72537c93591919f8479f7a2b232f4dafec55b9e01d34e47fde26-1=9000, 14cf9c6be92efcfe628aabd32b02c85e763615ddd430861bc18f6d366e4c4fd5-1=10000}
12:10:04.200 [main] DEBUG com.samourai.wallet.cahoots.AbstractCahoots2xService -  * tx=  e57fe3df352082f761b93c3e84d85971b206a4f82319374e15d6398aabc21e23
  version 2
  time locked until block 1234
  opts into full replace-by-fee
     in   
          outpoint:14cf9c6be92efcfe628aabd32b02c85e763615ddd430861bc18f6d366e4c4fd5:1
          sequence:fffffffd, opts into full RBF
     in   
          outpoint:b4b65c3246da72537c93591919f8479f7a2b232f4dafec55b9e01d34e47fde26:1
          sequence:fffffffd, opts into full RBF
     out  0[] PUSHDATA(20)[40852bf6ea044204b826a182d1b75528364fd0bd] 0.00003858 BTC
     out  0[] PUSHDATA(20)[4e4fed51986dbaf322d2b36e690b8638fa0f0204] 0.00004858 BTC
     out  0[] PUSHDATA(20)[2ecf8c3e5697f0513999ed3aa8ea9cd04d127355] 0.00005 BTC
     out  0[] PUSHDATA(20)[657b6afdeef6809fdabce7face295632fbd94feb] 0.00005 BTC
     prps UNKNOWN

12:10:04.200 [main] DEBUG com.samourai.wallet.cahoots.AbstractCahoots2xService - ###### BEGIN doStowaway2 STOWAWAY/SENDER
12:10:04.200 [main] DEBUG com.samourai.wallet.cahoots.AbstractCahoots2xService -  * outpoints={9407b31fd0159dc4dd3f5377e3b18e4b4aafef2977a52e76b95c3f899cbb05ad-1=10000}
12:10:04.200 [main] DEBUG com.samourai.wallet.cahoots.AbstractCahoots2xService -  * tx=  6819d14e07baf9771ca29c2975948e21e695249552ff3ca6e8b676c822cefa26
  version 2
  opts into full replace-by-fee
     in   
          outpoint:9407b31fd0159dc4dd3f5377e3b18e4b4aafef2977a52e76b95c3f899cbb05ad:1
          sequence:fffffffd, opts into full RBF
     out  0[] PUSHDATA(20)[28a90fa3f4f285fc689f389115326dbf96917d62] 0.00000317 BTC
     prps UNKNOWN

12:10:04.200 [main] DEBUG com.samourai.wallet.cahoots.stowaway.StowawayService - sender account (2):0
12:10:04.200 [main] DEBUG com.samourai.wallet.cahoots.stowaway.StowawayService - step2 tx:0200000001ad05bb9c893f5cb9762ea57729efaf4a4b8eb1e377533fddc49d15d01fb307940100000000fdffffff013d0100000000000016001428a90fa3f4f285fc689f389115326dbf96917d6200000000
12:10:04.200 [main] DEBUG com.samourai.wallet.cahoots.stowaway.StowawayService - BIP84 utxos:2
12:10:04.200 [main] DEBUG com.samourai.wallet.cahoots.stowaway.StowawayService - BIP84 selected utxo: CahootsUtxo{utxo=7a1a2c7732f7a4e4dcb077286b61b36be99baf97168fd93ef862283c77acb03e:1, value=8000, address=tb1qkymumss6zj0rxy9l3v5vqxqwwffy8jjsyhrkrg, path=null, xpub=tpubDDLBK9gJk4HdPCDzF4Yhxx3u6q1QWo7iZAPVHfsFjLp9rUxXf79FPEK4cKMiV1jrJqrCCVJnciMh1kau2xZtjpZ5DoiaK3RbF6MffFWXMfN}
12:10:04.200 [main] DEBUG com.samourai.wallet.cahoots.stowaway.StowawayService - BIP84 post selected utxo: CahootsUtxo{utxo=7a1a2c7732f7a4e4dcb077286b61b36be99baf97168fd93ef862283c77acb03e:1, value=8000, address=tb1qkymumss6zj0rxy9l3v5vqxqwwffy8jjsyhrkrg, path=null, xpub=tpubDDLBK9gJk4HdPCDzF4Yhxx3u6q1QWo7iZAPVHfsFjLp9rUxXf79FPEK4cKMiV1jrJqrCCVJnciMh1kau2xZtjpZ5DoiaK3RbF6MffFWXMfN}
12:10:04.200 [main] DEBUG com.samourai.wallet.cahoots.stowaway.StowawayService - fee:216
12:10:04.200 [main] DEBUG com.samourai.wallet.cahoots.stowaway.StowawayService - 1 selected utxos, totalContributedAmount=8000, requiredAmount=1079
12:10:04.200 [main] DEBUG com.samourai.wallet.cahoots.stowaway.StowawayService - +output (sender change) = tb1qsktrk7075w9cfn5p3e0jnfdpzk75eq3f5qced4
12:10:04.200 [main] DEBUG com.samourai.wallet.cahoots.AbstractCahoots2xService - ###### END doStowaway2 STOWAWAY/SENDER
12:10:04.200 [main] DEBUG com.samourai.wallet.cahoots.AbstractCahoots2xService -  * outpoints={7a1a2c7732f7a4e4dcb077286b61b36be99baf97168fd93ef862283c77acb03e-1=8000, 9407b31fd0159dc4dd3f5377e3b18e4b4aafef2977a52e76b95c3f899cbb05ad-1=10000}
12:10:04.200 [main] DEBUG com.samourai.wallet.cahoots.AbstractCahoots2xService -  * tx=  74d650881fa15e2e286247c4619c6249770f265616837e852799fbd197bbb368
  version 2
  opts into full replace-by-fee
     in   
          outpoint:9407b31fd0159dc4dd3f5377e3b18e4b4aafef2977a52e76b95c3f899cbb05ad:1
          sequence:fffffffd, opts into full RBF
     in    0.00008 BTC
          outpoint:7a1a2c7732f7a4e4dcb077286b61b36be99baf97168fd93ef862283c77acb03e:1
          sequence:fffffffd, opts into full RBF
     out  0[] PUSHDATA(20)[28a90fa3f4f285fc689f389115326dbf96917d62] 0.00010317 BTC
     out  0[] PUSHDATA(20)[85963b79fea38b84ce818e5f29a5a115bd4c8229] 0.00007467 BTC
     prps UNKNOWN

12:10:04.200 [main] DEBUG com.samourai.wallet.cahoots.multi.MultiCahootsService - ###### END doMultiCahoots4 MULTI/SENDER
12:10:04.200 [main] DEBUG com.samourai.wallet.cahoots.multi.MultiCahootsService - # MultiCahoots SENDER => step=4
12:10:04.201 [main] DEBUG com.samourai.wallet.cahoots.AbstractCahootsTest - #4 SENDER => {"cahoots":{"step":4,"type":2,"params":"testnet","version":2},"stonewallx2":{"cahoots":{"fingerprint_collab":"f0d70870","psbt":"abZy8000000rof1:=drb2U*d+eY5%B@6Je/mWv>oJZ+GQ7AQk=4u80Xxw-+-1[0h=CwQZ7.(lwgBTLH(S%3ywm[uvJ]8-wnY%{<TDj)?}..ZGB2LU<c>bRsVzjlqShh6dtYY3Z[.M-jvhUV#^Avjy5.*nzqLa?yFbjE(n{[J(qv$(GJQY2YXF-AGsBfOGc2WQA2F#A@1F0+bBe&!x*&TE4D25gcQm$S)wCp@f]HYi<:=BDH#(nx=u*}u^+CL=U3A2*+F}fue.lF>=p>MNP8KT]eemWEa:Qi%cLk!WvL(+GI#:GC!G6{.BWFf/I35b7mn}i#EWT!&l!<i>/Wtcx!+@Zu<oWHQC%RqgiPS]j@cXQWg*JOQS]mhC$$Up0F*{:v9O>4uu-cr4SLK{WE%)G]]^tH<yAcM$c78Qfe#Y]wffqi/E+)Ek42n-+apZA>Co}t4aVV%/>qrxp2i=UL{lm6y5$GXfX-yvbxv4.JyegpaxKAO@S/6!fGcG9uCt9?B]2*-9!R[?}r2>Kng0YLv6e)EI$l]LiPo0@@r","destPaynym":"","cpty_account":0,"spend_amount":5000,"outpoints":[{"value":9000,"outpoint":"b4b65c3246da72537c93591919f8479f7a2b232f4dafec55b9e01d34e47fde26-1"},{"value":10000,"outpoint":"14cf9c6be92efcfe628aabd32b02c85e763615ddd430861bc18f6d366e4c4fd5-1"}],"type":0,"params":"testnet","dest":"tb1q9m8cc0jkjlc9zwvea5a2365u6px3yu646vgez4","version":2,"fee_amount":284,"fingerprint":"eed8a1cd","step":4,"collabChange":"tb1qgzzjhah2q3pqfwpx5xpdrd649qmyl59a6m6cp4","id":"76facb49cfbe51d34bbcc475a94e2e8c6860fa57731cf73364386f3f3af120b7","account":0,"ts":1711645804}},"stowaway":{"cahoots":{"fingerprint_collab":"f0d70870","psbt":"abZy8000000rlR&:=eUN2NadoyNe}jF=4[8PyG:-t*+ZFdG:fbLu*C7nfAdA/(i$JDHNIgvm(:7JaaXDqP+[R/Z7qg{MYzO4y<w+a+di+*XRHSl0=vY<vX-29LOEXXLT2z-FN<Ww^9RCIl5A{=5lriyxP!EHC8F@33=.>]2^b/Z3q(?FQ0M?yEniaM8H{p?*N]5eoWh&t<:PFOtBq<Ke2)Y6ufee0U-0?4mQu#00","cpty_account":0,"spend_amount":317,"outpoints":[{"value":8000,"outpoint":"7a1a2c7732f7a4e4dcb077286b61b36be99baf97168fd93ef862283c77acb03e-1"},{"value":10000,"outpoint":"9407b31fd0159dc4dd3f5377e3b18e4b4aafef2977a52e76b95c3f899cbb05ad-1"}],"type":1,"params":"testnet","dest":"tb1q9z5slgl572zlc6yl8zg32vndh7tfzltzz3pw8w","version":2,"fee_amount":216,"fingerprint":"eed8a1cd","step":2,"id":"f7e24fdb278135a7d77714d319b5c28cf6fb551d6f168babed8ebe93f195a626","account":0,"ts":1711645804}}}
12:10:04.202 [main] DEBUG com.samourai.wallet.cahoots.multi.MultiCahootsService - # MultiCahoots COUNTERPARTY <= step=4
12:10:04.202 [main] DEBUG com.samourai.wallet.cahoots.multi.MultiCahootsService - ###### BEGIN doMultiCahoots5 MULTI/COUNTERPARTY
12:10:04.202 [main] DEBUG com.samourai.wallet.cahoots.AbstractCahoots2xService - ###### BEGIN doStep3 STOWAWAY/COUNTERPARTY
12:10:04.202 [main] DEBUG com.samourai.wallet.cahoots.AbstractCahoots2xService -  * outpoints={7a1a2c7732f7a4e4dcb077286b61b36be99baf97168fd93ef862283c77acb03e-1=8000, 9407b31fd0159dc4dd3f5377e3b18e4b4aafef2977a52e76b95c3f899cbb05ad-1=10000}
12:10:04.202 [main] DEBUG com.samourai.wallet.cahoots.AbstractCahoots2xService -  * tx=  74d650881fa15e2e286247c4619c6249770f265616837e852799fbd197bbb368
  version 2
  opts into full replace-by-fee
     in   
          outpoint:9407b31fd0159dc4dd3f5377e3b18e4b4aafef2977a52e76b95c3f899cbb05ad:1
          sequence:fffffffd, opts into full RBF
     in   
          outpoint:7a1a2c7732f7a4e4dcb077286b61b36be99baf97168fd93ef862283c77acb03e:1
          sequence:fffffffd, opts into full RBF
     out  0[] PUSHDATA(20)[28a90fa3f4f285fc689f389115326dbf96917d62] 0.00010317 BTC
     out  0[] PUSHDATA(20)[85963b79fea38b84ce818e5f29a5a115bd4c8229] 0.00007467 BTC
     prps UNKNOWN

12:10:04.202 [main] DEBUG com.samourai.wallet.cahoots.Cahoots2x - signTx:  40275ddc6d8f0e4d1cfd6df272efcc043d414bb9dbb74af10ec0372dd13408d6
  version 2
  opts into full replace-by-fee
     in   
          outpoint:7a1a2c7732f7a4e4dcb077286b61b36be99baf97168fd93ef862283c77acb03e:1
          sequence:fffffffd, opts into full RBF
     in   
          outpoint:9407b31fd0159dc4dd3f5377e3b18e4b4aafef2977a52e76b95c3f899cbb05ad:1
          sequence:fffffffd, opts into full RBF
     out  0[] PUSHDATA(20)[85963b79fea38b84ce818e5f29a5a115bd4c8229] 0.00007467 BTC
     out  0[] PUSHDATA(20)[28a90fa3f4f285fc689f389115326dbf96917d62] 0.00010317 BTC
     prps UNKNOWN

12:10:04.202 [main] DEBUG com.samourai.wallet.cahoots.Cahoots2x - signTx outpoint:9407b31fd0159dc4dd3f5377e3b18e4b4aafef2977a52e76b95c3f899cbb05ad:1
12:10:04.202 [main] DEBUG com.samourai.wallet.cahoots.Cahoots2x - signTx bech32:tb1qyvqh86akdkhnh8fh7j0q7n8j78k0wruz5et8tj
12:10:04.202 [main] DEBUG com.samourai.wallet.cahoots.Cahoots2x - signTx value:10000
12:10:04.202 [main] DEBUG com.samourai.wallet.cahoots.AbstractCahootsService - [STOWAWAY/COUNTERPARTY] computeSpendAmount: keyBag=[9407b31fd0159dc4dd3f5377e3b18e4b4aafef2977a52e76b95c3f899cbb05ad:1]
12:10:04.202 [main] DEBUG com.samourai.wallet.cahoots.AbstractCahootsService - [STOWAWAY/COUNTERPARTY] computeSpendAmount: +input 10000 9407b31fd0159dc4dd3f5377e3b18e4b4aafef2977a52e76b95c3f899cbb05ad:1
12:10:04.202 [main] DEBUG com.samourai.wallet.cahoots.AbstractCahootsService - [STOWAWAY/COUNTERPARTY] computeSpendAmount: -output 10317 tb1q9z5slgl572zlc6yl8zg32vndh7tfzltzz3pw8w
12:10:04.202 [main] DEBUG com.samourai.wallet.cahoots.AbstractCahootsService - [STOWAWAY/COUNTERPARTY] computeSpendAmount = -317
12:10:04.202 [main] DEBUG com.samourai.wallet.cahoots.stowaway.StowawayService - [STOWAWAY/COUNTERPARTY] maxSpendAmount = 0 (receives money)
12:10:04.202 [main] DEBUG com.samourai.wallet.cahoots.AbstractCahoots2xService - [STOWAWAY/COUNTERPARTY] COUNTERPARTY verifiedSpendAmount=-317, maxSpendAmount=0
12:10:04.202 [main] DEBUG com.samourai.wallet.cahoots.AbstractCahoots2xService - ###### END doStep3 STOWAWAY/COUNTERPARTY
12:10:04.202 [main] DEBUG com.samourai.wallet.cahoots.AbstractCahoots2xService -  * outpoints={7a1a2c7732f7a4e4dcb077286b61b36be99baf97168fd93ef862283c77acb03e-1=8000, 9407b31fd0159dc4dd3f5377e3b18e4b4aafef2977a52e76b95c3f899cbb05ad-1=10000}
12:10:04.202 [main] DEBUG com.samourai.wallet.cahoots.AbstractCahoots2xService -  * tx=  40275ddc6d8f0e4d1cfd6df272efcc043d414bb9dbb74af10ec0372dd13408d6
  version 2
  opts into full replace-by-fee
     in   
          outpoint:7a1a2c7732f7a4e4dcb077286b61b36be99baf97168fd93ef862283c77acb03e:1
          sequence:fffffffd, opts into full RBF
     in   
          outpoint:9407b31fd0159dc4dd3f5377e3b18e4b4aafef2977a52e76b95c3f899cbb05ad:1
          sequence:fffffffd, opts into full RBF
     out  0[] PUSHDATA(20)[85963b79fea38b84ce818e5f29a5a115bd4c8229] 0.00007467 BTC
     out  0[] PUSHDATA(20)[28a90fa3f4f285fc689f389115326dbf96917d62] 0.00010317 BTC
     prps UNKNOWN

12:10:04.202 [main] DEBUG com.samourai.wallet.cahoots.multi.MultiCahootsService - ###### END doMultiCahoots5 MULTI/COUNTERPARTY
12:10:04.202 [main] DEBUG com.samourai.wallet.cahoots.multi.MultiCahootsService - # MultiCahoots COUNTERPARTY => step=5
12:10:04.203 [main] DEBUG com.samourai.wallet.cahoots.AbstractCahootsTest - #5 COUNTERPARTY => {"cahoots":{"step":5,"type":2,"params":"testnet","version":2},"stonewallx2":{"cahoots":{"fingerprint_collab":"f0d70870","psbt":"abZy8000000rof1:=drb2U*d+eY5%B@6Je/mWv>oJZ+GQ7AQk=4u80Xxw-+-1[0h=CwQZ7.(lwgBTLH(S%3ywm[uvJ]8-wnY%{<TDj)?}..ZGB2LU<c>bRsVzjlqShh6dtYY3Z[.M-jvhUV#^Avjy5.*nzqLa?yFbjE(n{[J(qv$(GJQY2YXF-AGsBfOGc2WQA2F#A@1F0+bBe&!x*&TE4D25gcQm$S)wCp@f]HYi<:=BDH#(nx=u*}u^+CL=U3A2*+F}fue.lF>=p>MNP8KT]eemWEa:Qi%cLk!WvL(+GI#:GC!G6{.BWFf/I35b7mn}i#EWT!&l!<i>/Wtcx!+@Zu<oWHQC%RqgiPS]j@cXQWg*JOQS]mhC$$Up0F*{:v9O>4uu-cr4SLK{WE%)G]]^tH<yAcM$c78Qfe#Y]wffqi/E+)Ek42n-+apZA>Co}t4aVV%/>qrxp2i=UL{lm6y5$GXfX-yvbxv4.JyegpaxKAO@S/6!fGcG9uCt9?B]2*-9!R[?}r2>Kng0YLv6e)EI$l]LiPo0@@r","destPaynym":"","cpty_account":0,"spend_amount":5000,"outpoints":[{"value":9000,"outpoint":"b4b65c3246da72537c93591919f8479f7a2b232f4dafec55b9e01d34e47fde26-1"},{"value":10000,"outpoint":"14cf9c6be92efcfe628aabd32b02c85e763615ddd430861bc18f6d366e4c4fd5-1"}],"type":0,"params":"testnet","dest":"tb1q9m8cc0jkjlc9zwvea5a2365u6px3yu646vgez4","version":2,"fee_amount":284,"fingerprint":"eed8a1cd","step":0,"collabChange":"tb1qgzzjhah2q3pqfwpx5xpdrd649qmyl59a6m6cp4","id":"76facb49cfbe51d34bbcc475a94e2e8c6860fa57731cf73364386f3f3af120b7","account":0,"ts":1711645804}},"stowaway":{"cahoots":{"fingerprint_collab":"f0d70870","psbt":"abZy8000000rlR[Id(@z2T}?=ke$$})MT3Pokg7wljy/oDb^XN:yLL!u[Py=1v7RcuQC&Tj}{E1@bfJERpPm)V#d!eRF{E->sJ=PLrf^oUts4]=7cJr1)%OG:!L=.JB7(a=O).J?TIHaYdrHdDN7of1!oh]L(D+e!oG@k=#}#]8N[[x&](G}0]@JwMklj*L[MLmM/rGMmi$T$:wz7uIYv=jjsmW6x]draLno0hH?[d#GyrRL5>&v1znob!x=6#2W{3%h/5}gyajzpt-n3*2xi#ZW[(/t):W:5txDq:ds9>f-:z-F^w+S{p(BAAOF0^HHXY!+nW//z(sL9hpI?fbO[g69qM:P@fEZzSZnCPXiw2u]/?rsOHZZ3u%UUDID000","cpty_account":0,"spend_amount":317,"outpoints":[{"value":8000,"outpoint":"7a1a2c7732f7a4e4dcb077286b61b36be99baf97168fd93ef862283c77acb03e-1"},{"value":10000,"outpoint":"9407b31fd0159dc4dd3f5377e3b18e4b4aafef2977a52e76b95c3f899cbb05ad-1"}],"type":1,"params":"testnet","dest":"tb1q9z5slgl572zlc6yl8zg32vndh7tfzltzz3pw8w","version":2,"fee_amount":216,"fingerprint":"eed8a1cd","step":3,"id":"f7e24fdb278135a7d77714d319b5c28cf6fb551d6f168babed8ebe93f195a626","account":0,"ts":1711645804}}}
12:10:04.204 [main] DEBUG com.samourai.wallet.cahoots.multi.MultiCahootsService - # MultiCahoots SENDER <= step=5
12:10:04.204 [main] DEBUG com.samourai.wallet.cahoots.multi.MultiCahootsService - ###### BEGIN doMultiCahoots6 MULTI/SENDER
12:10:04.204 [main] DEBUG com.samourai.wallet.cahoots.AbstractCahoots2xService - ###### BEGIN doStep4 STOWAWAY/SENDER
12:10:04.204 [main] DEBUG com.samourai.wallet.cahoots.AbstractCahoots2xService -  * outpoints={7a1a2c7732f7a4e4dcb077286b61b36be99baf97168fd93ef862283c77acb03e-1=8000, 9407b31fd0159dc4dd3f5377e3b18e4b4aafef2977a52e76b95c3f899cbb05ad-1=10000}
12:10:04.204 [main] DEBUG com.samourai.wallet.cahoots.AbstractCahoots2xService -  * tx=  40275ddc6d8f0e4d1cfd6df272efcc043d414bb9dbb74af10ec0372dd13408d6
  version 2
  opts into full replace-by-fee
     in   
          outpoint:7a1a2c7732f7a4e4dcb077286b61b36be99baf97168fd93ef862283c77acb03e:1
          sequence:fffffffd, opts into full RBF
     in   
          outpoint:9407b31fd0159dc4dd3f5377e3b18e4b4aafef2977a52e76b95c3f899cbb05ad:1
          sequence:fffffffd, opts into full RBF
     out  0[] PUSHDATA(20)[85963b79fea38b84ce818e5f29a5a115bd4c8229] 0.00007467 BTC
     out  0[] PUSHDATA(20)[28a90fa3f4f285fc689f389115326dbf96917d62] 0.00010317 BTC
     prps UNKNOWN

12:10:04.204 [main] DEBUG com.samourai.wallet.cahoots.Cahoots2x - signTx:  40275ddc6d8f0e4d1cfd6df272efcc043d414bb9dbb74af10ec0372dd13408d6
  version 2
  opts into full replace-by-fee
     in   
          outpoint:7a1a2c7732f7a4e4dcb077286b61b36be99baf97168fd93ef862283c77acb03e:1
          sequence:fffffffd, opts into full RBF
     in   
          outpoint:9407b31fd0159dc4dd3f5377e3b18e4b4aafef2977a52e76b95c3f899cbb05ad:1
          sequence:fffffffd, opts into full RBF
     out  0[] PUSHDATA(20)[85963b79fea38b84ce818e5f29a5a115bd4c8229] 0.00007467 BTC
     out  0[] PUSHDATA(20)[28a90fa3f4f285fc689f389115326dbf96917d62] 0.00010317 BTC
     prps UNKNOWN

12:10:04.204 [main] DEBUG com.samourai.wallet.cahoots.Cahoots2x - signTx outpoint:7a1a2c7732f7a4e4dcb077286b61b36be99baf97168fd93ef862283c77acb03e:1
12:10:04.204 [main] DEBUG com.samourai.wallet.cahoots.Cahoots2x - signTx bech32:tb1qyvqh86akdkhnh8fh7j0q7n8j78k0wruz5et8tj
12:10:04.204 [main] DEBUG com.samourai.wallet.cahoots.Cahoots2x - signTx value:8000
12:10:04.204 [main] DEBUG com.samourai.wallet.cahoots.AbstractCahootsService - [STOWAWAY/SENDER] computeSpendAmount: keyBag=[7a1a2c7732f7a4e4dcb077286b61b36be99baf97168fd93ef862283c77acb03e:1]
12:10:04.204 [main] DEBUG com.samourai.wallet.cahoots.AbstractCahootsService - [STOWAWAY/SENDER] computeSpendAmount: +input 8000 7a1a2c7732f7a4e4dcb077286b61b36be99baf97168fd93ef862283c77acb03e:1
12:10:04.204 [main] DEBUG com.samourai.wallet.cahoots.AbstractCahootsService - [STOWAWAY/SENDER] computeSpendAmount: -output 7467 tb1qsktrk7075w9cfn5p3e0jnfdpzk75eq3f5qced4
12:10:04.204 [main] DEBUG com.samourai.wallet.cahoots.AbstractCahootsService - [STOWAWAY/SENDER] computeSpendAmount = 533
12:10:04.204 [main] DEBUG com.samourai.wallet.cahoots.stowaway.StowawayService - [STOWAWAY/SENDER] maxSpendAmount = 533: amount=317 + minerFee=216
12:10:04.204 [main] DEBUG com.samourai.wallet.cahoots.AbstractCahoots2xService - [STOWAWAY/SENDER] SENDER verifiedSpendAmount=533, maxSpendAmount=533
12:10:04.204 [main] DEBUG com.samourai.wallet.cahoots.AbstractCahootsService - checkFee: feeActual=216, feeExpected=216
12:10:04.204 [main] DEBUG com.samourai.wallet.cahoots.AbstractCahoots2xService - ###### END doStep4 STOWAWAY/SENDER
12:10:04.204 [main] DEBUG com.samourai.wallet.cahoots.AbstractCahoots2xService -  * outpoints={7a1a2c7732f7a4e4dcb077286b61b36be99baf97168fd93ef862283c77acb03e-1=8000, 9407b31fd0159dc4dd3f5377e3b18e4b4aafef2977a52e76b95c3f899cbb05ad-1=10000}
12:10:04.204 [main] DEBUG com.samourai.wallet.cahoots.AbstractCahoots2xService -  * tx=  40275ddc6d8f0e4d1cfd6df272efcc043d414bb9dbb74af10ec0372dd13408d6
  version 2
  opts into full replace-by-fee
     in   
          outpoint:7a1a2c7732f7a4e4dcb077286b61b36be99baf97168fd93ef862283c77acb03e:1
          sequence:fffffffd, opts into full RBF
     in   
          outpoint:9407b31fd0159dc4dd3f5377e3b18e4b4aafef2977a52e76b95c3f899cbb05ad:1
          sequence:fffffffd, opts into full RBF
     out  0[] PUSHDATA(20)[85963b79fea38b84ce818e5f29a5a115bd4c8229] 0.00007467 BTC
     out  0[] PUSHDATA(20)[28a90fa3f4f285fc689f389115326dbf96917d62] 0.00010317 BTC
     prps UNKNOWN

12:10:04.204 [main] DEBUG com.samourai.wallet.cahoots.multi.MultiCahootsService - ###### END doMultiCahoots6 MULTI/SENDER
12:10:04.204 [main] DEBUG com.samourai.wallet.cahoots.multi.MultiCahootsService - # MultiCahoots SENDER => step=6
12:10:04.205 [main] DEBUG com.samourai.wallet.cahoots.AbstractCahootsTest - #6 SENDER => {"cahoots":{"step":6,"type":2,"params":"testnet","version":2},"stonewallx2":{"cahoots":{"fingerprint_collab":"f0d70870","psbt":"abZy8000000rof1:=drb2U*d+eY5%B@6Je/mWv>oJZ+GQ7AQk=4u80Xxw-+-1[0h=CwQZ7.(lwgBTLH(S%3ywm[uvJ]8-wnY%{<TDj)?}..ZGB2LU<c>bRsVzjlqShh6dtYY3Z[.M-jvhUV#^Avjy5.*nzqLa?yFbjE(n{[J(qv$(GJQY2YXF-AGsBfOGc2WQA2F#A@1F0+bBe&!x*&TE4D25gcQm$S)wCp@f]HYi<:=BDH#(nx=u*}u^+CL=U3A2*+F}fue.lF>=p>MNP8KT]eemWEa:Qi%cLk!WvL(+GI#:GC!G6{.BWFf/I35b7mn}i#EWT!&l!<i>/Wtcx!+@Zu<oWHQC%RqgiPS]j@cXQWg*JOQS]mhC$$Up0F*{:v9O>4uu-cr4SLK{WE%)G]]^tH<yAcM$c78Qfe#Y]wffqi/E+)Ek42n-+apZA>Co}t4aVV%/>qrxp2i=UL{lm6y5$GXfX-yvbxv4.JyegpaxKAO@S/6!fGcG9uCt9?B]2*-9!R[?}r2>Kng0YLv6e)EI$l]LiPo0@@r","destPaynym":"","cpty_account":0,"spend_amount":5000,"outpoints":[{"value":9000,"outpoint":"b4b65c3246da72537c93591919f8479f7a2b232f4dafec55b9e01d34e47fde26-1"},{"value":10000,"outpoint":"14cf9c6be92efcfe628aabd32b02c85e763615ddd430861bc18f6d366e4c4fd5-1"}],"type":0,"params":"testnet","dest":"tb1q9m8cc0jkjlc9zwvea5a2365u6px3yu646vgez4","version":2,"fee_amount":284,"fingerprint":"eed8a1cd","step":0,"collabChange":"tb1qgzzjhah2q3pqfwpx5xpdrd649qmyl59a6m6cp4","id":"76facb49cfbe51d34bbcc475a94e2e8c6860fa57731cf73364386f3f3af120b7","account":0,"ts":1711645804}},"stowaway":{"cahoots":{"fingerprint_collab":"f0d70870","psbt":"abZy8000000rof:tw+-w2T(eu!4*1tHw-=l:q(MBdzF*DMFAfMN]qj0k4DzJ2R:OzsaUwTP1ubG8dh@4<j(qn[pY)>B^%{BC-7pT&n6Y-f^XY/N3I9[E(hdd:{h8+/mMOiG=PEdT=G6zz7>v{w&11&{PzC4EsLl87v{h(HZCm4brU<XyAa%+(0#Dl*M7bK6SD}/{2Feh:rQ-vo}zxHjtL$U{JN9[y-?bKhe@Y+9rIzwaIsS8>Ey@4Phn9@K*RhV5AWXz)SC!C/^Y0KQ@5sLoeTn-0Pw0Ov*$5D<veOcR8:cI/N3AB[$Js=n6YUsV+#)A&vDGA*shCB5F%2BhJ@]i:wqpOXlt.{w{2%.=v}y7{k<uQ[*p#XUBfitLfV*OEv4l0LFD4cFH}b4vpU{hEKfzA*WW9U^%-<PC@+=[]ykUxe&zq[UuHIEYA/sB!)u4x40RSvSm([W*VfbNwba+E@?(-A]AN@)GmJZ#000","cpty_account":0,"spend_amount":317,"outpoints":[{"value":8000,"outpoint":"7a1a2c7732f7a4e4dcb077286b61b36be99baf97168fd93ef862283c77acb03e-1"},{"value":10000,"outpoint":"9407b31fd0159dc4dd3f5377e3b18e4b4aafef2977a52e76b95c3f899cbb05ad-1"}],"type":1,"params":"testnet","dest":"tb1q9z5slgl572zlc6yl8zg32vndh7tfzltzz3pw8w","version":2,"fee_amount":216,"fingerprint":"eed8a1cd","step":4,"id":"f7e24fdb278135a7d77714d319b5c28cf6fb551d6f168babed8ebe93f195a626","account":0,"ts":1711645804}}}
12:10:04.206 [main] DEBUG com.samourai.wallet.test.AbstractTest -   e57fe3df352082f761b93c3e84d85971b206a4f82319374e15d6398aabc21e23
  version 2
  time locked until block 1234
  opts into full replace-by-fee
     in   
          outpoint:14cf9c6be92efcfe628aabd32b02c85e763615ddd430861bc18f6d366e4c4fd5:1
          sequence:fffffffd, opts into full RBF
     in   
          outpoint:b4b65c3246da72537c93591919f8479f7a2b232f4dafec55b9e01d34e47fde26:1
          sequence:fffffffd, opts into full RBF
     out  0[] PUSHDATA(20)[40852bf6ea044204b826a182d1b75528364fd0bd] 0.00003858 BTC
     out  0[] PUSHDATA(20)[4e4fed51986dbaf322d2b36e690b8638fa0f0204] 0.00004858 BTC
     out  0[] PUSHDATA(20)[2ecf8c3e5697f0513999ed3aa8ea9cd04d127355] 0.00005 BTC
     out  0[] PUSHDATA(20)[657b6afdeef6809fdabce7face295632fbd94feb] 0.00005 BTC
     prps UNKNOWN

12:10:04.206 [main] DEBUG com.samourai.wallet.test.AbstractTest - outputsActuals: {tb1q9m8cc0jkjlc9zwvea5a2365u6px3yu646vgez4=5000, tb1qfe8765vcdka0xgkjkdhxjzux8raq7qsyamffad=4858, tb1qgzzjhah2q3pqfwpx5xpdrd649qmyl59a6m6cp4=3858, tb1qv4ak4l0w76qflk4uulavu22kxtaajnltkzxyq5=5000}
]]></system-out>
  </testcase>
  <testcase name="multiCahoots_bip84_extract" classname="com.samourai.wallet.cahoots.MultiCahootsServiceTest" time="0.363">
    <failure message="expected: &lt;{tb1q6m3urxjc8j2l8fltqj93jarmzn0975nnxuymnx=5000, tb1q9m8cc0jkjlc9zwvea5a2365u6px3yu646vgez4=5000, tb1qfe8765vcdka0xgkjkdhxjzux8raq7qsyamffad=4858, tb1qv4ak4l0w76qflk4uulavu22kxtaajnltkzxyq5=4858}&gt; but was: &lt;{tb1q6m3urxjc8j2l8fltqj93jarmzn0975nnxuymnx=5000, tb1q9m8cc0jkjlc9zwvea5a2365u6px3yu646vgez4=5000, tb1qfe8765vcdka0xgkjkdhxjzux8raq7qsyamffad=2858, tb1qv4ak4l0w76qflk4uulavu22kxtaajnltkzxyq5=549994858}&gt;" type="org.opentest4j.AssertionFailedError"><![CDATA[org.opentest4j.AssertionFailedError: expected: <{tb1q6m3urxjc8j2l8fltqj93jarmzn0975nnxuymnx=5000, tb1q9m8cc0jkjlc9zwvea5a2365u6px3yu646vgez4=5000, tb1qfe8765vcdka0xgkjkdhxjzux8raq7qsyamffad=4858, tb1qv4ak4l0w76qflk4uulavu22kxtaajnltkzxyq5=4858}> but was: <{tb1q6m3urxjc8j2l8fltqj93jarmzn0975nnxuymnx=5000, tb1q9m8cc0jkjlc9zwvea5a2365u6px3yu646vgez4=5000, tb1qfe8765vcdka0xgkjkdhxjzux8raq7qsyamffad=2858, tb1qv4ak4l0w76qflk4uulavu22kxtaajnltkzxyq5=549994858}>
	at org.junit.jupiter.api.AssertionUtils.fail(AssertionUtils.java:55)
	at org.junit.jupiter.api.AssertionUtils.failNotEqual(AssertionUtils.java:62)
	at org.junit.jupiter.api.AssertEquals.assertEquals(AssertEquals.java:182)
	at org.junit.jupiter.api.AssertEquals.assertEquals(AssertEquals.java:177)
	at org.junit.jupiter.api.Assertions.assertEquals(Assertions.java:1141)
	at com.samourai.wallet.test.AbstractTest.verifyTx(AbstractTest.java:215)
	at com.samourai.wallet.cahoots.MultiCahootsServiceTest.multiCahoots_bip84_extract(MultiCahootsServiceTest.java:109)
	at java.base/jdk.internal.reflect.DirectMethodHandleAccessor.invoke(DirectMethodHandleAccessor.java:104)
	at java.base/java.lang.reflect.Method.invoke(Method.java:578)
	at org.junit.platform.commons.util.ReflectionUtils.invokeMethod(ReflectionUtils.java:725)
	at org.junit.jupiter.engine.execution.MethodInvocation.proceed(MethodInvocation.java:60)
	at org.junit.jupiter.engine.execution.InvocationInterceptorChain$ValidatingInvocation.proceed(InvocationInterceptorChain.java:131)
	at org.junit.jupiter.engine.extension.TimeoutExtension.intercept(TimeoutExtension.java:149)
	at org.junit.jupiter.engine.extension.TimeoutExtension.interceptTestableMethod(TimeoutExtension.java:140)
	at org.junit.jupiter.engine.extension.TimeoutExtension.interceptTestMethod(TimeoutExtension.java:84)
	at org.junit.jupiter.engine.execution.ExecutableInvoker$ReflectiveInterceptorCall.lambda$ofVoidMethod$0(ExecutableInvoker.java:115)
	at org.junit.jupiter.engine.execution.ExecutableInvoker.lambda$invoke$0(ExecutableInvoker.java:105)
	at org.junit.jupiter.engine.execution.InvocationInterceptorChain$InterceptedInvocation.proceed(InvocationInterceptorChain.java:106)
	at org.junit.jupiter.engine.execution.InvocationInterceptorChain.proceed(InvocationInterceptorChain.java:64)
	at org.junit.jupiter.engine.execution.InvocationInterceptorChain.chainAndInvoke(InvocationInterceptorChain.java:45)
	at org.junit.jupiter.engine.execution.InvocationInterceptorChain.invoke(InvocationInterceptorChain.java:37)
	at org.junit.jupiter.engine.execution.ExecutableInvoker.invoke(ExecutableInvoker.java:104)
	at org.junit.jupiter.engine.execution.ExecutableInvoker.invoke(ExecutableInvoker.java:98)
	at org.junit.jupiter.engine.descriptor.TestMethodTestDescriptor.lambda$invokeTestMethod$7(TestMethodTestDescriptor.java:214)
	at org.junit.platform.engine.support.hierarchical.ThrowableCollector.execute(ThrowableCollector.java:73)
	at org.junit.jupiter.engine.descriptor.TestMethodTestDescriptor.invokeTestMethod(TestMethodTestDescriptor.java:210)
	at org.junit.jupiter.engine.descriptor.TestMethodTestDescriptor.execute(TestMethodTestDescriptor.java:135)
	at org.junit.jupiter.engine.descriptor.TestMethodTestDescriptor.execute(TestMethodTestDescriptor.java:66)
	at org.junit.platform.engine.support.hierarchical.NodeTestTask.lambda$executeRecursively$6(NodeTestTask.java:151)
	at org.junit.platform.engine.support.hierarchical.ThrowableCollector.execute(ThrowableCollector.java:73)
	at org.junit.platform.engine.support.hierarchical.NodeTestTask.lambda$executeRecursively$8(NodeTestTask.java:141)
	at org.junit.platform.engine.support.hierarchical.Node.around(Node.java:137)
	at org.junit.platform.engine.support.hierarchical.NodeTestTask.lambda$executeRecursively$9(NodeTestTask.java:139)
	at org.junit.platform.engine.support.hierarchical.ThrowableCollector.execute(ThrowableCollector.java:73)
	at org.junit.platform.engine.support.hierarchical.NodeTestTask.executeRecursively(NodeTestTask.java:138)
	at org.junit.platform.engine.support.hierarchical.NodeTestTask.execute(NodeTestTask.java:95)
	at java.base/java.util.ArrayList.forEach(ArrayList.java:1511)
	at org.junit.platform.engine.support.hierarchical.SameThreadHierarchicalTestExecutorService.invokeAll(SameThreadHierarchicalTestExecutorService.java:41)
	at org.junit.platform.engine.support.hierarchical.NodeTestTask.lambda$executeRecursively$6(NodeTestTask.java:155)
	at org.junit.platform.engine.support.hierarchical.ThrowableCollector.execute(ThrowableCollector.java:73)
	at org.junit.platform.engine.support.hierarchical.NodeTestTask.lambda$executeRecursively$8(NodeTestTask.java:141)
	at org.junit.platform.engine.support.hierarchical.Node.around(Node.java:137)
	at org.junit.platform.engine.support.hierarchical.NodeTestTask.lambda$executeRecursively$9(NodeTestTask.java:139)
	at org.junit.platform.engine.support.hierarchical.ThrowableCollector.execute(ThrowableCollector.java:73)
	at org.junit.platform.engine.support.hierarchical.NodeTestTask.executeRecursively(NodeTestTask.java:138)
	at org.junit.platform.engine.support.hierarchical.NodeTestTask.execute(NodeTestTask.java:95)
	at java.base/java.util.ArrayList.forEach(ArrayList.java:1511)
	at org.junit.platform.engine.support.hierarchical.SameThreadHierarchicalTestExecutorService.invokeAll(SameThreadHierarchicalTestExecutorService.java:41)
	at org.junit.platform.engine.support.hierarchical.NodeTestTask.lambda$executeRecursively$6(NodeTestTask.java:155)
	at org.junit.platform.engine.support.hierarchical.ThrowableCollector.execute(ThrowableCollector.java:73)
	at org.junit.platform.engine.support.hierarchical.NodeTestTask.lambda$executeRecursively$8(NodeTestTask.java:141)
	at org.junit.platform.engine.support.hierarchical.Node.around(Node.java:137)
	at org.junit.platform.engine.support.hierarchical.NodeTestTask.lambda$executeRecursively$9(NodeTestTask.java:139)
	at org.junit.platform.engine.support.hierarchical.ThrowableCollector.execute(ThrowableCollector.java:73)
	at org.junit.platform.engine.support.hierarchical.NodeTestTask.executeRecursively(NodeTestTask.java:138)
	at org.junit.platform.engine.support.hierarchical.NodeTestTask.execute(NodeTestTask.java:95)
	at org.junit.platform.engine.support.hierarchical.SameThreadHierarchicalTestExecutorService.submit(SameThreadHierarchicalTestExecutorService.java:35)
	at org.junit.platform.engine.support.hierarchical.HierarchicalTestExecutor.execute(HierarchicalTestExecutor.java:57)
	at org.junit.platform.engine.support.hierarchical.HierarchicalTestEngine.execute(HierarchicalTestEngine.java:54)
	at org.junit.platform.launcher.core.EngineExecutionOrchestrator.execute(EngineExecutionOrchestrator.java:107)
	at org.junit.platform.launcher.core.EngineExecutionOrchestrator.execute(EngineExecutionOrchestrator.java:88)
	at org.junit.platform.launcher.core.EngineExecutionOrchestrator.lambda$execute$0(EngineExecutionOrchestrator.java:54)
	at org.junit.platform.launcher.core.EngineExecutionOrchestrator.withInterceptedStreams(EngineExecutionOrchestrator.java:67)
	at org.junit.platform.launcher.core.EngineExecutionOrchestrator.execute(EngineExecutionOrchestrator.java:52)
	at org.junit.platform.launcher.core.DefaultLauncher.execute(DefaultLauncher.java:114)
	at org.junit.platform.launcher.core.DefaultLauncher.execute(DefaultLauncher.java:86)
	at org.junit.platform.launcher.core.DefaultLauncherSession$DelegatingLauncher.execute(DefaultLauncherSession.java:86)
	at org.apache.maven.surefire.junitplatform.LazyLauncher.execute(LazyLauncher.java:56)
	at org.apache.maven.surefire.junitplatform.JUnitPlatformProvider.execute(JUnitPlatformProvider.java:184)
	at org.apache.maven.surefire.junitplatform.JUnitPlatformProvider.invokeAllTests(JUnitPlatformProvider.java:148)
	at org.apache.maven.surefire.junitplatform.JUnitPlatformProvider.invoke(JUnitPlatformProvider.java:122)
	at org.apache.maven.surefire.booter.ForkedBooter.runSuitesInProcess(ForkedBooter.java:385)
	at org.apache.maven.surefire.booter.ForkedBooter.execute(ForkedBooter.java:162)
	at org.apache.maven.surefire.booter.ForkedBooter.run(ForkedBooter.java:507)
	at org.apache.maven.surefire.booter.ForkedBooter.main(ForkedBooter.java:495)
]]></failure>
    <system-out><![CDATA[12:10:04.214 [main] DEBUG com.samourai.http.client.JettyHttpClient - +httpClient: no proxy
12:10:04.362 [main] DEBUG com.samourai.wallet.bipWallet.WalletSupplierImpl - +BipWallet[DEPOSIT_BIP44]: BipWallet{id='DEPOSIT_BIP44', samouraiAccount=DEPOSIT, derivation=BipDerivation{purpose=44, accountIndex=0}, bipFormatDefault=LEGACY, bipFormats=[LEGACY], xPub='tpu...LwY', bipPub='tpu...LwY'}
12:10:04.362 [main] DEBUG com.samourai.wallet.bipWallet.WalletSupplierImpl - +BipWallet[DEPOSIT_BIP49]: BipWallet{id='DEPOSIT_BIP49', samouraiAccount=DEPOSIT, derivation=BipDerivation{purpose=49, accountIndex=0}, bipFormatDefault=SEGWIT_COMPAT, bipFormats=[SEGWIT_COMPAT], xPub='tpu...eV2', bipPub='upu...38D'}
12:10:04.362 [main] DEBUG com.samourai.wallet.bipWallet.WalletSupplierImpl - +BipWallet[DEPOSIT_BIP84]: BipWallet{id='DEPOSIT_BIP84', samouraiAccount=DEPOSIT, derivation=BipDerivation{purpose=84, accountIndex=0}, bipFormatDefault=SEGWIT_NATIVE, bipFormats=[SEGWIT_NATIVE], xPub='tpu...re9', bipPub='vpu...dCu'}
12:10:04.362 [main] DEBUG com.samourai.wallet.bipWallet.WalletSupplierImpl - +BipWallet[PREMIX_BIP84]: BipWallet{id='PREMIX_BIP84', samouraiAccount=PREMIX, derivation=BipDerivation{purpose=84, accountIndex=2147483645}, bipFormatDefault=SEGWIT_NATIVE, bipFormats=[SEGWIT_NATIVE], xPub='tpu...hvr', bipPub='vpu...4mL'}
12:10:04.362 [main] DEBUG com.samourai.wallet.bipWallet.WalletSupplierImpl - +BipWallet[POSTMIX_BIP84]: BipWallet{id='POSTMIX_BIP84', samouraiAccount=POSTMIX, derivation=BipDerivation{purpose=84, accountIndex=2147483646}, bipFormatDefault=SEGWIT_NATIVE, bipFormats=[SEGWIT_NATIVE, SEGWIT_COMPAT, LEGACY], xPub='tpu...sQD', bipPub='vpu...nrW'}
12:10:04.362 [main] DEBUG com.samourai.wallet.bipWallet.WalletSupplierImpl - +BipWallet[ASB_BIP84]: BipWallet{id='ASB_BIP84', samouraiAccount=SWAPS_ASB, derivation=BipDerivation{purpose=84, accountIndex=2147483641}, bipFormatDefault=SEGWIT_NATIVE, bipFormats=[SEGWIT_NATIVE], xPub='tpu...p4i', bipPub='vpu...sEH'}
12:10:04.362 [main] DEBUG com.samourai.wallet.bipWallet.WalletSupplierImpl - +BipWallet[SWAPS_DEPOSIT]: BipWallet{id='SWAPS_DEPOSIT', samouraiAccount=SWAPS_DEPOSIT, derivation=BipDerivation{purpose=84, accountIndex=2147483643}, bipFormatDefault=SEGWIT_NATIVE, bipFormats=[SEGWIT_NATIVE], xPub='tpu...3s7', bipPub='vpu...HpJ'}
12:10:04.362 [main] DEBUG com.samourai.wallet.bipWallet.WalletSupplierImpl - +BipWallet[SWAPS_REFUNDS]: BipWallet{id='SWAPS_REFUNDS', samouraiAccount=SWAPS_REFUNDS, derivation=BipDerivation{purpose=84, accountIndex=2147483642}, bipFormatDefault=SEGWIT_NATIVE, bipFormats=[SEGWIT_NATIVE], xPub='tpu...rMX', bipPub='vpu...Sr9'}
12:10:04.362 [main] DEBUG com.samourai.wallet.bipWallet.WalletSupplierImpl - +BipWallet[BADBANK_BIP84]: BipWallet{id='BADBANK_BIP84', samouraiAccount=BADBANK, derivation=BipDerivation{purpose=84, accountIndex=2147483644}, bipFormatDefault=SEGWIT_NATIVE, bipFormats=[SEGWIT_NATIVE], xPub='tpu...hmu', bipPub='vpu...tNY'}
12:10:04.362 [main] DEBUG com.samourai.wallet.bipWallet.WalletSupplierImpl - +BipWallet[RICOCHET_BIP84]: BipWallet{id='RICOCHET_BIP84', samouraiAccount=RICOCHET, derivation=BipDerivation{purpose=84, accountIndex=2147483647}, bipFormatDefault=SEGWIT_NATIVE, bipFormats=[SEGWIT_NATIVE], xPub='tpu...UMc', bipPub='vpu...knj'}
12:10:04.362 [main] DEBUG com.samourai.wallet.api.backend.BackendApi - urlBackend=https://api.samouraiwallet.com/test/v2, oAuth=no
12:10:04.362 [main] DEBUG com.samourai.wallet.util.LogbackUtils - Log level set to DEBUG for the logger 'com.samourai'
12:10:04.362 [main] DEBUG com.samourai.wallet.util.LogbackUtils - Log level set to DEBUG for the logger 'com.samourai.whirlpool.client'
12:10:04.363 [main] DEBUG com.samourai.wallet.util.LogbackUtils - Log level set to DEBUG for the logger 'com.samourai.whirlpool.client.mix.dialog'
12:10:04.363 [main] DEBUG com.samourai.wallet.util.LogbackUtils - Log level set to DEBUG for the logger 'com.samourai.stomp.client'
12:10:04.363 [main] DEBUG com.samourai.wallet.util.LogbackUtils - Log level set to DEBUG for the logger 'com.samourai.wallet.util.FeeUtil'
12:10:04.363 [main] DEBUG com.samourai.wallet.util.LogbackUtils - Log level set to DEBUG for the logger 'com.samourai.whirlpool.client.utils'
12:10:04.363 [main] DEBUG com.samourai.wallet.util.LogbackUtils - Log level set to DEBUG for the logger 'com.samourai.whirlpool.client.wallet'
12:10:04.363 [main] DEBUG com.samourai.wallet.util.LogbackUtils - Log level set to DEBUG for the logger 'com.samourai.wallet.cahoots'
12:10:04.363 [main] DEBUG com.samourai.wallet.util.LogbackUtils - Log level set to DEBUG for the logger 'com.samourai.wallet.cahoots.stowaway'
12:10:04.363 [main] DEBUG com.samourai.wallet.util.LogbackUtils - Log level set to DEBUG for the logger 'com.samourai.wallet.cahoots.stonewallx2'
12:10:04.363 [main] DEBUG com.samourai.wallet.util.LogbackUtils - Log level set to DEBUG for the logger 'com.samourai.wallet.sorobanClient'
12:10:04.363 [main] DEBUG com.samourai.wallet.util.LogbackUtils - Log level set to DEBUG for the logger 'com.samourai.soroban.client'
12:10:04.363 [main] DEBUG com.samourai.wallet.util.LogbackUtils - Log level set to DEBUG for the logger 'com.samourai.soroban.client.rpc'
12:10:04.363 [main] DEBUG com.samourai.wallet.util.LogbackUtils - Log level set to DEBUG for the logger 'com.samourai.soroban.client.dialog'
12:10:04.363 [main] DEBUG com.samourai.wallet.util.LogbackUtils - Log level set to DEBUG for the logger 'com.samourai.soroban.client.meeting'
12:10:04.363 [main] DEBUG com.samourai.wallet.util.LogbackUtils - Log level set to DEBUG for the logger 'com.samourai.whirlpool.client.wallet.orchestrator'
12:10:04.363 [main] DEBUG com.samourai.wallet.util.LogbackUtils - Log level set to ERROR for the logger 'org.bitcoinj'
12:10:04.363 [main] DEBUG com.samourai.wallet.util.LogbackUtils - Log level set to WARN for the logger 'org.bitcoin'
12:10:04.363 [main] DEBUG com.samourai.wallet.util.LogbackUtils - Log level set to INFO for the logger 'org.eclipse.jetty'
12:10:04.434 [main] DEBUG com.samourai.wallet.bipWallet.WalletSupplierImpl - +BipWallet[DEPOSIT_BIP44]: BipWallet{id='DEPOSIT_BIP44', samouraiAccount=DEPOSIT, derivation=BipDerivation{purpose=44, accountIndex=0}, bipFormatDefault=LEGACY, bipFormats=[LEGACY], xPub='tpu...LZp', bipPub='tpu...LZp'}
12:10:04.434 [main] DEBUG com.samourai.wallet.bipWallet.WalletSupplierImpl - +BipWallet[DEPOSIT_BIP49]: BipWallet{id='DEPOSIT_BIP49', samouraiAccount=DEPOSIT, derivation=BipDerivation{purpose=49, accountIndex=0}, bipFormatDefault=SEGWIT_COMPAT, bipFormats=[SEGWIT_COMPAT], xPub='tpu...2dH', bipPub='upu...bSs'}
12:10:04.434 [main] DEBUG com.samourai.wallet.bipWallet.WalletSupplierImpl - +BipWallet[DEPOSIT_BIP84]: BipWallet{id='DEPOSIT_BIP84', samouraiAccount=DEPOSIT, derivation=BipDerivation{purpose=84, accountIndex=0}, bipFormatDefault=SEGWIT_NATIVE, bipFormats=[SEGWIT_NATIVE], xPub='tpu...MfN', bipPub='vpu...sew'}
12:10:04.434 [main] DEBUG com.samourai.wallet.bipWallet.WalletSupplierImpl - +BipWallet[PREMIX_BIP84]: BipWallet{id='PREMIX_BIP84', samouraiAccount=PREMIX, derivation=BipDerivation{purpose=84, accountIndex=2147483645}, bipFormatDefault=SEGWIT_NATIVE, bipFormats=[SEGWIT_NATIVE], xPub='tpu...y1p', bipPub='vpu...D4a'}
12:10:04.434 [main] DEBUG com.samourai.wallet.bipWallet.WalletSupplierImpl - +BipWallet[POSTMIX_BIP84]: BipWallet{id='POSTMIX_BIP84', samouraiAccount=POSTMIX, derivation=BipDerivation{purpose=84, accountIndex=2147483646}, bipFormatDefault=SEGWIT_NATIVE, bipFormats=[SEGWIT_NATIVE, SEGWIT_COMPAT, LEGACY], xPub='tpu...NLN', bipPub='vpu...RKR'}
12:10:04.434 [main] DEBUG com.samourai.wallet.bipWallet.WalletSupplierImpl - +BipWallet[BADBANK_BIP84]: BipWallet{id='BADBANK_BIP84', samouraiAccount=BADBANK, derivation=BipDerivation{purpose=84, accountIndex=2147483644}, bipFormatDefault=SEGWIT_NATIVE, bipFormats=[SEGWIT_NATIVE], xPub='tpu...86t', bipPub='vpu...XXs'}
12:10:04.530 [main] DEBUG com.samourai.wallet.bipWallet.WalletSupplierImpl - +BipWallet[DEPOSIT_BIP44]: BipWallet{id='DEPOSIT_BIP44', samouraiAccount=DEPOSIT, derivation=BipDerivation{purpose=44, accountIndex=0}, bipFormatDefault=LEGACY, bipFormats=[LEGACY], xPub='tpu...XeJ', bipPub='tpu...XeJ'}
12:10:04.530 [main] DEBUG com.samourai.wallet.bipWallet.WalletSupplierImpl - +BipWallet[DEPOSIT_BIP49]: BipWallet{id='DEPOSIT_BIP49', samouraiAccount=DEPOSIT, derivation=BipDerivation{purpose=49, accountIndex=0}, bipFormatDefault=SEGWIT_COMPAT, bipFormats=[SEGWIT_COMPAT], xPub='tpu...TBn', bipPub='upu...QVy'}
12:10:04.530 [main] DEBUG com.samourai.wallet.bipWallet.WalletSupplierImpl - +BipWallet[DEPOSIT_BIP84]: BipWallet{id='DEPOSIT_BIP84', samouraiAccount=DEPOSIT, derivation=BipDerivation{purpose=84, accountIndex=0}, bipFormatDefault=SEGWIT_NATIVE, bipFormats=[SEGWIT_NATIVE], xPub='tpu...Nbr', bipPub='vpu...R4q'}
12:10:04.530 [main] DEBUG com.samourai.wallet.bipWallet.WalletSupplierImpl - +BipWallet[PREMIX_BIP84]: BipWallet{id='PREMIX_BIP84', samouraiAccount=PREMIX, derivation=BipDerivation{purpose=84, accountIndex=2147483645}, bipFormatDefault=SEGWIT_NATIVE, bipFormats=[SEGWIT_NATIVE], xPub='tpu...ZBX', bipPub='vpu...XxM'}
12:10:04.530 [main] DEBUG com.samourai.wallet.bipWallet.WalletSupplierImpl - +BipWallet[POSTMIX_BIP84]: BipWallet{id='POSTMIX_BIP84', samouraiAccount=POSTMIX, derivation=BipDerivation{purpose=84, accountIndex=2147483646}, bipFormatDefault=SEGWIT_NATIVE, bipFormats=[SEGWIT_NATIVE, SEGWIT_COMPAT, LEGACY], xPub='tpu...do5', bipPub='vpu...2eX'}
12:10:04.530 [main] DEBUG com.samourai.wallet.bipWallet.WalletSupplierImpl - +BipWallet[BADBANK_BIP84]: BipWallet{id='BADBANK_BIP84', samouraiAccount=BADBANK, derivation=BipDerivation{purpose=84, accountIndex=2147483644}, bipFormatDefault=SEGWIT_NATIVE, bipFormats=[SEGWIT_NATIVE], xPub='tpu...QxP', bipPub='vpu...M4F'}
12:10:04.557 [main] DEBUG com.samourai.http.client.JettyHttpClient - +httpClient: no proxy
12:10:04.709 [main] DEBUG com.samourai.wallet.bipWallet.WalletSupplierImpl - +BipWallet[DEPOSIT_BIP44]: BipWallet{id='DEPOSIT_BIP44', samouraiAccount=DEPOSIT, derivation=BipDerivation{purpose=44, accountIndex=0}, bipFormatDefault=LEGACY, bipFormats=[LEGACY], xPub='tpu...LwY', bipPub='tpu...LwY'}
12:10:04.709 [main] DEBUG com.samourai.wallet.bipWallet.WalletSupplierImpl - +BipWallet[DEPOSIT_BIP49]: BipWallet{id='DEPOSIT_BIP49', samouraiAccount=DEPOSIT, derivation=BipDerivation{purpose=49, accountIndex=0}, bipFormatDefault=SEGWIT_COMPAT, bipFormats=[SEGWIT_COMPAT], xPub='tpu...eV2', bipPub='upu...38D'}
12:10:04.709 [main] DEBUG com.samourai.wallet.bipWallet.WalletSupplierImpl - +BipWallet[DEPOSIT_BIP84]: BipWallet{id='DEPOSIT_BIP84', samouraiAccount=DEPOSIT, derivation=BipDerivation{purpose=84, accountIndex=0}, bipFormatDefault=SEGWIT_NATIVE, bipFormats=[SEGWIT_NATIVE], xPub='tpu...re9', bipPub='vpu...dCu'}
12:10:04.709 [main] DEBUG com.samourai.wallet.bipWallet.WalletSupplierImpl - +BipWallet[PREMIX_BIP84]: BipWallet{id='PREMIX_BIP84', samouraiAccount=PREMIX, derivation=BipDerivation{purpose=84, accountIndex=2147483645}, bipFormatDefault=SEGWIT_NATIVE, bipFormats=[SEGWIT_NATIVE], xPub='tpu...hvr', bipPub='vpu...4mL'}
12:10:04.709 [main] DEBUG com.samourai.wallet.bipWallet.WalletSupplierImpl - +BipWallet[POSTMIX_BIP84]: BipWallet{id='POSTMIX_BIP84', samouraiAccount=POSTMIX, derivation=BipDerivation{purpose=84, accountIndex=2147483646}, bipFormatDefault=SEGWIT_NATIVE, bipFormats=[SEGWIT_NATIVE, SEGWIT_COMPAT, LEGACY], xPub='tpu...sQD', bipPub='vpu...nrW'}
12:10:04.709 [main] DEBUG com.samourai.wallet.bipWallet.WalletSupplierImpl - +BipWallet[ASB_BIP84]: BipWallet{id='ASB_BIP84', samouraiAccount=SWAPS_ASB, derivation=BipDerivation{purpose=84, accountIndex=2147483641}, bipFormatDefault=SEGWIT_NATIVE, bipFormats=[SEGWIT_NATIVE], xPub='tpu...p4i', bipPub='vpu...sEH'}
12:10:04.709 [main] DEBUG com.samourai.wallet.bipWallet.WalletSupplierImpl - +BipWallet[SWAPS_DEPOSIT]: BipWallet{id='SWAPS_DEPOSIT', samouraiAccount=SWAPS_DEPOSIT, derivation=BipDerivation{purpose=84, accountIndex=2147483643}, bipFormatDefault=SEGWIT_NATIVE, bipFormats=[SEGWIT_NATIVE], xPub='tpu...3s7', bipPub='vpu...HpJ'}
12:10:04.709 [main] DEBUG com.samourai.wallet.bipWallet.WalletSupplierImpl - +BipWallet[SWAPS_REFUNDS]: BipWallet{id='SWAPS_REFUNDS', samouraiAccount=SWAPS_REFUNDS, derivation=BipDerivation{purpose=84, accountIndex=2147483642}, bipFormatDefault=SEGWIT_NATIVE, bipFormats=[SEGWIT_NATIVE], xPub='tpu...rMX', bipPub='vpu...Sr9'}
12:10:04.709 [main] DEBUG com.samourai.wallet.bipWallet.WalletSupplierImpl - +BipWallet[BADBANK_BIP84]: BipWallet{id='BADBANK_BIP84', samouraiAccount=BADBANK, derivation=BipDerivation{purpose=84, accountIndex=2147483644}, bipFormatDefault=SEGWIT_NATIVE, bipFormats=[SEGWIT_NATIVE], xPub='tpu...hmu', bipPub='vpu...tNY'}
12:10:04.709 [main] DEBUG com.samourai.wallet.bipWallet.WalletSupplierImpl - +BipWallet[RICOCHET_BIP84]: BipWallet{id='RICOCHET_BIP84', samouraiAccount=RICOCHET, derivation=BipDerivation{purpose=84, accountIndex=2147483647}, bipFormatDefault=SEGWIT_NATIVE, bipFormats=[SEGWIT_NATIVE], xPub='tpu...UMc', bipPub='vpu...knj'}
12:10:04.709 [main] DEBUG com.samourai.wallet.api.backend.BackendApi - urlBackend=https://api.samouraiwallet.com/test/v2, oAuth=no
12:10:04.709 [main] DEBUG com.samourai.wallet.util.LogbackUtils - Log level set to DEBUG for the logger 'com.samourai'
12:10:04.709 [main] DEBUG com.samourai.wallet.util.LogbackUtils - Log level set to DEBUG for the logger 'com.samourai.whirlpool.client'
12:10:04.709 [main] DEBUG com.samourai.wallet.util.LogbackUtils - Log level set to DEBUG for the logger 'com.samourai.whirlpool.client.mix.dialog'
12:10:04.709 [main] DEBUG com.samourai.wallet.util.LogbackUtils - Log level set to DEBUG for the logger 'com.samourai.stomp.client'
12:10:04.709 [main] DEBUG com.samourai.wallet.util.LogbackUtils - Log level set to DEBUG for the logger 'com.samourai.wallet.util.FeeUtil'
12:10:04.709 [main] DEBUG com.samourai.wallet.util.LogbackUtils - Log level set to DEBUG for the logger 'com.samourai.whirlpool.client.utils'
12:10:04.709 [main] DEBUG com.samourai.wallet.util.LogbackUtils - Log level set to DEBUG for the logger 'com.samourai.whirlpool.client.wallet'
12:10:04.709 [main] DEBUG com.samourai.wallet.util.LogbackUtils - Log level set to DEBUG for the logger 'com.samourai.wallet.cahoots'
12:10:04.709 [main] DEBUG com.samourai.wallet.util.LogbackUtils - Log level set to DEBUG for the logger 'com.samourai.wallet.cahoots.stowaway'
12:10:04.710 [main] DEBUG com.samourai.wallet.util.LogbackUtils - Log level set to DEBUG for the logger 'com.samourai.wallet.cahoots.stonewallx2'
12:10:04.710 [main] DEBUG com.samourai.wallet.util.LogbackUtils - Log level set to DEBUG for the logger 'com.samourai.wallet.sorobanClient'
12:10:04.710 [main] DEBUG com.samourai.wallet.util.LogbackUtils - Log level set to DEBUG for the logger 'com.samourai.soroban.client'
12:10:04.710 [main] DEBUG com.samourai.wallet.util.LogbackUtils - Log level set to DEBUG for the logger 'com.samourai.soroban.client.rpc'
12:10:04.710 [main] DEBUG com.samourai.wallet.util.LogbackUtils - Log level set to DEBUG for the logger 'com.samourai.soroban.client.dialog'
12:10:04.710 [main] DEBUG com.samourai.wallet.util.LogbackUtils - Log level set to DEBUG for the logger 'com.samourai.soroban.client.meeting'
12:10:04.710 [main] DEBUG com.samourai.wallet.util.LogbackUtils - Log level set to DEBUG for the logger 'com.samourai.whirlpool.client.wallet.orchestrator'
12:10:04.710 [main] DEBUG com.samourai.wallet.util.LogbackUtils - Log level set to ERROR for the logger 'org.bitcoinj'
12:10:04.710 [main] DEBUG com.samourai.wallet.util.LogbackUtils - Log level set to WARN for the logger 'org.bitcoin'
12:10:04.710 [main] DEBUG com.samourai.wallet.util.LogbackUtils - Log level set to INFO for the logger 'org.eclipse.jetty'
12:10:04.783 [main] DEBUG com.samourai.wallet.bipWallet.WalletSupplierImpl - +BipWallet[DEPOSIT_BIP44]: BipWallet{id='DEPOSIT_BIP44', samouraiAccount=DEPOSIT, derivation=BipDerivation{purpose=44, accountIndex=0}, bipFormatDefault=LEGACY, bipFormats=[LEGACY], xPub='tpu...LZp', bipPub='tpu...LZp'}
12:10:04.783 [main] DEBUG com.samourai.wallet.bipWallet.WalletSupplierImpl - +BipWallet[DEPOSIT_BIP49]: BipWallet{id='DEPOSIT_BIP49', samouraiAccount=DEPOSIT, derivation=BipDerivation{purpose=49, accountIndex=0}, bipFormatDefault=SEGWIT_COMPAT, bipFormats=[SEGWIT_COMPAT], xPub='tpu...2dH', bipPub='upu...bSs'}
12:10:04.783 [main] DEBUG com.samourai.wallet.bipWallet.WalletSupplierImpl - +BipWallet[DEPOSIT_BIP84]: BipWallet{id='DEPOSIT_BIP84', samouraiAccount=DEPOSIT, derivation=BipDerivation{purpose=84, accountIndex=0}, bipFormatDefault=SEGWIT_NATIVE, bipFormats=[SEGWIT_NATIVE], xPub='tpu...MfN', bipPub='vpu...sew'}
12:10:04.783 [main] DEBUG com.samourai.wallet.bipWallet.WalletSupplierImpl - +BipWallet[PREMIX_BIP84]: BipWallet{id='PREMIX_BIP84', samouraiAccount=PREMIX, derivation=BipDerivation{purpose=84, accountIndex=2147483645}, bipFormatDefault=SEGWIT_NATIVE, bipFormats=[SEGWIT_NATIVE], xPub='tpu...y1p', bipPub='vpu...D4a'}
12:10:04.783 [main] DEBUG com.samourai.wallet.bipWallet.WalletSupplierImpl - +BipWallet[POSTMIX_BIP84]: BipWallet{id='POSTMIX_BIP84', samouraiAccount=POSTMIX, derivation=BipDerivation{purpose=84, accountIndex=2147483646}, bipFormatDefault=SEGWIT_NATIVE, bipFormats=[SEGWIT_NATIVE, SEGWIT_COMPAT, LEGACY], xPub='tpu...NLN', bipPub='vpu...RKR'}
12:10:04.783 [main] DEBUG com.samourai.wallet.bipWallet.WalletSupplierImpl - +BipWallet[BADBANK_BIP84]: BipWallet{id='BADBANK_BIP84', samouraiAccount=BADBANK, derivation=BipDerivation{purpose=84, accountIndex=2147483644}, bipFormatDefault=SEGWIT_NATIVE, bipFormats=[SEGWIT_NATIVE], xPub='tpu...86t', bipPub='vpu...XXs'}
12:10:04.875 [main] DEBUG com.samourai.wallet.bipWallet.WalletSupplierImpl - +BipWallet[DEPOSIT_BIP44]: BipWallet{id='DEPOSIT_BIP44', samouraiAccount=DEPOSIT, derivation=BipDerivation{purpose=44, accountIndex=0}, bipFormatDefault=LEGACY, bipFormats=[LEGACY], xPub='tpu...XeJ', bipPub='tpu...XeJ'}
12:10:04.875 [main] DEBUG com.samourai.wallet.bipWallet.WalletSupplierImpl - +BipWallet[DEPOSIT_BIP49]: BipWallet{id='DEPOSIT_BIP49', samouraiAccount=DEPOSIT, derivation=BipDerivation{purpose=49, accountIndex=0}, bipFormatDefault=SEGWIT_COMPAT, bipFormats=[SEGWIT_COMPAT], xPub='tpu...TBn', bipPub='upu...QVy'}
12:10:04.875 [main] DEBUG com.samourai.wallet.bipWallet.WalletSupplierImpl - +BipWallet[DEPOSIT_BIP84]: BipWallet{id='DEPOSIT_BIP84', samouraiAccount=DEPOSIT, derivation=BipDerivation{purpose=84, accountIndex=0}, bipFormatDefault=SEGWIT_NATIVE, bipFormats=[SEGWIT_NATIVE], xPub='tpu...Nbr', bipPub='vpu...R4q'}
12:10:04.875 [main] DEBUG com.samourai.wallet.bipWallet.WalletSupplierImpl - +BipWallet[PREMIX_BIP84]: BipWallet{id='PREMIX_BIP84', samouraiAccount=PREMIX, derivation=BipDerivation{purpose=84, accountIndex=2147483645}, bipFormatDefault=SEGWIT_NATIVE, bipFormats=[SEGWIT_NATIVE], xPub='tpu...ZBX', bipPub='vpu...XxM'}
12:10:04.875 [main] DEBUG com.samourai.wallet.bipWallet.WalletSupplierImpl - +BipWallet[POSTMIX_BIP84]: BipWallet{id='POSTMIX_BIP84', samouraiAccount=POSTMIX, derivation=BipDerivation{purpose=84, accountIndex=2147483646}, bipFormatDefault=SEGWIT_NATIVE, bipFormats=[SEGWIT_NATIVE, SEGWIT_COMPAT, LEGACY], xPub='tpu...do5', bipPub='vpu...2eX'}
12:10:04.875 [main] DEBUG com.samourai.wallet.bipWallet.WalletSupplierImpl - +BipWallet[BADBANK_BIP84]: BipWallet{id='BADBANK_BIP84', samouraiAccount=BADBANK, derivation=BipDerivation{purpose=84, accountIndex=2147483644}, bipFormatDefault=SEGWIT_NATIVE, bipFormats=[SEGWIT_NATIVE], xPub='tpu...QxP', bipPub='vpu...M4F'}
12:10:04.905 [main] DEBUG com.samourai.wallet.cahoots.stowaway.StowawayService - # Stowaway INITIATOR => step=0
12:10:04.905 [main] DEBUG com.samourai.wallet.cahoots.stonewallx2.Stonewallx2Service - # STONEWALLx2 INITIATOR => step=0
12:10:04.905 [main] DEBUG com.samourai.wallet.cahoots.AbstractCahootsTest - #0 SENDER => {"cahoots":{"step":0,"type":2,"params":"testnet","version":2},"stonewallx2":{"cahoots":{"psbt":"","destPaynym":"","cpty_account":0,"spend_amount":5000,"outpoints":[],"type":0,"params":"testnet","dest":"tb1q9m8cc0jkjlc9zwvea5a2365u6px3yu646vgez4","version":2,"fee_amount":0,"fingerprint":"eed8a1cd","step":0,"collabChange":"","id":"de56bf8938e80f6fdbedbc32f6be86f55d4c5ecdad231ed56f3b585705bb8141","account":0,"ts":1711645804}},"stowaway":{"cahoots":{"psbt":"","cpty_account":0,"spend_amount":-1,"outpoints":[],"type":1,"params":"testnet","dest":"","version":2,"fee_amount":0,"fingerprint":"eed8a1cd","step":0,"id":"7e66f9983c472fefe24790df0903baddb215284b0ec2cfb00c6ece169a206356","account":0,"ts":1711645804}}}
12:10:04.905 [main] DEBUG com.samourai.wallet.cahoots.multi.MultiCahootsService - Getting SaaS Threshold...
12:10:04.906 [main] DEBUG com.samourai.wallet.cahoots.multi.MultiCahootsService - SaaS Threshold: 200000000
12:10:04.906 [main] DEBUG com.samourai.wallet.cahoots.multi.MultiCahootsService - ###### BEGIN doMultiCahoots1 MULTI/COUNTERPARTY
12:10:04.906 [main] INFO com.samourai.wallet.cahoots.stonewallx2.Stonewallx2Service - EXTRACTING FUNDS TO EXTERNAL WALLET > tb1q6m3urxjc8j2l8fltqj93jarmzn0975nnxuymnx
12:10:04.906 [main] DEBUG com.samourai.wallet.cahoots.stonewallx2.Stonewallx2Service - +output (CounterParty Mix) = tb1q6m3urxjc8j2l8fltqj93jarmzn0975nnxuymnx
12:10:04.906 [main] DEBUG com.samourai.wallet.cahoots.AbstractCahoots2xService - ###### BEGIN doSTONEWALLx2_1 STONEWALLX2/COUNTERPARTY
12:10:04.906 [main] DEBUG com.samourai.wallet.cahoots.AbstractCahoots2xService -  * outpoints={}
12:10:04.906 [main] DEBUG com.samourai.wallet.cahoots.AbstractCahoots2xService -  * tx=null
12:10:04.906 [main] DEBUG com.samourai.wallet.cahoots.stonewallx2.Stonewallx2Service - BIP84 utxos:3
12:10:04.906 [main] DEBUG com.samourai.wallet.cahoots.stonewallx2.Stonewallx2Service - BIP84 selected utxo: CahootsUtxo{utxo=bc64c010e0cc534f4b3e80a65918f53d2d4acf9a049a613b417b9fc4d2c760f9:1, value=550000000, address=tb1qh287jqsh6mkpqmd8euumyfam00fkr78qhrdnde, path=null, xpub=tpubDCKFqGcC4KmHwUHG6orVRRUQZZZ3s9kQ64YUufULo9SY1E35aJwa2MH18AxuKddtJzfjMzCgKTEgBJx3WAGxYxVdMxeTYK5Xbtsv5P6fNbr}
12:10:04.906 [main] DEBUG com.samourai.wallet.cahoots.stonewallx2.Stonewallx2Service - 1 selected utxos, totalContributedAmount=550000000, requiredAmount=5546
12:10:04.906 [main] DEBUG com.samourai.wallet.cahoots.stonewallx2.Stonewallx2Service - +output (CounterParty change) = tb1qv4ak4l0w76qflk4uulavu22kxtaajnltkzxyq5
12:10:04.906 [main] DEBUG com.samourai.wallet.cahoots.AbstractCahoots2xService - ###### END doSTONEWALLx2_1 STONEWALLX2/COUNTERPARTY
12:10:04.906 [main] DEBUG com.samourai.wallet.cahoots.AbstractCahoots2xService -  * outpoints={bc64c010e0cc534f4b3e80a65918f53d2d4acf9a049a613b417b9fc4d2c760f9-1=550000000}
12:10:04.907 [main] DEBUG com.samourai.wallet.cahoots.AbstractCahoots2xService -  * tx=  88e902fa6675e61b20cf49a12ad73a33d9e3177d140a2ca074b75e7e6d9cd4c3
  version 2
  time locked until block 1234
  opts into full replace-by-fee
     in    5.50 BTC
          outpoint:bc64c010e0cc534f4b3e80a65918f53d2d4acf9a049a613b417b9fc4d2c760f9:1
          sequence:fffffffd, opts into full RBF
     out  0[] PUSHDATA(20)[d6e3c19a583c95f3a7eb048b19747b14de5f5273] 0.00005 BTC
     out  0[] PUSHDATA(20)[657b6afdeef6809fdabce7face295632fbd94feb] 5.49995 BTC
     fee  0.00 BTC/kB, 0.00 BTC for 113 bytes
     prps UNKNOWN

12:10:04.907 [main] DEBUG com.samourai.wallet.cahoots.multi.MultiCahootsService - ###### END doMultiCahoots1 MULTI/COUNTERPARTY
12:10:04.907 [main] DEBUG com.samourai.wallet.cahoots.multi.MultiCahootsService - # MultiCahoots COUNTERPARTY => step=1
12:10:04.907 [main] DEBUG com.samourai.wallet.cahoots.AbstractCahootsTest - #1 COUNTERPARTY => {"cahoots":{"step":1,"type":2,"params":"testnet","version":2},"stonewallx2":{"cahoots":{"psbt":"abZy8000000rlt+:=cx*3<fCRTYvA-eb{eyYyN:Z0ab<pBz%cU/-.H$1CdDBfEQ&?Is?Ozg(I!PW]Las{Bmkzyx]8fwTfsU^g?%U@Ro^d{Ac5HKL{OOc^<[TK6rb@><[yrKDQIlO>?OZo3R+^(^i#i!yi<V+SX*i}^$&RT!wN3*u:](yYX)aaexb(IU3(G00","destPaynym":"","cpty_account":0,"spend_amount":5000,"outpoints":[{"value":550000000,"outpoint":"bc64c010e0cc534f4b3e80a65918f53d2d4acf9a049a613b417b9fc4d2c760f9-1"}],"type":0,"params":"testnet","dest":"tb1q9m8cc0jkjlc9zwvea5a2365u6px3yu646vgez4","version":2,"fee_amount":0,"fingerprint":"eed8a1cd","step":1,"collabChange":"tb1qv4ak4l0w76qflk4uulavu22kxtaajnltkzxyq5","id":"de56bf8938e80f6fdbedbc32f6be86f55d4c5ecdad231ed56f3b585705bb8141","account":0,"ts":1711645804}},"stowaway":{"cahoots":{"psbt":"","cpty_account":0,"spend_amount":-1,"outpoints":[],"type":1,"params":"testnet","dest":"","version":2,"fee_amount":0,"fingerprint":"eed8a1cd","step":0,"id":"7e66f9983c472fefe24790df0903baddb215284b0ec2cfb00c6ece169a206356","account":0,"ts":1711645804}}}
12:10:04.907 [main] DEBUG com.samourai.wallet.cahoots.multi.MultiCahootsService - # MultiCahoots SENDER <= step=1
12:10:04.907 [main] DEBUG com.samourai.wallet.cahoots.multi.MultiCahootsService - ###### BEGIN doMultiCahoots2 MULTI/SENDER
12:10:04.907 [main] DEBUG com.samourai.wallet.cahoots.AbstractCahoots2xService - ###### BEGIN doSTONEWALLx2_2 STONEWALLX2/SENDER
12:10:04.907 [main] DEBUG com.samourai.wallet.cahoots.AbstractCahoots2xService -  * outpoints={bc64c010e0cc534f4b3e80a65918f53d2d4acf9a049a613b417b9fc4d2c760f9-1=550000000}
12:10:04.907 [main] DEBUG com.samourai.wallet.cahoots.AbstractCahoots2xService -  * tx=  88e902fa6675e61b20cf49a12ad73a33d9e3177d140a2ca074b75e7e6d9cd4c3
  version 2
  time locked until block 1234
  opts into full replace-by-fee
     in   
          outpoint:bc64c010e0cc534f4b3e80a65918f53d2d4acf9a049a613b417b9fc4d2c760f9:1
          sequence:fffffffd, opts into full RBF
     out  0[] PUSHDATA(20)[d6e3c19a583c95f3a7eb048b19747b14de5f5273] 0.00005 BTC
     out  0[] PUSHDATA(20)[657b6afdeef6809fdabce7face295632fbd94feb] 5.49995 BTC
     prps UNKNOWN

12:10:04.907 [main] DEBUG com.samourai.wallet.cahoots.stonewallx2.Stonewallx2Service - step2 tx:0200000001f960c7d2c49f7b413b619a049acf4a2d3df51859a6803e4b4f53cce010c064bc0100000000fdffffff028813000000000000160014d6e3c19a583c95f3a7eb048b19747b14de5f5273f841c82000000000160014657b6afdeef6809fdabce7face295632fbd94febd2040000
12:10:04.907 [main] DEBUG com.samourai.wallet.cahoots.stonewallx2.Stonewallx2Service - step2 tx:  88e902fa6675e61b20cf49a12ad73a33d9e3177d140a2ca074b75e7e6d9cd4c3
  version 2
  time locked until block 1234
  opts into full replace-by-fee
     in   
          outpoint:bc64c010e0cc534f4b3e80a65918f53d2d4acf9a049a613b417b9fc4d2c760f9:1
          sequence:fffffffd, opts into full RBF
     out  0[] PUSHDATA(20)[d6e3c19a583c95f3a7eb048b19747b14de5f5273] 0.00005 BTC
     out  0[] PUSHDATA(20)[657b6afdeef6809fdabce7face295632fbd94feb] 5.49995 BTC
     prps UNKNOWN

12:10:04.908 [main] DEBUG com.samourai.wallet.cahoots.stonewallx2.Stonewallx2Service - BIP84 utxos:2
12:10:04.908 [main] DEBUG com.samourai.wallet.cahoots.stonewallx2.Stonewallx2Service - BIP84 selected utxo: CahootsUtxo{utxo=7a1a2c7732f7a4e4dcb077286b61b36be99baf97168fd93ef862283c77acb03e:1, value=8000, address=tb1qkymumss6zj0rxy9l3v5vqxqwwffy8jjsyhrkrg, path=null, xpub=tpubDDLBK9gJk4HdPCDzF4Yhxx3u6q1QWo7iZAPVHfsFjLp9rUxXf79FPEK4cKMiV1jrJqrCCVJnciMh1kau2xZtjpZ5DoiaK3RbF6MffFWXMfN}
12:10:04.908 [main] DEBUG com.samourai.wallet.cahoots.stonewallx2.Stonewallx2Service - fee:284
12:10:04.908 [main] DEBUG com.samourai.wallet.cahoots.stonewallx2.Stonewallx2Service - 1 selected utxos, totalContributedAmount=8000, requiredAmount=5830
12:10:04.908 [main] DEBUG com.samourai.wallet.cahoots.stonewallx2.Stonewallx2Service - fee pair:284
12:10:04.908 [main] DEBUG com.samourai.wallet.cahoots.stonewallx2.Stonewallx2Service - destination:tb1q9m8cc0jkjlc9zwvea5a2365u6px3yu646vgez4
12:10:04.908 [main] DEBUG com.samourai.wallet.cahoots.stonewallx2.Stonewallx2Service - output value post fee:549994858
12:10:04.908 [main] DEBUG com.samourai.wallet.cahoots.stonewallx2.Stonewallx2Service - +output (Spender change) = tb1qfe8765vcdka0xgkjkdhxjzux8raq7qsyamffad
12:10:04.908 [main] DEBUG com.samourai.wallet.cahoots.AbstractCahoots2xService - ###### END doSTONEWALLx2_2 STONEWALLX2/SENDER
12:10:04.908 [main] DEBUG com.samourai.wallet.cahoots.AbstractCahoots2xService -  * outpoints={7a1a2c7732f7a4e4dcb077286b61b36be99baf97168fd93ef862283c77acb03e-1=8000, bc64c010e0cc534f4b3e80a65918f53d2d4acf9a049a613b417b9fc4d2c760f9-1=550000000}
12:10:04.908 [main] DEBUG com.samourai.wallet.cahoots.AbstractCahoots2xService -  * tx=  2c1646deaea7d54e60fa5942fe1a00d5519d45009259eac6f02e4939c16e86aa
  version 2
  time locked until block 1234
  opts into full replace-by-fee
     in   
          outpoint:bc64c010e0cc534f4b3e80a65918f53d2d4acf9a049a613b417b9fc4d2c760f9:1
          sequence:fffffffd, opts into full RBF
     in    0.00008 BTC
          outpoint:7a1a2c7732f7a4e4dcb077286b61b36be99baf97168fd93ef862283c77acb03e:1
          sequence:fffffffd, opts into full RBF
     out  0[] PUSHDATA(20)[d6e3c19a583c95f3a7eb048b19747b14de5f5273] 0.00005 BTC
     out  0[] PUSHDATA(20)[657b6afdeef6809fdabce7face295632fbd94feb] 5.49994858 BTC
     out  0[] PUSHDATA(20)[2ecf8c3e5697f0513999ed3aa8ea9cd04d127355] 0.00005 BTC
     out  0[] PUSHDATA(20)[4e4fed51986dbaf322d2b36e690b8638fa0f0204] 0.00002858 BTC
     prps UNKNOWN

12:10:04.908 [main] DEBUG com.samourai.wallet.cahoots.multi.MultiCahootsService - ###### END doMultiCahoots2 MULTI/SENDER
12:10:04.908 [main] DEBUG com.samourai.wallet.cahoots.multi.MultiCahootsService - # MultiCahoots SENDER => step=2
12:10:04.909 [main] DEBUG com.samourai.wallet.cahoots.AbstractCahootsTest - #2 SENDER => {"cahoots":{"step":2,"type":2,"params":"testnet","version":2},"stonewallx2":{"cahoots":{"psbt":"abZy8000000rl[k:=NMd2UQ0UNJ&/$@6Pay==tdLS}r2haY7#FrnJrh=&%:$&jqf/w3Ji:a4!KmZ-G)6/WLnet[nV.&PdWKhp5c+ip2h+GyeQtNUi7?dM1$0NS^BgUcBOUL1xWt^nQ^<Hj-LlrK2qjD]?z09Fh4B<DiV3(tp)c+i@l(I!pe)+9)ljCq3X).kv.wqoNHO/Q*^F=9[{kBFx6s3GkOU[8TIPACzQ?)^4o154RM]mC9n{1nv8.{HlypT9HpT?@u5OV4Q^8T$]0#cs!71))(e]akED1Cha)<0rr9","destPaynym":"","cpty_account":0,"spend_amount":5000,"outpoints":[{"value":8000,"outpoint":"7a1a2c7732f7a4e4dcb077286b61b36be99baf97168fd93ef862283c77acb03e-1"},{"value":550000000,"outpoint":"bc64c010e0cc534f4b3e80a65918f53d2d4acf9a049a613b417b9fc4d2c760f9-1"}],"type":0,"params":"testnet","dest":"tb1q9m8cc0jkjlc9zwvea5a2365u6px3yu646vgez4","version":2,"fee_amount":284,"fingerprint":"eed8a1cd","step":2,"collabChange":"tb1qv4ak4l0w76qflk4uulavu22kxtaajnltkzxyq5","id":"de56bf8938e80f6fdbedbc32f6be86f55d4c5ecdad231ed56f3b585705bb8141","account":0,"ts":1711645804}},"stowaway":{"cahoots":{"psbt":"","cpty_account":0,"spend_amount":-1,"outpoints":[],"type":1,"params":"testnet","dest":"","version":2,"fee_amount":0,"fingerprint":"eed8a1cd","step":0,"id":"7e66f9983c472fefe24790df0903baddb215284b0ec2cfb00c6ece169a206356","account":0,"ts":1711645804}}}
12:10:04.909 [main] DEBUG com.samourai.wallet.cahoots.multi.MultiCahootsService - # MultiCahoots COUNTERPARTY <= step=2
12:10:04.909 [main] DEBUG com.samourai.wallet.cahoots.multi.MultiCahootsService - ###### BEGIN doMultiCahoots3 MULTI/COUNTERPARTY
12:10:04.909 [main] DEBUG com.samourai.wallet.cahoots.multi.MultiCahootsService - Stonewall fee: 142
12:10:04.909 [main] DEBUG com.samourai.wallet.cahoots.multi.MultiCahootsService - Total fee:: 317
12:10:04.909 [main] DEBUG com.samourai.wallet.cahoots.AbstractCahoots2xService - ###### BEGIN doStowaway1 STOWAWAY/COUNTERPARTY
12:10:04.909 [main] DEBUG com.samourai.wallet.cahoots.AbstractCahoots2xService -  * outpoints={}
12:10:04.909 [main] DEBUG com.samourai.wallet.cahoots.AbstractCahoots2xService -  * tx=null
12:10:04.909 [main] DEBUG com.samourai.wallet.cahoots.stowaway.StowawayService - BIP84 utxos:3
12:10:04.909 [main] DEBUG com.samourai.wallet.cahoots.stowaway.StowawayService - BIP84 selected random utxo: CahootsUtxo{utxo=b4b65c3246da72537c93591919f8479f7a2b232f4dafec55b9e01d34e47fde26:1, value=9000, address=tb1qh287jqsh6mkpqmd8euumyfam00fkr78qhrdnde, path=null, xpub=tpubDCKFqGcC4KmHwUHG6orVRRUQZZZ3s9kQ64YUufULo9SY1E35aJwa2MH18AxuKddtJzfjMzCgKTEgBJx3WAGxYxVdMxeTYK5Xbtsv5P6fNbr}
12:10:04.909 [main] DEBUG com.samourai.wallet.cahoots.stowaway.StowawayService - 1 selected utxos, totalContributedAmount=9000, requiredAmount=863
12:10:04.909 [main] DEBUG com.samourai.wallet.cahoots.stowaway.StowawayService - +output (CounterParty receive) = tb1q9z5slgl572zlc6yl8zg32vndh7tfzltzz3pw8w
12:10:04.909 [main] DEBUG com.samourai.wallet.cahoots.AbstractCahoots2xService - ###### END doStowaway1 STOWAWAY/COUNTERPARTY
12:10:04.909 [main] DEBUG com.samourai.wallet.cahoots.AbstractCahoots2xService -  * outpoints={b4b65c3246da72537c93591919f8479f7a2b232f4dafec55b9e01d34e47fde26-1=9000}
12:10:04.909 [main] DEBUG com.samourai.wallet.cahoots.AbstractCahoots2xService -  * tx=  22fc448d00e3d631f2b2a388f721d449afd91660b59361e1c45145617639135a
  version 2
  opts into full replace-by-fee
     in    0.00009 BTC
          outpoint:b4b65c3246da72537c93591919f8479f7a2b232f4dafec55b9e01d34e47fde26:1
          sequence:fffffffd, opts into full RBF
     out  0[] PUSHDATA(20)[28a90fa3f4f285fc689f389115326dbf96917d62] 0.00000317 BTC
     fee  0.0010589 BTC/kB, 0.00008683 BTC for 82 bytes
     prps UNKNOWN

12:10:04.910 [main] DEBUG com.samourai.wallet.cahoots.AbstractCahoots2xService - ###### BEGIN doStep3 STONEWALLX2/COUNTERPARTY
12:10:04.910 [main] DEBUG com.samourai.wallet.cahoots.AbstractCahoots2xService -  * outpoints={7a1a2c7732f7a4e4dcb077286b61b36be99baf97168fd93ef862283c77acb03e-1=8000, bc64c010e0cc534f4b3e80a65918f53d2d4acf9a049a613b417b9fc4d2c760f9-1=550000000}
12:10:04.910 [main] DEBUG com.samourai.wallet.cahoots.AbstractCahoots2xService -  * tx=  2c1646deaea7d54e60fa5942fe1a00d5519d45009259eac6f02e4939c16e86aa
  version 2
  time locked until block 1234
  opts into full replace-by-fee
     in   
          outpoint:bc64c010e0cc534f4b3e80a65918f53d2d4acf9a049a613b417b9fc4d2c760f9:1
          sequence:fffffffd, opts into full RBF
     in   
          outpoint:7a1a2c7732f7a4e4dcb077286b61b36be99baf97168fd93ef862283c77acb03e:1
          sequence:fffffffd, opts into full RBF
     out  0[] PUSHDATA(20)[d6e3c19a583c95f3a7eb048b19747b14de5f5273] 0.00005 BTC
     out  0[] PUSHDATA(20)[657b6afdeef6809fdabce7face295632fbd94feb] 5.49994858 BTC
     out  0[] PUSHDATA(20)[2ecf8c3e5697f0513999ed3aa8ea9cd04d127355] 0.00005 BTC
     out  0[] PUSHDATA(20)[4e4fed51986dbaf322d2b36e690b8638fa0f0204] 0.00002858 BTC
     prps UNKNOWN

12:10:04.910 [main] DEBUG com.samourai.wallet.cahoots.Cahoots2x - signTx:  7c037a3b74313de702a219cd5ee9deec52f7d3be97054437b131780249e6f0d0
  version 2
  time locked until block 1234
  opts into full replace-by-fee
     in   
          outpoint:7a1a2c7732f7a4e4dcb077286b61b36be99baf97168fd93ef862283c77acb03e:1
          sequence:fffffffd, opts into full RBF
     in   
          outpoint:bc64c010e0cc534f4b3e80a65918f53d2d4acf9a049a613b417b9fc4d2c760f9:1
          sequence:fffffffd, opts into full RBF
     out  0[] PUSHDATA(20)[4e4fed51986dbaf322d2b36e690b8638fa0f0204] 0.00002858 BTC
     out  0[] PUSHDATA(20)[2ecf8c3e5697f0513999ed3aa8ea9cd04d127355] 0.00005 BTC
     out  0[] PUSHDATA(20)[d6e3c19a583c95f3a7eb048b19747b14de5f5273] 0.00005 BTC
     out  0[] PUSHDATA(20)[657b6afdeef6809fdabce7face295632fbd94feb] 5.49994858 BTC
     prps UNKNOWN

12:10:04.910 [main] DEBUG com.samourai.wallet.cahoots.Cahoots2x - signTx outpoint:bc64c010e0cc534f4b3e80a65918f53d2d4acf9a049a613b417b9fc4d2c760f9:1
12:10:04.910 [main] DEBUG com.samourai.wallet.cahoots.Cahoots2x - signTx bech32:tb1qyvqh86akdkhnh8fh7j0q7n8j78k0wruz5et8tj
12:10:04.910 [main] DEBUG com.samourai.wallet.cahoots.Cahoots2x - signTx value:550000000
12:10:04.910 [main] DEBUG com.samourai.wallet.cahoots.AbstractCahootsService - [STONEWALLX2/COUNTERPARTY] computeSpendAmount: keyBag=[bc64c010e0cc534f4b3e80a65918f53d2d4acf9a049a613b417b9fc4d2c760f9:1]
12:10:04.910 [main] DEBUG com.samourai.wallet.cahoots.AbstractCahootsService - [STONEWALLX2/COUNTERPARTY] computeSpendAmount: +input 550000000 bc64c010e0cc534f4b3e80a65918f53d2d4acf9a049a613b417b9fc4d2c760f9:1
12:10:04.910 [main] DEBUG com.samourai.wallet.cahoots.AbstractCahootsService - [STONEWALLX2/COUNTERPARTY] computeSpendAmount: -output 5000 tb1q6m3urxjc8j2l8fltqj93jarmzn0975nnxuymnx
12:10:04.910 [main] DEBUG com.samourai.wallet.cahoots.AbstractCahootsService - [STONEWALLX2/COUNTERPARTY] computeSpendAmount: -output 549994858 tb1qv4ak4l0w76qflk4uulavu22kxtaajnltkzxyq5
12:10:04.910 [main] DEBUG com.samourai.wallet.cahoots.AbstractCahootsService - [STONEWALLX2/COUNTERPARTY] computeSpendAmount = 142
12:10:04.910 [main] DEBUG com.samourai.wallet.cahoots.stonewallx2.Stonewallx2Service - [STONEWALLX2/COUNTERPARTY] maxSpendAmount = 142: sharedMinerFee=142
12:10:04.910 [main] DEBUG com.samourai.wallet.cahoots.AbstractCahoots2xService - [STONEWALLX2/COUNTERPARTY] COUNTERPARTY verifiedSpendAmount=142, maxSpendAmount=142
12:10:04.910 [main] DEBUG com.samourai.wallet.cahoots.AbstractCahoots2xService - ###### END doStep3 STONEWALLX2/COUNTERPARTY
12:10:04.910 [main] DEBUG com.samourai.wallet.cahoots.AbstractCahoots2xService -  * outpoints={7a1a2c7732f7a4e4dcb077286b61b36be99baf97168fd93ef862283c77acb03e-1=8000, bc64c010e0cc534f4b3e80a65918f53d2d4acf9a049a613b417b9fc4d2c760f9-1=550000000}
12:10:04.910 [main] DEBUG com.samourai.wallet.cahoots.AbstractCahoots2xService -  * tx=  7c037a3b74313de702a219cd5ee9deec52f7d3be97054437b131780249e6f0d0
  version 2
  time locked until block 1234
  opts into full replace-by-fee
     in   
          outpoint:7a1a2c7732f7a4e4dcb077286b61b36be99baf97168fd93ef862283c77acb03e:1
          sequence:fffffffd, opts into full RBF
     in   
          outpoint:bc64c010e0cc534f4b3e80a65918f53d2d4acf9a049a613b417b9fc4d2c760f9:1
          sequence:fffffffd, opts into full RBF
     out  0[] PUSHDATA(20)[4e4fed51986dbaf322d2b36e690b8638fa0f0204] 0.00002858 BTC
     out  0[] PUSHDATA(20)[2ecf8c3e5697f0513999ed3aa8ea9cd04d127355] 0.00005 BTC
     out  0[] PUSHDATA(20)[d6e3c19a583c95f3a7eb048b19747b14de5f5273] 0.00005 BTC
     out  0[] PUSHDATA(20)[657b6afdeef6809fdabce7face295632fbd94feb] 5.49994858 BTC
     prps UNKNOWN

12:10:04.910 [main] DEBUG com.samourai.wallet.cahoots.multi.MultiCahootsService - ###### END doMultiCahoots3 MULTI/COUNTERPARTY
12:10:04.910 [main] DEBUG com.samourai.wallet.cahoots.multi.MultiCahootsService - # MultiCahoots COUNTERPARTY => step=3
12:10:04.910 [main] DEBUG com.samourai.wallet.cahoots.AbstractCahootsTest - #3 COUNTERPARTY => {"cahoots":{"step":3,"type":2,"params":"testnet","version":2},"stonewallx2":{"cahoots":{"psbt":"abZy8000000rl[lIk.HH3%Q<z8ir?M/NFOJ]?^do6[&7&Mk/#KmDkmB08]%XbMbxXSujJ%qq$PCoi)2fS9tj}C72Cz>!?ifPT3O5Jl&18GVcEQI(DJ?719CMEEcG$R]F[(bzMwVyueT&=<Ow3C.v&0G+xRS@.%3uFcQO.>NM+q(5$7d(+%AA&A1Z#[ugigFlxve[1Dv&)3%M{Vr^^%KH]Zl-o)4B&5UJ%[{+*%q)4^:LRbsi8ZKr+*$pGuW#q>BGhk?KHPL2Yw2:(l1!QWsz4>Q^Qj&cX/w1t4VjO+)b9l{nzx:$2kGaf9bW}yS31kIJHC)kjZpKnu5.pVCDRzgiWdwa*tIqVG(F=m3o]>0F6c*FP+jE(*X)<KzT!A(2EhJJz>W.&5nPFfJOQhy)PaXW1eAxynEVrHkIM<kyJ&HF9Tx/XnFwlyc0->YJ1ek?%00","destPaynym":"","cpty_account":0,"spend_amount":5000,"outpoints":[{"value":8000,"outpoint":"7a1a2c7732f7a4e4dcb077286b61b36be99baf97168fd93ef862283c77acb03e-1"},{"value":550000000,"outpoint":"bc64c010e0cc534f4b3e80a65918f53d2d4acf9a049a613b417b9fc4d2c760f9-1"}],"type":0,"params":"testnet","dest":"tb1q9m8cc0jkjlc9zwvea5a2365u6px3yu646vgez4","version":2,"fee_amount":284,"fingerprint":"eed8a1cd","step":3,"collabChange":"tb1qv4ak4l0w76qflk4uulavu22kxtaajnltkzxyq5","id":"de56bf8938e80f6fdbedbc32f6be86f55d4c5ecdad231ed56f3b585705bb8141","account":0,"ts":1711645804}},"stowaway":{"cahoots":{"fingerprint_collab":"f0d70870","psbt":"abZy8000000rkGFW*-r(3<fNeMnKXtNFS6mSRuOF5mw434m{UTIcJQnGc*vtJ&v1utigkbGTB6Ar)Dpy1@ARcx(qK!O!-/&s1FZ{kg1J$/8BGHbYo3es+J+d:z*F.1S+OGDy[rrd9-s#A#cz7ZvX&l000","cpty_account":0,"spend_amount":317,"outpoints":[{"value":9000,"outpoint":"b4b65c3246da72537c93591919f8479f7a2b232f4dafec55b9e01d34e47fde26-1"}],"type":1,"params":"testnet","dest":"tb1q9z5slgl572zlc6yl8zg32vndh7tfzltzz3pw8w","version":2,"fee_amount":0,"fingerprint":"eed8a1cd","step":1,"id":"7e66f9983c472fefe24790df0903baddb215284b0ec2cfb00c6ece169a206356","account":0,"ts":1711645804}}}
12:10:04.911 [main] DEBUG com.samourai.wallet.cahoots.multi.MultiCahootsService - # MultiCahoots SENDER <= step=3
12:10:04.911 [main] DEBUG com.samourai.wallet.cahoots.multi.MultiCahootsService - ###### BEGIN doMultiCahoots4 MULTI/SENDER
12:10:04.911 [main] DEBUG com.samourai.wallet.cahoots.AbstractCahoots2xService - ###### BEGIN doStep4 STONEWALLX2/SENDER
12:10:04.911 [main] DEBUG com.samourai.wallet.cahoots.AbstractCahoots2xService -  * outpoints={7a1a2c7732f7a4e4dcb077286b61b36be99baf97168fd93ef862283c77acb03e-1=8000, bc64c010e0cc534f4b3e80a65918f53d2d4acf9a049a613b417b9fc4d2c760f9-1=550000000}
12:10:04.911 [main] DEBUG com.samourai.wallet.cahoots.AbstractCahoots2xService -  * tx=  7c037a3b74313de702a219cd5ee9deec52f7d3be97054437b131780249e6f0d0
  version 2
  time locked until block 1234
  opts into full replace-by-fee
     in   
          outpoint:7a1a2c7732f7a4e4dcb077286b61b36be99baf97168fd93ef862283c77acb03e:1
          sequence:fffffffd, opts into full RBF
     in   
          outpoint:bc64c010e0cc534f4b3e80a65918f53d2d4acf9a049a613b417b9fc4d2c760f9:1
          sequence:fffffffd, opts into full RBF
     out  0[] PUSHDATA(20)[4e4fed51986dbaf322d2b36e690b8638fa0f0204] 0.00002858 BTC
     out  0[] PUSHDATA(20)[2ecf8c3e5697f0513999ed3aa8ea9cd04d127355] 0.00005 BTC
     out  0[] PUSHDATA(20)[d6e3c19a583c95f3a7eb048b19747b14de5f5273] 0.00005 BTC
     out  0[] PUSHDATA(20)[657b6afdeef6809fdabce7face295632fbd94feb] 5.49994858 BTC
     prps UNKNOWN

12:10:04.912 [main] DEBUG com.samourai.wallet.cahoots.Cahoots2x - signTx:  7c037a3b74313de702a219cd5ee9deec52f7d3be97054437b131780249e6f0d0
  version 2
  time locked until block 1234
  opts into full replace-by-fee
     in   
          outpoint:7a1a2c7732f7a4e4dcb077286b61b36be99baf97168fd93ef862283c77acb03e:1
          sequence:fffffffd, opts into full RBF
     in   
          outpoint:bc64c010e0cc534f4b3e80a65918f53d2d4acf9a049a613b417b9fc4d2c760f9:1
          sequence:fffffffd, opts into full RBF
     out  0[] PUSHDATA(20)[4e4fed51986dbaf322d2b36e690b8638fa0f0204] 0.00002858 BTC
     out  0[] PUSHDATA(20)[2ecf8c3e5697f0513999ed3aa8ea9cd04d127355] 0.00005 BTC
     out  0[] PUSHDATA(20)[d6e3c19a583c95f3a7eb048b19747b14de5f5273] 0.00005 BTC
     out  0[] PUSHDATA(20)[657b6afdeef6809fdabce7face295632fbd94feb] 5.49994858 BTC
     prps UNKNOWN

12:10:04.912 [main] DEBUG com.samourai.wallet.cahoots.Cahoots2x - signTx outpoint:7a1a2c7732f7a4e4dcb077286b61b36be99baf97168fd93ef862283c77acb03e:1
12:10:04.912 [main] DEBUG com.samourai.wallet.cahoots.Cahoots2x - signTx bech32:tb1qyvqh86akdkhnh8fh7j0q7n8j78k0wruz5et8tj
12:10:04.912 [main] DEBUG com.samourai.wallet.cahoots.Cahoots2x - signTx value:8000
12:10:04.912 [main] DEBUG com.samourai.wallet.cahoots.AbstractCahootsService - [STONEWALLX2/SENDER] computeSpendAmount: keyBag=[7a1a2c7732f7a4e4dcb077286b61b36be99baf97168fd93ef862283c77acb03e:1]
12:10:04.912 [main] DEBUG com.samourai.wallet.cahoots.AbstractCahootsService - [STONEWALLX2/SENDER] computeSpendAmount: +input 8000 7a1a2c7732f7a4e4dcb077286b61b36be99baf97168fd93ef862283c77acb03e:1
12:10:04.912 [main] DEBUG com.samourai.wallet.cahoots.AbstractCahootsService - [STONEWALLX2/SENDER] computeSpendAmount: -output 2858 tb1qfe8765vcdka0xgkjkdhxjzux8raq7qsyamffad
12:10:04.912 [main] DEBUG com.samourai.wallet.cahoots.AbstractCahootsService - [STONEWALLX2/SENDER] computeSpendAmount = 5142
12:10:04.912 [main] DEBUG com.samourai.wallet.cahoots.stonewallx2.Stonewallx2Service - [STONEWALLX2/SENDER] maxSpendAmount = 5142: amount=5000 + sharedMinerFee=142
12:10:04.912 [main] DEBUG com.samourai.wallet.cahoots.AbstractCahoots2xService - [STONEWALLX2/SENDER] SENDER verifiedSpendAmount=5142, maxSpendAmount=5142
12:10:04.912 [main] DEBUG com.samourai.wallet.cahoots.AbstractCahootsService - checkFee: feeActual=284, feeExpected=284
12:10:04.912 [main] DEBUG com.samourai.wallet.cahoots.AbstractCahoots2xService - ###### END doStep4 STONEWALLX2/SENDER
12:10:04.912 [main] DEBUG com.samourai.wallet.cahoots.AbstractCahoots2xService -  * outpoints={7a1a2c7732f7a4e4dcb077286b61b36be99baf97168fd93ef862283c77acb03e-1=8000, bc64c010e0cc534f4b3e80a65918f53d2d4acf9a049a613b417b9fc4d2c760f9-1=550000000}
12:10:04.912 [main] DEBUG com.samourai.wallet.cahoots.AbstractCahoots2xService -  * tx=  7c037a3b74313de702a219cd5ee9deec52f7d3be97054437b131780249e6f0d0
  version 2
  time locked until block 1234
  opts into full replace-by-fee
     in   
          outpoint:7a1a2c7732f7a4e4dcb077286b61b36be99baf97168fd93ef862283c77acb03e:1
          sequence:fffffffd, opts into full RBF
     in   
          outpoint:bc64c010e0cc534f4b3e80a65918f53d2d4acf9a049a613b417b9fc4d2c760f9:1
          sequence:fffffffd, opts into full RBF
     out  0[] PUSHDATA(20)[4e4fed51986dbaf322d2b36e690b8638fa0f0204] 0.00002858 BTC
     out  0[] PUSHDATA(20)[2ecf8c3e5697f0513999ed3aa8ea9cd04d127355] 0.00005 BTC
     out  0[] PUSHDATA(20)[d6e3c19a583c95f3a7eb048b19747b14de5f5273] 0.00005 BTC
     out  0[] PUSHDATA(20)[657b6afdeef6809fdabce7face295632fbd94feb] 5.49994858 BTC
     prps UNKNOWN

12:10:04.912 [main] DEBUG com.samourai.wallet.cahoots.AbstractCahoots2xService - ###### BEGIN doStowaway2 STOWAWAY/SENDER
12:10:04.912 [main] DEBUG com.samourai.wallet.cahoots.AbstractCahoots2xService -  * outpoints={b4b65c3246da72537c93591919f8479f7a2b232f4dafec55b9e01d34e47fde26-1=9000}
12:10:04.912 [main] DEBUG com.samourai.wallet.cahoots.AbstractCahoots2xService -  * tx=  22fc448d00e3d631f2b2a388f721d449afd91660b59361e1c45145617639135a
  version 2
  opts into full replace-by-fee
     in   
          outpoint:b4b65c3246da72537c93591919f8479f7a2b232f4dafec55b9e01d34e47fde26:1
          sequence:fffffffd, opts into full RBF
     out  0[] PUSHDATA(20)[28a90fa3f4f285fc689f389115326dbf96917d62] 0.00000317 BTC
     prps UNKNOWN

12:10:04.912 [main] DEBUG com.samourai.wallet.cahoots.stowaway.StowawayService - sender account (2):0
12:10:04.912 [main] DEBUG com.samourai.wallet.cahoots.stowaway.StowawayService - step2 tx:020000000126de7fe4341de0b955ecaf4d2f232b7a9f47f8191959937c5372da46325cb6b40100000000fdffffff013d0100000000000016001428a90fa3f4f285fc689f389115326dbf96917d6200000000
12:10:04.912 [main] DEBUG com.samourai.wallet.cahoots.stowaway.StowawayService - BIP84 utxos:2
12:10:04.912 [main] DEBUG com.samourai.wallet.cahoots.stowaway.StowawayService - BIP84 selected utxo: CahootsUtxo{utxo=14cf9c6be92efcfe628aabd32b02c85e763615ddd430861bc18f6d366e4c4fd5:1, value=10000, address=tb1qkymumss6zj0rxy9l3v5vqxqwwffy8jjsyhrkrg, path=null, xpub=tpubDDLBK9gJk4HdPCDzF4Yhxx3u6q1QWo7iZAPVHfsFjLp9rUxXf79FPEK4cKMiV1jrJqrCCVJnciMh1kau2xZtjpZ5DoiaK3RbF6MffFWXMfN}
12:10:04.912 [main] DEBUG com.samourai.wallet.cahoots.stowaway.StowawayService - BIP84 post selected utxo: CahootsUtxo{utxo=14cf9c6be92efcfe628aabd32b02c85e763615ddd430861bc18f6d366e4c4fd5:1, value=10000, address=tb1qkymumss6zj0rxy9l3v5vqxqwwffy8jjsyhrkrg, path=null, xpub=tpubDDLBK9gJk4HdPCDzF4Yhxx3u6q1QWo7iZAPVHfsFjLp9rUxXf79FPEK4cKMiV1jrJqrCCVJnciMh1kau2xZtjpZ5DoiaK3RbF6MffFWXMfN}
12:10:04.912 [main] DEBUG com.samourai.wallet.cahoots.stowaway.StowawayService - fee:216
12:10:04.912 [main] DEBUG com.samourai.wallet.cahoots.stowaway.StowawayService - 1 selected utxos, totalContributedAmount=10000, requiredAmount=1079
12:10:04.912 [main] DEBUG com.samourai.wallet.cahoots.stowaway.StowawayService - +output (sender change) = tb1qsktrk7075w9cfn5p3e0jnfdpzk75eq3f5qced4
12:10:04.912 [main] DEBUG com.samourai.wallet.cahoots.AbstractCahoots2xService - ###### END doStowaway2 STOWAWAY/SENDER
12:10:04.912 [main] DEBUG com.samourai.wallet.cahoots.AbstractCahoots2xService -  * outpoints={b4b65c3246da72537c93591919f8479f7a2b232f4dafec55b9e01d34e47fde26-1=9000, 14cf9c6be92efcfe628aabd32b02c85e763615ddd430861bc18f6d366e4c4fd5-1=10000}
12:10:04.912 [main] DEBUG com.samourai.wallet.cahoots.AbstractCahoots2xService -  * tx=  c6c877711dc90aa2002e75e65eaa32508a489cf0b4ca300384a37cf10bec1050
  version 2
  opts into full replace-by-fee
     in   
          outpoint:b4b65c3246da72537c93591919f8479f7a2b232f4dafec55b9e01d34e47fde26:1
          sequence:fffffffd, opts into full RBF
     in    0.0001 BTC
          outpoint:14cf9c6be92efcfe628aabd32b02c85e763615ddd430861bc18f6d366e4c4fd5:1
          sequence:fffffffd, opts into full RBF
     out  0[] PUSHDATA(20)[28a90fa3f4f285fc689f389115326dbf96917d62] 0.00009317 BTC
     out  0[] PUSHDATA(20)[85963b79fea38b84ce818e5f29a5a115bd4c8229] 0.00009467 BTC
     prps UNKNOWN

12:10:04.912 [main] DEBUG com.samourai.wallet.cahoots.multi.MultiCahootsService - ###### END doMultiCahoots4 MULTI/SENDER
12:10:04.912 [main] DEBUG com.samourai.wallet.cahoots.multi.MultiCahootsService - # MultiCahoots SENDER => step=4
12:10:04.913 [main] DEBUG com.samourai.wallet.cahoots.AbstractCahootsTest - #4 SENDER => {"cahoots":{"step":4,"type":2,"params":"testnet","version":2},"stonewallx2":{"cahoots":{"psbt":"abZy8000000rof0yMvmp2!OKO9/Zsh?2vV6/hXVE*N*](gd=2%hNWa>xGQv]OoUA/:mBVKoR0MNJ0==Ft<yG@k&2)i*CLfeh1v3@Ddr(%mREIWvE-sPO{x]<UbyR{V5ZgkRgM-@J#wHQ]Hv+@HU+zy:S<^noh[zw(Ng.3JfAB=0O@WADhm<x!T51z{&a=(}Pk^Wc^F!$Z8b#X8OtbEWxd$u0{5!Fdb]z{Y#7xcnAwW(R+KOk<wJI%G(8{06wRkXZQGdMuw1}7@!jyT!r[&JN$w$ATHr$2BwY]%>J:Yg[$<lA5h$suGtW^s6H1^7!]SZDPLSbv8?A3[AyC?>i])/Ol<UwEhATP4<lvD})?S0U}nE$nz)QfCgyxScxi<]pZ*6dwTWjwC2uzf0kA)*+LX}&&tU6eHpTh<Inj)BQ5&#^TM#m>TdZWEO6rS#)u&i+?^.eA&[FI8dK#UWVsvs<Fpe7+5(RV5hW@])lY5E:q^>qi#F@.D%cWCe^1ub7hURo@9hKB2wTW?OUD/b}28D%hBfAia}z[C.R<UapPm>Y8?000","destPaynym":"","cpty_account":0,"spend_amount":5000,"outpoints":[{"value":8000,"outpoint":"7a1a2c7732f7a4e4dcb077286b61b36be99baf97168fd93ef862283c77acb03e-1"},{"value":550000000,"outpoint":"bc64c010e0cc534f4b3e80a65918f53d2d4acf9a049a613b417b9fc4d2c760f9-1"}],"type":0,"params":"testnet","dest":"tb1q9m8cc0jkjlc9zwvea5a2365u6px3yu646vgez4","version":2,"fee_amount":284,"fingerprint":"eed8a1cd","step":4,"collabChange":"tb1qv4ak4l0w76qflk4uulavu22kxtaajnltkzxyq5","id":"de56bf8938e80f6fdbedbc32f6be86f55d4c5ecdad231ed56f3b585705bb8141","account":0,"ts":1711645804}},"stowaway":{"cahoots":{"fingerprint_collab":"f0d70870","psbt":"abZy8000000rl[%XORHn2NaC(kfwB/(aWw8@r2dJnq7[Ji5?>/(&El00L]0+O9LAP1)njI(ohKgW8yE2X-aM}N3#cCL+1X&NdN+[Eeua](<]>%A{Q9+-2=&bv&gR1wPJiHC?<BzJXYt2HWE[5jzjgabAKtX}#MhQp/LpEUpLy}Vb(2$E4y1jz^5)Yea!tS=[]T^Y#wwx>lw@RR7w+i>-DJD}mDI9DuMO<mGAF?","cpty_account":0,"spend_amount":317,"outpoints":[{"value":9000,"outpoint":"b4b65c3246da72537c93591919f8479f7a2b232f4dafec55b9e01d34e47fde26-1"},{"value":10000,"outpoint":"14cf9c6be92efcfe628aabd32b02c85e763615ddd430861bc18f6d366e4c4fd5-1"}],"type":1,"params":"testnet","dest":"tb1q9z5slgl572zlc6yl8zg32vndh7tfzltzz3pw8w","version":2,"fee_amount":216,"fingerprint":"eed8a1cd","step":2,"id":"7e66f9983c472fefe24790df0903baddb215284b0ec2cfb00c6ece169a206356","account":0,"ts":1711645804}}}
12:10:04.914 [main] DEBUG com.samourai.wallet.cahoots.multi.MultiCahootsService - # MultiCahoots COUNTERPARTY <= step=4
12:10:04.914 [main] DEBUG com.samourai.wallet.cahoots.multi.MultiCahootsService - ###### BEGIN doMultiCahoots5 MULTI/COUNTERPARTY
12:10:04.914 [main] DEBUG com.samourai.wallet.cahoots.AbstractCahoots2xService - ###### BEGIN doStep3 STOWAWAY/COUNTERPARTY
12:10:04.914 [main] DEBUG com.samourai.wallet.cahoots.AbstractCahoots2xService -  * outpoints={b4b65c3246da72537c93591919f8479f7a2b232f4dafec55b9e01d34e47fde26-1=9000, 14cf9c6be92efcfe628aabd32b02c85e763615ddd430861bc18f6d366e4c4fd5-1=10000}
12:10:04.914 [main] DEBUG com.samourai.wallet.cahoots.AbstractCahoots2xService -  * tx=  c6c877711dc90aa2002e75e65eaa32508a489cf0b4ca300384a37cf10bec1050
  version 2
  opts into full replace-by-fee
     in   
          outpoint:b4b65c3246da72537c93591919f8479f7a2b232f4dafec55b9e01d34e47fde26:1
          sequence:fffffffd, opts into full RBF
     in   
          outpoint:14cf9c6be92efcfe628aabd32b02c85e763615ddd430861bc18f6d366e4c4fd5:1
          sequence:fffffffd, opts into full RBF
     out  0[] PUSHDATA(20)[28a90fa3f4f285fc689f389115326dbf96917d62] 0.00009317 BTC
     out  0[] PUSHDATA(20)[85963b79fea38b84ce818e5f29a5a115bd4c8229] 0.00009467 BTC
     prps UNKNOWN

12:10:04.914 [main] DEBUG com.samourai.wallet.cahoots.Cahoots2x - signTx:  149aa55ae0eb85e78e38c69041a2c009b0fc1b6dbf7a057530990b7e9797b40a
  version 2
  opts into full replace-by-fee
     in   
          outpoint:14cf9c6be92efcfe628aabd32b02c85e763615ddd430861bc18f6d366e4c4fd5:1
          sequence:fffffffd, opts into full RBF
     in   
          outpoint:b4b65c3246da72537c93591919f8479f7a2b232f4dafec55b9e01d34e47fde26:1
          sequence:fffffffd, opts into full RBF
     out  0[] PUSHDATA(20)[28a90fa3f4f285fc689f389115326dbf96917d62] 0.00009317 BTC
     out  0[] PUSHDATA(20)[85963b79fea38b84ce818e5f29a5a115bd4c8229] 0.00009467 BTC
     prps UNKNOWN

12:10:04.914 [main] DEBUG com.samourai.wallet.cahoots.Cahoots2x - signTx outpoint:b4b65c3246da72537c93591919f8479f7a2b232f4dafec55b9e01d34e47fde26:1
12:10:04.914 [main] DEBUG com.samourai.wallet.cahoots.Cahoots2x - signTx bech32:tb1qyvqh86akdkhnh8fh7j0q7n8j78k0wruz5et8tj
12:10:04.914 [main] DEBUG com.samourai.wallet.cahoots.Cahoots2x - signTx value:9000
12:10:04.914 [main] DEBUG com.samourai.wallet.cahoots.AbstractCahootsService - [STOWAWAY/COUNTERPARTY] computeSpendAmount: keyBag=[b4b65c3246da72537c93591919f8479f7a2b232f4dafec55b9e01d34e47fde26:1]
12:10:04.914 [main] DEBUG com.samourai.wallet.cahoots.AbstractCahootsService - [STOWAWAY/COUNTERPARTY] computeSpendAmount: +input 9000 b4b65c3246da72537c93591919f8479f7a2b232f4dafec55b9e01d34e47fde26:1
12:10:04.914 [main] DEBUG com.samourai.wallet.cahoots.AbstractCahootsService - [STOWAWAY/COUNTERPARTY] computeSpendAmount: -output 9317 tb1q9z5slgl572zlc6yl8zg32vndh7tfzltzz3pw8w
12:10:04.914 [main] DEBUG com.samourai.wallet.cahoots.AbstractCahootsService - [STOWAWAY/COUNTERPARTY] computeSpendAmount = -317
12:10:04.914 [main] DEBUG com.samourai.wallet.cahoots.stowaway.StowawayService - [STOWAWAY/COUNTERPARTY] maxSpendAmount = 0 (receives money)
12:10:04.914 [main] DEBUG com.samourai.wallet.cahoots.AbstractCahoots2xService - [STOWAWAY/COUNTERPARTY] COUNTERPARTY verifiedSpendAmount=-317, maxSpendAmount=0
12:10:04.914 [main] DEBUG com.samourai.wallet.cahoots.AbstractCahoots2xService - ###### END doStep3 STOWAWAY/COUNTERPARTY
12:10:04.914 [main] DEBUG com.samourai.wallet.cahoots.AbstractCahoots2xService -  * outpoints={b4b65c3246da72537c93591919f8479f7a2b232f4dafec55b9e01d34e47fde26-1=9000, 14cf9c6be92efcfe628aabd32b02c85e763615ddd430861bc18f6d366e4c4fd5-1=10000}
12:10:04.914 [main] DEBUG com.samourai.wallet.cahoots.AbstractCahoots2xService -  * tx=  149aa55ae0eb85e78e38c69041a2c009b0fc1b6dbf7a057530990b7e9797b40a
  version 2
  opts into full replace-by-fee
     in   
          outpoint:14cf9c6be92efcfe628aabd32b02c85e763615ddd430861bc18f6d366e4c4fd5:1
          sequence:fffffffd, opts into full RBF
     in   
          outpoint:b4b65c3246da72537c93591919f8479f7a2b232f4dafec55b9e01d34e47fde26:1
          sequence:fffffffd, opts into full RBF
     out  0[] PUSHDATA(20)[28a90fa3f4f285fc689f389115326dbf96917d62] 0.00009317 BTC
     out  0[] PUSHDATA(20)[85963b79fea38b84ce818e5f29a5a115bd4c8229] 0.00009467 BTC
     prps UNKNOWN

12:10:04.914 [main] DEBUG com.samourai.wallet.cahoots.multi.MultiCahootsService - ###### END doMultiCahoots5 MULTI/COUNTERPARTY
12:10:04.914 [main] DEBUG com.samourai.wallet.cahoots.multi.MultiCahootsService - # MultiCahoots COUNTERPARTY => step=5
12:10:04.915 [main] DEBUG com.samourai.wallet.cahoots.AbstractCahootsTest - #5 COUNTERPARTY => {"cahoots":{"step":5,"type":2,"params":"testnet","version":2},"stonewallx2":{"cahoots":{"psbt":"abZy8000000rof0yMvmp2!OKO9/Zsh?2vV6/hXVE*N*](gd=2%hNWa>xGQv]OoUA/:mBVKoR0MNJ0==Ft<yG@k&2)i*CLfeh1v3@Ddr(%mREIWvE-sPO{x]<UbyR{V5ZgkRgM-@J#wHQ]Hv+@HU+zy:S<^noh[zw(Ng.3JfAB=0O@WADhm<x!T51z{&a=(}Pk^Wc^F!$Z8b#X8OtbEWxd$u0{5!Fdb]z{Y#7xcnAwW(R+KOk<wJI%G(8{06wRkXZQGdMuw1}7@!jyT!r[&JN$w$ATHr$2BwY]%>J:Yg[$<lA5h$suGtW^s6H1^7!]SZDPLSbv8?A3[AyC?>i])/Ol<UwEhATP4<lvD})?S0U}nE$nz)QfCgyxScxi<]pZ*6dwTWjwC2uzf0kA)*+LX}&&tU6eHpTh<Inj)BQ5&#^TM#m>TdZWEO6rS#)u&i+?^.eA&[FI8dK#UWVsvs<Fpe7+5(RV5hW@])lY5E:q^>qi#F@.D%cWCe^1ub7hURo@9hKB2wTW?OUD/b}28D%hBfAia}z[C.R<UapPm>Y8?000","destPaynym":"","cpty_account":0,"spend_amount":5000,"outpoints":[{"value":8000,"outpoint":"7a1a2c7732f7a4e4dcb077286b61b36be99baf97168fd93ef862283c77acb03e-1"},{"value":550000000,"outpoint":"bc64c010e0cc534f4b3e80a65918f53d2d4acf9a049a613b417b9fc4d2c760f9-1"}],"type":0,"params":"testnet","dest":"tb1q9m8cc0jkjlc9zwvea5a2365u6px3yu646vgez4","version":2,"fee_amount":284,"fingerprint":"eed8a1cd","step":0,"collabChange":"tb1qv4ak4l0w76qflk4uulavu22kxtaajnltkzxyq5","id":"de56bf8938e80f6fdbedbc32f6be86f55d4c5ecdad231ed56f3b585705bb8141","account":0,"ts":1711645804}},"stowaway":{"cahoots":{"fingerprint_collab":"f0d70870","psbt":"abZy8000000rl]0sXX@t3}dqGEk}^>{wNN^yk^Q3384{)wHGI$8[Be)0)DqLNCZOtkB4vD=1nS>b32L#LLm]b*{y#1q9v8T:7P=KB/el@j1c-Rz{s+8K?HE5vzQL(SF-.XKa%4ApMChMcz>yXuUccV-f*g.!JVCAqXF<IV(IFM66wY8q0qex9fd%iZ9dmt68=Xf}P*gJ-]Pjei4B0jv6*B9^x!^TA!t^(kOsH1*Ls58-5R@T)[r{BOh1])<N.S/zov!cX]+&WamszO?>Y6[}J.f&5lOvd&7g0]0J.<D@AVoBkuRLRl55HZB&09-&LKs=.a^nvzw6*jz8SK?A^^Y%lCnzBP6COA+3Kx1v}{%<[$o<)}W.P!6@1H&c&%wG","cpty_account":0,"spend_amount":317,"outpoints":[{"value":9000,"outpoint":"b4b65c3246da72537c93591919f8479f7a2b232f4dafec55b9e01d34e47fde26-1"},{"value":10000,"outpoint":"14cf9c6be92efcfe628aabd32b02c85e763615ddd430861bc18f6d366e4c4fd5-1"}],"type":1,"params":"testnet","dest":"tb1q9z5slgl572zlc6yl8zg32vndh7tfzltzz3pw8w","version":2,"fee_amount":216,"fingerprint":"eed8a1cd","step":3,"id":"7e66f9983c472fefe24790df0903baddb215284b0ec2cfb00c6ece169a206356","account":0,"ts":1711645804}}}
12:10:04.916 [main] DEBUG com.samourai.wallet.cahoots.multi.MultiCahootsService - # MultiCahoots SENDER <= step=5
12:10:04.916 [main] DEBUG com.samourai.wallet.cahoots.multi.MultiCahootsService - ###### BEGIN doMultiCahoots6 MULTI/SENDER
12:10:04.916 [main] DEBUG com.samourai.wallet.cahoots.AbstractCahoots2xService - ###### BEGIN doStep4 STOWAWAY/SENDER
12:10:04.916 [main] DEBUG com.samourai.wallet.cahoots.AbstractCahoots2xService -  * outpoints={b4b65c3246da72537c93591919f8479f7a2b232f4dafec55b9e01d34e47fde26-1=9000, 14cf9c6be92efcfe628aabd32b02c85e763615ddd430861bc18f6d366e4c4fd5-1=10000}
12:10:04.916 [main] DEBUG com.samourai.wallet.cahoots.AbstractCahoots2xService -  * tx=  149aa55ae0eb85e78e38c69041a2c009b0fc1b6dbf7a057530990b7e9797b40a
  version 2
  opts into full replace-by-fee
     in   
          outpoint:14cf9c6be92efcfe628aabd32b02c85e763615ddd430861bc18f6d366e4c4fd5:1
          sequence:fffffffd, opts into full RBF
     in   
          outpoint:b4b65c3246da72537c93591919f8479f7a2b232f4dafec55b9e01d34e47fde26:1
          sequence:fffffffd, opts into full RBF
     out  0[] PUSHDATA(20)[28a90fa3f4f285fc689f389115326dbf96917d62] 0.00009317 BTC
     out  0[] PUSHDATA(20)[85963b79fea38b84ce818e5f29a5a115bd4c8229] 0.00009467 BTC
     prps UNKNOWN

12:10:04.916 [main] DEBUG com.samourai.wallet.cahoots.Cahoots2x - signTx:  149aa55ae0eb85e78e38c69041a2c009b0fc1b6dbf7a057530990b7e9797b40a
  version 2
  opts into full replace-by-fee
     in   
          outpoint:14cf9c6be92efcfe628aabd32b02c85e763615ddd430861bc18f6d366e4c4fd5:1
          sequence:fffffffd, opts into full RBF
     in   
          outpoint:b4b65c3246da72537c93591919f8479f7a2b232f4dafec55b9e01d34e47fde26:1
          sequence:fffffffd, opts into full RBF
     out  0[] PUSHDATA(20)[28a90fa3f4f285fc689f389115326dbf96917d62] 0.00009317 BTC
     out  0[] PUSHDATA(20)[85963b79fea38b84ce818e5f29a5a115bd4c8229] 0.00009467 BTC
     prps UNKNOWN

12:10:04.916 [main] DEBUG com.samourai.wallet.cahoots.Cahoots2x - signTx outpoint:14cf9c6be92efcfe628aabd32b02c85e763615ddd430861bc18f6d366e4c4fd5:1
12:10:04.916 [main] DEBUG com.samourai.wallet.cahoots.Cahoots2x - signTx bech32:tb1qyvqh86akdkhnh8fh7j0q7n8j78k0wruz5et8tj
12:10:04.916 [main] DEBUG com.samourai.wallet.cahoots.Cahoots2x - signTx value:10000
12:10:04.917 [main] DEBUG com.samourai.wallet.cahoots.AbstractCahootsService - [STOWAWAY/SENDER] computeSpendAmount: keyBag=[14cf9c6be92efcfe628aabd32b02c85e763615ddd430861bc18f6d366e4c4fd5:1]
12:10:04.917 [main] DEBUG com.samourai.wallet.cahoots.AbstractCahootsService - [STOWAWAY/SENDER] computeSpendAmount: +input 10000 14cf9c6be92efcfe628aabd32b02c85e763615ddd430861bc18f6d366e4c4fd5:1
12:10:04.917 [main] DEBUG com.samourai.wallet.cahoots.AbstractCahootsService - [STOWAWAY/SENDER] computeSpendAmount: -output 9467 tb1qsktrk7075w9cfn5p3e0jnfdpzk75eq3f5qced4
12:10:04.917 [main] DEBUG com.samourai.wallet.cahoots.AbstractCahootsService - [STOWAWAY/SENDER] computeSpendAmount = 533
12:10:04.917 [main] DEBUG com.samourai.wallet.cahoots.stowaway.StowawayService - [STOWAWAY/SENDER] maxSpendAmount = 533: amount=317 + minerFee=216
12:10:04.917 [main] DEBUG com.samourai.wallet.cahoots.AbstractCahoots2xService - [STOWAWAY/SENDER] SENDER verifiedSpendAmount=533, maxSpendAmount=533
12:10:04.917 [main] DEBUG com.samourai.wallet.cahoots.AbstractCahootsService - checkFee: feeActual=216, feeExpected=216
12:10:04.917 [main] DEBUG com.samourai.wallet.cahoots.AbstractCahoots2xService - ###### END doStep4 STOWAWAY/SENDER
12:10:04.917 [main] DEBUG com.samourai.wallet.cahoots.AbstractCahoots2xService -  * outpoints={b4b65c3246da72537c93591919f8479f7a2b232f4dafec55b9e01d34e47fde26-1=9000, 14cf9c6be92efcfe628aabd32b02c85e763615ddd430861bc18f6d366e4c4fd5-1=10000}
12:10:04.917 [main] DEBUG com.samourai.wallet.cahoots.AbstractCahoots2xService -  * tx=  149aa55ae0eb85e78e38c69041a2c009b0fc1b6dbf7a057530990b7e9797b40a
  version 2
  opts into full replace-by-fee
     in   
          outpoint:14cf9c6be92efcfe628aabd32b02c85e763615ddd430861bc18f6d366e4c4fd5:1
          sequence:fffffffd, opts into full RBF
     in   
          outpoint:b4b65c3246da72537c93591919f8479f7a2b232f4dafec55b9e01d34e47fde26:1
          sequence:fffffffd, opts into full RBF
     out  0[] PUSHDATA(20)[28a90fa3f4f285fc689f389115326dbf96917d62] 0.00009317 BTC
     out  0[] PUSHDATA(20)[85963b79fea38b84ce818e5f29a5a115bd4c8229] 0.00009467 BTC
     prps UNKNOWN

12:10:04.917 [main] DEBUG com.samourai.wallet.cahoots.multi.MultiCahootsService - ###### END doMultiCahoots6 MULTI/SENDER
12:10:04.917 [main] DEBUG com.samourai.wallet.cahoots.multi.MultiCahootsService - # MultiCahoots SENDER => step=6
12:10:04.918 [main] DEBUG com.samourai.wallet.cahoots.AbstractCahootsTest - #6 SENDER => {"cahoots":{"step":6,"type":2,"params":"testnet","version":2},"stonewallx2":{"cahoots":{"psbt":"abZy8000000rof0yMvmp2!OKO9/Zsh?2vV6/hXVE*N*](gd=2%hNWa>xGQv]OoUA/:mBVKoR0MNJ0==Ft<yG@k&2)i*CLfeh1v3@Ddr(%mREIWvE-sPO{x]<UbyR{V5ZgkRgM-@J#wHQ]Hv+@HU+zy:S<^noh[zw(Ng.3JfAB=0O@WADhm<x!T51z{&a=(}Pk^Wc^F!$Z8b#X8OtbEWxd$u0{5!Fdb]z{Y#7xcnAwW(R+KOk<wJI%G(8{06wRkXZQGdMuw1}7@!jyT!r[&JN$w$ATHr$2BwY]%>J:Yg[$<lA5h$suGtW^s6H1^7!]SZDPLSbv8?A3[AyC?>i])/Ol<UwEhATP4<lvD})?S0U}nE$nz)QfCgyxScxi<]pZ*6dwTWjwC2uzf0kA)*+LX}&&tU6eHpTh<Inj)BQ5&#^TM#m>TdZWEO6rS#)u&i+?^.eA&[FI8dK#UWVsvs<Fpe7+5(RV5hW@])lY5E:q^>qi#F@.D%cWCe^1ub7hURo@9hKB2wTW?OUD/b}28D%hBfAia}z[C.R<UapPm>Y8?000","destPaynym":"","cpty_account":0,"spend_amount":5000,"outpoints":[{"value":8000,"outpoint":"7a1a2c7732f7a4e4dcb077286b61b36be99baf97168fd93ef862283c77acb03e-1"},{"value":550000000,"outpoint":"bc64c010e0cc534f4b3e80a65918f53d2d4acf9a049a613b417b9fc4d2c760f9-1"}],"type":0,"params":"testnet","dest":"tb1q9m8cc0jkjlc9zwvea5a2365u6px3yu646vgez4","version":2,"fee_amount":284,"fingerprint":"eed8a1cd","step":0,"collabChange":"tb1qv4ak4l0w76qflk4uulavu22kxtaajnltkzxyq5","id":"de56bf8938e80f6fdbedbc32f6be86f55d4c5ecdad231ed56f3b585705bb8141","account":0,"ts":1711645804}},"stowaway":{"cahoots":{"fingerprint_collab":"f0d70870","psbt":"abZy8000000rof::/MKq3}a3*XhbaYoA394gLMtX@)p)as}dA6rGw)?qz:$@12aq[z?HveBQnORhMr0rP7ug[IMq=0NO6EW&W.Q^UJ2g1C89/MOwMDa?<Q1qp]!D4Ibc1wKHqQoG[C68zvCp{I4ZH/Mo{sGsQuyDZ8[r}rGMeY9O(H#z[]P@9^0/HK0fN<:V4ec=]t6}}tG@{odh@Y>$z2CV&bc(u%Hnd[RU^c1csrr]hkMObu>f6/T^#XUub]4-K!oEMuBR.lZt+j5@)6d:(lO3]!or$1HV<{mUe4Q{4Bt!ys2@d-1B3D):IwhJg/Xd(Sjt%CwZcL(}AMHM390!SWfpQv^?E6=*Bmg?A(z>dl::#B97G[T:Bu{cr/n=6.vF.=v*?^9I{+zN?3g=l6<\/.IrO+Oxzmtp^^Ey8}MZdO5n4AY4+.XwaNdI$WvZ(u]q#FalPw>d8Lp/coqziD@HWzC]:y:/mKm)k000","cpty_account":0,"spend_amount":317,"outpoints":[{"value":9000,"outpoint":"b4b65c3246da72537c93591919f8479f7a2b232f4dafec55b9e01d34e47fde26-1"},{"value":10000,"outpoint":"14cf9c6be92efcfe628aabd32b02c85e763615ddd430861bc18f6d366e4c4fd5-1"}],"type":1,"params":"testnet","dest":"tb1q9z5slgl572zlc6yl8zg32vndh7tfzltzz3pw8w","version":2,"fee_amount":216,"fingerprint":"eed8a1cd","step":4,"id":"7e66f9983c472fefe24790df0903baddb215284b0ec2cfb00c6ece169a206356","account":0,"ts":1711645804}}}
12:10:04.919 [main] DEBUG com.samourai.wallet.test.AbstractTest -   7c037a3b74313de702a219cd5ee9deec52f7d3be97054437b131780249e6f0d0
  version 2
  time locked until block 1234
  opts into full replace-by-fee
     in   
          outpoint:7a1a2c7732f7a4e4dcb077286b61b36be99baf97168fd93ef862283c77acb03e:1
          sequence:fffffffd, opts into full RBF
     in   
          outpoint:bc64c010e0cc534f4b3e80a65918f53d2d4acf9a049a613b417b9fc4d2c760f9:1
          sequence:fffffffd, opts into full RBF
     out  0[] PUSHDATA(20)[4e4fed51986dbaf322d2b36e690b8638fa0f0204] 0.00002858 BTC
     out  0[] PUSHDATA(20)[2ecf8c3e5697f0513999ed3aa8ea9cd04d127355] 0.00005 BTC
     out  0[] PUSHDATA(20)[d6e3c19a583c95f3a7eb048b19747b14de5f5273] 0.00005 BTC
     out  0[] PUSHDATA(20)[657b6afdeef6809fdabce7face295632fbd94feb] 5.49994858 BTC
     prps UNKNOWN

12:10:04.919 [main] DEBUG com.samourai.wallet.test.AbstractTest - outputsActuals: {tb1q6m3urxjc8j2l8fltqj93jarmzn0975nnxuymnx=5000, tb1q9m8cc0jkjlc9zwvea5a2365u6px3yu646vgez4=5000, tb1qfe8765vcdka0xgkjkdhxjzux8raq7qsyamffad=2858, tb1qv4ak4l0w76qflk4uulavu22kxtaajnltkzxyq5=549994858}
]]></system-out>
  </testcase>
  <testcase name="multiCahoots_P2TR" classname="com.samourai.wallet.cahoots.MultiCahootsServiceTest" time="0.356">
    <failure message="expected: &lt;{tb1pqqqqp399et2xygdj5xreqhjjvcmzhxw4aywxecjdzew6hylgvsesf3hn0c=5000, tb1qfe8765vcdka0xgkjkdhxjzux8raq7qsyamffad=4853, tb1qgzzjhah2q3pqfwpx5xpdrd649qmyl59a6m6cp4=4853, tb1qv4ak4l0w76qflk4uulavu22kxtaajnltkzxyq5=5000}&gt; but was: &lt;{tb1pqqqqp399et2xygdj5xreqhjjvcmzhxw4aywxecjdzew6hylgvsesf3hn0c=5000, tb1qfe8765vcdka0xgkjkdhxjzux8raq7qsyamffad=2853, tb1qgzzjhah2q3pqfwpx5xpdrd649qmyl59a6m6cp4=3853, tb1qv4ak4l0w76qflk4uulavu22kxtaajnltkzxyq5=5000}&gt;" type="org.opentest4j.AssertionFailedError"><![CDATA[org.opentest4j.AssertionFailedError: expected: <{tb1pqqqqp399et2xygdj5xreqhjjvcmzhxw4aywxecjdzew6hylgvsesf3hn0c=5000, tb1qfe8765vcdka0xgkjkdhxjzux8raq7qsyamffad=4853, tb1qgzzjhah2q3pqfwpx5xpdrd649qmyl59a6m6cp4=4853, tb1qv4ak4l0w76qflk4uulavu22kxtaajnltkzxyq5=5000}> but was: <{tb1pqqqqp399et2xygdj5xreqhjjvcmzhxw4aywxecjdzew6hylgvsesf3hn0c=5000, tb1qfe8765vcdka0xgkjkdhxjzux8raq7qsyamffad=2853, tb1qgzzjhah2q3pqfwpx5xpdrd649qmyl59a6m6cp4=3853, tb1qv4ak4l0w76qflk4uulavu22kxtaajnltkzxyq5=5000}>
	at org.junit.jupiter.api.AssertionUtils.fail(AssertionUtils.java:55)
	at org.junit.jupiter.api.AssertionUtils.failNotEqual(AssertionUtils.java:62)
	at org.junit.jupiter.api.AssertEquals.assertEquals(AssertEquals.java:182)
	at org.junit.jupiter.api.AssertEquals.assertEquals(AssertEquals.java:177)
	at org.junit.jupiter.api.Assertions.assertEquals(Assertions.java:1141)
	at com.samourai.wallet.test.AbstractTest.verifyTx(AbstractTest.java:215)
	at com.samourai.wallet.cahoots.MultiCahootsServiceTest.multiCahoots_P2TR(MultiCahootsServiceTest.java:203)
	at java.base/jdk.internal.reflect.DirectMethodHandleAccessor.invoke(DirectMethodHandleAccessor.java:104)
	at java.base/java.lang.reflect.Method.invoke(Method.java:578)
	at org.junit.platform.commons.util.ReflectionUtils.invokeMethod(ReflectionUtils.java:725)
	at org.junit.jupiter.engine.execution.MethodInvocation.proceed(MethodInvocation.java:60)
	at org.junit.jupiter.engine.execution.InvocationInterceptorChain$ValidatingInvocation.proceed(InvocationInterceptorChain.java:131)
	at org.junit.jupiter.engine.extension.TimeoutExtension.intercept(TimeoutExtension.java:149)
	at org.junit.jupiter.engine.extension.TimeoutExtension.interceptTestableMethod(TimeoutExtension.java:140)
	at org.junit.jupiter.engine.extension.TimeoutExtension.interceptTestMethod(TimeoutExtension.java:84)
	at org.junit.jupiter.engine.execution.ExecutableInvoker$ReflectiveInterceptorCall.lambda$ofVoidMethod$0(ExecutableInvoker.java:115)
	at org.junit.jupiter.engine.execution.ExecutableInvoker.lambda$invoke$0(ExecutableInvoker.java:105)
	at org.junit.jupiter.engine.execution.InvocationInterceptorChain$InterceptedInvocation.proceed(InvocationInterceptorChain.java:106)
	at org.junit.jupiter.engine.execution.InvocationInterceptorChain.proceed(InvocationInterceptorChain.java:64)
	at org.junit.jupiter.engine.execution.InvocationInterceptorChain.chainAndInvoke(InvocationInterceptorChain.java:45)
	at org.junit.jupiter.engine.execution.InvocationInterceptorChain.invoke(InvocationInterceptorChain.java:37)
	at org.junit.jupiter.engine.execution.ExecutableInvoker.invoke(ExecutableInvoker.java:104)
	at org.junit.jupiter.engine.execution.ExecutableInvoker.invoke(ExecutableInvoker.java:98)
	at org.junit.jupiter.engine.descriptor.TestMethodTestDescriptor.lambda$invokeTestMethod$7(TestMethodTestDescriptor.java:214)
	at org.junit.platform.engine.support.hierarchical.ThrowableCollector.execute(ThrowableCollector.java:73)
	at org.junit.jupiter.engine.descriptor.TestMethodTestDescriptor.invokeTestMethod(TestMethodTestDescriptor.java:210)
	at org.junit.jupiter.engine.descriptor.TestMethodTestDescriptor.execute(TestMethodTestDescriptor.java:135)
	at org.junit.jupiter.engine.descriptor.TestMethodTestDescriptor.execute(TestMethodTestDescriptor.java:66)
	at org.junit.platform.engine.support.hierarchical.NodeTestTask.lambda$executeRecursively$6(NodeTestTask.java:151)
	at org.junit.platform.engine.support.hierarchical.ThrowableCollector.execute(ThrowableCollector.java:73)
	at org.junit.platform.engine.support.hierarchical.NodeTestTask.lambda$executeRecursively$8(NodeTestTask.java:141)
	at org.junit.platform.engine.support.hierarchical.Node.around(Node.java:137)
	at org.junit.platform.engine.support.hierarchical.NodeTestTask.lambda$executeRecursively$9(NodeTestTask.java:139)
	at org.junit.platform.engine.support.hierarchical.ThrowableCollector.execute(ThrowableCollector.java:73)
	at org.junit.platform.engine.support.hierarchical.NodeTestTask.executeRecursively(NodeTestTask.java:138)
	at org.junit.platform.engine.support.hierarchical.NodeTestTask.execute(NodeTestTask.java:95)
	at java.base/java.util.ArrayList.forEach(ArrayList.java:1511)
	at org.junit.platform.engine.support.hierarchical.SameThreadHierarchicalTestExecutorService.invokeAll(SameThreadHierarchicalTestExecutorService.java:41)
	at org.junit.platform.engine.support.hierarchical.NodeTestTask.lambda$executeRecursively$6(NodeTestTask.java:155)
	at org.junit.platform.engine.support.hierarchical.ThrowableCollector.execute(ThrowableCollector.java:73)
	at org.junit.platform.engine.support.hierarchical.NodeTestTask.lambda$executeRecursively$8(NodeTestTask.java:141)
	at org.junit.platform.engine.support.hierarchical.Node.around(Node.java:137)
	at org.junit.platform.engine.support.hierarchical.NodeTestTask.lambda$executeRecursively$9(NodeTestTask.java:139)
	at org.junit.platform.engine.support.hierarchical.ThrowableCollector.execute(ThrowableCollector.java:73)
	at org.junit.platform.engine.support.hierarchical.NodeTestTask.executeRecursively(NodeTestTask.java:138)
	at org.junit.platform.engine.support.hierarchical.NodeTestTask.execute(NodeTestTask.java:95)
	at java.base/java.util.ArrayList.forEach(ArrayList.java:1511)
	at org.junit.platform.engine.support.hierarchical.SameThreadHierarchicalTestExecutorService.invokeAll(SameThreadHierarchicalTestExecutorService.java:41)
	at org.junit.platform.engine.support.hierarchical.NodeTestTask.lambda$executeRecursively$6(NodeTestTask.java:155)
	at org.junit.platform.engine.support.hierarchical.ThrowableCollector.execute(ThrowableCollector.java:73)
	at org.junit.platform.engine.support.hierarchical.NodeTestTask.lambda$executeRecursively$8(NodeTestTask.java:141)
	at org.junit.platform.engine.support.hierarchical.Node.around(Node.java:137)
	at org.junit.platform.engine.support.hierarchical.NodeTestTask.lambda$executeRecursively$9(NodeTestTask.java:139)
	at org.junit.platform.engine.support.hierarchical.ThrowableCollector.execute(ThrowableCollector.java:73)
	at org.junit.platform.engine.support.hierarchical.NodeTestTask.executeRecursively(NodeTestTask.java:138)
	at org.junit.platform.engine.support.hierarchical.NodeTestTask.execute(NodeTestTask.java:95)
	at org.junit.platform.engine.support.hierarchical.SameThreadHierarchicalTestExecutorService.submit(SameThreadHierarchicalTestExecutorService.java:35)
	at org.junit.platform.engine.support.hierarchical.HierarchicalTestExecutor.execute(HierarchicalTestExecutor.java:57)
	at org.junit.platform.engine.support.hierarchical.HierarchicalTestEngine.execute(HierarchicalTestEngine.java:54)
	at org.junit.platform.launcher.core.EngineExecutionOrchestrator.execute(EngineExecutionOrchestrator.java:107)
	at org.junit.platform.launcher.core.EngineExecutionOrchestrator.execute(EngineExecutionOrchestrator.java:88)
	at org.junit.platform.launcher.core.EngineExecutionOrchestrator.lambda$execute$0(EngineExecutionOrchestrator.java:54)
	at org.junit.platform.launcher.core.EngineExecutionOrchestrator.withInterceptedStreams(EngineExecutionOrchestrator.java:67)
	at org.junit.platform.launcher.core.EngineExecutionOrchestrator.execute(EngineExecutionOrchestrator.java:52)
	at org.junit.platform.launcher.core.DefaultLauncher.execute(DefaultLauncher.java:114)
	at org.junit.platform.launcher.core.DefaultLauncher.execute(DefaultLauncher.java:86)
	at org.junit.platform.launcher.core.DefaultLauncherSession$DelegatingLauncher.execute(DefaultLauncherSession.java:86)
	at org.apache.maven.surefire.junitplatform.LazyLauncher.execute(LazyLauncher.java:56)
	at org.apache.maven.surefire.junitplatform.JUnitPlatformProvider.execute(JUnitPlatformProvider.java:184)
	at org.apache.maven.surefire.junitplatform.JUnitPlatformProvider.invokeAllTests(JUnitPlatformProvider.java:148)
	at org.apache.maven.surefire.junitplatform.JUnitPlatformProvider.invoke(JUnitPlatformProvider.java:122)
	at org.apache.maven.surefire.booter.ForkedBooter.runSuitesInProcess(ForkedBooter.java:385)
	at org.apache.maven.surefire.booter.ForkedBooter.execute(ForkedBooter.java:162)
	at org.apache.maven.surefire.booter.ForkedBooter.run(ForkedBooter.java:507)
	at org.apache.maven.surefire.booter.ForkedBooter.main(ForkedBooter.java:495)
]]></failure>
    <system-out><![CDATA[12:10:04.926 [main] DEBUG com.samourai.http.client.JettyHttpClient - +httpClient: no proxy
12:10:05.075 [main] DEBUG com.samourai.wallet.bipWallet.WalletSupplierImpl - +BipWallet[DEPOSIT_BIP44]: BipWallet{id='DEPOSIT_BIP44', samouraiAccount=DEPOSIT, derivation=BipDerivation{purpose=44, accountIndex=0}, bipFormatDefault=LEGACY, bipFormats=[LEGACY], xPub='tpu...LwY', bipPub='tpu...LwY'}
12:10:05.075 [main] DEBUG com.samourai.wallet.bipWallet.WalletSupplierImpl - +BipWallet[DEPOSIT_BIP49]: BipWallet{id='DEPOSIT_BIP49', samouraiAccount=DEPOSIT, derivation=BipDerivation{purpose=49, accountIndex=0}, bipFormatDefault=SEGWIT_COMPAT, bipFormats=[SEGWIT_COMPAT], xPub='tpu...eV2', bipPub='upu...38D'}
12:10:05.075 [main] DEBUG com.samourai.wallet.bipWallet.WalletSupplierImpl - +BipWallet[DEPOSIT_BIP84]: BipWallet{id='DEPOSIT_BIP84', samouraiAccount=DEPOSIT, derivation=BipDerivation{purpose=84, accountIndex=0}, bipFormatDefault=SEGWIT_NATIVE, bipFormats=[SEGWIT_NATIVE], xPub='tpu...re9', bipPub='vpu...dCu'}
12:10:05.075 [main] DEBUG com.samourai.wallet.bipWallet.WalletSupplierImpl - +BipWallet[PREMIX_BIP84]: BipWallet{id='PREMIX_BIP84', samouraiAccount=PREMIX, derivation=BipDerivation{purpose=84, accountIndex=2147483645}, bipFormatDefault=SEGWIT_NATIVE, bipFormats=[SEGWIT_NATIVE], xPub='tpu...hvr', bipPub='vpu...4mL'}
12:10:05.075 [main] DEBUG com.samourai.wallet.bipWallet.WalletSupplierImpl - +BipWallet[POSTMIX_BIP84]: BipWallet{id='POSTMIX_BIP84', samouraiAccount=POSTMIX, derivation=BipDerivation{purpose=84, accountIndex=2147483646}, bipFormatDefault=SEGWIT_NATIVE, bipFormats=[SEGWIT_NATIVE, SEGWIT_COMPAT, LEGACY], xPub='tpu...sQD', bipPub='vpu...nrW'}
12:10:05.075 [main] DEBUG com.samourai.wallet.bipWallet.WalletSupplierImpl - +BipWallet[ASB_BIP84]: BipWallet{id='ASB_BIP84', samouraiAccount=SWAPS_ASB, derivation=BipDerivation{purpose=84, accountIndex=2147483641}, bipFormatDefault=SEGWIT_NATIVE, bipFormats=[SEGWIT_NATIVE], xPub='tpu...p4i', bipPub='vpu...sEH'}
12:10:05.075 [main] DEBUG com.samourai.wallet.bipWallet.WalletSupplierImpl - +BipWallet[SWAPS_DEPOSIT]: BipWallet{id='SWAPS_DEPOSIT', samouraiAccount=SWAPS_DEPOSIT, derivation=BipDerivation{purpose=84, accountIndex=2147483643}, bipFormatDefault=SEGWIT_NATIVE, bipFormats=[SEGWIT_NATIVE], xPub='tpu...3s7', bipPub='vpu...HpJ'}
12:10:05.075 [main] DEBUG com.samourai.wallet.bipWallet.WalletSupplierImpl - +BipWallet[SWAPS_REFUNDS]: BipWallet{id='SWAPS_REFUNDS', samouraiAccount=SWAPS_REFUNDS, derivation=BipDerivation{purpose=84, accountIndex=2147483642}, bipFormatDefault=SEGWIT_NATIVE, bipFormats=[SEGWIT_NATIVE], xPub='tpu...rMX', bipPub='vpu...Sr9'}
12:10:05.075 [main] DEBUG com.samourai.wallet.bipWallet.WalletSupplierImpl - +BipWallet[BADBANK_BIP84]: BipWallet{id='BADBANK_BIP84', samouraiAccount=BADBANK, derivation=BipDerivation{purpose=84, accountIndex=2147483644}, bipFormatDefault=SEGWIT_NATIVE, bipFormats=[SEGWIT_NATIVE], xPub='tpu...hmu', bipPub='vpu...tNY'}
12:10:05.075 [main] DEBUG com.samourai.wallet.bipWallet.WalletSupplierImpl - +BipWallet[RICOCHET_BIP84]: BipWallet{id='RICOCHET_BIP84', samouraiAccount=RICOCHET, derivation=BipDerivation{purpose=84, accountIndex=2147483647}, bipFormatDefault=SEGWIT_NATIVE, bipFormats=[SEGWIT_NATIVE], xPub='tpu...UMc', bipPub='vpu...knj'}
12:10:05.075 [main] DEBUG com.samourai.wallet.api.backend.BackendApi - urlBackend=https://api.samouraiwallet.com/test/v2, oAuth=no
12:10:05.075 [main] DEBUG com.samourai.wallet.util.LogbackUtils - Log level set to DEBUG for the logger 'com.samourai'
12:10:05.075 [main] DEBUG com.samourai.wallet.util.LogbackUtils - Log level set to DEBUG for the logger 'com.samourai.whirlpool.client'
12:10:05.075 [main] DEBUG com.samourai.wallet.util.LogbackUtils - Log level set to DEBUG for the logger 'com.samourai.whirlpool.client.mix.dialog'
12:10:05.075 [main] DEBUG com.samourai.wallet.util.LogbackUtils - Log level set to DEBUG for the logger 'com.samourai.stomp.client'
12:10:05.075 [main] DEBUG com.samourai.wallet.util.LogbackUtils - Log level set to DEBUG for the logger 'com.samourai.wallet.util.FeeUtil'
12:10:05.075 [main] DEBUG com.samourai.wallet.util.LogbackUtils - Log level set to DEBUG for the logger 'com.samourai.whirlpool.client.utils'
12:10:05.075 [main] DEBUG com.samourai.wallet.util.LogbackUtils - Log level set to DEBUG for the logger 'com.samourai.whirlpool.client.wallet'
12:10:05.075 [main] DEBUG com.samourai.wallet.util.LogbackUtils - Log level set to DEBUG for the logger 'com.samourai.wallet.cahoots'
12:10:05.075 [main] DEBUG com.samourai.wallet.util.LogbackUtils - Log level set to DEBUG for the logger 'com.samourai.wallet.cahoots.stowaway'
12:10:05.075 [main] DEBUG com.samourai.wallet.util.LogbackUtils - Log level set to DEBUG for the logger 'com.samourai.wallet.cahoots.stonewallx2'
12:10:05.075 [main] DEBUG com.samourai.wallet.util.LogbackUtils - Log level set to DEBUG for the logger 'com.samourai.wallet.sorobanClient'
12:10:05.075 [main] DEBUG com.samourai.wallet.util.LogbackUtils - Log level set to DEBUG for the logger 'com.samourai.soroban.client'
12:10:05.075 [main] DEBUG com.samourai.wallet.util.LogbackUtils - Log level set to DEBUG for the logger 'com.samourai.soroban.client.rpc'
12:10:05.075 [main] DEBUG com.samourai.wallet.util.LogbackUtils - Log level set to DEBUG for the logger 'com.samourai.soroban.client.dialog'
12:10:05.075 [main] DEBUG com.samourai.wallet.util.LogbackUtils - Log level set to DEBUG for the logger 'com.samourai.soroban.client.meeting'
12:10:05.075 [main] DEBUG com.samourai.wallet.util.LogbackUtils - Log level set to DEBUG for the logger 'com.samourai.whirlpool.client.wallet.orchestrator'
12:10:05.075 [main] DEBUG com.samourai.wallet.util.LogbackUtils - Log level set to ERROR for the logger 'org.bitcoinj'
12:10:05.075 [main] DEBUG com.samourai.wallet.util.LogbackUtils - Log level set to WARN for the logger 'org.bitcoin'
12:10:05.075 [main] DEBUG com.samourai.wallet.util.LogbackUtils - Log level set to INFO for the logger 'org.eclipse.jetty'
12:10:05.149 [main] DEBUG com.samourai.wallet.bipWallet.WalletSupplierImpl - +BipWallet[DEPOSIT_BIP44]: BipWallet{id='DEPOSIT_BIP44', samouraiAccount=DEPOSIT, derivation=BipDerivation{purpose=44, accountIndex=0}, bipFormatDefault=LEGACY, bipFormats=[LEGACY], xPub='tpu...LZp', bipPub='tpu...LZp'}
12:10:05.149 [main] DEBUG com.samourai.wallet.bipWallet.WalletSupplierImpl - +BipWallet[DEPOSIT_BIP49]: BipWallet{id='DEPOSIT_BIP49', samouraiAccount=DEPOSIT, derivation=BipDerivation{purpose=49, accountIndex=0}, bipFormatDefault=SEGWIT_COMPAT, bipFormats=[SEGWIT_COMPAT], xPub='tpu...2dH', bipPub='upu...bSs'}
12:10:05.149 [main] DEBUG com.samourai.wallet.bipWallet.WalletSupplierImpl - +BipWallet[DEPOSIT_BIP84]: BipWallet{id='DEPOSIT_BIP84', samouraiAccount=DEPOSIT, derivation=BipDerivation{purpose=84, accountIndex=0}, bipFormatDefault=SEGWIT_NATIVE, bipFormats=[SEGWIT_NATIVE], xPub='tpu...MfN', bipPub='vpu...sew'}
12:10:05.149 [main] DEBUG com.samourai.wallet.bipWallet.WalletSupplierImpl - +BipWallet[PREMIX_BIP84]: BipWallet{id='PREMIX_BIP84', samouraiAccount=PREMIX, derivation=BipDerivation{purpose=84, accountIndex=2147483645}, bipFormatDefault=SEGWIT_NATIVE, bipFormats=[SEGWIT_NATIVE], xPub='tpu...y1p', bipPub='vpu...D4a'}
12:10:05.149 [main] DEBUG com.samourai.wallet.bipWallet.WalletSupplierImpl - +BipWallet[POSTMIX_BIP84]: BipWallet{id='POSTMIX_BIP84', samouraiAccount=POSTMIX, derivation=BipDerivation{purpose=84, accountIndex=2147483646}, bipFormatDefault=SEGWIT_NATIVE, bipFormats=[SEGWIT_NATIVE, SEGWIT_COMPAT, LEGACY], xPub='tpu...NLN', bipPub='vpu...RKR'}
12:10:05.149 [main] DEBUG com.samourai.wallet.bipWallet.WalletSupplierImpl - +BipWallet[BADBANK_BIP84]: BipWallet{id='BADBANK_BIP84', samouraiAccount=BADBANK, derivation=BipDerivation{purpose=84, accountIndex=2147483644}, bipFormatDefault=SEGWIT_NATIVE, bipFormats=[SEGWIT_NATIVE], xPub='tpu...86t', bipPub='vpu...XXs'}
12:10:05.247 [main] DEBUG com.samourai.wallet.bipWallet.WalletSupplierImpl - +BipWallet[DEPOSIT_BIP44]: BipWallet{id='DEPOSIT_BIP44', samouraiAccount=DEPOSIT, derivation=BipDerivation{purpose=44, accountIndex=0}, bipFormatDefault=LEGACY, bipFormats=[LEGACY], xPub='tpu...XeJ', bipPub='tpu...XeJ'}
12:10:05.247 [main] DEBUG com.samourai.wallet.bipWallet.WalletSupplierImpl - +BipWallet[DEPOSIT_BIP49]: BipWallet{id='DEPOSIT_BIP49', samouraiAccount=DEPOSIT, derivation=BipDerivation{purpose=49, accountIndex=0}, bipFormatDefault=SEGWIT_COMPAT, bipFormats=[SEGWIT_COMPAT], xPub='tpu...TBn', bipPub='upu...QVy'}
12:10:05.247 [main] DEBUG com.samourai.wallet.bipWallet.WalletSupplierImpl - +BipWallet[DEPOSIT_BIP84]: BipWallet{id='DEPOSIT_BIP84', samouraiAccount=DEPOSIT, derivation=BipDerivation{purpose=84, accountIndex=0}, bipFormatDefault=SEGWIT_NATIVE, bipFormats=[SEGWIT_NATIVE], xPub='tpu...Nbr', bipPub='vpu...R4q'}
12:10:05.247 [main] DEBUG com.samourai.wallet.bipWallet.WalletSupplierImpl - +BipWallet[PREMIX_BIP84]: BipWallet{id='PREMIX_BIP84', samouraiAccount=PREMIX, derivation=BipDerivation{purpose=84, accountIndex=2147483645}, bipFormatDefault=SEGWIT_NATIVE, bipFormats=[SEGWIT_NATIVE], xPub='tpu...ZBX', bipPub='vpu...XxM'}
12:10:05.247 [main] DEBUG com.samourai.wallet.bipWallet.WalletSupplierImpl - +BipWallet[POSTMIX_BIP84]: BipWallet{id='POSTMIX_BIP84', samouraiAccount=POSTMIX, derivation=BipDerivation{purpose=84, accountIndex=2147483646}, bipFormatDefault=SEGWIT_NATIVE, bipFormats=[SEGWIT_NATIVE, SEGWIT_COMPAT, LEGACY], xPub='tpu...do5', bipPub='vpu...2eX'}
12:10:05.247 [main] DEBUG com.samourai.wallet.bipWallet.WalletSupplierImpl - +BipWallet[BADBANK_BIP84]: BipWallet{id='BADBANK_BIP84', samouraiAccount=BADBANK, derivation=BipDerivation{purpose=84, accountIndex=2147483644}, bipFormatDefault=SEGWIT_NATIVE, bipFormats=[SEGWIT_NATIVE], xPub='tpu...QxP', bipPub='vpu...M4F'}
12:10:05.275 [main] DEBUG com.samourai.http.client.JettyHttpClient - +httpClient: no proxy
12:10:05.425 [main] DEBUG com.samourai.wallet.bipWallet.WalletSupplierImpl - +BipWallet[DEPOSIT_BIP44]: BipWallet{id='DEPOSIT_BIP44', samouraiAccount=DEPOSIT, derivation=BipDerivation{purpose=44, accountIndex=0}, bipFormatDefault=LEGACY, bipFormats=[LEGACY], xPub='tpu...LwY', bipPub='tpu...LwY'}
12:10:05.425 [main] DEBUG com.samourai.wallet.bipWallet.WalletSupplierImpl - +BipWallet[DEPOSIT_BIP49]: BipWallet{id='DEPOSIT_BIP49', samouraiAccount=DEPOSIT, derivation=BipDerivation{purpose=49, accountIndex=0}, bipFormatDefault=SEGWIT_COMPAT, bipFormats=[SEGWIT_COMPAT], xPub='tpu...eV2', bipPub='upu...38D'}
12:10:05.425 [main] DEBUG com.samourai.wallet.bipWallet.WalletSupplierImpl - +BipWallet[DEPOSIT_BIP84]: BipWallet{id='DEPOSIT_BIP84', samouraiAccount=DEPOSIT, derivation=BipDerivation{purpose=84, accountIndex=0}, bipFormatDefault=SEGWIT_NATIVE, bipFormats=[SEGWIT_NATIVE], xPub='tpu...re9', bipPub='vpu...dCu'}
12:10:05.425 [main] DEBUG com.samourai.wallet.bipWallet.WalletSupplierImpl - +BipWallet[PREMIX_BIP84]: BipWallet{id='PREMIX_BIP84', samouraiAccount=PREMIX, derivation=BipDerivation{purpose=84, accountIndex=2147483645}, bipFormatDefault=SEGWIT_NATIVE, bipFormats=[SEGWIT_NATIVE], xPub='tpu...hvr', bipPub='vpu...4mL'}
12:10:05.425 [main] DEBUG com.samourai.wallet.bipWallet.WalletSupplierImpl - +BipWallet[POSTMIX_BIP84]: BipWallet{id='POSTMIX_BIP84', samouraiAccount=POSTMIX, derivation=BipDerivation{purpose=84, accountIndex=2147483646}, bipFormatDefault=SEGWIT_NATIVE, bipFormats=[SEGWIT_NATIVE, SEGWIT_COMPAT, LEGACY], xPub='tpu...sQD', bipPub='vpu...nrW'}
12:10:05.425 [main] DEBUG com.samourai.wallet.bipWallet.WalletSupplierImpl - +BipWallet[ASB_BIP84]: BipWallet{id='ASB_BIP84', samouraiAccount=SWAPS_ASB, derivation=BipDerivation{purpose=84, accountIndex=2147483641}, bipFormatDefault=SEGWIT_NATIVE, bipFormats=[SEGWIT_NATIVE], xPub='tpu...p4i', bipPub='vpu...sEH'}
12:10:05.425 [main] DEBUG com.samourai.wallet.bipWallet.WalletSupplierImpl - +BipWallet[SWAPS_DEPOSIT]: BipWallet{id='SWAPS_DEPOSIT', samouraiAccount=SWAPS_DEPOSIT, derivation=BipDerivation{purpose=84, accountIndex=2147483643}, bipFormatDefault=SEGWIT_NATIVE, bipFormats=[SEGWIT_NATIVE], xPub='tpu...3s7', bipPub='vpu...HpJ'}
12:10:05.425 [main] DEBUG com.samourai.wallet.bipWallet.WalletSupplierImpl - +BipWallet[SWAPS_REFUNDS]: BipWallet{id='SWAPS_REFUNDS', samouraiAccount=SWAPS_REFUNDS, derivation=BipDerivation{purpose=84, accountIndex=2147483642}, bipFormatDefault=SEGWIT_NATIVE, bipFormats=[SEGWIT_NATIVE], xPub='tpu...rMX', bipPub='vpu...Sr9'}
12:10:05.425 [main] DEBUG com.samourai.wallet.bipWallet.WalletSupplierImpl - +BipWallet[BADBANK_BIP84]: BipWallet{id='BADBANK_BIP84', samouraiAccount=BADBANK, derivation=BipDerivation{purpose=84, accountIndex=2147483644}, bipFormatDefault=SEGWIT_NATIVE, bipFormats=[SEGWIT_NATIVE], xPub='tpu...hmu', bipPub='vpu...tNY'}
12:10:05.425 [main] DEBUG com.samourai.wallet.bipWallet.WalletSupplierImpl - +BipWallet[RICOCHET_BIP84]: BipWallet{id='RICOCHET_BIP84', samouraiAccount=RICOCHET, derivation=BipDerivation{purpose=84, accountIndex=2147483647}, bipFormatDefault=SEGWIT_NATIVE, bipFormats=[SEGWIT_NATIVE], xPub='tpu...UMc', bipPub='vpu...knj'}
12:10:05.425 [main] DEBUG com.samourai.wallet.api.backend.BackendApi - urlBackend=https://api.samouraiwallet.com/test/v2, oAuth=no
12:10:05.425 [main] DEBUG com.samourai.wallet.util.LogbackUtils - Log level set to DEBUG for the logger 'com.samourai'
12:10:05.425 [main] DEBUG com.samourai.wallet.util.LogbackUtils - Log level set to DEBUG for the logger 'com.samourai.whirlpool.client'
12:10:05.425 [main] DEBUG com.samourai.wallet.util.LogbackUtils - Log level set to DEBUG for the logger 'com.samourai.whirlpool.client.mix.dialog'
12:10:05.425 [main] DEBUG com.samourai.wallet.util.LogbackUtils - Log level set to DEBUG for the logger 'com.samourai.stomp.client'
12:10:05.425 [main] DEBUG com.samourai.wallet.util.LogbackUtils - Log level set to DEBUG for the logger 'com.samourai.wallet.util.FeeUtil'
12:10:05.425 [main] DEBUG com.samourai.wallet.util.LogbackUtils - Log level set to DEBUG for the logger 'com.samourai.whirlpool.client.utils'
12:10:05.425 [main] DEBUG com.samourai.wallet.util.LogbackUtils - Log level set to DEBUG for the logger 'com.samourai.whirlpool.client.wallet'
12:10:05.425 [main] DEBUG com.samourai.wallet.util.LogbackUtils - Log level set to DEBUG for the logger 'com.samourai.wallet.cahoots'
12:10:05.425 [main] DEBUG com.samourai.wallet.util.LogbackUtils - Log level set to DEBUG for the logger 'com.samourai.wallet.cahoots.stowaway'
12:10:05.425 [main] DEBUG com.samourai.wallet.util.LogbackUtils - Log level set to DEBUG for the logger 'com.samourai.wallet.cahoots.stonewallx2'
12:10:05.425 [main] DEBUG com.samourai.wallet.util.LogbackUtils - Log level set to DEBUG for the logger 'com.samourai.wallet.sorobanClient'
12:10:05.425 [main] DEBUG com.samourai.wallet.util.LogbackUtils - Log level set to DEBUG for the logger 'com.samourai.soroban.client'
12:10:05.425 [main] DEBUG com.samourai.wallet.util.LogbackUtils - Log level set to DEBUG for the logger 'com.samourai.soroban.client.rpc'
12:10:05.425 [main] DEBUG com.samourai.wallet.util.LogbackUtils - Log level set to DEBUG for the logger 'com.samourai.soroban.client.dialog'
12:10:05.425 [main] DEBUG com.samourai.wallet.util.LogbackUtils - Log level set to DEBUG for the logger 'com.samourai.soroban.client.meeting'
12:10:05.425 [main] DEBUG com.samourai.wallet.util.LogbackUtils - Log level set to DEBUG for the logger 'com.samourai.whirlpool.client.wallet.orchestrator'
12:10:05.425 [main] DEBUG com.samourai.wallet.util.LogbackUtils - Log level set to ERROR for the logger 'org.bitcoinj'
12:10:05.425 [main] DEBUG com.samourai.wallet.util.LogbackUtils - Log level set to WARN for the logger 'org.bitcoin'
12:10:05.425 [main] DEBUG com.samourai.wallet.util.LogbackUtils - Log level set to INFO for the logger 'org.eclipse.jetty'
12:10:05.497 [main] DEBUG com.samourai.wallet.bipWallet.WalletSupplierImpl - +BipWallet[DEPOSIT_BIP44]: BipWallet{id='DEPOSIT_BIP44', samouraiAccount=DEPOSIT, derivation=BipDerivation{purpose=44, accountIndex=0}, bipFormatDefault=LEGACY, bipFormats=[LEGACY], xPub='tpu...LZp', bipPub='tpu...LZp'}
12:10:05.497 [main] DEBUG com.samourai.wallet.bipWallet.WalletSupplierImpl - +BipWallet[DEPOSIT_BIP49]: BipWallet{id='DEPOSIT_BIP49', samouraiAccount=DEPOSIT, derivation=BipDerivation{purpose=49, accountIndex=0}, bipFormatDefault=SEGWIT_COMPAT, bipFormats=[SEGWIT_COMPAT], xPub='tpu...2dH', bipPub='upu...bSs'}
12:10:05.497 [main] DEBUG com.samourai.wallet.bipWallet.WalletSupplierImpl - +BipWallet[DEPOSIT_BIP84]: BipWallet{id='DEPOSIT_BIP84', samouraiAccount=DEPOSIT, derivation=BipDerivation{purpose=84, accountIndex=0}, bipFormatDefault=SEGWIT_NATIVE, bipFormats=[SEGWIT_NATIVE], xPub='tpu...MfN', bipPub='vpu...sew'}
12:10:05.497 [main] DEBUG com.samourai.wallet.bipWallet.WalletSupplierImpl - +BipWallet[PREMIX_BIP84]: BipWallet{id='PREMIX_BIP84', samouraiAccount=PREMIX, derivation=BipDerivation{purpose=84, accountIndex=2147483645}, bipFormatDefault=SEGWIT_NATIVE, bipFormats=[SEGWIT_NATIVE], xPub='tpu...y1p', bipPub='vpu...D4a'}
12:10:05.497 [main] DEBUG com.samourai.wallet.bipWallet.WalletSupplierImpl - +BipWallet[POSTMIX_BIP84]: BipWallet{id='POSTMIX_BIP84', samouraiAccount=POSTMIX, derivation=BipDerivation{purpose=84, accountIndex=2147483646}, bipFormatDefault=SEGWIT_NATIVE, bipFormats=[SEGWIT_NATIVE, SEGWIT_COMPAT, LEGACY], xPub='tpu...NLN', bipPub='vpu...RKR'}
12:10:05.497 [main] DEBUG com.samourai.wallet.bipWallet.WalletSupplierImpl - +BipWallet[BADBANK_BIP84]: BipWallet{id='BADBANK_BIP84', samouraiAccount=BADBANK, derivation=BipDerivation{purpose=84, accountIndex=2147483644}, bipFormatDefault=SEGWIT_NATIVE, bipFormats=[SEGWIT_NATIVE], xPub='tpu...86t', bipPub='vpu...XXs'}
12:10:05.590 [main] DEBUG com.samourai.wallet.bipWallet.WalletSupplierImpl - +BipWallet[DEPOSIT_BIP44]: BipWallet{id='DEPOSIT_BIP44', samouraiAccount=DEPOSIT, derivation=BipDerivation{purpose=44, accountIndex=0}, bipFormatDefault=LEGACY, bipFormats=[LEGACY], xPub='tpu...XeJ', bipPub='tpu...XeJ'}
12:10:05.590 [main] DEBUG com.samourai.wallet.bipWallet.WalletSupplierImpl - +BipWallet[DEPOSIT_BIP49]: BipWallet{id='DEPOSIT_BIP49', samouraiAccount=DEPOSIT, derivation=BipDerivation{purpose=49, accountIndex=0}, bipFormatDefault=SEGWIT_COMPAT, bipFormats=[SEGWIT_COMPAT], xPub='tpu...TBn', bipPub='upu...QVy'}
12:10:05.590 [main] DEBUG com.samourai.wallet.bipWallet.WalletSupplierImpl - +BipWallet[DEPOSIT_BIP84]: BipWallet{id='DEPOSIT_BIP84', samouraiAccount=DEPOSIT, derivation=BipDerivation{purpose=84, accountIndex=0}, bipFormatDefault=SEGWIT_NATIVE, bipFormats=[SEGWIT_NATIVE], xPub='tpu...Nbr', bipPub='vpu...R4q'}
12:10:05.590 [main] DEBUG com.samourai.wallet.bipWallet.WalletSupplierImpl - +BipWallet[PREMIX_BIP84]: BipWallet{id='PREMIX_BIP84', samouraiAccount=PREMIX, derivation=BipDerivation{purpose=84, accountIndex=2147483645}, bipFormatDefault=SEGWIT_NATIVE, bipFormats=[SEGWIT_NATIVE], xPub='tpu...ZBX', bipPub='vpu...XxM'}
12:10:05.590 [main] DEBUG com.samourai.wallet.bipWallet.WalletSupplierImpl - +BipWallet[POSTMIX_BIP84]: BipWallet{id='POSTMIX_BIP84', samouraiAccount=POSTMIX, derivation=BipDerivation{purpose=84, accountIndex=2147483646}, bipFormatDefault=SEGWIT_NATIVE, bipFormats=[SEGWIT_NATIVE, SEGWIT_COMPAT, LEGACY], xPub='tpu...do5', bipPub='vpu...2eX'}
12:10:05.590 [main] DEBUG com.samourai.wallet.bipWallet.WalletSupplierImpl - +BipWallet[BADBANK_BIP84]: BipWallet{id='BADBANK_BIP84', samouraiAccount=BADBANK, derivation=BipDerivation{purpose=84, accountIndex=2147483644}, bipFormatDefault=SEGWIT_NATIVE, bipFormats=[SEGWIT_NATIVE], xPub='tpu...QxP', bipPub='vpu...M4F'}
12:10:05.619 [main] DEBUG com.samourai.wallet.cahoots.stowaway.StowawayService - # Stowaway INITIATOR => step=0
12:10:05.619 [main] DEBUG com.samourai.wallet.cahoots.stonewallx2.Stonewallx2Service - # STONEWALLx2 INITIATOR => step=0
12:10:05.619 [main] DEBUG com.samourai.wallet.cahoots.AbstractCahootsTest - #0 SENDER => {"cahoots":{"step":0,"type":2,"params":"testnet","version":2},"stonewallx2":{"cahoots":{"psbt":"","destPaynym":"","cpty_account":0,"spend_amount":5000,"outpoints":[],"type":0,"params":"testnet","dest":"tb1pqqqqp399et2xygdj5xreqhjjvcmzhxw4aywxecjdzew6hylgvsesf3hn0c","version":2,"fee_amount":0,"fingerprint":"eed8a1cd","step":0,"collabChange":"","id":"335858dad9a4cc449ecc875bd9dbc849b8ae701721cb311ecb1f6f432d402231","account":0,"ts":1711645805}},"stowaway":{"cahoots":{"psbt":"","cpty_account":0,"spend_amount":-1,"outpoints":[],"type":1,"params":"testnet","dest":"","version":2,"fee_amount":0,"fingerprint":"eed8a1cd","step":0,"id":"90f00b5d0c8fad0c1709cae13c3261b718db48ac18ab092353ad8137cbfd1714","account":0,"ts":1711645805}}}
12:10:05.619 [main] DEBUG com.samourai.wallet.cahoots.multi.MultiCahootsService - Getting SaaS Threshold...
12:10:05.619 [main] DEBUG com.samourai.wallet.cahoots.multi.MultiCahootsService - SaaS Threshold: 200000000
12:10:05.619 [main] DEBUG com.samourai.wallet.cahoots.multi.MultiCahootsService - ###### BEGIN doMultiCahoots1 MULTI/COUNTERPARTY
12:10:05.619 [main] DEBUG com.samourai.wallet.cahoots.stonewallx2.Stonewallx2Service - BIP FORMAT:: TAPROOT
12:10:05.619 [main] DEBUG com.samourai.wallet.cahoots.stonewallx2.Stonewallx2Service - +output (CounterParty Mix) = tb1qv4ak4l0w76qflk4uulavu22kxtaajnltkzxyq5
12:10:05.619 [main] DEBUG com.samourai.wallet.cahoots.AbstractCahoots2xService - ###### BEGIN doSTONEWALLx2_1 STONEWALLX2/COUNTERPARTY
12:10:05.619 [main] DEBUG com.samourai.wallet.cahoots.AbstractCahoots2xService -  * outpoints={}
12:10:05.619 [main] DEBUG com.samourai.wallet.cahoots.AbstractCahoots2xService -  * tx=null
12:10:05.619 [main] DEBUG com.samourai.wallet.cahoots.stonewallx2.Stonewallx2Service - BIP84 utxos:2
12:10:05.619 [main] DEBUG com.samourai.wallet.cahoots.stonewallx2.Stonewallx2Service - BIP84 selected utxo: CahootsUtxo{utxo=b4b65c3246da72537c93591919f8479f7a2b232f4dafec55b9e01d34e47fde26:1, value=9000, address=tb1qh287jqsh6mkpqmd8euumyfam00fkr78qhrdnde, path=null, xpub=tpubDCKFqGcC4KmHwUHG6orVRRUQZZZ3s9kQ64YUufULo9SY1E35aJwa2MH18AxuKddtJzfjMzCgKTEgBJx3WAGxYxVdMxeTYK5Xbtsv5P6fNbr}
12:10:05.619 [main] DEBUG com.samourai.wallet.cahoots.stonewallx2.Stonewallx2Service - 1 selected utxos, totalContributedAmount=9000, requiredAmount=5546
12:10:05.620 [main] DEBUG com.samourai.wallet.cahoots.stonewallx2.Stonewallx2Service - +output (CounterParty change) = tb1qgzzjhah2q3pqfwpx5xpdrd649qmyl59a6m6cp4
12:10:05.620 [main] DEBUG com.samourai.wallet.cahoots.AbstractCahoots2xService - ###### END doSTONEWALLx2_1 STONEWALLX2/COUNTERPARTY
12:10:05.620 [main] DEBUG com.samourai.wallet.cahoots.AbstractCahoots2xService -  * outpoints={b4b65c3246da72537c93591919f8479f7a2b232f4dafec55b9e01d34e47fde26-1=9000}
12:10:05.620 [main] DEBUG com.samourai.wallet.cahoots.AbstractCahoots2xService -  * tx=  0d4f38bd4383c6b8494a47ed878148b00758c2369f751093d14ea65824ae70c8
  version 2
  time locked until block 1234
  opts into full replace-by-fee
     in    0.00009 BTC
          outpoint:b4b65c3246da72537c93591919f8479f7a2b232f4dafec55b9e01d34e47fde26:1
          sequence:fffffffd, opts into full RBF
     out  0[] PUSHDATA(20)[657b6afdeef6809fdabce7face295632fbd94feb] 0.00005 BTC
     out  0[] PUSHDATA(20)[40852bf6ea044204b826a182d1b75528364fd0bd] 0.00004 BTC
     fee  0.00 BTC/kB, 0.00 BTC for 113 bytes
     prps UNKNOWN

12:10:05.620 [main] DEBUG com.samourai.wallet.cahoots.multi.MultiCahootsService - ###### END doMultiCahoots1 MULTI/COUNTERPARTY
12:10:05.620 [main] DEBUG com.samourai.wallet.cahoots.multi.MultiCahootsService - # MultiCahoots COUNTERPARTY => step=1
12:10:05.620 [main] DEBUG com.samourai.wallet.cahoots.AbstractCahootsTest - #1 COUNTERPARTY => {"cahoots":{"step":1,"type":2,"params":"testnet","version":2},"stonewallx2":{"cahoots":{"fingerprint_collab":"f0d70870","psbt":"abZy8000000rlR&oaBrz2M}mkGIKMq1I1EzuFq(/!rdzHjt%Buwio@1u<D(*nlP(VYCNW)u8gm87y.@*3M(?g>&?3u)8Q@Zu%L39htMoVNvk=]D/GY1p&xEPqE=.NBC0vTO{IGQ:(SvC+xVeeS@yPUtpr06Fsg}eLlL[OoCsbkL=2U8zUJMua=Q}F]z!<>","destPaynym":"","cpty_account":0,"spend_amount":5000,"outpoints":[{"value":9000,"outpoint":"b4b65c3246da72537c93591919f8479f7a2b232f4dafec55b9e01d34e47fde26-1"}],"type":0,"params":"testnet","dest":"tb1pqqqqp399et2xygdj5xreqhjjvcmzhxw4aywxecjdzew6hylgvsesf3hn0c","version":2,"fee_amount":0,"fingerprint":"eed8a1cd","step":1,"collabChange":"tb1qgzzjhah2q3pqfwpx5xpdrd649qmyl59a6m6cp4","id":"335858dad9a4cc449ecc875bd9dbc849b8ae701721cb311ecb1f6f432d402231","account":0,"ts":1711645805}},"stowaway":{"cahoots":{"psbt":"","cpty_account":0,"spend_amount":-1,"outpoints":[],"type":1,"params":"testnet","dest":"","version":2,"fee_amount":0,"fingerprint":"eed8a1cd","step":0,"id":"90f00b5d0c8fad0c1709cae13c3261b718db48ac18ab092353ad8137cbfd1714","account":0,"ts":1711645805}}}
12:10:05.621 [main] DEBUG com.samourai.wallet.cahoots.multi.MultiCahootsService - # MultiCahoots SENDER <= step=1
12:10:05.621 [main] DEBUG com.samourai.wallet.cahoots.multi.MultiCahootsService - ###### BEGIN doMultiCahoots2 MULTI/SENDER
12:10:05.621 [main] DEBUG com.samourai.wallet.cahoots.AbstractCahoots2xService - ###### BEGIN doSTONEWALLx2_2 STONEWALLX2/SENDER
12:10:05.621 [main] DEBUG com.samourai.wallet.cahoots.AbstractCahoots2xService -  * outpoints={b4b65c3246da72537c93591919f8479f7a2b232f4dafec55b9e01d34e47fde26-1=9000}
12:10:05.621 [main] DEBUG com.samourai.wallet.cahoots.AbstractCahoots2xService -  * tx=  0d4f38bd4383c6b8494a47ed878148b00758c2369f751093d14ea65824ae70c8
  version 2
  time locked until block 1234
  opts into full replace-by-fee
     in   
          outpoint:b4b65c3246da72537c93591919f8479f7a2b232f4dafec55b9e01d34e47fde26:1
          sequence:fffffffd, opts into full RBF
     out  0[] PUSHDATA(20)[657b6afdeef6809fdabce7face295632fbd94feb] 0.00005 BTC
     out  0[] PUSHDATA(20)[40852bf6ea044204b826a182d1b75528364fd0bd] 0.00004 BTC
     prps UNKNOWN

12:10:05.621 [main] DEBUG com.samourai.wallet.cahoots.stonewallx2.Stonewallx2Service - step2 tx:020000000126de7fe4341de0b955ecaf4d2f232b7a9f47f8191959937c5372da46325cb6b40100000000fdffffff028813000000000000160014657b6afdeef6809fdabce7face295632fbd94feba00f00000000000016001440852bf6ea044204b826a182d1b75528364fd0bdd2040000
12:10:05.621 [main] DEBUG com.samourai.wallet.cahoots.stonewallx2.Stonewallx2Service - step2 tx:  0d4f38bd4383c6b8494a47ed878148b00758c2369f751093d14ea65824ae70c8
  version 2
  time locked until block 1234
  opts into full replace-by-fee
     in   
          outpoint:b4b65c3246da72537c93591919f8479f7a2b232f4dafec55b9e01d34e47fde26:1
          sequence:fffffffd, opts into full RBF
     out  0[] PUSHDATA(20)[657b6afdeef6809fdabce7face295632fbd94feb] 0.00005 BTC
     out  0[] PUSHDATA(20)[40852bf6ea044204b826a182d1b75528364fd0bd] 0.00004 BTC
     prps UNKNOWN

12:10:05.621 [main] DEBUG com.samourai.wallet.cahoots.stonewallx2.Stonewallx2Service - BIP84 utxos:2
12:10:05.621 [main] DEBUG com.samourai.wallet.cahoots.stonewallx2.Stonewallx2Service - BIP84 selected utxo: CahootsUtxo{utxo=7a1a2c7732f7a4e4dcb077286b61b36be99baf97168fd93ef862283c77acb03e:1, value=8000, address=tb1qkymumss6zj0rxy9l3v5vqxqwwffy8jjsyhrkrg, path=null, xpub=tpubDDLBK9gJk4HdPCDzF4Yhxx3u6q1QWo7iZAPVHfsFjLp9rUxXf79FPEK4cKMiV1jrJqrCCVJnciMh1kau2xZtjpZ5DoiaK3RbF6MffFWXMfN}
12:10:05.621 [main] DEBUG com.samourai.wallet.cahoots.stonewallx2.Stonewallx2Service - fee:293
12:10:05.621 [main] DEBUG com.samourai.wallet.cahoots.stonewallx2.Stonewallx2Service - 1 selected utxos, totalContributedAmount=8000, requiredAmount=5839
12:10:05.621 [main] DEBUG com.samourai.wallet.cahoots.stonewallx2.Stonewallx2Service - fee pair:294
12:10:05.621 [main] DEBUG com.samourai.wallet.cahoots.stonewallx2.Stonewallx2Service - destination:tb1pqqqqp399et2xygdj5xreqhjjvcmzhxw4aywxecjdzew6hylgvsesf3hn0c
12:10:05.621 [main] DEBUG com.samourai.wallet.cahoots.stonewallx2.Stonewallx2Service - output value post fee:3853
12:10:05.621 [main] DEBUG com.samourai.wallet.cahoots.stonewallx2.Stonewallx2Service - +output (Spender change) = tb1qfe8765vcdka0xgkjkdhxjzux8raq7qsyamffad
12:10:05.621 [main] DEBUG com.samourai.wallet.cahoots.AbstractCahoots2xService - ###### END doSTONEWALLx2_2 STONEWALLX2/SENDER
12:10:05.621 [main] DEBUG com.samourai.wallet.cahoots.AbstractCahoots2xService -  * outpoints={b4b65c3246da72537c93591919f8479f7a2b232f4dafec55b9e01d34e47fde26-1=9000, 7a1a2c7732f7a4e4dcb077286b61b36be99baf97168fd93ef862283c77acb03e-1=8000}
12:10:05.621 [main] DEBUG com.samourai.wallet.cahoots.AbstractCahoots2xService -  * tx=  358a9460d428156cd9ce11f798d91079f64beef05e831afaf656a0c4bdf69e57
  version 2
  time locked until block 1234
  opts into full replace-by-fee
     in   
          outpoint:b4b65c3246da72537c93591919f8479f7a2b232f4dafec55b9e01d34e47fde26:1
          sequence:fffffffd, opts into full RBF
     in    0.00008 BTC
          outpoint:7a1a2c7732f7a4e4dcb077286b61b36be99baf97168fd93ef862283c77acb03e:1
          sequence:fffffffd, opts into full RBF
     out  0[] PUSHDATA(20)[657b6afdeef6809fdabce7face295632fbd94feb] 0.00005 BTC
     out  0[] PUSHDATA(20)[40852bf6ea044204b826a182d1b75528364fd0bd] 0.00003853 BTC
     out  1 PUSHDATA(32)[000000c4a5cad46221b2a187905e5266362b99d5e91c6ce24d165dab93e86433] 0.00005 BTC
     out  0[] PUSHDATA(20)[4e4fed51986dbaf322d2b36e690b8638fa0f0204] 0.00002853 BTC
     prps UNKNOWN

12:10:05.621 [main] DEBUG com.samourai.wallet.cahoots.multi.MultiCahootsService - ###### END doMultiCahoots2 MULTI/SENDER
12:10:05.621 [main] DEBUG com.samourai.wallet.cahoots.multi.MultiCahootsService - # MultiCahoots SENDER => step=2
12:10:05.622 [main] DEBUG com.samourai.wallet.cahoots.AbstractCahootsTest - #2 SENDER => {"cahoots":{"step":2,"type":2,"params":"testnet","version":2},"stonewallx2":{"cahoots":{"fingerprint_collab":"f0d70870","psbt":"abZy8000000rl[$*L)js2T.*9CVb7X^0(u-:<<1:y+kzh>3OoomDmVk0k<uR5U/0K4ILDQS1tw^+z?BkwF@X1E=u2GKx<3Epf6Y(RnW@Xkha(dQaaf0mI/uIOU<s0xJPf4GJsiReP!sJZqF6dGL2E8tk&yxC0u9]BO7#3TtEz0rVLTh(+m354U^9.TQ:iy!3cQo3[+U.LFAc)<\/0CA}&(@gLKZRh%9CXZ=I8ZMq/jGz&WGm?3Y>%1EreET+FZ%/FvHV.0$l8HRz/QDF0/x*WW.s7:%C0CX7kjTXSQ)BpABpoE@X)eEH&a90rr9","destPaynym":"","cpty_account":0,"spend_amount":5000,"outpoints":[{"value":9000,"outpoint":"b4b65c3246da72537c93591919f8479f7a2b232f4dafec55b9e01d34e47fde26-1"},{"value":8000,"outpoint":"7a1a2c7732f7a4e4dcb077286b61b36be99baf97168fd93ef862283c77acb03e-1"}],"type":0,"params":"testnet","dest":"tb1pqqqqp399et2xygdj5xreqhjjvcmzhxw4aywxecjdzew6hylgvsesf3hn0c","version":2,"fee_amount":294,"fingerprint":"eed8a1cd","step":2,"collabChange":"tb1qgzzjhah2q3pqfwpx5xpdrd649qmyl59a6m6cp4","id":"335858dad9a4cc449ecc875bd9dbc849b8ae701721cb311ecb1f6f432d402231","account":0,"ts":1711645805}},"stowaway":{"cahoots":{"psbt":"","cpty_account":0,"spend_amount":-1,"outpoints":[],"type":1,"params":"testnet","dest":"","version":2,"fee_amount":0,"fingerprint":"eed8a1cd","step":0,"id":"90f00b5d0c8fad0c1709cae13c3261b718db48ac18ab092353ad8137cbfd1714","account":0,"ts":1711645805}}}
12:10:05.622 [main] DEBUG com.samourai.wallet.cahoots.multi.MultiCahootsService - # MultiCahoots COUNTERPARTY <= step=2
12:10:05.622 [main] DEBUG com.samourai.wallet.cahoots.multi.MultiCahootsService - ###### BEGIN doMultiCahoots3 MULTI/COUNTERPARTY
12:10:05.622 [main] DEBUG com.samourai.wallet.cahoots.multi.MultiCahootsService - Stonewall fee: 147
12:10:05.622 [main] DEBUG com.samourai.wallet.cahoots.multi.MultiCahootsService - Total fee:: 322
12:10:05.622 [main] DEBUG com.samourai.wallet.cahoots.AbstractCahoots2xService - ###### BEGIN doStowaway1 STOWAWAY/COUNTERPARTY
12:10:05.622 [main] DEBUG com.samourai.wallet.cahoots.AbstractCahoots2xService -  * outpoints={}
12:10:05.622 [main] DEBUG com.samourai.wallet.cahoots.AbstractCahoots2xService -  * tx=null
12:10:05.622 [main] DEBUG com.samourai.wallet.cahoots.stowaway.StowawayService - BIP84 utxos:2
12:10:05.622 [main] DEBUG com.samourai.wallet.cahoots.stowaway.StowawayService - BIP84 selected random utxo: CahootsUtxo{utxo=9407b31fd0159dc4dd3f5377e3b18e4b4aafef2977a52e76b95c3f899cbb05ad:1, value=10000, address=tb1qh287jqsh6mkpqmd8euumyfam00fkr78qhrdnde, path=null, xpub=tpubDCKFqGcC4KmHwUHG6orVRRUQZZZ3s9kQ64YUufULo9SY1E35aJwa2MH18AxuKddtJzfjMzCgKTEgBJx3WAGxYxVdMxeTYK5Xbtsv5P6fNbr}
12:10:05.622 [main] DEBUG com.samourai.wallet.cahoots.stowaway.StowawayService - 1 selected utxos, totalContributedAmount=10000, requiredAmount=868
12:10:05.622 [main] DEBUG com.samourai.wallet.cahoots.stowaway.StowawayService - +output (CounterParty receive) = tb1q9z5slgl572zlc6yl8zg32vndh7tfzltzz3pw8w
12:10:05.622 [main] DEBUG com.samourai.wallet.cahoots.AbstractCahoots2xService - ###### END doStowaway1 STOWAWAY/COUNTERPARTY
12:10:05.622 [main] DEBUG com.samourai.wallet.cahoots.AbstractCahoots2xService -  * outpoints={9407b31fd0159dc4dd3f5377e3b18e4b4aafef2977a52e76b95c3f899cbb05ad-1=10000}
12:10:05.622 [main] DEBUG com.samourai.wallet.cahoots.AbstractCahoots2xService -  * tx=  c9a2dda119e0ada72912ad8b03231dec5d7a4c1f6a1fae92f23c649ec796c020
  version 2
  opts into full replace-by-fee
     in    0.0001 BTC
          outpoint:9407b31fd0159dc4dd3f5377e3b18e4b4aafef2977a52e76b95c3f899cbb05ad:1
          sequence:fffffffd, opts into full RBF
     out  0[] PUSHDATA(20)[28a90fa3f4f285fc689f389115326dbf96917d62] 0.00000322 BTC
     fee  0.00118024 BTC/kB, 0.00009678 BTC for 82 bytes
     prps UNKNOWN

12:10:05.622 [main] DEBUG com.samourai.wallet.cahoots.AbstractCahoots2xService - ###### BEGIN doStep3 STONEWALLX2/COUNTERPARTY
12:10:05.622 [main] DEBUG com.samourai.wallet.cahoots.AbstractCahoots2xService -  * outpoints={b4b65c3246da72537c93591919f8479f7a2b232f4dafec55b9e01d34e47fde26-1=9000, 7a1a2c7732f7a4e4dcb077286b61b36be99baf97168fd93ef862283c77acb03e-1=8000}
12:10:05.622 [main] DEBUG com.samourai.wallet.cahoots.AbstractCahoots2xService -  * tx=  358a9460d428156cd9ce11f798d91079f64beef05e831afaf656a0c4bdf69e57
  version 2
  time locked until block 1234
  opts into full replace-by-fee
     in   
          outpoint:b4b65c3246da72537c93591919f8479f7a2b232f4dafec55b9e01d34e47fde26:1
          sequence:fffffffd, opts into full RBF
     in   
          outpoint:7a1a2c7732f7a4e4dcb077286b61b36be99baf97168fd93ef862283c77acb03e:1
          sequence:fffffffd, opts into full RBF
     out  0[] PUSHDATA(20)[657b6afdeef6809fdabce7face295632fbd94feb] 0.00005 BTC
     out  0[] PUSHDATA(20)[40852bf6ea044204b826a182d1b75528364fd0bd] 0.00003853 BTC
     out  1 PUSHDATA(32)[000000c4a5cad46221b2a187905e5266362b99d5e91c6ce24d165dab93e86433] 0.00005 BTC
     out  0[] PUSHDATA(20)[4e4fed51986dbaf322d2b36e690b8638fa0f0204] 0.00002853 BTC
     prps UNKNOWN

12:10:05.622 [main] DEBUG com.samourai.wallet.cahoots.Cahoots2x - signTx:  5e3ed4edd8f99e3b46950b0f8383d82d81afa9b4a530c6f92a79c940677e997f
  version 2
  time locked until block 1234
  opts into full replace-by-fee
     in   
          outpoint:7a1a2c7732f7a4e4dcb077286b61b36be99baf97168fd93ef862283c77acb03e:1
          sequence:fffffffd, opts into full RBF
     in   
          outpoint:b4b65c3246da72537c93591919f8479f7a2b232f4dafec55b9e01d34e47fde26:1
          sequence:fffffffd, opts into full RBF
     out  0[] PUSHDATA(20)[4e4fed51986dbaf322d2b36e690b8638fa0f0204] 0.00002853 BTC
     out  0[] PUSHDATA(20)[40852bf6ea044204b826a182d1b75528364fd0bd] 0.00003853 BTC
     out  0[] PUSHDATA(20)[657b6afdeef6809fdabce7face295632fbd94feb] 0.00005 BTC
     out  1 PUSHDATA(32)[000000c4a5cad46221b2a187905e5266362b99d5e91c6ce24d165dab93e86433] 0.00005 BTC
     prps UNKNOWN

12:10:05.622 [main] DEBUG com.samourai.wallet.cahoots.Cahoots2x - signTx outpoint:b4b65c3246da72537c93591919f8479f7a2b232f4dafec55b9e01d34e47fde26:1
12:10:05.622 [main] DEBUG com.samourai.wallet.cahoots.Cahoots2x - signTx bech32:tb1qyvqh86akdkhnh8fh7j0q7n8j78k0wruz5et8tj
12:10:05.622 [main] DEBUG com.samourai.wallet.cahoots.Cahoots2x - signTx value:9000
12:10:05.623 [main] DEBUG com.samourai.wallet.cahoots.AbstractCahootsService - [STONEWALLX2/COUNTERPARTY] computeSpendAmount: keyBag=[b4b65c3246da72537c93591919f8479f7a2b232f4dafec55b9e01d34e47fde26:1]
12:10:05.623 [main] DEBUG com.samourai.wallet.cahoots.AbstractCahootsService - [STONEWALLX2/COUNTERPARTY] computeSpendAmount: +input 9000 b4b65c3246da72537c93591919f8479f7a2b232f4dafec55b9e01d34e47fde26:1
12:10:05.623 [main] DEBUG com.samourai.wallet.cahoots.AbstractCahootsService - [STONEWALLX2/COUNTERPARTY] computeSpendAmount: -output 3853 tb1qgzzjhah2q3pqfwpx5xpdrd649qmyl59a6m6cp4
12:10:05.623 [main] DEBUG com.samourai.wallet.cahoots.AbstractCahootsService - [STONEWALLX2/COUNTERPARTY] computeSpendAmount: -output 5000 tb1qv4ak4l0w76qflk4uulavu22kxtaajnltkzxyq5
12:10:05.623 [main] DEBUG com.samourai.wallet.cahoots.AbstractCahootsService - [STONEWALLX2/COUNTERPARTY] computeSpendAmount = 147
12:10:05.623 [main] DEBUG com.samourai.wallet.cahoots.stonewallx2.Stonewallx2Service - [STONEWALLX2/COUNTERPARTY] maxSpendAmount = 147: sharedMinerFee=147
12:10:05.623 [main] DEBUG com.samourai.wallet.cahoots.AbstractCahoots2xService - [STONEWALLX2/COUNTERPARTY] COUNTERPARTY verifiedSpendAmount=147, maxSpendAmount=147
12:10:05.623 [main] DEBUG com.samourai.wallet.cahoots.AbstractCahoots2xService - ###### END doStep3 STONEWALLX2/COUNTERPARTY
12:10:05.623 [main] DEBUG com.samourai.wallet.cahoots.AbstractCahoots2xService -  * outpoints={b4b65c3246da72537c93591919f8479f7a2b232f4dafec55b9e01d34e47fde26-1=9000, 7a1a2c7732f7a4e4dcb077286b61b36be99baf97168fd93ef862283c77acb03e-1=8000}
12:10:05.623 [main] DEBUG com.samourai.wallet.cahoots.AbstractCahoots2xService -  * tx=  5e3ed4edd8f99e3b46950b0f8383d82d81afa9b4a530c6f92a79c940677e997f
  version 2
  time locked until block 1234
  opts into full replace-by-fee
     in   
          outpoint:7a1a2c7732f7a4e4dcb077286b61b36be99baf97168fd93ef862283c77acb03e:1
          sequence:fffffffd, opts into full RBF
     in   
          outpoint:b4b65c3246da72537c93591919f8479f7a2b232f4dafec55b9e01d34e47fde26:1
          sequence:fffffffd, opts into full RBF
     out  0[] PUSHDATA(20)[4e4fed51986dbaf322d2b36e690b8638fa0f0204] 0.00002853 BTC
     out  0[] PUSHDATA(20)[40852bf6ea044204b826a182d1b75528364fd0bd] 0.00003853 BTC
     out  0[] PUSHDATA(20)[657b6afdeef6809fdabce7face295632fbd94feb] 0.00005 BTC
     out  1 PUSHDATA(32)[000000c4a5cad46221b2a187905e5266362b99d5e91c6ce24d165dab93e86433] 0.00005 BTC
     prps UNKNOWN

12:10:05.623 [main] DEBUG com.samourai.wallet.cahoots.multi.MultiCahootsService - ###### END doMultiCahoots3 MULTI/COUNTERPARTY
12:10:05.623 [main] DEBUG com.samourai.wallet.cahoots.multi.MultiCahootsService - # MultiCahoots COUNTERPARTY => step=3
12:10:05.623 [main] DEBUG com.samourai.wallet.cahoots.AbstractCahootsTest - #3 COUNTERPARTY => {"cahoots":{"step":3,"type":2,"params":"testnet","version":2},"stonewallx2":{"cahoots":{"fingerprint_collab":"f0d70870","psbt":"abZy8000000rlRd*L)Ej2Y2p^4co:8@.2j.pB?#NejG4uJkltFdh{KF0HKINI13tESt1oV^zJ1AM+9auqmvy*CfIo}NT06&(nn*c5T}VuvE-sPI(DHMypc+([U}m+K:Y2&i7PzLk5tq39#xdbcUct}n*(tI}i}%k1RQ*J^s6l-^<r5rr(LXW&I{:q:G6zgv0k.d*w1}.s1)caFo=Uamu8w[pmqC{qL5GwDK>KaT5%agB=P>#SMqLU:7]!IsTIr[uh!h<dcGij:009[74AL!z/.0Qr9^#3Y}>P?t$Rn{VmRQyd:%d+}4x[.&Ql2e*rFOS*Wi3>OrTslC?B:.xdl>Ae0!O#uw?l:Zc3AWyfpM1T.<]jY*gdSEBHqN]S%XrW$tK0+iQbmjQo&v<=9Z4JC}]8hKTbELbATUB).&3Y-^29tzw@(!&f3NDw5os9Aw/DXY@Zw{3h<j0f1[jFv>{-00","destPaynym":"","cpty_account":0,"spend_amount":5000,"outpoints":[{"value":9000,"outpoint":"b4b65c3246da72537c93591919f8479f7a2b232f4dafec55b9e01d34e47fde26-1"},{"value":8000,"outpoint":"7a1a2c7732f7a4e4dcb077286b61b36be99baf97168fd93ef862283c77acb03e-1"}],"type":0,"params":"testnet","dest":"tb1pqqqqp399et2xygdj5xreqhjjvcmzhxw4aywxecjdzew6hylgvsesf3hn0c","version":2,"fee_amount":294,"fingerprint":"eed8a1cd","step":3,"collabChange":"tb1qgzzjhah2q3pqfwpx5xpdrd649qmyl59a6m6cp4","id":"335858dad9a4cc449ecc875bd9dbc849b8ae701721cb311ecb1f6f432d402231","account":0,"ts":1711645805}},"stowaway":{"cahoots":{"fingerprint_collab":"f0d70870","psbt":"abZy8000000rkGE:QMfx48=t$eVP(m]7lqabfsu<bRU::!q#IqN8<#mk6NP-CB..vkv2dEW}wrsy$Mg5Xa%^oT77i[4F{ZiM9P=vEphLhz1t77nZFZlf2yTawi0z^G05NaM6+3fAzBP8{xdRMgH4o/000","cpty_account":0,"spend_amount":322,"outpoints":[{"value":10000,"outpoint":"9407b31fd0159dc4dd3f5377e3b18e4b4aafef2977a52e76b95c3f899cbb05ad-1"}],"type":1,"params":"testnet","dest":"tb1q9z5slgl572zlc6yl8zg32vndh7tfzltzz3pw8w","version":2,"fee_amount":0,"fingerprint":"eed8a1cd","step":1,"id":"90f00b5d0c8fad0c1709cae13c3261b718db48ac18ab092353ad8137cbfd1714","account":0,"ts":1711645805}}}
12:10:05.625 [main] DEBUG com.samourai.wallet.cahoots.multi.MultiCahootsService - # MultiCahoots SENDER <= step=3
12:10:05.625 [main] DEBUG com.samourai.wallet.cahoots.multi.MultiCahootsService - ###### BEGIN doMultiCahoots4 MULTI/SENDER
12:10:05.625 [main] DEBUG com.samourai.wallet.cahoots.AbstractCahoots2xService - ###### BEGIN doStep4 STONEWALLX2/SENDER
12:10:05.625 [main] DEBUG com.samourai.wallet.cahoots.AbstractCahoots2xService -  * outpoints={b4b65c3246da72537c93591919f8479f7a2b232f4dafec55b9e01d34e47fde26-1=9000, 7a1a2c7732f7a4e4dcb077286b61b36be99baf97168fd93ef862283c77acb03e-1=8000}
12:10:05.625 [main] DEBUG com.samourai.wallet.cahoots.AbstractCahoots2xService -  * tx=  5e3ed4edd8f99e3b46950b0f8383d82d81afa9b4a530c6f92a79c940677e997f
  version 2
  time locked until block 1234
  opts into full replace-by-fee
     in   
          outpoint:7a1a2c7732f7a4e4dcb077286b61b36be99baf97168fd93ef862283c77acb03e:1
          sequence:fffffffd, opts into full RBF
     in   
          outpoint:b4b65c3246da72537c93591919f8479f7a2b232f4dafec55b9e01d34e47fde26:1
          sequence:fffffffd, opts into full RBF
     out  0[] PUSHDATA(20)[4e4fed51986dbaf322d2b36e690b8638fa0f0204] 0.00002853 BTC
     out  0[] PUSHDATA(20)[40852bf6ea044204b826a182d1b75528364fd0bd] 0.00003853 BTC
     out  0[] PUSHDATA(20)[657b6afdeef6809fdabce7face295632fbd94feb] 0.00005 BTC
     out  1 PUSHDATA(32)[000000c4a5cad46221b2a187905e5266362b99d5e91c6ce24d165dab93e86433] 0.00005 BTC
     prps UNKNOWN

12:10:05.625 [main] DEBUG com.samourai.wallet.cahoots.Cahoots2x - signTx:  5e3ed4edd8f99e3b46950b0f8383d82d81afa9b4a530c6f92a79c940677e997f
  version 2
  time locked until block 1234
  opts into full replace-by-fee
     in   
          outpoint:7a1a2c7732f7a4e4dcb077286b61b36be99baf97168fd93ef862283c77acb03e:1
          sequence:fffffffd, opts into full RBF
     in   
          outpoint:b4b65c3246da72537c93591919f8479f7a2b232f4dafec55b9e01d34e47fde26:1
          sequence:fffffffd, opts into full RBF
     out  0[] PUSHDATA(20)[4e4fed51986dbaf322d2b36e690b8638fa0f0204] 0.00002853 BTC
     out  0[] PUSHDATA(20)[40852bf6ea044204b826a182d1b75528364fd0bd] 0.00003853 BTC
     out  0[] PUSHDATA(20)[657b6afdeef6809fdabce7face295632fbd94feb] 0.00005 BTC
     out  1 PUSHDATA(32)[000000c4a5cad46221b2a187905e5266362b99d5e91c6ce24d165dab93e86433] 0.00005 BTC
     prps UNKNOWN

12:10:05.625 [main] DEBUG com.samourai.wallet.cahoots.Cahoots2x - signTx outpoint:7a1a2c7732f7a4e4dcb077286b61b36be99baf97168fd93ef862283c77acb03e:1
12:10:05.625 [main] DEBUG com.samourai.wallet.cahoots.Cahoots2x - signTx bech32:tb1qyvqh86akdkhnh8fh7j0q7n8j78k0wruz5et8tj
12:10:05.625 [main] DEBUG com.samourai.wallet.cahoots.Cahoots2x - signTx value:8000
12:10:05.625 [main] DEBUG com.samourai.wallet.cahoots.AbstractCahootsService - [STONEWALLX2/SENDER] computeSpendAmount: keyBag=[7a1a2c7732f7a4e4dcb077286b61b36be99baf97168fd93ef862283c77acb03e:1]
12:10:05.625 [main] DEBUG com.samourai.wallet.cahoots.AbstractCahootsService - [STONEWALLX2/SENDER] computeSpendAmount: +input 8000 7a1a2c7732f7a4e4dcb077286b61b36be99baf97168fd93ef862283c77acb03e:1
12:10:05.625 [main] DEBUG com.samourai.wallet.cahoots.AbstractCahootsService - [STONEWALLX2/SENDER] computeSpendAmount: -output 2853 tb1qfe8765vcdka0xgkjkdhxjzux8raq7qsyamffad
12:10:05.625 [main] DEBUG com.samourai.wallet.cahoots.AbstractCahootsService - [STONEWALLX2/SENDER] computeSpendAmount = 5147
12:10:05.625 [main] DEBUG com.samourai.wallet.cahoots.stonewallx2.Stonewallx2Service - [STONEWALLX2/SENDER] maxSpendAmount = 5147: amount=5000 + sharedMinerFee=147
12:10:05.625 [main] DEBUG com.samourai.wallet.cahoots.AbstractCahoots2xService - [STONEWALLX2/SENDER] SENDER verifiedSpendAmount=5147, maxSpendAmount=5147
12:10:05.625 [main] DEBUG com.samourai.wallet.cahoots.AbstractCahootsService - checkFee: feeActual=294, feeExpected=294
12:10:05.625 [main] DEBUG com.samourai.wallet.cahoots.AbstractCahoots2xService - ###### END doStep4 STONEWALLX2/SENDER
12:10:05.625 [main] DEBUG com.samourai.wallet.cahoots.AbstractCahoots2xService -  * outpoints={b4b65c3246da72537c93591919f8479f7a2b232f4dafec55b9e01d34e47fde26-1=9000, 7a1a2c7732f7a4e4dcb077286b61b36be99baf97168fd93ef862283c77acb03e-1=8000}
12:10:05.625 [main] DEBUG com.samourai.wallet.cahoots.AbstractCahoots2xService -  * tx=  5e3ed4edd8f99e3b46950b0f8383d82d81afa9b4a530c6f92a79c940677e997f
  version 2
  time locked until block 1234
  opts into full replace-by-fee
     in   
          outpoint:7a1a2c7732f7a4e4dcb077286b61b36be99baf97168fd93ef862283c77acb03e:1
          sequence:fffffffd, opts into full RBF
     in   
          outpoint:b4b65c3246da72537c93591919f8479f7a2b232f4dafec55b9e01d34e47fde26:1
          sequence:fffffffd, opts into full RBF
     out  0[] PUSHDATA(20)[4e4fed51986dbaf322d2b36e690b8638fa0f0204] 0.00002853 BTC
     out  0[] PUSHDATA(20)[40852bf6ea044204b826a182d1b75528364fd0bd] 0.00003853 BTC
     out  0[] PUSHDATA(20)[657b6afdeef6809fdabce7face295632fbd94feb] 0.00005 BTC
     out  1 PUSHDATA(32)[000000c4a5cad46221b2a187905e5266362b99d5e91c6ce24d165dab93e86433] 0.00005 BTC
     prps UNKNOWN

12:10:05.625 [main] DEBUG com.samourai.wallet.cahoots.AbstractCahoots2xService - ###### BEGIN doStowaway2 STOWAWAY/SENDER
12:10:05.625 [main] DEBUG com.samourai.wallet.cahoots.AbstractCahoots2xService -  * outpoints={9407b31fd0159dc4dd3f5377e3b18e4b4aafef2977a52e76b95c3f899cbb05ad-1=10000}
12:10:05.625 [main] DEBUG com.samourai.wallet.cahoots.AbstractCahoots2xService -  * tx=  c9a2dda119e0ada72912ad8b03231dec5d7a4c1f6a1fae92f23c649ec796c020
  version 2
  opts into full replace-by-fee
     in   
          outpoint:9407b31fd0159dc4dd3f5377e3b18e4b4aafef2977a52e76b95c3f899cbb05ad:1
          sequence:fffffffd, opts into full RBF
     out  0[] PUSHDATA(20)[28a90fa3f4f285fc689f389115326dbf96917d62] 0.00000322 BTC
     prps UNKNOWN

12:10:05.625 [main] DEBUG com.samourai.wallet.cahoots.stowaway.StowawayService - sender account (2):0
12:10:05.626 [main] DEBUG com.samourai.wallet.cahoots.stowaway.StowawayService - step2 tx:0200000001ad05bb9c893f5cb9762ea57729efaf4a4b8eb1e377533fddc49d15d01fb307940100000000fdffffff01420100000000000016001428a90fa3f4f285fc689f389115326dbf96917d6200000000
12:10:05.626 [main] DEBUG com.samourai.wallet.cahoots.stowaway.StowawayService - BIP84 utxos:2
12:10:05.626 [main] DEBUG com.samourai.wallet.cahoots.stowaway.StowawayService - BIP84 selected utxo: CahootsUtxo{utxo=14cf9c6be92efcfe628aabd32b02c85e763615ddd430861bc18f6d366e4c4fd5:1, value=10000, address=tb1qkymumss6zj0rxy9l3v5vqxqwwffy8jjsyhrkrg, path=null, xpub=tpubDDLBK9gJk4HdPCDzF4Yhxx3u6q1QWo7iZAPVHfsFjLp9rUxXf79FPEK4cKMiV1jrJqrCCVJnciMh1kau2xZtjpZ5DoiaK3RbF6MffFWXMfN}
12:10:05.626 [main] DEBUG com.samourai.wallet.cahoots.stowaway.StowawayService - BIP84 post selected utxo: CahootsUtxo{utxo=14cf9c6be92efcfe628aabd32b02c85e763615ddd430861bc18f6d366e4c4fd5:1, value=10000, address=tb1qkymumss6zj0rxy9l3v5vqxqwwffy8jjsyhrkrg, path=null, xpub=tpubDDLBK9gJk4HdPCDzF4Yhxx3u6q1QWo7iZAPVHfsFjLp9rUxXf79FPEK4cKMiV1jrJqrCCVJnciMh1kau2xZtjpZ5DoiaK3RbF6MffFWXMfN}
12:10:05.626 [main] DEBUG com.samourai.wallet.cahoots.stowaway.StowawayService - fee:216
12:10:05.626 [main] DEBUG com.samourai.wallet.cahoots.stowaway.StowawayService - 1 selected utxos, totalContributedAmount=10000, requiredAmount=1084
12:10:05.626 [main] DEBUG com.samourai.wallet.cahoots.stowaway.StowawayService - +output (sender change) = tb1qsktrk7075w9cfn5p3e0jnfdpzk75eq3f5qced4
12:10:05.626 [main] DEBUG com.samourai.wallet.cahoots.AbstractCahoots2xService - ###### END doStowaway2 STOWAWAY/SENDER
12:10:05.626 [main] DEBUG com.samourai.wallet.cahoots.AbstractCahoots2xService -  * outpoints={14cf9c6be92efcfe628aabd32b02c85e763615ddd430861bc18f6d366e4c4fd5-1=10000, 9407b31fd0159dc4dd3f5377e3b18e4b4aafef2977a52e76b95c3f899cbb05ad-1=10000}
12:10:05.626 [main] DEBUG com.samourai.wallet.cahoots.AbstractCahoots2xService -  * tx=  ebf6af7149d757ca3f8c0f16623298f2b759c1c93faee2949822792f54fe7b4c
  version 2
  opts into full replace-by-fee
     in   
          outpoint:9407b31fd0159dc4dd3f5377e3b18e4b4aafef2977a52e76b95c3f899cbb05ad:1
          sequence:fffffffd, opts into full RBF
     in    0.0001 BTC
          outpoint:14cf9c6be92efcfe628aabd32b02c85e763615ddd430861bc18f6d366e4c4fd5:1
          sequence:fffffffd, opts into full RBF
     out  0[] PUSHDATA(20)[28a90fa3f4f285fc689f389115326dbf96917d62] 0.00010322 BTC
     out  0[] PUSHDATA(20)[85963b79fea38b84ce818e5f29a5a115bd4c8229] 0.00009462 BTC
     prps UNKNOWN

12:10:05.626 [main] DEBUG com.samourai.wallet.cahoots.multi.MultiCahootsService - ###### END doMultiCahoots4 MULTI/SENDER
12:10:05.626 [main] DEBUG com.samourai.wallet.cahoots.multi.MultiCahootsService - # MultiCahoots SENDER => step=4
12:10:05.627 [main] DEBUG com.samourai.wallet.cahoots.AbstractCahootsTest - #4 SENDER => {"cahoots":{"step":4,"type":2,"params":"testnet","version":2},"stonewallx2":{"cahoots":{"fingerprint_collab":"f0d70870","psbt":"abZy8000000rof0s=aHV2!T5At-W]>%0a[OHLxmlCz3Ilqld<5bACcf>g>3PQv%uk6pV:%<0<KiLWTibNA/vSab-4qCZIIpmDdo8i/VrlFXiSm(h8<9<#X9]wF#VE(jVUp(4ocw4)]4Qw+sXlgjbhR1J(&GpZdg7)SYrb-q7]o))g=Wf1N]+&QW3R7hZyGp<$DOx4=gyY)<99c5yKNGsFV.F=d7F4iU!3J8I8@]$GtloClX<?nsLP:%imYxm[PLNj8oY[OZn+?jB&@i&9SFZZX@HvUZz5D6YpUmqT#etvH)n9BVdp[X22Mz^^N@1moq8}VZlGg6NN=u!2@XBBgOJsdBxui]4/Z}S7E^R{84z>3R%-eToQ=9+^Z*Zkl#o^4XsB=t9DRe>[Ut:CCWQTm7=nqA[O?EewnYqDE!Hs@kKne-vA8^A%7>vd7)1i)vlEz<@r[!mz7bxG.Cgl$pkwTFm(&w*GV9PLeTbb$I!74i@@Ry.z!+J7.^oZo%vP/U$s^iJW6Su?kMkxuMsC+AocNfrP>jI@Lp0yJbbF{=(BR<h7iV0=(A<VYCm?00","destPaynym":"","cpty_account":0,"spend_amount":5000,"outpoints":[{"value":9000,"outpoint":"b4b65c3246da72537c93591919f8479f7a2b232f4dafec55b9e01d34e47fde26-1"},{"value":8000,"outpoint":"7a1a2c7732f7a4e4dcb077286b61b36be99baf97168fd93ef862283c77acb03e-1"}],"type":0,"params":"testnet","dest":"tb1pqqqqp399et2xygdj5xreqhjjvcmzhxw4aywxecjdzew6hylgvsesf3hn0c","version":2,"fee_amount":294,"fingerprint":"eed8a1cd","step":4,"collabChange":"tb1qgzzjhah2q3pqfwpx5xpdrd649qmyl59a6m6cp4","id":"335858dad9a4cc449ecc875bd9dbc849b8ae701721cb311ecb1f6f432d402231","account":0,"ts":1711645805}},"stowaway":{"cahoots":{"fingerprint_collab":"f0d70870","psbt":"abZy8000000rl[@+s}$42NaBw}bm+O^0(w8DEb5c&w*A.fJ6::G-.>)2&x2Fnl5[9tdCxBi4nCRV:(Phk6qR7GLm$Jm&#C8tlC-t*52xdZI8P/T3-]OD^scxG64I6SJ19:k=*?lpSn)ri1#e5Xo[i70T+Wtfoi+R]BfxF<WCJH(APz&?vsqLHq{GE3Ys(lB{U1J/H+TOZt)m779+bjQNFwh-/G&{4$TMwmGAF?","cpty_account":0,"spend_amount":322,"outpoints":[{"value":10000,"outpoint":"14cf9c6be92efcfe628aabd32b02c85e763615ddd430861bc18f6d366e4c4fd5-1"},{"value":10000,"outpoint":"9407b31fd0159dc4dd3f5377e3b18e4b4aafef2977a52e76b95c3f899cbb05ad-1"}],"type":1,"params":"testnet","dest":"tb1q9z5slgl572zlc6yl8zg32vndh7tfzltzz3pw8w","version":2,"fee_amount":216,"fingerprint":"eed8a1cd","step":2,"id":"90f00b5d0c8fad0c1709cae13c3261b718db48ac18ab092353ad8137cbfd1714","account":0,"ts":1711645805}}}
12:10:05.628 [main] DEBUG com.samourai.wallet.cahoots.multi.MultiCahootsService - # MultiCahoots COUNTERPARTY <= step=4
12:10:05.628 [main] DEBUG com.samourai.wallet.cahoots.multi.MultiCahootsService - ###### BEGIN doMultiCahoots5 MULTI/COUNTERPARTY
12:10:05.628 [main] DEBUG com.samourai.wallet.cahoots.AbstractCahoots2xService - ###### BEGIN doStep3 STOWAWAY/COUNTERPARTY
12:10:05.628 [main] DEBUG com.samourai.wallet.cahoots.AbstractCahoots2xService -  * outpoints={14cf9c6be92efcfe628aabd32b02c85e763615ddd430861bc18f6d366e4c4fd5-1=10000, 9407b31fd0159dc4dd3f5377e3b18e4b4aafef2977a52e76b95c3f899cbb05ad-1=10000}
12:10:05.628 [main] DEBUG com.samourai.wallet.cahoots.AbstractCahoots2xService -  * tx=  ebf6af7149d757ca3f8c0f16623298f2b759c1c93faee2949822792f54fe7b4c
  version 2
  opts into full replace-by-fee
     in   
          outpoint:9407b31fd0159dc4dd3f5377e3b18e4b4aafef2977a52e76b95c3f899cbb05ad:1
          sequence:fffffffd, opts into full RBF
     in   
          outpoint:14cf9c6be92efcfe628aabd32b02c85e763615ddd430861bc18f6d366e4c4fd5:1
          sequence:fffffffd, opts into full RBF
     out  0[] PUSHDATA(20)[28a90fa3f4f285fc689f389115326dbf96917d62] 0.00010322 BTC
     out  0[] PUSHDATA(20)[85963b79fea38b84ce818e5f29a5a115bd4c8229] 0.00009462 BTC
     prps UNKNOWN

12:10:05.628 [main] DEBUG com.samourai.wallet.cahoots.Cahoots2x - signTx:  eca280df99738bf99623cc9065c29500ac3374bf9a55c660ec2daf322ca21af3
  version 2
  opts into full replace-by-fee
     in   
          outpoint:14cf9c6be92efcfe628aabd32b02c85e763615ddd430861bc18f6d366e4c4fd5:1
          sequence:fffffffd, opts into full RBF
     in   
          outpoint:9407b31fd0159dc4dd3f5377e3b18e4b4aafef2977a52e76b95c3f899cbb05ad:1
          sequence:fffffffd, opts into full RBF
     out  0[] PUSHDATA(20)[85963b79fea38b84ce818e5f29a5a115bd4c8229] 0.00009462 BTC
     out  0[] PUSHDATA(20)[28a90fa3f4f285fc689f389115326dbf96917d62] 0.00010322 BTC
     prps UNKNOWN

12:10:05.628 [main] DEBUG com.samourai.wallet.cahoots.Cahoots2x - signTx outpoint:9407b31fd0159dc4dd3f5377e3b18e4b4aafef2977a52e76b95c3f899cbb05ad:1
12:10:05.628 [main] DEBUG com.samourai.wallet.cahoots.Cahoots2x - signTx bech32:tb1qyvqh86akdkhnh8fh7j0q7n8j78k0wruz5et8tj
12:10:05.628 [main] DEBUG com.samourai.wallet.cahoots.Cahoots2x - signTx value:10000
12:10:05.628 [main] DEBUG com.samourai.wallet.cahoots.AbstractCahootsService - [STOWAWAY/COUNTERPARTY] computeSpendAmount: keyBag=[9407b31fd0159dc4dd3f5377e3b18e4b4aafef2977a52e76b95c3f899cbb05ad:1]
12:10:05.628 [main] DEBUG com.samourai.wallet.cahoots.AbstractCahootsService - [STOWAWAY/COUNTERPARTY] computeSpendAmount: +input 10000 9407b31fd0159dc4dd3f5377e3b18e4b4aafef2977a52e76b95c3f899cbb05ad:1
12:10:05.628 [main] DEBUG com.samourai.wallet.cahoots.AbstractCahootsService - [STOWAWAY/COUNTERPARTY] computeSpendAmount: -output 10322 tb1q9z5slgl572zlc6yl8zg32vndh7tfzltzz3pw8w
12:10:05.628 [main] DEBUG com.samourai.wallet.cahoots.AbstractCahootsService - [STOWAWAY/COUNTERPARTY] computeSpendAmount = -322
12:10:05.628 [main] DEBUG com.samourai.wallet.cahoots.stowaway.StowawayService - [STOWAWAY/COUNTERPARTY] maxSpendAmount = 0 (receives money)
12:10:05.628 [main] DEBUG com.samourai.wallet.cahoots.AbstractCahoots2xService - [STOWAWAY/COUNTERPARTY] COUNTERPARTY verifiedSpendAmount=-322, maxSpendAmount=0
12:10:05.628 [main] DEBUG com.samourai.wallet.cahoots.AbstractCahoots2xService - ###### END doStep3 STOWAWAY/COUNTERPARTY
12:10:05.628 [main] DEBUG com.samourai.wallet.cahoots.AbstractCahoots2xService -  * outpoints={14cf9c6be92efcfe628aabd32b02c85e763615ddd430861bc18f6d366e4c4fd5-1=10000, 9407b31fd0159dc4dd3f5377e3b18e4b4aafef2977a52e76b95c3f899cbb05ad-1=10000}
12:10:05.628 [main] DEBUG com.samourai.wallet.cahoots.AbstractCahoots2xService -  * tx=  eca280df99738bf99623cc9065c29500ac3374bf9a55c660ec2daf322ca21af3
  version 2
  opts into full replace-by-fee
     in   
          outpoint:14cf9c6be92efcfe628aabd32b02c85e763615ddd430861bc18f6d366e4c4fd5:1
          sequence:fffffffd, opts into full RBF
     in   
          outpoint:9407b31fd0159dc4dd3f5377e3b18e4b4aafef2977a52e76b95c3f899cbb05ad:1
          sequence:fffffffd, opts into full RBF
     out  0[] PUSHDATA(20)[85963b79fea38b84ce818e5f29a5a115bd4c8229] 0.00009462 BTC
     out  0[] PUSHDATA(20)[28a90fa3f4f285fc689f389115326dbf96917d62] 0.00010322 BTC
     prps UNKNOWN

12:10:05.628 [main] DEBUG com.samourai.wallet.cahoots.multi.MultiCahootsService - ###### END doMultiCahoots5 MULTI/COUNTERPARTY
12:10:05.628 [main] DEBUG com.samourai.wallet.cahoots.multi.MultiCahootsService - # MultiCahoots COUNTERPARTY => step=5
12:10:05.628 [main] DEBUG com.samourai.wallet.cahoots.AbstractCahootsTest - #5 COUNTERPARTY => {"cahoots":{"step":5,"type":2,"params":"testnet","version":2},"stonewallx2":{"cahoots":{"fingerprint_collab":"f0d70870","psbt":"abZy8000000rof0s=aHV2!T5At-W]>%0a[OHLxmlCz3Ilqld<5bACcf>g>3PQv%uk6pV:%<0<KiLWTibNA/vSab-4qCZIIpmDdo8i/VrlFXiSm(h8<9<#X9]wF#VE(jVUp(4ocw4)]4Qw+sXlgjbhR1J(&GpZdg7)SYrb-q7]o))g=Wf1N]+&QW3R7hZyGp<$DOx4=gyY)<99c5yKNGsFV.F=d7F4iU!3J8I8@]$GtloClX<?nsLP:%imYxm[PLNj8oY[OZn+?jB&@i&9SFZZX@HvUZz5D6YpUmqT#etvH)n9BVdp[X22Mz^^N@1moq8}VZlGg6NN=u!2@XBBgOJsdBxui]4/Z}S7E^R{84z>3R%-eToQ=9+^Z*Zkl#o^4XsB=t9DRe>[Ut:CCWQTm7=nqA[O?EewnYqDE!Hs@kKne-vA8^A%7>vd7)1i)vlEz<@r[!mz7bxG.Cgl$pkwTFm(&w*GV9PLeTbb$I!74i@@Ry.z!+J7.^oZo%vP/U$s^iJW6Su?kMkxuMsC+AocNfrP>jI@Lp0yJbbF{=(BR<h7iV0=(A<VYCm?00","destPaynym":"","cpty_account":0,"spend_amount":5000,"outpoints":[{"value":9000,"outpoint":"b4b65c3246da72537c93591919f8479f7a2b232f4dafec55b9e01d34e47fde26-1"},{"value":8000,"outpoint":"7a1a2c7732f7a4e4dcb077286b61b36be99baf97168fd93ef862283c77acb03e-1"}],"type":0,"params":"testnet","dest":"tb1pqqqqp399et2xygdj5xreqhjjvcmzhxw4aywxecjdzew6hylgvsesf3hn0c","version":2,"fee_amount":294,"fingerprint":"eed8a1cd","step":0,"collabChange":"tb1qgzzjhah2q3pqfwpx5xpdrd649qmyl59a6m6cp4","id":"335858dad9a4cc449ecc875bd9dbc849b8ae701721cb311ecb1f6f432d402231","account":0,"ts":1711645805}},"stowaway":{"cahoots":{"fingerprint_collab":"f0d70870","psbt":"abZy8000000rl[lI?@-l2YdSTX11qy@$r[(:8Iu@0${mgxVp(adh{KF0HJ@C6x7P5fx7(/o@^sD=pI8?&&jl0RQA=>f]G@CrH/Uo?jU.P=eB-Ka56{rzH{>Hj.S[/M%%zS.%1UGM^X2(LBh$R!-kp*1.T1l&UL50qdPCjm(P6DL*T4qLbE[!kI!djsme8i-M]b-5D9%}@ryGx&x-/Q(m}w8jvlfu=]t85AspC9NazNtvybvK:z1dRfr%(#0Sqd3IX>y3q9sobd?tEUoHgWR?X]2Rk7WaGEsBjPrQvktRLbP*2gUYt4r^0.-3f+7>a=N>.RK0dSjV8P3IAYVnH=[I&9{%T<Z@e=tdPEzu8vs{3Ec#y@}#][0XryV8ZUQ^00","cpty_account":0,"spend_amount":322,"outpoints":[{"value":10000,"outpoint":"14cf9c6be92efcfe628aabd32b02c85e763615ddd430861bc18f6d366e4c4fd5-1"},{"value":10000,"outpoint":"9407b31fd0159dc4dd3f5377e3b18e4b4aafef2977a52e76b95c3f899cbb05ad-1"}],"type":1,"params":"testnet","dest":"tb1q9z5slgl572zlc6yl8zg32vndh7tfzltzz3pw8w","version":2,"fee_amount":216,"fingerprint":"eed8a1cd","step":3,"id":"90f00b5d0c8fad0c1709cae13c3261b718db48ac18ab092353ad8137cbfd1714","account":0,"ts":1711645805}}}
12:10:05.629 [main] DEBUG com.samourai.wallet.cahoots.multi.MultiCahootsService - # MultiCahoots SENDER <= step=5
12:10:05.629 [main] DEBUG com.samourai.wallet.cahoots.multi.MultiCahootsService - ###### BEGIN doMultiCahoots6 MULTI/SENDER
12:10:05.629 [main] DEBUG com.samourai.wallet.cahoots.AbstractCahoots2xService - ###### BEGIN doStep4 STOWAWAY/SENDER
12:10:05.629 [main] DEBUG com.samourai.wallet.cahoots.AbstractCahoots2xService -  * outpoints={14cf9c6be92efcfe628aabd32b02c85e763615ddd430861bc18f6d366e4c4fd5-1=10000, 9407b31fd0159dc4dd3f5377e3b18e4b4aafef2977a52e76b95c3f899cbb05ad-1=10000}
12:10:05.629 [main] DEBUG com.samourai.wallet.cahoots.AbstractCahoots2xService -  * tx=  eca280df99738bf99623cc9065c29500ac3374bf9a55c660ec2daf322ca21af3
  version 2
  opts into full replace-by-fee
     in   
          outpoint:14cf9c6be92efcfe628aabd32b02c85e763615ddd430861bc18f6d366e4c4fd5:1
          sequence:fffffffd, opts into full RBF
     in   
          outpoint:9407b31fd0159dc4dd3f5377e3b18e4b4aafef2977a52e76b95c3f899cbb05ad:1
          sequence:fffffffd, opts into full RBF
     out  0[] PUSHDATA(20)[85963b79fea38b84ce818e5f29a5a115bd4c8229] 0.00009462 BTC
     out  0[] PUSHDATA(20)[28a90fa3f4f285fc689f389115326dbf96917d62] 0.00010322 BTC
     prps UNKNOWN

12:10:05.629 [main] DEBUG com.samourai.wallet.cahoots.Cahoots2x - signTx:  eca280df99738bf99623cc9065c29500ac3374bf9a55c660ec2daf322ca21af3
  version 2
  opts into full replace-by-fee
     in   
          outpoint:14cf9c6be92efcfe628aabd32b02c85e763615ddd430861bc18f6d366e4c4fd5:1
          sequence:fffffffd, opts into full RBF
     in   
          outpoint:9407b31fd0159dc4dd3f5377e3b18e4b4aafef2977a52e76b95c3f899cbb05ad:1
          sequence:fffffffd, opts into full RBF
     out  0[] PUSHDATA(20)[85963b79fea38b84ce818e5f29a5a115bd4c8229] 0.00009462 BTC
     out  0[] PUSHDATA(20)[28a90fa3f4f285fc689f389115326dbf96917d62] 0.00010322 BTC
     prps UNKNOWN

12:10:05.629 [main] DEBUG com.samourai.wallet.cahoots.Cahoots2x - signTx outpoint:14cf9c6be92efcfe628aabd32b02c85e763615ddd430861bc18f6d366e4c4fd5:1
12:10:05.629 [main] DEBUG com.samourai.wallet.cahoots.Cahoots2x - signTx bech32:tb1qyvqh86akdkhnh8fh7j0q7n8j78k0wruz5et8tj
12:10:05.629 [main] DEBUG com.samourai.wallet.cahoots.Cahoots2x - signTx value:10000
12:10:05.630 [main] DEBUG com.samourai.wallet.cahoots.AbstractCahootsService - [STOWAWAY/SENDER] computeSpendAmount: keyBag=[14cf9c6be92efcfe628aabd32b02c85e763615ddd430861bc18f6d366e4c4fd5:1]
12:10:05.630 [main] DEBUG com.samourai.wallet.cahoots.AbstractCahootsService - [STOWAWAY/SENDER] computeSpendAmount: +input 10000 14cf9c6be92efcfe628aabd32b02c85e763615ddd430861bc18f6d366e4c4fd5:1
12:10:05.630 [main] DEBUG com.samourai.wallet.cahoots.AbstractCahootsService - [STOWAWAY/SENDER] computeSpendAmount: -output 9462 tb1qsktrk7075w9cfn5p3e0jnfdpzk75eq3f5qced4
12:10:05.630 [main] DEBUG com.samourai.wallet.cahoots.AbstractCahootsService - [STOWAWAY/SENDER] computeSpendAmount = 538
12:10:05.630 [main] DEBUG com.samourai.wallet.cahoots.stowaway.StowawayService - [STOWAWAY/SENDER] maxSpendAmount = 538: amount=322 + minerFee=216
12:10:05.630 [main] DEBUG com.samourai.wallet.cahoots.AbstractCahoots2xService - [STOWAWAY/SENDER] SENDER verifiedSpendAmount=538, maxSpendAmount=538
12:10:05.630 [main] DEBUG com.samourai.wallet.cahoots.AbstractCahootsService - checkFee: feeActual=216, feeExpected=216
12:10:05.630 [main] DEBUG com.samourai.wallet.cahoots.AbstractCahoots2xService - ###### END doStep4 STOWAWAY/SENDER
12:10:05.630 [main] DEBUG com.samourai.wallet.cahoots.AbstractCahoots2xService -  * outpoints={14cf9c6be92efcfe628aabd32b02c85e763615ddd430861bc18f6d366e4c4fd5-1=10000, 9407b31fd0159dc4dd3f5377e3b18e4b4aafef2977a52e76b95c3f899cbb05ad-1=10000}
12:10:05.630 [main] DEBUG com.samourai.wallet.cahoots.AbstractCahoots2xService -  * tx=  eca280df99738bf99623cc9065c29500ac3374bf9a55c660ec2daf322ca21af3
  version 2
  opts into full replace-by-fee
     in   
          outpoint:14cf9c6be92efcfe628aabd32b02c85e763615ddd430861bc18f6d366e4c4fd5:1
          sequence:fffffffd, opts into full RBF
     in   
          outpoint:9407b31fd0159dc4dd3f5377e3b18e4b4aafef2977a52e76b95c3f899cbb05ad:1
          sequence:fffffffd, opts into full RBF
     out  0[] PUSHDATA(20)[85963b79fea38b84ce818e5f29a5a115bd4c8229] 0.00009462 BTC
     out  0[] PUSHDATA(20)[28a90fa3f4f285fc689f389115326dbf96917d62] 0.00010322 BTC
     prps UNKNOWN

12:10:05.630 [main] DEBUG com.samourai.wallet.cahoots.multi.MultiCahootsService - ###### END doMultiCahoots6 MULTI/SENDER
12:10:05.630 [main] DEBUG com.samourai.wallet.cahoots.multi.MultiCahootsService - # MultiCahoots SENDER => step=6
12:10:05.630 [main] DEBUG com.samourai.wallet.cahoots.AbstractCahootsTest - #6 SENDER => {"cahoots":{"step":6,"type":2,"params":"testnet","version":2},"stonewallx2":{"cahoots":{"fingerprint_collab":"f0d70870","psbt":"abZy8000000rof0s=aHV2!T5At-W]>%0a[OHLxmlCz3Ilqld<5bACcf>g>3PQv%uk6pV:%<0<KiLWTibNA/vSab-4qCZIIpmDdo8i/VrlFXiSm(h8<9<#X9]wF#VE(jVUp(4ocw4)]4Qw+sXlgjbhR1J(&GpZdg7)SYrb-q7]o))g=Wf1N]+&QW3R7hZyGp<$DOx4=gyY)<99c5yKNGsFV.F=d7F4iU!3J8I8@]$GtloClX<?nsLP:%imYxm[PLNj8oY[OZn+?jB&@i&9SFZZX@HvUZz5D6YpUmqT#etvH)n9BVdp[X22Mz^^N@1moq8}VZlGg6NN=u!2@XBBgOJsdBxui]4/Z}S7E^R{84z>3R%-eToQ=9+^Z*Zkl#o^4XsB=t9DRe>[Ut:CCWQTm7=nqA[O?EewnYqDE!Hs@kKne-vA8^A%7>vd7)1i)vlEz<@r[!mz7bxG.Cgl$pkwTFm(&w*GV9PLeTbb$I!74i@@Ry.z!+J7.^oZo%vP/U$s^iJW6Su?kMkxuMsC+AocNfrP>jI@Lp0yJbbF{=(BR<h7iV0=(A<VYCm?00","destPaynym":"","cpty_account":0,"spend_amount":5000,"outpoints":[{"value":9000,"outpoint":"b4b65c3246da72537c93591919f8479f7a2b232f4dafec55b9e01d34e47fde26-1"},{"value":8000,"outpoint":"7a1a2c7732f7a4e4dcb077286b61b36be99baf97168fd93ef862283c77acb03e-1"}],"type":0,"params":"testnet","dest":"tb1pqqqqp399et2xygdj5xreqhjjvcmzhxw4aywxecjdzew6hylgvsesf3hn0c","version":2,"fee_amount":294,"fingerprint":"eed8a1cd","step":0,"collabChange":"tb1qgzzjhah2q3pqfwpx5xpdrd649qmyl59a6m6cp4","id":"335858dad9a4cc449ecc875bd9dbc849b8ae701721cb311ecb1f6f432d402231","account":0,"ts":1711645805}},"stowaway":{"cahoots":{"fingerprint_collab":"f0d70870","psbt":"abZy8000000rof:tz:BQ3}dO2{HujHw:K%N^vz%UaO!YZx/B5Zry=Dmy#^tN2R+UUpL9JLZeWU9jVqR[I=:x@e-0vwzU!kJq8K#6v(e9RY{z=B[1t5QE}%wABq?KWg)gvER5Nay)V.Un:DquY{$e(uR#69OW&fjy.sF+ekW#8eHTpioxD0l2YU^O&{xwN=P/^SjWovCVR4Q=8W<+7?93b$8OOKw9K:AehX*x2R*xZu4l3aL(Vo@VPM=m>(YFy5WhV=PTc-uDV)$mRFPZlGgc=+I.73jgY4i$k(rZ>!K^^:sn2ff$OGj0DZ2xK@IADlu{5BiCQrBrKolqbVJG.lnQz44$k.bZ<mi:c<{!Uz!zazjizf>ONXW.2ts@t!o&Ia>)p2%KI)!y*f[cG=X@wKK>l8V3:Jb7ZNGkTb]ST{Ld0k=X@z?N-8NBe9)v4=LR]C+i$->2g<(B%MZqNIzX/^6iKGS#}owN^!s[}#M&#","cpty_account":0,"spend_amount":322,"outpoints":[{"value":10000,"outpoint":"14cf9c6be92efcfe628aabd32b02c85e763615ddd430861bc18f6d366e4c4fd5-1"},{"value":10000,"outpoint":"9407b31fd0159dc4dd3f5377e3b18e4b4aafef2977a52e76b95c3f899cbb05ad-1"}],"type":1,"params":"testnet","dest":"tb1q9z5slgl572zlc6yl8zg32vndh7tfzltzz3pw8w","version":2,"fee_amount":216,"fingerprint":"eed8a1cd","step":4,"id":"90f00b5d0c8fad0c1709cae13c3261b718db48ac18ab092353ad8137cbfd1714","account":0,"ts":1711645805}}}
12:10:05.631 [main] DEBUG com.samourai.wallet.test.AbstractTest -   5e3ed4edd8f99e3b46950b0f8383d82d81afa9b4a530c6f92a79c940677e997f
  version 2
  time locked until block 1234
  opts into full replace-by-fee
     in   
          outpoint:7a1a2c7732f7a4e4dcb077286b61b36be99baf97168fd93ef862283c77acb03e:1
          sequence:fffffffd, opts into full RBF
     in   
          outpoint:b4b65c3246da72537c93591919f8479f7a2b232f4dafec55b9e01d34e47fde26:1
          sequence:fffffffd, opts into full RBF
     out  0[] PUSHDATA(20)[4e4fed51986dbaf322d2b36e690b8638fa0f0204] 0.00002853 BTC
     out  0[] PUSHDATA(20)[40852bf6ea044204b826a182d1b75528364fd0bd] 0.00003853 BTC
     out  0[] PUSHDATA(20)[657b6afdeef6809fdabce7face295632fbd94feb] 0.00005 BTC
     out  1 PUSHDATA(32)[000000c4a5cad46221b2a187905e5266362b99d5e91c6ce24d165dab93e86433] 0.00005 BTC
     prps UNKNOWN

12:10:05.631 [main] DEBUG com.samourai.wallet.test.AbstractTest - outputsActuals: {tb1pqqqqp399et2xygdj5xreqhjjvcmzhxw4aywxecjdzew6hylgvsesf3hn0c=5000, tb1qfe8765vcdka0xgkjkdhxjzux8raq7qsyamffad=2853, tb1qgzzjhah2q3pqfwpx5xpdrd649qmyl59a6m6cp4=3853, tb1qv4ak4l0w76qflk4uulavu22kxtaajnltkzxyq5=5000}
]]></system-out>
  </testcase>
</testsuite>